CRITICAL - 2023-03-03 00:09:02 --> Invalid argument supplied for foreach()
in APPPATH\Models\TipModel.php on line 46.
 1 APPPATH\Models\TipModel.php(46): CodeIgniter\Debug\Exceptions->errorHandler(2, 'Invalid argument supplied for foreach()', 'APPPATH\\Models\\TipModel.php', 46, [...])
 2 APPPATH\Controllers\Tip.php(65): App\Models\TipModel->addTemporaryDetail([...], null)
 3 SYSTEMPATH\CodeIgniter.php(904): App\Controllers\Tip->addTemporaryDetail()
 4 SYSTEMPATH\CodeIgniter.php(457): CodeIgniter\CodeIgniter->runController(Object(App\Controllers\Tip))
 5 SYSTEMPATH\CodeIgniter.php(340): CodeIgniter\CodeIgniter->handleRequest(null, Object(Config\Cache), false)
 6 FCPATH\index.php(67): CodeIgniter\CodeIgniter->run()
 7 SYSTEMPATH\Commands\Server\rewrite.php(43): require_once('FCPATH\\index.php')
CRITICAL - 2023-03-03 01:31:35 --> Invalid argument supplied for foreach()
in APPPATH\Models\TipModel.php on line 46.
 1 APPPATH\Models\TipModel.php(46): CodeIgniter\Debug\Exceptions->errorHandler(2, 'Invalid argument supplied for foreach()', 'APPPATH\\Models\\TipModel.php', 46, [...])
 2 APPPATH\Controllers\Tip.php(65): App\Models\TipModel->addTemporaryDetail([...], null)
 3 SYSTEMPATH\CodeIgniter.php(904): App\Controllers\Tip->addTemporaryDetail()
 4 SYSTEMPATH\CodeIgniter.php(457): CodeIgniter\CodeIgniter->runController(Object(App\Controllers\Tip))
 5 SYSTEMPATH\CodeIgniter.php(340): CodeIgniter\CodeIgniter->handleRequest(null, Object(Config\Cache), false)
 6 FCPATH\index.php(67): CodeIgniter\CodeIgniter->run()
 7 SYSTEMPATH\Commands\Server\rewrite.php(43): require_once('FCPATH\\index.php')
ERROR - 2023-03-03 01:43:54 --> mysqli_sql_exception: Unknown column 'tblmas_detail_tip_tracking.river' in 'where clause' in C:\xampp\htdocs\tracking\system\Database\MySQLi\Connection.php:292
Stack trace:
#0 C:\xampp\htdocs\tracking\system\Database\MySQLi\Connection.php(292): mysqli->query('SELECT tblmas_t...', 0)
#1 C:\xampp\htdocs\tracking\system\Database\BaseConnection.php(693): CodeIgniter\Database\MySQLi\Connection->execute('SELECT tblmas_t...')
#2 C:\xampp\htdocs\tracking\system\Database\BaseConnection.php(620): CodeIgniter\Database\BaseConnection->simpleQuery('SELECT tblmas_t...')
#3 C:\xampp\htdocs\tracking\app\Models\TipModel.php(111): CodeIgniter\Database\BaseConnection->query('SELECT tblmas_t...')
#4 C:\xampp\htdocs\tracking\app\Controllers\Tip.php(142): App\Models\TipModel->getdataperDateTime(NULL)
#5 C:\xampp\htdocs\tracking\system\CodeIgniter.php(904): App\Controllers\Tip->viewListTipbydatetime()
#6 C:\xampp\htdocs\tracking\system\CodeIgniter.php(457): CodeIgniter\CodeIgniter->runController(Object(App\Controllers\Tip))
#7 C:\xampp\htdocs\tracking\system\CodeIgniter.php(340): CodeIgniter\CodeIgniter->handleRequest(NULL, Object(Config\Cache), false)
#8 C:\xampp\htdocs\tracking\public\index.php(67): CodeIgniter\CodeIgniter->run()
#9 C:\xampp\htdocs\tracking\system\Commands\Server\rewrite.php(43): require_once('C:\\xampp\\htdocs...')
#10 {main}
CRITICAL - 2023-03-03 01:43:54 --> Unknown column 'tblmas_detail_tip_tracking.river' in 'where clause'
in SYSTEMPATH\Database\MySQLi\Connection.php on line 292.
 1 SYSTEMPATH\Database\MySQLi\Connection.php(292): mysqli->query('SELECT tblmas_tip_tracking.*, GROUP_CONCAT(tblmas_detail_tip_tracking.doID) AS donoo,COUNT(tbltrn_do1.dono) AS dono, tblmas_customer.customername AS customer 
                    FROM tblmas_tip_tracking
                        JOIN tblmas_detail_tip_tracking ON tblmas_tip_tracking.id = tblmas_detail_tip_tracking.tipID
                            JOIN tbltrn_do1 ON tbltrn_do1.dono = tblmas_detail_tip_tracking.doID
                                JOIN tblmas_customer ON tblmas_customer.idcustomer = tbltrn_do1.idcustomer
                                    WHERE tbltrn_do1.stsdosent = 1 AND tblmas_detail_tip_tracking.river =\'\'
                                        GROUP BY tblmas_tip_tracking.id ASC', 0)
 2 SYSTEMPATH\Database\BaseConnection.php(693): CodeIgniter\Database\MySQLi\Connection->execute('SELECT tblmas_tip_tracking.*, GROUP_CONCAT(tblmas_detail_tip_tracking.doID) AS donoo,COUNT(tbltrn_do1.dono) AS dono, tblmas_customer.customername AS customer 
                    FROM tblmas_tip_tracking
                        JOIN tblmas_detail_tip_tracking ON tblmas_tip_tracking.id = tblmas_detail_tip_tracking.tipID
                            JOIN tbltrn_do1 ON tbltrn_do1.dono = tblmas_detail_tip_tracking.doID
                                JOIN tblmas_customer ON tblmas_customer.idcustomer = tbltrn_do1.idcustomer
                                    WHERE tbltrn_do1.stsdosent = 1 AND tblmas_detail_tip_tracking.river =\'\'
                                        GROUP BY tblmas_tip_tracking.id ASC')
 3 SYSTEMPATH\Database\BaseConnection.php(620): CodeIgniter\Database\BaseConnection->simpleQuery('SELECT tblmas_tip_tracking.*, GROUP_CONCAT(tblmas_detail_tip_tracking.doID) AS donoo,COUNT(tbltrn_do1.dono) AS dono, tblmas_customer.customername AS customer 
                    FROM tblmas_tip_tracking
                        JOIN tblmas_detail_tip_tracking ON tblmas_tip_tracking.id = tblmas_detail_tip_tracking.tipID
                            JOIN tbltrn_do1 ON tbltrn_do1.dono = tblmas_detail_tip_tracking.doID
                                JOIN tblmas_customer ON tblmas_customer.idcustomer = tbltrn_do1.idcustomer
                                    WHERE tbltrn_do1.stsdosent = 1 AND tblmas_detail_tip_tracking.river =\'\'
                                        GROUP BY tblmas_tip_tracking.id ASC')
 4 APPPATH\Models\TipModel.php(111): CodeIgniter\Database\BaseConnection->query('SELECT tblmas_tip_tracking.*, GROUP_CONCAT(tblmas_detail_tip_tracking.doID) AS donoo,COUNT(tbltrn_do1.dono) AS dono, tblmas_customer.customername AS customer 
                    FROM tblmas_tip_tracking
                        JOIN tblmas_detail_tip_tracking ON tblmas_tip_tracking.id = tblmas_detail_tip_tracking.tipID
                            JOIN tbltrn_do1 ON tbltrn_do1.dono = tblmas_detail_tip_tracking.doID
                                JOIN tblmas_customer ON tblmas_customer.idcustomer = tbltrn_do1.idcustomer
                                    WHERE tbltrn_do1.stsdosent = 1 AND tblmas_detail_tip_tracking.river =\'\'
                                        GROUP BY tblmas_tip_tracking.id ASC')
 5 APPPATH\Controllers\Tip.php(142): App\Models\TipModel->getdataperDateTime(null)
 6 SYSTEMPATH\CodeIgniter.php(904): App\Controllers\Tip->viewListTipbydatetime()
 7 SYSTEMPATH\CodeIgniter.php(457): CodeIgniter\CodeIgniter->runController(Object(App\Controllers\Tip))
 8 SYSTEMPATH\CodeIgniter.php(340): CodeIgniter\CodeIgniter->handleRequest(null, Object(Config\Cache), false)
 9 FCPATH\index.php(67): CodeIgniter\CodeIgniter->run()
10 SYSTEMPATH\Commands\Server\rewrite.php(43): require_once('FCPATH\\index.php')
ERROR - 2023-03-03 01:44:04 --> mysqli_sql_exception: Unknown column 'tblmas_detail_tip_tracking.driver' in 'where clause' in C:\xampp\htdocs\tracking\system\Database\MySQLi\Connection.php:292
Stack trace:
#0 C:\xampp\htdocs\tracking\system\Database\MySQLi\Connection.php(292): mysqli->query('SELECT tblmas_t...', 0)
#1 C:\xampp\htdocs\tracking\system\Database\BaseConnection.php(693): CodeIgniter\Database\MySQLi\Connection->execute('SELECT tblmas_t...')
#2 C:\xampp\htdocs\tracking\system\Database\BaseConnection.php(620): CodeIgniter\Database\BaseConnection->simpleQuery('SELECT tblmas_t...')
#3 C:\xampp\htdocs\tracking\app\Models\TipModel.php(111): CodeIgniter\Database\BaseConnection->query('SELECT tblmas_t...')
#4 C:\xampp\htdocs\tracking\app\Controllers\Tip.php(142): App\Models\TipModel->getdataperDateTime(NULL)
#5 C:\xampp\htdocs\tracking\system\CodeIgniter.php(904): App\Controllers\Tip->viewListTipbydatetime()
#6 C:\xampp\htdocs\tracking\system\CodeIgniter.php(457): CodeIgniter\CodeIgniter->runController(Object(App\Controllers\Tip))
#7 C:\xampp\htdocs\tracking\system\CodeIgniter.php(340): CodeIgniter\CodeIgniter->handleRequest(NULL, Object(Config\Cache), false)
#8 C:\xampp\htdocs\tracking\public\index.php(67): CodeIgniter\CodeIgniter->run()
#9 C:\xampp\htdocs\tracking\system\Commands\Server\rewrite.php(43): require_once('C:\\xampp\\htdocs...')
#10 {main}
CRITICAL - 2023-03-03 01:44:04 --> Unknown column 'tblmas_detail_tip_tracking.driver' in 'where clause'
in SYSTEMPATH\Database\MySQLi\Connection.php on line 292.
 1 SYSTEMPATH\Database\MySQLi\Connection.php(292): mysqli->query('SELECT tblmas_tip_tracking.*, GROUP_CONCAT(tblmas_detail_tip_tracking.doID) AS donoo,COUNT(tbltrn_do1.dono) AS dono, tblmas_customer.customername AS customer 
                    FROM tblmas_tip_tracking
                        JOIN tblmas_detail_tip_tracking ON tblmas_tip_tracking.id = tblmas_detail_tip_tracking.tipID
                            JOIN tbltrn_do1 ON tbltrn_do1.dono = tblmas_detail_tip_tracking.doID
                                JOIN tblmas_customer ON tblmas_customer.idcustomer = tbltrn_do1.idcustomer
                                    WHERE tbltrn_do1.stsdosent = 1 AND tblmas_detail_tip_tracking.driver =\'\'
                                        GROUP BY tblmas_tip_tracking.id ASC', 0)
 2 SYSTEMPATH\Database\BaseConnection.php(693): CodeIgniter\Database\MySQLi\Connection->execute('SELECT tblmas_tip_tracking.*, GROUP_CONCAT(tblmas_detail_tip_tracking.doID) AS donoo,COUNT(tbltrn_do1.dono) AS dono, tblmas_customer.customername AS customer 
                    FROM tblmas_tip_tracking
                        JOIN tblmas_detail_tip_tracking ON tblmas_tip_tracking.id = tblmas_detail_tip_tracking.tipID
                            JOIN tbltrn_do1 ON tbltrn_do1.dono = tblmas_detail_tip_tracking.doID
                                JOIN tblmas_customer ON tblmas_customer.idcustomer = tbltrn_do1.idcustomer
                                    WHERE tbltrn_do1.stsdosent = 1 AND tblmas_detail_tip_tracking.driver =\'\'
                                        GROUP BY tblmas_tip_tracking.id ASC')
 3 SYSTEMPATH\Database\BaseConnection.php(620): CodeIgniter\Database\BaseConnection->simpleQuery('SELECT tblmas_tip_tracking.*, GROUP_CONCAT(tblmas_detail_tip_tracking.doID) AS donoo,COUNT(tbltrn_do1.dono) AS dono, tblmas_customer.customername AS customer 
                    FROM tblmas_tip_tracking
                        JOIN tblmas_detail_tip_tracking ON tblmas_tip_tracking.id = tblmas_detail_tip_tracking.tipID
                            JOIN tbltrn_do1 ON tbltrn_do1.dono = tblmas_detail_tip_tracking.doID
                                JOIN tblmas_customer ON tblmas_customer.idcustomer = tbltrn_do1.idcustomer
                                    WHERE tbltrn_do1.stsdosent = 1 AND tblmas_detail_tip_tracking.driver =\'\'
                                        GROUP BY tblmas_tip_tracking.id ASC')
 4 APPPATH\Models\TipModel.php(111): CodeIgniter\Database\BaseConnection->query('SELECT tblmas_tip_tracking.*, GROUP_CONCAT(tblmas_detail_tip_tracking.doID) AS donoo,COUNT(tbltrn_do1.dono) AS dono, tblmas_customer.customername AS customer 
                    FROM tblmas_tip_tracking
                        JOIN tblmas_detail_tip_tracking ON tblmas_tip_tracking.id = tblmas_detail_tip_tracking.tipID
                            JOIN tbltrn_do1 ON tbltrn_do1.dono = tblmas_detail_tip_tracking.doID
                                JOIN tblmas_customer ON tblmas_customer.idcustomer = tbltrn_do1.idcustomer
                                    WHERE tbltrn_do1.stsdosent = 1 AND tblmas_detail_tip_tracking.driver =\'\'
                                        GROUP BY tblmas_tip_tracking.id ASC')
 5 APPPATH\Controllers\Tip.php(142): App\Models\TipModel->getdataperDateTime(null)
 6 SYSTEMPATH\CodeIgniter.php(904): App\Controllers\Tip->viewListTipbydatetime()
 7 SYSTEMPATH\CodeIgniter.php(457): CodeIgniter\CodeIgniter->runController(Object(App\Controllers\Tip))
 8 SYSTEMPATH\CodeIgniter.php(340): CodeIgniter\CodeIgniter->handleRequest(null, Object(Config\Cache), false)
 9 FCPATH\index.php(67): CodeIgniter\CodeIgniter->run()
10 SYSTEMPATH\Commands\Server\rewrite.php(43): require_once('FCPATH\\index.php')
ERROR - 2023-03-03 01:44:05 --> mysqli_sql_exception: Unknown column 'tblmas_detail_tip_tracking.driver' in 'where clause' in C:\xampp\htdocs\tracking\system\Database\MySQLi\Connection.php:292
Stack trace:
#0 C:\xampp\htdocs\tracking\system\Database\MySQLi\Connection.php(292): mysqli->query('SELECT tblmas_t...', 0)
#1 C:\xampp\htdocs\tracking\system\Database\BaseConnection.php(693): CodeIgniter\Database\MySQLi\Connection->execute('SELECT tblmas_t...')
#2 C:\xampp\htdocs\tracking\system\Database\BaseConnection.php(620): CodeIgniter\Database\BaseConnection->simpleQuery('SELECT tblmas_t...')
#3 C:\xampp\htdocs\tracking\app\Models\TipModel.php(111): CodeIgniter\Database\BaseConnection->query('SELECT tblmas_t...')
#4 C:\xampp\htdocs\tracking\app\Controllers\Tip.php(142): App\Models\TipModel->getdataperDateTime(NULL)
#5 C:\xampp\htdocs\tracking\system\CodeIgniter.php(904): App\Controllers\Tip->viewListTipbydatetime()
#6 C:\xampp\htdocs\tracking\system\CodeIgniter.php(457): CodeIgniter\CodeIgniter->runController(Object(App\Controllers\Tip))
#7 C:\xampp\htdocs\tracking\system\CodeIgniter.php(340): CodeIgniter\CodeIgniter->handleRequest(NULL, Object(Config\Cache), false)
#8 C:\xampp\htdocs\tracking\public\index.php(67): CodeIgniter\CodeIgniter->run()
#9 C:\xampp\htdocs\tracking\system\Commands\Server\rewrite.php(43): require_once('C:\\xampp\\htdocs...')
#10 {main}
CRITICAL - 2023-03-03 01:44:05 --> Unknown column 'tblmas_detail_tip_tracking.driver' in 'where clause'
in SYSTEMPATH\Database\MySQLi\Connection.php on line 292.
 1 SYSTEMPATH\Database\MySQLi\Connection.php(292): mysqli->query('SELECT tblmas_tip_tracking.*, GROUP_CONCAT(tblmas_detail_tip_tracking.doID) AS donoo,COUNT(tbltrn_do1.dono) AS dono, tblmas_customer.customername AS customer 
                    FROM tblmas_tip_tracking
                        JOIN tblmas_detail_tip_tracking ON tblmas_tip_tracking.id = tblmas_detail_tip_tracking.tipID
                            JOIN tbltrn_do1 ON tbltrn_do1.dono = tblmas_detail_tip_tracking.doID
                                JOIN tblmas_customer ON tblmas_customer.idcustomer = tbltrn_do1.idcustomer
                                    WHERE tbltrn_do1.stsdosent = 1 AND tblmas_detail_tip_tracking.driver =\'\'
                                        GROUP BY tblmas_tip_tracking.id ASC', 0)
 2 SYSTEMPATH\Database\BaseConnection.php(693): CodeIgniter\Database\MySQLi\Connection->execute('SELECT tblmas_tip_tracking.*, GROUP_CONCAT(tblmas_detail_tip_tracking.doID) AS donoo,COUNT(tbltrn_do1.dono) AS dono, tblmas_customer.customername AS customer 
                    FROM tblmas_tip_tracking
                        JOIN tblmas_detail_tip_tracking ON tblmas_tip_tracking.id = tblmas_detail_tip_tracking.tipID
                            JOIN tbltrn_do1 ON tbltrn_do1.dono = tblmas_detail_tip_tracking.doID
                                JOIN tblmas_customer ON tblmas_customer.idcustomer = tbltrn_do1.idcustomer
                                    WHERE tbltrn_do1.stsdosent = 1 AND tblmas_detail_tip_tracking.driver =\'\'
                                        GROUP BY tblmas_tip_tracking.id ASC')
 3 SYSTEMPATH\Database\BaseConnection.php(620): CodeIgniter\Database\BaseConnection->simpleQuery('SELECT tblmas_tip_tracking.*, GROUP_CONCAT(tblmas_detail_tip_tracking.doID) AS donoo,COUNT(tbltrn_do1.dono) AS dono, tblmas_customer.customername AS customer 
                    FROM tblmas_tip_tracking
                        JOIN tblmas_detail_tip_tracking ON tblmas_tip_tracking.id = tblmas_detail_tip_tracking.tipID
                            JOIN tbltrn_do1 ON tbltrn_do1.dono = tblmas_detail_tip_tracking.doID
                                JOIN tblmas_customer ON tblmas_customer.idcustomer = tbltrn_do1.idcustomer
                                    WHERE tbltrn_do1.stsdosent = 1 AND tblmas_detail_tip_tracking.driver =\'\'
                                        GROUP BY tblmas_tip_tracking.id ASC')
 4 APPPATH\Models\TipModel.php(111): CodeIgniter\Database\BaseConnection->query('SELECT tblmas_tip_tracking.*, GROUP_CONCAT(tblmas_detail_tip_tracking.doID) AS donoo,COUNT(tbltrn_do1.dono) AS dono, tblmas_customer.customername AS customer 
                    FROM tblmas_tip_tracking
                        JOIN tblmas_detail_tip_tracking ON tblmas_tip_tracking.id = tblmas_detail_tip_tracking.tipID
                            JOIN tbltrn_do1 ON tbltrn_do1.dono = tblmas_detail_tip_tracking.doID
                                JOIN tblmas_customer ON tblmas_customer.idcustomer = tbltrn_do1.idcustomer
                                    WHERE tbltrn_do1.stsdosent = 1 AND tblmas_detail_tip_tracking.driver =\'\'
                                        GROUP BY tblmas_tip_tracking.id ASC')
 5 APPPATH\Controllers\Tip.php(142): App\Models\TipModel->getdataperDateTime(null)
 6 SYSTEMPATH\CodeIgniter.php(904): App\Controllers\Tip->viewListTipbydatetime()
 7 SYSTEMPATH\CodeIgniter.php(457): CodeIgniter\CodeIgniter->runController(Object(App\Controllers\Tip))
 8 SYSTEMPATH\CodeIgniter.php(340): CodeIgniter\CodeIgniter->handleRequest(null, Object(Config\Cache), false)
 9 FCPATH\index.php(67): CodeIgniter\CodeIgniter->run()
10 SYSTEMPATH\Commands\Server\rewrite.php(43): require_once('FCPATH\\index.php')
CRITICAL - 2023-03-03 02:11:51 --> Use of undefined constant _ - assumed '_' (this will throw an Error in a future version of PHP)
in APPPATH\Views\Tip_tracking\list_tip_by_date_time.php on line 18.
 1 APPPATH\Views\Tip_tracking\list_tip_by_date_time.php(18): CodeIgniter\Debug\Exceptions->errorHandler(2, 'Use of undefined constant _ - assumed \'_\' (this will throw an Error in a future version of PHP)', 'APPPATH\\Views\\Tip_tracking\\list_tip_by_date_time.php', 18, [...])
 2 SYSTEMPATH\View\View.php(213): include('APPPATH\\Views\\Tip_tracking\\list_tip_by_date_time.php')
 3 SYSTEMPATH\View\View.php(216): CodeIgniter\View\View->CodeIgniter\View\{closure}()
 4 SYSTEMPATH\Common.php(1137): CodeIgniter\View\View->render('Tip_tracking/list_tip_by_date_time', [], true)
 5 APPPATH\Controllers\Tip.php(145): view('Tip_tracking/list_tip_by_date_time', [...])
 6 SYSTEMPATH\CodeIgniter.php(904): App\Controllers\Tip->viewListTipbydatetime()
 7 SYSTEMPATH\CodeIgniter.php(457): CodeIgniter\CodeIgniter->runController(Object(App\Controllers\Tip))
 8 SYSTEMPATH\CodeIgniter.php(340): CodeIgniter\CodeIgniter->handleRequest(null, Object(Config\Cache), false)
 9 FCPATH\index.php(67): CodeIgniter\CodeIgniter->run()
10 SYSTEMPATH\Commands\Server\rewrite.php(43): require_once('FCPATH\\index.php')
CRITICAL - 2023-03-03 02:14:43 --> Use of undefined constant _ - assumed '_' (this will throw an Error in a future version of PHP)
in APPPATH\Views\Tip_tracking\list_tip_by_date_time.php on line 18.
 1 APPPATH\Views\Tip_tracking\list_tip_by_date_time.php(18): CodeIgniter\Debug\Exceptions->errorHandler(2, 'Use of undefined constant _ - assumed \'_\' (this will throw an Error in a future version of PHP)', 'APPPATH\\Views\\Tip_tracking\\list_tip_by_date_time.php', 18, [...])
 2 SYSTEMPATH\View\View.php(213): include('APPPATH\\Views\\Tip_tracking\\list_tip_by_date_time.php')
 3 SYSTEMPATH\View\View.php(216): CodeIgniter\View\View->CodeIgniter\View\{closure}()
 4 SYSTEMPATH\Common.php(1137): CodeIgniter\View\View->render('Tip_tracking/list_tip_by_date_time', [], true)
 5 APPPATH\Controllers\Tip.php(146): view('Tip_tracking/list_tip_by_date_time', [...])
 6 SYSTEMPATH\CodeIgniter.php(904): App\Controllers\Tip->viewListTipbydatetime()
 7 SYSTEMPATH\CodeIgniter.php(457): CodeIgniter\CodeIgniter->runController(Object(App\Controllers\Tip))
 8 SYSTEMPATH\CodeIgniter.php(340): CodeIgniter\CodeIgniter->handleRequest(null, Object(Config\Cache), false)
 9 FCPATH\index.php(67): CodeIgniter\CodeIgniter->run()
10 SYSTEMPATH\Commands\Server\rewrite.php(43): require_once('FCPATH\\index.php')
CRITICAL - 2023-03-03 02:15:18 --> Undefined index: tgl
in APPPATH\Views\Tip_tracking\list_tip_by_date_time.php on line 27.
 1 APPPATH\Views\Tip_tracking\list_tip_by_date_time.php(27): CodeIgniter\Debug\Exceptions->errorHandler(8, 'Undefined index: tgl', 'APPPATH\\Views\\Tip_tracking\\list_tip_by_date_time.php', 27, [...])
 2 SYSTEMPATH\View\View.php(213): include('APPPATH\\Views\\Tip_tracking\\list_tip_by_date_time.php')
 3 SYSTEMPATH\View\View.php(216): CodeIgniter\View\View->CodeIgniter\View\{closure}()
 4 SYSTEMPATH\Common.php(1137): CodeIgniter\View\View->render('Tip_tracking/list_tip_by_date_time', [], true)
 5 APPPATH\Controllers\Tip.php(146): view('Tip_tracking/list_tip_by_date_time', [...])
 6 SYSTEMPATH\CodeIgniter.php(904): App\Controllers\Tip->viewListTipbydatetime()
 7 SYSTEMPATH\CodeIgniter.php(457): CodeIgniter\CodeIgniter->runController(Object(App\Controllers\Tip))
 8 SYSTEMPATH\CodeIgniter.php(340): CodeIgniter\CodeIgniter->handleRequest(null, Object(Config\Cache), false)
 9 FCPATH\index.php(67): CodeIgniter\CodeIgniter->run()
10 SYSTEMPATH\Commands\Server\rewrite.php(43): require_once('FCPATH\\index.php')
CRITICAL - 2023-03-03 02:19:09 --> Undefined index: tgl
in APPPATH\Views\Tip_tracking\list_tip_by_date_time.php on line 27.
 1 APPPATH\Views\Tip_tracking\list_tip_by_date_time.php(27): CodeIgniter\Debug\Exceptions->errorHandler(8, 'Undefined index: tgl', 'APPPATH\\Views\\Tip_tracking\\list_tip_by_date_time.php', 27, [...])
 2 SYSTEMPATH\View\View.php(213): include('APPPATH\\Views\\Tip_tracking\\list_tip_by_date_time.php')
 3 SYSTEMPATH\View\View.php(216): CodeIgniter\View\View->CodeIgniter\View\{closure}()
 4 SYSTEMPATH\Common.php(1137): CodeIgniter\View\View->render('Tip_tracking/list_tip_by_date_time', [], true)
 5 APPPATH\Controllers\Tip.php(146): view('Tip_tracking/list_tip_by_date_time', [...])
 6 SYSTEMPATH\CodeIgniter.php(904): App\Controllers\Tip->viewListTipbydatetime()
 7 SYSTEMPATH\CodeIgniter.php(457): CodeIgniter\CodeIgniter->runController(Object(App\Controllers\Tip))
 8 SYSTEMPATH\CodeIgniter.php(340): CodeIgniter\CodeIgniter->handleRequest(null, Object(Config\Cache), false)
 9 FCPATH\index.php(67): CodeIgniter\CodeIgniter->run()
10 SYSTEMPATH\Commands\Server\rewrite.php(43): require_once('FCPATH\\index.php')
CRITICAL - 2023-03-03 02:25:21 --> Undefined variable: list
in APPPATH\Views\Tip_tracking\list_tip_by_date_time.php on line 28.
 1 APPPATH\Views\Tip_tracking\list_tip_by_date_time.php(28): CodeIgniter\Debug\Exceptions->errorHandler(8, 'Undefined variable: list', 'APPPATH\\Views\\Tip_tracking\\list_tip_by_date_time.php', 28, [...])
 2 SYSTEMPATH\View\View.php(213): include('APPPATH\\Views\\Tip_tracking\\list_tip_by_date_time.php')
 3 SYSTEMPATH\View\View.php(216): CodeIgniter\View\View->CodeIgniter\View\{closure}()
 4 SYSTEMPATH\Common.php(1137): CodeIgniter\View\View->render('Tip_tracking/list_tip_by_date_time', [], true)
 5 APPPATH\Controllers\Tip.php(146): view('Tip_tracking/list_tip_by_date_time', [...])
 6 SYSTEMPATH\CodeIgniter.php(904): App\Controllers\Tip->viewListTipbydatetime()
 7 SYSTEMPATH\CodeIgniter.php(457): CodeIgniter\CodeIgniter->runController(Object(App\Controllers\Tip))
 8 SYSTEMPATH\CodeIgniter.php(340): CodeIgniter\CodeIgniter->handleRequest(null, Object(Config\Cache), false)
 9 FCPATH\index.php(67): CodeIgniter\CodeIgniter->run()
10 SYSTEMPATH\Commands\Server\rewrite.php(43): require_once('FCPATH\\index.php')
CRITICAL - 2023-03-03 02:27:16 --> Undefined variable: tahun
in APPPATH\Models\TipModel.php on line 109.
 1 APPPATH\Models\TipModel.php(109): CodeIgniter\Debug\Exceptions->errorHandler(8, 'Undefined variable: tahun', 'APPPATH\\Models\\TipModel.php', 109, [...])
 2 APPPATH\Controllers\Tip.php(144): App\Models\TipModel->getdataperDateTime(null, '06', '03', '2023')
 3 SYSTEMPATH\CodeIgniter.php(904): App\Controllers\Tip->viewListTipbydatetime()
 4 SYSTEMPATH\CodeIgniter.php(457): CodeIgniter\CodeIgniter->runController(Object(App\Controllers\Tip))
 5 SYSTEMPATH\CodeIgniter.php(340): CodeIgniter\CodeIgniter->handleRequest(null, Object(Config\Cache), false)
 6 FCPATH\index.php(67): CodeIgniter\CodeIgniter->run()
 7 SYSTEMPATH\Commands\Server\rewrite.php(43): require_once('FCPATH\\index.php')
CRITICAL - 2023-03-03 02:27:29 --> Undefined variable: tgl
in APPPATH\Views\Tip_tracking\list_tip_by_date_time.php on line 35.
 1 APPPATH\Views\Tip_tracking\list_tip_by_date_time.php(35): CodeIgniter\Debug\Exceptions->errorHandler(8, 'Undefined variable: tgl', 'APPPATH\\Views\\Tip_tracking\\list_tip_by_date_time.php', 35, [...])
 2 SYSTEMPATH\View\View.php(213): include('APPPATH\\Views\\Tip_tracking\\list_tip_by_date_time.php')
 3 SYSTEMPATH\View\View.php(216): CodeIgniter\View\View->CodeIgniter\View\{closure}()
 4 SYSTEMPATH\Common.php(1137): CodeIgniter\View\View->render('Tip_tracking/list_tip_by_date_time', [], true)
 5 APPPATH\Controllers\Tip.php(146): view('Tip_tracking/list_tip_by_date_time', [...])
 6 SYSTEMPATH\CodeIgniter.php(904): App\Controllers\Tip->viewListTipbydatetime()
 7 SYSTEMPATH\CodeIgniter.php(457): CodeIgniter\CodeIgniter->runController(Object(App\Controllers\Tip))
 8 SYSTEMPATH\CodeIgniter.php(340): CodeIgniter\CodeIgniter->handleRequest(null, Object(Config\Cache), false)
 9 FCPATH\index.php(67): CodeIgniter\CodeIgniter->run()
10 SYSTEMPATH\Commands\Server\rewrite.php(43): require_once('FCPATH\\index.php')
CRITICAL - 2023-03-03 02:28:00 --> Undefined variable: tgl
in APPPATH\Views\Tip_tracking\list_tip_by_date_time.php on line 35.
 1 APPPATH\Views\Tip_tracking\list_tip_by_date_time.php(35): CodeIgniter\Debug\Exceptions->errorHandler(8, 'Undefined variable: tgl', 'APPPATH\\Views\\Tip_tracking\\list_tip_by_date_time.php', 35, [...])
 2 SYSTEMPATH\View\View.php(213): include('APPPATH\\Views\\Tip_tracking\\list_tip_by_date_time.php')
 3 SYSTEMPATH\View\View.php(216): CodeIgniter\View\View->CodeIgniter\View\{closure}()
 4 SYSTEMPATH\Common.php(1137): CodeIgniter\View\View->render('Tip_tracking/list_tip_by_date_time', [], true)
 5 APPPATH\Controllers\Tip.php(146): view('Tip_tracking/list_tip_by_date_time', [...])
 6 SYSTEMPATH\CodeIgniter.php(904): App\Controllers\Tip->viewListTipbydatetime()
 7 SYSTEMPATH\CodeIgniter.php(457): CodeIgniter\CodeIgniter->runController(Object(App\Controllers\Tip))
 8 SYSTEMPATH\CodeIgniter.php(340): CodeIgniter\CodeIgniter->handleRequest(null, Object(Config\Cache), false)
 9 FCPATH\index.php(67): CodeIgniter\CodeIgniter->run()
10 SYSTEMPATH\Commands\Server\rewrite.php(43): require_once('FCPATH\\index.php')
CRITICAL - 2023-03-03 02:28:11 --> Undefined variable: tgl
in APPPATH\Views\Tip_tracking\list_tip_by_date_time.php on line 35.
 1 APPPATH\Views\Tip_tracking\list_tip_by_date_time.php(35): CodeIgniter\Debug\Exceptions->errorHandler(8, 'Undefined variable: tgl', 'APPPATH\\Views\\Tip_tracking\\list_tip_by_date_time.php', 35, [...])
 2 SYSTEMPATH\View\View.php(213): include('APPPATH\\Views\\Tip_tracking\\list_tip_by_date_time.php')
 3 SYSTEMPATH\View\View.php(216): CodeIgniter\View\View->CodeIgniter\View\{closure}()
 4 SYSTEMPATH\Common.php(1137): CodeIgniter\View\View->render('Tip_tracking/list_tip_by_date_time', [], true)
 5 APPPATH\Controllers\Tip.php(146): view('Tip_tracking/list_tip_by_date_time', [...])
 6 SYSTEMPATH\CodeIgniter.php(904): App\Controllers\Tip->viewListTipbydatetime()
 7 SYSTEMPATH\CodeIgniter.php(457): CodeIgniter\CodeIgniter->runController(Object(App\Controllers\Tip))
 8 SYSTEMPATH\CodeIgniter.php(340): CodeIgniter\CodeIgniter->handleRequest(null, Object(Config\Cache), false)
 9 FCPATH\index.php(67): CodeIgniter\CodeIgniter->run()
10 SYSTEMPATH\Commands\Server\rewrite.php(43): require_once('FCPATH\\index.php')
CRITICAL - 2023-03-03 02:31:40 --> Undefined variable: tgl
in APPPATH\Views\Tip_tracking\list_tip_by_date_time.php on line 35.
 1 APPPATH\Views\Tip_tracking\list_tip_by_date_time.php(35): CodeIgniter\Debug\Exceptions->errorHandler(8, 'Undefined variable: tgl', 'APPPATH\\Views\\Tip_tracking\\list_tip_by_date_time.php', 35, [...])
 2 SYSTEMPATH\View\View.php(213): include('APPPATH\\Views\\Tip_tracking\\list_tip_by_date_time.php')
 3 SYSTEMPATH\View\View.php(216): CodeIgniter\View\View->CodeIgniter\View\{closure}()
 4 SYSTEMPATH\Common.php(1137): CodeIgniter\View\View->render('Tip_tracking/list_tip_by_date_time', [], true)
 5 APPPATH\Controllers\Tip.php(146): view('Tip_tracking/list_tip_by_date_time', [...])
 6 SYSTEMPATH\CodeIgniter.php(904): App\Controllers\Tip->viewListTipbydatetime()
 7 SYSTEMPATH\CodeIgniter.php(457): CodeIgniter\CodeIgniter->runController(Object(App\Controllers\Tip))
 8 SYSTEMPATH\CodeIgniter.php(340): CodeIgniter\CodeIgniter->handleRequest(null, Object(Config\Cache), false)
 9 FCPATH\index.php(67): CodeIgniter\CodeIgniter->run()
10 SYSTEMPATH\Commands\Server\rewrite.php(43): require_once('FCPATH\\index.php')
CRITICAL - 2023-03-03 02:32:37 --> Undefined index: time_out
in APPPATH\Views\Tip_tracking\list_tip_by_date_time.php on line 35.
 1 APPPATH\Views\Tip_tracking\list_tip_by_date_time.php(35): CodeIgniter\Debug\Exceptions->errorHandler(8, 'Undefined index: time_out', 'APPPATH\\Views\\Tip_tracking\\list_tip_by_date_time.php', 35, [...])
 2 SYSTEMPATH\View\View.php(213): include('APPPATH\\Views\\Tip_tracking\\list_tip_by_date_time.php')
 3 SYSTEMPATH\View\View.php(216): CodeIgniter\View\View->CodeIgniter\View\{closure}()
 4 SYSTEMPATH\Common.php(1137): CodeIgniter\View\View->render('Tip_tracking/list_tip_by_date_time', [], true)
 5 APPPATH\Controllers\Tip.php(146): view('Tip_tracking/list_tip_by_date_time', [...])
 6 SYSTEMPATH\CodeIgniter.php(904): App\Controllers\Tip->viewListTipbydatetime()
 7 SYSTEMPATH\CodeIgniter.php(457): CodeIgniter\CodeIgniter->runController(Object(App\Controllers\Tip))
 8 SYSTEMPATH\CodeIgniter.php(340): CodeIgniter\CodeIgniter->handleRequest(null, Object(Config\Cache), false)
 9 FCPATH\index.php(67): CodeIgniter\CodeIgniter->run()
10 SYSTEMPATH\Commands\Server\rewrite.php(43): require_once('FCPATH\\index.php')
CRITICAL - 2023-03-03 02:33:08 --> Undefined variable: bulan
in APPPATH\Views\Tip_tracking\list_tip_by_date_time.php on line 36.
 1 APPPATH\Views\Tip_tracking\list_tip_by_date_time.php(36): CodeIgniter\Debug\Exceptions->errorHandler(8, 'Undefined variable: bulan', 'APPPATH\\Views\\Tip_tracking\\list_tip_by_date_time.php', 36, [...])
 2 SYSTEMPATH\View\View.php(213): include('APPPATH\\Views\\Tip_tracking\\list_tip_by_date_time.php')
 3 SYSTEMPATH\View\View.php(216): CodeIgniter\View\View->CodeIgniter\View\{closure}()
 4 SYSTEMPATH\Common.php(1137): CodeIgniter\View\View->render('Tip_tracking/list_tip_by_date_time', [], true)
 5 APPPATH\Controllers\Tip.php(146): view('Tip_tracking/list_tip_by_date_time', [...])
 6 SYSTEMPATH\CodeIgniter.php(904): App\Controllers\Tip->viewListTipbydatetime()
 7 SYSTEMPATH\CodeIgniter.php(457): CodeIgniter\CodeIgniter->runController(Object(App\Controllers\Tip))
 8 SYSTEMPATH\CodeIgniter.php(340): CodeIgniter\CodeIgniter->handleRequest(null, Object(Config\Cache), false)
 9 FCPATH\index.php(67): CodeIgniter\CodeIgniter->run()
10 SYSTEMPATH\Commands\Server\rewrite.php(43): require_once('FCPATH\\index.php')
CRITICAL - 2023-03-03 02:33:55 --> Undefined index: tgl
in APPPATH\Views\Tip_tracking\list_tip_by_date_time.php on line 35.
 1 APPPATH\Views\Tip_tracking\list_tip_by_date_time.php(35): CodeIgniter\Debug\Exceptions->errorHandler(8, 'Undefined index: tgl', 'APPPATH\\Views\\Tip_tracking\\list_tip_by_date_time.php', 35, [...])
 2 SYSTEMPATH\View\View.php(213): include('APPPATH\\Views\\Tip_tracking\\list_tip_by_date_time.php')
 3 SYSTEMPATH\View\View.php(216): CodeIgniter\View\View->CodeIgniter\View\{closure}()
 4 SYSTEMPATH\Common.php(1137): CodeIgniter\View\View->render('Tip_tracking/list_tip_by_date_time', [], true)
 5 APPPATH\Controllers\Tip.php(146): view('Tip_tracking/list_tip_by_date_time', [...])
 6 SYSTEMPATH\CodeIgniter.php(904): App\Controllers\Tip->viewListTipbydatetime()
 7 SYSTEMPATH\CodeIgniter.php(457): CodeIgniter\CodeIgniter->runController(Object(App\Controllers\Tip))
 8 SYSTEMPATH\CodeIgniter.php(340): CodeIgniter\CodeIgniter->handleRequest(null, Object(Config\Cache), false)
 9 FCPATH\index.php(67): CodeIgniter\CodeIgniter->run()
10 SYSTEMPATH\Commands\Server\rewrite.php(43): require_once('FCPATH\\index.php')
CRITICAL - 2023-03-03 02:36:44 --> Undefined variable: tgl
in APPPATH\Views\Tip_tracking\list_tip_by_date_time.php on line 35.
 1 APPPATH\Views\Tip_tracking\list_tip_by_date_time.php(35): CodeIgniter\Debug\Exceptions->errorHandler(8, 'Undefined variable: tgl', 'APPPATH\\Views\\Tip_tracking\\list_tip_by_date_time.php', 35, [...])
 2 SYSTEMPATH\View\View.php(213): include('APPPATH\\Views\\Tip_tracking\\list_tip_by_date_time.php')
 3 SYSTEMPATH\View\View.php(216): CodeIgniter\View\View->CodeIgniter\View\{closure}()
 4 SYSTEMPATH\Common.php(1137): CodeIgniter\View\View->render('Tip_tracking/list_tip_by_date_time', [], true)
 5 APPPATH\Controllers\Tip.php(146): view('Tip_tracking/list_tip_by_date_time', [...])
 6 SYSTEMPATH\CodeIgniter.php(904): App\Controllers\Tip->viewListTipbydatetime()
 7 SYSTEMPATH\CodeIgniter.php(457): CodeIgniter\CodeIgniter->runController(Object(App\Controllers\Tip))
 8 SYSTEMPATH\CodeIgniter.php(340): CodeIgniter\CodeIgniter->handleRequest(null, Object(Config\Cache), false)
 9 FCPATH\index.php(67): CodeIgniter\CodeIgniter->run()
10 SYSTEMPATH\Commands\Server\rewrite.php(43): require_once('FCPATH\\index.php')
CRITICAL - 2023-03-03 02:37:00 --> Undefined variable: tgl
in APPPATH\Views\Tip_tracking\list_tip_by_date.php on line 39.
 1 APPPATH\Views\Tip_tracking\list_tip_by_date.php(39): CodeIgniter\Debug\Exceptions->errorHandler(8, 'Undefined variable: tgl', 'APPPATH\\Views\\Tip_tracking\\list_tip_by_date.php', 39, [...])
 2 SYSTEMPATH\View\View.php(213): include('APPPATH\\Views\\Tip_tracking\\list_tip_by_date.php')
 3 SYSTEMPATH\View\View.php(216): CodeIgniter\View\View->CodeIgniter\View\{closure}()
 4 SYSTEMPATH\Common.php(1137): CodeIgniter\View\View->render('Tip_tracking/list_tip_by_date', [], true)
 5 APPPATH\Controllers\Tip.php(128): view('Tip_tracking/list_tip_by_date', [...])
 6 SYSTEMPATH\CodeIgniter.php(904): App\Controllers\Tip->viewListTipbydate()
 7 SYSTEMPATH\CodeIgniter.php(457): CodeIgniter\CodeIgniter->runController(Object(App\Controllers\Tip))
 8 SYSTEMPATH\CodeIgniter.php(340): CodeIgniter\CodeIgniter->handleRequest(null, Object(Config\Cache), false)
 9 FCPATH\index.php(67): CodeIgniter\CodeIgniter->run()
10 SYSTEMPATH\Commands\Server\rewrite.php(43): require_once('FCPATH\\index.php')
CRITICAL - 2023-03-03 02:39:21 --> Undefined variable: tgl
in APPPATH\Views\Tip_tracking\list_tip_by_date.php on line 43.
 1 APPPATH\Views\Tip_tracking\list_tip_by_date.php(43): CodeIgniter\Debug\Exceptions->errorHandler(8, 'Undefined variable: tgl', 'APPPATH\\Views\\Tip_tracking\\list_tip_by_date.php', 43, [...])
 2 SYSTEMPATH\View\View.php(213): include('APPPATH\\Views\\Tip_tracking\\list_tip_by_date.php')
 3 SYSTEMPATH\View\View.php(216): CodeIgniter\View\View->CodeIgniter\View\{closure}()
 4 SYSTEMPATH\Common.php(1137): CodeIgniter\View\View->render('Tip_tracking/list_tip_by_date', [], true)
 5 APPPATH\Controllers\Tip.php(128): view('Tip_tracking/list_tip_by_date', [...])
 6 SYSTEMPATH\CodeIgniter.php(904): App\Controllers\Tip->viewListTipbydate()
 7 SYSTEMPATH\CodeIgniter.php(457): CodeIgniter\CodeIgniter->runController(Object(App\Controllers\Tip))
 8 SYSTEMPATH\CodeIgniter.php(340): CodeIgniter\CodeIgniter->handleRequest(null, Object(Config\Cache), false)
 9 FCPATH\index.php(67): CodeIgniter\CodeIgniter->run()
10 SYSTEMPATH\Commands\Server\rewrite.php(43): require_once('FCPATH\\index.php')
CRITICAL - 2023-03-03 02:40:46 --> Undefined variable: tgl
in APPPATH\Views\Tip_tracking\list_tip_by_date.php on line 43.
 1 APPPATH\Views\Tip_tracking\list_tip_by_date.php(43): CodeIgniter\Debug\Exceptions->errorHandler(8, 'Undefined variable: tgl', 'APPPATH\\Views\\Tip_tracking\\list_tip_by_date.php', 43, [...])
 2 SYSTEMPATH\View\View.php(213): include('APPPATH\\Views\\Tip_tracking\\list_tip_by_date.php')
 3 SYSTEMPATH\View\View.php(216): CodeIgniter\View\View->CodeIgniter\View\{closure}()
 4 SYSTEMPATH\Common.php(1137): CodeIgniter\View\View->render('Tip_tracking/list_tip_by_date', [], true)
 5 APPPATH\Controllers\Tip.php(128): view('Tip_tracking/list_tip_by_date', [...])
 6 SYSTEMPATH\CodeIgniter.php(904): App\Controllers\Tip->viewListTipbydate()
 7 SYSTEMPATH\CodeIgniter.php(457): CodeIgniter\CodeIgniter->runController(Object(App\Controllers\Tip))
 8 SYSTEMPATH\CodeIgniter.php(340): CodeIgniter\CodeIgniter->handleRequest(null, Object(Config\Cache), false)
 9 FCPATH\index.php(67): CodeIgniter\CodeIgniter->run()
10 SYSTEMPATH\Commands\Server\rewrite.php(43): require_once('FCPATH\\index.php')
CRITICAL - 2023-03-03 02:41:30 --> Undefined variable: tgl
in APPPATH\Views\Tip_tracking\list_tip_by_date.php on line 44.
 1 APPPATH\Views\Tip_tracking\list_tip_by_date.php(44): CodeIgniter\Debug\Exceptions->errorHandler(8, 'Undefined variable: tgl', 'APPPATH\\Views\\Tip_tracking\\list_tip_by_date.php', 44, [...])
 2 SYSTEMPATH\View\View.php(213): include('APPPATH\\Views\\Tip_tracking\\list_tip_by_date.php')
 3 SYSTEMPATH\View\View.php(216): CodeIgniter\View\View->CodeIgniter\View\{closure}()
 4 SYSTEMPATH\Common.php(1137): CodeIgniter\View\View->render('Tip_tracking/list_tip_by_date', [], true)
 5 APPPATH\Controllers\Tip.php(128): view('Tip_tracking/list_tip_by_date', [...])
 6 SYSTEMPATH\CodeIgniter.php(904): App\Controllers\Tip->viewListTipbydate()
 7 SYSTEMPATH\CodeIgniter.php(457): CodeIgniter\CodeIgniter->runController(Object(App\Controllers\Tip))
 8 SYSTEMPATH\CodeIgniter.php(340): CodeIgniter\CodeIgniter->handleRequest(null, Object(Config\Cache), false)
 9 FCPATH\index.php(67): CodeIgniter\CodeIgniter->run()
10 SYSTEMPATH\Commands\Server\rewrite.php(43): require_once('FCPATH\\index.php')
ERROR - 2023-03-03 02:42:05 --> mysqli_sql_exception: You have an error in your SQL syntax; check the manual that corresponds to your MariaDB server version for the right syntax to use near 'AND MONTH(tblmas_tip_tracking.time_out) =  AND YEAR(tblmas_tip_tracking.time_...' at line 6 in C:\xampp\htdocs\tracking\system\Database\MySQLi\Connection.php:292
Stack trace:
#0 C:\xampp\htdocs\tracking\system\Database\MySQLi\Connection.php(292): mysqli->query('SELECT tblmas_t...', 0)
#1 C:\xampp\htdocs\tracking\system\Database\BaseConnection.php(693): CodeIgniter\Database\MySQLi\Connection->execute('SELECT tblmas_t...')
#2 C:\xampp\htdocs\tracking\system\Database\BaseConnection.php(620): CodeIgniter\Database\BaseConnection->simpleQuery('SELECT tblmas_t...')
#3 C:\xampp\htdocs\tracking\app\Models\TipModel.php(111): CodeIgniter\Database\BaseConnection->query('SELECT tblmas_t...')
#4 C:\xampp\htdocs\tracking\app\Controllers\Tip.php(144): App\Models\TipModel->getdataperDateTime(NULL, NULL, NULL, NULL)
#5 C:\xampp\htdocs\tracking\system\CodeIgniter.php(904): App\Controllers\Tip->viewListTipbydatetime()
#6 C:\xampp\htdocs\tracking\system\CodeIgniter.php(457): CodeIgniter\CodeIgniter->runController(Object(App\Controllers\Tip))
#7 C:\xampp\htdocs\tracking\system\CodeIgniter.php(340): CodeIgniter\CodeIgniter->handleRequest(NULL, Object(Config\Cache), false)
#8 C:\xampp\htdocs\tracking\public\index.php(67): CodeIgniter\CodeIgniter->run()
#9 C:\xampp\htdocs\tracking\system\Commands\Server\rewrite.php(43): require_once('C:\\xampp\\htdocs...')
#10 {main}
CRITICAL - 2023-03-03 02:42:05 --> You have an error in your SQL syntax; check the manual that corresponds to your MariaDB server version for the right syntax to use near 'AND MONTH(tblmas_tip_tracking.time_out) =  AND YEAR(tblmas_tip_tracking.time_...' at line 6
in SYSTEMPATH\Database\MySQLi\Connection.php on line 292.
 1 SYSTEMPATH\Database\MySQLi\Connection.php(292): mysqli->query('SELECT tblmas_tip_tracking.*, GROUP_CONCAT(tblmas_detail_tip_tracking.doID) AS donoo,COUNT(tbltrn_do1.dono) AS dono, tblmas_customer.customername AS customer 
                    FROM tblmas_tip_tracking
                        JOIN tblmas_detail_tip_tracking ON tblmas_tip_tracking.id = tblmas_detail_tip_tracking.tipID
                            JOIN tbltrn_do1 ON tbltrn_do1.dono = tblmas_detail_tip_tracking.doID
                                JOIN tblmas_customer ON tblmas_customer.idcustomer = tbltrn_do1.idcustomer
                                    WHERE tbltrn_do1.stsdosent = 1 AND tblmas_tip_tracking.driver =\'\' AND DAY(tblmas_tip_tracking.time_out) =  AND MONTH(tblmas_tip_tracking.time_out) =  AND YEAR(tblmas_tip_tracking.time_out) = 
                                        GROUP BY tblmas_tip_tracking.id ASC', 0)
 2 SYSTEMPATH\Database\BaseConnection.php(693): CodeIgniter\Database\MySQLi\Connection->execute('SELECT tblmas_tip_tracking.*, GROUP_CONCAT(tblmas_detail_tip_tracking.doID) AS donoo,COUNT(tbltrn_do1.dono) AS dono, tblmas_customer.customername AS customer 
                    FROM tblmas_tip_tracking
                        JOIN tblmas_detail_tip_tracking ON tblmas_tip_tracking.id = tblmas_detail_tip_tracking.tipID
                            JOIN tbltrn_do1 ON tbltrn_do1.dono = tblmas_detail_tip_tracking.doID
                                JOIN tblmas_customer ON tblmas_customer.idcustomer = tbltrn_do1.idcustomer
                                    WHERE tbltrn_do1.stsdosent = 1 AND tblmas_tip_tracking.driver =\'\' AND DAY(tblmas_tip_tracking.time_out) =  AND MONTH(tblmas_tip_tracking.time_out) =  AND YEAR(tblmas_tip_tracking.time_out) = 
                                        GROUP BY tblmas_tip_tracking.id ASC')
 3 SYSTEMPATH\Database\BaseConnection.php(620): CodeIgniter\Database\BaseConnection->simpleQuery('SELECT tblmas_tip_tracking.*, GROUP_CONCAT(tblmas_detail_tip_tracking.doID) AS donoo,COUNT(tbltrn_do1.dono) AS dono, tblmas_customer.customername AS customer 
                    FROM tblmas_tip_tracking
                        JOIN tblmas_detail_tip_tracking ON tblmas_tip_tracking.id = tblmas_detail_tip_tracking.tipID
                            JOIN tbltrn_do1 ON tbltrn_do1.dono = tblmas_detail_tip_tracking.doID
                                JOIN tblmas_customer ON tblmas_customer.idcustomer = tbltrn_do1.idcustomer
                                    WHERE tbltrn_do1.stsdosent = 1 AND tblmas_tip_tracking.driver =\'\' AND DAY(tblmas_tip_tracking.time_out) =  AND MONTH(tblmas_tip_tracking.time_out) =  AND YEAR(tblmas_tip_tracking.time_out) = 
                                        GROUP BY tblmas_tip_tracking.id ASC')
 4 APPPATH\Models\TipModel.php(111): CodeIgniter\Database\BaseConnection->query('SELECT tblmas_tip_tracking.*, GROUP_CONCAT(tblmas_detail_tip_tracking.doID) AS donoo,COUNT(tbltrn_do1.dono) AS dono, tblmas_customer.customername AS customer 
                    FROM tblmas_tip_tracking
                        JOIN tblmas_detail_tip_tracking ON tblmas_tip_tracking.id = tblmas_detail_tip_tracking.tipID
                            JOIN tbltrn_do1 ON tbltrn_do1.dono = tblmas_detail_tip_tracking.doID
                                JOIN tblmas_customer ON tblmas_customer.idcustomer = tbltrn_do1.idcustomer
                                    WHERE tbltrn_do1.stsdosent = 1 AND tblmas_tip_tracking.driver =\'\' AND DAY(tblmas_tip_tracking.time_out) =  AND MONTH(tblmas_tip_tracking.time_out) =  AND YEAR(tblmas_tip_tracking.time_out) = 
                                        GROUP BY tblmas_tip_tracking.id ASC')
 5 APPPATH\Controllers\Tip.php(144): App\Models\TipModel->getdataperDateTime(null, null, null, null)
 6 SYSTEMPATH\CodeIgniter.php(904): App\Controllers\Tip->viewListTipbydatetime()
 7 SYSTEMPATH\CodeIgniter.php(457): CodeIgniter\CodeIgniter->runController(Object(App\Controllers\Tip))
 8 SYSTEMPATH\CodeIgniter.php(340): CodeIgniter\CodeIgniter->handleRequest(null, Object(Config\Cache), false)
 9 FCPATH\index.php(67): CodeIgniter\CodeIgniter->run()
10 SYSTEMPATH\Commands\Server\rewrite.php(43): require_once('FCPATH\\index.php')
ERROR - 2023-03-03 02:43:27 --> mysqli_sql_exception: You have an error in your SQL syntax; check the manual that corresponds to your MariaDB server version for the right syntax to use near 'GROUP BY tblmas_tip_tracking.id ASC' at line 7 in C:\xampp\htdocs\tracking\system\Database\MySQLi\Connection.php:292
Stack trace:
#0 C:\xampp\htdocs\tracking\system\Database\MySQLi\Connection.php(292): mysqli->query('SELECT tblmas_t...', 0)
#1 C:\xampp\htdocs\tracking\system\Database\BaseConnection.php(693): CodeIgniter\Database\MySQLi\Connection->execute('SELECT tblmas_t...')
#2 C:\xampp\htdocs\tracking\system\Database\BaseConnection.php(620): CodeIgniter\Database\BaseConnection->simpleQuery('SELECT tblmas_t...')
#3 C:\xampp\htdocs\tracking\app\Models\TipModel.php(111): CodeIgniter\Database\BaseConnection->query('SELECT tblmas_t...')
#4 C:\xampp\htdocs\tracking\app\Controllers\Tip.php(142): App\Models\TipModel->getdataperDateTime('Chandra Sinaga', NULL)
#5 C:\xampp\htdocs\tracking\system\CodeIgniter.php(904): App\Controllers\Tip->viewListTipbydatetime()
#6 C:\xampp\htdocs\tracking\system\CodeIgniter.php(457): CodeIgniter\CodeIgniter->runController(Object(App\Controllers\Tip))
#7 C:\xampp\htdocs\tracking\system\CodeIgniter.php(340): CodeIgniter\CodeIgniter->handleRequest(NULL, Object(Config\Cache), false)
#8 C:\xampp\htdocs\tracking\public\index.php(67): CodeIgniter\CodeIgniter->run()
#9 C:\xampp\htdocs\tracking\system\Commands\Server\rewrite.php(43): require_once('C:\\xampp\\htdocs...')
#10 {main}
CRITICAL - 2023-03-03 02:43:27 --> You have an error in your SQL syntax; check the manual that corresponds to your MariaDB server version for the right syntax to use near 'GROUP BY tblmas_tip_tracking.id ASC' at line 7
in SYSTEMPATH\Database\MySQLi\Connection.php on line 292.
 1 SYSTEMPATH\Database\MySQLi\Connection.php(292): mysqli->query('SELECT tblmas_tip_tracking.*, GROUP_CONCAT(tblmas_detail_tip_tracking.doID) AS donoo,COUNT(tbltrn_do1.dono) AS dono, tblmas_customer.customername AS customer 
                    FROM tblmas_tip_tracking
                        JOIN tblmas_detail_tip_tracking ON tblmas_tip_tracking.id = tblmas_detail_tip_tracking.tipID
                            JOIN tbltrn_do1 ON tbltrn_do1.dono = tblmas_detail_tip_tracking.doID
                                JOIN tblmas_customer ON tblmas_customer.idcustomer = tbltrn_do1.idcustomer
                                    WHERE tbltrn_do1.stsdosent = 1 AND tblmas_tip_tracking.driver =\'Chandra Sinaga\' AND tblmas_tip_tracking.tgl = 
                                        GROUP BY tblmas_tip_tracking.id ASC', 0)
 2 SYSTEMPATH\Database\BaseConnection.php(693): CodeIgniter\Database\MySQLi\Connection->execute('SELECT tblmas_tip_tracking.*, GROUP_CONCAT(tblmas_detail_tip_tracking.doID) AS donoo,COUNT(tbltrn_do1.dono) AS dono, tblmas_customer.customername AS customer 
                    FROM tblmas_tip_tracking
                        JOIN tblmas_detail_tip_tracking ON tblmas_tip_tracking.id = tblmas_detail_tip_tracking.tipID
                            JOIN tbltrn_do1 ON tbltrn_do1.dono = tblmas_detail_tip_tracking.doID
                                JOIN tblmas_customer ON tblmas_customer.idcustomer = tbltrn_do1.idcustomer
                                    WHERE tbltrn_do1.stsdosent = 1 AND tblmas_tip_tracking.driver =\'Chandra Sinaga\' AND tblmas_tip_tracking.tgl = 
                                        GROUP BY tblmas_tip_tracking.id ASC')
 3 SYSTEMPATH\Database\BaseConnection.php(620): CodeIgniter\Database\BaseConnection->simpleQuery('SELECT tblmas_tip_tracking.*, GROUP_CONCAT(tblmas_detail_tip_tracking.doID) AS donoo,COUNT(tbltrn_do1.dono) AS dono, tblmas_customer.customername AS customer 
                    FROM tblmas_tip_tracking
                        JOIN tblmas_detail_tip_tracking ON tblmas_tip_tracking.id = tblmas_detail_tip_tracking.tipID
                            JOIN tbltrn_do1 ON tbltrn_do1.dono = tblmas_detail_tip_tracking.doID
                                JOIN tblmas_customer ON tblmas_customer.idcustomer = tbltrn_do1.idcustomer
                                    WHERE tbltrn_do1.stsdosent = 1 AND tblmas_tip_tracking.driver =\'Chandra Sinaga\' AND tblmas_tip_tracking.tgl = 
                                        GROUP BY tblmas_tip_tracking.id ASC')
 4 APPPATH\Models\TipModel.php(111): CodeIgniter\Database\BaseConnection->query('SELECT tblmas_tip_tracking.*, GROUP_CONCAT(tblmas_detail_tip_tracking.doID) AS donoo,COUNT(tbltrn_do1.dono) AS dono, tblmas_customer.customername AS customer 
                    FROM tblmas_tip_tracking
                        JOIN tblmas_detail_tip_tracking ON tblmas_tip_tracking.id = tblmas_detail_tip_tracking.tipID
                            JOIN tbltrn_do1 ON tbltrn_do1.dono = tblmas_detail_tip_tracking.doID
                                JOIN tblmas_customer ON tblmas_customer.idcustomer = tbltrn_do1.idcustomer
                                    WHERE tbltrn_do1.stsdosent = 1 AND tblmas_tip_tracking.driver =\'Chandra Sinaga\' AND tblmas_tip_tracking.tgl = 
                                        GROUP BY tblmas_tip_tracking.id ASC')
 5 APPPATH\Controllers\Tip.php(142): App\Models\TipModel->getdataperDateTime('Chandra Sinaga', null)
 6 SYSTEMPATH\CodeIgniter.php(904): App\Controllers\Tip->viewListTipbydatetime()
 7 SYSTEMPATH\CodeIgniter.php(457): CodeIgniter\CodeIgniter->runController(Object(App\Controllers\Tip))
 8 SYSTEMPATH\CodeIgniter.php(340): CodeIgniter\CodeIgniter->handleRequest(null, Object(Config\Cache), false)
 9 FCPATH\index.php(67): CodeIgniter\CodeIgniter->run()
10 SYSTEMPATH\Commands\Server\rewrite.php(43): require_once('FCPATH\\index.php')
CRITICAL - 2023-03-03 02:55:39 --> Too few arguments to function App\Controllers\Tip::viewListTipbydatetime(), 0 passed in C:\xampp\htdocs\tracking\system\CodeIgniter.php on line 904 and exactly 1 expected
in APPPATH\Controllers\Tip.php on line 131.
 1 SYSTEMPATH\CodeIgniter.php(904): App\Controllers\Tip->viewListTipbydatetime()
 2 SYSTEMPATH\CodeIgniter.php(457): CodeIgniter\CodeIgniter->runController(Object(App\Controllers\Tip))
 3 SYSTEMPATH\CodeIgniter.php(340): CodeIgniter\CodeIgniter->handleRequest(null, Object(Config\Cache), false)
 4 FCPATH\index.php(67): CodeIgniter\CodeIgniter->run()
 5 SYSTEMPATH\Commands\Server\rewrite.php(43): require_once('FCPATH\\index.php')
CRITICAL - 2023-03-03 02:56:13 --> Too few arguments to function App\Controllers\Tip::viewListTipbydatetime(), 0 passed in C:\xampp\htdocs\tracking\system\CodeIgniter.php on line 904 and exactly 1 expected
in APPPATH\Controllers\Tip.php on line 131.
 1 SYSTEMPATH\CodeIgniter.php(904): App\Controllers\Tip->viewListTipbydatetime()
 2 SYSTEMPATH\CodeIgniter.php(457): CodeIgniter\CodeIgniter->runController(Object(App\Controllers\Tip))
 3 SYSTEMPATH\CodeIgniter.php(340): CodeIgniter\CodeIgniter->handleRequest(null, Object(Config\Cache), false)
 4 FCPATH\index.php(67): CodeIgniter\CodeIgniter->run()
 5 SYSTEMPATH\Commands\Server\rewrite.php(43): require_once('FCPATH\\index.php')
ERROR - 2023-03-03 02:56:23 --> mysqli_sql_exception: You have an error in your SQL syntax; check the manual that corresponds to your MariaDB server version for the right syntax to use near 'GROUP BY tblmas_tip_tracking.id ASC' at line 7 in C:\xampp\htdocs\tracking\system\Database\MySQLi\Connection.php:292
Stack trace:
#0 C:\xampp\htdocs\tracking\system\Database\MySQLi\Connection.php(292): mysqli->query('SELECT tblmas_t...', 0)
#1 C:\xampp\htdocs\tracking\system\Database\BaseConnection.php(693): CodeIgniter\Database\MySQLi\Connection->execute('SELECT tblmas_t...')
#2 C:\xampp\htdocs\tracking\system\Database\BaseConnection.php(620): CodeIgniter\Database\BaseConnection->simpleQuery('SELECT tblmas_t...')
#3 C:\xampp\htdocs\tracking\app\Models\TipModel.php(111): CodeIgniter\Database\BaseConnection->query('SELECT tblmas_t...')
#4 C:\xampp\htdocs\tracking\app\Controllers\Tip.php(141): App\Models\TipModel->getdataperDateTime('Chandra Sinaga', NULL)
#5 C:\xampp\htdocs\tracking\system\CodeIgniter.php(904): App\Controllers\Tip->viewListTipbydatetime()
#6 C:\xampp\htdocs\tracking\system\CodeIgniter.php(457): CodeIgniter\CodeIgniter->runController(Object(App\Controllers\Tip))
#7 C:\xampp\htdocs\tracking\system\CodeIgniter.php(340): CodeIgniter\CodeIgniter->handleRequest(NULL, Object(Config\Cache), false)
#8 C:\xampp\htdocs\tracking\public\index.php(67): CodeIgniter\CodeIgniter->run()
#9 C:\xampp\htdocs\tracking\system\Commands\Server\rewrite.php(43): require_once('C:\\xampp\\htdocs...')
#10 {main}
CRITICAL - 2023-03-03 02:56:23 --> You have an error in your SQL syntax; check the manual that corresponds to your MariaDB server version for the right syntax to use near 'GROUP BY tblmas_tip_tracking.id ASC' at line 7
in SYSTEMPATH\Database\MySQLi\Connection.php on line 292.
 1 SYSTEMPATH\Database\MySQLi\Connection.php(292): mysqli->query('SELECT tblmas_tip_tracking.*, GROUP_CONCAT(tblmas_detail_tip_tracking.doID) AS donoo,COUNT(tbltrn_do1.dono) AS dono, tblmas_customer.customername AS customer 
                    FROM tblmas_tip_tracking
                        JOIN tblmas_detail_tip_tracking ON tblmas_tip_tracking.id = tblmas_detail_tip_tracking.tipID
                            JOIN tbltrn_do1 ON tbltrn_do1.dono = tblmas_detail_tip_tracking.doID
                                JOIN tblmas_customer ON tblmas_customer.idcustomer = tbltrn_do1.idcustomer
                                    WHERE tbltrn_do1.stsdosent = 1 AND tblmas_tip_tracking.driver =\'Chandra Sinaga\' AND tblmas_tip_tracking.tgl = 
                                        GROUP BY tblmas_tip_tracking.id ASC', 0)
 2 SYSTEMPATH\Database\BaseConnection.php(693): CodeIgniter\Database\MySQLi\Connection->execute('SELECT tblmas_tip_tracking.*, GROUP_CONCAT(tblmas_detail_tip_tracking.doID) AS donoo,COUNT(tbltrn_do1.dono) AS dono, tblmas_customer.customername AS customer 
                    FROM tblmas_tip_tracking
                        JOIN tblmas_detail_tip_tracking ON tblmas_tip_tracking.id = tblmas_detail_tip_tracking.tipID
                            JOIN tbltrn_do1 ON tbltrn_do1.dono = tblmas_detail_tip_tracking.doID
                                JOIN tblmas_customer ON tblmas_customer.idcustomer = tbltrn_do1.idcustomer
                                    WHERE tbltrn_do1.stsdosent = 1 AND tblmas_tip_tracking.driver =\'Chandra Sinaga\' AND tblmas_tip_tracking.tgl = 
                                        GROUP BY tblmas_tip_tracking.id ASC')
 3 SYSTEMPATH\Database\BaseConnection.php(620): CodeIgniter\Database\BaseConnection->simpleQuery('SELECT tblmas_tip_tracking.*, GROUP_CONCAT(tblmas_detail_tip_tracking.doID) AS donoo,COUNT(tbltrn_do1.dono) AS dono, tblmas_customer.customername AS customer 
                    FROM tblmas_tip_tracking
                        JOIN tblmas_detail_tip_tracking ON tblmas_tip_tracking.id = tblmas_detail_tip_tracking.tipID
                            JOIN tbltrn_do1 ON tbltrn_do1.dono = tblmas_detail_tip_tracking.doID
                                JOIN tblmas_customer ON tblmas_customer.idcustomer = tbltrn_do1.idcustomer
                                    WHERE tbltrn_do1.stsdosent = 1 AND tblmas_tip_tracking.driver =\'Chandra Sinaga\' AND tblmas_tip_tracking.tgl = 
                                        GROUP BY tblmas_tip_tracking.id ASC')
 4 APPPATH\Models\TipModel.php(111): CodeIgniter\Database\BaseConnection->query('SELECT tblmas_tip_tracking.*, GROUP_CONCAT(tblmas_detail_tip_tracking.doID) AS donoo,COUNT(tbltrn_do1.dono) AS dono, tblmas_customer.customername AS customer 
                    FROM tblmas_tip_tracking
                        JOIN tblmas_detail_tip_tracking ON tblmas_tip_tracking.id = tblmas_detail_tip_tracking.tipID
                            JOIN tbltrn_do1 ON tbltrn_do1.dono = tblmas_detail_tip_tracking.doID
                                JOIN tblmas_customer ON tblmas_customer.idcustomer = tbltrn_do1.idcustomer
                                    WHERE tbltrn_do1.stsdosent = 1 AND tblmas_tip_tracking.driver =\'Chandra Sinaga\' AND tblmas_tip_tracking.tgl = 
                                        GROUP BY tblmas_tip_tracking.id ASC')
 5 APPPATH\Controllers\Tip.php(141): App\Models\TipModel->getdataperDateTime('Chandra Sinaga', null)
 6 SYSTEMPATH\CodeIgniter.php(904): App\Controllers\Tip->viewListTipbydatetime()
 7 SYSTEMPATH\CodeIgniter.php(457): CodeIgniter\CodeIgniter->runController(Object(App\Controllers\Tip))
 8 SYSTEMPATH\CodeIgniter.php(340): CodeIgniter\CodeIgniter->handleRequest(null, Object(Config\Cache), false)
 9 FCPATH\index.php(67): CodeIgniter\CodeIgniter->run()
10 SYSTEMPATH\Commands\Server\rewrite.php(43): require_once('FCPATH\\index.php')
ERROR - 2023-03-03 02:58:58 --> mysqli_sql_exception: You have an error in your SQL syntax; check the manual that corresponds to your MariaDB server version for the right syntax to use near 'GROUP BY tblmas_tip_tracking.id ASC' at line 7 in C:\xampp\htdocs\tracking\system\Database\MySQLi\Connection.php:292
Stack trace:
#0 C:\xampp\htdocs\tracking\system\Database\MySQLi\Connection.php(292): mysqli->query('SELECT tblmas_t...', 0)
#1 C:\xampp\htdocs\tracking\system\Database\BaseConnection.php(693): CodeIgniter\Database\MySQLi\Connection->execute('SELECT tblmas_t...')
#2 C:\xampp\htdocs\tracking\system\Database\BaseConnection.php(620): CodeIgniter\Database\BaseConnection->simpleQuery('SELECT tblmas_t...')
#3 C:\xampp\htdocs\tracking\app\Models\TipModel.php(111): CodeIgniter\Database\BaseConnection->query('SELECT tblmas_t...')
#4 C:\xampp\htdocs\tracking\app\Controllers\Tip.php(141): App\Models\TipModel->getdataperDateTime('Chandra Sinaga', NULL)
#5 C:\xampp\htdocs\tracking\system\CodeIgniter.php(904): App\Controllers\Tip->viewListTipbydatetime()
#6 C:\xampp\htdocs\tracking\system\CodeIgniter.php(457): CodeIgniter\CodeIgniter->runController(Object(App\Controllers\Tip))
#7 C:\xampp\htdocs\tracking\system\CodeIgniter.php(340): CodeIgniter\CodeIgniter->handleRequest(NULL, Object(Config\Cache), false)
#8 C:\xampp\htdocs\tracking\public\index.php(67): CodeIgniter\CodeIgniter->run()
#9 C:\xampp\htdocs\tracking\system\Commands\Server\rewrite.php(43): require_once('C:\\xampp\\htdocs...')
#10 {main}
CRITICAL - 2023-03-03 02:58:58 --> You have an error in your SQL syntax; check the manual that corresponds to your MariaDB server version for the right syntax to use near 'GROUP BY tblmas_tip_tracking.id ASC' at line 7
in SYSTEMPATH\Database\MySQLi\Connection.php on line 292.
 1 SYSTEMPATH\Database\MySQLi\Connection.php(292): mysqli->query('SELECT tblmas_tip_tracking.*, GROUP_CONCAT(tblmas_detail_tip_tracking.doID) AS donoo,COUNT(tbltrn_do1.dono) AS dono, tblmas_customer.customername AS customer 
                    FROM tblmas_tip_tracking
                        JOIN tblmas_detail_tip_tracking ON tblmas_tip_tracking.id = tblmas_detail_tip_tracking.tipID
                            JOIN tbltrn_do1 ON tbltrn_do1.dono = tblmas_detail_tip_tracking.doID
                                JOIN tblmas_customer ON tblmas_customer.idcustomer = tbltrn_do1.idcustomer
                                    WHERE tbltrn_do1.stsdosent = 1 AND tblmas_tip_tracking.driver =\'Chandra Sinaga\' AND tblmas_tip_tracking.tgl = 
                                        GROUP BY tblmas_tip_tracking.id ASC', 0)
 2 SYSTEMPATH\Database\BaseConnection.php(693): CodeIgniter\Database\MySQLi\Connection->execute('SELECT tblmas_tip_tracking.*, GROUP_CONCAT(tblmas_detail_tip_tracking.doID) AS donoo,COUNT(tbltrn_do1.dono) AS dono, tblmas_customer.customername AS customer 
                    FROM tblmas_tip_tracking
                        JOIN tblmas_detail_tip_tracking ON tblmas_tip_tracking.id = tblmas_detail_tip_tracking.tipID
                            JOIN tbltrn_do1 ON tbltrn_do1.dono = tblmas_detail_tip_tracking.doID
                                JOIN tblmas_customer ON tblmas_customer.idcustomer = tbltrn_do1.idcustomer
                                    WHERE tbltrn_do1.stsdosent = 1 AND tblmas_tip_tracking.driver =\'Chandra Sinaga\' AND tblmas_tip_tracking.tgl = 
                                        GROUP BY tblmas_tip_tracking.id ASC')
 3 SYSTEMPATH\Database\BaseConnection.php(620): CodeIgniter\Database\BaseConnection->simpleQuery('SELECT tblmas_tip_tracking.*, GROUP_CONCAT(tblmas_detail_tip_tracking.doID) AS donoo,COUNT(tbltrn_do1.dono) AS dono, tblmas_customer.customername AS customer 
                    FROM tblmas_tip_tracking
                        JOIN tblmas_detail_tip_tracking ON tblmas_tip_tracking.id = tblmas_detail_tip_tracking.tipID
                            JOIN tbltrn_do1 ON tbltrn_do1.dono = tblmas_detail_tip_tracking.doID
                                JOIN tblmas_customer ON tblmas_customer.idcustomer = tbltrn_do1.idcustomer
                                    WHERE tbltrn_do1.stsdosent = 1 AND tblmas_tip_tracking.driver =\'Chandra Sinaga\' AND tblmas_tip_tracking.tgl = 
                                        GROUP BY tblmas_tip_tracking.id ASC')
 4 APPPATH\Models\TipModel.php(111): CodeIgniter\Database\BaseConnection->query('SELECT tblmas_tip_tracking.*, GROUP_CONCAT(tblmas_detail_tip_tracking.doID) AS donoo,COUNT(tbltrn_do1.dono) AS dono, tblmas_customer.customername AS customer 
                    FROM tblmas_tip_tracking
                        JOIN tblmas_detail_tip_tracking ON tblmas_tip_tracking.id = tblmas_detail_tip_tracking.tipID
                            JOIN tbltrn_do1 ON tbltrn_do1.dono = tblmas_detail_tip_tracking.doID
                                JOIN tblmas_customer ON tblmas_customer.idcustomer = tbltrn_do1.idcustomer
                                    WHERE tbltrn_do1.stsdosent = 1 AND tblmas_tip_tracking.driver =\'Chandra Sinaga\' AND tblmas_tip_tracking.tgl = 
                                        GROUP BY tblmas_tip_tracking.id ASC')
 5 APPPATH\Controllers\Tip.php(141): App\Models\TipModel->getdataperDateTime('Chandra Sinaga', null)
 6 SYSTEMPATH\CodeIgniter.php(904): App\Controllers\Tip->viewListTipbydatetime()
 7 SYSTEMPATH\CodeIgniter.php(457): CodeIgniter\CodeIgniter->runController(Object(App\Controllers\Tip))
 8 SYSTEMPATH\CodeIgniter.php(340): CodeIgniter\CodeIgniter->handleRequest(null, Object(Config\Cache), false)
 9 FCPATH\index.php(67): CodeIgniter\CodeIgniter->run()
10 SYSTEMPATH\Commands\Server\rewrite.php(43): require_once('FCPATH\\index.php')
CRITICAL - 2023-03-03 03:02:47 --> Undefined variable: tgl
in APPPATH\Views\Tip_tracking\list_tip.php on line 42.
 1 APPPATH\Views\Tip_tracking\list_tip.php(42): CodeIgniter\Debug\Exceptions->errorHandler(8, 'Undefined variable: tgl', 'APPPATH\\Views\\Tip_tracking\\list_tip.php', 42, [...])
 2 SYSTEMPATH\View\View.php(213): include('APPPATH\\Views\\Tip_tracking\\list_tip.php')
 3 SYSTEMPATH\View\View.php(216): CodeIgniter\View\View->CodeIgniter\View\{closure}()
 4 SYSTEMPATH\Common.php(1137): CodeIgniter\View\View->render('Tip_tracking/list_tip', [], true)
 5 APPPATH\Controllers\Tip.php(113): view('Tip_tracking/list_tip', [...])
 6 SYSTEMPATH\CodeIgniter.php(904): App\Controllers\Tip->viewListTip()
 7 SYSTEMPATH\CodeIgniter.php(457): CodeIgniter\CodeIgniter->runController(Object(App\Controllers\Tip))
 8 SYSTEMPATH\CodeIgniter.php(340): CodeIgniter\CodeIgniter->handleRequest(null, Object(Config\Cache), false)
 9 FCPATH\index.php(67): CodeIgniter\CodeIgniter->run()
10 SYSTEMPATH\Commands\Server\rewrite.php(43): require_once('FCPATH\\index.php')
