ERROR - 2023-09-04 06:32:11 --> mysqli_sql_exception: You have an error in your SQL syntax; check the manual that corresponds to your MariaDB server version for the right syntax to use near 'AND year(tgl)= GROUP BY tgl' at line 11 in C:\xampp\htdocs\Project_fauzan\tracking\system\Database\MySQLi\Connection.php:292
Stack trace:
#0 C:\xampp\htdocs\Project_fauzan\tracking\system\Database\MySQLi\Connection.php(292): mysqli->query('SELECT tgl,\r\n  ...', 0)
#1 C:\xampp\htdocs\Project_fauzan\tracking\system\Database\BaseConnection.php(693): CodeIgniter\Database\MySQLi\Connection->execute('SELECT tgl,\r\n  ...')
#2 C:\xampp\htdocs\Project_fauzan\tracking\system\Database\BaseConnection.php(620): CodeIgniter\Database\BaseConnection->simpleQuery('SELECT tgl,\r\n  ...')
#3 C:\xampp\htdocs\Project_fauzan\tracking\app\Models\TipModel.php(160): CodeIgniter\Database\BaseConnection->query('SELECT tgl,\r\n  ...')
#4 C:\xampp\htdocs\Project_fauzan\tracking\app\Controllers\Tip.php(209): App\Models\TipModel->getreportbyMonth(NULL, NULL)
#5 C:\xampp\htdocs\Project_fauzan\tracking\system\CodeIgniter.php(904): App\Controllers\Tip->reportperBulan()
#6 C:\xampp\htdocs\Project_fauzan\tracking\system\CodeIgniter.php(457): CodeIgniter\CodeIgniter->runController(Object(App\Controllers\Tip))
#7 C:\xampp\htdocs\Project_fauzan\tracking\system\CodeIgniter.php(340): CodeIgniter\CodeIgniter->handleRequest(NULL, Object(Config\Cache), false)
#8 C:\xampp\htdocs\Project_fauzan\tracking\public\index.php(67): CodeIgniter\CodeIgniter->run()
#9 C:\xampp\htdocs\Project_fauzan\tracking\system\Commands\Server\rewrite.php(43): require_once('C:\\xampp\\htdocs...')
#10 {main}
CRITICAL - 2023-09-04 06:32:11 --> You have an error in your SQL syntax; check the manual that corresponds to your MariaDB server version for the right syntax to use near 'AND year(tgl)= GROUP BY tgl' at line 11
in SYSTEMPATH\Database\MySQLi\Connection.php on line 292.
 1 SYSTEMPATH\Database\MySQLi\Connection.php(292): mysqli->query('SELECT tgl,
        COUNT(IF(driver=\'Chandra sinaga\', trip, NULL)) trip_chandra,
        COUNT(IF(driver=\'Doni\', trip, NULL)) trip_doni,
        COUNT(IF(driver=\'Dafrizal\', trip, NULL)) trip_dafrizal,
        COUNT(IF(driver=\'Herian\', trip, NULL)) trip_herian,
        SUM(IF(driver=\'Chandra sinaga\', value_tip, 0)) value_chandra,
        SUM(IF(driver=\'Doni\', value_tip, 0)) value_doni,
        SUM(IF(driver=\'Dafrizal\', value_tip, 0)) value_dafrizal,
        SUM(IF(driver=\'Herian\', value_tip, 0)) value_herian
            FROM tblmas_tip_tracking
                WHERE month(tgl)= AND year(tgl)= GROUP BY tgl', 0)
 2 SYSTEMPATH\Database\BaseConnection.php(693): CodeIgniter\Database\MySQLi\Connection->execute('SELECT tgl,
        COUNT(IF(driver=\'Chandra sinaga\', trip, NULL)) trip_chandra,
        COUNT(IF(driver=\'Doni\', trip, NULL)) trip_doni,
        COUNT(IF(driver=\'Dafrizal\', trip, NULL)) trip_dafrizal,
        COUNT(IF(driver=\'Herian\', trip, NULL)) trip_herian,
        SUM(IF(driver=\'Chandra sinaga\', value_tip, 0)) value_chandra,
        SUM(IF(driver=\'Doni\', value_tip, 0)) value_doni,
        SUM(IF(driver=\'Dafrizal\', value_tip, 0)) value_dafrizal,
        SUM(IF(driver=\'Herian\', value_tip, 0)) value_herian
            FROM tblmas_tip_tracking
                WHERE month(tgl)= AND year(tgl)= GROUP BY tgl')
 3 SYSTEMPATH\Database\BaseConnection.php(620): CodeIgniter\Database\BaseConnection->simpleQuery('SELECT tgl,
        COUNT(IF(driver=\'Chandra sinaga\', trip, NULL)) trip_chandra,
        COUNT(IF(driver=\'Doni\', trip, NULL)) trip_doni,
        COUNT(IF(driver=\'Dafrizal\', trip, NULL)) trip_dafrizal,
        COUNT(IF(driver=\'Herian\', trip, NULL)) trip_herian,
        SUM(IF(driver=\'Chandra sinaga\', value_tip, 0)) value_chandra,
        SUM(IF(driver=\'Doni\', value_tip, 0)) value_doni,
        SUM(IF(driver=\'Dafrizal\', value_tip, 0)) value_dafrizal,
        SUM(IF(driver=\'Herian\', value_tip, 0)) value_herian
            FROM tblmas_tip_tracking
                WHERE month(tgl)= AND year(tgl)= GROUP BY tgl')
 4 APPPATH\Models\TipModel.php(160): CodeIgniter\Database\BaseConnection->query('SELECT tgl,
        COUNT(IF(driver=\'Chandra sinaga\', trip, NULL)) trip_chandra,
        COUNT(IF(driver=\'Doni\', trip, NULL)) trip_doni,
        COUNT(IF(driver=\'Dafrizal\', trip, NULL)) trip_dafrizal,
        COUNT(IF(driver=\'Herian\', trip, NULL)) trip_herian,
        SUM(IF(driver=\'Chandra sinaga\', value_tip, 0)) value_chandra,
        SUM(IF(driver=\'Doni\', value_tip, 0)) value_doni,
        SUM(IF(driver=\'Dafrizal\', value_tip, 0)) value_dafrizal,
        SUM(IF(driver=\'Herian\', value_tip, 0)) value_herian
            FROM tblmas_tip_tracking
                WHERE month(tgl)= AND year(tgl)= GROUP BY tgl')
 5 APPPATH\Controllers\Tip.php(209): App\Models\TipModel->getreportbyMonth(null, null)
 6 SYSTEMPATH\CodeIgniter.php(904): App\Controllers\Tip->reportperBulan()
 7 SYSTEMPATH\CodeIgniter.php(457): CodeIgniter\CodeIgniter->runController(Object(App\Controllers\Tip))
 8 SYSTEMPATH\CodeIgniter.php(340): CodeIgniter\CodeIgniter->handleRequest(null, Object(Config\Cache), false)
 9 FCPATH\index.php(67): CodeIgniter\CodeIgniter->run()
10 SYSTEMPATH\Commands\Server\rewrite.php(43): require_once('FCPATH\\index.php')
ERROR - 2023-09-04 06:40:12 --> mysqli_sql_exception: You have an error in your SQL syntax; check the manual that corresponds to your MariaDB server version for the right syntax to use near 'AND year(tgl)= GROUP BY tgl' at line 11 in C:\xampp\htdocs\Project_fauzan\tracking\system\Database\MySQLi\Connection.php:292
Stack trace:
#0 C:\xampp\htdocs\Project_fauzan\tracking\system\Database\MySQLi\Connection.php(292): mysqli->query('SELECT tgl,\r\n  ...', 0)
#1 C:\xampp\htdocs\Project_fauzan\tracking\system\Database\BaseConnection.php(693): CodeIgniter\Database\MySQLi\Connection->execute('SELECT tgl,\r\n  ...')
#2 C:\xampp\htdocs\Project_fauzan\tracking\system\Database\BaseConnection.php(620): CodeIgniter\Database\BaseConnection->simpleQuery('SELECT tgl,\r\n  ...')
#3 C:\xampp\htdocs\Project_fauzan\tracking\app\Models\TipModel.php(160): CodeIgniter\Database\BaseConnection->query('SELECT tgl,\r\n  ...')
#4 C:\xampp\htdocs\Project_fauzan\tracking\app\Controllers\Tip.php(209): App\Models\TipModel->getreportbyMonth(NULL, NULL)
#5 C:\xampp\htdocs\Project_fauzan\tracking\system\CodeIgniter.php(904): App\Controllers\Tip->reportperBulan()
#6 C:\xampp\htdocs\Project_fauzan\tracking\system\CodeIgniter.php(457): CodeIgniter\CodeIgniter->runController(Object(App\Controllers\Tip))
#7 C:\xampp\htdocs\Project_fauzan\tracking\system\CodeIgniter.php(340): CodeIgniter\CodeIgniter->handleRequest(NULL, Object(Config\Cache), false)
#8 C:\xampp\htdocs\Project_fauzan\tracking\public\index.php(67): CodeIgniter\CodeIgniter->run()
#9 C:\xampp\htdocs\Project_fauzan\tracking\system\Commands\Server\rewrite.php(43): require_once('C:\\xampp\\htdocs...')
#10 {main}
CRITICAL - 2023-09-04 06:40:12 --> You have an error in your SQL syntax; check the manual that corresponds to your MariaDB server version for the right syntax to use near 'AND year(tgl)= GROUP BY tgl' at line 11
in SYSTEMPATH\Database\MySQLi\Connection.php on line 292.
 1 SYSTEMPATH\Database\MySQLi\Connection.php(292): mysqli->query('SELECT tgl,
        COUNT(IF(driver=\'Chandra sinaga\', trip, NULL)) trip_chandra,
        COUNT(IF(driver=\'Doni\', trip, NULL)) trip_doni,
        COUNT(IF(driver=\'Dafrizal\', trip, NULL)) trip_dafrizal,
        COUNT(IF(driver=\'Herian\', trip, NULL)) trip_herian,
        SUM(IF(driver=\'Chandra sinaga\', value_tip, 0)) value_chandra,
        SUM(IF(driver=\'Doni\', value_tip, 0)) value_doni,
        SUM(IF(driver=\'Dafrizal\', value_tip, 0)) value_dafrizal,
        SUM(IF(driver=\'Herian\', value_tip, 0)) value_herian
            FROM tblmas_tip_tracking
                WHERE month(tgl)= AND year(tgl)= GROUP BY tgl', 0)
 2 SYSTEMPATH\Database\BaseConnection.php(693): CodeIgniter\Database\MySQLi\Connection->execute('SELECT tgl,
        COUNT(IF(driver=\'Chandra sinaga\', trip, NULL)) trip_chandra,
        COUNT(IF(driver=\'Doni\', trip, NULL)) trip_doni,
        COUNT(IF(driver=\'Dafrizal\', trip, NULL)) trip_dafrizal,
        COUNT(IF(driver=\'Herian\', trip, NULL)) trip_herian,
        SUM(IF(driver=\'Chandra sinaga\', value_tip, 0)) value_chandra,
        SUM(IF(driver=\'Doni\', value_tip, 0)) value_doni,
        SUM(IF(driver=\'Dafrizal\', value_tip, 0)) value_dafrizal,
        SUM(IF(driver=\'Herian\', value_tip, 0)) value_herian
            FROM tblmas_tip_tracking
                WHERE month(tgl)= AND year(tgl)= GROUP BY tgl')
 3 SYSTEMPATH\Database\BaseConnection.php(620): CodeIgniter\Database\BaseConnection->simpleQuery('SELECT tgl,
        COUNT(IF(driver=\'Chandra sinaga\', trip, NULL)) trip_chandra,
        COUNT(IF(driver=\'Doni\', trip, NULL)) trip_doni,
        COUNT(IF(driver=\'Dafrizal\', trip, NULL)) trip_dafrizal,
        COUNT(IF(driver=\'Herian\', trip, NULL)) trip_herian,
        SUM(IF(driver=\'Chandra sinaga\', value_tip, 0)) value_chandra,
        SUM(IF(driver=\'Doni\', value_tip, 0)) value_doni,
        SUM(IF(driver=\'Dafrizal\', value_tip, 0)) value_dafrizal,
        SUM(IF(driver=\'Herian\', value_tip, 0)) value_herian
            FROM tblmas_tip_tracking
                WHERE month(tgl)= AND year(tgl)= GROUP BY tgl')
 4 APPPATH\Models\TipModel.php(160): CodeIgniter\Database\BaseConnection->query('SELECT tgl,
        COUNT(IF(driver=\'Chandra sinaga\', trip, NULL)) trip_chandra,
        COUNT(IF(driver=\'Doni\', trip, NULL)) trip_doni,
        COUNT(IF(driver=\'Dafrizal\', trip, NULL)) trip_dafrizal,
        COUNT(IF(driver=\'Herian\', trip, NULL)) trip_herian,
        SUM(IF(driver=\'Chandra sinaga\', value_tip, 0)) value_chandra,
        SUM(IF(driver=\'Doni\', value_tip, 0)) value_doni,
        SUM(IF(driver=\'Dafrizal\', value_tip, 0)) value_dafrizal,
        SUM(IF(driver=\'Herian\', value_tip, 0)) value_herian
            FROM tblmas_tip_tracking
                WHERE month(tgl)= AND year(tgl)= GROUP BY tgl')
 5 APPPATH\Controllers\Tip.php(209): App\Models\TipModel->getreportbyMonth(null, null)
 6 SYSTEMPATH\CodeIgniter.php(904): App\Controllers\Tip->reportperBulan()
 7 SYSTEMPATH\CodeIgniter.php(457): CodeIgniter\CodeIgniter->runController(Object(App\Controllers\Tip))
 8 SYSTEMPATH\CodeIgniter.php(340): CodeIgniter\CodeIgniter->handleRequest(null, Object(Config\Cache), false)
 9 FCPATH\index.php(67): CodeIgniter\CodeIgniter->run()
10 SYSTEMPATH\Commands\Server\rewrite.php(43): require_once('FCPATH\\index.php')
CRITICAL - 2023-09-04 06:55:29 --> Undefined index: createby
in APPPATH\Views\Tip_tracking\print_report_list_tip.php on line 296.
 1 APPPATH\Views\Tip_tracking\print_report_list_tip.php(296): CodeIgniter\Debug\Exceptions->errorHandler(8, 'Undefined index: createby', 'APPPATH\\Views\\Tip_tracking\\print_report_list_tip.php', 296, [...])
 2 SYSTEMPATH\View\View.php(213): include('APPPATH\\Views\\Tip_tracking\\print_report_list_tip.php')
 3 SYSTEMPATH\View\View.php(216): CodeIgniter\View\View->CodeIgniter\View\{closure}()
 4 SYSTEMPATH\Common.php(1137): CodeIgniter\View\View->render('Tip_tracking/print_report_list_tip', [], true)
 5 APPPATH\Controllers\Tip.php(259): view('Tip_tracking/print_report_list_tip', [...])
 6 SYSTEMPATH\CodeIgniter.php(904): App\Controllers\Tip->printreportperbulan()
 7 SYSTEMPATH\CodeIgniter.php(457): CodeIgniter\CodeIgniter->runController(Object(App\Controllers\Tip))
 8 SYSTEMPATH\CodeIgniter.php(340): CodeIgniter\CodeIgniter->handleRequest(null, Object(Config\Cache), false)
 9 FCPATH\index.php(67): CodeIgniter\CodeIgniter->run()
10 SYSTEMPATH\Commands\Server\rewrite.php(43): require_once('FCPATH\\index.php')
CRITICAL - 2023-09-04 07:56:32 --> Undefined variable: tampilkan_harian_chandra
in APPPATH\Views\Tip_tracking\report_rentang_list_tip.php on line 65.
 1 APPPATH\Views\Tip_tracking\report_rentang_list_tip.php(65): CodeIgniter\Debug\Exceptions->errorHandler(8, 'Undefined variable: tampilkan_harian_chandra', 'APPPATH\\Views\\Tip_tracking\\report_rentang_list_tip.php', 65, [...])
 2 SYSTEMPATH\View\View.php(213): include('APPPATH\\Views\\Tip_tracking\\report_rentang_list_tip.php')
 3 SYSTEMPATH\View\View.php(216): CodeIgniter\View\View->CodeIgniter\View\{closure}()
 4 SYSTEMPATH\Common.php(1137): CodeIgniter\View\View->render('Tip_tracking/report_rentang_list_tip', [], true)
 5 APPPATH\Controllers\Tip.php(284): view('Tip_tracking/report_rentang_list_tip', [...])
 6 SYSTEMPATH\CodeIgniter.php(904): App\Controllers\Tip->reportrentangBulan()
 7 SYSTEMPATH\CodeIgniter.php(457): CodeIgniter\CodeIgniter->runController(Object(App\Controllers\Tip))
 8 SYSTEMPATH\CodeIgniter.php(340): CodeIgniter\CodeIgniter->handleRequest(null, Object(Config\Cache), false)
 9 FCPATH\index.php(67): CodeIgniter\CodeIgniter->run()
10 SYSTEMPATH\Commands\Server\rewrite.php(43): require_once('FCPATH\\index.php')
CRITICAL - 2023-09-04 08:02:21 --> Undefined variable: tampilkan_harian_chandra
in APPPATH\Views\Tip_tracking\report_rentang_list_tip.php on line 65.
 1 APPPATH\Views\Tip_tracking\report_rentang_list_tip.php(65): CodeIgniter\Debug\Exceptions->errorHandler(8, 'Undefined variable: tampilkan_harian_chandra', 'APPPATH\\Views\\Tip_tracking\\report_rentang_list_tip.php', 65, [...])
 2 SYSTEMPATH\View\View.php(213): include('APPPATH\\Views\\Tip_tracking\\report_rentang_list_tip.php')
 3 SYSTEMPATH\View\View.php(216): CodeIgniter\View\View->CodeIgniter\View\{closure}()
 4 SYSTEMPATH\Common.php(1137): CodeIgniter\View\View->render('Tip_tracking/report_rentang_list_tip', [], true)
 5 APPPATH\Controllers\Tip.php(284): view('Tip_tracking/report_rentang_list_tip', [...])
 6 SYSTEMPATH\CodeIgniter.php(904): App\Controllers\Tip->reportrentangBulan()
 7 SYSTEMPATH\CodeIgniter.php(457): CodeIgniter\CodeIgniter->runController(Object(App\Controllers\Tip))
 8 SYSTEMPATH\CodeIgniter.php(340): CodeIgniter\CodeIgniter->handleRequest(null, Object(Config\Cache), false)
 9 FCPATH\index.php(67): CodeIgniter\CodeIgniter->run()
10 SYSTEMPATH\Commands\Server\rewrite.php(43): require_once('FCPATH\\index.php')
CRITICAL - 2023-09-04 08:03:52 --> Undefined variable: tampilkan_harian_chandra
in APPPATH\Views\Tip_tracking\report_rentang_list_tip.php on line 65.
 1 APPPATH\Views\Tip_tracking\report_rentang_list_tip.php(65): CodeIgniter\Debug\Exceptions->errorHandler(8, 'Undefined variable: tampilkan_harian_chandra', 'APPPATH\\Views\\Tip_tracking\\report_rentang_list_tip.php', 65, [...])
 2 SYSTEMPATH\View\View.php(213): include('APPPATH\\Views\\Tip_tracking\\report_rentang_list_tip.php')
 3 SYSTEMPATH\View\View.php(216): CodeIgniter\View\View->CodeIgniter\View\{closure}()
 4 SYSTEMPATH\Common.php(1137): CodeIgniter\View\View->render('Tip_tracking/report_rentang_list_tip', [], true)
 5 APPPATH\Controllers\Tip.php(284): view('Tip_tracking/report_rentang_list_tip', [...])
 6 SYSTEMPATH\CodeIgniter.php(904): App\Controllers\Tip->reportrentangBulan()
 7 SYSTEMPATH\CodeIgniter.php(457): CodeIgniter\CodeIgniter->runController(Object(App\Controllers\Tip))
 8 SYSTEMPATH\CodeIgniter.php(340): CodeIgniter\CodeIgniter->handleRequest(null, Object(Config\Cache), false)
 9 FCPATH\index.php(67): CodeIgniter\CodeIgniter->run()
10 SYSTEMPATH\Commands\Server\rewrite.php(43): require_once('FCPATH\\index.php')
CRITICAL - 2023-09-04 08:04:01 --> Undefined variable: tampilkan_harian_chandra
in APPPATH\Views\Tip_tracking\report_rentang_list_tip.php on line 65.
 1 APPPATH\Views\Tip_tracking\report_rentang_list_tip.php(65): CodeIgniter\Debug\Exceptions->errorHandler(8, 'Undefined variable: tampilkan_harian_chandra', 'APPPATH\\Views\\Tip_tracking\\report_rentang_list_tip.php', 65, [...])
 2 SYSTEMPATH\View\View.php(213): include('APPPATH\\Views\\Tip_tracking\\report_rentang_list_tip.php')
 3 SYSTEMPATH\View\View.php(216): CodeIgniter\View\View->CodeIgniter\View\{closure}()
 4 SYSTEMPATH\Common.php(1137): CodeIgniter\View\View->render('Tip_tracking/report_rentang_list_tip', [], true)
 5 APPPATH\Controllers\Tip.php(284): view('Tip_tracking/report_rentang_list_tip', [...])
 6 SYSTEMPATH\CodeIgniter.php(904): App\Controllers\Tip->reportrentangBulan()
 7 SYSTEMPATH\CodeIgniter.php(457): CodeIgniter\CodeIgniter->runController(Object(App\Controllers\Tip))
 8 SYSTEMPATH\CodeIgniter.php(340): CodeIgniter\CodeIgniter->handleRequest(null, Object(Config\Cache), false)
 9 FCPATH\index.php(67): CodeIgniter\CodeIgniter->run()
10 SYSTEMPATH\Commands\Server\rewrite.php(43): require_once('FCPATH\\index.php')
CRITICAL - 2023-09-04 08:06:36 --> Undefined variable: tampilkan_harian_chandra
in APPPATH\Views\Tip_tracking\report_rentang_list_tip.php on line 65.
 1 APPPATH\Views\Tip_tracking\report_rentang_list_tip.php(65): CodeIgniter\Debug\Exceptions->errorHandler(8, 'Undefined variable: tampilkan_harian_chandra', 'APPPATH\\Views\\Tip_tracking\\report_rentang_list_tip.php', 65, [...])
 2 SYSTEMPATH\View\View.php(213): include('APPPATH\\Views\\Tip_tracking\\report_rentang_list_tip.php')
 3 SYSTEMPATH\View\View.php(216): CodeIgniter\View\View->CodeIgniter\View\{closure}()
 4 SYSTEMPATH\Common.php(1137): CodeIgniter\View\View->render('Tip_tracking/report_rentang_list_tip', [], true)
 5 APPPATH\Controllers\Tip.php(284): view('Tip_tracking/report_rentang_list_tip', [...])
 6 SYSTEMPATH\CodeIgniter.php(904): App\Controllers\Tip->reportrentangBulan()
 7 SYSTEMPATH\CodeIgniter.php(457): CodeIgniter\CodeIgniter->runController(Object(App\Controllers\Tip))
 8 SYSTEMPATH\CodeIgniter.php(340): CodeIgniter\CodeIgniter->handleRequest(null, Object(Config\Cache), false)
 9 FCPATH\index.php(67): CodeIgniter\CodeIgniter->run()
10 SYSTEMPATH\Commands\Server\rewrite.php(43): require_once('FCPATH\\index.php')
CRITICAL - 2023-09-04 08:06:42 --> Undefined variable: tampilkan_harian_chandra
in APPPATH\Views\Tip_tracking\report_rentang_list_tip.php on line 65.
 1 APPPATH\Views\Tip_tracking\report_rentang_list_tip.php(65): CodeIgniter\Debug\Exceptions->errorHandler(8, 'Undefined variable: tampilkan_harian_chandra', 'APPPATH\\Views\\Tip_tracking\\report_rentang_list_tip.php', 65, [...])
 2 SYSTEMPATH\View\View.php(213): include('APPPATH\\Views\\Tip_tracking\\report_rentang_list_tip.php')
 3 SYSTEMPATH\View\View.php(216): CodeIgniter\View\View->CodeIgniter\View\{closure}()
 4 SYSTEMPATH\Common.php(1137): CodeIgniter\View\View->render('Tip_tracking/report_rentang_list_tip', [], true)
 5 APPPATH\Controllers\Tip.php(284): view('Tip_tracking/report_rentang_list_tip', [...])
 6 SYSTEMPATH\CodeIgniter.php(904): App\Controllers\Tip->reportrentangBulan()
 7 SYSTEMPATH\CodeIgniter.php(457): CodeIgniter\CodeIgniter->runController(Object(App\Controllers\Tip))
 8 SYSTEMPATH\CodeIgniter.php(340): CodeIgniter\CodeIgniter->handleRequest(null, Object(Config\Cache), false)
 9 FCPATH\index.php(67): CodeIgniter\CodeIgniter->run()
10 SYSTEMPATH\Commands\Server\rewrite.php(43): require_once('FCPATH\\index.php')
CRITICAL - 2023-09-04 08:23:12 --> Undefined variable: ke
in APPPATH\Views\Tip_tracking\report_rentang_list_tip.php on line 15.
 1 APPPATH\Views\Tip_tracking\report_rentang_list_tip.php(15): CodeIgniter\Debug\Exceptions->errorHandler(8, 'Undefined variable: ke', 'APPPATH\\Views\\Tip_tracking\\report_rentang_list_tip.php', 15, [...])
 2 SYSTEMPATH\View\View.php(213): include('APPPATH\\Views\\Tip_tracking\\report_rentang_list_tip.php')
 3 SYSTEMPATH\View\View.php(216): CodeIgniter\View\View->CodeIgniter\View\{closure}()
 4 SYSTEMPATH\Common.php(1137): CodeIgniter\View\View->render('Tip_tracking/report_rentang_list_tip', [], true)
 5 APPPATH\Controllers\Tip.php(302): view('Tip_tracking/report_rentang_list_tip', [...])
 6 SYSTEMPATH\CodeIgniter.php(904): App\Controllers\Tip->reportrentangBulan()
 7 SYSTEMPATH\CodeIgniter.php(457): CodeIgniter\CodeIgniter->runController(Object(App\Controllers\Tip))
 8 SYSTEMPATH\CodeIgniter.php(340): CodeIgniter\CodeIgniter->handleRequest(null, Object(Config\Cache), false)
 9 FCPATH\index.php(67): CodeIgniter\CodeIgniter->run()
10 SYSTEMPATH\Commands\Server\rewrite.php(43): require_once('FCPATH\\index.php')
CRITICAL - 2023-09-04 08:27:19 --> Undefined variable: tampilkan_harian_chandra
in APPPATH\Views\Tip_tracking\report_rentang_list_tip.php on line 64.
 1 APPPATH\Views\Tip_tracking\report_rentang_list_tip.php(64): CodeIgniter\Debug\Exceptions->errorHandler(8, 'Undefined variable: tampilkan_harian_chandra', 'APPPATH\\Views\\Tip_tracking\\report_rentang_list_tip.php', 64, [...])
 2 SYSTEMPATH\View\View.php(213): include('APPPATH\\Views\\Tip_tracking\\report_rentang_list_tip.php')
 3 SYSTEMPATH\View\View.php(216): CodeIgniter\View\View->CodeIgniter\View\{closure}()
 4 SYSTEMPATH\Common.php(1137): CodeIgniter\View\View->render('Tip_tracking/report_rentang_list_tip', [], true)
 5 APPPATH\Controllers\Tip.php(302): view('Tip_tracking/report_rentang_list_tip', [...])
 6 SYSTEMPATH\CodeIgniter.php(904): App\Controllers\Tip->reportrentangBulan()
 7 SYSTEMPATH\CodeIgniter.php(457): CodeIgniter\CodeIgniter->runController(Object(App\Controllers\Tip))
 8 SYSTEMPATH\CodeIgniter.php(340): CodeIgniter\CodeIgniter->handleRequest(null, Object(Config\Cache), false)
 9 FCPATH\index.php(67): CodeIgniter\CodeIgniter->run()
10 SYSTEMPATH\Commands\Server\rewrite.php(43): require_once('FCPATH\\index.php')
CRITICAL - 2023-09-04 08:38:57 --> Undefined variable: tampilkan_harian_chandra
in APPPATH\Views\Tip_tracking\report_rentang_list_tip.php on line 65.
 1 APPPATH\Views\Tip_tracking\report_rentang_list_tip.php(65): CodeIgniter\Debug\Exceptions->errorHandler(8, 'Undefined variable: tampilkan_harian_chandra', 'APPPATH\\Views\\Tip_tracking\\report_rentang_list_tip.php', 65, [...])
 2 SYSTEMPATH\View\View.php(213): include('APPPATH\\Views\\Tip_tracking\\report_rentang_list_tip.php')
 3 SYSTEMPATH\View\View.php(216): CodeIgniter\View\View->CodeIgniter\View\{closure}()
 4 SYSTEMPATH\Common.php(1137): CodeIgniter\View\View->render('Tip_tracking/report_rentang_list_tip', [], true)
 5 APPPATH\Controllers\Tip.php(285): view('Tip_tracking/report_rentang_list_tip', [...])
 6 SYSTEMPATH\CodeIgniter.php(904): App\Controllers\Tip->reportrentangBulan()
 7 SYSTEMPATH\CodeIgniter.php(457): CodeIgniter\CodeIgniter->runController(Object(App\Controllers\Tip))
 8 SYSTEMPATH\CodeIgniter.php(340): CodeIgniter\CodeIgniter->handleRequest(null, Object(Config\Cache), false)
 9 FCPATH\index.php(67): CodeIgniter\CodeIgniter->run()
10 SYSTEMPATH\Commands\Server\rewrite.php(43): require_once('FCPATH\\index.php')
CRITICAL - 2023-09-04 08:39:18 --> Undefined variable: tampilkan_harian_chandra
in APPPATH\Views\Tip_tracking\report_rentang_list_tip.php on line 65.
 1 APPPATH\Views\Tip_tracking\report_rentang_list_tip.php(65): CodeIgniter\Debug\Exceptions->errorHandler(8, 'Undefined variable: tampilkan_harian_chandra', 'APPPATH\\Views\\Tip_tracking\\report_rentang_list_tip.php', 65, [...])
 2 SYSTEMPATH\View\View.php(213): include('APPPATH\\Views\\Tip_tracking\\report_rentang_list_tip.php')
 3 SYSTEMPATH\View\View.php(216): CodeIgniter\View\View->CodeIgniter\View\{closure}()
 4 SYSTEMPATH\Common.php(1137): CodeIgniter\View\View->render('Tip_tracking/report_rentang_list_tip', [], true)
 5 APPPATH\Controllers\Tip.php(285): view('Tip_tracking/report_rentang_list_tip', [...])
 6 SYSTEMPATH\CodeIgniter.php(904): App\Controllers\Tip->reportrentangBulan()
 7 SYSTEMPATH\CodeIgniter.php(457): CodeIgniter\CodeIgniter->runController(Object(App\Controllers\Tip))
 8 SYSTEMPATH\CodeIgniter.php(340): CodeIgniter\CodeIgniter->handleRequest(null, Object(Config\Cache), false)
 9 FCPATH\index.php(67): CodeIgniter\CodeIgniter->run()
10 SYSTEMPATH\Commands\Server\rewrite.php(43): require_once('FCPATH\\index.php')
CRITICAL - 2023-09-04 08:41:05 --> Undefined variable: tampilkan_harian_chandra
in APPPATH\Views\Tip_tracking\report_rentang_list_tip.php on line 65.
 1 APPPATH\Views\Tip_tracking\report_rentang_list_tip.php(65): CodeIgniter\Debug\Exceptions->errorHandler(8, 'Undefined variable: tampilkan_harian_chandra', 'APPPATH\\Views\\Tip_tracking\\report_rentang_list_tip.php', 65, [...])
 2 SYSTEMPATH\View\View.php(213): include('APPPATH\\Views\\Tip_tracking\\report_rentang_list_tip.php')
 3 SYSTEMPATH\View\View.php(216): CodeIgniter\View\View->CodeIgniter\View\{closure}()
 4 SYSTEMPATH\Common.php(1137): CodeIgniter\View\View->render('Tip_tracking/report_rentang_list_tip', [], true)
 5 APPPATH\Controllers\Tip.php(285): view('Tip_tracking/report_rentang_list_tip', [...])
 6 SYSTEMPATH\CodeIgniter.php(904): App\Controllers\Tip->reportrentangBulan()
 7 SYSTEMPATH\CodeIgniter.php(457): CodeIgniter\CodeIgniter->runController(Object(App\Controllers\Tip))
 8 SYSTEMPATH\CodeIgniter.php(340): CodeIgniter\CodeIgniter->handleRequest(null, Object(Config\Cache), false)
 9 FCPATH\index.php(67): CodeIgniter\CodeIgniter->run()
10 SYSTEMPATH\Commands\Server\rewrite.php(43): require_once('FCPATH\\index.php')
CRITICAL - 2023-09-04 08:41:11 --> Undefined variable: tampilkan_harian_chandra
in APPPATH\Views\Tip_tracking\report_rentang_list_tip.php on line 65.
 1 APPPATH\Views\Tip_tracking\report_rentang_list_tip.php(65): CodeIgniter\Debug\Exceptions->errorHandler(8, 'Undefined variable: tampilkan_harian_chandra', 'APPPATH\\Views\\Tip_tracking\\report_rentang_list_tip.php', 65, [...])
 2 SYSTEMPATH\View\View.php(213): include('APPPATH\\Views\\Tip_tracking\\report_rentang_list_tip.php')
 3 SYSTEMPATH\View\View.php(216): CodeIgniter\View\View->CodeIgniter\View\{closure}()
 4 SYSTEMPATH\Common.php(1137): CodeIgniter\View\View->render('Tip_tracking/report_rentang_list_tip', [], true)
 5 APPPATH\Controllers\Tip.php(285): view('Tip_tracking/report_rentang_list_tip', [...])
 6 SYSTEMPATH\CodeIgniter.php(904): App\Controllers\Tip->reportrentangBulan()
 7 SYSTEMPATH\CodeIgniter.php(457): CodeIgniter\CodeIgniter->runController(Object(App\Controllers\Tip))
 8 SYSTEMPATH\CodeIgniter.php(340): CodeIgniter\CodeIgniter->handleRequest(null, Object(Config\Cache), false)
 9 FCPATH\index.php(67): CodeIgniter\CodeIgniter->run()
10 SYSTEMPATH\Commands\Server\rewrite.php(43): require_once('FCPATH\\index.php')
CRITICAL - 2023-09-04 08:42:09 --> Undefined variable: tampilkan_harian_chandra
in APPPATH\Views\Tip_tracking\report_rentang_list_tip.php on line 65.
 1 APPPATH\Views\Tip_tracking\report_rentang_list_tip.php(65): CodeIgniter\Debug\Exceptions->errorHandler(8, 'Undefined variable: tampilkan_harian_chandra', 'APPPATH\\Views\\Tip_tracking\\report_rentang_list_tip.php', 65, [...])
 2 SYSTEMPATH\View\View.php(213): include('APPPATH\\Views\\Tip_tracking\\report_rentang_list_tip.php')
 3 SYSTEMPATH\View\View.php(216): CodeIgniter\View\View->CodeIgniter\View\{closure}()
 4 SYSTEMPATH\Common.php(1137): CodeIgniter\View\View->render('Tip_tracking/report_rentang_list_tip', [], true)
 5 APPPATH\Controllers\Tip.php(285): view('Tip_tracking/report_rentang_list_tip', [...])
 6 SYSTEMPATH\CodeIgniter.php(904): App\Controllers\Tip->reportrentangBulan()
 7 SYSTEMPATH\CodeIgniter.php(457): CodeIgniter\CodeIgniter->runController(Object(App\Controllers\Tip))
 8 SYSTEMPATH\CodeIgniter.php(340): CodeIgniter\CodeIgniter->handleRequest(null, Object(Config\Cache), false)
 9 FCPATH\index.php(67): CodeIgniter\CodeIgniter->run()
10 SYSTEMPATH\Commands\Server\rewrite.php(43): require_once('FCPATH\\index.php')
CRITICAL - 2023-09-04 08:48:25 --> Undefined variable: tampilkan_harian_chandra
in APPPATH\Views\Tip_tracking\report_rentang_list_tip.php on line 65.
 1 APPPATH\Views\Tip_tracking\report_rentang_list_tip.php(65): CodeIgniter\Debug\Exceptions->errorHandler(8, 'Undefined variable: tampilkan_harian_chandra', 'APPPATH\\Views\\Tip_tracking\\report_rentang_list_tip.php', 65, [...])
 2 SYSTEMPATH\View\View.php(213): include('APPPATH\\Views\\Tip_tracking\\report_rentang_list_tip.php')
 3 SYSTEMPATH\View\View.php(216): CodeIgniter\View\View->CodeIgniter\View\{closure}()
 4 SYSTEMPATH\Common.php(1137): CodeIgniter\View\View->render('Tip_tracking/report_rentang_list_tip', [], true)
 5 APPPATH\Controllers\Tip.php(284): view('Tip_tracking/report_rentang_list_tip', [...])
 6 SYSTEMPATH\CodeIgniter.php(904): App\Controllers\Tip->reportrentangBulan()
 7 SYSTEMPATH\CodeIgniter.php(457): CodeIgniter\CodeIgniter->runController(Object(App\Controllers\Tip))
 8 SYSTEMPATH\CodeIgniter.php(340): CodeIgniter\CodeIgniter->handleRequest(null, Object(Config\Cache), false)
 9 FCPATH\index.php(67): CodeIgniter\CodeIgniter->run()
10 SYSTEMPATH\Commands\Server\rewrite.php(43): require_once('FCPATH\\index.php')
CRITICAL - 2023-09-04 08:53:29 --> Undefined variable: tampilkan_harian_chandra
in APPPATH\Views\Tip_tracking\report_rentang_list_tip.php on line 65.
 1 APPPATH\Views\Tip_tracking\report_rentang_list_tip.php(65): CodeIgniter\Debug\Exceptions->errorHandler(8, 'Undefined variable: tampilkan_harian_chandra', 'APPPATH\\Views\\Tip_tracking\\report_rentang_list_tip.php', 65, [...])
 2 SYSTEMPATH\View\View.php(213): include('APPPATH\\Views\\Tip_tracking\\report_rentang_list_tip.php')
 3 SYSTEMPATH\View\View.php(216): CodeIgniter\View\View->CodeIgniter\View\{closure}()
 4 SYSTEMPATH\Common.php(1137): CodeIgniter\View\View->render('Tip_tracking/report_rentang_list_tip', [], true)
 5 APPPATH\Controllers\Tip.php(284): view('Tip_tracking/report_rentang_list_tip', [...])
 6 SYSTEMPATH\CodeIgniter.php(904): App\Controllers\Tip->reportrentangBulan()
 7 SYSTEMPATH\CodeIgniter.php(457): CodeIgniter\CodeIgniter->runController(Object(App\Controllers\Tip))
 8 SYSTEMPATH\CodeIgniter.php(340): CodeIgniter\CodeIgniter->handleRequest(null, Object(Config\Cache), false)
 9 FCPATH\index.php(67): CodeIgniter\CodeIgniter->run()
10 SYSTEMPATH\Commands\Server\rewrite.php(43): require_once('FCPATH\\index.php')
