CRITICAL - 2023-02-22 20:20:15 --> Call to undefined function bulan()
in APPPATH\Views\Tip_tracking\list_tip.php on line 40.
 1 SYSTEMPATH\View\View.php(213): include()
 2 SYSTEMPATH\View\View.php(216): CodeIgniter\View\View->CodeIgniter\View\{closure}()
 3 SYSTEMPATH\Common.php(1137): CodeIgniter\View\View->render('Tip_tracking/list_tip', [], true)
 4 APPPATH\Controllers\Tip.php(27): view('Tip_tracking/list_tip', [...])
 5 SYSTEMPATH\CodeIgniter.php(904): App\Controllers\Tip->viewListTip()
 6 SYSTEMPATH\CodeIgniter.php(457): CodeIgniter\CodeIgniter->runController(Object(App\Controllers\Tip))
 7 SYSTEMPATH\CodeIgniter.php(340): CodeIgniter\CodeIgniter->handleRequest(null, Object(Config\Cache), false)
 8 FCPATH\index.php(67): CodeIgniter\CodeIgniter->run()
 9 SYSTEMPATH\Commands\Server\rewrite.php(43): require_once('FCPATH\\index.php')
CRITICAL - 2023-02-22 20:28:57 --> Undefined variable: no
in APPPATH\Views\Tip_tracking\list_tip.php on line 34.
 1 APPPATH\Views\Tip_tracking\list_tip.php(34): CodeIgniter\Debug\Exceptions->errorHandler(8, 'Undefined variable: no', 'APPPATH\\Views\\Tip_tracking\\list_tip.php', 34, [...])
 2 SYSTEMPATH\View\View.php(213): include('APPPATH\\Views\\Tip_tracking\\list_tip.php')
 3 SYSTEMPATH\View\View.php(216): CodeIgniter\View\View->CodeIgniter\View\{closure}()
 4 SYSTEMPATH\Common.php(1137): CodeIgniter\View\View->render('Tip_tracking/list_tip', [], true)
 5 APPPATH\Controllers\Tip.php(27): view('Tip_tracking/list_tip', [...])
 6 SYSTEMPATH\CodeIgniter.php(904): App\Controllers\Tip->viewListTip()
 7 SYSTEMPATH\CodeIgniter.php(457): CodeIgniter\CodeIgniter->runController(Object(App\Controllers\Tip))
 8 SYSTEMPATH\CodeIgniter.php(340): CodeIgniter\CodeIgniter->handleRequest(null, Object(Config\Cache), false)
 9 FCPATH\index.php(67): CodeIgniter\CodeIgniter->run()
10 SYSTEMPATH\Commands\Server\rewrite.php(43): require_once('FCPATH\\index.php')
CRITICAL - 2023-02-22 20:29:29 --> Undefined variable: no
in APPPATH\Views\Tip_tracking\list_tip.php on line 34.
 1 APPPATH\Views\Tip_tracking\list_tip.php(34): CodeIgniter\Debug\Exceptions->errorHandler(8, 'Undefined variable: no', 'APPPATH\\Views\\Tip_tracking\\list_tip.php', 34, [...])
 2 SYSTEMPATH\View\View.php(213): include('APPPATH\\Views\\Tip_tracking\\list_tip.php')
 3 SYSTEMPATH\View\View.php(216): CodeIgniter\View\View->CodeIgniter\View\{closure}()
 4 SYSTEMPATH\Common.php(1137): CodeIgniter\View\View->render('Tip_tracking/list_tip', [], true)
 5 APPPATH\Controllers\Tip.php(27): view('Tip_tracking/list_tip', [...])
 6 SYSTEMPATH\CodeIgniter.php(904): App\Controllers\Tip->viewListTip()
 7 SYSTEMPATH\CodeIgniter.php(457): CodeIgniter\CodeIgniter->runController(Object(App\Controllers\Tip))
 8 SYSTEMPATH\CodeIgniter.php(340): CodeIgniter\CodeIgniter->handleRequest(null, Object(Config\Cache), false)
 9 FCPATH\index.php(67): CodeIgniter\CodeIgniter->run()
10 SYSTEMPATH\Commands\Server\rewrite.php(43): require_once('FCPATH\\index.php')
CRITICAL - 2023-02-22 20:31:54 --> Undefined variable: no
in APPPATH\Views\Tip_tracking\list_tip.php on line 34.
 1 APPPATH\Views\Tip_tracking\list_tip.php(34): CodeIgniter\Debug\Exceptions->errorHandler(8, 'Undefined variable: no', 'APPPATH\\Views\\Tip_tracking\\list_tip.php', 34, [...])
 2 SYSTEMPATH\View\View.php(213): include('APPPATH\\Views\\Tip_tracking\\list_tip.php')
 3 SYSTEMPATH\View\View.php(216): CodeIgniter\View\View->CodeIgniter\View\{closure}()
 4 SYSTEMPATH\Common.php(1137): CodeIgniter\View\View->render('Tip_tracking/list_tip', [], true)
 5 APPPATH\Controllers\Tip.php(27): view('Tip_tracking/list_tip', [...])
 6 SYSTEMPATH\CodeIgniter.php(904): App\Controllers\Tip->viewListTip()
 7 SYSTEMPATH\CodeIgniter.php(457): CodeIgniter\CodeIgniter->runController(Object(App\Controllers\Tip))
 8 SYSTEMPATH\CodeIgniter.php(340): CodeIgniter\CodeIgniter->handleRequest(null, Object(Config\Cache), false)
 9 FCPATH\index.php(67): CodeIgniter\CodeIgniter->run()
10 SYSTEMPATH\Commands\Server\rewrite.php(43): require_once('FCPATH\\index.php')
CRITICAL - 2023-02-22 20:41:04 --> Call to undefined method CodeIgniter\Database\MySQLi\Connection::select()
in APPPATH\Models\TipModel.php on line 12.
 1 APPPATH\Controllers\Tip.php(26): App\Models\TipModel->getDateTime()
 2 SYSTEMPATH\CodeIgniter.php(904): App\Controllers\Tip->viewListTip()
 3 SYSTEMPATH\CodeIgniter.php(457): CodeIgniter\CodeIgniter->runController(Object(App\Controllers\Tip))
 4 SYSTEMPATH\CodeIgniter.php(340): CodeIgniter\CodeIgniter->handleRequest(null, Object(Config\Cache), false)
 5 FCPATH\index.php(67): CodeIgniter\CodeIgniter->run()
 6 SYSTEMPATH\Commands\Server\rewrite.php(43): require_once('FCPATH\\index.php')
CRITICAL - 2023-02-22 20:41:23 --> Call to undefined method CodeIgniter\Database\MySQLi\Connection::select()
in APPPATH\Models\TipModel.php on line 12.
 1 APPPATH\Controllers\Tip.php(26): App\Models\TipModel->getDateTime()
 2 SYSTEMPATH\CodeIgniter.php(904): App\Controllers\Tip->viewListTip()
 3 SYSTEMPATH\CodeIgniter.php(457): CodeIgniter\CodeIgniter->runController(Object(App\Controllers\Tip))
 4 SYSTEMPATH\CodeIgniter.php(340): CodeIgniter\CodeIgniter->handleRequest(null, Object(Config\Cache), false)
 5 FCPATH\index.php(67): CodeIgniter\CodeIgniter->run()
 6 SYSTEMPATH\Commands\Server\rewrite.php(43): require_once('FCPATH\\index.php')
CRITICAL - 2023-02-22 20:44:14 --> Undefined index: id
in APPPATH\Views\Tip_tracking\list_tip.php on line 43.
 1 APPPATH\Views\Tip_tracking\list_tip.php(43): CodeIgniter\Debug\Exceptions->errorHandler(8, 'Undefined index: id', 'APPPATH\\Views\\Tip_tracking\\list_tip.php', 43, [...])
 2 SYSTEMPATH\View\View.php(213): include('APPPATH\\Views\\Tip_tracking\\list_tip.php')
 3 SYSTEMPATH\View\View.php(216): CodeIgniter\View\View->CodeIgniter\View\{closure}()
 4 SYSTEMPATH\Common.php(1137): CodeIgniter\View\View->render('Tip_tracking/list_tip', [], true)
 5 APPPATH\Controllers\Tip.php(28): view('Tip_tracking/list_tip', [...])
 6 SYSTEMPATH\CodeIgniter.php(904): App\Controllers\Tip->viewListTip()
 7 SYSTEMPATH\CodeIgniter.php(457): CodeIgniter\CodeIgniter->runController(Object(App\Controllers\Tip))
 8 SYSTEMPATH\CodeIgniter.php(340): CodeIgniter\CodeIgniter->handleRequest(null, Object(Config\Cache), false)
 9 FCPATH\index.php(67): CodeIgniter\CodeIgniter->run()
10 SYSTEMPATH\Commands\Server\rewrite.php(43): require_once('FCPATH\\index.php')
CRITICAL - 2023-02-22 20:44:29 --> Undefined index: id
in APPPATH\Views\Tip_tracking\list_tip.php on line 43.
 1 APPPATH\Views\Tip_tracking\list_tip.php(43): CodeIgniter\Debug\Exceptions->errorHandler(8, 'Undefined index: id', 'APPPATH\\Views\\Tip_tracking\\list_tip.php', 43, [...])
 2 SYSTEMPATH\View\View.php(213): include('APPPATH\\Views\\Tip_tracking\\list_tip.php')
 3 SYSTEMPATH\View\View.php(216): CodeIgniter\View\View->CodeIgniter\View\{closure}()
 4 SYSTEMPATH\Common.php(1137): CodeIgniter\View\View->render('Tip_tracking/list_tip', [], true)
 5 APPPATH\Controllers\Tip.php(28): view('Tip_tracking/list_tip', [...])
 6 SYSTEMPATH\CodeIgniter.php(904): App\Controllers\Tip->viewListTip()
 7 SYSTEMPATH\CodeIgniter.php(457): CodeIgniter\CodeIgniter->runController(Object(App\Controllers\Tip))
 8 SYSTEMPATH\CodeIgniter.php(340): CodeIgniter\CodeIgniter->handleRequest(null, Object(Config\Cache), false)
 9 FCPATH\index.php(67): CodeIgniter\CodeIgniter->run()
10 SYSTEMPATH\Commands\Server\rewrite.php(43): require_once('FCPATH\\index.php')
CRITICAL - 2023-02-22 21:21:18 --> You must set the database table to be used with your query.
in SYSTEMPATH\Database\BaseConnection.php on line 872.
 1 SYSTEMPATH\Model.php(586): CodeIgniter\Database\BaseConnection->table(null)
 2 SYSTEMPATH\Model.php(763): CodeIgniter\Model->builder()
 3 APPPATH\Controllers\Tip.php(24): CodeIgniter\Model->__call('getdataView', [])
 4 SYSTEMPATH\CodeIgniter.php(904): App\Controllers\Tip->viewListTip()
 5 SYSTEMPATH\CodeIgniter.php(457): CodeIgniter\CodeIgniter->runController(Object(App\Controllers\Tip))
 6 SYSTEMPATH\CodeIgniter.php(340): CodeIgniter\CodeIgniter->handleRequest(null, Object(Config\Cache), false)
 7 FCPATH\index.php(67): CodeIgniter\CodeIgniter->run()
 8 SYSTEMPATH\Commands\Server\rewrite.php(43): require_once('FCPATH\\index.php')
CRITICAL - 2023-02-22 21:21:55 --> Undefined variable: data_list
in APPPATH\Views\Tip_tracking\list_tip.php on line 190.
 1 APPPATH\Views\Tip_tracking\list_tip.php(190): CodeIgniter\Debug\Exceptions->errorHandler(8, 'Undefined variable: data_list', 'APPPATH\\Views\\Tip_tracking\\list_tip.php', 190, [...])
 2 SYSTEMPATH\View\View.php(213): include('APPPATH\\Views\\Tip_tracking\\list_tip.php')
 3 SYSTEMPATH\View\View.php(216): CodeIgniter\View\View->CodeIgniter\View\{closure}()
 4 SYSTEMPATH\Common.php(1137): CodeIgniter\View\View->render('Tip_tracking/list_tip', [], true)
 5 APPPATH\Controllers\Tip.php(28): view('Tip_tracking/list_tip', [...])
 6 SYSTEMPATH\CodeIgniter.php(904): App\Controllers\Tip->viewListTip()
 7 SYSTEMPATH\CodeIgniter.php(457): CodeIgniter\CodeIgniter->runController(Object(App\Controllers\Tip))
 8 SYSTEMPATH\CodeIgniter.php(340): CodeIgniter\CodeIgniter->handleRequest(null, Object(Config\Cache), false)
 9 FCPATH\index.php(67): CodeIgniter\CodeIgniter->run()
10 SYSTEMPATH\Commands\Server\rewrite.php(43): require_once('FCPATH\\index.php')
CRITICAL - 2023-02-22 21:26:57 --> Undefined variable: data_dono
in APPPATH\Views\Tip_tracking\list_tip.php on line 103.
 1 APPPATH\Views\Tip_tracking\list_tip.php(103): CodeIgniter\Debug\Exceptions->errorHandler(8, 'Undefined variable: data_dono', 'APPPATH\\Views\\Tip_tracking\\list_tip.php', 103, [...])
 2 SYSTEMPATH\View\View.php(213): include('APPPATH\\Views\\Tip_tracking\\list_tip.php')
 3 SYSTEMPATH\View\View.php(216): CodeIgniter\View\View->CodeIgniter\View\{closure}()
 4 SYSTEMPATH\Common.php(1137): CodeIgniter\View\View->render('Tip_tracking/list_tip', [], true)
 5 APPPATH\Controllers\Tip.php(23): view('Tip_tracking/list_tip', [...])
 6 SYSTEMPATH\CodeIgniter.php(904): App\Controllers\Tip->viewListTip()
 7 SYSTEMPATH\CodeIgniter.php(457): CodeIgniter\CodeIgniter->runController(Object(App\Controllers\Tip))
 8 SYSTEMPATH\CodeIgniter.php(340): CodeIgniter\CodeIgniter->handleRequest(null, Object(Config\Cache), false)
 9 FCPATH\index.php(67): CodeIgniter\CodeIgniter->run()
10 SYSTEMPATH\Commands\Server\rewrite.php(43): require_once('FCPATH\\index.php')
CRITICAL - 2023-02-22 21:26:58 --> Undefined variable: data_dono
in APPPATH\Views\Tip_tracking\list_tip.php on line 103.
 1 APPPATH\Views\Tip_tracking\list_tip.php(103): CodeIgniter\Debug\Exceptions->errorHandler(8, 'Undefined variable: data_dono', 'APPPATH\\Views\\Tip_tracking\\list_tip.php', 103, [...])
 2 SYSTEMPATH\View\View.php(213): include('APPPATH\\Views\\Tip_tracking\\list_tip.php')
 3 SYSTEMPATH\View\View.php(216): CodeIgniter\View\View->CodeIgniter\View\{closure}()
 4 SYSTEMPATH\Common.php(1137): CodeIgniter\View\View->render('Tip_tracking/list_tip', [], true)
 5 APPPATH\Controllers\Tip.php(23): view('Tip_tracking/list_tip', [...])
 6 SYSTEMPATH\CodeIgniter.php(904): App\Controllers\Tip->viewListTip()
 7 SYSTEMPATH\CodeIgniter.php(457): CodeIgniter\CodeIgniter->runController(Object(App\Controllers\Tip))
 8 SYSTEMPATH\CodeIgniter.php(340): CodeIgniter\CodeIgniter->handleRequest(null, Object(Config\Cache), false)
 9 FCPATH\index.php(67): CodeIgniter\CodeIgniter->run()
10 SYSTEMPATH\Commands\Server\rewrite.php(43): require_once('FCPATH\\index.php')
CRITICAL - 2023-02-22 21:26:59 --> Undefined variable: data_dono
in APPPATH\Views\Tip_tracking\list_tip.php on line 103.
 1 APPPATH\Views\Tip_tracking\list_tip.php(103): CodeIgniter\Debug\Exceptions->errorHandler(8, 'Undefined variable: data_dono', 'APPPATH\\Views\\Tip_tracking\\list_tip.php', 103, [...])
 2 SYSTEMPATH\View\View.php(213): include('APPPATH\\Views\\Tip_tracking\\list_tip.php')
 3 SYSTEMPATH\View\View.php(216): CodeIgniter\View\View->CodeIgniter\View\{closure}()
 4 SYSTEMPATH\Common.php(1137): CodeIgniter\View\View->render('Tip_tracking/list_tip', [], true)
 5 APPPATH\Controllers\Tip.php(23): view('Tip_tracking/list_tip', [...])
 6 SYSTEMPATH\CodeIgniter.php(904): App\Controllers\Tip->viewListTip()
 7 SYSTEMPATH\CodeIgniter.php(457): CodeIgniter\CodeIgniter->runController(Object(App\Controllers\Tip))
 8 SYSTEMPATH\CodeIgniter.php(340): CodeIgniter\CodeIgniter->handleRequest(null, Object(Config\Cache), false)
 9 FCPATH\index.php(67): CodeIgniter\CodeIgniter->run()
10 SYSTEMPATH\Commands\Server\rewrite.php(43): require_once('FCPATH\\index.php')
CRITICAL - 2023-02-22 21:27:00 --> Undefined variable: data_dono
in APPPATH\Views\Tip_tracking\list_tip.php on line 103.
 1 APPPATH\Views\Tip_tracking\list_tip.php(103): CodeIgniter\Debug\Exceptions->errorHandler(8, 'Undefined variable: data_dono', 'APPPATH\\Views\\Tip_tracking\\list_tip.php', 103, [...])
 2 SYSTEMPATH\View\View.php(213): include('APPPATH\\Views\\Tip_tracking\\list_tip.php')
 3 SYSTEMPATH\View\View.php(216): CodeIgniter\View\View->CodeIgniter\View\{closure}()
 4 SYSTEMPATH\Common.php(1137): CodeIgniter\View\View->render('Tip_tracking/list_tip', [], true)
 5 APPPATH\Controllers\Tip.php(23): view('Tip_tracking/list_tip', [...])
 6 SYSTEMPATH\CodeIgniter.php(904): App\Controllers\Tip->viewListTip()
 7 SYSTEMPATH\CodeIgniter.php(457): CodeIgniter\CodeIgniter->runController(Object(App\Controllers\Tip))
 8 SYSTEMPATH\CodeIgniter.php(340): CodeIgniter\CodeIgniter->handleRequest(null, Object(Config\Cache), false)
 9 FCPATH\index.php(67): CodeIgniter\CodeIgniter->run()
10 SYSTEMPATH\Commands\Server\rewrite.php(43): require_once('FCPATH\\index.php')
CRITICAL - 2023-02-22 21:27:00 --> Undefined variable: data_dono
in APPPATH\Views\Tip_tracking\list_tip.php on line 103.
 1 APPPATH\Views\Tip_tracking\list_tip.php(103): CodeIgniter\Debug\Exceptions->errorHandler(8, 'Undefined variable: data_dono', 'APPPATH\\Views\\Tip_tracking\\list_tip.php', 103, [...])
 2 SYSTEMPATH\View\View.php(213): include('APPPATH\\Views\\Tip_tracking\\list_tip.php')
 3 SYSTEMPATH\View\View.php(216): CodeIgniter\View\View->CodeIgniter\View\{closure}()
 4 SYSTEMPATH\Common.php(1137): CodeIgniter\View\View->render('Tip_tracking/list_tip', [], true)
 5 APPPATH\Controllers\Tip.php(23): view('Tip_tracking/list_tip', [...])
 6 SYSTEMPATH\CodeIgniter.php(904): App\Controllers\Tip->viewListTip()
 7 SYSTEMPATH\CodeIgniter.php(457): CodeIgniter\CodeIgniter->runController(Object(App\Controllers\Tip))
 8 SYSTEMPATH\CodeIgniter.php(340): CodeIgniter\CodeIgniter->handleRequest(null, Object(Config\Cache), false)
 9 FCPATH\index.php(67): CodeIgniter\CodeIgniter->run()
10 SYSTEMPATH\Commands\Server\rewrite.php(43): require_once('FCPATH\\index.php')
CRITICAL - 2023-02-22 21:27:01 --> Undefined variable: data_dono
in APPPATH\Views\Tip_tracking\list_tip.php on line 103.
 1 APPPATH\Views\Tip_tracking\list_tip.php(103): CodeIgniter\Debug\Exceptions->errorHandler(8, 'Undefined variable: data_dono', 'APPPATH\\Views\\Tip_tracking\\list_tip.php', 103, [...])
 2 SYSTEMPATH\View\View.php(213): include('APPPATH\\Views\\Tip_tracking\\list_tip.php')
 3 SYSTEMPATH\View\View.php(216): CodeIgniter\View\View->CodeIgniter\View\{closure}()
 4 SYSTEMPATH\Common.php(1137): CodeIgniter\View\View->render('Tip_tracking/list_tip', [], true)
 5 APPPATH\Controllers\Tip.php(23): view('Tip_tracking/list_tip', [...])
 6 SYSTEMPATH\CodeIgniter.php(904): App\Controllers\Tip->viewListTip()
 7 SYSTEMPATH\CodeIgniter.php(457): CodeIgniter\CodeIgniter->runController(Object(App\Controllers\Tip))
 8 SYSTEMPATH\CodeIgniter.php(340): CodeIgniter\CodeIgniter->handleRequest(null, Object(Config\Cache), false)
 9 FCPATH\index.php(67): CodeIgniter\CodeIgniter->run()
10 SYSTEMPATH\Commands\Server\rewrite.php(43): require_once('FCPATH\\index.php')
CRITICAL - 2023-02-22 21:27:01 --> Undefined variable: data_dono
in APPPATH\Views\Tip_tracking\list_tip.php on line 103.
 1 APPPATH\Views\Tip_tracking\list_tip.php(103): CodeIgniter\Debug\Exceptions->errorHandler(8, 'Undefined variable: data_dono', 'APPPATH\\Views\\Tip_tracking\\list_tip.php', 103, [...])
 2 SYSTEMPATH\View\View.php(213): include('APPPATH\\Views\\Tip_tracking\\list_tip.php')
 3 SYSTEMPATH\View\View.php(216): CodeIgniter\View\View->CodeIgniter\View\{closure}()
 4 SYSTEMPATH\Common.php(1137): CodeIgniter\View\View->render('Tip_tracking/list_tip', [], true)
 5 APPPATH\Controllers\Tip.php(23): view('Tip_tracking/list_tip', [...])
 6 SYSTEMPATH\CodeIgniter.php(904): App\Controllers\Tip->viewListTip()
 7 SYSTEMPATH\CodeIgniter.php(457): CodeIgniter\CodeIgniter->runController(Object(App\Controllers\Tip))
 8 SYSTEMPATH\CodeIgniter.php(340): CodeIgniter\CodeIgniter->handleRequest(null, Object(Config\Cache), false)
 9 FCPATH\index.php(67): CodeIgniter\CodeIgniter->run()
10 SYSTEMPATH\Commands\Server\rewrite.php(43): require_once('FCPATH\\index.php')
CRITICAL - 2023-02-22 21:27:01 --> Undefined variable: data_dono
in APPPATH\Views\Tip_tracking\list_tip.php on line 103.
 1 APPPATH\Views\Tip_tracking\list_tip.php(103): CodeIgniter\Debug\Exceptions->errorHandler(8, 'Undefined variable: data_dono', 'APPPATH\\Views\\Tip_tracking\\list_tip.php', 103, [...])
 2 SYSTEMPATH\View\View.php(213): include('APPPATH\\Views\\Tip_tracking\\list_tip.php')
 3 SYSTEMPATH\View\View.php(216): CodeIgniter\View\View->CodeIgniter\View\{closure}()
 4 SYSTEMPATH\Common.php(1137): CodeIgniter\View\View->render('Tip_tracking/list_tip', [], true)
 5 APPPATH\Controllers\Tip.php(23): view('Tip_tracking/list_tip', [...])
 6 SYSTEMPATH\CodeIgniter.php(904): App\Controllers\Tip->viewListTip()
 7 SYSTEMPATH\CodeIgniter.php(457): CodeIgniter\CodeIgniter->runController(Object(App\Controllers\Tip))
 8 SYSTEMPATH\CodeIgniter.php(340): CodeIgniter\CodeIgniter->handleRequest(null, Object(Config\Cache), false)
 9 FCPATH\index.php(67): CodeIgniter\CodeIgniter->run()
10 SYSTEMPATH\Commands\Server\rewrite.php(43): require_once('FCPATH\\index.php')
CRITICAL - 2023-02-22 21:27:02 --> Undefined variable: data_dono
in APPPATH\Views\Tip_tracking\list_tip.php on line 103.
 1 APPPATH\Views\Tip_tracking\list_tip.php(103): CodeIgniter\Debug\Exceptions->errorHandler(8, 'Undefined variable: data_dono', 'APPPATH\\Views\\Tip_tracking\\list_tip.php', 103, [...])
 2 SYSTEMPATH\View\View.php(213): include('APPPATH\\Views\\Tip_tracking\\list_tip.php')
 3 SYSTEMPATH\View\View.php(216): CodeIgniter\View\View->CodeIgniter\View\{closure}()
 4 SYSTEMPATH\Common.php(1137): CodeIgniter\View\View->render('Tip_tracking/list_tip', [], true)
 5 APPPATH\Controllers\Tip.php(23): view('Tip_tracking/list_tip', [...])
 6 SYSTEMPATH\CodeIgniter.php(904): App\Controllers\Tip->viewListTip()
 7 SYSTEMPATH\CodeIgniter.php(457): CodeIgniter\CodeIgniter->runController(Object(App\Controllers\Tip))
 8 SYSTEMPATH\CodeIgniter.php(340): CodeIgniter\CodeIgniter->handleRequest(null, Object(Config\Cache), false)
 9 FCPATH\index.php(67): CodeIgniter\CodeIgniter->run()
10 SYSTEMPATH\Commands\Server\rewrite.php(43): require_once('FCPATH\\index.php')
CRITICAL - 2023-02-22 21:27:02 --> Undefined variable: data_dono
in APPPATH\Views\Tip_tracking\list_tip.php on line 103.
 1 APPPATH\Views\Tip_tracking\list_tip.php(103): CodeIgniter\Debug\Exceptions->errorHandler(8, 'Undefined variable: data_dono', 'APPPATH\\Views\\Tip_tracking\\list_tip.php', 103, [...])
 2 SYSTEMPATH\View\View.php(213): include('APPPATH\\Views\\Tip_tracking\\list_tip.php')
 3 SYSTEMPATH\View\View.php(216): CodeIgniter\View\View->CodeIgniter\View\{closure}()
 4 SYSTEMPATH\Common.php(1137): CodeIgniter\View\View->render('Tip_tracking/list_tip', [], true)
 5 APPPATH\Controllers\Tip.php(23): view('Tip_tracking/list_tip', [...])
 6 SYSTEMPATH\CodeIgniter.php(904): App\Controllers\Tip->viewListTip()
 7 SYSTEMPATH\CodeIgniter.php(457): CodeIgniter\CodeIgniter->runController(Object(App\Controllers\Tip))
 8 SYSTEMPATH\CodeIgniter.php(340): CodeIgniter\CodeIgniter->handleRequest(null, Object(Config\Cache), false)
 9 FCPATH\index.php(67): CodeIgniter\CodeIgniter->run()
10 SYSTEMPATH\Commands\Server\rewrite.php(43): require_once('FCPATH\\index.php')
CRITICAL - 2023-02-22 21:27:04 --> Undefined variable: data_dono
in APPPATH\Views\Tip_tracking\list_tip.php on line 103.
 1 APPPATH\Views\Tip_tracking\list_tip.php(103): CodeIgniter\Debug\Exceptions->errorHandler(8, 'Undefined variable: data_dono', 'APPPATH\\Views\\Tip_tracking\\list_tip.php', 103, [...])
 2 SYSTEMPATH\View\View.php(213): include('APPPATH\\Views\\Tip_tracking\\list_tip.php')
 3 SYSTEMPATH\View\View.php(216): CodeIgniter\View\View->CodeIgniter\View\{closure}()
 4 SYSTEMPATH\Common.php(1137): CodeIgniter\View\View->render('Tip_tracking/list_tip', [], true)
 5 APPPATH\Controllers\Tip.php(23): view('Tip_tracking/list_tip', [...])
 6 SYSTEMPATH\CodeIgniter.php(904): App\Controllers\Tip->viewListTip()
 7 SYSTEMPATH\CodeIgniter.php(457): CodeIgniter\CodeIgniter->runController(Object(App\Controllers\Tip))
 8 SYSTEMPATH\CodeIgniter.php(340): CodeIgniter\CodeIgniter->handleRequest(null, Object(Config\Cache), false)
 9 FCPATH\index.php(67): CodeIgniter\CodeIgniter->run()
10 SYSTEMPATH\Commands\Server\rewrite.php(43): require_once('FCPATH\\index.php')
CRITICAL - 2023-02-22 21:27:45 --> You must set the database table to be used with your query.
in SYSTEMPATH\Database\BaseConnection.php on line 872.
 1 SYSTEMPATH\Model.php(586): CodeIgniter\Database\BaseConnection->table(null)
 2 SYSTEMPATH\Model.php(763): CodeIgniter\Model->builder()
 3 APPPATH\Controllers\Tip.php(24): CodeIgniter\Model->__call('getdataView', [])
 4 SYSTEMPATH\CodeIgniter.php(904): App\Controllers\Tip->viewListTip()
 5 SYSTEMPATH\CodeIgniter.php(457): CodeIgniter\CodeIgniter->runController(Object(App\Controllers\Tip))
 6 SYSTEMPATH\CodeIgniter.php(340): CodeIgniter\CodeIgniter->handleRequest(null, Object(Config\Cache), false)
 7 FCPATH\index.php(67): CodeIgniter\CodeIgniter->run()
 8 SYSTEMPATH\Commands\Server\rewrite.php(43): require_once('FCPATH\\index.php')
CRITICAL - 2023-02-22 21:28:07 --> Undefined variable: data_dono
in APPPATH\Views\Tip_tracking\list_tip.php on line 103.
 1 APPPATH\Views\Tip_tracking\list_tip.php(103): CodeIgniter\Debug\Exceptions->errorHandler(8, 'Undefined variable: data_dono', 'APPPATH\\Views\\Tip_tracking\\list_tip.php', 103, [...])
 2 SYSTEMPATH\View\View.php(213): include('APPPATH\\Views\\Tip_tracking\\list_tip.php')
 3 SYSTEMPATH\View\View.php(216): CodeIgniter\View\View->CodeIgniter\View\{closure}()
 4 SYSTEMPATH\Common.php(1137): CodeIgniter\View\View->render('Tip_tracking/list_tip', [], true)
 5 APPPATH\Controllers\Tip.php(28): view('Tip_tracking/list_tip', [...])
 6 SYSTEMPATH\CodeIgniter.php(904): App\Controllers\Tip->viewListTip()
 7 SYSTEMPATH\CodeIgniter.php(457): CodeIgniter\CodeIgniter->runController(Object(App\Controllers\Tip))
 8 SYSTEMPATH\CodeIgniter.php(340): CodeIgniter\CodeIgniter->handleRequest(null, Object(Config\Cache), false)
 9 FCPATH\index.php(67): CodeIgniter\CodeIgniter->run()
10 SYSTEMPATH\Commands\Server\rewrite.php(43): require_once('FCPATH\\index.php')
CRITICAL - 2023-02-22 21:28:51 --> Undefined variable: data_value
in APPPATH\Views\Tip_tracking\list_tip.php on line 126.
 1 APPPATH\Views\Tip_tracking\list_tip.php(126): CodeIgniter\Debug\Exceptions->errorHandler(8, 'Undefined variable: data_value', 'APPPATH\\Views\\Tip_tracking\\list_tip.php', 126, [...])
 2 SYSTEMPATH\View\View.php(213): include('APPPATH\\Views\\Tip_tracking\\list_tip.php')
 3 SYSTEMPATH\View\View.php(216): CodeIgniter\View\View->CodeIgniter\View\{closure}()
 4 SYSTEMPATH\Common.php(1137): CodeIgniter\View\View->render('Tip_tracking/list_tip', [], true)
 5 APPPATH\Controllers\Tip.php(28): view('Tip_tracking/list_tip', [...])
 6 SYSTEMPATH\CodeIgniter.php(904): App\Controllers\Tip->viewListTip()
 7 SYSTEMPATH\CodeIgniter.php(457): CodeIgniter\CodeIgniter->runController(Object(App\Controllers\Tip))
 8 SYSTEMPATH\CodeIgniter.php(340): CodeIgniter\CodeIgniter->handleRequest(null, Object(Config\Cache), false)
 9 FCPATH\index.php(67): CodeIgniter\CodeIgniter->run()
10 SYSTEMPATH\Commands\Server\rewrite.php(43): require_once('FCPATH\\index.php')
CRITICAL - 2023-02-22 21:28:58 --> You must set the database table to be used with your query.
in SYSTEMPATH\Database\BaseConnection.php on line 872.
 1 SYSTEMPATH\Model.php(586): CodeIgniter\Database\BaseConnection->table(null)
 2 SYSTEMPATH\Model.php(763): CodeIgniter\Model->builder()
 3 APPPATH\Controllers\Tip.php(24): CodeIgniter\Model->__call('getdataView', [])
 4 SYSTEMPATH\CodeIgniter.php(904): App\Controllers\Tip->viewListTip()
 5 SYSTEMPATH\CodeIgniter.php(457): CodeIgniter\CodeIgniter->runController(Object(App\Controllers\Tip))
 6 SYSTEMPATH\CodeIgniter.php(340): CodeIgniter\CodeIgniter->handleRequest(null, Object(Config\Cache), false)
 7 FCPATH\index.php(67): CodeIgniter\CodeIgniter->run()
 8 SYSTEMPATH\Commands\Server\rewrite.php(43): require_once('FCPATH\\index.php')
CRITICAL - 2023-02-22 21:29:11 --> You must set the database table to be used with your query.
in SYSTEMPATH\Database\BaseConnection.php on line 872.
 1 SYSTEMPATH\Model.php(586): CodeIgniter\Database\BaseConnection->table(null)
 2 SYSTEMPATH\Model.php(763): CodeIgniter\Model->builder()
 3 APPPATH\Controllers\Tip.php(40): CodeIgniter\Model->__call('getdataView', [])
 4 SYSTEMPATH\CodeIgniter.php(904): App\Controllers\Tip->viewListTipbydatetime()
 5 SYSTEMPATH\CodeIgniter.php(457): CodeIgniter\CodeIgniter->runController(Object(App\Controllers\Tip))
 6 SYSTEMPATH\CodeIgniter.php(340): CodeIgniter\CodeIgniter->handleRequest(null, Object(Config\Cache), false)
 7 FCPATH\index.php(67): CodeIgniter\CodeIgniter->run()
 8 SYSTEMPATH\Commands\Server\rewrite.php(43): require_once('FCPATH\\index.php')
ERROR - 2023-02-22 21:29:34 --> mysqli_sql_exception: Unknown column 'January' in 'where clause' in C:\xampp\htdocs\tracking\system\Database\MySQLi\Connection.php:292
Stack trace:
#0 C:\xampp\htdocs\tracking\system\Database\MySQLi\Connection.php(292): mysqli->query('SELECT tblmas_t...', 0)
#1 C:\xampp\htdocs\tracking\system\Database\BaseConnection.php(693): CodeIgniter\Database\MySQLi\Connection->execute('SELECT tblmas_t...')
#2 C:\xampp\htdocs\tracking\system\Database\BaseConnection.php(620): CodeIgniter\Database\BaseConnection->simpleQuery('SELECT tblmas_t...')
#3 C:\xampp\htdocs\tracking\app\Models\TipModel.php(24): CodeIgniter\Database\BaseConnection->query('SELECT tblmas_t...')
#4 C:\xampp\htdocs\tracking\app\Controllers\Tip.php(42): App\Models\TipModel->getdataperDateTime('January', '2023')
#5 C:\xampp\htdocs\tracking\system\CodeIgniter.php(904): App\Controllers\Tip->viewListTipbydatetime()
#6 C:\xampp\htdocs\tracking\system\CodeIgniter.php(457): CodeIgniter\CodeIgniter->runController(Object(App\Controllers\Tip))
#7 C:\xampp\htdocs\tracking\system\CodeIgniter.php(340): CodeIgniter\CodeIgniter->handleRequest(NULL, Object(Config\Cache), false)
#8 C:\xampp\htdocs\tracking\public\index.php(67): CodeIgniter\CodeIgniter->run()
#9 C:\xampp\htdocs\tracking\system\Commands\Server\rewrite.php(43): require_once('C:\\xampp\\htdocs...')
#10 {main}
CRITICAL - 2023-02-22 21:29:34 --> Unknown column 'January' in 'where clause'
in SYSTEMPATH\Database\MySQLi\Connection.php on line 292.
 1 SYSTEMPATH\Database\MySQLi\Connection.php(292): mysqli->query('SELECT tblmas_tip_tracking.*, GROUP_CONCAT(tblmas_detail_tip_tracking.doID) AS donoo,COUNT(tbltrn_do1.dono) AS dono, tblmas_customer.customername AS customer 
                    FROM tblmas_tip_tracking
                        JOIN tblmas_detail_tip_tracking ON tblmas_tip_tracking.id = tblmas_detail_tip_tracking.tipID
                            JOIN tbltrn_do1 ON tbltrn_do1.dono = tblmas_detail_tip_tracking.doID
                                JOIN tblmas_customer ON tblmas_customer.idcustomer = tbltrn_do1.idcustomer
                                    WHERE tbltrn_do1.stsdosent = 1 AND tblmas_tip_tracking.start_time = January AND tblmas_tip_tracking.start_time = 2023
                                        GROUP BY tblmas_tip_tracking.id ASC', 0)
 2 SYSTEMPATH\Database\BaseConnection.php(693): CodeIgniter\Database\MySQLi\Connection->execute('SELECT tblmas_tip_tracking.*, GROUP_CONCAT(tblmas_detail_tip_tracking.doID) AS donoo,COUNT(tbltrn_do1.dono) AS dono, tblmas_customer.customername AS customer 
                    FROM tblmas_tip_tracking
                        JOIN tblmas_detail_tip_tracking ON tblmas_tip_tracking.id = tblmas_detail_tip_tracking.tipID
                            JOIN tbltrn_do1 ON tbltrn_do1.dono = tblmas_detail_tip_tracking.doID
                                JOIN tblmas_customer ON tblmas_customer.idcustomer = tbltrn_do1.idcustomer
                                    WHERE tbltrn_do1.stsdosent = 1 AND tblmas_tip_tracking.start_time = January AND tblmas_tip_tracking.start_time = 2023
                                        GROUP BY tblmas_tip_tracking.id ASC')
 3 SYSTEMPATH\Database\BaseConnection.php(620): CodeIgniter\Database\BaseConnection->simpleQuery('SELECT tblmas_tip_tracking.*, GROUP_CONCAT(tblmas_detail_tip_tracking.doID) AS donoo,COUNT(tbltrn_do1.dono) AS dono, tblmas_customer.customername AS customer 
                    FROM tblmas_tip_tracking
                        JOIN tblmas_detail_tip_tracking ON tblmas_tip_tracking.id = tblmas_detail_tip_tracking.tipID
                            JOIN tbltrn_do1 ON tbltrn_do1.dono = tblmas_detail_tip_tracking.doID
                                JOIN tblmas_customer ON tblmas_customer.idcustomer = tbltrn_do1.idcustomer
                                    WHERE tbltrn_do1.stsdosent = 1 AND tblmas_tip_tracking.start_time = January AND tblmas_tip_tracking.start_time = 2023
                                        GROUP BY tblmas_tip_tracking.id ASC')
 4 APPPATH\Models\TipModel.php(24): CodeIgniter\Database\BaseConnection->query('SELECT tblmas_tip_tracking.*, GROUP_CONCAT(tblmas_detail_tip_tracking.doID) AS donoo,COUNT(tbltrn_do1.dono) AS dono, tblmas_customer.customername AS customer 
                    FROM tblmas_tip_tracking
                        JOIN tblmas_detail_tip_tracking ON tblmas_tip_tracking.id = tblmas_detail_tip_tracking.tipID
                            JOIN tbltrn_do1 ON tbltrn_do1.dono = tblmas_detail_tip_tracking.doID
                                JOIN tblmas_customer ON tblmas_customer.idcustomer = tbltrn_do1.idcustomer
                                    WHERE tbltrn_do1.stsdosent = 1 AND tblmas_tip_tracking.start_time = January AND tblmas_tip_tracking.start_time = 2023
                                        GROUP BY tblmas_tip_tracking.id ASC')
 5 APPPATH\Controllers\Tip.php(42): App\Models\TipModel->getdataperDateTime('January', '2023')
 6 SYSTEMPATH\CodeIgniter.php(904): App\Controllers\Tip->viewListTipbydatetime()
 7 SYSTEMPATH\CodeIgniter.php(457): CodeIgniter\CodeIgniter->runController(Object(App\Controllers\Tip))
 8 SYSTEMPATH\CodeIgniter.php(340): CodeIgniter\CodeIgniter->handleRequest(null, Object(Config\Cache), false)
 9 FCPATH\index.php(67): CodeIgniter\CodeIgniter->run()
10 SYSTEMPATH\Commands\Server\rewrite.php(43): require_once('FCPATH\\index.php')
ERROR - 2023-02-22 21:30:18 --> mysqli_sql_exception: Unknown column 'January' in 'where clause' in C:\xampp\htdocs\tracking\system\Database\MySQLi\Connection.php:292
Stack trace:
#0 C:\xampp\htdocs\tracking\system\Database\MySQLi\Connection.php(292): mysqli->query('SELECT tblmas_t...', 0)
#1 C:\xampp\htdocs\tracking\system\Database\BaseConnection.php(693): CodeIgniter\Database\MySQLi\Connection->execute('SELECT tblmas_t...')
#2 C:\xampp\htdocs\tracking\system\Database\BaseConnection.php(620): CodeIgniter\Database\BaseConnection->simpleQuery('SELECT tblmas_t...')
#3 C:\xampp\htdocs\tracking\app\Models\TipModel.php(24): CodeIgniter\Database\BaseConnection->query('SELECT tblmas_t...')
#4 C:\xampp\htdocs\tracking\app\Controllers\Tip.php(42): App\Models\TipModel->getdataperDateTime('January', '2023')
#5 C:\xampp\htdocs\tracking\system\CodeIgniter.php(904): App\Controllers\Tip->viewListTipbydatetime()
#6 C:\xampp\htdocs\tracking\system\CodeIgniter.php(457): CodeIgniter\CodeIgniter->runController(Object(App\Controllers\Tip))
#7 C:\xampp\htdocs\tracking\system\CodeIgniter.php(340): CodeIgniter\CodeIgniter->handleRequest(NULL, Object(Config\Cache), false)
#8 C:\xampp\htdocs\tracking\public\index.php(67): CodeIgniter\CodeIgniter->run()
#9 C:\xampp\htdocs\tracking\system\Commands\Server\rewrite.php(43): require_once('C:\\xampp\\htdocs...')
#10 {main}
CRITICAL - 2023-02-22 21:30:18 --> Unknown column 'January' in 'where clause'
in SYSTEMPATH\Database\MySQLi\Connection.php on line 292.
 1 SYSTEMPATH\Database\MySQLi\Connection.php(292): mysqli->query('SELECT tblmas_tip_tracking.*, GROUP_CONCAT(tblmas_detail_tip_tracking.doID) AS donoo,COUNT(tbltrn_do1.dono) AS dono, tblmas_customer.customername AS customer 
                    FROM tblmas_tip_tracking
                        JOIN tblmas_detail_tip_tracking ON tblmas_tip_tracking.id = tblmas_detail_tip_tracking.tipID
                            JOIN tbltrn_do1 ON tbltrn_do1.dono = tblmas_detail_tip_tracking.doID
                                JOIN tblmas_customer ON tblmas_customer.idcustomer = tbltrn_do1.idcustomer
                                    WHERE tbltrn_do1.stsdosent = 1 AND tblmas_tip_tracking.start_time = January AND tblmas_tip_tracking.start_time = 2023
                                        GROUP BY tblmas_tip_tracking.id ASC', 0)
 2 SYSTEMPATH\Database\BaseConnection.php(693): CodeIgniter\Database\MySQLi\Connection->execute('SELECT tblmas_tip_tracking.*, GROUP_CONCAT(tblmas_detail_tip_tracking.doID) AS donoo,COUNT(tbltrn_do1.dono) AS dono, tblmas_customer.customername AS customer 
                    FROM tblmas_tip_tracking
                        JOIN tblmas_detail_tip_tracking ON tblmas_tip_tracking.id = tblmas_detail_tip_tracking.tipID
                            JOIN tbltrn_do1 ON tbltrn_do1.dono = tblmas_detail_tip_tracking.doID
                                JOIN tblmas_customer ON tblmas_customer.idcustomer = tbltrn_do1.idcustomer
                                    WHERE tbltrn_do1.stsdosent = 1 AND tblmas_tip_tracking.start_time = January AND tblmas_tip_tracking.start_time = 2023
                                        GROUP BY tblmas_tip_tracking.id ASC')
 3 SYSTEMPATH\Database\BaseConnection.php(620): CodeIgniter\Database\BaseConnection->simpleQuery('SELECT tblmas_tip_tracking.*, GROUP_CONCAT(tblmas_detail_tip_tracking.doID) AS donoo,COUNT(tbltrn_do1.dono) AS dono, tblmas_customer.customername AS customer 
                    FROM tblmas_tip_tracking
                        JOIN tblmas_detail_tip_tracking ON tblmas_tip_tracking.id = tblmas_detail_tip_tracking.tipID
                            JOIN tbltrn_do1 ON tbltrn_do1.dono = tblmas_detail_tip_tracking.doID
                                JOIN tblmas_customer ON tblmas_customer.idcustomer = tbltrn_do1.idcustomer
                                    WHERE tbltrn_do1.stsdosent = 1 AND tblmas_tip_tracking.start_time = January AND tblmas_tip_tracking.start_time = 2023
                                        GROUP BY tblmas_tip_tracking.id ASC')
 4 APPPATH\Models\TipModel.php(24): CodeIgniter\Database\BaseConnection->query('SELECT tblmas_tip_tracking.*, GROUP_CONCAT(tblmas_detail_tip_tracking.doID) AS donoo,COUNT(tbltrn_do1.dono) AS dono, tblmas_customer.customername AS customer 
                    FROM tblmas_tip_tracking
                        JOIN tblmas_detail_tip_tracking ON tblmas_tip_tracking.id = tblmas_detail_tip_tracking.tipID
                            JOIN tbltrn_do1 ON tbltrn_do1.dono = tblmas_detail_tip_tracking.doID
                                JOIN tblmas_customer ON tblmas_customer.idcustomer = tbltrn_do1.idcustomer
                                    WHERE tbltrn_do1.stsdosent = 1 AND tblmas_tip_tracking.start_time = January AND tblmas_tip_tracking.start_time = 2023
                                        GROUP BY tblmas_tip_tracking.id ASC')
 5 APPPATH\Controllers\Tip.php(42): App\Models\TipModel->getdataperDateTime('January', '2023')
 6 SYSTEMPATH\CodeIgniter.php(904): App\Controllers\Tip->viewListTipbydatetime()
 7 SYSTEMPATH\CodeIgniter.php(457): CodeIgniter\CodeIgniter->runController(Object(App\Controllers\Tip))
 8 SYSTEMPATH\CodeIgniter.php(340): CodeIgniter\CodeIgniter->handleRequest(null, Object(Config\Cache), false)
 9 FCPATH\index.php(67): CodeIgniter\CodeIgniter->run()
10 SYSTEMPATH\Commands\Server\rewrite.php(43): require_once('FCPATH\\index.php')
ERROR - 2023-02-22 21:31:47 --> mysqli_sql_exception: Unknown column 'January' in 'where clause' in C:\xampp\htdocs\tracking\system\Database\MySQLi\Connection.php:292
Stack trace:
#0 C:\xampp\htdocs\tracking\system\Database\MySQLi\Connection.php(292): mysqli->query('SELECT tblmas_t...', 0)
#1 C:\xampp\htdocs\tracking\system\Database\BaseConnection.php(693): CodeIgniter\Database\MySQLi\Connection->execute('SELECT tblmas_t...')
#2 C:\xampp\htdocs\tracking\system\Database\BaseConnection.php(620): CodeIgniter\Database\BaseConnection->simpleQuery('SELECT tblmas_t...')
#3 C:\xampp\htdocs\tracking\app\Models\TipModel.php(24): CodeIgniter\Database\BaseConnection->query('SELECT tblmas_t...')
#4 C:\xampp\htdocs\tracking\app\Controllers\Tip.php(42): App\Models\TipModel->getdataperDateTime('January', '2023')
#5 C:\xampp\htdocs\tracking\system\CodeIgniter.php(904): App\Controllers\Tip->viewListTipbydatetime()
#6 C:\xampp\htdocs\tracking\system\CodeIgniter.php(457): CodeIgniter\CodeIgniter->runController(Object(App\Controllers\Tip))
#7 C:\xampp\htdocs\tracking\system\CodeIgniter.php(340): CodeIgniter\CodeIgniter->handleRequest(NULL, Object(Config\Cache), false)
#8 C:\xampp\htdocs\tracking\public\index.php(67): CodeIgniter\CodeIgniter->run()
#9 C:\xampp\htdocs\tracking\system\Commands\Server\rewrite.php(43): require_once('C:\\xampp\\htdocs...')
#10 {main}
CRITICAL - 2023-02-22 21:31:47 --> Unknown column 'January' in 'where clause'
in SYSTEMPATH\Database\MySQLi\Connection.php on line 292.
 1 SYSTEMPATH\Database\MySQLi\Connection.php(292): mysqli->query('SELECT tblmas_tip_tracking.*, GROUP_CONCAT(tblmas_detail_tip_tracking.doID) AS donoo,COUNT(tbltrn_do1.dono) AS dono, tblmas_customer.customername AS customer 
                    FROM tblmas_tip_tracking
                        JOIN tblmas_detail_tip_tracking ON tblmas_tip_tracking.id = tblmas_detail_tip_tracking.tipID
                            JOIN tbltrn_do1 ON tbltrn_do1.dono = tblmas_detail_tip_tracking.doID
                                JOIN tblmas_customer ON tblmas_customer.idcustomer = tbltrn_do1.idcustomer
                                    WHERE tbltrn_do1.stsdosent = 1 AND month(tblmas_tip_tracking.start_time) = January AND tblmas_tip_tracking.start_time = 2023
                                        GROUP BY tblmas_tip_tracking.id ASC', 0)
 2 SYSTEMPATH\Database\BaseConnection.php(693): CodeIgniter\Database\MySQLi\Connection->execute('SELECT tblmas_tip_tracking.*, GROUP_CONCAT(tblmas_detail_tip_tracking.doID) AS donoo,COUNT(tbltrn_do1.dono) AS dono, tblmas_customer.customername AS customer 
                    FROM tblmas_tip_tracking
                        JOIN tblmas_detail_tip_tracking ON tblmas_tip_tracking.id = tblmas_detail_tip_tracking.tipID
                            JOIN tbltrn_do1 ON tbltrn_do1.dono = tblmas_detail_tip_tracking.doID
                                JOIN tblmas_customer ON tblmas_customer.idcustomer = tbltrn_do1.idcustomer
                                    WHERE tbltrn_do1.stsdosent = 1 AND month(tblmas_tip_tracking.start_time) = January AND tblmas_tip_tracking.start_time = 2023
                                        GROUP BY tblmas_tip_tracking.id ASC')
 3 SYSTEMPATH\Database\BaseConnection.php(620): CodeIgniter\Database\BaseConnection->simpleQuery('SELECT tblmas_tip_tracking.*, GROUP_CONCAT(tblmas_detail_tip_tracking.doID) AS donoo,COUNT(tbltrn_do1.dono) AS dono, tblmas_customer.customername AS customer 
                    FROM tblmas_tip_tracking
                        JOIN tblmas_detail_tip_tracking ON tblmas_tip_tracking.id = tblmas_detail_tip_tracking.tipID
                            JOIN tbltrn_do1 ON tbltrn_do1.dono = tblmas_detail_tip_tracking.doID
                                JOIN tblmas_customer ON tblmas_customer.idcustomer = tbltrn_do1.idcustomer
                                    WHERE tbltrn_do1.stsdosent = 1 AND month(tblmas_tip_tracking.start_time) = January AND tblmas_tip_tracking.start_time = 2023
                                        GROUP BY tblmas_tip_tracking.id ASC')
 4 APPPATH\Models\TipModel.php(24): CodeIgniter\Database\BaseConnection->query('SELECT tblmas_tip_tracking.*, GROUP_CONCAT(tblmas_detail_tip_tracking.doID) AS donoo,COUNT(tbltrn_do1.dono) AS dono, tblmas_customer.customername AS customer 
                    FROM tblmas_tip_tracking
                        JOIN tblmas_detail_tip_tracking ON tblmas_tip_tracking.id = tblmas_detail_tip_tracking.tipID
                            JOIN tbltrn_do1 ON tbltrn_do1.dono = tblmas_detail_tip_tracking.doID
                                JOIN tblmas_customer ON tblmas_customer.idcustomer = tbltrn_do1.idcustomer
                                    WHERE tbltrn_do1.stsdosent = 1 AND month(tblmas_tip_tracking.start_time) = January AND tblmas_tip_tracking.start_time = 2023
                                        GROUP BY tblmas_tip_tracking.id ASC')
 5 APPPATH\Controllers\Tip.php(42): App\Models\TipModel->getdataperDateTime('January', '2023')
 6 SYSTEMPATH\CodeIgniter.php(904): App\Controllers\Tip->viewListTipbydatetime()
 7 SYSTEMPATH\CodeIgniter.php(457): CodeIgniter\CodeIgniter->runController(Object(App\Controllers\Tip))
 8 SYSTEMPATH\CodeIgniter.php(340): CodeIgniter\CodeIgniter->handleRequest(null, Object(Config\Cache), false)
 9 FCPATH\index.php(67): CodeIgniter\CodeIgniter->run()
10 SYSTEMPATH\Commands\Server\rewrite.php(43): require_once('FCPATH\\index.php')
ERROR - 2023-02-22 21:33:40 --> mysqli_sql_exception: Unknown column 'January' in 'where clause' in C:\xampp\htdocs\tracking\system\Database\MySQLi\Connection.php:292
Stack trace:
#0 C:\xampp\htdocs\tracking\system\Database\MySQLi\Connection.php(292): mysqli->query('SELECT tblmas_t...', 0)
#1 C:\xampp\htdocs\tracking\system\Database\BaseConnection.php(693): CodeIgniter\Database\MySQLi\Connection->execute('SELECT tblmas_t...')
#2 C:\xampp\htdocs\tracking\system\Database\BaseConnection.php(620): CodeIgniter\Database\BaseConnection->simpleQuery('SELECT tblmas_t...')
#3 C:\xampp\htdocs\tracking\app\Models\TipModel.php(24): CodeIgniter\Database\BaseConnection->query('SELECT tblmas_t...')
#4 C:\xampp\htdocs\tracking\app\Controllers\Tip.php(42): App\Models\TipModel->getdataperDateTime('January', '2023')
#5 C:\xampp\htdocs\tracking\system\CodeIgniter.php(904): App\Controllers\Tip->viewListTipbydatetime()
#6 C:\xampp\htdocs\tracking\system\CodeIgniter.php(457): CodeIgniter\CodeIgniter->runController(Object(App\Controllers\Tip))
#7 C:\xampp\htdocs\tracking\system\CodeIgniter.php(340): CodeIgniter\CodeIgniter->handleRequest(NULL, Object(Config\Cache), false)
#8 C:\xampp\htdocs\tracking\public\index.php(67): CodeIgniter\CodeIgniter->run()
#9 C:\xampp\htdocs\tracking\system\Commands\Server\rewrite.php(43): require_once('C:\\xampp\\htdocs...')
#10 {main}
CRITICAL - 2023-02-22 21:33:40 --> Unknown column 'January' in 'where clause'
in SYSTEMPATH\Database\MySQLi\Connection.php on line 292.
 1 SYSTEMPATH\Database\MySQLi\Connection.php(292): mysqli->query('SELECT tblmas_tip_tracking.*, GROUP_CONCAT(tblmas_detail_tip_tracking.doID) AS donoo,COUNT(tbltrn_do1.dono) AS dono, tblmas_customer.customername AS customer 
                    FROM tblmas_tip_tracking
                        JOIN tblmas_detail_tip_tracking ON tblmas_tip_tracking.id = tblmas_detail_tip_tracking.tipID
                            JOIN tbltrn_do1 ON tbltrn_do1.dono = tblmas_detail_tip_tracking.doID
                                JOIN tblmas_customer ON tblmas_customer.idcustomer = tbltrn_do1.idcustomer
                                    WHERE tbltrn_do1.stsdosent = 1 AND month(tblmas_tip_tracking.start_time) = January AND year(tblmas_tip_tracking.start_time) = 2023
                                        GROUP BY tblmas_tip_tracking.id ASC', 0)
 2 SYSTEMPATH\Database\BaseConnection.php(693): CodeIgniter\Database\MySQLi\Connection->execute('SELECT tblmas_tip_tracking.*, GROUP_CONCAT(tblmas_detail_tip_tracking.doID) AS donoo,COUNT(tbltrn_do1.dono) AS dono, tblmas_customer.customername AS customer 
                    FROM tblmas_tip_tracking
                        JOIN tblmas_detail_tip_tracking ON tblmas_tip_tracking.id = tblmas_detail_tip_tracking.tipID
                            JOIN tbltrn_do1 ON tbltrn_do1.dono = tblmas_detail_tip_tracking.doID
                                JOIN tblmas_customer ON tblmas_customer.idcustomer = tbltrn_do1.idcustomer
                                    WHERE tbltrn_do1.stsdosent = 1 AND month(tblmas_tip_tracking.start_time) = January AND year(tblmas_tip_tracking.start_time) = 2023
                                        GROUP BY tblmas_tip_tracking.id ASC')
 3 SYSTEMPATH\Database\BaseConnection.php(620): CodeIgniter\Database\BaseConnection->simpleQuery('SELECT tblmas_tip_tracking.*, GROUP_CONCAT(tblmas_detail_tip_tracking.doID) AS donoo,COUNT(tbltrn_do1.dono) AS dono, tblmas_customer.customername AS customer 
                    FROM tblmas_tip_tracking
                        JOIN tblmas_detail_tip_tracking ON tblmas_tip_tracking.id = tblmas_detail_tip_tracking.tipID
                            JOIN tbltrn_do1 ON tbltrn_do1.dono = tblmas_detail_tip_tracking.doID
                                JOIN tblmas_customer ON tblmas_customer.idcustomer = tbltrn_do1.idcustomer
                                    WHERE tbltrn_do1.stsdosent = 1 AND month(tblmas_tip_tracking.start_time) = January AND year(tblmas_tip_tracking.start_time) = 2023
                                        GROUP BY tblmas_tip_tracking.id ASC')
 4 APPPATH\Models\TipModel.php(24): CodeIgniter\Database\BaseConnection->query('SELECT tblmas_tip_tracking.*, GROUP_CONCAT(tblmas_detail_tip_tracking.doID) AS donoo,COUNT(tbltrn_do1.dono) AS dono, tblmas_customer.customername AS customer 
                    FROM tblmas_tip_tracking
                        JOIN tblmas_detail_tip_tracking ON tblmas_tip_tracking.id = tblmas_detail_tip_tracking.tipID
                            JOIN tbltrn_do1 ON tbltrn_do1.dono = tblmas_detail_tip_tracking.doID
                                JOIN tblmas_customer ON tblmas_customer.idcustomer = tbltrn_do1.idcustomer
                                    WHERE tbltrn_do1.stsdosent = 1 AND month(tblmas_tip_tracking.start_time) = January AND year(tblmas_tip_tracking.start_time) = 2023
                                        GROUP BY tblmas_tip_tracking.id ASC')
 5 APPPATH\Controllers\Tip.php(42): App\Models\TipModel->getdataperDateTime('January', '2023')
 6 SYSTEMPATH\CodeIgniter.php(904): App\Controllers\Tip->viewListTipbydatetime()
 7 SYSTEMPATH\CodeIgniter.php(457): CodeIgniter\CodeIgniter->runController(Object(App\Controllers\Tip))
 8 SYSTEMPATH\CodeIgniter.php(340): CodeIgniter\CodeIgniter->handleRequest(null, Object(Config\Cache), false)
 9 FCPATH\index.php(67): CodeIgniter\CodeIgniter->run()
10 SYSTEMPATH\Commands\Server\rewrite.php(43): require_once('FCPATH\\index.php')
ERROR - 2023-02-22 21:34:02 --> mysqli_sql_exception: Unknown column 'January' in 'where clause' in C:\xampp\htdocs\tracking\system\Database\MySQLi\Connection.php:292
Stack trace:
#0 C:\xampp\htdocs\tracking\system\Database\MySQLi\Connection.php(292): mysqli->query('SELECT tblmas_t...', 0)
#1 C:\xampp\htdocs\tracking\system\Database\BaseConnection.php(693): CodeIgniter\Database\MySQLi\Connection->execute('SELECT tblmas_t...')
#2 C:\xampp\htdocs\tracking\system\Database\BaseConnection.php(620): CodeIgniter\Database\BaseConnection->simpleQuery('SELECT tblmas_t...')
#3 C:\xampp\htdocs\tracking\app\Models\TipModel.php(24): CodeIgniter\Database\BaseConnection->query('SELECT tblmas_t...')
#4 C:\xampp\htdocs\tracking\app\Controllers\Tip.php(42): App\Models\TipModel->getdataperDateTime('January', '2023')
#5 C:\xampp\htdocs\tracking\system\CodeIgniter.php(904): App\Controllers\Tip->viewListTipbydatetime()
#6 C:\xampp\htdocs\tracking\system\CodeIgniter.php(457): CodeIgniter\CodeIgniter->runController(Object(App\Controllers\Tip))
#7 C:\xampp\htdocs\tracking\system\CodeIgniter.php(340): CodeIgniter\CodeIgniter->handleRequest(NULL, Object(Config\Cache), false)
#8 C:\xampp\htdocs\tracking\public\index.php(67): CodeIgniter\CodeIgniter->run()
#9 C:\xampp\htdocs\tracking\system\Commands\Server\rewrite.php(43): require_once('C:\\xampp\\htdocs...')
#10 {main}
CRITICAL - 2023-02-22 21:34:02 --> Unknown column 'January' in 'where clause'
in SYSTEMPATH\Database\MySQLi\Connection.php on line 292.
 1 SYSTEMPATH\Database\MySQLi\Connection.php(292): mysqli->query('SELECT tblmas_tip_tracking.*, GROUP_CONCAT(tblmas_detail_tip_tracking.doID) AS donoo,COUNT(tbltrn_do1.dono) AS dono, tblmas_customer.customername AS customer 
                    FROM tblmas_tip_tracking
                        JOIN tblmas_detail_tip_tracking ON tblmas_tip_tracking.id = tblmas_detail_tip_tracking.tipID
                            JOIN tbltrn_do1 ON tbltrn_do1.dono = tblmas_detail_tip_tracking.doID
                                JOIN tblmas_customer ON tblmas_customer.idcustomer = tbltrn_do1.idcustomer
                                    WHERE tbltrn_do1.stsdosent = 1 AND month(tblmas_tip_tracking.start_time) = January AND year(tblmas_tip_tracking.start_time) = 2023
                                        GROUP BY tblmas_tip_tracking.id ASC', 0)
 2 SYSTEMPATH\Database\BaseConnection.php(693): CodeIgniter\Database\MySQLi\Connection->execute('SELECT tblmas_tip_tracking.*, GROUP_CONCAT(tblmas_detail_tip_tracking.doID) AS donoo,COUNT(tbltrn_do1.dono) AS dono, tblmas_customer.customername AS customer 
                    FROM tblmas_tip_tracking
                        JOIN tblmas_detail_tip_tracking ON tblmas_tip_tracking.id = tblmas_detail_tip_tracking.tipID
                            JOIN tbltrn_do1 ON tbltrn_do1.dono = tblmas_detail_tip_tracking.doID
                                JOIN tblmas_customer ON tblmas_customer.idcustomer = tbltrn_do1.idcustomer
                                    WHERE tbltrn_do1.stsdosent = 1 AND month(tblmas_tip_tracking.start_time) = January AND year(tblmas_tip_tracking.start_time) = 2023
                                        GROUP BY tblmas_tip_tracking.id ASC')
 3 SYSTEMPATH\Database\BaseConnection.php(620): CodeIgniter\Database\BaseConnection->simpleQuery('SELECT tblmas_tip_tracking.*, GROUP_CONCAT(tblmas_detail_tip_tracking.doID) AS donoo,COUNT(tbltrn_do1.dono) AS dono, tblmas_customer.customername AS customer 
                    FROM tblmas_tip_tracking
                        JOIN tblmas_detail_tip_tracking ON tblmas_tip_tracking.id = tblmas_detail_tip_tracking.tipID
                            JOIN tbltrn_do1 ON tbltrn_do1.dono = tblmas_detail_tip_tracking.doID
                                JOIN tblmas_customer ON tblmas_customer.idcustomer = tbltrn_do1.idcustomer
                                    WHERE tbltrn_do1.stsdosent = 1 AND month(tblmas_tip_tracking.start_time) = January AND year(tblmas_tip_tracking.start_time) = 2023
                                        GROUP BY tblmas_tip_tracking.id ASC')
 4 APPPATH\Models\TipModel.php(24): CodeIgniter\Database\BaseConnection->query('SELECT tblmas_tip_tracking.*, GROUP_CONCAT(tblmas_detail_tip_tracking.doID) AS donoo,COUNT(tbltrn_do1.dono) AS dono, tblmas_customer.customername AS customer 
                    FROM tblmas_tip_tracking
                        JOIN tblmas_detail_tip_tracking ON tblmas_tip_tracking.id = tblmas_detail_tip_tracking.tipID
                            JOIN tbltrn_do1 ON tbltrn_do1.dono = tblmas_detail_tip_tracking.doID
                                JOIN tblmas_customer ON tblmas_customer.idcustomer = tbltrn_do1.idcustomer
                                    WHERE tbltrn_do1.stsdosent = 1 AND month(tblmas_tip_tracking.start_time) = January AND year(tblmas_tip_tracking.start_time) = 2023
                                        GROUP BY tblmas_tip_tracking.id ASC')
 5 APPPATH\Controllers\Tip.php(42): App\Models\TipModel->getdataperDateTime('January', '2023')
 6 SYSTEMPATH\CodeIgniter.php(904): App\Controllers\Tip->viewListTipbydatetime()
 7 SYSTEMPATH\CodeIgniter.php(457): CodeIgniter\CodeIgniter->runController(Object(App\Controllers\Tip))
 8 SYSTEMPATH\CodeIgniter.php(340): CodeIgniter\CodeIgniter->handleRequest(null, Object(Config\Cache), false)
 9 FCPATH\index.php(67): CodeIgniter\CodeIgniter->run()
10 SYSTEMPATH\Commands\Server\rewrite.php(43): require_once('FCPATH\\index.php')
CRITICAL - 2023-02-22 22:04:46 --> Illegal string offset 'start_time'
in APPPATH\Models\TipModel.php on line 24.
 1 APPPATH\Models\TipModel.php(24): CodeIgniter\Debug\Exceptions->errorHandler(2, 'Illegal string offset \'start_time\'', 'APPPATH\\Models\\TipModel.php', 24, [...])
 2 APPPATH\Controllers\Tip.php(42): App\Models\TipModel->getdataperDateTime('01', '2023')
 3 SYSTEMPATH\CodeIgniter.php(904): App\Controllers\Tip->viewListTipbydatetime()
 4 SYSTEMPATH\CodeIgniter.php(457): CodeIgniter\CodeIgniter->runController(Object(App\Controllers\Tip))
 5 SYSTEMPATH\CodeIgniter.php(340): CodeIgniter\CodeIgniter->handleRequest(null, Object(Config\Cache), false)
 6 FCPATH\index.php(67): CodeIgniter\CodeIgniter->run()
 7 SYSTEMPATH\Commands\Server\rewrite.php(43): require_once('FCPATH\\index.php')
CRITICAL - 2023-02-22 22:06:10 --> Illegal string offset 'start_time'
in APPPATH\Models\TipModel.php on line 26.
 1 APPPATH\Models\TipModel.php(26): CodeIgniter\Debug\Exceptions->errorHandler(2, 'Illegal string offset \'start_time\'', 'APPPATH\\Models\\TipModel.php', 26, [...])
 2 APPPATH\Controllers\Tip.php(42): App\Models\TipModel->getdataperDateTime('01', '2023')
 3 SYSTEMPATH\CodeIgniter.php(904): App\Controllers\Tip->viewListTipbydatetime()
 4 SYSTEMPATH\CodeIgniter.php(457): CodeIgniter\CodeIgniter->runController(Object(App\Controllers\Tip))
 5 SYSTEMPATH\CodeIgniter.php(340): CodeIgniter\CodeIgniter->handleRequest(null, Object(Config\Cache), false)
 6 FCPATH\index.php(67): CodeIgniter\CodeIgniter->run()
 7 SYSTEMPATH\Commands\Server\rewrite.php(43): require_once('FCPATH\\index.php')
ERROR - 2023-02-22 22:09:15 --> mysqli_sql_exception: You have an error in your SQL syntax; check the manual that corresponds to your MariaDB server version for the right syntax to use near '07:00:00 = 2023
                                            GROUP BY tblmas_...' at line 6 in C:\xampp\htdocs\tracking\system\Database\MySQLi\Connection.php:292
Stack trace:
#0 C:\xampp\htdocs\tracking\system\Database\MySQLi\Connection.php(292): mysqli->query('SELECT tblmas_t...', 0)
#1 C:\xampp\htdocs\tracking\system\Database\BaseConnection.php(693): CodeIgniter\Database\MySQLi\Connection->execute('SELECT tblmas_t...')
#2 C:\xampp\htdocs\tracking\system\Database\BaseConnection.php(620): CodeIgniter\Database\BaseConnection->simpleQuery('SELECT tblmas_t...')
#3 C:\xampp\htdocs\tracking\app\Models\TipModel.php(35): CodeIgniter\Database\BaseConnection->query('SELECT tblmas_t...')
#4 C:\xampp\htdocs\tracking\app\Controllers\Tip.php(42): App\Models\TipModel->getdataperDateTime('01', '2023')
#5 C:\xampp\htdocs\tracking\system\CodeIgniter.php(904): App\Controllers\Tip->viewListTipbydatetime()
#6 C:\xampp\htdocs\tracking\system\CodeIgniter.php(457): CodeIgniter\CodeIgniter->runController(Object(App\Controllers\Tip))
#7 C:\xampp\htdocs\tracking\system\CodeIgniter.php(340): CodeIgniter\CodeIgniter->handleRequest(NULL, Object(Config\Cache), false)
#8 C:\xampp\htdocs\tracking\public\index.php(67): CodeIgniter\CodeIgniter->run()
#9 C:\xampp\htdocs\tracking\system\Commands\Server\rewrite.php(43): require_once('C:\\xampp\\htdocs...')
#10 {main}
CRITICAL - 2023-02-22 22:09:15 --> You have an error in your SQL syntax; check the manual that corresponds to your MariaDB server version for the right syntax to use near '07:00:00 = 2023
                                            GROUP BY tblmas_...' at line 6
in SYSTEMPATH\Database\MySQLi\Connection.php on line 292.
 1 SYSTEMPATH\Database\MySQLi\Connection.php(292): mysqli->query('SELECT tblmas_tip_tracking.*, GROUP_CONCAT(tblmas_detail_tip_tracking.doID) AS donoo,COUNT(tbltrn_do1.dono) AS dono, tblmas_customer.customername AS customer 
                        FROM tblmas_tip_tracking
                            JOIN tblmas_detail_tip_tracking ON tblmas_tip_tracking.id = tblmas_detail_tip_tracking.tipID
                                JOIN tbltrn_do1 ON tbltrn_do1.dono = tblmas_detail_tip_tracking.doID
                                    JOIN tblmas_customer ON tblmas_customer.idcustomer = tbltrn_do1.idcustomer
                                        WHERE 02 = \'01\' AND 2023 07:00:00 = 2023
                                            GROUP BY tblmas_tip_tracking.id ASC', 0)
 2 SYSTEMPATH\Database\BaseConnection.php(693): CodeIgniter\Database\MySQLi\Connection->execute('SELECT tblmas_tip_tracking.*, GROUP_CONCAT(tblmas_detail_tip_tracking.doID) AS donoo,COUNT(tbltrn_do1.dono) AS dono, tblmas_customer.customername AS customer 
                        FROM tblmas_tip_tracking
                            JOIN tblmas_detail_tip_tracking ON tblmas_tip_tracking.id = tblmas_detail_tip_tracking.tipID
                                JOIN tbltrn_do1 ON tbltrn_do1.dono = tblmas_detail_tip_tracking.doID
                                    JOIN tblmas_customer ON tblmas_customer.idcustomer = tbltrn_do1.idcustomer
                                        WHERE 02 = \'01\' AND 2023 07:00:00 = 2023
                                            GROUP BY tblmas_tip_tracking.id ASC')
 3 SYSTEMPATH\Database\BaseConnection.php(620): CodeIgniter\Database\BaseConnection->simpleQuery('SELECT tblmas_tip_tracking.*, GROUP_CONCAT(tblmas_detail_tip_tracking.doID) AS donoo,COUNT(tbltrn_do1.dono) AS dono, tblmas_customer.customername AS customer 
                        FROM tblmas_tip_tracking
                            JOIN tblmas_detail_tip_tracking ON tblmas_tip_tracking.id = tblmas_detail_tip_tracking.tipID
                                JOIN tbltrn_do1 ON tbltrn_do1.dono = tblmas_detail_tip_tracking.doID
                                    JOIN tblmas_customer ON tblmas_customer.idcustomer = tbltrn_do1.idcustomer
                                        WHERE 02 = \'01\' AND 2023 07:00:00 = 2023
                                            GROUP BY tblmas_tip_tracking.id ASC')
 4 APPPATH\Models\TipModel.php(35): CodeIgniter\Database\BaseConnection->query('SELECT tblmas_tip_tracking.*, GROUP_CONCAT(tblmas_detail_tip_tracking.doID) AS donoo,COUNT(tbltrn_do1.dono) AS dono, tblmas_customer.customername AS customer 
                        FROM tblmas_tip_tracking
                            JOIN tblmas_detail_tip_tracking ON tblmas_tip_tracking.id = tblmas_detail_tip_tracking.tipID
                                JOIN tbltrn_do1 ON tbltrn_do1.dono = tblmas_detail_tip_tracking.doID
                                    JOIN tblmas_customer ON tblmas_customer.idcustomer = tbltrn_do1.idcustomer
                                        WHERE 02 = \'01\' AND 2023 07:00:00 = 2023
                                            GROUP BY tblmas_tip_tracking.id ASC')
 5 APPPATH\Controllers\Tip.php(42): App\Models\TipModel->getdataperDateTime('01', '2023')
 6 SYSTEMPATH\CodeIgniter.php(904): App\Controllers\Tip->viewListTipbydatetime()
 7 SYSTEMPATH\CodeIgniter.php(457): CodeIgniter\CodeIgniter->runController(Object(App\Controllers\Tip))
 8 SYSTEMPATH\CodeIgniter.php(340): CodeIgniter\CodeIgniter->handleRequest(null, Object(Config\Cache), false)
 9 FCPATH\index.php(67): CodeIgniter\CodeIgniter->run()
10 SYSTEMPATH\Commands\Server\rewrite.php(43): require_once('FCPATH\\index.php')
ERROR - 2023-02-22 22:09:35 --> mysqli_sql_exception: You have an error in your SQL syntax; check the manual that corresponds to your MariaDB server version for the right syntax to use near '07:00:00 = 2023
                                            GROUP BY tblmas_...' at line 6 in C:\xampp\htdocs\tracking\system\Database\MySQLi\Connection.php:292
Stack trace:
#0 C:\xampp\htdocs\tracking\system\Database\MySQLi\Connection.php(292): mysqli->query('SELECT tblmas_t...', 0)
#1 C:\xampp\htdocs\tracking\system\Database\BaseConnection.php(693): CodeIgniter\Database\MySQLi\Connection->execute('SELECT tblmas_t...')
#2 C:\xampp\htdocs\tracking\system\Database\BaseConnection.php(620): CodeIgniter\Database\BaseConnection->simpleQuery('SELECT tblmas_t...')
#3 C:\xampp\htdocs\tracking\app\Models\TipModel.php(35): CodeIgniter\Database\BaseConnection->query('SELECT tblmas_t...')
#4 C:\xampp\htdocs\tracking\app\Controllers\Tip.php(42): App\Models\TipModel->getdataperDateTime('01', '2023')
#5 C:\xampp\htdocs\tracking\system\CodeIgniter.php(904): App\Controllers\Tip->viewListTipbydatetime()
#6 C:\xampp\htdocs\tracking\system\CodeIgniter.php(457): CodeIgniter\CodeIgniter->runController(Object(App\Controllers\Tip))
#7 C:\xampp\htdocs\tracking\system\CodeIgniter.php(340): CodeIgniter\CodeIgniter->handleRequest(NULL, Object(Config\Cache), false)
#8 C:\xampp\htdocs\tracking\public\index.php(67): CodeIgniter\CodeIgniter->run()
#9 C:\xampp\htdocs\tracking\system\Commands\Server\rewrite.php(43): require_once('C:\\xampp\\htdocs...')
#10 {main}
CRITICAL - 2023-02-22 22:09:35 --> You have an error in your SQL syntax; check the manual that corresponds to your MariaDB server version for the right syntax to use near '07:00:00 = 2023
                                            GROUP BY tblmas_...' at line 6
in SYSTEMPATH\Database\MySQLi\Connection.php on line 292.
 1 SYSTEMPATH\Database\MySQLi\Connection.php(292): mysqli->query('SELECT tblmas_tip_tracking.*, GROUP_CONCAT(tblmas_detail_tip_tracking.doID) AS donoo,COUNT(tbltrn_do1.dono) AS dono, tblmas_customer.customername AS customer 
                        FROM tblmas_tip_tracking
                            JOIN tblmas_detail_tip_tracking ON tblmas_tip_tracking.id = tblmas_detail_tip_tracking.tipID
                                JOIN tbltrn_do1 ON tbltrn_do1.dono = tblmas_detail_tip_tracking.doID
                                    JOIN tblmas_customer ON tblmas_customer.idcustomer = tbltrn_do1.idcustomer
                                        WHERE 02 = 01 AND 2023 07:00:00 = 2023
                                            GROUP BY tblmas_tip_tracking.id ASC', 0)
 2 SYSTEMPATH\Database\BaseConnection.php(693): CodeIgniter\Database\MySQLi\Connection->execute('SELECT tblmas_tip_tracking.*, GROUP_CONCAT(tblmas_detail_tip_tracking.doID) AS donoo,COUNT(tbltrn_do1.dono) AS dono, tblmas_customer.customername AS customer 
                        FROM tblmas_tip_tracking
                            JOIN tblmas_detail_tip_tracking ON tblmas_tip_tracking.id = tblmas_detail_tip_tracking.tipID
                                JOIN tbltrn_do1 ON tbltrn_do1.dono = tblmas_detail_tip_tracking.doID
                                    JOIN tblmas_customer ON tblmas_customer.idcustomer = tbltrn_do1.idcustomer
                                        WHERE 02 = 01 AND 2023 07:00:00 = 2023
                                            GROUP BY tblmas_tip_tracking.id ASC')
 3 SYSTEMPATH\Database\BaseConnection.php(620): CodeIgniter\Database\BaseConnection->simpleQuery('SELECT tblmas_tip_tracking.*, GROUP_CONCAT(tblmas_detail_tip_tracking.doID) AS donoo,COUNT(tbltrn_do1.dono) AS dono, tblmas_customer.customername AS customer 
                        FROM tblmas_tip_tracking
                            JOIN tblmas_detail_tip_tracking ON tblmas_tip_tracking.id = tblmas_detail_tip_tracking.tipID
                                JOIN tbltrn_do1 ON tbltrn_do1.dono = tblmas_detail_tip_tracking.doID
                                    JOIN tblmas_customer ON tblmas_customer.idcustomer = tbltrn_do1.idcustomer
                                        WHERE 02 = 01 AND 2023 07:00:00 = 2023
                                            GROUP BY tblmas_tip_tracking.id ASC')
 4 APPPATH\Models\TipModel.php(35): CodeIgniter\Database\BaseConnection->query('SELECT tblmas_tip_tracking.*, GROUP_CONCAT(tblmas_detail_tip_tracking.doID) AS donoo,COUNT(tbltrn_do1.dono) AS dono, tblmas_customer.customername AS customer 
                        FROM tblmas_tip_tracking
                            JOIN tblmas_detail_tip_tracking ON tblmas_tip_tracking.id = tblmas_detail_tip_tracking.tipID
                                JOIN tbltrn_do1 ON tbltrn_do1.dono = tblmas_detail_tip_tracking.doID
                                    JOIN tblmas_customer ON tblmas_customer.idcustomer = tbltrn_do1.idcustomer
                                        WHERE 02 = 01 AND 2023 07:00:00 = 2023
                                            GROUP BY tblmas_tip_tracking.id ASC')
 5 APPPATH\Controllers\Tip.php(42): App\Models\TipModel->getdataperDateTime('01', '2023')
 6 SYSTEMPATH\CodeIgniter.php(904): App\Controllers\Tip->viewListTipbydatetime()
 7 SYSTEMPATH\CodeIgniter.php(457): CodeIgniter\CodeIgniter->runController(Object(App\Controllers\Tip))
 8 SYSTEMPATH\CodeIgniter.php(340): CodeIgniter\CodeIgniter->handleRequest(null, Object(Config\Cache), false)
 9 FCPATH\index.php(67): CodeIgniter\CodeIgniter->run()
10 SYSTEMPATH\Commands\Server\rewrite.php(43): require_once('FCPATH\\index.php')
ERROR - 2023-02-22 22:13:30 --> mysqli_sql_exception: You have an error in your SQL syntax; check the manual that corresponds to your MariaDB server version for the right syntax to use near '07:00:00 = '2023'
                                            GROUP BY tblma...' at line 6 in C:\xampp\htdocs\tracking\system\Database\MySQLi\Connection.php:292
Stack trace:
#0 C:\xampp\htdocs\tracking\system\Database\MySQLi\Connection.php(292): mysqli->query('SELECT tblmas_t...', 0)
#1 C:\xampp\htdocs\tracking\system\Database\BaseConnection.php(693): CodeIgniter\Database\MySQLi\Connection->execute('SELECT tblmas_t...')
#2 C:\xampp\htdocs\tracking\system\Database\BaseConnection.php(620): CodeIgniter\Database\BaseConnection->simpleQuery('SELECT tblmas_t...')
#3 C:\xampp\htdocs\tracking\app\Models\TipModel.php(36): CodeIgniter\Database\BaseConnection->query('SELECT tblmas_t...')
#4 C:\xampp\htdocs\tracking\app\Controllers\Tip.php(42): App\Models\TipModel->getdataperDateTime('01', '2023')
#5 C:\xampp\htdocs\tracking\system\CodeIgniter.php(904): App\Controllers\Tip->viewListTipbydatetime()
#6 C:\xampp\htdocs\tracking\system\CodeIgniter.php(457): CodeIgniter\CodeIgniter->runController(Object(App\Controllers\Tip))
#7 C:\xampp\htdocs\tracking\system\CodeIgniter.php(340): CodeIgniter\CodeIgniter->handleRequest(NULL, Object(Config\Cache), false)
#8 C:\xampp\htdocs\tracking\public\index.php(67): CodeIgniter\CodeIgniter->run()
#9 C:\xampp\htdocs\tracking\system\Commands\Server\rewrite.php(43): require_once('C:\\xampp\\htdocs...')
#10 {main}
CRITICAL - 2023-02-22 22:13:30 --> You have an error in your SQL syntax; check the manual that corresponds to your MariaDB server version for the right syntax to use near '07:00:00 = '2023'
                                            GROUP BY tblma...' at line 6
in SYSTEMPATH\Database\MySQLi\Connection.php on line 292.
 1 SYSTEMPATH\Database\MySQLi\Connection.php(292): mysqli->query('SELECT tblmas_tip_tracking.*, GROUP_CONCAT(tblmas_detail_tip_tracking.doID) AS donoo,COUNT(tbltrn_do1.dono) AS dono, tblmas_customer.customername AS customer 
                        FROM tblmas_tip_tracking
                            JOIN tblmas_detail_tip_tracking ON tblmas_tip_tracking.id = tblmas_detail_tip_tracking.tipID
                                JOIN tbltrn_do1 ON tbltrn_do1.dono = tblmas_detail_tip_tracking.doID
                                    JOIN tblmas_customer ON tblmas_customer.idcustomer = tbltrn_do1.idcustomer
                                        WHERE 02 = 01 AND 2023 07:00:00 = \'2023\'
                                            GROUP BY tblmas_tip_tracking.id ASC', 0)
 2 SYSTEMPATH\Database\BaseConnection.php(693): CodeIgniter\Database\MySQLi\Connection->execute('SELECT tblmas_tip_tracking.*, GROUP_CONCAT(tblmas_detail_tip_tracking.doID) AS donoo,COUNT(tbltrn_do1.dono) AS dono, tblmas_customer.customername AS customer 
                        FROM tblmas_tip_tracking
                            JOIN tblmas_detail_tip_tracking ON tblmas_tip_tracking.id = tblmas_detail_tip_tracking.tipID
                                JOIN tbltrn_do1 ON tbltrn_do1.dono = tblmas_detail_tip_tracking.doID
                                    JOIN tblmas_customer ON tblmas_customer.idcustomer = tbltrn_do1.idcustomer
                                        WHERE 02 = 01 AND 2023 07:00:00 = \'2023\'
                                            GROUP BY tblmas_tip_tracking.id ASC')
 3 SYSTEMPATH\Database\BaseConnection.php(620): CodeIgniter\Database\BaseConnection->simpleQuery('SELECT tblmas_tip_tracking.*, GROUP_CONCAT(tblmas_detail_tip_tracking.doID) AS donoo,COUNT(tbltrn_do1.dono) AS dono, tblmas_customer.customername AS customer 
                        FROM tblmas_tip_tracking
                            JOIN tblmas_detail_tip_tracking ON tblmas_tip_tracking.id = tblmas_detail_tip_tracking.tipID
                                JOIN tbltrn_do1 ON tbltrn_do1.dono = tblmas_detail_tip_tracking.doID
                                    JOIN tblmas_customer ON tblmas_customer.idcustomer = tbltrn_do1.idcustomer
                                        WHERE 02 = 01 AND 2023 07:00:00 = \'2023\'
                                            GROUP BY tblmas_tip_tracking.id ASC')
 4 APPPATH\Models\TipModel.php(36): CodeIgniter\Database\BaseConnection->query('SELECT tblmas_tip_tracking.*, GROUP_CONCAT(tblmas_detail_tip_tracking.doID) AS donoo,COUNT(tbltrn_do1.dono) AS dono, tblmas_customer.customername AS customer 
                        FROM tblmas_tip_tracking
                            JOIN tblmas_detail_tip_tracking ON tblmas_tip_tracking.id = tblmas_detail_tip_tracking.tipID
                                JOIN tbltrn_do1 ON tbltrn_do1.dono = tblmas_detail_tip_tracking.doID
                                    JOIN tblmas_customer ON tblmas_customer.idcustomer = tbltrn_do1.idcustomer
                                        WHERE 02 = 01 AND 2023 07:00:00 = \'2023\'
                                            GROUP BY tblmas_tip_tracking.id ASC')
 5 APPPATH\Controllers\Tip.php(42): App\Models\TipModel->getdataperDateTime('01', '2023')
 6 SYSTEMPATH\CodeIgniter.php(904): App\Controllers\Tip->viewListTipbydatetime()
 7 SYSTEMPATH\CodeIgniter.php(457): CodeIgniter\CodeIgniter->runController(Object(App\Controllers\Tip))
 8 SYSTEMPATH\CodeIgniter.php(340): CodeIgniter\CodeIgniter->handleRequest(null, Object(Config\Cache), false)
 9 FCPATH\index.php(67): CodeIgniter\CodeIgniter->run()
10 SYSTEMPATH\Commands\Server\rewrite.php(43): require_once('FCPATH\\index.php')
CRITICAL - 2023-02-22 22:34:26 --> Undefined variable: data_list
in APPPATH\Views\Tip_tracking\list_tip_detail.php on line 39.
 1 APPPATH\Views\Tip_tracking\list_tip_detail.php(39): CodeIgniter\Debug\Exceptions->errorHandler(8, 'Undefined variable: data_list', 'APPPATH\\Views\\Tip_tracking\\list_tip_detail.php', 39, [...])
 2 SYSTEMPATH\View\View.php(213): include('APPPATH\\Views\\Tip_tracking\\list_tip_detail.php')
 3 SYSTEMPATH\View\View.php(216): CodeIgniter\View\View->CodeIgniter\View\{closure}()
 4 SYSTEMPATH\Common.php(1137): CodeIgniter\View\View->render('Tip_tracking/list_tip_detail', [], true)
 5 APPPATH\Controllers\Tip.php(44): view('Tip_tracking/list_tip_detail', [...])
 6 SYSTEMPATH\CodeIgniter.php(904): App\Controllers\Tip->viewListTipbydatetime()
 7 SYSTEMPATH\CodeIgniter.php(457): CodeIgniter\CodeIgniter->runController(Object(App\Controllers\Tip))
 8 SYSTEMPATH\CodeIgniter.php(340): CodeIgniter\CodeIgniter->handleRequest(null, Object(Config\Cache), false)
 9 FCPATH\index.php(67): CodeIgniter\CodeIgniter->run()
10 SYSTEMPATH\Commands\Server\rewrite.php(43): require_once('FCPATH\\index.php')
CRITICAL - 2023-02-22 22:35:29 --> Illegal string offset 'id'
in APPPATH\Views\Tip_tracking\list_tip_detail.php on line 207.
 1 APPPATH\Views\Tip_tracking\list_tip_detail.php(207): CodeIgniter\Debug\Exceptions->errorHandler(2, 'Illegal string offset \'id\'', 'APPPATH\\Views\\Tip_tracking\\list_tip_detail.php', 207, [...])
 2 SYSTEMPATH\View\View.php(213): include('APPPATH\\Views\\Tip_tracking\\list_tip_detail.php')
 3 SYSTEMPATH\View\View.php(216): CodeIgniter\View\View->CodeIgniter\View\{closure}()
 4 SYSTEMPATH\Common.php(1137): CodeIgniter\View\View->render('Tip_tracking/list_tip_detail', [], true)
 5 APPPATH\Controllers\Tip.php(44): view('Tip_tracking/list_tip_detail', [...])
 6 SYSTEMPATH\CodeIgniter.php(904): App\Controllers\Tip->viewListTipbydatetime()
 7 SYSTEMPATH\CodeIgniter.php(457): CodeIgniter\CodeIgniter->runController(Object(App\Controllers\Tip))
 8 SYSTEMPATH\CodeIgniter.php(340): CodeIgniter\CodeIgniter->handleRequest(null, Object(Config\Cache), false)
 9 FCPATH\index.php(67): CodeIgniter\CodeIgniter->run()
10 SYSTEMPATH\Commands\Server\rewrite.php(43): require_once('FCPATH\\index.php')
CRITICAL - 2023-02-22 22:38:24 --> Illegal string offset 'id'
in APPPATH\Views\Tip_tracking\list_tip_detail.php on line 207.
 1 APPPATH\Views\Tip_tracking\list_tip_detail.php(207): CodeIgniter\Debug\Exceptions->errorHandler(2, 'Illegal string offset \'id\'', 'APPPATH\\Views\\Tip_tracking\\list_tip_detail.php', 207, [...])
 2 SYSTEMPATH\View\View.php(213): include('APPPATH\\Views\\Tip_tracking\\list_tip_detail.php')
 3 SYSTEMPATH\View\View.php(216): CodeIgniter\View\View->CodeIgniter\View\{closure}()
 4 SYSTEMPATH\Common.php(1137): CodeIgniter\View\View->render('Tip_tracking/list_tip_detail', [], true)
 5 APPPATH\Controllers\Tip.php(44): view('Tip_tracking/list_tip_detail', [...])
 6 SYSTEMPATH\CodeIgniter.php(904): App\Controllers\Tip->viewListTipbydatetime()
 7 SYSTEMPATH\CodeIgniter.php(457): CodeIgniter\CodeIgniter->runController(Object(App\Controllers\Tip))
 8 SYSTEMPATH\CodeIgniter.php(340): CodeIgniter\CodeIgniter->handleRequest(null, Object(Config\Cache), false)
 9 FCPATH\index.php(67): CodeIgniter\CodeIgniter->run()
10 SYSTEMPATH\Commands\Server\rewrite.php(43): require_once('FCPATH\\index.php')
ERROR - 2023-02-22 22:42:06 --> mysqli_sql_exception: You have an error in your SQL syntax; check the manual that corresponds to your MariaDB server version for the right syntax to use near '%m) = 01
                                        GROUP BY tblmas_tip_trackin...' at line 6 in C:\xampp\htdocs\tracking\system\Database\MySQLi\Connection.php:292
Stack trace:
#0 C:\xampp\htdocs\tracking\system\Database\MySQLi\Connection.php(292): mysqli->query('SELECT tblmas_t...', 0)
#1 C:\xampp\htdocs\tracking\system\Database\BaseConnection.php(693): CodeIgniter\Database\MySQLi\Connection->execute('SELECT tblmas_t...')
#2 C:\xampp\htdocs\tracking\system\Database\BaseConnection.php(620): CodeIgniter\Database\BaseConnection->simpleQuery('SELECT tblmas_t...')
#3 C:\xampp\htdocs\tracking\app\Models\TipModel.php(24): CodeIgniter\Database\BaseConnection->query('SELECT tblmas_t...')
#4 C:\xampp\htdocs\tracking\app\Controllers\Tip.php(42): App\Models\TipModel->getdataperDateTime('01', '2023')
#5 C:\xampp\htdocs\tracking\system\CodeIgniter.php(904): App\Controllers\Tip->viewListTipbydatetime()
#6 C:\xampp\htdocs\tracking\system\CodeIgniter.php(457): CodeIgniter\CodeIgniter->runController(Object(App\Controllers\Tip))
#7 C:\xampp\htdocs\tracking\system\CodeIgniter.php(340): CodeIgniter\CodeIgniter->handleRequest(NULL, Object(Config\Cache), false)
#8 C:\xampp\htdocs\tracking\public\index.php(67): CodeIgniter\CodeIgniter->run()
#9 C:\xampp\htdocs\tracking\system\Commands\Server\rewrite.php(43): require_once('C:\\xampp\\htdocs...')
#10 {main}
CRITICAL - 2023-02-22 22:42:06 --> You have an error in your SQL syntax; check the manual that corresponds to your MariaDB server version for the right syntax to use near '%m) = 01
                                        GROUP BY tblmas_tip_trackin...' at line 6
in SYSTEMPATH\Database\MySQLi\Connection.php on line 292.
 1 SYSTEMPATH\Database\MySQLi\Connection.php(292): mysqli->query('SELECT tblmas_tip_tracking.*, GROUP_CONCAT(tblmas_detail_tip_tracking.doID) AS donoo,COUNT(tbltrn_do1.dono) AS dono, tblmas_customer.customername AS customer 
                    FROM tblmas_tip_tracking
                        JOIN tblmas_detail_tip_tracking ON tblmas_tip_tracking.id = tblmas_detail_tip_tracking.tipID
                            JOIN tbltrn_do1 ON tbltrn_do1.dono = tblmas_detail_tip_tracking.doID
                                JOIN tblmas_customer ON tblmas_customer.idcustomer = tbltrn_do1.idcustomer
                                    WHERE tbltrn_do1.stsdosent = 1 AND date_format(tblmas_tip_tracking.start_time, %m) = 01
                                        GROUP BY tblmas_tip_tracking.id ASC', 0)
 2 SYSTEMPATH\Database\BaseConnection.php(693): CodeIgniter\Database\MySQLi\Connection->execute('SELECT tblmas_tip_tracking.*, GROUP_CONCAT(tblmas_detail_tip_tracking.doID) AS donoo,COUNT(tbltrn_do1.dono) AS dono, tblmas_customer.customername AS customer 
                    FROM tblmas_tip_tracking
                        JOIN tblmas_detail_tip_tracking ON tblmas_tip_tracking.id = tblmas_detail_tip_tracking.tipID
                            JOIN tbltrn_do1 ON tbltrn_do1.dono = tblmas_detail_tip_tracking.doID
                                JOIN tblmas_customer ON tblmas_customer.idcustomer = tbltrn_do1.idcustomer
                                    WHERE tbltrn_do1.stsdosent = 1 AND date_format(tblmas_tip_tracking.start_time, %m) = 01
                                        GROUP BY tblmas_tip_tracking.id ASC')
 3 SYSTEMPATH\Database\BaseConnection.php(620): CodeIgniter\Database\BaseConnection->simpleQuery('SELECT tblmas_tip_tracking.*, GROUP_CONCAT(tblmas_detail_tip_tracking.doID) AS donoo,COUNT(tbltrn_do1.dono) AS dono, tblmas_customer.customername AS customer 
                    FROM tblmas_tip_tracking
                        JOIN tblmas_detail_tip_tracking ON tblmas_tip_tracking.id = tblmas_detail_tip_tracking.tipID
                            JOIN tbltrn_do1 ON tbltrn_do1.dono = tblmas_detail_tip_tracking.doID
                                JOIN tblmas_customer ON tblmas_customer.idcustomer = tbltrn_do1.idcustomer
                                    WHERE tbltrn_do1.stsdosent = 1 AND date_format(tblmas_tip_tracking.start_time, %m) = 01
                                        GROUP BY tblmas_tip_tracking.id ASC')
 4 APPPATH\Models\TipModel.php(24): CodeIgniter\Database\BaseConnection->query('SELECT tblmas_tip_tracking.*, GROUP_CONCAT(tblmas_detail_tip_tracking.doID) AS donoo,COUNT(tbltrn_do1.dono) AS dono, tblmas_customer.customername AS customer 
                    FROM tblmas_tip_tracking
                        JOIN tblmas_detail_tip_tracking ON tblmas_tip_tracking.id = tblmas_detail_tip_tracking.tipID
                            JOIN tbltrn_do1 ON tbltrn_do1.dono = tblmas_detail_tip_tracking.doID
                                JOIN tblmas_customer ON tblmas_customer.idcustomer = tbltrn_do1.idcustomer
                                    WHERE tbltrn_do1.stsdosent = 1 AND date_format(tblmas_tip_tracking.start_time, %m) = 01
                                        GROUP BY tblmas_tip_tracking.id ASC')
 5 APPPATH\Controllers\Tip.php(42): App\Models\TipModel->getdataperDateTime('01', '2023')
 6 SYSTEMPATH\CodeIgniter.php(904): App\Controllers\Tip->viewListTipbydatetime()
 7 SYSTEMPATH\CodeIgniter.php(457): CodeIgniter\CodeIgniter->runController(Object(App\Controllers\Tip))
 8 SYSTEMPATH\CodeIgniter.php(340): CodeIgniter\CodeIgniter->handleRequest(null, Object(Config\Cache), false)
 9 FCPATH\index.php(67): CodeIgniter\CodeIgniter->run()
10 SYSTEMPATH\Commands\Server\rewrite.php(43): require_once('FCPATH\\index.php')
ERROR - 2023-02-22 22:48:46 --> mysqli_sql_exception: You have an error in your SQL syntax; check the manual that corresponds to your MariaDB server version for the right syntax to use near ') = 01
                                        GROUP BY tblmas_tip_tracking....' at line 6 in C:\xampp\htdocs\tracking\system\Database\MySQLi\Connection.php:292
Stack trace:
#0 C:\xampp\htdocs\tracking\system\Database\MySQLi\Connection.php(292): mysqli->query('SELECT tblmas_t...', 0)
#1 C:\xampp\htdocs\tracking\system\Database\BaseConnection.php(693): CodeIgniter\Database\MySQLi\Connection->execute('SELECT tblmas_t...')
#2 C:\xampp\htdocs\tracking\system\Database\BaseConnection.php(620): CodeIgniter\Database\BaseConnection->simpleQuery('SELECT tblmas_t...')
#3 C:\xampp\htdocs\tracking\app\Models\TipModel.php(24): CodeIgniter\Database\BaseConnection->query('SELECT tblmas_t...')
#4 C:\xampp\htdocs\tracking\app\Controllers\Tip.php(42): App\Models\TipModel->getdataperDateTime('01', '2023')
#5 C:\xampp\htdocs\tracking\system\CodeIgniter.php(904): App\Controllers\Tip->viewListTipbydatetime()
#6 C:\xampp\htdocs\tracking\system\CodeIgniter.php(457): CodeIgniter\CodeIgniter->runController(Object(App\Controllers\Tip))
#7 C:\xampp\htdocs\tracking\system\CodeIgniter.php(340): CodeIgniter\CodeIgniter->handleRequest(NULL, Object(Config\Cache), false)
#8 C:\xampp\htdocs\tracking\public\index.php(67): CodeIgniter\CodeIgniter->run()
#9 C:\xampp\htdocs\tracking\system\Commands\Server\rewrite.php(43): require_once('C:\\xampp\\htdocs...')
#10 {main}
CRITICAL - 2023-02-22 22:48:46 --> You have an error in your SQL syntax; check the manual that corresponds to your MariaDB server version for the right syntax to use near ') = 01
                                        GROUP BY tblmas_tip_tracking....' at line 6
in SYSTEMPATH\Database\MySQLi\Connection.php on line 292.
 1 SYSTEMPATH\Database\MySQLi\Connection.php(292): mysqli->query('SELECT tblmas_tip_tracking.*, GROUP_CONCAT(tblmas_detail_tip_tracking.doID) AS donoo,COUNT(tbltrn_do1.dono) AS dono, tblmas_customer.customername AS customer 
                    FROM tblmas_tip_tracking
                        JOIN tblmas_detail_tip_tracking ON tblmas_tip_tracking.id = tblmas_detail_tip_tracking.tipID
                            JOIN tbltrn_do1 ON tbltrn_do1.dono = tblmas_detail_tip_tracking.doID
                                JOIN tblmas_customer ON tblmas_customer.idcustomer = tbltrn_do1.idcustomer
                                    WHERE tbltrn_do1.stsdosent = 1 AND date_format(tblmas_tip_tracking.start_time) = 01
                                        GROUP BY tblmas_tip_tracking.id ASC', 0)
 2 SYSTEMPATH\Database\BaseConnection.php(693): CodeIgniter\Database\MySQLi\Connection->execute('SELECT tblmas_tip_tracking.*, GROUP_CONCAT(tblmas_detail_tip_tracking.doID) AS donoo,COUNT(tbltrn_do1.dono) AS dono, tblmas_customer.customername AS customer 
                    FROM tblmas_tip_tracking
                        JOIN tblmas_detail_tip_tracking ON tblmas_tip_tracking.id = tblmas_detail_tip_tracking.tipID
                            JOIN tbltrn_do1 ON tbltrn_do1.dono = tblmas_detail_tip_tracking.doID
                                JOIN tblmas_customer ON tblmas_customer.idcustomer = tbltrn_do1.idcustomer
                                    WHERE tbltrn_do1.stsdosent = 1 AND date_format(tblmas_tip_tracking.start_time) = 01
                                        GROUP BY tblmas_tip_tracking.id ASC')
 3 SYSTEMPATH\Database\BaseConnection.php(620): CodeIgniter\Database\BaseConnection->simpleQuery('SELECT tblmas_tip_tracking.*, GROUP_CONCAT(tblmas_detail_tip_tracking.doID) AS donoo,COUNT(tbltrn_do1.dono) AS dono, tblmas_customer.customername AS customer 
                    FROM tblmas_tip_tracking
                        JOIN tblmas_detail_tip_tracking ON tblmas_tip_tracking.id = tblmas_detail_tip_tracking.tipID
                            JOIN tbltrn_do1 ON tbltrn_do1.dono = tblmas_detail_tip_tracking.doID
                                JOIN tblmas_customer ON tblmas_customer.idcustomer = tbltrn_do1.idcustomer
                                    WHERE tbltrn_do1.stsdosent = 1 AND date_format(tblmas_tip_tracking.start_time) = 01
                                        GROUP BY tblmas_tip_tracking.id ASC')
 4 APPPATH\Models\TipModel.php(24): CodeIgniter\Database\BaseConnection->query('SELECT tblmas_tip_tracking.*, GROUP_CONCAT(tblmas_detail_tip_tracking.doID) AS donoo,COUNT(tbltrn_do1.dono) AS dono, tblmas_customer.customername AS customer 
                    FROM tblmas_tip_tracking
                        JOIN tblmas_detail_tip_tracking ON tblmas_tip_tracking.id = tblmas_detail_tip_tracking.tipID
                            JOIN tbltrn_do1 ON tbltrn_do1.dono = tblmas_detail_tip_tracking.doID
                                JOIN tblmas_customer ON tblmas_customer.idcustomer = tbltrn_do1.idcustomer
                                    WHERE tbltrn_do1.stsdosent = 1 AND date_format(tblmas_tip_tracking.start_time) = 01
                                        GROUP BY tblmas_tip_tracking.id ASC')
 5 APPPATH\Controllers\Tip.php(42): App\Models\TipModel->getdataperDateTime('01', '2023')
 6 SYSTEMPATH\CodeIgniter.php(904): App\Controllers\Tip->viewListTipbydatetime()
 7 SYSTEMPATH\CodeIgniter.php(457): CodeIgniter\CodeIgniter->runController(Object(App\Controllers\Tip))
 8 SYSTEMPATH\CodeIgniter.php(340): CodeIgniter\CodeIgniter->handleRequest(null, Object(Config\Cache), false)
 9 FCPATH\index.php(67): CodeIgniter\CodeIgniter->run()
10 SYSTEMPATH\Commands\Server\rewrite.php(43): require_once('FCPATH\\index.php')
ERROR - 2023-02-22 22:48:48 --> mysqli_sql_exception: You have an error in your SQL syntax; check the manual that corresponds to your MariaDB server version for the right syntax to use near ') = 01
                                        GROUP BY tblmas_tip_tracking....' at line 6 in C:\xampp\htdocs\tracking\system\Database\MySQLi\Connection.php:292
Stack trace:
#0 C:\xampp\htdocs\tracking\system\Database\MySQLi\Connection.php(292): mysqli->query('SELECT tblmas_t...', 0)
#1 C:\xampp\htdocs\tracking\system\Database\BaseConnection.php(693): CodeIgniter\Database\MySQLi\Connection->execute('SELECT tblmas_t...')
#2 C:\xampp\htdocs\tracking\system\Database\BaseConnection.php(620): CodeIgniter\Database\BaseConnection->simpleQuery('SELECT tblmas_t...')
#3 C:\xampp\htdocs\tracking\app\Models\TipModel.php(24): CodeIgniter\Database\BaseConnection->query('SELECT tblmas_t...')
#4 C:\xampp\htdocs\tracking\app\Controllers\Tip.php(42): App\Models\TipModel->getdataperDateTime('01', '2023')
#5 C:\xampp\htdocs\tracking\system\CodeIgniter.php(904): App\Controllers\Tip->viewListTipbydatetime()
#6 C:\xampp\htdocs\tracking\system\CodeIgniter.php(457): CodeIgniter\CodeIgniter->runController(Object(App\Controllers\Tip))
#7 C:\xampp\htdocs\tracking\system\CodeIgniter.php(340): CodeIgniter\CodeIgniter->handleRequest(NULL, Object(Config\Cache), false)
#8 C:\xampp\htdocs\tracking\public\index.php(67): CodeIgniter\CodeIgniter->run()
#9 C:\xampp\htdocs\tracking\system\Commands\Server\rewrite.php(43): require_once('C:\\xampp\\htdocs...')
#10 {main}
CRITICAL - 2023-02-22 22:48:48 --> You have an error in your SQL syntax; check the manual that corresponds to your MariaDB server version for the right syntax to use near ') = 01
                                        GROUP BY tblmas_tip_tracking....' at line 6
in SYSTEMPATH\Database\MySQLi\Connection.php on line 292.
 1 SYSTEMPATH\Database\MySQLi\Connection.php(292): mysqli->query('SELECT tblmas_tip_tracking.*, GROUP_CONCAT(tblmas_detail_tip_tracking.doID) AS donoo,COUNT(tbltrn_do1.dono) AS dono, tblmas_customer.customername AS customer 
                    FROM tblmas_tip_tracking
                        JOIN tblmas_detail_tip_tracking ON tblmas_tip_tracking.id = tblmas_detail_tip_tracking.tipID
                            JOIN tbltrn_do1 ON tbltrn_do1.dono = tblmas_detail_tip_tracking.doID
                                JOIN tblmas_customer ON tblmas_customer.idcustomer = tbltrn_do1.idcustomer
                                    WHERE tbltrn_do1.stsdosent = 1 AND date_format(tblmas_tip_tracking.start_time) = 01
                                        GROUP BY tblmas_tip_tracking.id ASC', 0)
 2 SYSTEMPATH\Database\BaseConnection.php(693): CodeIgniter\Database\MySQLi\Connection->execute('SELECT tblmas_tip_tracking.*, GROUP_CONCAT(tblmas_detail_tip_tracking.doID) AS donoo,COUNT(tbltrn_do1.dono) AS dono, tblmas_customer.customername AS customer 
                    FROM tblmas_tip_tracking
                        JOIN tblmas_detail_tip_tracking ON tblmas_tip_tracking.id = tblmas_detail_tip_tracking.tipID
                            JOIN tbltrn_do1 ON tbltrn_do1.dono = tblmas_detail_tip_tracking.doID
                                JOIN tblmas_customer ON tblmas_customer.idcustomer = tbltrn_do1.idcustomer
                                    WHERE tbltrn_do1.stsdosent = 1 AND date_format(tblmas_tip_tracking.start_time) = 01
                                        GROUP BY tblmas_tip_tracking.id ASC')
 3 SYSTEMPATH\Database\BaseConnection.php(620): CodeIgniter\Database\BaseConnection->simpleQuery('SELECT tblmas_tip_tracking.*, GROUP_CONCAT(tblmas_detail_tip_tracking.doID) AS donoo,COUNT(tbltrn_do1.dono) AS dono, tblmas_customer.customername AS customer 
                    FROM tblmas_tip_tracking
                        JOIN tblmas_detail_tip_tracking ON tblmas_tip_tracking.id = tblmas_detail_tip_tracking.tipID
                            JOIN tbltrn_do1 ON tbltrn_do1.dono = tblmas_detail_tip_tracking.doID
                                JOIN tblmas_customer ON tblmas_customer.idcustomer = tbltrn_do1.idcustomer
                                    WHERE tbltrn_do1.stsdosent = 1 AND date_format(tblmas_tip_tracking.start_time) = 01
                                        GROUP BY tblmas_tip_tracking.id ASC')
 4 APPPATH\Models\TipModel.php(24): CodeIgniter\Database\BaseConnection->query('SELECT tblmas_tip_tracking.*, GROUP_CONCAT(tblmas_detail_tip_tracking.doID) AS donoo,COUNT(tbltrn_do1.dono) AS dono, tblmas_customer.customername AS customer 
                    FROM tblmas_tip_tracking
                        JOIN tblmas_detail_tip_tracking ON tblmas_tip_tracking.id = tblmas_detail_tip_tracking.tipID
                            JOIN tbltrn_do1 ON tbltrn_do1.dono = tblmas_detail_tip_tracking.doID
                                JOIN tblmas_customer ON tblmas_customer.idcustomer = tbltrn_do1.idcustomer
                                    WHERE tbltrn_do1.stsdosent = 1 AND date_format(tblmas_tip_tracking.start_time) = 01
                                        GROUP BY tblmas_tip_tracking.id ASC')
 5 APPPATH\Controllers\Tip.php(42): App\Models\TipModel->getdataperDateTime('01', '2023')
 6 SYSTEMPATH\CodeIgniter.php(904): App\Controllers\Tip->viewListTipbydatetime()
 7 SYSTEMPATH\CodeIgniter.php(457): CodeIgniter\CodeIgniter->runController(Object(App\Controllers\Tip))
 8 SYSTEMPATH\CodeIgniter.php(340): CodeIgniter\CodeIgniter->handleRequest(null, Object(Config\Cache), false)
 9 FCPATH\index.php(67): CodeIgniter\CodeIgniter->run()
10 SYSTEMPATH\Commands\Server\rewrite.php(43): require_once('FCPATH\\index.php')
