CRITICAL - 2022-11-15 07:24:40 --> Undefined index: revno
in APPPATH\Views\schedule_eps\planner\list_edit_schedule.php on line 62.
 1 APPPATH\Views\schedule_eps\planner\list_edit_schedule.php(62): CodeIgniter\Debug\Exceptions->errorHandler(8, 'Undefined index: revno', 'APPPATH\\Views\\schedule_eps\\planner\\list_edit_schedule.php', 62, [...])
 2 SYSTEMPATH\View\View.php(213): include('APPPATH\\Views\\schedule_eps\\planner\\list_edit_schedule.php')
 3 SYSTEMPATH\View\View.php(216): CodeIgniter\View\View->CodeIgniter\View\{closure}()
 4 SYSTEMPATH\Common.php(1137): CodeIgniter\View\View->render('schedule_eps/planner/list_edit_schedule', [], true)
 5 APPPATH\Controllers\Schedule.php(58): view('schedule_eps/planner/list_edit_schedule', [...])
 6 SYSTEMPATH\CodeIgniter.php(904): App\Controllers\Schedule->viewupdate()
 7 SYSTEMPATH\CodeIgniter.php(457): CodeIgniter\CodeIgniter->runController(Object(App\Controllers\Schedule))
 8 SYSTEMPATH\CodeIgniter.php(340): CodeIgniter\CodeIgniter->handleRequest(null, Object(Config\Cache), false)
 9 FCPATH\index.php(67): CodeIgniter\CodeIgniter->run()
10 SYSTEMPATH\Commands\Server\rewrite.php(43): require_once('FCPATH\\index.php')
CRITICAL - 2022-11-15 07:30:28 --> Illegal string offset 'idfg'
in APPPATH\Views\schedule_eps\planner\list_edit_schedule.php on line 61.
 1 APPPATH\Views\schedule_eps\planner\list_edit_schedule.php(61): CodeIgniter\Debug\Exceptions->errorHandler(2, 'Illegal string offset \'idfg\'', 'APPPATH\\Views\\schedule_eps\\planner\\list_edit_schedule.php', 61, [...])
 2 SYSTEMPATH\View\View.php(213): include('APPPATH\\Views\\schedule_eps\\planner\\list_edit_schedule.php')
 3 SYSTEMPATH\View\View.php(216): CodeIgniter\View\View->CodeIgniter\View\{closure}()
 4 SYSTEMPATH\Common.php(1137): CodeIgniter\View\View->render('schedule_eps/planner/list_edit_schedule', [], true)
 5 APPPATH\Controllers\Schedule.php(59): view('schedule_eps/planner/list_edit_schedule', [...])
 6 SYSTEMPATH\CodeIgniter.php(904): App\Controllers\Schedule->viewupdate()
 7 SYSTEMPATH\CodeIgniter.php(457): CodeIgniter\CodeIgniter->runController(Object(App\Controllers\Schedule))
 8 SYSTEMPATH\CodeIgniter.php(340): CodeIgniter\CodeIgniter->handleRequest(null, Object(Config\Cache), false)
 9 FCPATH\index.php(67): CodeIgniter\CodeIgniter->run()
10 SYSTEMPATH\Commands\Server\rewrite.php(43): require_once('FCPATH\\index.php')
CRITICAL - 2022-11-15 07:33:48 --> Illegal string offset 'idfg'
in APPPATH\Views\schedule_eps\planner\list_edit_schedule.php on line 61.
 1 APPPATH\Views\schedule_eps\planner\list_edit_schedule.php(61): CodeIgniter\Debug\Exceptions->errorHandler(2, 'Illegal string offset \'idfg\'', 'APPPATH\\Views\\schedule_eps\\planner\\list_edit_schedule.php', 61, [...])
 2 SYSTEMPATH\View\View.php(213): include('APPPATH\\Views\\schedule_eps\\planner\\list_edit_schedule.php')
 3 SYSTEMPATH\View\View.php(216): CodeIgniter\View\View->CodeIgniter\View\{closure}()
 4 SYSTEMPATH\Common.php(1137): CodeIgniter\View\View->render('schedule_eps/planner/list_edit_schedule', [], true)
 5 APPPATH\Controllers\Schedule.php(59): view('schedule_eps/planner/list_edit_schedule', [...])
 6 SYSTEMPATH\CodeIgniter.php(904): App\Controllers\Schedule->viewupdate()
 7 SYSTEMPATH\CodeIgniter.php(457): CodeIgniter\CodeIgniter->runController(Object(App\Controllers\Schedule))
 8 SYSTEMPATH\CodeIgniter.php(340): CodeIgniter\CodeIgniter->handleRequest(null, Object(Config\Cache), false)
 9 FCPATH\index.php(67): CodeIgniter\CodeIgniter->run()
10 SYSTEMPATH\Commands\Server\rewrite.php(43): require_once('FCPATH\\index.php')
CRITICAL - 2022-11-15 07:38:51 --> Undefined index: ups
in APPPATH\Views\schedule_eps\planner\list_edit_schedule.php on line 59.
 1 APPPATH\Views\schedule_eps\planner\list_edit_schedule.php(59): CodeIgniter\Debug\Exceptions->errorHandler(8, 'Undefined index: ups', 'APPPATH\\Views\\schedule_eps\\planner\\list_edit_schedule.php', 59, [...])
 2 SYSTEMPATH\View\View.php(213): include('APPPATH\\Views\\schedule_eps\\planner\\list_edit_schedule.php')
 3 SYSTEMPATH\View\View.php(216): CodeIgniter\View\View->CodeIgniter\View\{closure}()
 4 SYSTEMPATH\Common.php(1137): CodeIgniter\View\View->render('schedule_eps/planner/list_edit_schedule', [], true)
 5 APPPATH\Controllers\Schedule.php(59): view('schedule_eps/planner/list_edit_schedule', [...])
 6 SYSTEMPATH\CodeIgniter.php(904): App\Controllers\Schedule->viewupdate()
 7 SYSTEMPATH\CodeIgniter.php(457): CodeIgniter\CodeIgniter->runController(Object(App\Controllers\Schedule))
 8 SYSTEMPATH\CodeIgniter.php(340): CodeIgniter\CodeIgniter->handleRequest(null, Object(Config\Cache), false)
 9 FCPATH\index.php(67): CodeIgniter\CodeIgniter->run()
10 SYSTEMPATH\Commands\Server\rewrite.php(43): require_once('FCPATH\\index.php')
CRITICAL - 2022-11-15 08:09:22 --> Undefined variable: data
in APPPATH\Models\ScheduleModel.php on line 137.
 1 APPPATH\Models\ScheduleModel.php(137): CodeIgniter\Debug\Exceptions->errorHandler(8, 'Undefined variable: data', 'APPPATH\\Models\\ScheduleModel.php', 137, [...])
 2 APPPATH\Controllers\Schedule.php(186): App\Models\ScheduleModel->getCAV_edit('0')
 3 SYSTEMPATH\CodeIgniter.php(904): App\Controllers\Schedule->cav_edit()
 4 SYSTEMPATH\CodeIgniter.php(457): CodeIgniter\CodeIgniter->runController(Object(App\Controllers\Schedule))
 5 SYSTEMPATH\CodeIgniter.php(340): CodeIgniter\CodeIgniter->handleRequest(null, Object(Config\Cache), false)
 6 FCPATH\index.php(67): CodeIgniter\CodeIgniter->run()
 7 SYSTEMPATH\Commands\Server\rewrite.php(43): require_once('FCPATH\\index.php')
