CRITICAL - 2023-01-19 00:10:55 --> You must set the database table to be used with your query.
in SYSTEMPATH\Database\BaseConnection.php on line 872.
 1 SYSTEMPATH\Model.php(586): CodeIgniter\Database\BaseConnection->table(null)
 2 SYSTEMPATH\Model.php(763): CodeIgniter\Model->builder()
 3 APPPATH\Controllers\Tip.php(21): CodeIgniter\Model->__call('getCustomer', [])
 4 SYSTEMPATH\CodeIgniter.php(904): App\Controllers\Tip->viewListTip()
 5 SYSTEMPATH\CodeIgniter.php(457): CodeIgniter\CodeIgniter->runController(Object(App\Controllers\Tip))
 6 SYSTEMPATH\CodeIgniter.php(340): CodeIgniter\CodeIgniter->handleRequest(null, Object(Config\Cache), false)
 7 FCPATH\index.php(67): CodeIgniter\CodeIgniter->run()
 8 SYSTEMPATH\Commands\Server\rewrite.php(43): require_once('FCPATH\\index.php')
CRITICAL - 2023-01-19 00:11:00 --> You must set the database table to be used with your query.
in SYSTEMPATH\Database\BaseConnection.php on line 872.
 1 SYSTEMPATH\Model.php(586): CodeIgniter\Database\BaseConnection->table(null)
 2 SYSTEMPATH\Model.php(763): CodeIgniter\Model->builder()
 3 APPPATH\Controllers\Tip.php(21): CodeIgniter\Model->__call('getCustomer', [])
 4 SYSTEMPATH\CodeIgniter.php(904): App\Controllers\Tip->viewListTip()
 5 SYSTEMPATH\CodeIgniter.php(457): CodeIgniter\CodeIgniter->runController(Object(App\Controllers\Tip))
 6 SYSTEMPATH\CodeIgniter.php(340): CodeIgniter\CodeIgniter->handleRequest(null, Object(Config\Cache), false)
 7 FCPATH\index.php(67): CodeIgniter\CodeIgniter->run()
 8 SYSTEMPATH\Commands\Server\rewrite.php(43): require_once('FCPATH\\index.php')
CRITICAL - 2023-01-19 00:11:01 --> You must set the database table to be used with your query.
in SYSTEMPATH\Database\BaseConnection.php on line 872.
 1 SYSTEMPATH\Model.php(586): CodeIgniter\Database\BaseConnection->table(null)
 2 SYSTEMPATH\Model.php(763): CodeIgniter\Model->builder()
 3 APPPATH\Controllers\Tip.php(21): CodeIgniter\Model->__call('getCustomer', [])
 4 SYSTEMPATH\CodeIgniter.php(904): App\Controllers\Tip->viewListTip()
 5 SYSTEMPATH\CodeIgniter.php(457): CodeIgniter\CodeIgniter->runController(Object(App\Controllers\Tip))
 6 SYSTEMPATH\CodeIgniter.php(340): CodeIgniter\CodeIgniter->handleRequest(null, Object(Config\Cache), false)
 7 FCPATH\index.php(67): CodeIgniter\CodeIgniter->run()
 8 SYSTEMPATH\Commands\Server\rewrite.php(43): require_once('FCPATH\\index.php')
CRITICAL - 2023-01-19 00:11:09 --> You must set the database table to be used with your query.
in SYSTEMPATH\Database\BaseConnection.php on line 872.
 1 SYSTEMPATH\Model.php(586): CodeIgniter\Database\BaseConnection->table(null)
 2 SYSTEMPATH\Model.php(763): CodeIgniter\Model->builder()
 3 APPPATH\Controllers\Tip.php(21): CodeIgniter\Model->__call('getCustomer', [])
 4 SYSTEMPATH\CodeIgniter.php(904): App\Controllers\Tip->viewListTip()
 5 SYSTEMPATH\CodeIgniter.php(457): CodeIgniter\CodeIgniter->runController(Object(App\Controllers\Tip))
 6 SYSTEMPATH\CodeIgniter.php(340): CodeIgniter\CodeIgniter->handleRequest(null, Object(Config\Cache), false)
 7 FCPATH\index.php(67): CodeIgniter\CodeIgniter->run()
 8 SYSTEMPATH\Commands\Server\rewrite.php(43): require_once('FCPATH\\index.php')
CRITICAL - 2023-01-19 00:11:09 --> You must set the database table to be used with your query.
in SYSTEMPATH\Database\BaseConnection.php on line 872.
 1 SYSTEMPATH\Model.php(586): CodeIgniter\Database\BaseConnection->table(null)
 2 SYSTEMPATH\Model.php(763): CodeIgniter\Model->builder()
 3 APPPATH\Controllers\Tip.php(21): CodeIgniter\Model->__call('getCustomer', [])
 4 SYSTEMPATH\CodeIgniter.php(904): App\Controllers\Tip->viewListTip()
 5 SYSTEMPATH\CodeIgniter.php(457): CodeIgniter\CodeIgniter->runController(Object(App\Controllers\Tip))
 6 SYSTEMPATH\CodeIgniter.php(340): CodeIgniter\CodeIgniter->handleRequest(null, Object(Config\Cache), false)
 7 FCPATH\index.php(67): CodeIgniter\CodeIgniter->run()
 8 SYSTEMPATH\Commands\Server\rewrite.php(43): require_once('FCPATH\\index.php')
CRITICAL - 2023-01-19 00:11:10 --> You must set the database table to be used with your query.
in SYSTEMPATH\Database\BaseConnection.php on line 872.
 1 SYSTEMPATH\Model.php(586): CodeIgniter\Database\BaseConnection->table(null)
 2 SYSTEMPATH\Model.php(763): CodeIgniter\Model->builder()
 3 APPPATH\Controllers\Tip.php(21): CodeIgniter\Model->__call('getCustomer', [])
 4 SYSTEMPATH\CodeIgniter.php(904): App\Controllers\Tip->viewListTip()
 5 SYSTEMPATH\CodeIgniter.php(457): CodeIgniter\CodeIgniter->runController(Object(App\Controllers\Tip))
 6 SYSTEMPATH\CodeIgniter.php(340): CodeIgniter\CodeIgniter->handleRequest(null, Object(Config\Cache), false)
 7 FCPATH\index.php(67): CodeIgniter\CodeIgniter->run()
 8 SYSTEMPATH\Commands\Server\rewrite.php(43): require_once('FCPATH\\index.php')
CRITICAL - 2023-01-19 00:11:54 --> You must set the database table to be used with your query.
in SYSTEMPATH\Database\BaseConnection.php on line 872.
 1 SYSTEMPATH\Model.php(586): CodeIgniter\Database\BaseConnection->table(null)
 2 SYSTEMPATH\Model.php(763): CodeIgniter\Model->builder()
 3 APPPATH\Controllers\Tip.php(21): CodeIgniter\Model->__call('getCustomer', [])
 4 SYSTEMPATH\CodeIgniter.php(904): App\Controllers\Tip->viewListTip()
 5 SYSTEMPATH\CodeIgniter.php(457): CodeIgniter\CodeIgniter->runController(Object(App\Controllers\Tip))
 6 SYSTEMPATH\CodeIgniter.php(340): CodeIgniter\CodeIgniter->handleRequest(null, Object(Config\Cache), false)
 7 FCPATH\index.php(67): CodeIgniter\CodeIgniter->run()
 8 SYSTEMPATH\Commands\Server\rewrite.php(43): require_once('FCPATH\\index.php')
CRITICAL - 2023-01-19 00:11:56 --> You must set the database table to be used with your query.
in SYSTEMPATH\Database\BaseConnection.php on line 872.
 1 SYSTEMPATH\Model.php(586): CodeIgniter\Database\BaseConnection->table(null)
 2 SYSTEMPATH\Model.php(763): CodeIgniter\Model->builder()
 3 APPPATH\Controllers\Tip.php(21): CodeIgniter\Model->__call('getCustomer', [])
 4 SYSTEMPATH\CodeIgniter.php(904): App\Controllers\Tip->viewListTip()
 5 SYSTEMPATH\CodeIgniter.php(457): CodeIgniter\CodeIgniter->runController(Object(App\Controllers\Tip))
 6 SYSTEMPATH\CodeIgniter.php(340): CodeIgniter\CodeIgniter->handleRequest(null, Object(Config\Cache), false)
 7 FCPATH\index.php(67): CodeIgniter\CodeIgniter->run()
 8 SYSTEMPATH\Commands\Server\rewrite.php(43): require_once('FCPATH\\index.php')
CRITICAL - 2023-01-19 00:12:11 --> You must set the database table to be used with your query.
in SYSTEMPATH\Database\BaseConnection.php on line 872.
 1 SYSTEMPATH\Model.php(586): CodeIgniter\Database\BaseConnection->table(null)
 2 SYSTEMPATH\Model.php(763): CodeIgniter\Model->builder()
 3 APPPATH\Controllers\Tip.php(25): CodeIgniter\Model->__call('getdataDono', [])
 4 SYSTEMPATH\CodeIgniter.php(904): App\Controllers\Tip->viewListTip()
 5 SYSTEMPATH\CodeIgniter.php(457): CodeIgniter\CodeIgniter->runController(Object(App\Controllers\Tip))
 6 SYSTEMPATH\CodeIgniter.php(340): CodeIgniter\CodeIgniter->handleRequest(null, Object(Config\Cache), false)
 7 FCPATH\index.php(67): CodeIgniter\CodeIgniter->run()
 8 SYSTEMPATH\Commands\Server\rewrite.php(43): require_once('FCPATH\\index.php')
CRITICAL - 2023-01-19 00:12:25 --> Undefined variable: data_dono
in APPPATH\Views\Tip_tracking\list_tip.php on line 123.
 1 APPPATH\Views\Tip_tracking\list_tip.php(123): CodeIgniter\Debug\Exceptions->errorHandler(8, 'Undefined variable: data_dono', 'APPPATH\\Views\\Tip_tracking\\list_tip.php', 123, [...])
 2 SYSTEMPATH\View\View.php(213): include('APPPATH\\Views\\Tip_tracking\\list_tip.php')
 3 SYSTEMPATH\View\View.php(216): CodeIgniter\View\View->CodeIgniter\View\{closure}()
 4 SYSTEMPATH\Common.php(1137): CodeIgniter\View\View->render('Tip_tracking/list_tip', [], true)
 5 APPPATH\Controllers\Tip.php(26): view('Tip_tracking/list_tip', [...])
 6 SYSTEMPATH\CodeIgniter.php(904): App\Controllers\Tip->viewListTip()
 7 SYSTEMPATH\CodeIgniter.php(457): CodeIgniter\CodeIgniter->runController(Object(App\Controllers\Tip))
 8 SYSTEMPATH\CodeIgniter.php(340): CodeIgniter\CodeIgniter->handleRequest(null, Object(Config\Cache), false)
 9 FCPATH\index.php(67): CodeIgniter\CodeIgniter->run()
10 SYSTEMPATH\Commands\Server\rewrite.php(43): require_once('FCPATH\\index.php')
CRITICAL - 2023-01-19 00:23:07 --> Allowed memory size of 536870912 bytes exhausted (tried to allocate 27279360 bytes)
in APPPATH\Views\Tip_tracking\list_tip.php on line 249.
 1 [internal function]: CodeIgniter\Debug\Exceptions->shutdownHandler()
CRITICAL - 2023-01-19 02:21:36 --> strtotime() expects parameter 1 to be string, array given
in APPPATH\Controllers\Tip.php on line 32.
 1 [internal function]: CodeIgniter\Debug\Exceptions->errorHandler(2, 'strtotime() expects parameter 1 to be string, array given', 'APPPATH\\Controllers\\Tip.php', 32, [])
 2 APPPATH\Controllers\Tip.php(32): strtotime([...])
 3 SYSTEMPATH\CodeIgniter.php(904): App\Controllers\Tip->addListTip()
 4 SYSTEMPATH\CodeIgniter.php(457): CodeIgniter\CodeIgniter->runController(Object(App\Controllers\Tip))
 5 SYSTEMPATH\CodeIgniter.php(340): CodeIgniter\CodeIgniter->handleRequest(null, Object(Config\Cache), false)
 6 FCPATH\index.php(67): CodeIgniter\CodeIgniter->run()
 7 SYSTEMPATH\Commands\Server\rewrite.php(43): require_once('FCPATH\\index.php')
CRITICAL - 2023-01-19 19:34:55 --> strtotime() expects parameter 1 to be string, array given
in APPPATH\Controllers\Tip.php on line 32.
 1 [internal function]: CodeIgniter\Debug\Exceptions->errorHandler(2, 'strtotime() expects parameter 1 to be string, array given', 'APPPATH\\Controllers\\Tip.php', 32, [])
 2 APPPATH\Controllers\Tip.php(32): strtotime([...])
 3 SYSTEMPATH\CodeIgniter.php(904): App\Controllers\Tip->addListTip()
 4 SYSTEMPATH\CodeIgniter.php(457): CodeIgniter\CodeIgniter->runController(Object(App\Controllers\Tip))
 5 SYSTEMPATH\CodeIgniter.php(340): CodeIgniter\CodeIgniter->handleRequest(null, Object(Config\Cache), false)
 6 FCPATH\index.php(67): CodeIgniter\CodeIgniter->run()
 7 SYSTEMPATH\Commands\Server\rewrite.php(43): require_once('FCPATH\\index.php')
CRITICAL - 2023-01-19 20:45:18 --> strtotime() expects parameter 1 to be string, array given
in APPPATH\Controllers\Tip.php on line 32.
 1 [internal function]: CodeIgniter\Debug\Exceptions->errorHandler(2, 'strtotime() expects parameter 1 to be string, array given', 'APPPATH\\Controllers\\Tip.php', 32, [])
 2 APPPATH\Controllers\Tip.php(32): strtotime([...])
 3 SYSTEMPATH\CodeIgniter.php(904): App\Controllers\Tip->addListTip()
 4 SYSTEMPATH\CodeIgniter.php(457): CodeIgniter\CodeIgniter->runController(Object(App\Controllers\Tip))
 5 SYSTEMPATH\CodeIgniter.php(340): CodeIgniter\CodeIgniter->handleRequest(null, Object(Config\Cache), false)
 6 FCPATH\index.php(67): CodeIgniter\CodeIgniter->run()
 7 SYSTEMPATH\Commands\Server\rewrite.php(43): require_once('FCPATH\\index.php')
CRITICAL - 2023-01-19 20:46:32 --> strtotime() expects parameter 1 to be string, array given
in APPPATH\Controllers\Tip.php on line 32.
 1 [internal function]: CodeIgniter\Debug\Exceptions->errorHandler(2, 'strtotime() expects parameter 1 to be string, array given', 'APPPATH\\Controllers\\Tip.php', 32, [])
 2 APPPATH\Controllers\Tip.php(32): strtotime([...])
 3 SYSTEMPATH\CodeIgniter.php(904): App\Controllers\Tip->addListTip()
 4 SYSTEMPATH\CodeIgniter.php(457): CodeIgniter\CodeIgniter->runController(Object(App\Controllers\Tip))
 5 SYSTEMPATH\CodeIgniter.php(340): CodeIgniter\CodeIgniter->handleRequest(null, Object(Config\Cache), false)
 6 FCPATH\index.php(67): CodeIgniter\CodeIgniter->run()
 7 SYSTEMPATH\Commands\Server\rewrite.php(43): require_once('FCPATH\\index.php')
CRITICAL - 2023-01-19 21:16:56 --> strtotime() expects parameter 1 to be string, array given
in APPPATH\Controllers\Tip.php on line 32.
 1 [internal function]: CodeIgniter\Debug\Exceptions->errorHandler(2, 'strtotime() expects parameter 1 to be string, array given', 'APPPATH\\Controllers\\Tip.php', 32, [])
 2 APPPATH\Controllers\Tip.php(32): strtotime([...])
 3 SYSTEMPATH\CodeIgniter.php(904): App\Controllers\Tip->addListTip()
 4 SYSTEMPATH\CodeIgniter.php(457): CodeIgniter\CodeIgniter->runController(Object(App\Controllers\Tip))
 5 SYSTEMPATH\CodeIgniter.php(340): CodeIgniter\CodeIgniter->handleRequest(null, Object(Config\Cache), false)
 6 FCPATH\index.php(67): CodeIgniter\CodeIgniter->run()
 7 SYSTEMPATH\Commands\Server\rewrite.php(43): require_once('FCPATH\\index.php')
