CRITICAL - 2023-01-18 02:24:10 --> Undefined property: stdClass::$value
in APPPATH\Controllers\Tip.php on line 97.
 1 APPPATH\Controllers\Tip.php(97): CodeIgniter\Debug\Exceptions->errorHandler(8, 'Undefined property: stdClass::$value', 'APPPATH\\Controllers\\Tip.php', 97, [...])
 2 SYSTEMPATH\CodeIgniter.php(904): App\Controllers\Tip->get_do_by_tip()
 3 SYSTEMPATH\CodeIgniter.php(457): CodeIgniter\CodeIgniter->runController(Object(App\Controllers\Tip))
 4 SYSTEMPATH\CodeIgniter.php(340): CodeIgniter\CodeIgniter->handleRequest(null, Object(Config\Cache), false)
 5 FCPATH\index.php(67): CodeIgniter\CodeIgniter->run()
 6 SYSTEMPATH\Commands\Server\rewrite.php(43): require_once('FCPATH\\index.php')
CRITICAL - 2023-01-18 02:34:00 --> Undefined property: stdClass::$value_tip
in APPPATH\Controllers\Tip.php on line 99.
 1 APPPATH\Controllers\Tip.php(99): CodeIgniter\Debug\Exceptions->errorHandler(8, 'Undefined property: stdClass::$value_tip', 'APPPATH\\Controllers\\Tip.php', 99, [...])
 2 SYSTEMPATH\CodeIgniter.php(904): App\Controllers\Tip->get_do_by_tip()
 3 SYSTEMPATH\CodeIgniter.php(457): CodeIgniter\CodeIgniter->runController(Object(App\Controllers\Tip))
 4 SYSTEMPATH\CodeIgniter.php(340): CodeIgniter\CodeIgniter->handleRequest(null, Object(Config\Cache), false)
 5 FCPATH\index.php(67): CodeIgniter\CodeIgniter->run()
 6 SYSTEMPATH\Commands\Server\rewrite.php(43): require_once('FCPATH\\index.php')
CRITICAL - 2023-01-18 02:48:24 --> Undefined property: stdClass::$name_driver
in APPPATH\Controllers\Tip.php on line 118.
 1 APPPATH\Controllers\Tip.php(118): CodeIgniter\Debug\Exceptions->errorHandler(8, 'Undefined property: stdClass::$name_driver', 'APPPATH\\Controllers\\Tip.php', 118, [...])
 2 SYSTEMPATH\CodeIgniter.php(904): App\Controllers\Tip->get_driver_tip()
 3 SYSTEMPATH\CodeIgniter.php(457): CodeIgniter\CodeIgniter->runController(Object(App\Controllers\Tip))
 4 SYSTEMPATH\CodeIgniter.php(340): CodeIgniter\CodeIgniter->handleRequest(null, Object(Config\Cache), false)
 5 FCPATH\index.php(67): CodeIgniter\CodeIgniter->run()
 6 SYSTEMPATH\Commands\Server\rewrite.php(43): require_once('FCPATH\\index.php')
CRITICAL - 2023-01-18 02:49:10 --> Undefined property: stdClass::$name_driver
in APPPATH\Controllers\Tip.php on line 118.
 1 APPPATH\Controllers\Tip.php(118): CodeIgniter\Debug\Exceptions->errorHandler(8, 'Undefined property: stdClass::$name_driver', 'APPPATH\\Controllers\\Tip.php', 118, [...])
 2 SYSTEMPATH\CodeIgniter.php(904): App\Controllers\Tip->get_driver_tip()
 3 SYSTEMPATH\CodeIgniter.php(457): CodeIgniter\CodeIgniter->runController(Object(App\Controllers\Tip))
 4 SYSTEMPATH\CodeIgniter.php(340): CodeIgniter\CodeIgniter->handleRequest(null, Object(Config\Cache), false)
 5 FCPATH\index.php(67): CodeIgniter\CodeIgniter->run()
 6 SYSTEMPATH\Commands\Server\rewrite.php(43): require_once('FCPATH\\index.php')
CRITICAL - 2023-01-18 02:49:16 --> Undefined property: stdClass::$name_driver
in APPPATH\Controllers\Tip.php on line 118.
 1 APPPATH\Controllers\Tip.php(118): CodeIgniter\Debug\Exceptions->errorHandler(8, 'Undefined property: stdClass::$name_driver', 'APPPATH\\Controllers\\Tip.php', 118, [...])
 2 SYSTEMPATH\CodeIgniter.php(904): App\Controllers\Tip->get_driver_tip()
 3 SYSTEMPATH\CodeIgniter.php(457): CodeIgniter\CodeIgniter->runController(Object(App\Controllers\Tip))
 4 SYSTEMPATH\CodeIgniter.php(340): CodeIgniter\CodeIgniter->handleRequest(null, Object(Config\Cache), false)
 5 FCPATH\index.php(67): CodeIgniter\CodeIgniter->run()
 6 SYSTEMPATH\Commands\Server\rewrite.php(43): require_once('FCPATH\\index.php')
CRITICAL - 2023-01-18 02:49:30 --> Undefined property: stdClass::$name_driver
in APPPATH\Controllers\Tip.php on line 118.
 1 APPPATH\Controllers\Tip.php(118): CodeIgniter\Debug\Exceptions->errorHandler(8, 'Undefined property: stdClass::$name_driver', 'APPPATH\\Controllers\\Tip.php', 118, [...])
 2 SYSTEMPATH\CodeIgniter.php(904): App\Controllers\Tip->get_driver_tip()
 3 SYSTEMPATH\CodeIgniter.php(457): CodeIgniter\CodeIgniter->runController(Object(App\Controllers\Tip))
 4 SYSTEMPATH\CodeIgniter.php(340): CodeIgniter\CodeIgniter->handleRequest(null, Object(Config\Cache), false)
 5 FCPATH\index.php(67): CodeIgniter\CodeIgniter->run()
 6 SYSTEMPATH\Commands\Server\rewrite.php(43): require_once('FCPATH\\index.php')
ERROR - 2023-01-18 02:54:06 --> mysqli_sql_exception: Unknown column 'tblmas_tip_tracking.dono' in 'on clause' in C:\xampp\htdocs\tracking\system\Database\MySQLi\Connection.php:292
Stack trace:
#0 C:\xampp\htdocs\tracking\system\Database\MySQLi\Connection.php(292): mysqli->query('SELECT tblmas_t...', 0)
#1 C:\xampp\htdocs\tracking\system\Database\BaseConnection.php(693): CodeIgniter\Database\MySQLi\Connection->execute('SELECT tblmas_t...')
#2 C:\xampp\htdocs\tracking\system\Database\BaseConnection.php(620): CodeIgniter\Database\BaseConnection->simpleQuery('SELECT tblmas_t...')
#3 C:\xampp\htdocs\tracking\app\Models\TipModel.php(45): CodeIgniter\Database\BaseConnection->query('SELECT tblmas_t...')
#4 C:\xampp\htdocs\tracking\app\Controllers\Tip.php(38): App\Models\TipModel->dataById('86')
#5 C:\xampp\htdocs\tracking\system\CodeIgniter.php(904): App\Controllers\Tip->viewupdate()
#6 C:\xampp\htdocs\tracking\system\CodeIgniter.php(457): CodeIgniter\CodeIgniter->runController(Object(App\Controllers\Tip))
#7 C:\xampp\htdocs\tracking\system\CodeIgniter.php(340): CodeIgniter\CodeIgniter->handleRequest(NULL, Object(Config\Cache), false)
#8 C:\xampp\htdocs\tracking\public\index.php(67): CodeIgniter\CodeIgniter->run()
#9 C:\xampp\htdocs\tracking\system\Commands\Server\rewrite.php(43): require_once('C:\\xampp\\htdocs...')
#10 {main}
CRITICAL - 2023-01-18 02:54:06 --> Unknown column 'tblmas_tip_tracking.dono' in 'on clause'
in SYSTEMPATH\Database\MySQLi\Connection.php on line 292.
 1 SYSTEMPATH\Database\MySQLi\Connection.php(292): mysqli->query('SELECT tblmas_tip_tracking.*,
        GROUP_CONCAT(Distinct tblmas_customer.customername) AS customerName
            FROM tblmas_tip_tracking
        
                JOIN tbltrn_do1 ON FIND_IN_SET(tbltrn_do1.dono, tblmas_tip_tracking.dono)
                JOIN tblmas_customer ON tbltrn_do1.idcustomer = tblmas_customer.idcustomer
                WHERE tblmas_tip_tracking.id = 86
                
                GROUP BY 
                tblmas_tip_tracking.id, 
                tblmas_tip_tracking.start_time,
                tblmas_tip_tracking.end_time,
                tblmas_tip_tracking.customer_name,
                tblmas_tip_tracking.value_tip,
                tblmas_tip_tracking.dono,
                tblmas_tip_tracking.driver,
                tblmas_tip_tracking.lorry,
                tblmas_tip_tracking.trip,
                tblmas_tip_tracking.remarks
                
                ORDER BY tblmas_tip_tracking.driver ASC', 0)
 2 SYSTEMPATH\Database\BaseConnection.php(693): CodeIgniter\Database\MySQLi\Connection->execute('SELECT tblmas_tip_tracking.*,
        GROUP_CONCAT(Distinct tblmas_customer.customername) AS customerName
            FROM tblmas_tip_tracking
        
                JOIN tbltrn_do1 ON FIND_IN_SET(tbltrn_do1.dono, tblmas_tip_tracking.dono)
                JOIN tblmas_customer ON tbltrn_do1.idcustomer = tblmas_customer.idcustomer
                WHERE tblmas_tip_tracking.id = 86
                
                GROUP BY 
                tblmas_tip_tracking.id, 
                tblmas_tip_tracking.start_time,
                tblmas_tip_tracking.end_time,
                tblmas_tip_tracking.customer_name,
                tblmas_tip_tracking.value_tip,
                tblmas_tip_tracking.dono,
                tblmas_tip_tracking.driver,
                tblmas_tip_tracking.lorry,
                tblmas_tip_tracking.trip,
                tblmas_tip_tracking.remarks
                
                ORDER BY tblmas_tip_tracking.driver ASC')
 3 SYSTEMPATH\Database\BaseConnection.php(620): CodeIgniter\Database\BaseConnection->simpleQuery('SELECT tblmas_tip_tracking.*,
        GROUP_CONCAT(Distinct tblmas_customer.customername) AS customerName
            FROM tblmas_tip_tracking
        
                JOIN tbltrn_do1 ON FIND_IN_SET(tbltrn_do1.dono, tblmas_tip_tracking.dono)
                JOIN tblmas_customer ON tbltrn_do1.idcustomer = tblmas_customer.idcustomer
                WHERE tblmas_tip_tracking.id = 86
                
                GROUP BY 
                tblmas_tip_tracking.id, 
                tblmas_tip_tracking.start_time,
                tblmas_tip_tracking.end_time,
                tblmas_tip_tracking.customer_name,
                tblmas_tip_tracking.value_tip,
                tblmas_tip_tracking.dono,
                tblmas_tip_tracking.driver,
                tblmas_tip_tracking.lorry,
                tblmas_tip_tracking.trip,
                tblmas_tip_tracking.remarks
                
                ORDER BY tblmas_tip_tracking.driver ASC')
 4 APPPATH\Models\TipModel.php(45): CodeIgniter\Database\BaseConnection->query('SELECT tblmas_tip_tracking.*,
        GROUP_CONCAT(Distinct tblmas_customer.customername) AS customerName
            FROM tblmas_tip_tracking
        
                JOIN tbltrn_do1 ON FIND_IN_SET(tbltrn_do1.dono, tblmas_tip_tracking.dono)
                JOIN tblmas_customer ON tbltrn_do1.idcustomer = tblmas_customer.idcustomer
                WHERE tblmas_tip_tracking.id = 86
                
                GROUP BY 
                tblmas_tip_tracking.id, 
                tblmas_tip_tracking.start_time,
                tblmas_tip_tracking.end_time,
                tblmas_tip_tracking.customer_name,
                tblmas_tip_tracking.value_tip,
                tblmas_tip_tracking.dono,
                tblmas_tip_tracking.driver,
                tblmas_tip_tracking.lorry,
                tblmas_tip_tracking.trip,
                tblmas_tip_tracking.remarks
                
                ORDER BY tblmas_tip_tracking.driver ASC')
 5 APPPATH\Controllers\Tip.php(38): App\Models\TipModel->dataById('86')
 6 SYSTEMPATH\CodeIgniter.php(904): App\Controllers\Tip->viewupdate()
 7 SYSTEMPATH\CodeIgniter.php(457): CodeIgniter\CodeIgniter->runController(Object(App\Controllers\Tip))
 8 SYSTEMPATH\CodeIgniter.php(340): CodeIgniter\CodeIgniter->handleRequest(null, Object(Config\Cache), false)
 9 FCPATH\index.php(67): CodeIgniter\CodeIgniter->run()
10 SYSTEMPATH\Commands\Server\rewrite.php(43): require_once('FCPATH\\index.php')
ERROR - 2023-01-18 02:55:04 --> mysqli_sql_exception: Unknown column 'tblmas_tip_tracking.dono' in 'where clause' in C:\xampp\htdocs\tracking\system\Database\MySQLi\Connection.php:292
Stack trace:
#0 C:\xampp\htdocs\tracking\system\Database\MySQLi\Connection.php(292): mysqli->query('SELECT tblmas_t...', 0)
#1 C:\xampp\htdocs\tracking\system\Database\BaseConnection.php(693): CodeIgniter\Database\MySQLi\Connection->execute('SELECT tblmas_t...')
#2 C:\xampp\htdocs\tracking\system\Database\BaseConnection.php(620): CodeIgniter\Database\BaseConnection->simpleQuery('SELECT tblmas_t...')
#3 C:\xampp\htdocs\tracking\app\Models\TipModel.php(175): CodeIgniter\Database\BaseConnection->query('SELECT tblmas_t...')
#4 C:\xampp\htdocs\tracking\app\Controllers\Tip.php(42): App\Models\TipModel->getdataDono_edit(NULL)
#5 C:\xampp\htdocs\tracking\system\CodeIgniter.php(904): App\Controllers\Tip->viewupdate()
#6 C:\xampp\htdocs\tracking\system\CodeIgniter.php(457): CodeIgniter\CodeIgniter->runController(Object(App\Controllers\Tip))
#7 C:\xampp\htdocs\tracking\system\CodeIgniter.php(340): CodeIgniter\CodeIgniter->handleRequest(NULL, Object(Config\Cache), false)
#8 C:\xampp\htdocs\tracking\public\index.php(67): CodeIgniter\CodeIgniter->run()
#9 C:\xampp\htdocs\tracking\system\Commands\Server\rewrite.php(43): require_once('C:\\xampp\\htdocs...')
#10 {main}
CRITICAL - 2023-01-18 02:55:04 --> Unknown column 'tblmas_tip_tracking.dono' in 'where clause'
in SYSTEMPATH\Database\MySQLi\Connection.php on line 292.
 1 SYSTEMPATH\Database\MySQLi\Connection.php(292): mysqli->query('SELECT tblmas_tip_tracking.*  FROM tblmas_tip_tracking 
                    JOIN tbltrn_do1 ON tbltrn_do1.dono = tblmas_tip_tracking.dono 
                        WHERE tblmas_tip_tracking.dono', 0)
 2 SYSTEMPATH\Database\BaseConnection.php(693): CodeIgniter\Database\MySQLi\Connection->execute('SELECT tblmas_tip_tracking.*  FROM tblmas_tip_tracking 
                    JOIN tbltrn_do1 ON tbltrn_do1.dono = tblmas_tip_tracking.dono 
                        WHERE tblmas_tip_tracking.dono')
 3 SYSTEMPATH\Database\BaseConnection.php(620): CodeIgniter\Database\BaseConnection->simpleQuery('SELECT tblmas_tip_tracking.*  FROM tblmas_tip_tracking 
                    JOIN tbltrn_do1 ON tbltrn_do1.dono = tblmas_tip_tracking.dono 
                        WHERE tblmas_tip_tracking.dono')
 4 APPPATH\Models\TipModel.php(175): CodeIgniter\Database\BaseConnection->query('SELECT tblmas_tip_tracking.*  FROM tblmas_tip_tracking 
                    JOIN tbltrn_do1 ON tbltrn_do1.dono = tblmas_tip_tracking.dono 
                        WHERE tblmas_tip_tracking.dono')
 5 APPPATH\Controllers\Tip.php(42): App\Models\TipModel->getdataDono_edit(null)
 6 SYSTEMPATH\CodeIgniter.php(904): App\Controllers\Tip->viewupdate()
 7 SYSTEMPATH\CodeIgniter.php(457): CodeIgniter\CodeIgniter->runController(Object(App\Controllers\Tip))
 8 SYSTEMPATH\CodeIgniter.php(340): CodeIgniter\CodeIgniter->handleRequest(null, Object(Config\Cache), false)
 9 FCPATH\index.php(67): CodeIgniter\CodeIgniter->run()
10 SYSTEMPATH\Commands\Server\rewrite.php(43): require_once('FCPATH\\index.php')
ERROR - 2023-01-18 02:55:05 --> mysqli_sql_exception: Unknown column 'tblmas_tip_tracking.dono' in 'where clause' in C:\xampp\htdocs\tracking\system\Database\MySQLi\Connection.php:292
Stack trace:
#0 C:\xampp\htdocs\tracking\system\Database\MySQLi\Connection.php(292): mysqli->query('SELECT tblmas_t...', 0)
#1 C:\xampp\htdocs\tracking\system\Database\BaseConnection.php(693): CodeIgniter\Database\MySQLi\Connection->execute('SELECT tblmas_t...')
#2 C:\xampp\htdocs\tracking\system\Database\BaseConnection.php(620): CodeIgniter\Database\BaseConnection->simpleQuery('SELECT tblmas_t...')
#3 C:\xampp\htdocs\tracking\app\Models\TipModel.php(175): CodeIgniter\Database\BaseConnection->query('SELECT tblmas_t...')
#4 C:\xampp\htdocs\tracking\app\Controllers\Tip.php(42): App\Models\TipModel->getdataDono_edit(NULL)
#5 C:\xampp\htdocs\tracking\system\CodeIgniter.php(904): App\Controllers\Tip->viewupdate()
#6 C:\xampp\htdocs\tracking\system\CodeIgniter.php(457): CodeIgniter\CodeIgniter->runController(Object(App\Controllers\Tip))
#7 C:\xampp\htdocs\tracking\system\CodeIgniter.php(340): CodeIgniter\CodeIgniter->handleRequest(NULL, Object(Config\Cache), false)
#8 C:\xampp\htdocs\tracking\public\index.php(67): CodeIgniter\CodeIgniter->run()
#9 C:\xampp\htdocs\tracking\system\Commands\Server\rewrite.php(43): require_once('C:\\xampp\\htdocs...')
#10 {main}
CRITICAL - 2023-01-18 02:55:05 --> Unknown column 'tblmas_tip_tracking.dono' in 'where clause'
in SYSTEMPATH\Database\MySQLi\Connection.php on line 292.
 1 SYSTEMPATH\Database\MySQLi\Connection.php(292): mysqli->query('SELECT tblmas_tip_tracking.*  FROM tblmas_tip_tracking 
                    JOIN tbltrn_do1 ON tbltrn_do1.dono = tblmas_tip_tracking.dono 
                        WHERE tblmas_tip_tracking.dono', 0)
 2 SYSTEMPATH\Database\BaseConnection.php(693): CodeIgniter\Database\MySQLi\Connection->execute('SELECT tblmas_tip_tracking.*  FROM tblmas_tip_tracking 
                    JOIN tbltrn_do1 ON tbltrn_do1.dono = tblmas_tip_tracking.dono 
                        WHERE tblmas_tip_tracking.dono')
 3 SYSTEMPATH\Database\BaseConnection.php(620): CodeIgniter\Database\BaseConnection->simpleQuery('SELECT tblmas_tip_tracking.*  FROM tblmas_tip_tracking 
                    JOIN tbltrn_do1 ON tbltrn_do1.dono = tblmas_tip_tracking.dono 
                        WHERE tblmas_tip_tracking.dono')
 4 APPPATH\Models\TipModel.php(175): CodeIgniter\Database\BaseConnection->query('SELECT tblmas_tip_tracking.*  FROM tblmas_tip_tracking 
                    JOIN tbltrn_do1 ON tbltrn_do1.dono = tblmas_tip_tracking.dono 
                        WHERE tblmas_tip_tracking.dono')
 5 APPPATH\Controllers\Tip.php(42): App\Models\TipModel->getdataDono_edit(null)
 6 SYSTEMPATH\CodeIgniter.php(904): App\Controllers\Tip->viewupdate()
 7 SYSTEMPATH\CodeIgniter.php(457): CodeIgniter\CodeIgniter->runController(Object(App\Controllers\Tip))
 8 SYSTEMPATH\CodeIgniter.php(340): CodeIgniter\CodeIgniter->handleRequest(null, Object(Config\Cache), false)
 9 FCPATH\index.php(67): CodeIgniter\CodeIgniter->run()
10 SYSTEMPATH\Commands\Server\rewrite.php(43): require_once('FCPATH\\index.php')
CRITICAL - 2023-01-18 02:55:13 --> Undefined variable: data_list
in APPPATH\Views\Tip_tracking\list_edit_tip.php on line 15.
 1 APPPATH\Views\Tip_tracking\list_edit_tip.php(15): CodeIgniter\Debug\Exceptions->errorHandler(8, 'Undefined variable: data_list', 'APPPATH\\Views\\Tip_tracking\\list_edit_tip.php', 15, [...])
 2 SYSTEMPATH\View\View.php(213): include('APPPATH\\Views\\Tip_tracking\\list_edit_tip.php')
 3 SYSTEMPATH\View\View.php(216): CodeIgniter\View\View->CodeIgniter\View\{closure}()
 4 SYSTEMPATH\Common.php(1137): CodeIgniter\View\View->render('Tip_tracking/list_edit_tip', [], true)
 5 APPPATH\Controllers\Tip.php(44): view('Tip_tracking/list_edit_tip', [...])
 6 SYSTEMPATH\CodeIgniter.php(904): App\Controllers\Tip->viewupdate()
 7 SYSTEMPATH\CodeIgniter.php(457): CodeIgniter\CodeIgniter->runController(Object(App\Controllers\Tip))
 8 SYSTEMPATH\CodeIgniter.php(340): CodeIgniter\CodeIgniter->handleRequest(null, Object(Config\Cache), false)
 9 FCPATH\index.php(67): CodeIgniter\CodeIgniter->run()
10 SYSTEMPATH\Commands\Server\rewrite.php(43): require_once('FCPATH\\index.php')
CRITICAL - 2023-01-18 02:56:54 --> Undefined variable: value
in APPPATH\Controllers\Tip.php on line 120.
 1 APPPATH\Controllers\Tip.php(120): CodeIgniter\Debug\Exceptions->errorHandler(8, 'Undefined variable: value', 'APPPATH\\Controllers\\Tip.php', 120, [...])
 2 SYSTEMPATH\CodeIgniter.php(904): App\Controllers\Tip->get_driver_tip()
 3 SYSTEMPATH\CodeIgniter.php(457): CodeIgniter\CodeIgniter->runController(Object(App\Controllers\Tip))
 4 SYSTEMPATH\CodeIgniter.php(340): CodeIgniter\CodeIgniter->handleRequest(null, Object(Config\Cache), false)
 5 FCPATH\index.php(67): CodeIgniter\CodeIgniter->run()
 6 SYSTEMPATH\Commands\Server\rewrite.php(43): require_once('FCPATH\\index.php')
CRITICAL - 2023-01-18 02:57:05 --> Undefined variable: value
in APPPATH\Controllers\Tip.php on line 109.
 1 APPPATH\Controllers\Tip.php(109): CodeIgniter\Debug\Exceptions->errorHandler(8, 'Undefined variable: value', 'APPPATH\\Controllers\\Tip.php', 109, [...])
 2 SYSTEMPATH\CodeIgniter.php(904): App\Controllers\Tip->get_value_tip()
 3 SYSTEMPATH\CodeIgniter.php(457): CodeIgniter\CodeIgniter->runController(Object(App\Controllers\Tip))
 4 SYSTEMPATH\CodeIgniter.php(340): CodeIgniter\CodeIgniter->handleRequest(null, Object(Config\Cache), false)
 5 FCPATH\index.php(67): CodeIgniter\CodeIgniter->run()
 6 SYSTEMPATH\Commands\Server\rewrite.php(43): require_once('FCPATH\\index.php')
CRITICAL - 2023-01-18 03:17:08 --> Invalid argument supplied for foreach()
in APPPATH\Models\TipModel.php on line 71.
 1 APPPATH\Models\TipModel.php(71): CodeIgniter\Debug\Exceptions->errorHandler(2, 'Invalid argument supplied for foreach()', 'APPPATH\\Models\\TipModel.php', 71, [...])
 2 APPPATH\Controllers\Tip.php(66): App\Models\TipModel->Addtip('18-01-2023 04:16:00', '18-01-2023 04:16:00', [...], [...], [...], '3', null, null)
 3 SYSTEMPATH\CodeIgniter.php(904): App\Controllers\Tip->addListTip()
 4 SYSTEMPATH\CodeIgniter.php(457): CodeIgniter\CodeIgniter->runController(Object(App\Controllers\Tip))
 5 SYSTEMPATH\CodeIgniter.php(340): CodeIgniter\CodeIgniter->handleRequest(null, Object(Config\Cache), false)
 6 FCPATH\index.php(67): CodeIgniter\CodeIgniter->run()
 7 SYSTEMPATH\Commands\Server\rewrite.php(43): require_once('FCPATH\\index.php')
CRITICAL - 2023-01-18 03:24:28 --> Undefined property: stdClass::$name_driver
in APPPATH\Controllers\Tip.php on line 118.
 1 APPPATH\Controllers\Tip.php(118): CodeIgniter\Debug\Exceptions->errorHandler(8, 'Undefined property: stdClass::$name_driver', 'APPPATH\\Controllers\\Tip.php', 118, [...])
 2 SYSTEMPATH\CodeIgniter.php(904): App\Controllers\Tip->get_driver_tip()
 3 SYSTEMPATH\CodeIgniter.php(457): CodeIgniter\CodeIgniter->runController(Object(App\Controllers\Tip))
 4 SYSTEMPATH\CodeIgniter.php(340): CodeIgniter\CodeIgniter->handleRequest(null, Object(Config\Cache), false)
 5 FCPATH\index.php(67): CodeIgniter\CodeIgniter->run()
 6 SYSTEMPATH\Commands\Server\rewrite.php(43): require_once('FCPATH\\index.php')
CRITICAL - 2023-01-18 03:25:24 --> Undefined property: stdClass::$name_driver
in APPPATH\Controllers\Tip.php on line 118.
 1 APPPATH\Controllers\Tip.php(118): CodeIgniter\Debug\Exceptions->errorHandler(8, 'Undefined property: stdClass::$name_driver', 'APPPATH\\Controllers\\Tip.php', 118, [...])
 2 SYSTEMPATH\CodeIgniter.php(904): App\Controllers\Tip->get_driver_tip()
 3 SYSTEMPATH\CodeIgniter.php(457): CodeIgniter\CodeIgniter->runController(Object(App\Controllers\Tip))
 4 SYSTEMPATH\CodeIgniter.php(340): CodeIgniter\CodeIgniter->handleRequest(null, Object(Config\Cache), false)
 5 FCPATH\index.php(67): CodeIgniter\CodeIgniter->run()
 6 SYSTEMPATH\Commands\Server\rewrite.php(43): require_once('FCPATH\\index.php')
CRITICAL - 2023-01-18 03:25:24 --> Undefined property: stdClass::$plat_lorry
in APPPATH\Controllers\Tip.php on line 130.
 1 APPPATH\Controllers\Tip.php(130): CodeIgniter\Debug\Exceptions->errorHandler(8, 'Undefined property: stdClass::$plat_lorry', 'APPPATH\\Controllers\\Tip.php', 130, [...])
 2 SYSTEMPATH\CodeIgniter.php(904): App\Controllers\Tip->get_lorry_tip()
 3 SYSTEMPATH\CodeIgniter.php(457): CodeIgniter\CodeIgniter->runController(Object(App\Controllers\Tip))
 4 SYSTEMPATH\CodeIgniter.php(340): CodeIgniter\CodeIgniter->handleRequest(null, Object(Config\Cache), false)
 5 FCPATH\index.php(67): CodeIgniter\CodeIgniter->run()
 6 SYSTEMPATH\Commands\Server\rewrite.php(43): require_once('FCPATH\\index.php')
ERROR - 2023-01-18 03:26:41 --> mysqli_sql_exception: Not unique table/alias: 'tblmas_driver' in C:\xampp\htdocs\tracking\system\Database\MySQLi\Connection.php:292
Stack trace:
#0 C:\xampp\htdocs\tracking\system\Database\MySQLi\Connection.php(292): mysqli->query('SELECT `tblmas_...', 0)
#1 C:\xampp\htdocs\tracking\system\Database\BaseConnection.php(693): CodeIgniter\Database\MySQLi\Connection->execute('SELECT `tblmas_...')
#2 C:\xampp\htdocs\tracking\system\Database\BaseConnection.php(620): CodeIgniter\Database\BaseConnection->simpleQuery('SELECT `tblmas_...')
#3 C:\xampp\htdocs\tracking\system\Database\BaseBuilder.php(1585): CodeIgniter\Database\BaseConnection->query('SELECT `tblmas_...', Array, false)
#4 C:\xampp\htdocs\tracking\app\Models\TipModel.php(122): CodeIgniter\Database\BaseBuilder->get()
#5 C:\xampp\htdocs\tracking\app\Controllers\Tip.php(116): App\Models\TipModel->get_driver_tip('86')
#6 C:\xampp\htdocs\tracking\system\CodeIgniter.php(904): App\Controllers\Tip->get_driver_tip()
#7 C:\xampp\htdocs\tracking\system\CodeIgniter.php(457): CodeIgniter\CodeIgniter->runController(Object(App\Controllers\Tip))
#8 C:\xampp\htdocs\tracking\system\CodeIgniter.php(340): CodeIgniter\CodeIgniter->handleRequest(NULL, Object(Config\Cache), false)
#9 C:\xampp\htdocs\tracking\public\index.php(67): CodeIgniter\CodeIgniter->run()
#10 C:\xampp\htdocs\tracking\system\Commands\Server\rewrite.php(43): require_once('C:\\xampp\\htdocs...')
#11 {main}
CRITICAL - 2023-01-18 03:26:41 --> Not unique table/alias: 'tblmas_driver'
in SYSTEMPATH\Database\MySQLi\Connection.php on line 292.
 1 SYSTEMPATH\Database\MySQLi\Connection.php(292): mysqli->query('SELECT `tblmas_tip_tracking`.*, `tblmas_driver`.*
FROM (`tblmas_tip_tracking`, `tblmas_driver`)
JOIN `tblmas_driver` ON `tblmas_driver`.`name_driver` = `tblmas_tip_tracking`.`driver`
WHERE `tblmas_tip_tracking`.`id` = \'86\'', 0)
 2 SYSTEMPATH\Database\BaseConnection.php(693): CodeIgniter\Database\MySQLi\Connection->execute('SELECT `tblmas_tip_tracking`.*, `tblmas_driver`.*
FROM (`tblmas_tip_tracking`, `tblmas_driver`)
JOIN `tblmas_driver` ON `tblmas_driver`.`name_driver` = `tblmas_tip_tracking`.`driver`
WHERE `tblmas_tip_tracking`.`id` = \'86\'')
 3 SYSTEMPATH\Database\BaseConnection.php(620): CodeIgniter\Database\BaseConnection->simpleQuery('SELECT `tblmas_tip_tracking`.*, `tblmas_driver`.*
FROM (`tblmas_tip_tracking`, `tblmas_driver`)
JOIN `tblmas_driver` ON `tblmas_driver`.`name_driver` = `tblmas_tip_tracking`.`driver`
WHERE `tblmas_tip_tracking`.`id` = \'86\'')
 4 SYSTEMPATH\Database\BaseBuilder.php(1585): CodeIgniter\Database\BaseConnection->query('SELECT `tblmas_tip_tracking`.*, `tblmas_driver`.*
FROM (`tblmas_tip_tracking`, `tblmas_driver`)
JOIN `tblmas_driver` ON `tblmas_driver`.`name_driver` = `tblmas_tip_tracking`.`driver`
WHERE `tblmas_tip_tracking`.`id` = :tblmas_tip_tracking.id:', [...], false)
 5 APPPATH\Models\TipModel.php(122): CodeIgniter\Database\BaseBuilder->get()
 6 APPPATH\Controllers\Tip.php(116): App\Models\TipModel->get_driver_tip('86')
 7 SYSTEMPATH\CodeIgniter.php(904): App\Controllers\Tip->get_driver_tip()
 8 SYSTEMPATH\CodeIgniter.php(457): CodeIgniter\CodeIgniter->runController(Object(App\Controllers\Tip))
 9 SYSTEMPATH\CodeIgniter.php(340): CodeIgniter\CodeIgniter->handleRequest(null, Object(Config\Cache), false)
10 FCPATH\index.php(67): CodeIgniter\CodeIgniter->run()
11 SYSTEMPATH\Commands\Server\rewrite.php(43): require_once('FCPATH\\index.php')
ERROR - 2023-01-18 03:26:41 --> mysqli_sql_exception: Not unique table/alias: 'tblmas_lorry' in C:\xampp\htdocs\tracking\system\Database\MySQLi\Connection.php:292
Stack trace:
#0 C:\xampp\htdocs\tracking\system\Database\MySQLi\Connection.php(292): mysqli->query('SELECT `tblmas_...', 0)
#1 C:\xampp\htdocs\tracking\system\Database\BaseConnection.php(693): CodeIgniter\Database\MySQLi\Connection->execute('SELECT `tblmas_...')
#2 C:\xampp\htdocs\tracking\system\Database\BaseConnection.php(620): CodeIgniter\Database\BaseConnection->simpleQuery('SELECT `tblmas_...')
#3 C:\xampp\htdocs\tracking\system\Database\BaseBuilder.php(1585): CodeIgniter\Database\BaseConnection->query('SELECT `tblmas_...', Array, false)
#4 C:\xampp\htdocs\tracking\app\Models\TipModel.php(130): CodeIgniter\Database\BaseBuilder->get()
#5 C:\xampp\htdocs\tracking\app\Controllers\Tip.php(128): App\Models\TipModel->get_lorry_tip('86')
#6 C:\xampp\htdocs\tracking\system\CodeIgniter.php(904): App\Controllers\Tip->get_lorry_tip()
#7 C:\xampp\htdocs\tracking\system\CodeIgniter.php(457): CodeIgniter\CodeIgniter->runController(Object(App\Controllers\Tip))
#8 C:\xampp\htdocs\tracking\system\CodeIgniter.php(340): CodeIgniter\CodeIgniter->handleRequest(NULL, Object(Config\Cache), false)
#9 C:\xampp\htdocs\tracking\public\index.php(67): CodeIgniter\CodeIgniter->run()
#10 C:\xampp\htdocs\tracking\system\Commands\Server\rewrite.php(43): require_once('C:\\xampp\\htdocs...')
#11 {main}
CRITICAL - 2023-01-18 03:26:41 --> Not unique table/alias: 'tblmas_lorry'
in SYSTEMPATH\Database\MySQLi\Connection.php on line 292.
 1 SYSTEMPATH\Database\MySQLi\Connection.php(292): mysqli->query('SELECT `tblmas_tip_tracking`.*, `tblmas_lorry`.*
FROM (`tblmas_tip_tracking`, `tblmas_lorry`)
JOIN `tblmas_lorry` ON `tblmas_lorry`.`plat_lorry` = `tblmas_tip_tracking`.`lorry`
WHERE `tblmas_tip_tracking`.`id` = \'86\'', 0)
 2 SYSTEMPATH\Database\BaseConnection.php(693): CodeIgniter\Database\MySQLi\Connection->execute('SELECT `tblmas_tip_tracking`.*, `tblmas_lorry`.*
FROM (`tblmas_tip_tracking`, `tblmas_lorry`)
JOIN `tblmas_lorry` ON `tblmas_lorry`.`plat_lorry` = `tblmas_tip_tracking`.`lorry`
WHERE `tblmas_tip_tracking`.`id` = \'86\'')
 3 SYSTEMPATH\Database\BaseConnection.php(620): CodeIgniter\Database\BaseConnection->simpleQuery('SELECT `tblmas_tip_tracking`.*, `tblmas_lorry`.*
FROM (`tblmas_tip_tracking`, `tblmas_lorry`)
JOIN `tblmas_lorry` ON `tblmas_lorry`.`plat_lorry` = `tblmas_tip_tracking`.`lorry`
WHERE `tblmas_tip_tracking`.`id` = \'86\'')
 4 SYSTEMPATH\Database\BaseBuilder.php(1585): CodeIgniter\Database\BaseConnection->query('SELECT `tblmas_tip_tracking`.*, `tblmas_lorry`.*
FROM (`tblmas_tip_tracking`, `tblmas_lorry`)
JOIN `tblmas_lorry` ON `tblmas_lorry`.`plat_lorry` = `tblmas_tip_tracking`.`lorry`
WHERE `tblmas_tip_tracking`.`id` = :tblmas_tip_tracking.id:', [...], false)
 5 APPPATH\Models\TipModel.php(130): CodeIgniter\Database\BaseBuilder->get()
 6 APPPATH\Controllers\Tip.php(128): App\Models\TipModel->get_lorry_tip('86')
 7 SYSTEMPATH\CodeIgniter.php(904): App\Controllers\Tip->get_lorry_tip()
 8 SYSTEMPATH\CodeIgniter.php(457): CodeIgniter\CodeIgniter->runController(Object(App\Controllers\Tip))
 9 SYSTEMPATH\CodeIgniter.php(340): CodeIgniter\CodeIgniter->handleRequest(null, Object(Config\Cache), false)
10 FCPATH\index.php(67): CodeIgniter\CodeIgniter->run()
11 SYSTEMPATH\Commands\Server\rewrite.php(43): require_once('FCPATH\\index.php')
ERROR - 2023-01-18 03:26:43 --> mysqli_sql_exception: Not unique table/alias: 'tblmas_driver' in C:\xampp\htdocs\tracking\system\Database\MySQLi\Connection.php:292
Stack trace:
#0 C:\xampp\htdocs\tracking\system\Database\MySQLi\Connection.php(292): mysqli->query('SELECT `tblmas_...', 0)
#1 C:\xampp\htdocs\tracking\system\Database\BaseConnection.php(693): CodeIgniter\Database\MySQLi\Connection->execute('SELECT `tblmas_...')
#2 C:\xampp\htdocs\tracking\system\Database\BaseConnection.php(620): CodeIgniter\Database\BaseConnection->simpleQuery('SELECT `tblmas_...')
#3 C:\xampp\htdocs\tracking\system\Database\BaseBuilder.php(1585): CodeIgniter\Database\BaseConnection->query('SELECT `tblmas_...', Array, false)
#4 C:\xampp\htdocs\tracking\app\Models\TipModel.php(122): CodeIgniter\Database\BaseBuilder->get()
#5 C:\xampp\htdocs\tracking\app\Controllers\Tip.php(116): App\Models\TipModel->get_driver_tip('89')
#6 C:\xampp\htdocs\tracking\system\CodeIgniter.php(904): App\Controllers\Tip->get_driver_tip()
#7 C:\xampp\htdocs\tracking\system\CodeIgniter.php(457): CodeIgniter\CodeIgniter->runController(Object(App\Controllers\Tip))
#8 C:\xampp\htdocs\tracking\system\CodeIgniter.php(340): CodeIgniter\CodeIgniter->handleRequest(NULL, Object(Config\Cache), false)
#9 C:\xampp\htdocs\tracking\public\index.php(67): CodeIgniter\CodeIgniter->run()
#10 C:\xampp\htdocs\tracking\system\Commands\Server\rewrite.php(43): require_once('C:\\xampp\\htdocs...')
#11 {main}
CRITICAL - 2023-01-18 03:26:43 --> Not unique table/alias: 'tblmas_driver'
in SYSTEMPATH\Database\MySQLi\Connection.php on line 292.
 1 SYSTEMPATH\Database\MySQLi\Connection.php(292): mysqli->query('SELECT `tblmas_tip_tracking`.*, `tblmas_driver`.*
FROM (`tblmas_tip_tracking`, `tblmas_driver`)
JOIN `tblmas_driver` ON `tblmas_driver`.`name_driver` = `tblmas_tip_tracking`.`driver`
WHERE `tblmas_tip_tracking`.`id` = \'89\'', 0)
 2 SYSTEMPATH\Database\BaseConnection.php(693): CodeIgniter\Database\MySQLi\Connection->execute('SELECT `tblmas_tip_tracking`.*, `tblmas_driver`.*
FROM (`tblmas_tip_tracking`, `tblmas_driver`)
JOIN `tblmas_driver` ON `tblmas_driver`.`name_driver` = `tblmas_tip_tracking`.`driver`
WHERE `tblmas_tip_tracking`.`id` = \'89\'')
 3 SYSTEMPATH\Database\BaseConnection.php(620): CodeIgniter\Database\BaseConnection->simpleQuery('SELECT `tblmas_tip_tracking`.*, `tblmas_driver`.*
FROM (`tblmas_tip_tracking`, `tblmas_driver`)
JOIN `tblmas_driver` ON `tblmas_driver`.`name_driver` = `tblmas_tip_tracking`.`driver`
WHERE `tblmas_tip_tracking`.`id` = \'89\'')
 4 SYSTEMPATH\Database\BaseBuilder.php(1585): CodeIgniter\Database\BaseConnection->query('SELECT `tblmas_tip_tracking`.*, `tblmas_driver`.*
FROM (`tblmas_tip_tracking`, `tblmas_driver`)
JOIN `tblmas_driver` ON `tblmas_driver`.`name_driver` = `tblmas_tip_tracking`.`driver`
WHERE `tblmas_tip_tracking`.`id` = :tblmas_tip_tracking.id:', [...], false)
 5 APPPATH\Models\TipModel.php(122): CodeIgniter\Database\BaseBuilder->get()
 6 APPPATH\Controllers\Tip.php(116): App\Models\TipModel->get_driver_tip('89')
 7 SYSTEMPATH\CodeIgniter.php(904): App\Controllers\Tip->get_driver_tip()
 8 SYSTEMPATH\CodeIgniter.php(457): CodeIgniter\CodeIgniter->runController(Object(App\Controllers\Tip))
 9 SYSTEMPATH\CodeIgniter.php(340): CodeIgniter\CodeIgniter->handleRequest(null, Object(Config\Cache), false)
10 FCPATH\index.php(67): CodeIgniter\CodeIgniter->run()
11 SYSTEMPATH\Commands\Server\rewrite.php(43): require_once('FCPATH\\index.php')
ERROR - 2023-01-18 03:26:43 --> mysqli_sql_exception: Not unique table/alias: 'tblmas_lorry' in C:\xampp\htdocs\tracking\system\Database\MySQLi\Connection.php:292
Stack trace:
#0 C:\xampp\htdocs\tracking\system\Database\MySQLi\Connection.php(292): mysqli->query('SELECT `tblmas_...', 0)
#1 C:\xampp\htdocs\tracking\system\Database\BaseConnection.php(693): CodeIgniter\Database\MySQLi\Connection->execute('SELECT `tblmas_...')
#2 C:\xampp\htdocs\tracking\system\Database\BaseConnection.php(620): CodeIgniter\Database\BaseConnection->simpleQuery('SELECT `tblmas_...')
#3 C:\xampp\htdocs\tracking\system\Database\BaseBuilder.php(1585): CodeIgniter\Database\BaseConnection->query('SELECT `tblmas_...', Array, false)
#4 C:\xampp\htdocs\tracking\app\Models\TipModel.php(130): CodeIgniter\Database\BaseBuilder->get()
#5 C:\xampp\htdocs\tracking\app\Controllers\Tip.php(128): App\Models\TipModel->get_lorry_tip('89')
#6 C:\xampp\htdocs\tracking\system\CodeIgniter.php(904): App\Controllers\Tip->get_lorry_tip()
#7 C:\xampp\htdocs\tracking\system\CodeIgniter.php(457): CodeIgniter\CodeIgniter->runController(Object(App\Controllers\Tip))
#8 C:\xampp\htdocs\tracking\system\CodeIgniter.php(340): CodeIgniter\CodeIgniter->handleRequest(NULL, Object(Config\Cache), false)
#9 C:\xampp\htdocs\tracking\public\index.php(67): CodeIgniter\CodeIgniter->run()
#10 C:\xampp\htdocs\tracking\system\Commands\Server\rewrite.php(43): require_once('C:\\xampp\\htdocs...')
#11 {main}
CRITICAL - 2023-01-18 03:26:43 --> Not unique table/alias: 'tblmas_lorry'
in SYSTEMPATH\Database\MySQLi\Connection.php on line 292.
 1 SYSTEMPATH\Database\MySQLi\Connection.php(292): mysqli->query('SELECT `tblmas_tip_tracking`.*, `tblmas_lorry`.*
FROM (`tblmas_tip_tracking`, `tblmas_lorry`)
JOIN `tblmas_lorry` ON `tblmas_lorry`.`plat_lorry` = `tblmas_tip_tracking`.`lorry`
WHERE `tblmas_tip_tracking`.`id` = \'89\'', 0)
 2 SYSTEMPATH\Database\BaseConnection.php(693): CodeIgniter\Database\MySQLi\Connection->execute('SELECT `tblmas_tip_tracking`.*, `tblmas_lorry`.*
FROM (`tblmas_tip_tracking`, `tblmas_lorry`)
JOIN `tblmas_lorry` ON `tblmas_lorry`.`plat_lorry` = `tblmas_tip_tracking`.`lorry`
WHERE `tblmas_tip_tracking`.`id` = \'89\'')
 3 SYSTEMPATH\Database\BaseConnection.php(620): CodeIgniter\Database\BaseConnection->simpleQuery('SELECT `tblmas_tip_tracking`.*, `tblmas_lorry`.*
FROM (`tblmas_tip_tracking`, `tblmas_lorry`)
JOIN `tblmas_lorry` ON `tblmas_lorry`.`plat_lorry` = `tblmas_tip_tracking`.`lorry`
WHERE `tblmas_tip_tracking`.`id` = \'89\'')
 4 SYSTEMPATH\Database\BaseBuilder.php(1585): CodeIgniter\Database\BaseConnection->query('SELECT `tblmas_tip_tracking`.*, `tblmas_lorry`.*
FROM (`tblmas_tip_tracking`, `tblmas_lorry`)
JOIN `tblmas_lorry` ON `tblmas_lorry`.`plat_lorry` = `tblmas_tip_tracking`.`lorry`
WHERE `tblmas_tip_tracking`.`id` = :tblmas_tip_tracking.id:', [...], false)
 5 APPPATH\Models\TipModel.php(130): CodeIgniter\Database\BaseBuilder->get()
 6 APPPATH\Controllers\Tip.php(128): App\Models\TipModel->get_lorry_tip('89')
 7 SYSTEMPATH\CodeIgniter.php(904): App\Controllers\Tip->get_lorry_tip()
 8 SYSTEMPATH\CodeIgniter.php(457): CodeIgniter\CodeIgniter->runController(Object(App\Controllers\Tip))
 9 SYSTEMPATH\CodeIgniter.php(340): CodeIgniter\CodeIgniter->handleRequest(null, Object(Config\Cache), false)
10 FCPATH\index.php(67): CodeIgniter\CodeIgniter->run()
11 SYSTEMPATH\Commands\Server\rewrite.php(43): require_once('FCPATH\\index.php')
CRITICAL - 2023-01-18 03:27:14 --> Undefined variable: value
in APPPATH\Controllers\Tip.php on line 98.
 1 APPPATH\Controllers\Tip.php(98): CodeIgniter\Debug\Exceptions->errorHandler(8, 'Undefined variable: value', 'APPPATH\\Controllers\\Tip.php', 98, [...])
 2 SYSTEMPATH\CodeIgniter.php(904): App\Controllers\Tip->get_do_by_tip()
 3 SYSTEMPATH\CodeIgniter.php(457): CodeIgniter\CodeIgniter->runController(Object(App\Controllers\Tip))
 4 SYSTEMPATH\CodeIgniter.php(340): CodeIgniter\CodeIgniter->handleRequest(null, Object(Config\Cache), false)
 5 FCPATH\index.php(67): CodeIgniter\CodeIgniter->run()
 6 SYSTEMPATH\Commands\Server\rewrite.php(43): require_once('FCPATH\\index.php')
CRITICAL - 2023-01-18 03:49:05 --> Cannot use object of type stdClass as array
in APPPATH\Controllers\Tip.php on line 130.
 1 SYSTEMPATH\CodeIgniter.php(904): App\Controllers\Tip->get_lorry_tip()
 2 SYSTEMPATH\CodeIgniter.php(457): CodeIgniter\CodeIgniter->runController(Object(App\Controllers\Tip))
 3 SYSTEMPATH\CodeIgniter.php(340): CodeIgniter\CodeIgniter->handleRequest(null, Object(Config\Cache), false)
 4 FCPATH\index.php(67): CodeIgniter\CodeIgniter->run()
 5 SYSTEMPATH\Commands\Server\rewrite.php(43): require_once('FCPATH\\index.php')
CRITICAL - 2023-01-18 21:24:17 --> Invalid argument supplied for foreach()
in APPPATH\Models\TipModel.php on line 75.
 1 APPPATH\Models\TipModel.php(75): CodeIgniter\Debug\Exceptions->errorHandler(2, 'Invalid argument supplied for foreach()', 'APPPATH\\Models\\TipModel.php', 75, [...])
 2 APPPATH\Controllers\Tip.php(57): App\Models\TipModel->Edittip('86', null, null, null, '1', 'Bawa Plastik', null)
 3 SYSTEMPATH\CodeIgniter.php(904): App\Controllers\Tip->editListTip()
 4 SYSTEMPATH\CodeIgniter.php(457): CodeIgniter\CodeIgniter->runController(Object(App\Controllers\Tip))
 5 SYSTEMPATH\CodeIgniter.php(340): CodeIgniter\CodeIgniter->handleRequest(null, Object(Config\Cache), false)
 6 FCPATH\index.php(67): CodeIgniter\CodeIgniter->run()
 7 SYSTEMPATH\Commands\Server\rewrite.php(43): require_once('FCPATH\\index.php')
CRITICAL - 2023-01-18 21:30:36 --> Call to undefined method CodeIgniter\Database\MySQLi\Connection::delete()
in APPPATH\Models\TipModel.php on line 72.
 1 APPPATH\Controllers\Tip.php(57): App\Models\TipModel->Edittip('86', null, null, null, '1', 'Bawa Plastik', null)
 2 SYSTEMPATH\CodeIgniter.php(904): App\Controllers\Tip->editListTip()
 3 SYSTEMPATH\CodeIgniter.php(457): CodeIgniter\CodeIgniter->runController(Object(App\Controllers\Tip))
 4 SYSTEMPATH\CodeIgniter.php(340): CodeIgniter\CodeIgniter->handleRequest(null, Object(Config\Cache), false)
 5 FCPATH\index.php(67): CodeIgniter\CodeIgniter->run()
 6 SYSTEMPATH\Commands\Server\rewrite.php(43): require_once('FCPATH\\index.php')
CRITICAL - 2023-01-18 21:30:51 --> Invalid argument supplied for foreach()
in APPPATH\Models\TipModel.php on line 75.
 1 APPPATH\Models\TipModel.php(75): CodeIgniter\Debug\Exceptions->errorHandler(2, 'Invalid argument supplied for foreach()', 'APPPATH\\Models\\TipModel.php', 75, [...])
 2 APPPATH\Controllers\Tip.php(57): App\Models\TipModel->Edittip('86', null, null, null, '1', 'Bawa Plastik', null)
 3 SYSTEMPATH\CodeIgniter.php(904): App\Controllers\Tip->editListTip()
 4 SYSTEMPATH\CodeIgniter.php(457): CodeIgniter\CodeIgniter->runController(Object(App\Controllers\Tip))
 5 SYSTEMPATH\CodeIgniter.php(340): CodeIgniter\CodeIgniter->handleRequest(null, Object(Config\Cache), false)
 6 FCPATH\index.php(67): CodeIgniter\CodeIgniter->run()
 7 SYSTEMPATH\Commands\Server\rewrite.php(43): require_once('FCPATH\\index.php')
CRITICAL - 2023-01-18 21:31:12 --> Invalid argument supplied for foreach()
in APPPATH\Models\TipModel.php on line 75.
 1 APPPATH\Models\TipModel.php(75): CodeIgniter\Debug\Exceptions->errorHandler(2, 'Invalid argument supplied for foreach()', 'APPPATH\\Models\\TipModel.php', 75, [...])
 2 APPPATH\Controllers\Tip.php(57): App\Models\TipModel->Edittip('86', null, null, null, '1', 'Bawa Plastik', null)
 3 SYSTEMPATH\CodeIgniter.php(904): App\Controllers\Tip->editListTip()
 4 SYSTEMPATH\CodeIgniter.php(457): CodeIgniter\CodeIgniter->runController(Object(App\Controllers\Tip))
 5 SYSTEMPATH\CodeIgniter.php(340): CodeIgniter\CodeIgniter->handleRequest(null, Object(Config\Cache), false)
 6 FCPATH\index.php(67): CodeIgniter\CodeIgniter->run()
 7 SYSTEMPATH\Commands\Server\rewrite.php(43): require_once('FCPATH\\index.php')
CRITICAL - 2023-01-18 21:31:14 --> Invalid argument supplied for foreach()
in APPPATH\Models\TipModel.php on line 75.
 1 APPPATH\Models\TipModel.php(75): CodeIgniter\Debug\Exceptions->errorHandler(2, 'Invalid argument supplied for foreach()', 'APPPATH\\Models\\TipModel.php', 75, [...])
 2 APPPATH\Controllers\Tip.php(57): App\Models\TipModel->Edittip('86', null, null, null, '1', 'Bawa Plastik', null)
 3 SYSTEMPATH\CodeIgniter.php(904): App\Controllers\Tip->editListTip()
 4 SYSTEMPATH\CodeIgniter.php(457): CodeIgniter\CodeIgniter->runController(Object(App\Controllers\Tip))
 5 SYSTEMPATH\CodeIgniter.php(340): CodeIgniter\CodeIgniter->handleRequest(null, Object(Config\Cache), false)
 6 FCPATH\index.php(67): CodeIgniter\CodeIgniter->run()
 7 SYSTEMPATH\Commands\Server\rewrite.php(43): require_once('FCPATH\\index.php')
CRITICAL - 2023-01-18 21:33:14 --> Invalid argument supplied for foreach()
in APPPATH\Models\TipModel.php on line 74.
 1 APPPATH\Models\TipModel.php(74): CodeIgniter\Debug\Exceptions->errorHandler(2, 'Invalid argument supplied for foreach()', 'APPPATH\\Models\\TipModel.php', 74, [...])
 2 APPPATH\Controllers\Tip.php(57): App\Models\TipModel->Edittip('86', null, null, null, '1', 'Bawa Plastik', null)
 3 SYSTEMPATH\CodeIgniter.php(904): App\Controllers\Tip->editListTip()
 4 SYSTEMPATH\CodeIgniter.php(457): CodeIgniter\CodeIgniter->runController(Object(App\Controllers\Tip))
 5 SYSTEMPATH\CodeIgniter.php(340): CodeIgniter\CodeIgniter->handleRequest(null, Object(Config\Cache), false)
 6 FCPATH\index.php(67): CodeIgniter\CodeIgniter->run()
 7 SYSTEMPATH\Commands\Server\rewrite.php(43): require_once('FCPATH\\index.php')
CRITICAL - 2023-01-18 21:45:28 --> Invalid argument supplied for foreach()
in APPPATH\Models\TipModel.php on line 74.
 1 APPPATH\Models\TipModel.php(74): CodeIgniter\Debug\Exceptions->errorHandler(2, 'Invalid argument supplied for foreach()', 'APPPATH\\Models\\TipModel.php', 74, [...])
 2 APPPATH\Controllers\Tip.php(57): App\Models\TipModel->Edittip('86', null, null, null, '1', 'Bawa Plastik', null)
 3 SYSTEMPATH\CodeIgniter.php(904): App\Controllers\Tip->editListTip()
 4 SYSTEMPATH\CodeIgniter.php(457): CodeIgniter\CodeIgniter->runController(Object(App\Controllers\Tip))
 5 SYSTEMPATH\CodeIgniter.php(340): CodeIgniter\CodeIgniter->handleRequest(null, Object(Config\Cache), false)
 6 FCPATH\index.php(67): CodeIgniter\CodeIgniter->run()
 7 SYSTEMPATH\Commands\Server\rewrite.php(43): require_once('FCPATH\\index.php')
CRITICAL - 2023-01-18 21:55:43 --> Undefined index: dono_edit
in APPPATH\Models\TipModel.php on line 77.
 1 APPPATH\Models\TipModel.php(77): CodeIgniter\Debug\Exceptions->errorHandler(8, 'Undefined index: dono_edit', 'APPPATH\\Models\\TipModel.php', 77, [...])
 2 APPPATH\Controllers\Tip.php(58): App\Models\TipModel->Edittip('86', '1800', 'Herian', 'BP 9757 DF', '1', 'Bawa Plastik', [...])
 3 SYSTEMPATH\CodeIgniter.php(904): App\Controllers\Tip->editListTip()
 4 SYSTEMPATH\CodeIgniter.php(457): CodeIgniter\CodeIgniter->runController(Object(App\Controllers\Tip))
 5 SYSTEMPATH\CodeIgniter.php(340): CodeIgniter\CodeIgniter->handleRequest(null, Object(Config\Cache), false)
 6 FCPATH\index.php(67): CodeIgniter\CodeIgniter->run()
 7 SYSTEMPATH\Commands\Server\rewrite.php(43): require_once('FCPATH\\index.php')
