CRITICAL - 2023-03-09 00:34:56 --> Undefined index: total_trip
in APPPATH\Views\Tip_tracking\report_list_tip.php on line 123.
 1 APPPATH\Views\Tip_tracking\report_list_tip.php(123): CodeIgniter\Debug\Exceptions->errorHandler(8, 'Undefined index: total_trip', 'APPPATH\\Views\\Tip_tracking\\report_list_tip.php', 123, [...])
 2 SYSTEMPATH\View\View.php(213): include('APPPATH\\Views\\Tip_tracking\\report_list_tip.php')
 3 SYSTEMPATH\View\View.php(216): CodeIgniter\View\View->CodeIgniter\View\{closure}()
 4 SYSTEMPATH\Common.php(1137): CodeIgniter\View\View->render('Tip_tracking/report_list_tip', [], true)
 5 APPPATH\Controllers\Tip.php(263): view('Tip_tracking/report_list_tip', [...])
 6 SYSTEMPATH\CodeIgniter.php(904): App\Controllers\Tip->printPDF()
 7 SYSTEMPATH\CodeIgniter.php(457): CodeIgniter\CodeIgniter->runController(Object(App\Controllers\Tip))
 8 SYSTEMPATH\CodeIgniter.php(340): CodeIgniter\CodeIgniter->handleRequest(null, Object(Config\Cache), false)
 9 FCPATH\index.php(67): CodeIgniter\CodeIgniter->run()
10 SYSTEMPATH\Commands\Server\rewrite.php(43): require_once('FCPATH\\index.php')
CRITICAL - 2023-03-09 00:45:06 --> Invalid argument supplied for foreach()
in APPPATH\Models\TipModel.php on line 46.
 1 APPPATH\Models\TipModel.php(46): CodeIgniter\Debug\Exceptions->errorHandler(2, 'Invalid argument supplied for foreach()', 'APPPATH\\Models\\TipModel.php', 46, [...])
 2 APPPATH\Controllers\Tip.php(76): App\Models\TipModel->addTemporaryDetail([...], null)
 3 SYSTEMPATH\CodeIgniter.php(904): App\Controllers\Tip->addTemporaryDetail()
 4 SYSTEMPATH\CodeIgniter.php(457): CodeIgniter\CodeIgniter->runController(Object(App\Controllers\Tip))
 5 SYSTEMPATH\CodeIgniter.php(340): CodeIgniter\CodeIgniter->handleRequest(null, Object(Config\Cache), false)
 6 FCPATH\index.php(67): CodeIgniter\CodeIgniter->run()
 7 SYSTEMPATH\Commands\Server\rewrite.php(43): require_once('FCPATH\\index.php')
ERROR - 2023-03-09 01:05:19 --> mysqli_sql_exception: You have an error in your SQL syntax; check the manual that corresponds to your MariaDB server version for the right syntax to use near 'month(tgl) = 03 AND year(tgl) = 2023 GROUP BY driver, tgl' at line 3 in C:\xampp\htdocs\tracking\system\Database\MySQLi\Connection.php:292
Stack trace:
#0 C:\xampp\htdocs\tracking\system\Database\MySQLi\Connection.php(292): mysqli->query('SELECT DISTINCT...', 0)
#1 C:\xampp\htdocs\tracking\system\Database\BaseConnection.php(693): CodeIgniter\Database\MySQLi\Connection->execute('SELECT DISTINCT...')
#2 C:\xampp\htdocs\tracking\system\Database\BaseConnection.php(620): CodeIgniter\Database\BaseConnection->simpleQuery('SELECT DISTINCT...')
#3 C:\xampp\htdocs\tracking\app\Models\TipModel.php(138): CodeIgniter\Database\BaseConnection->query('SELECT DISTINCT...')
#4 C:\xampp\htdocs\tracking\app\Controllers\Tip.php(262): App\Models\TipModel->getreportbyMonth1('03', '2023')
#5 C:\xampp\htdocs\tracking\system\CodeIgniter.php(904): App\Controllers\Tip->printPDF()
#6 C:\xampp\htdocs\tracking\system\CodeIgniter.php(457): CodeIgniter\CodeIgniter->runController(Object(App\Controllers\Tip))
#7 C:\xampp\htdocs\tracking\system\CodeIgniter.php(340): CodeIgniter\CodeIgniter->handleRequest(NULL, Object(Config\Cache), false)
#8 C:\xampp\htdocs\tracking\public\index.php(67): CodeIgniter\CodeIgniter->run()
#9 C:\xampp\htdocs\tracking\system\Commands\Server\rewrite.php(43): require_once('C:\\xampp\\htdocs...')
#10 {main}
CRITICAL - 2023-03-09 01:05:19 --> You have an error in your SQL syntax; check the manual that corresponds to your MariaDB server version for the right syntax to use near 'month(tgl) = 03 AND year(tgl) = 2023 GROUP BY driver, tgl' at line 3
in SYSTEMPATH\Database\MySQLi\Connection.php on line 292.
 1 SYSTEMPATH\Database\MySQLi\Connection.php(292): mysqli->query('SELECT DISTINCT tgl, tblmas_tip_tracking.*, COUNT(trip) AS total_trip
        FROM tblmas_tip_tracking
           WHERE driver =\'Doni\' month(tgl) = 03 AND year(tgl) = 2023 GROUP BY driver, tgl', 0)
 2 SYSTEMPATH\Database\BaseConnection.php(693): CodeIgniter\Database\MySQLi\Connection->execute('SELECT DISTINCT tgl, tblmas_tip_tracking.*, COUNT(trip) AS total_trip
        FROM tblmas_tip_tracking
           WHERE driver =\'Doni\' month(tgl) = 03 AND year(tgl) = 2023 GROUP BY driver, tgl')
 3 SYSTEMPATH\Database\BaseConnection.php(620): CodeIgniter\Database\BaseConnection->simpleQuery('SELECT DISTINCT tgl, tblmas_tip_tracking.*, COUNT(trip) AS total_trip
        FROM tblmas_tip_tracking
           WHERE driver =\'Doni\' month(tgl) = 03 AND year(tgl) = 2023 GROUP BY driver, tgl')
 4 APPPATH\Models\TipModel.php(138): CodeIgniter\Database\BaseConnection->query('SELECT DISTINCT tgl, tblmas_tip_tracking.*, COUNT(trip) AS total_trip
        FROM tblmas_tip_tracking
           WHERE driver =\'Doni\' month(tgl) = 03 AND year(tgl) = 2023 GROUP BY driver, tgl')
 5 APPPATH\Controllers\Tip.php(262): App\Models\TipModel->getreportbyMonth1('03', '2023')
 6 SYSTEMPATH\CodeIgniter.php(904): App\Controllers\Tip->printPDF()
 7 SYSTEMPATH\CodeIgniter.php(457): CodeIgniter\CodeIgniter->runController(Object(App\Controllers\Tip))
 8 SYSTEMPATH\CodeIgniter.php(340): CodeIgniter\CodeIgniter->handleRequest(null, Object(Config\Cache), false)
 9 FCPATH\index.php(67): CodeIgniter\CodeIgniter->run()
10 SYSTEMPATH\Commands\Server\rewrite.php(43): require_once('FCPATH\\index.php')
ERROR - 2023-03-09 01:05:41 --> mysqli_sql_exception: You have an error in your SQL syntax; check the manual that corresponds to your MariaDB server version for the right syntax to use near 'month(tgl) = 03 AND year(tgl) = 2023 GROUP BY driver, tgl' at line 3 in C:\xampp\htdocs\tracking\system\Database\MySQLi\Connection.php:292
Stack trace:
#0 C:\xampp\htdocs\tracking\system\Database\MySQLi\Connection.php(292): mysqli->query('SELECT DISTINCT...', 0)
#1 C:\xampp\htdocs\tracking\system\Database\BaseConnection.php(693): CodeIgniter\Database\MySQLi\Connection->execute('SELECT DISTINCT...')
#2 C:\xampp\htdocs\tracking\system\Database\BaseConnection.php(620): CodeIgniter\Database\BaseConnection->simpleQuery('SELECT DISTINCT...')
#3 C:\xampp\htdocs\tracking\app\Models\TipModel.php(138): CodeIgniter\Database\BaseConnection->query('SELECT DISTINCT...')
#4 C:\xampp\htdocs\tracking\app\Controllers\Tip.php(262): App\Models\TipModel->getreportbyMonth1('03', '2023')
#5 C:\xampp\htdocs\tracking\system\CodeIgniter.php(904): App\Controllers\Tip->printPDF()
#6 C:\xampp\htdocs\tracking\system\CodeIgniter.php(457): CodeIgniter\CodeIgniter->runController(Object(App\Controllers\Tip))
#7 C:\xampp\htdocs\tracking\system\CodeIgniter.php(340): CodeIgniter\CodeIgniter->handleRequest(NULL, Object(Config\Cache), false)
#8 C:\xampp\htdocs\tracking\public\index.php(67): CodeIgniter\CodeIgniter->run()
#9 C:\xampp\htdocs\tracking\system\Commands\Server\rewrite.php(43): require_once('C:\\xampp\\htdocs...')
#10 {main}
CRITICAL - 2023-03-09 01:05:41 --> You have an error in your SQL syntax; check the manual that corresponds to your MariaDB server version for the right syntax to use near 'month(tgl) = 03 AND year(tgl) = 2023 GROUP BY driver, tgl' at line 3
in SYSTEMPATH\Database\MySQLi\Connection.php on line 292.
 1 SYSTEMPATH\Database\MySQLi\Connection.php(292): mysqli->query('SELECT DISTINCT tgl, tblmas_tip_tracking.*, COUNT(trip) AS total_trip
        FROM tblmas_tip_tracking
           WHERE driver =\'Doni\' month(tgl) = 03 AND year(tgl) = 2023 GROUP BY driver, tgl', 0)
 2 SYSTEMPATH\Database\BaseConnection.php(693): CodeIgniter\Database\MySQLi\Connection->execute('SELECT DISTINCT tgl, tblmas_tip_tracking.*, COUNT(trip) AS total_trip
        FROM tblmas_tip_tracking
           WHERE driver =\'Doni\' month(tgl) = 03 AND year(tgl) = 2023 GROUP BY driver, tgl')
 3 SYSTEMPATH\Database\BaseConnection.php(620): CodeIgniter\Database\BaseConnection->simpleQuery('SELECT DISTINCT tgl, tblmas_tip_tracking.*, COUNT(trip) AS total_trip
        FROM tblmas_tip_tracking
           WHERE driver =\'Doni\' month(tgl) = 03 AND year(tgl) = 2023 GROUP BY driver, tgl')
 4 APPPATH\Models\TipModel.php(138): CodeIgniter\Database\BaseConnection->query('SELECT DISTINCT tgl, tblmas_tip_tracking.*, COUNT(trip) AS total_trip
        FROM tblmas_tip_tracking
           WHERE driver =\'Doni\' month(tgl) = 03 AND year(tgl) = 2023 GROUP BY driver, tgl')
 5 APPPATH\Controllers\Tip.php(262): App\Models\TipModel->getreportbyMonth1('03', '2023')
 6 SYSTEMPATH\CodeIgniter.php(904): App\Controllers\Tip->printPDF()
 7 SYSTEMPATH\CodeIgniter.php(457): CodeIgniter\CodeIgniter->runController(Object(App\Controllers\Tip))
 8 SYSTEMPATH\CodeIgniter.php(340): CodeIgniter\CodeIgniter->handleRequest(null, Object(Config\Cache), false)
 9 FCPATH\index.php(67): CodeIgniter\CodeIgniter->run()
10 SYSTEMPATH\Commands\Server\rewrite.php(43): require_once('FCPATH\\index.php')
CRITICAL - 2023-03-09 01:06:47 --> Undefined variable: data_report_bulanan2
in APPPATH\Views\Tip_tracking\report_list_tip.php on line 136.
 1 APPPATH\Views\Tip_tracking\report_list_tip.php(136): CodeIgniter\Debug\Exceptions->errorHandler(8, 'Undefined variable: data_report_bulanan2', 'APPPATH\\Views\\Tip_tracking\\report_list_tip.php', 136, [...])
 2 SYSTEMPATH\View\View.php(213): include('APPPATH\\Views\\Tip_tracking\\report_list_tip.php')
 3 SYSTEMPATH\View\View.php(216): CodeIgniter\View\View->CodeIgniter\View\{closure}()
 4 SYSTEMPATH\Common.php(1137): CodeIgniter\View\View->render('Tip_tracking/report_list_tip', [], true)
 5 APPPATH\Controllers\Tip.php(265): view('Tip_tracking/report_list_tip', [...])
 6 SYSTEMPATH\CodeIgniter.php(904): App\Controllers\Tip->printPDF()
 7 SYSTEMPATH\CodeIgniter.php(457): CodeIgniter\CodeIgniter->runController(Object(App\Controllers\Tip))
 8 SYSTEMPATH\CodeIgniter.php(340): CodeIgniter\CodeIgniter->handleRequest(null, Object(Config\Cache), false)
 9 FCPATH\index.php(67): CodeIgniter\CodeIgniter->run()
10 SYSTEMPATH\Commands\Server\rewrite.php(43): require_once('FCPATH\\index.php')
CRITICAL - 2023-03-09 01:16:27 --> Undefined variable: tanggal
in APPPATH\Views\Tip_tracking\report_list_tip.php on line 118.
 1 APPPATH\Views\Tip_tracking\report_list_tip.php(118): CodeIgniter\Debug\Exceptions->errorHandler(8, 'Undefined variable: tanggal', 'APPPATH\\Views\\Tip_tracking\\report_list_tip.php', 118, [...])
 2 SYSTEMPATH\View\View.php(213): include('APPPATH\\Views\\Tip_tracking\\report_list_tip.php')
 3 SYSTEMPATH\View\View.php(216): CodeIgniter\View\View->CodeIgniter\View\{closure}()
 4 SYSTEMPATH\Common.php(1137): CodeIgniter\View\View->render('Tip_tracking/report_list_tip', [], true)
 5 APPPATH\Controllers\Tip.php(266): view('Tip_tracking/report_list_tip', [...])
 6 SYSTEMPATH\CodeIgniter.php(904): App\Controllers\Tip->printPDF()
 7 SYSTEMPATH\CodeIgniter.php(457): CodeIgniter\CodeIgniter->runController(Object(App\Controllers\Tip))
 8 SYSTEMPATH\CodeIgniter.php(340): CodeIgniter\CodeIgniter->handleRequest(null, Object(Config\Cache), false)
 9 FCPATH\index.php(67): CodeIgniter\CodeIgniter->run()
10 SYSTEMPATH\Commands\Server\rewrite.php(43): require_once('FCPATH\\index.php')
CRITICAL - 2023-03-09 01:36:26 --> Undefined variable: tanggal
in APPPATH\Views\Tip_tracking\report_list_tip.php on line 118.
 1 APPPATH\Views\Tip_tracking\report_list_tip.php(118): CodeIgniter\Debug\Exceptions->errorHandler(8, 'Undefined variable: tanggal', 'APPPATH\\Views\\Tip_tracking\\report_list_tip.php', 118, [...])
 2 SYSTEMPATH\View\View.php(213): include('APPPATH\\Views\\Tip_tracking\\report_list_tip.php')
 3 SYSTEMPATH\View\View.php(216): CodeIgniter\View\View->CodeIgniter\View\{closure}()
 4 SYSTEMPATH\Common.php(1137): CodeIgniter\View\View->render('Tip_tracking/report_list_tip', [], true)
 5 APPPATH\Controllers\Tip.php(266): view('Tip_tracking/report_list_tip', [...])
 6 SYSTEMPATH\CodeIgniter.php(904): App\Controllers\Tip->printPDF()
 7 SYSTEMPATH\CodeIgniter.php(457): CodeIgniter\CodeIgniter->runController(Object(App\Controllers\Tip))
 8 SYSTEMPATH\CodeIgniter.php(340): CodeIgniter\CodeIgniter->handleRequest(null, Object(Config\Cache), false)
 9 FCPATH\index.php(67): CodeIgniter\CodeIgniter->run()
10 SYSTEMPATH\Commands\Server\rewrite.php(43): require_once('FCPATH\\index.php')
CRITICAL - 2023-03-09 19:39:09 --> Undefined variable: tahun
in APPPATH\Views\Tip_tracking\report_list_tip.php on line 73.
 1 APPPATH\Views\Tip_tracking\report_list_tip.php(73): CodeIgniter\Debug\Exceptions->errorHandler(8, 'Undefined variable: tahun', 'APPPATH\\Views\\Tip_tracking\\report_list_tip.php', 73, [...])
 2 SYSTEMPATH\View\View.php(213): include('APPPATH\\Views\\Tip_tracking\\report_list_tip.php')
 3 SYSTEMPATH\View\View.php(216): CodeIgniter\View\View->CodeIgniter\View\{closure}()
 4 SYSTEMPATH\Common.php(1137): CodeIgniter\View\View->render('Tip_tracking/report_list_tip', [], true)
 5 APPPATH\Controllers\Tip.php(266): view('Tip_tracking/report_list_tip', [...])
 6 SYSTEMPATH\CodeIgniter.php(904): App\Controllers\Tip->printPDF()
 7 SYSTEMPATH\CodeIgniter.php(457): CodeIgniter\CodeIgniter->runController(Object(App\Controllers\Tip))
 8 SYSTEMPATH\CodeIgniter.php(340): CodeIgniter\CodeIgniter->handleRequest(null, Object(Config\Cache), false)
 9 FCPATH\index.php(67): CodeIgniter\CodeIgniter->run()
10 SYSTEMPATH\Commands\Server\rewrite.php(43): require_once('FCPATH\\index.php')
CRITICAL - 2023-03-09 22:03:33 --> Undefined variable: bulan
in APPPATH\Views\Tip_tracking\report_list_tip.php on line 58.
 1 APPPATH\Views\Tip_tracking\report_list_tip.php(58): CodeIgniter\Debug\Exceptions->errorHandler(8, 'Undefined variable: bulan', 'APPPATH\\Views\\Tip_tracking\\report_list_tip.php', 58, [...])
 2 SYSTEMPATH\View\View.php(213): include('APPPATH\\Views\\Tip_tracking\\report_list_tip.php')
 3 SYSTEMPATH\View\View.php(216): CodeIgniter\View\View->CodeIgniter\View\{closure}()
 4 SYSTEMPATH\Common.php(1137): CodeIgniter\View\View->render('Tip_tracking/report_list_tip', [], true)
 5 APPPATH\Controllers\Tip.php(266): view('Tip_tracking/report_list_tip', [...])
 6 SYSTEMPATH\CodeIgniter.php(904): App\Controllers\Tip->printPDF()
 7 SYSTEMPATH\CodeIgniter.php(457): CodeIgniter\CodeIgniter->runController(Object(App\Controllers\Tip))
 8 SYSTEMPATH\CodeIgniter.php(340): CodeIgniter\CodeIgniter->handleRequest(null, Object(Config\Cache), false)
 9 FCPATH\index.php(67): CodeIgniter\CodeIgniter->run()
10 SYSTEMPATH\Commands\Server\rewrite.php(43): require_once('FCPATH\\index.php')
CRITICAL - 2023-03-09 22:48:34 --> Undefined index: nama_driver
in APPPATH\Views\Tip_tracking\report_list_tip.php on line 66.
 1 APPPATH\Views\Tip_tracking\report_list_tip.php(66): CodeIgniter\Debug\Exceptions->errorHandler(8, 'Undefined index: nama_driver', 'APPPATH\\Views\\Tip_tracking\\report_list_tip.php', 66, [...])
 2 SYSTEMPATH\View\View.php(213): include('APPPATH\\Views\\Tip_tracking\\report_list_tip.php')
 3 SYSTEMPATH\View\View.php(216): CodeIgniter\View\View->CodeIgniter\View\{closure}()
 4 SYSTEMPATH\Common.php(1137): CodeIgniter\View\View->render('Tip_tracking/report_list_tip', [], true)
 5 APPPATH\Controllers\Tip.php(266): view('Tip_tracking/report_list_tip', [...])
 6 SYSTEMPATH\CodeIgniter.php(904): App\Controllers\Tip->printPDF()
 7 SYSTEMPATH\CodeIgniter.php(457): CodeIgniter\CodeIgniter->runController(Object(App\Controllers\Tip))
 8 SYSTEMPATH\CodeIgniter.php(340): CodeIgniter\CodeIgniter->handleRequest(null, Object(Config\Cache), false)
 9 FCPATH\index.php(67): CodeIgniter\CodeIgniter->run()
10 SYSTEMPATH\Commands\Server\rewrite.php(43): require_once('FCPATH\\index.php')
