ERROR - 2023-03-17 09:52:13 --> mysqli_sql_exception: Unknown column 'driver' in 'field list' in C:\xampp\htdocs\tracking\system\Database\MySQLi\Connection.php:292
Stack trace:
#0 C:\xampp\htdocs\tracking\system\Database\MySQLi\Connection.php(292): mysqli->query('INSERT INTO `tb...', 0)
#1 C:\xampp\htdocs\tracking\system\Database\BaseConnection.php(693): CodeIgniter\Database\MySQLi\Connection->execute('INSERT INTO `tb...')
#2 C:\xampp\htdocs\tracking\system\Database\BaseConnection.php(620): CodeIgniter\Database\BaseConnection->simpleQuery('INSERT INTO `tb...')
#3 C:\xampp\htdocs\tracking\system\Database\BaseBuilder.php(1778): CodeIgniter\Database\BaseConnection->query('INSERT INTO `tb...', NULL, false)
#4 C:\xampp\htdocs\tracking\app\Models\TipModel.php(56): CodeIgniter\Database\BaseBuilder->insertBatch(Array)
#5 C:\xampp\htdocs\tracking\app\Controllers\Tip.php(85): App\Models\TipModel->addTemporaryDetail(Array, Array)
#6 C:\xampp\htdocs\tracking\system\CodeIgniter.php(904): App\Controllers\Tip->addTemporaryDetail()
#7 C:\xampp\htdocs\tracking\system\CodeIgniter.php(457): CodeIgniter\CodeIgniter->runController(Object(App\Controllers\Tip))
#8 C:\xampp\htdocs\tracking\system\CodeIgniter.php(340): CodeIgniter\CodeIgniter->handleRequest(NULL, Object(Config\Cache), false)
#9 C:\xampp\htdocs\tracking\public\index.php(67): CodeIgniter\CodeIgniter->run()
#10 C:\xampp\htdocs\tracking\system\Commands\Server\rewrite.php(43): require_once('C:\\xampp\\htdocs...')
#11 {main}
CRITICAL - 2023-03-17 09:52:13 --> Unknown column 'driver' in 'field list'
in SYSTEMPATH\Database\MySQLi\Connection.php on line 292.
 1 SYSTEMPATH\Database\MySQLi\Connection.php(292): mysqli->query('INSERT INTO `tblmas_temporary_do_tip_tracking` (`doID`, `driver`, `lorry`, `tipID`) VALUES (\'17256\',\'Doni\',\'BP 9757 DF\',567), (\'17255\',\'Doni\',\'BP 9757 DF\',567)', 0)
 2 SYSTEMPATH\Database\BaseConnection.php(693): CodeIgniter\Database\MySQLi\Connection->execute('INSERT INTO `tblmas_temporary_do_tip_tracking` (`doID`, `driver`, `lorry`, `tipID`) VALUES (\'17256\',\'Doni\',\'BP 9757 DF\',567), (\'17255\',\'Doni\',\'BP 9757 DF\',567)')
 3 SYSTEMPATH\Database\BaseConnection.php(620): CodeIgniter\Database\BaseConnection->simpleQuery('INSERT INTO `tblmas_temporary_do_tip_tracking` (`doID`, `driver`, `lorry`, `tipID`) VALUES (\'17256\',\'Doni\',\'BP 9757 DF\',567), (\'17255\',\'Doni\',\'BP 9757 DF\',567)')
 4 SYSTEMPATH\Database\BaseBuilder.php(1778): CodeIgniter\Database\BaseConnection->query('INSERT INTO `tblmas_temporary_do_tip_tracking` (`doID`, `driver`, `lorry`, `tipID`) VALUES (\'17256\',\'Doni\',\'BP 9757 DF\',567), (\'17255\',\'Doni\',\'BP 9757 DF\',567)', null, false)
 5 APPPATH\Models\TipModel.php(56): CodeIgniter\Database\BaseBuilder->insertBatch([...])
 6 APPPATH\Controllers\Tip.php(85): App\Models\TipModel->addTemporaryDetail([...], [...])
 7 SYSTEMPATH\CodeIgniter.php(904): App\Controllers\Tip->addTemporaryDetail()
 8 SYSTEMPATH\CodeIgniter.php(457): CodeIgniter\CodeIgniter->runController(Object(App\Controllers\Tip))
 9 SYSTEMPATH\CodeIgniter.php(340): CodeIgniter\CodeIgniter->handleRequest(null, Object(Config\Cache), false)
10 FCPATH\index.php(67): CodeIgniter\CodeIgniter->run()
11 SYSTEMPATH\Commands\Server\rewrite.php(43): require_once('FCPATH\\index.php')
ERROR - 2023-03-17 09:52:33 --> mysqli_sql_exception: Unknown column 'driver' in 'field list' in C:\xampp\htdocs\tracking\system\Database\MySQLi\Connection.php:292
Stack trace:
#0 C:\xampp\htdocs\tracking\system\Database\MySQLi\Connection.php(292): mysqli->query('INSERT INTO `tb...', 0)
#1 C:\xampp\htdocs\tracking\system\Database\BaseConnection.php(693): CodeIgniter\Database\MySQLi\Connection->execute('INSERT INTO `tb...')
#2 C:\xampp\htdocs\tracking\system\Database\BaseConnection.php(620): CodeIgniter\Database\BaseConnection->simpleQuery('INSERT INTO `tb...')
#3 C:\xampp\htdocs\tracking\system\Database\BaseBuilder.php(1778): CodeIgniter\Database\BaseConnection->query('INSERT INTO `tb...', NULL, false)
#4 C:\xampp\htdocs\tracking\app\Models\TipModel.php(56): CodeIgniter\Database\BaseBuilder->insertBatch(Array)
#5 C:\xampp\htdocs\tracking\app\Controllers\Tip.php(85): App\Models\TipModel->addTemporaryDetail(Array, Array)
#6 C:\xampp\htdocs\tracking\system\CodeIgniter.php(904): App\Controllers\Tip->addTemporaryDetail()
#7 C:\xampp\htdocs\tracking\system\CodeIgniter.php(457): CodeIgniter\CodeIgniter->runController(Object(App\Controllers\Tip))
#8 C:\xampp\htdocs\tracking\system\CodeIgniter.php(340): CodeIgniter\CodeIgniter->handleRequest(NULL, Object(Config\Cache), false)
#9 C:\xampp\htdocs\tracking\public\index.php(67): CodeIgniter\CodeIgniter->run()
#10 C:\xampp\htdocs\tracking\system\Commands\Server\rewrite.php(43): require_once('C:\\xampp\\htdocs...')
#11 {main}
CRITICAL - 2023-03-17 09:52:33 --> Unknown column 'driver' in 'field list'
in SYSTEMPATH\Database\MySQLi\Connection.php on line 292.
 1 SYSTEMPATH\Database\MySQLi\Connection.php(292): mysqli->query('INSERT INTO `tblmas_temporary_do_tip_tracking` (`doID`, `driver`, `lorry`, `tipID`) VALUES (\'17256\',\'Doni\',\'BP 9757 DF\',568), (\'17255\',\'Doni\',\'BP 9757 DF\',568)', 0)
 2 SYSTEMPATH\Database\BaseConnection.php(693): CodeIgniter\Database\MySQLi\Connection->execute('INSERT INTO `tblmas_temporary_do_tip_tracking` (`doID`, `driver`, `lorry`, `tipID`) VALUES (\'17256\',\'Doni\',\'BP 9757 DF\',568), (\'17255\',\'Doni\',\'BP 9757 DF\',568)')
 3 SYSTEMPATH\Database\BaseConnection.php(620): CodeIgniter\Database\BaseConnection->simpleQuery('INSERT INTO `tblmas_temporary_do_tip_tracking` (`doID`, `driver`, `lorry`, `tipID`) VALUES (\'17256\',\'Doni\',\'BP 9757 DF\',568), (\'17255\',\'Doni\',\'BP 9757 DF\',568)')
 4 SYSTEMPATH\Database\BaseBuilder.php(1778): CodeIgniter\Database\BaseConnection->query('INSERT INTO `tblmas_temporary_do_tip_tracking` (`doID`, `driver`, `lorry`, `tipID`) VALUES (\'17256\',\'Doni\',\'BP 9757 DF\',568), (\'17255\',\'Doni\',\'BP 9757 DF\',568)', null, false)
 5 APPPATH\Models\TipModel.php(56): CodeIgniter\Database\BaseBuilder->insertBatch([...])
 6 APPPATH\Controllers\Tip.php(85): App\Models\TipModel->addTemporaryDetail([...], [...])
 7 SYSTEMPATH\CodeIgniter.php(904): App\Controllers\Tip->addTemporaryDetail()
 8 SYSTEMPATH\CodeIgniter.php(457): CodeIgniter\CodeIgniter->runController(Object(App\Controllers\Tip))
 9 SYSTEMPATH\CodeIgniter.php(340): CodeIgniter\CodeIgniter->handleRequest(null, Object(Config\Cache), false)
10 FCPATH\index.php(67): CodeIgniter\CodeIgniter->run()
11 SYSTEMPATH\Commands\Server\rewrite.php(43): require_once('FCPATH\\index.php')
ERROR - 2023-03-17 09:56:16 --> mysqli_sql_exception: Unknown column 'driver' in 'field list' in C:\xampp\htdocs\tracking\system\Database\MySQLi\Connection.php:292
Stack trace:
#0 C:\xampp\htdocs\tracking\system\Database\MySQLi\Connection.php(292): mysqli->query('INSERT INTO `tb...', 0)
#1 C:\xampp\htdocs\tracking\system\Database\BaseConnection.php(693): CodeIgniter\Database\MySQLi\Connection->execute('INSERT INTO `tb...')
#2 C:\xampp\htdocs\tracking\system\Database\BaseConnection.php(620): CodeIgniter\Database\BaseConnection->simpleQuery('INSERT INTO `tb...')
#3 C:\xampp\htdocs\tracking\system\Database\BaseBuilder.php(1778): CodeIgniter\Database\BaseConnection->query('INSERT INTO `tb...', NULL, false)
#4 C:\xampp\htdocs\tracking\app\Models\TipModel.php(56): CodeIgniter\Database\BaseBuilder->insertBatch(Array)
#5 C:\xampp\htdocs\tracking\app\Controllers\Tip.php(86): App\Models\TipModel->addTemporaryDetail(Array, Array)
#6 C:\xampp\htdocs\tracking\system\CodeIgniter.php(904): App\Controllers\Tip->addTemporaryDetail()
#7 C:\xampp\htdocs\tracking\system\CodeIgniter.php(457): CodeIgniter\CodeIgniter->runController(Object(App\Controllers\Tip))
#8 C:\xampp\htdocs\tracking\system\CodeIgniter.php(340): CodeIgniter\CodeIgniter->handleRequest(NULL, Object(Config\Cache), false)
#9 C:\xampp\htdocs\tracking\public\index.php(67): CodeIgniter\CodeIgniter->run()
#10 C:\xampp\htdocs\tracking\system\Commands\Server\rewrite.php(43): require_once('C:\\xampp\\htdocs...')
#11 {main}
CRITICAL - 2023-03-17 09:56:16 --> Unknown column 'driver' in 'field list'
in SYSTEMPATH\Database\MySQLi\Connection.php on line 292.
 1 SYSTEMPATH\Database\MySQLi\Connection.php(292): mysqli->query('INSERT INTO `tblmas_temporary_do_tip_tracking` (`doID`, `driver`, `lorry`, `tipID`) VALUES (\'17256\',\'Doni\',\'BP 9757 DF\',569), (\'17255\',\'Doni\',\'BP 9757 DF\',569)', 0)
 2 SYSTEMPATH\Database\BaseConnection.php(693): CodeIgniter\Database\MySQLi\Connection->execute('INSERT INTO `tblmas_temporary_do_tip_tracking` (`doID`, `driver`, `lorry`, `tipID`) VALUES (\'17256\',\'Doni\',\'BP 9757 DF\',569), (\'17255\',\'Doni\',\'BP 9757 DF\',569)')
 3 SYSTEMPATH\Database\BaseConnection.php(620): CodeIgniter\Database\BaseConnection->simpleQuery('INSERT INTO `tblmas_temporary_do_tip_tracking` (`doID`, `driver`, `lorry`, `tipID`) VALUES (\'17256\',\'Doni\',\'BP 9757 DF\',569), (\'17255\',\'Doni\',\'BP 9757 DF\',569)')
 4 SYSTEMPATH\Database\BaseBuilder.php(1778): CodeIgniter\Database\BaseConnection->query('INSERT INTO `tblmas_temporary_do_tip_tracking` (`doID`, `driver`, `lorry`, `tipID`) VALUES (\'17256\',\'Doni\',\'BP 9757 DF\',569), (\'17255\',\'Doni\',\'BP 9757 DF\',569)', null, false)
 5 APPPATH\Models\TipModel.php(56): CodeIgniter\Database\BaseBuilder->insertBatch([...])
 6 APPPATH\Controllers\Tip.php(86): App\Models\TipModel->addTemporaryDetail([...], [...])
 7 SYSTEMPATH\CodeIgniter.php(904): App\Controllers\Tip->addTemporaryDetail()
 8 SYSTEMPATH\CodeIgniter.php(457): CodeIgniter\CodeIgniter->runController(Object(App\Controllers\Tip))
 9 SYSTEMPATH\CodeIgniter.php(340): CodeIgniter\CodeIgniter->handleRequest(null, Object(Config\Cache), false)
10 FCPATH\index.php(67): CodeIgniter\CodeIgniter->run()
11 SYSTEMPATH\Commands\Server\rewrite.php(43): require_once('FCPATH\\index.php')
ERROR - 2023-03-17 10:14:19 --> mysqli_sql_exception: Unknown column 'tblmas_temporary_do_tip_tracking.driver' in 'where clause' in C:\xampp\htdocs\tracking\system\Database\MySQLi\Connection.php:292
Stack trace:
#0 C:\xampp\htdocs\tracking\system\Database\MySQLi\Connection.php(292): mysqli->query('INSERT INTO tbl...', 0)
#1 C:\xampp\htdocs\tracking\system\Database\BaseConnection.php(693): CodeIgniter\Database\MySQLi\Connection->execute('INSERT INTO tbl...')
#2 C:\xampp\htdocs\tracking\system\Database\BaseConnection.php(620): CodeIgniter\Database\BaseConnection->simpleQuery('INSERT INTO tbl...')
#3 C:\xampp\htdocs\tracking\app\Models\TipModel.php(73): CodeIgniter\Database\BaseConnection->query('INSERT INTO tbl...')
#4 C:\xampp\htdocs\tracking\app\Controllers\Tip.php(102): App\Models\TipModel->transferTemporary('Doni', 'BP 9757 DF', NULL)
#5 C:\xampp\htdocs\tracking\system\CodeIgniter.php(904): App\Controllers\Tip->transferTemporary()
#6 C:\xampp\htdocs\tracking\system\CodeIgniter.php(457): CodeIgniter\CodeIgniter->runController(Object(App\Controllers\Tip))
#7 C:\xampp\htdocs\tracking\system\CodeIgniter.php(340): CodeIgniter\CodeIgniter->handleRequest(NULL, Object(Config\Cache), false)
#8 C:\xampp\htdocs\tracking\public\index.php(67): CodeIgniter\CodeIgniter->run()
#9 C:\xampp\htdocs\tracking\system\Commands\Server\rewrite.php(43): require_once('C:\\xampp\\htdocs...')
#10 {main}
CRITICAL - 2023-03-17 10:14:19 --> Unknown column 'tblmas_temporary_do_tip_tracking.driver' in 'where clause'
in SYSTEMPATH\Database\MySQLi\Connection.php on line 292.
 1 SYSTEMPATH\Database\MySQLi\Connection.php(292): mysqli->query('INSERT INTO tblmas_detail_tip_tracking (tipID ,doID) SELECT tipID ,doID FROM tblmas_temporary_do_tip_tracking
        WHERE tblmas_temporary_do_tip_tracking.driver = \'Doni\' AND tblmas_temporary_do_tip_tracking.lorry = \'BP 9757 DF\'', 0)
 2 SYSTEMPATH\Database\BaseConnection.php(693): CodeIgniter\Database\MySQLi\Connection->execute('INSERT INTO tblmas_detail_tip_tracking (tipID ,doID) SELECT tipID ,doID FROM tblmas_temporary_do_tip_tracking
        WHERE tblmas_temporary_do_tip_tracking.driver = \'Doni\' AND tblmas_temporary_do_tip_tracking.lorry = \'BP 9757 DF\'')
 3 SYSTEMPATH\Database\BaseConnection.php(620): CodeIgniter\Database\BaseConnection->simpleQuery('INSERT INTO tblmas_detail_tip_tracking (tipID ,doID) SELECT tipID ,doID FROM tblmas_temporary_do_tip_tracking
        WHERE tblmas_temporary_do_tip_tracking.driver = \'Doni\' AND tblmas_temporary_do_tip_tracking.lorry = \'BP 9757 DF\'')
 4 APPPATH\Models\TipModel.php(73): CodeIgniter\Database\BaseConnection->query('INSERT INTO tblmas_detail_tip_tracking (tipID ,doID) SELECT tipID ,doID FROM tblmas_temporary_do_tip_tracking
        WHERE tblmas_temporary_do_tip_tracking.driver = \'Doni\' AND tblmas_temporary_do_tip_tracking.lorry = \'BP 9757 DF\'')
 5 APPPATH\Controllers\Tip.php(102): App\Models\TipModel->transferTemporary('Doni', 'BP 9757 DF', null)
 6 SYSTEMPATH\CodeIgniter.php(904): App\Controllers\Tip->transferTemporary()
 7 SYSTEMPATH\CodeIgniter.php(457): CodeIgniter\CodeIgniter->runController(Object(App\Controllers\Tip))
 8 SYSTEMPATH\CodeIgniter.php(340): CodeIgniter\CodeIgniter->handleRequest(null, Object(Config\Cache), false)
 9 FCPATH\index.php(67): CodeIgniter\CodeIgniter->run()
10 SYSTEMPATH\Commands\Server\rewrite.php(43): require_once('FCPATH\\index.php')
CRITICAL - 2023-03-17 11:52:55 --> syntax error, unexpected 'elseif' (T_ELSEIF)
in APPPATH\Views\Tip_tracking\report_list_tip.php on line 120.
 1 SYSTEMPATH\View\View.php(216): CodeIgniter\View\View->CodeIgniter\View\{closure}()
 2 SYSTEMPATH\Common.php(1137): CodeIgniter\View\View->render('Tip_tracking/report_list_tip', [], true)
 3 APPPATH\Controllers\Tip.php(229): view('Tip_tracking/report_list_tip', [...])
 4 SYSTEMPATH\CodeIgniter.php(904): App\Controllers\Tip->reportperBulan()
 5 SYSTEMPATH\CodeIgniter.php(457): CodeIgniter\CodeIgniter->runController(Object(App\Controllers\Tip))
 6 SYSTEMPATH\CodeIgniter.php(340): CodeIgniter\CodeIgniter->handleRequest(null, Object(Config\Cache), false)
 7 FCPATH\index.php(67): CodeIgniter\CodeIgniter->run()
 8 SYSTEMPATH\Commands\Server\rewrite.php(43): require_once('FCPATH\\index.php')
CRITICAL - 2023-03-17 14:53:02 --> Undefined variable: list
in APPPATH\Views\Tip_tracking\report_list_tip.php on line 102.
 1 APPPATH\Views\Tip_tracking\report_list_tip.php(102): CodeIgniter\Debug\Exceptions->errorHandler(8, 'Undefined variable: list', 'APPPATH\\Views\\Tip_tracking\\report_list_tip.php', 102, [...])
 2 SYSTEMPATH\View\View.php(213): include('APPPATH\\Views\\Tip_tracking\\report_list_tip.php')
 3 SYSTEMPATH\View\View.php(216): CodeIgniter\View\View->CodeIgniter\View\{closure}()
 4 SYSTEMPATH\Common.php(1137): CodeIgniter\View\View->render('Tip_tracking/report_list_tip', [], true)
 5 APPPATH\Controllers\Tip.php(229): view('Tip_tracking/report_list_tip', [...])
 6 SYSTEMPATH\CodeIgniter.php(904): App\Controllers\Tip->reportperBulan()
 7 SYSTEMPATH\CodeIgniter.php(457): CodeIgniter\CodeIgniter->runController(Object(App\Controllers\Tip))
 8 SYSTEMPATH\CodeIgniter.php(340): CodeIgniter\CodeIgniter->handleRequest(null, Object(Config\Cache), false)
 9 FCPATH\index.php(67): CodeIgniter\CodeIgniter->run()
10 SYSTEMPATH\Commands\Server\rewrite.php(43): require_once('FCPATH\\index.php')
CRITICAL - 2023-03-17 14:53:13 --> A non well formed numeric value encountered
in APPPATH\Views\Tip_tracking\report_list_tip.php on line 102.
 1 APPPATH\Views\Tip_tracking\report_list_tip.php(102): CodeIgniter\Debug\Exceptions->errorHandler(8, 'A non well formed numeric value encountered', 'APPPATH\\Views\\Tip_tracking\\report_list_tip.php', 102, [...])
 2 SYSTEMPATH\View\View.php(213): include('APPPATH\\Views\\Tip_tracking\\report_list_tip.php')
 3 SYSTEMPATH\View\View.php(216): CodeIgniter\View\View->CodeIgniter\View\{closure}()
 4 SYSTEMPATH\Common.php(1137): CodeIgniter\View\View->render('Tip_tracking/report_list_tip', [], true)
 5 APPPATH\Controllers\Tip.php(229): view('Tip_tracking/report_list_tip', [...])
 6 SYSTEMPATH\CodeIgniter.php(904): App\Controllers\Tip->reportperBulan()
 7 SYSTEMPATH\CodeIgniter.php(457): CodeIgniter\CodeIgniter->runController(Object(App\Controllers\Tip))
 8 SYSTEMPATH\CodeIgniter.php(340): CodeIgniter\CodeIgniter->handleRequest(null, Object(Config\Cache), false)
 9 FCPATH\index.php(67): CodeIgniter\CodeIgniter->run()
10 SYSTEMPATH\Commands\Server\rewrite.php(43): require_once('FCPATH\\index.php')
