CRITICAL - 2023-03-13 22:00:59 --> Undefined variable: jumtgl
in APPPATH\Views\Tip_tracking\report_list_tip.php on line 64.
 1 APPPATH\Views\Tip_tracking\report_list_tip.php(64): CodeIgniter\Debug\Exceptions->errorHandler(8, 'Undefined variable: jumtgl', 'APPPATH\\Views\\Tip_tracking\\report_list_tip.php', 64, [...])
 2 SYSTEMPATH\View\View.php(213): include('APPPATH\\Views\\Tip_tracking\\report_list_tip.php')
 3 SYSTEMPATH\View\View.php(216): CodeIgniter\View\View->CodeIgniter\View\{closure}()
 4 SYSTEMPATH\Common.php(1137): CodeIgniter\View\View->render('Tip_tracking/report_list_tip', [], true)
 5 APPPATH\Controllers\Tip.php(266): view('Tip_tracking/report_list_tip', [...])
 6 SYSTEMPATH\CodeIgniter.php(904): App\Controllers\Tip->printPDF()
 7 SYSTEMPATH\CodeIgniter.php(457): CodeIgniter\CodeIgniter->runController(Object(App\Controllers\Tip))
 8 SYSTEMPATH\CodeIgniter.php(340): CodeIgniter\CodeIgniter->handleRequest(null, Object(Config\Cache), false)
 9 FCPATH\index.php(67): CodeIgniter\CodeIgniter->run()
10 SYSTEMPATH\Commands\Server\rewrite.php(43): require_once('FCPATH\\index.php')
CRITICAL - 2023-03-13 22:02:23 --> Undefined index: trip
in APPPATH\Views\Tip_tracking\report_list_tip.php on line 77.
 1 APPPATH\Views\Tip_tracking\report_list_tip.php(77): CodeIgniter\Debug\Exceptions->errorHandler(8, 'Undefined index: trip', 'APPPATH\\Views\\Tip_tracking\\report_list_tip.php', 77, [...])
 2 SYSTEMPATH\View\View.php(213): include('APPPATH\\Views\\Tip_tracking\\report_list_tip.php')
 3 SYSTEMPATH\View\View.php(216): CodeIgniter\View\View->CodeIgniter\View\{closure}()
 4 SYSTEMPATH\Common.php(1137): CodeIgniter\View\View->render('Tip_tracking/report_list_tip', [], true)
 5 APPPATH\Controllers\Tip.php(266): view('Tip_tracking/report_list_tip', [...])
 6 SYSTEMPATH\CodeIgniter.php(904): App\Controllers\Tip->printPDF()
 7 SYSTEMPATH\CodeIgniter.php(457): CodeIgniter\CodeIgniter->runController(Object(App\Controllers\Tip))
 8 SYSTEMPATH\CodeIgniter.php(340): CodeIgniter\CodeIgniter->handleRequest(null, Object(Config\Cache), false)
 9 FCPATH\index.php(67): CodeIgniter\CodeIgniter->run()
10 SYSTEMPATH\Commands\Server\rewrite.php(43): require_once('FCPATH\\index.php')
CRITICAL - 2023-03-13 22:02:38 --> Undefined index: trip
in APPPATH\Views\Tip_tracking\report_list_tip.php on line 77.
 1 APPPATH\Views\Tip_tracking\report_list_tip.php(77): CodeIgniter\Debug\Exceptions->errorHandler(8, 'Undefined index: trip', 'APPPATH\\Views\\Tip_tracking\\report_list_tip.php', 77, [...])
 2 SYSTEMPATH\View\View.php(213): include('APPPATH\\Views\\Tip_tracking\\report_list_tip.php')
 3 SYSTEMPATH\View\View.php(216): CodeIgniter\View\View->CodeIgniter\View\{closure}()
 4 SYSTEMPATH\Common.php(1137): CodeIgniter\View\View->render('Tip_tracking/report_list_tip', [], true)
 5 APPPATH\Controllers\Tip.php(266): view('Tip_tracking/report_list_tip', [...])
 6 SYSTEMPATH\CodeIgniter.php(904): App\Controllers\Tip->printPDF()
 7 SYSTEMPATH\CodeIgniter.php(457): CodeIgniter\CodeIgniter->runController(Object(App\Controllers\Tip))
 8 SYSTEMPATH\CodeIgniter.php(340): CodeIgniter\CodeIgniter->handleRequest(null, Object(Config\Cache), false)
 9 FCPATH\index.php(67): CodeIgniter\CodeIgniter->run()
10 SYSTEMPATH\Commands\Server\rewrite.php(43): require_once('FCPATH\\index.php')
CRITICAL - 2023-03-13 22:02:59 --> Undefined index: trip
in APPPATH\Views\Tip_tracking\report_list_tip.php on line 77.
 1 APPPATH\Views\Tip_tracking\report_list_tip.php(77): CodeIgniter\Debug\Exceptions->errorHandler(8, 'Undefined index: trip', 'APPPATH\\Views\\Tip_tracking\\report_list_tip.php', 77, [...])
 2 SYSTEMPATH\View\View.php(213): include('APPPATH\\Views\\Tip_tracking\\report_list_tip.php')
 3 SYSTEMPATH\View\View.php(216): CodeIgniter\View\View->CodeIgniter\View\{closure}()
 4 SYSTEMPATH\Common.php(1137): CodeIgniter\View\View->render('Tip_tracking/report_list_tip', [], true)
 5 APPPATH\Controllers\Tip.php(266): view('Tip_tracking/report_list_tip', [...])
 6 SYSTEMPATH\CodeIgniter.php(904): App\Controllers\Tip->printPDF()
 7 SYSTEMPATH\CodeIgniter.php(457): CodeIgniter\CodeIgniter->runController(Object(App\Controllers\Tip))
 8 SYSTEMPATH\CodeIgniter.php(340): CodeIgniter\CodeIgniter->handleRequest(null, Object(Config\Cache), false)
 9 FCPATH\index.php(67): CodeIgniter\CodeIgniter->run()
10 SYSTEMPATH\Commands\Server\rewrite.php(43): require_once('FCPATH\\index.php')
ERROR - 2023-03-13 22:03:41 --> mysqli_sql_exception: You have an error in your SQL syntax; check the manual that corresponds to your MariaDB server version for the right syntax to use near 'COUNT(IF(MONTH(tgl)=03, trip, NULL)) total_trip FROM tblmas_tip_tracking GROU...' at line 1 in C:\xampp\htdocs\tracking\system\Database\MySQLi\Connection.php:292
Stack trace:
#0 C:\xampp\htdocs\tracking\system\Database\MySQLi\Connection.php(292): mysqli->query('SELECT driver, ...', 0)
#1 C:\xampp\htdocs\tracking\system\Database\BaseConnection.php(693): CodeIgniter\Database\MySQLi\Connection->execute('SELECT driver, ...')
#2 C:\xampp\htdocs\tracking\system\Database\BaseConnection.php(620): CodeIgniter\Database\BaseConnection->simpleQuery('SELECT driver, ...')
#3 C:\xampp\htdocs\tracking\app\Models\TipModel.php(128): CodeIgniter\Database\BaseConnection->query('SELECT driver, ...')
#4 C:\xampp\htdocs\tracking\app\Controllers\Tip.php(261): App\Models\TipModel->getreportbyMonth('03', '2023')
#5 C:\xampp\htdocs\tracking\system\CodeIgniter.php(904): App\Controllers\Tip->printPDF()
#6 C:\xampp\htdocs\tracking\system\CodeIgniter.php(457): CodeIgniter\CodeIgniter->runController(Object(App\Controllers\Tip))
#7 C:\xampp\htdocs\tracking\system\CodeIgniter.php(340): CodeIgniter\CodeIgniter->handleRequest(NULL, Object(Config\Cache), false)
#8 C:\xampp\htdocs\tracking\public\index.php(67): CodeIgniter\CodeIgniter->run()
#9 C:\xampp\htdocs\tracking\system\Commands\Server\rewrite.php(43): require_once('C:\\xampp\\htdocs...')
#10 {main}
CRITICAL - 2023-03-13 22:03:41 --> You have an error in your SQL syntax; check the manual that corresponds to your MariaDB server version for the right syntax to use near 'COUNT(IF(MONTH(tgl)=03, trip, NULL)) total_trip FROM tblmas_tip_tracking GROU...' at line 1
in SYSTEMPATH\Database\MySQLi\Connection.php on line 292.
 1 SYSTEMPATH\Database\MySQLi\Connection.php(292): mysqli->query('SELECT driver, tgl, trip COUNT(IF(MONTH(tgl)=03, trip, NULL)) total_trip FROM tblmas_tip_tracking GROUP BY tgl ,driver', 0)
 2 SYSTEMPATH\Database\BaseConnection.php(693): CodeIgniter\Database\MySQLi\Connection->execute('SELECT driver, tgl, trip COUNT(IF(MONTH(tgl)=03, trip, NULL)) total_trip FROM tblmas_tip_tracking GROUP BY tgl ,driver')
 3 SYSTEMPATH\Database\BaseConnection.php(620): CodeIgniter\Database\BaseConnection->simpleQuery('SELECT driver, tgl, trip COUNT(IF(MONTH(tgl)=03, trip, NULL)) total_trip FROM tblmas_tip_tracking GROUP BY tgl ,driver')
 4 APPPATH\Models\TipModel.php(128): CodeIgniter\Database\BaseConnection->query('SELECT driver, tgl, trip COUNT(IF(MONTH(tgl)=03, trip, NULL)) total_trip FROM tblmas_tip_tracking GROUP BY tgl ,driver')
 5 APPPATH\Controllers\Tip.php(261): App\Models\TipModel->getreportbyMonth('03', '2023')
 6 SYSTEMPATH\CodeIgniter.php(904): App\Controllers\Tip->printPDF()
 7 SYSTEMPATH\CodeIgniter.php(457): CodeIgniter\CodeIgniter->runController(Object(App\Controllers\Tip))
 8 SYSTEMPATH\CodeIgniter.php(340): CodeIgniter\CodeIgniter->handleRequest(null, Object(Config\Cache), false)
 9 FCPATH\index.php(67): CodeIgniter\CodeIgniter->run()
10 SYSTEMPATH\Commands\Server\rewrite.php(43): require_once('FCPATH\\index.php')
ERROR - 2023-03-13 22:03:55 --> mysqli_sql_exception: You have an error in your SQL syntax; check the manual that corresponds to your MariaDB server version for the right syntax to use near 'COUNT(IF(MONTH(tgl)=03, trip, NULL)) total_trip FROM tblmas_tip_tracking GROU...' at line 1 in C:\xampp\htdocs\tracking\system\Database\MySQLi\Connection.php:292
Stack trace:
#0 C:\xampp\htdocs\tracking\system\Database\MySQLi\Connection.php(292): mysqli->query('SELECT driver, ...', 0)
#1 C:\xampp\htdocs\tracking\system\Database\BaseConnection.php(693): CodeIgniter\Database\MySQLi\Connection->execute('SELECT driver, ...')
#2 C:\xampp\htdocs\tracking\system\Database\BaseConnection.php(620): CodeIgniter\Database\BaseConnection->simpleQuery('SELECT driver, ...')
#3 C:\xampp\htdocs\tracking\app\Models\TipModel.php(128): CodeIgniter\Database\BaseConnection->query('SELECT driver, ...')
#4 C:\xampp\htdocs\tracking\app\Controllers\Tip.php(261): App\Models\TipModel->getreportbyMonth('03', '2023')
#5 C:\xampp\htdocs\tracking\system\CodeIgniter.php(904): App\Controllers\Tip->printPDF()
#6 C:\xampp\htdocs\tracking\system\CodeIgniter.php(457): CodeIgniter\CodeIgniter->runController(Object(App\Controllers\Tip))
#7 C:\xampp\htdocs\tracking\system\CodeIgniter.php(340): CodeIgniter\CodeIgniter->handleRequest(NULL, Object(Config\Cache), false)
#8 C:\xampp\htdocs\tracking\public\index.php(67): CodeIgniter\CodeIgniter->run()
#9 C:\xampp\htdocs\tracking\system\Commands\Server\rewrite.php(43): require_once('C:\\xampp\\htdocs...')
#10 {main}
CRITICAL - 2023-03-13 22:03:55 --> You have an error in your SQL syntax; check the manual that corresponds to your MariaDB server version for the right syntax to use near 'COUNT(IF(MONTH(tgl)=03, trip, NULL)) total_trip FROM tblmas_tip_tracking GROU...' at line 1
in SYSTEMPATH\Database\MySQLi\Connection.php on line 292.
 1 SYSTEMPATH\Database\MySQLi\Connection.php(292): mysqli->query('SELECT driver, tgl, trip COUNT(IF(MONTH(tgl)=03, trip, NULL)) total_trip FROM tblmas_tip_tracking GROUP BY tgl ,driver, trip', 0)
 2 SYSTEMPATH\Database\BaseConnection.php(693): CodeIgniter\Database\MySQLi\Connection->execute('SELECT driver, tgl, trip COUNT(IF(MONTH(tgl)=03, trip, NULL)) total_trip FROM tblmas_tip_tracking GROUP BY tgl ,driver, trip')
 3 SYSTEMPATH\Database\BaseConnection.php(620): CodeIgniter\Database\BaseConnection->simpleQuery('SELECT driver, tgl, trip COUNT(IF(MONTH(tgl)=03, trip, NULL)) total_trip FROM tblmas_tip_tracking GROUP BY tgl ,driver, trip')
 4 APPPATH\Models\TipModel.php(128): CodeIgniter\Database\BaseConnection->query('SELECT driver, tgl, trip COUNT(IF(MONTH(tgl)=03, trip, NULL)) total_trip FROM tblmas_tip_tracking GROUP BY tgl ,driver, trip')
 5 APPPATH\Controllers\Tip.php(261): App\Models\TipModel->getreportbyMonth('03', '2023')
 6 SYSTEMPATH\CodeIgniter.php(904): App\Controllers\Tip->printPDF()
 7 SYSTEMPATH\CodeIgniter.php(457): CodeIgniter\CodeIgniter->runController(Object(App\Controllers\Tip))
 8 SYSTEMPATH\CodeIgniter.php(340): CodeIgniter\CodeIgniter->handleRequest(null, Object(Config\Cache), false)
 9 FCPATH\index.php(67): CodeIgniter\CodeIgniter->run()
10 SYSTEMPATH\Commands\Server\rewrite.php(43): require_once('FCPATH\\index.php')
CRITICAL - 2023-03-13 23:21:17 --> Undefined index: trip
in APPPATH\Views\Tip_tracking\report_list_tip.php on line 77.
 1 APPPATH\Views\Tip_tracking\report_list_tip.php(77): CodeIgniter\Debug\Exceptions->errorHandler(8, 'Undefined index: trip', 'APPPATH\\Views\\Tip_tracking\\report_list_tip.php', 77, [...])
 2 SYSTEMPATH\View\View.php(213): include('APPPATH\\Views\\Tip_tracking\\report_list_tip.php')
 3 SYSTEMPATH\View\View.php(216): CodeIgniter\View\View->CodeIgniter\View\{closure}()
 4 SYSTEMPATH\Common.php(1137): CodeIgniter\View\View->render('Tip_tracking/report_list_tip', [], true)
 5 APPPATH\Controllers\Tip.php(266): view('Tip_tracking/report_list_tip', [...])
 6 SYSTEMPATH\CodeIgniter.php(904): App\Controllers\Tip->printPDF()
 7 SYSTEMPATH\CodeIgniter.php(457): CodeIgniter\CodeIgniter->runController(Object(App\Controllers\Tip))
 8 SYSTEMPATH\CodeIgniter.php(340): CodeIgniter\CodeIgniter->handleRequest(null, Object(Config\Cache), false)
 9 FCPATH\index.php(67): CodeIgniter\CodeIgniter->run()
10 SYSTEMPATH\Commands\Server\rewrite.php(43): require_once('FCPATH\\index.php')
ERROR - 2023-03-13 23:21:32 --> mysqli_sql_exception: You have an error in your SQL syntax; check the manual that corresponds to your MariaDB server version for the right syntax to use near 'COUNT(IF(driver='Chandra sinaga', trip, NULL)) chandra,
                    ...' at line 2 in C:\xampp\htdocs\tracking\system\Database\MySQLi\Connection.php:292
Stack trace:
#0 C:\xampp\htdocs\tracking\system\Database\MySQLi\Connection.php(292): mysqli->query('SELECT tgl, tri...', 0)
#1 C:\xampp\htdocs\tracking\system\Database\BaseConnection.php(693): CodeIgniter\Database\MySQLi\Connection->execute('SELECT tgl, tri...')
#2 C:\xampp\htdocs\tracking\system\Database\BaseConnection.php(620): CodeIgniter\Database\BaseConnection->simpleQuery('SELECT tgl, tri...')
#3 C:\xampp\htdocs\tracking\app\Models\TipModel.php(134): CodeIgniter\Database\BaseConnection->query('SELECT tgl, tri...')
#4 C:\xampp\htdocs\tracking\app\Controllers\Tip.php(261): App\Models\TipModel->getreportbyMonth('03', '2023')
#5 C:\xampp\htdocs\tracking\system\CodeIgniter.php(904): App\Controllers\Tip->printPDF()
#6 C:\xampp\htdocs\tracking\system\CodeIgniter.php(457): CodeIgniter\CodeIgniter->runController(Object(App\Controllers\Tip))
#7 C:\xampp\htdocs\tracking\system\CodeIgniter.php(340): CodeIgniter\CodeIgniter->handleRequest(NULL, Object(Config\Cache), false)
#8 C:\xampp\htdocs\tracking\public\index.php(67): CodeIgniter\CodeIgniter->run()
#9 C:\xampp\htdocs\tracking\system\Commands\Server\rewrite.php(43): require_once('C:\\xampp\\htdocs...')
#10 {main}
CRITICAL - 2023-03-13 23:21:32 --> You have an error in your SQL syntax; check the manual that corresponds to your MariaDB server version for the right syntax to use near 'COUNT(IF(driver='Chandra sinaga', trip, NULL)) chandra,
                    ...' at line 2
in SYSTEMPATH\Database\MySQLi\Connection.php on line 292.
 1 SYSTEMPATH\Database\MySQLi\Connection.php(292): mysqli->query('SELECT tgl, trip
                    COUNT(IF(driver=\'Chandra sinaga\', trip, NULL)) chandra,
                    COUNT(IF(driver=\'Doni\', trip, NULL)) Doni,
                    COUNT(IF(driver=\'Dafrizal\', trip, NULL)) Dafrizal,
                    COUNT(IF(driver=\'Herian\', trip, NULL)) Herian
                        FROM tblmas_tip_tracking
			                WHERE month(tgl)=03 AND year(tgl)=2023 GROUP BY tgl', 0)
 2 SYSTEMPATH\Database\BaseConnection.php(693): CodeIgniter\Database\MySQLi\Connection->execute('SELECT tgl, trip
                    COUNT(IF(driver=\'Chandra sinaga\', trip, NULL)) chandra,
                    COUNT(IF(driver=\'Doni\', trip, NULL)) Doni,
                    COUNT(IF(driver=\'Dafrizal\', trip, NULL)) Dafrizal,
                    COUNT(IF(driver=\'Herian\', trip, NULL)) Herian
                        FROM tblmas_tip_tracking
			                WHERE month(tgl)=03 AND year(tgl)=2023 GROUP BY tgl')
 3 SYSTEMPATH\Database\BaseConnection.php(620): CodeIgniter\Database\BaseConnection->simpleQuery('SELECT tgl, trip
                    COUNT(IF(driver=\'Chandra sinaga\', trip, NULL)) chandra,
                    COUNT(IF(driver=\'Doni\', trip, NULL)) Doni,
                    COUNT(IF(driver=\'Dafrizal\', trip, NULL)) Dafrizal,
                    COUNT(IF(driver=\'Herian\', trip, NULL)) Herian
                        FROM tblmas_tip_tracking
			                WHERE month(tgl)=03 AND year(tgl)=2023 GROUP BY tgl')
 4 APPPATH\Models\TipModel.php(134): CodeIgniter\Database\BaseConnection->query('SELECT tgl, trip
                    COUNT(IF(driver=\'Chandra sinaga\', trip, NULL)) chandra,
                    COUNT(IF(driver=\'Doni\', trip, NULL)) Doni,
                    COUNT(IF(driver=\'Dafrizal\', trip, NULL)) Dafrizal,
                    COUNT(IF(driver=\'Herian\', trip, NULL)) Herian
                        FROM tblmas_tip_tracking
			                WHERE month(tgl)=03 AND year(tgl)=2023 GROUP BY tgl')
 5 APPPATH\Controllers\Tip.php(261): App\Models\TipModel->getreportbyMonth('03', '2023')
 6 SYSTEMPATH\CodeIgniter.php(904): App\Controllers\Tip->printPDF()
 7 SYSTEMPATH\CodeIgniter.php(457): CodeIgniter\CodeIgniter->runController(Object(App\Controllers\Tip))
 8 SYSTEMPATH\CodeIgniter.php(340): CodeIgniter\CodeIgniter->handleRequest(null, Object(Config\Cache), false)
 9 FCPATH\index.php(67): CodeIgniter\CodeIgniter->run()
10 SYSTEMPATH\Commands\Server\rewrite.php(43): require_once('FCPATH\\index.php')
ERROR - 2023-03-13 23:22:25 --> mysqli_sql_exception: You have an error in your SQL syntax; check the manual that corresponds to your MariaDB server version for the right syntax to use near 'COUNT(IF(driver='Chandra sinaga', trip, NULL)) chandra,
                    ...' at line 2 in C:\xampp\htdocs\tracking\system\Database\MySQLi\Connection.php:292
Stack trace:
#0 C:\xampp\htdocs\tracking\system\Database\MySQLi\Connection.php(292): mysqli->query('SELECT tgl, tri...', 0)
#1 C:\xampp\htdocs\tracking\system\Database\BaseConnection.php(693): CodeIgniter\Database\MySQLi\Connection->execute('SELECT tgl, tri...')
#2 C:\xampp\htdocs\tracking\system\Database\BaseConnection.php(620): CodeIgniter\Database\BaseConnection->simpleQuery('SELECT tgl, tri...')
#3 C:\xampp\htdocs\tracking\app\Models\TipModel.php(134): CodeIgniter\Database\BaseConnection->query('SELECT tgl, tri...')
#4 C:\xampp\htdocs\tracking\app\Controllers\Tip.php(261): App\Models\TipModel->getreportbyMonth('03', '2023')
#5 C:\xampp\htdocs\tracking\system\CodeIgniter.php(904): App\Controllers\Tip->printPDF()
#6 C:\xampp\htdocs\tracking\system\CodeIgniter.php(457): CodeIgniter\CodeIgniter->runController(Object(App\Controllers\Tip))
#7 C:\xampp\htdocs\tracking\system\CodeIgniter.php(340): CodeIgniter\CodeIgniter->handleRequest(NULL, Object(Config\Cache), false)
#8 C:\xampp\htdocs\tracking\public\index.php(67): CodeIgniter\CodeIgniter->run()
#9 C:\xampp\htdocs\tracking\system\Commands\Server\rewrite.php(43): require_once('C:\\xampp\\htdocs...')
#10 {main}
CRITICAL - 2023-03-13 23:22:25 --> You have an error in your SQL syntax; check the manual that corresponds to your MariaDB server version for the right syntax to use near 'COUNT(IF(driver='Chandra sinaga', trip, NULL)) chandra,
                    ...' at line 2
in SYSTEMPATH\Database\MySQLi\Connection.php on line 292.
 1 SYSTEMPATH\Database\MySQLi\Connection.php(292): mysqli->query('SELECT tgl, trip
                    COUNT(IF(driver=\'Chandra sinaga\', trip, NULL)) chandra,
                    COUNT(IF(driver=\'Doni\', trip, NULL)) doni,
                    COUNT(IF(driver=\'Dafrizal\', trip, NULL)) dafrizal,
                    COUNT(IF(driver=\'Herian\', trip, NULL)) herian
                        FROM tblmas_tip_tracking
			                WHERE month(tgl)=03 AND year(tgl)=2023 GROUP BY tgl', 0)
 2 SYSTEMPATH\Database\BaseConnection.php(693): CodeIgniter\Database\MySQLi\Connection->execute('SELECT tgl, trip
                    COUNT(IF(driver=\'Chandra sinaga\', trip, NULL)) chandra,
                    COUNT(IF(driver=\'Doni\', trip, NULL)) doni,
                    COUNT(IF(driver=\'Dafrizal\', trip, NULL)) dafrizal,
                    COUNT(IF(driver=\'Herian\', trip, NULL)) herian
                        FROM tblmas_tip_tracking
			                WHERE month(tgl)=03 AND year(tgl)=2023 GROUP BY tgl')
 3 SYSTEMPATH\Database\BaseConnection.php(620): CodeIgniter\Database\BaseConnection->simpleQuery('SELECT tgl, trip
                    COUNT(IF(driver=\'Chandra sinaga\', trip, NULL)) chandra,
                    COUNT(IF(driver=\'Doni\', trip, NULL)) doni,
                    COUNT(IF(driver=\'Dafrizal\', trip, NULL)) dafrizal,
                    COUNT(IF(driver=\'Herian\', trip, NULL)) herian
                        FROM tblmas_tip_tracking
			                WHERE month(tgl)=03 AND year(tgl)=2023 GROUP BY tgl')
 4 APPPATH\Models\TipModel.php(134): CodeIgniter\Database\BaseConnection->query('SELECT tgl, trip
                    COUNT(IF(driver=\'Chandra sinaga\', trip, NULL)) chandra,
                    COUNT(IF(driver=\'Doni\', trip, NULL)) doni,
                    COUNT(IF(driver=\'Dafrizal\', trip, NULL)) dafrizal,
                    COUNT(IF(driver=\'Herian\', trip, NULL)) herian
                        FROM tblmas_tip_tracking
			                WHERE month(tgl)=03 AND year(tgl)=2023 GROUP BY tgl')
 5 APPPATH\Controllers\Tip.php(261): App\Models\TipModel->getreportbyMonth('03', '2023')
 6 SYSTEMPATH\CodeIgniter.php(904): App\Controllers\Tip->printPDF()
 7 SYSTEMPATH\CodeIgniter.php(457): CodeIgniter\CodeIgniter->runController(Object(App\Controllers\Tip))
 8 SYSTEMPATH\CodeIgniter.php(340): CodeIgniter\CodeIgniter->handleRequest(null, Object(Config\Cache), false)
 9 FCPATH\index.php(67): CodeIgniter\CodeIgniter->run()
10 SYSTEMPATH\Commands\Server\rewrite.php(43): require_once('FCPATH\\index.php')
ERROR - 2023-03-13 23:23:40 --> mysqli_sql_exception: You have an error in your SQL syntax; check the manual that corresponds to your MariaDB server version for the right syntax to use near 'COUNT(IF(driver='Chandra sinaga', trip, NULL)) chandra,
                    ...' at line 2 in C:\xampp\htdocs\tracking\system\Database\MySQLi\Connection.php:292
Stack trace:
#0 C:\xampp\htdocs\tracking\system\Database\MySQLi\Connection.php(292): mysqli->query('SELECT tgl, tri...', 0)
#1 C:\xampp\htdocs\tracking\system\Database\BaseConnection.php(693): CodeIgniter\Database\MySQLi\Connection->execute('SELECT tgl, tri...')
#2 C:\xampp\htdocs\tracking\system\Database\BaseConnection.php(620): CodeIgniter\Database\BaseConnection->simpleQuery('SELECT tgl, tri...')
#3 C:\xampp\htdocs\tracking\app\Models\TipModel.php(134): CodeIgniter\Database\BaseConnection->query('SELECT tgl, tri...')
#4 C:\xampp\htdocs\tracking\app\Controllers\Tip.php(261): App\Models\TipModel->getreportbyMonth('03', '2023')
#5 C:\xampp\htdocs\tracking\system\CodeIgniter.php(904): App\Controllers\Tip->printPDF()
#6 C:\xampp\htdocs\tracking\system\CodeIgniter.php(457): CodeIgniter\CodeIgniter->runController(Object(App\Controllers\Tip))
#7 C:\xampp\htdocs\tracking\system\CodeIgniter.php(340): CodeIgniter\CodeIgniter->handleRequest(NULL, Object(Config\Cache), false)
#8 C:\xampp\htdocs\tracking\public\index.php(67): CodeIgniter\CodeIgniter->run()
#9 C:\xampp\htdocs\tracking\system\Commands\Server\rewrite.php(43): require_once('C:\\xampp\\htdocs...')
#10 {main}
CRITICAL - 2023-03-13 23:23:40 --> You have an error in your SQL syntax; check the manual that corresponds to your MariaDB server version for the right syntax to use near 'COUNT(IF(driver='Chandra sinaga', trip, NULL)) chandra,
                    ...' at line 2
in SYSTEMPATH\Database\MySQLi\Connection.php on line 292.
 1 SYSTEMPATH\Database\MySQLi\Connection.php(292): mysqli->query('SELECT tgl, trip
                    COUNT(IF(driver=\'Chandra sinaga\', trip, NULL)) chandra,
                    COUNT(IF(driver=\'Doni\', trip, NULL)) doni,
                    COUNT(IF(driver=\'Dafrizal\', trip, NULL)) dafrizal,
                    COUNT(IF(driver=\'Herian\', trip, NULL)) herian
                        FROM tblmas_tip_tracking
			                WHERE month(tgl)=03 AND year(tgl)=2023 GROUP BY tgl', 0)
 2 SYSTEMPATH\Database\BaseConnection.php(693): CodeIgniter\Database\MySQLi\Connection->execute('SELECT tgl, trip
                    COUNT(IF(driver=\'Chandra sinaga\', trip, NULL)) chandra,
                    COUNT(IF(driver=\'Doni\', trip, NULL)) doni,
                    COUNT(IF(driver=\'Dafrizal\', trip, NULL)) dafrizal,
                    COUNT(IF(driver=\'Herian\', trip, NULL)) herian
                        FROM tblmas_tip_tracking
			                WHERE month(tgl)=03 AND year(tgl)=2023 GROUP BY tgl')
 3 SYSTEMPATH\Database\BaseConnection.php(620): CodeIgniter\Database\BaseConnection->simpleQuery('SELECT tgl, trip
                    COUNT(IF(driver=\'Chandra sinaga\', trip, NULL)) chandra,
                    COUNT(IF(driver=\'Doni\', trip, NULL)) doni,
                    COUNT(IF(driver=\'Dafrizal\', trip, NULL)) dafrizal,
                    COUNT(IF(driver=\'Herian\', trip, NULL)) herian
                        FROM tblmas_tip_tracking
			                WHERE month(tgl)=03 AND year(tgl)=2023 GROUP BY tgl')
 4 APPPATH\Models\TipModel.php(134): CodeIgniter\Database\BaseConnection->query('SELECT tgl, trip
                    COUNT(IF(driver=\'Chandra sinaga\', trip, NULL)) chandra,
                    COUNT(IF(driver=\'Doni\', trip, NULL)) doni,
                    COUNT(IF(driver=\'Dafrizal\', trip, NULL)) dafrizal,
                    COUNT(IF(driver=\'Herian\', trip, NULL)) herian
                        FROM tblmas_tip_tracking
			                WHERE month(tgl)=03 AND year(tgl)=2023 GROUP BY tgl')
 5 APPPATH\Controllers\Tip.php(261): App\Models\TipModel->getreportbyMonth('03', '2023')
 6 SYSTEMPATH\CodeIgniter.php(904): App\Controllers\Tip->printPDF()
 7 SYSTEMPATH\CodeIgniter.php(457): CodeIgniter\CodeIgniter->runController(Object(App\Controllers\Tip))
 8 SYSTEMPATH\CodeIgniter.php(340): CodeIgniter\CodeIgniter->handleRequest(null, Object(Config\Cache), false)
 9 FCPATH\index.php(67): CodeIgniter\CodeIgniter->run()
10 SYSTEMPATH\Commands\Server\rewrite.php(43): require_once('FCPATH\\index.php')
CRITICAL - 2023-03-13 23:23:57 --> Illegal string offset 'tgl'
in APPPATH\Views\Tip_tracking\report_list_tip.php on line 77.
 1 APPPATH\Views\Tip_tracking\report_list_tip.php(77): CodeIgniter\Debug\Exceptions->errorHandler(2, 'Illegal string offset \'tgl\'', 'APPPATH\\Views\\Tip_tracking\\report_list_tip.php', 77, [...])
 2 SYSTEMPATH\View\View.php(213): include('APPPATH\\Views\\Tip_tracking\\report_list_tip.php')
 3 SYSTEMPATH\View\View.php(216): CodeIgniter\View\View->CodeIgniter\View\{closure}()
 4 SYSTEMPATH\Common.php(1137): CodeIgniter\View\View->render('Tip_tracking/report_list_tip', [], true)
 5 APPPATH\Controllers\Tip.php(266): view('Tip_tracking/report_list_tip', [...])
 6 SYSTEMPATH\CodeIgniter.php(904): App\Controllers\Tip->printPDF()
 7 SYSTEMPATH\CodeIgniter.php(457): CodeIgniter\CodeIgniter->runController(Object(App\Controllers\Tip))
 8 SYSTEMPATH\CodeIgniter.php(340): CodeIgniter\CodeIgniter->handleRequest(null, Object(Config\Cache), false)
 9 FCPATH\index.php(67): CodeIgniter\CodeIgniter->run()
10 SYSTEMPATH\Commands\Server\rewrite.php(43): require_once('FCPATH\\index.php')
CRITICAL - 2023-03-13 23:52:38 --> Wrong parameter count for number_format()
in APPPATH\Views\Tip_tracking\report_list_tip.php on line 83.
 1 [internal function]: CodeIgniter\Debug\Exceptions->errorHandler(2, 'Wrong parameter count for number_format()', 'APPPATH\\Views\\Tip_tracking\\report_list_tip.php', 83, [...])
 2 APPPATH\Views\Tip_tracking\report_list_tip.php(83): number_format('18400', 2, 'ROOTPATH\\public')
 3 SYSTEMPATH\View\View.php(213): include('APPPATH\\Views\\Tip_tracking\\report_list_tip.php')
 4 SYSTEMPATH\View\View.php(216): CodeIgniter\View\View->CodeIgniter\View\{closure}()
 5 SYSTEMPATH\Common.php(1137): CodeIgniter\View\View->render('Tip_tracking/report_list_tip', [], true)
 6 APPPATH\Controllers\Tip.php(266): view('Tip_tracking/report_list_tip', [...])
 7 SYSTEMPATH\CodeIgniter.php(904): App\Controllers\Tip->printPDF()
 8 SYSTEMPATH\CodeIgniter.php(457): CodeIgniter\CodeIgniter->runController(Object(App\Controllers\Tip))
 9 SYSTEMPATH\CodeIgniter.php(340): CodeIgniter\CodeIgniter->handleRequest(null, Object(Config\Cache), false)
10 FCPATH\index.php(67): CodeIgniter\CodeIgniter->run()
11 SYSTEMPATH\Commands\Server\rewrite.php(43): require_once('FCPATH\\index.php')
CRITICAL - 2023-03-13 23:52:59 --> number_format() expects parameter 2 to be int, string given
in APPPATH\Views\Tip_tracking\report_list_tip.php on line 83.
 1 [internal function]: CodeIgniter\Debug\Exceptions->errorHandler(2, 'number_format() expects parameter 2 to be int, string given', 'APPPATH\\Views\\Tip_tracking\\report_list_tip.php', 83, [...])
 2 APPPATH\Views\Tip_tracking\report_list_tip.php(83): number_format('18400', 'ROOTPATH\\public', ',')
 3 SYSTEMPATH\View\View.php(213): include('APPPATH\\Views\\Tip_tracking\\report_list_tip.php')
 4 SYSTEMPATH\View\View.php(216): CodeIgniter\View\View->CodeIgniter\View\{closure}()
 5 SYSTEMPATH\Common.php(1137): CodeIgniter\View\View->render('Tip_tracking/report_list_tip', [], true)
 6 APPPATH\Controllers\Tip.php(266): view('Tip_tracking/report_list_tip', [...])
 7 SYSTEMPATH\CodeIgniter.php(904): App\Controllers\Tip->printPDF()
 8 SYSTEMPATH\CodeIgniter.php(457): CodeIgniter\CodeIgniter->runController(Object(App\Controllers\Tip))
 9 SYSTEMPATH\CodeIgniter.php(340): CodeIgniter\CodeIgniter->handleRequest(null, Object(Config\Cache), false)
10 FCPATH\index.php(67): CodeIgniter\CodeIgniter->run()
11 SYSTEMPATH\Commands\Server\rewrite.php(43): require_once('FCPATH\\index.php')
