CRITICAL - 2022-10-21 01:07:30 --> A non well formed numeric value encountered
in APPPATH\Views\schedule_eps\planner\list_schedule.php on line 107.
 1 APPPATH\Views\schedule_eps\planner\list_schedule.php(107): CodeIgniter\Debug\Exceptions->errorHandler(8, 'A non well formed numeric value encountered', 'APPPATH\\Views\\schedule_eps\\planner\\list_schedule.php', 107, [...])
 2 SYSTEMPATH\View\View.php(213): include('APPPATH\\Views\\schedule_eps\\planner\\list_schedule.php')
 3 SYSTEMPATH\View\View.php(216): CodeIgniter\View\View->CodeIgniter\View\{closure}()
 4 SYSTEMPATH\Common.php(1137): CodeIgniter\View\View->render('schedule_eps/planner/list_schedule', [], true)
 5 APPPATH\Controllers\Schedule.php(35): view('schedule_eps/planner/list_schedule', [...])
 6 SYSTEMPATH\CodeIgniter.php(904): App\Controllers\Schedule->viewform()
 7 SYSTEMPATH\CodeIgniter.php(457): CodeIgniter\CodeIgniter->runController(Object(App\Controllers\Schedule))
 8 SYSTEMPATH\CodeIgniter.php(340): CodeIgniter\CodeIgniter->handleRequest(null, Object(Config\Cache), false)
 9 FCPATH\index.php(67): CodeIgniter\CodeIgniter->run()
CRITICAL - 2022-10-21 01:11:31 --> A non well formed numeric value encountered
in APPPATH\Views\schedule_eps\planner\list_schedule.php on line 107.
 1 APPPATH\Views\schedule_eps\planner\list_schedule.php(107): CodeIgniter\Debug\Exceptions->errorHandler(8, 'A non well formed numeric value encountered', 'APPPATH\\Views\\schedule_eps\\planner\\list_schedule.php', 107, [...])
 2 SYSTEMPATH\View\View.php(213): include('APPPATH\\Views\\schedule_eps\\planner\\list_schedule.php')
 3 SYSTEMPATH\View\View.php(216): CodeIgniter\View\View->CodeIgniter\View\{closure}()
 4 SYSTEMPATH\Common.php(1137): CodeIgniter\View\View->render('schedule_eps/planner/list_schedule', [], true)
 5 APPPATH\Controllers\Schedule.php(35): view('schedule_eps/planner/list_schedule', [...])
 6 SYSTEMPATH\CodeIgniter.php(904): App\Controllers\Schedule->viewform()
 7 SYSTEMPATH\CodeIgniter.php(457): CodeIgniter\CodeIgniter->runController(Object(App\Controllers\Schedule))
 8 SYSTEMPATH\CodeIgniter.php(340): CodeIgniter\CodeIgniter->handleRequest(null, Object(Config\Cache), false)
 9 FCPATH\index.php(67): CodeIgniter\CodeIgniter->run()
CRITICAL - 2022-10-21 01:13:07 --> A non well formed numeric value encountered
in APPPATH\Views\schedule_eps\planner\list_schedule.php on line 107.
 1 APPPATH\Views\schedule_eps\planner\list_schedule.php(107): CodeIgniter\Debug\Exceptions->errorHandler(8, 'A non well formed numeric value encountered', 'APPPATH\\Views\\schedule_eps\\planner\\list_schedule.php', 107, [...])
 2 SYSTEMPATH\View\View.php(213): include('APPPATH\\Views\\schedule_eps\\planner\\list_schedule.php')
 3 SYSTEMPATH\View\View.php(216): CodeIgniter\View\View->CodeIgniter\View\{closure}()
 4 SYSTEMPATH\Common.php(1137): CodeIgniter\View\View->render('schedule_eps/planner/list_schedule', [], true)
 5 APPPATH\Controllers\Schedule.php(35): view('schedule_eps/planner/list_schedule', [...])
 6 SYSTEMPATH\CodeIgniter.php(904): App\Controllers\Schedule->viewform()
 7 SYSTEMPATH\CodeIgniter.php(457): CodeIgniter\CodeIgniter->runController(Object(App\Controllers\Schedule))
 8 SYSTEMPATH\CodeIgniter.php(340): CodeIgniter\CodeIgniter->handleRequest(null, Object(Config\Cache), false)
 9 FCPATH\index.php(67): CodeIgniter\CodeIgniter->run()
CRITICAL - 2022-10-21 01:13:08 --> A non well formed numeric value encountered
in APPPATH\Views\schedule_eps\planner\list_schedule.php on line 107.
 1 APPPATH\Views\schedule_eps\planner\list_schedule.php(107): CodeIgniter\Debug\Exceptions->errorHandler(8, 'A non well formed numeric value encountered', 'APPPATH\\Views\\schedule_eps\\planner\\list_schedule.php', 107, [...])
 2 SYSTEMPATH\View\View.php(213): include('APPPATH\\Views\\schedule_eps\\planner\\list_schedule.php')
 3 SYSTEMPATH\View\View.php(216): CodeIgniter\View\View->CodeIgniter\View\{closure}()
 4 SYSTEMPATH\Common.php(1137): CodeIgniter\View\View->render('schedule_eps/planner/list_schedule', [], true)
 5 APPPATH\Controllers\Schedule.php(35): view('schedule_eps/planner/list_schedule', [...])
 6 SYSTEMPATH\CodeIgniter.php(904): App\Controllers\Schedule->viewform()
 7 SYSTEMPATH\CodeIgniter.php(457): CodeIgniter\CodeIgniter->runController(Object(App\Controllers\Schedule))
 8 SYSTEMPATH\CodeIgniter.php(340): CodeIgniter\CodeIgniter->handleRequest(null, Object(Config\Cache), false)
 9 FCPATH\index.php(67): CodeIgniter\CodeIgniter->run()
CRITICAL - 2022-10-21 01:13:10 --> A non well formed numeric value encountered
in APPPATH\Views\schedule_eps\planner\list_schedule.php on line 107.
 1 APPPATH\Views\schedule_eps\planner\list_schedule.php(107): CodeIgniter\Debug\Exceptions->errorHandler(8, 'A non well formed numeric value encountered', 'APPPATH\\Views\\schedule_eps\\planner\\list_schedule.php', 107, [...])
 2 SYSTEMPATH\View\View.php(213): include('APPPATH\\Views\\schedule_eps\\planner\\list_schedule.php')
 3 SYSTEMPATH\View\View.php(216): CodeIgniter\View\View->CodeIgniter\View\{closure}()
 4 SYSTEMPATH\Common.php(1137): CodeIgniter\View\View->render('schedule_eps/planner/list_schedule', [], true)
 5 APPPATH\Controllers\Schedule.php(35): view('schedule_eps/planner/list_schedule', [...])
 6 SYSTEMPATH\CodeIgniter.php(904): App\Controllers\Schedule->viewform()
 7 SYSTEMPATH\CodeIgniter.php(457): CodeIgniter\CodeIgniter->runController(Object(App\Controllers\Schedule))
 8 SYSTEMPATH\CodeIgniter.php(340): CodeIgniter\CodeIgniter->handleRequest(null, Object(Config\Cache), false)
 9 FCPATH\index.php(67): CodeIgniter\CodeIgniter->run()
CRITICAL - 2022-10-21 01:14:01 --> A non well formed numeric value encountered
in APPPATH\Views\schedule_eps\planner\list_schedule.php on line 107.
 1 APPPATH\Views\schedule_eps\planner\list_schedule.php(107): CodeIgniter\Debug\Exceptions->errorHandler(8, 'A non well formed numeric value encountered', 'APPPATH\\Views\\schedule_eps\\planner\\list_schedule.php', 107, [...])
 2 SYSTEMPATH\View\View.php(213): include('APPPATH\\Views\\schedule_eps\\planner\\list_schedule.php')
 3 SYSTEMPATH\View\View.php(216): CodeIgniter\View\View->CodeIgniter\View\{closure}()
 4 SYSTEMPATH\Common.php(1137): CodeIgniter\View\View->render('schedule_eps/planner/list_schedule', [], true)
 5 APPPATH\Controllers\Schedule.php(35): view('schedule_eps/planner/list_schedule', [...])
 6 SYSTEMPATH\CodeIgniter.php(904): App\Controllers\Schedule->viewform()
 7 SYSTEMPATH\CodeIgniter.php(457): CodeIgniter\CodeIgniter->runController(Object(App\Controllers\Schedule))
 8 SYSTEMPATH\CodeIgniter.php(340): CodeIgniter\CodeIgniter->handleRequest(null, Object(Config\Cache), false)
 9 FCPATH\index.php(67): CodeIgniter\CodeIgniter->run()
CRITICAL - 2022-10-21 01:14:02 --> A non well formed numeric value encountered
in APPPATH\Views\schedule_eps\planner\list_schedule.php on line 107.
 1 APPPATH\Views\schedule_eps\planner\list_schedule.php(107): CodeIgniter\Debug\Exceptions->errorHandler(8, 'A non well formed numeric value encountered', 'APPPATH\\Views\\schedule_eps\\planner\\list_schedule.php', 107, [...])
 2 SYSTEMPATH\View\View.php(213): include('APPPATH\\Views\\schedule_eps\\planner\\list_schedule.php')
 3 SYSTEMPATH\View\View.php(216): CodeIgniter\View\View->CodeIgniter\View\{closure}()
 4 SYSTEMPATH\Common.php(1137): CodeIgniter\View\View->render('schedule_eps/planner/list_schedule', [], true)
 5 APPPATH\Controllers\Schedule.php(35): view('schedule_eps/planner/list_schedule', [...])
 6 SYSTEMPATH\CodeIgniter.php(904): App\Controllers\Schedule->viewform()
 7 SYSTEMPATH\CodeIgniter.php(457): CodeIgniter\CodeIgniter->runController(Object(App\Controllers\Schedule))
 8 SYSTEMPATH\CodeIgniter.php(340): CodeIgniter\CodeIgniter->handleRequest(null, Object(Config\Cache), false)
 9 FCPATH\index.php(67): CodeIgniter\CodeIgniter->run()
CRITICAL - 2022-10-21 01:14:43 --> A non well formed numeric value encountered
in APPPATH\Views\schedule_eps\planner\list_schedule.php on line 107.
 1 APPPATH\Views\schedule_eps\planner\list_schedule.php(107): CodeIgniter\Debug\Exceptions->errorHandler(8, 'A non well formed numeric value encountered', 'APPPATH\\Views\\schedule_eps\\planner\\list_schedule.php', 107, [...])
 2 SYSTEMPATH\View\View.php(213): include('APPPATH\\Views\\schedule_eps\\planner\\list_schedule.php')
 3 SYSTEMPATH\View\View.php(216): CodeIgniter\View\View->CodeIgniter\View\{closure}()
 4 SYSTEMPATH\Common.php(1137): CodeIgniter\View\View->render('schedule_eps/planner/list_schedule', [], true)
 5 APPPATH\Controllers\Schedule.php(35): view('schedule_eps/planner/list_schedule', [...])
 6 SYSTEMPATH\CodeIgniter.php(904): App\Controllers\Schedule->viewform()
 7 SYSTEMPATH\CodeIgniter.php(457): CodeIgniter\CodeIgniter->runController(Object(App\Controllers\Schedule))
 8 SYSTEMPATH\CodeIgniter.php(340): CodeIgniter\CodeIgniter->handleRequest(null, Object(Config\Cache), false)
 9 FCPATH\index.php(67): CodeIgniter\CodeIgniter->run()
CRITICAL - 2022-10-21 01:15:02 --> A non well formed numeric value encountered
in APPPATH\Views\schedule_eps\planner\list_schedule.php on line 107.
 1 APPPATH\Views\schedule_eps\planner\list_schedule.php(107): CodeIgniter\Debug\Exceptions->errorHandler(8, 'A non well formed numeric value encountered', 'APPPATH\\Views\\schedule_eps\\planner\\list_schedule.php', 107, [...])
 2 SYSTEMPATH\View\View.php(213): include('APPPATH\\Views\\schedule_eps\\planner\\list_schedule.php')
 3 SYSTEMPATH\View\View.php(216): CodeIgniter\View\View->CodeIgniter\View\{closure}()
 4 SYSTEMPATH\Common.php(1137): CodeIgniter\View\View->render('schedule_eps/planner/list_schedule', [], true)
 5 APPPATH\Controllers\Schedule.php(35): view('schedule_eps/planner/list_schedule', [...])
 6 SYSTEMPATH\CodeIgniter.php(904): App\Controllers\Schedule->viewform()
 7 SYSTEMPATH\CodeIgniter.php(457): CodeIgniter\CodeIgniter->runController(Object(App\Controllers\Schedule))
 8 SYSTEMPATH\CodeIgniter.php(340): CodeIgniter\CodeIgniter->handleRequest(null, Object(Config\Cache), false)
 9 FCPATH\index.php(67): CodeIgniter\CodeIgniter->run()
CRITICAL - 2022-10-21 01:15:03 --> A non well formed numeric value encountered
in APPPATH\Views\schedule_eps\planner\list_schedule.php on line 107.
 1 APPPATH\Views\schedule_eps\planner\list_schedule.php(107): CodeIgniter\Debug\Exceptions->errorHandler(8, 'A non well formed numeric value encountered', 'APPPATH\\Views\\schedule_eps\\planner\\list_schedule.php', 107, [...])
 2 SYSTEMPATH\View\View.php(213): include('APPPATH\\Views\\schedule_eps\\planner\\list_schedule.php')
 3 SYSTEMPATH\View\View.php(216): CodeIgniter\View\View->CodeIgniter\View\{closure}()
 4 SYSTEMPATH\Common.php(1137): CodeIgniter\View\View->render('schedule_eps/planner/list_schedule', [], true)
 5 APPPATH\Controllers\Schedule.php(35): view('schedule_eps/planner/list_schedule', [...])
 6 SYSTEMPATH\CodeIgniter.php(904): App\Controllers\Schedule->viewform()
 7 SYSTEMPATH\CodeIgniter.php(457): CodeIgniter\CodeIgniter->runController(Object(App\Controllers\Schedule))
 8 SYSTEMPATH\CodeIgniter.php(340): CodeIgniter\CodeIgniter->handleRequest(null, Object(Config\Cache), false)
 9 FCPATH\index.php(67): CodeIgniter\CodeIgniter->run()
CRITICAL - 2022-10-21 01:18:08 --> A non well formed numeric value encountered
in APPPATH\Views\schedule_eps\planner\list_schedule.php on line 107.
 1 APPPATH\Views\schedule_eps\planner\list_schedule.php(107): CodeIgniter\Debug\Exceptions->errorHandler(8, 'A non well formed numeric value encountered', 'APPPATH\\Views\\schedule_eps\\planner\\list_schedule.php', 107, [...])
 2 SYSTEMPATH\View\View.php(213): include('APPPATH\\Views\\schedule_eps\\planner\\list_schedule.php')
 3 SYSTEMPATH\View\View.php(216): CodeIgniter\View\View->CodeIgniter\View\{closure}()
 4 SYSTEMPATH\Common.php(1137): CodeIgniter\View\View->render('schedule_eps/planner/list_schedule', [], true)
 5 APPPATH\Controllers\Schedule.php(35): view('schedule_eps/planner/list_schedule', [...])
 6 SYSTEMPATH\CodeIgniter.php(904): App\Controllers\Schedule->viewform()
 7 SYSTEMPATH\CodeIgniter.php(457): CodeIgniter\CodeIgniter->runController(Object(App\Controllers\Schedule))
 8 SYSTEMPATH\CodeIgniter.php(340): CodeIgniter\CodeIgniter->handleRequest(null, Object(Config\Cache), false)
 9 FCPATH\index.php(67): CodeIgniter\CodeIgniter->run()
CRITICAL - 2022-10-21 01:18:09 --> A non well formed numeric value encountered
in APPPATH\Views\schedule_eps\planner\list_schedule.php on line 107.
 1 APPPATH\Views\schedule_eps\planner\list_schedule.php(107): CodeIgniter\Debug\Exceptions->errorHandler(8, 'A non well formed numeric value encountered', 'APPPATH\\Views\\schedule_eps\\planner\\list_schedule.php', 107, [...])
 2 SYSTEMPATH\View\View.php(213): include('APPPATH\\Views\\schedule_eps\\planner\\list_schedule.php')
 3 SYSTEMPATH\View\View.php(216): CodeIgniter\View\View->CodeIgniter\View\{closure}()
 4 SYSTEMPATH\Common.php(1137): CodeIgniter\View\View->render('schedule_eps/planner/list_schedule', [], true)
 5 APPPATH\Controllers\Schedule.php(35): view('schedule_eps/planner/list_schedule', [...])
 6 SYSTEMPATH\CodeIgniter.php(904): App\Controllers\Schedule->viewform()
 7 SYSTEMPATH\CodeIgniter.php(457): CodeIgniter\CodeIgniter->runController(Object(App\Controllers\Schedule))
 8 SYSTEMPATH\CodeIgniter.php(340): CodeIgniter\CodeIgniter->handleRequest(null, Object(Config\Cache), false)
 9 FCPATH\index.php(67): CodeIgniter\CodeIgniter->run()
CRITICAL - 2022-10-21 01:18:10 --> A non well formed numeric value encountered
in APPPATH\Views\schedule_eps\planner\list_schedule.php on line 107.
 1 APPPATH\Views\schedule_eps\planner\list_schedule.php(107): CodeIgniter\Debug\Exceptions->errorHandler(8, 'A non well formed numeric value encountered', 'APPPATH\\Views\\schedule_eps\\planner\\list_schedule.php', 107, [...])
 2 SYSTEMPATH\View\View.php(213): include('APPPATH\\Views\\schedule_eps\\planner\\list_schedule.php')
 3 SYSTEMPATH\View\View.php(216): CodeIgniter\View\View->CodeIgniter\View\{closure}()
 4 SYSTEMPATH\Common.php(1137): CodeIgniter\View\View->render('schedule_eps/planner/list_schedule', [], true)
 5 APPPATH\Controllers\Schedule.php(35): view('schedule_eps/planner/list_schedule', [...])
 6 SYSTEMPATH\CodeIgniter.php(904): App\Controllers\Schedule->viewform()
 7 SYSTEMPATH\CodeIgniter.php(457): CodeIgniter\CodeIgniter->runController(Object(App\Controllers\Schedule))
 8 SYSTEMPATH\CodeIgniter.php(340): CodeIgniter\CodeIgniter->handleRequest(null, Object(Config\Cache), false)
 9 FCPATH\index.php(67): CodeIgniter\CodeIgniter->run()
CRITICAL - 2022-10-21 01:18:48 --> A non well formed numeric value encountered
in APPPATH\Views\schedule_eps\planner\list_schedule.php on line 107.
 1 APPPATH\Views\schedule_eps\planner\list_schedule.php(107): CodeIgniter\Debug\Exceptions->errorHandler(8, 'A non well formed numeric value encountered', 'APPPATH\\Views\\schedule_eps\\planner\\list_schedule.php', 107, [...])
 2 SYSTEMPATH\View\View.php(213): include('APPPATH\\Views\\schedule_eps\\planner\\list_schedule.php')
 3 SYSTEMPATH\View\View.php(216): CodeIgniter\View\View->CodeIgniter\View\{closure}()
 4 SYSTEMPATH\Common.php(1137): CodeIgniter\View\View->render('schedule_eps/planner/list_schedule', [], true)
 5 APPPATH\Controllers\Schedule.php(35): view('schedule_eps/planner/list_schedule', [...])
 6 SYSTEMPATH\CodeIgniter.php(904): App\Controllers\Schedule->viewform()
 7 SYSTEMPATH\CodeIgniter.php(457): CodeIgniter\CodeIgniter->runController(Object(App\Controllers\Schedule))
 8 SYSTEMPATH\CodeIgniter.php(340): CodeIgniter\CodeIgniter->handleRequest(null, Object(Config\Cache), false)
 9 FCPATH\index.php(67): CodeIgniter\CodeIgniter->run()
CRITICAL - 2022-10-21 01:21:39 --> A non well formed numeric value encountered
in APPPATH\Views\schedule_eps\planner\list_schedule.php on line 108.
 1 APPPATH\Views\schedule_eps\planner\list_schedule.php(108): CodeIgniter\Debug\Exceptions->errorHandler(8, 'A non well formed numeric value encountered', 'APPPATH\\Views\\schedule_eps\\planner\\list_schedule.php', 108, [...])
 2 SYSTEMPATH\View\View.php(213): include('APPPATH\\Views\\schedule_eps\\planner\\list_schedule.php')
 3 SYSTEMPATH\View\View.php(216): CodeIgniter\View\View->CodeIgniter\View\{closure}()
 4 SYSTEMPATH\Common.php(1137): CodeIgniter\View\View->render('schedule_eps/planner/list_schedule', [], true)
 5 APPPATH\Controllers\Schedule.php(35): view('schedule_eps/planner/list_schedule', [...])
 6 SYSTEMPATH\CodeIgniter.php(904): App\Controllers\Schedule->viewform()
 7 SYSTEMPATH\CodeIgniter.php(457): CodeIgniter\CodeIgniter->runController(Object(App\Controllers\Schedule))
 8 SYSTEMPATH\CodeIgniter.php(340): CodeIgniter\CodeIgniter->handleRequest(null, Object(Config\Cache), false)
 9 FCPATH\index.php(67): CodeIgniter\CodeIgniter->run()
CRITICAL - 2022-10-21 01:21:47 --> A non well formed numeric value encountered
in APPPATH\Views\schedule_eps\planner\list_schedule.php on line 108.
 1 APPPATH\Views\schedule_eps\planner\list_schedule.php(108): CodeIgniter\Debug\Exceptions->errorHandler(8, 'A non well formed numeric value encountered', 'APPPATH\\Views\\schedule_eps\\planner\\list_schedule.php', 108, [...])
 2 SYSTEMPATH\View\View.php(213): include('APPPATH\\Views\\schedule_eps\\planner\\list_schedule.php')
 3 SYSTEMPATH\View\View.php(216): CodeIgniter\View\View->CodeIgniter\View\{closure}()
 4 SYSTEMPATH\Common.php(1137): CodeIgniter\View\View->render('schedule_eps/planner/list_schedule', [], true)
 5 APPPATH\Controllers\Schedule.php(35): view('schedule_eps/planner/list_schedule', [...])
 6 SYSTEMPATH\CodeIgniter.php(904): App\Controllers\Schedule->viewform()
 7 SYSTEMPATH\CodeIgniter.php(457): CodeIgniter\CodeIgniter->runController(Object(App\Controllers\Schedule))
 8 SYSTEMPATH\CodeIgniter.php(340): CodeIgniter\CodeIgniter->handleRequest(null, Object(Config\Cache), false)
 9 FCPATH\index.php(67): CodeIgniter\CodeIgniter->run()
CRITICAL - 2022-10-21 01:22:00 --> A non well formed numeric value encountered
in APPPATH\Views\schedule_eps\planner\list_schedule.php on line 157.
 1 APPPATH\Views\schedule_eps\planner\list_schedule.php(157): CodeIgniter\Debug\Exceptions->errorHandler(8, 'A non well formed numeric value encountered', 'APPPATH\\Views\\schedule_eps\\planner\\list_schedule.php', 157, [...])
 2 SYSTEMPATH\View\View.php(213): include('APPPATH\\Views\\schedule_eps\\planner\\list_schedule.php')
 3 SYSTEMPATH\View\View.php(216): CodeIgniter\View\View->CodeIgniter\View\{closure}()
 4 SYSTEMPATH\Common.php(1137): CodeIgniter\View\View->render('schedule_eps/planner/list_schedule', [], true)
 5 APPPATH\Controllers\Schedule.php(35): view('schedule_eps/planner/list_schedule', [...])
 6 SYSTEMPATH\CodeIgniter.php(904): App\Controllers\Schedule->viewform()
 7 SYSTEMPATH\CodeIgniter.php(457): CodeIgniter\CodeIgniter->runController(Object(App\Controllers\Schedule))
 8 SYSTEMPATH\CodeIgniter.php(340): CodeIgniter\CodeIgniter->handleRequest(null, Object(Config\Cache), false)
 9 FCPATH\index.php(67): CodeIgniter\CodeIgniter->run()
CRITICAL - 2022-10-21 01:22:45 --> A non well formed numeric value encountered
in APPPATH\Views\schedule_eps\planner\list_schedule.php on line 156.
 1 APPPATH\Views\schedule_eps\planner\list_schedule.php(156): CodeIgniter\Debug\Exceptions->errorHandler(8, 'A non well formed numeric value encountered', 'APPPATH\\Views\\schedule_eps\\planner\\list_schedule.php', 156, [...])
 2 SYSTEMPATH\View\View.php(213): include('APPPATH\\Views\\schedule_eps\\planner\\list_schedule.php')
 3 SYSTEMPATH\View\View.php(216): CodeIgniter\View\View->CodeIgniter\View\{closure}()
 4 SYSTEMPATH\Common.php(1137): CodeIgniter\View\View->render('schedule_eps/planner/list_schedule', [], true)
 5 APPPATH\Controllers\Schedule.php(35): view('schedule_eps/planner/list_schedule', [...])
 6 SYSTEMPATH\CodeIgniter.php(904): App\Controllers\Schedule->viewform()
 7 SYSTEMPATH\CodeIgniter.php(457): CodeIgniter\CodeIgniter->runController(Object(App\Controllers\Schedule))
 8 SYSTEMPATH\CodeIgniter.php(340): CodeIgniter\CodeIgniter->handleRequest(null, Object(Config\Cache), false)
 9 FCPATH\index.php(67): CodeIgniter\CodeIgniter->run()
CRITICAL - 2022-10-21 01:22:46 --> A non well formed numeric value encountered
in APPPATH\Views\schedule_eps\planner\list_schedule.php on line 156.
 1 APPPATH\Views\schedule_eps\planner\list_schedule.php(156): CodeIgniter\Debug\Exceptions->errorHandler(8, 'A non well formed numeric value encountered', 'APPPATH\\Views\\schedule_eps\\planner\\list_schedule.php', 156, [...])
 2 SYSTEMPATH\View\View.php(213): include('APPPATH\\Views\\schedule_eps\\planner\\list_schedule.php')
 3 SYSTEMPATH\View\View.php(216): CodeIgniter\View\View->CodeIgniter\View\{closure}()
 4 SYSTEMPATH\Common.php(1137): CodeIgniter\View\View->render('schedule_eps/planner/list_schedule', [], true)
 5 APPPATH\Controllers\Schedule.php(35): view('schedule_eps/planner/list_schedule', [...])
 6 SYSTEMPATH\CodeIgniter.php(904): App\Controllers\Schedule->viewform()
 7 SYSTEMPATH\CodeIgniter.php(457): CodeIgniter\CodeIgniter->runController(Object(App\Controllers\Schedule))
 8 SYSTEMPATH\CodeIgniter.php(340): CodeIgniter\CodeIgniter->handleRequest(null, Object(Config\Cache), false)
 9 FCPATH\index.php(67): CodeIgniter\CodeIgniter->run()
CRITICAL - 2022-10-21 01:31:28 --> Cannot redeclare changemold() (previously declared in C:\xampp\htdocs\schedule\app\Views\schedule_eps\planner\list_schedule.php:90)
in APPPATH\Views\schedule_eps\planner\list_schedule.php on line 90.
 1 [internal function]: CodeIgniter\Debug\Exceptions->shutdownHandler()
CRITICAL - 2022-10-21 01:36:56 --> A non well formed numeric value encountered
in APPPATH\Views\schedule_eps\planner\list_schedule.php on line 107.
 1 APPPATH\Views\schedule_eps\planner\list_schedule.php(107): CodeIgniter\Debug\Exceptions->errorHandler(8, 'A non well formed numeric value encountered', 'APPPATH\\Views\\schedule_eps\\planner\\list_schedule.php', 107, [...])
 2 SYSTEMPATH\View\View.php(213): include('APPPATH\\Views\\schedule_eps\\planner\\list_schedule.php')
 3 SYSTEMPATH\View\View.php(216): CodeIgniter\View\View->CodeIgniter\View\{closure}()
 4 SYSTEMPATH\Common.php(1137): CodeIgniter\View\View->render('schedule_eps/planner/list_schedule', [], true)
 5 APPPATH\Controllers\Schedule.php(35): view('schedule_eps/planner/list_schedule', [...])
 6 SYSTEMPATH\CodeIgniter.php(904): App\Controllers\Schedule->viewform()
 7 SYSTEMPATH\CodeIgniter.php(457): CodeIgniter\CodeIgniter->runController(Object(App\Controllers\Schedule))
 8 SYSTEMPATH\CodeIgniter.php(340): CodeIgniter\CodeIgniter->handleRequest(null, Object(Config\Cache), false)
 9 FCPATH\index.php(67): CodeIgniter\CodeIgniter->run()
CRITICAL - 2022-10-21 01:41:56 --> A non well formed numeric value encountered
in APPPATH\Views\schedule_eps\planner\list_schedule.php on line 107.
 1 APPPATH\Views\schedule_eps\planner\list_schedule.php(107): CodeIgniter\Debug\Exceptions->errorHandler(8, 'A non well formed numeric value encountered', 'APPPATH\\Views\\schedule_eps\\planner\\list_schedule.php', 107, [...])
 2 SYSTEMPATH\View\View.php(213): include('APPPATH\\Views\\schedule_eps\\planner\\list_schedule.php')
 3 SYSTEMPATH\View\View.php(216): CodeIgniter\View\View->CodeIgniter\View\{closure}()
 4 SYSTEMPATH\Common.php(1137): CodeIgniter\View\View->render('schedule_eps/planner/list_schedule', [], true)
 5 APPPATH\Controllers\Schedule.php(35): view('schedule_eps/planner/list_schedule', [...])
 6 SYSTEMPATH\CodeIgniter.php(904): App\Controllers\Schedule->viewform()
 7 SYSTEMPATH\CodeIgniter.php(457): CodeIgniter\CodeIgniter->runController(Object(App\Controllers\Schedule))
 8 SYSTEMPATH\CodeIgniter.php(340): CodeIgniter\CodeIgniter->handleRequest(null, Object(Config\Cache), false)
 9 FCPATH\index.php(67): CodeIgniter\CodeIgniter->run()
CRITICAL - 2022-10-21 01:44:47 --> A non well formed numeric value encountered
in APPPATH\Views\schedule_eps\planner\list_schedule.php on line 107.
 1 APPPATH\Views\schedule_eps\planner\list_schedule.php(107): CodeIgniter\Debug\Exceptions->errorHandler(8, 'A non well formed numeric value encountered', 'APPPATH\\Views\\schedule_eps\\planner\\list_schedule.php', 107, [...])
 2 SYSTEMPATH\View\View.php(213): include('APPPATH\\Views\\schedule_eps\\planner\\list_schedule.php')
 3 SYSTEMPATH\View\View.php(216): CodeIgniter\View\View->CodeIgniter\View\{closure}()
 4 SYSTEMPATH\Common.php(1137): CodeIgniter\View\View->render('schedule_eps/planner/list_schedule', [], true)
 5 APPPATH\Controllers\Schedule.php(35): view('schedule_eps/planner/list_schedule', [...])
 6 SYSTEMPATH\CodeIgniter.php(904): App\Controllers\Schedule->viewform()
 7 SYSTEMPATH\CodeIgniter.php(457): CodeIgniter\CodeIgniter->runController(Object(App\Controllers\Schedule))
 8 SYSTEMPATH\CodeIgniter.php(340): CodeIgniter\CodeIgniter->handleRequest(null, Object(Config\Cache), false)
 9 FCPATH\index.php(67): CodeIgniter\CodeIgniter->run()
CRITICAL - 2022-10-21 01:44:48 --> A non well formed numeric value encountered
in APPPATH\Views\schedule_eps\planner\list_schedule.php on line 107.
 1 APPPATH\Views\schedule_eps\planner\list_schedule.php(107): CodeIgniter\Debug\Exceptions->errorHandler(8, 'A non well formed numeric value encountered', 'APPPATH\\Views\\schedule_eps\\planner\\list_schedule.php', 107, [...])
 2 SYSTEMPATH\View\View.php(213): include('APPPATH\\Views\\schedule_eps\\planner\\list_schedule.php')
 3 SYSTEMPATH\View\View.php(216): CodeIgniter\View\View->CodeIgniter\View\{closure}()
 4 SYSTEMPATH\Common.php(1137): CodeIgniter\View\View->render('schedule_eps/planner/list_schedule', [], true)
 5 APPPATH\Controllers\Schedule.php(35): view('schedule_eps/planner/list_schedule', [...])
 6 SYSTEMPATH\CodeIgniter.php(904): App\Controllers\Schedule->viewform()
 7 SYSTEMPATH\CodeIgniter.php(457): CodeIgniter\CodeIgniter->runController(Object(App\Controllers\Schedule))
 8 SYSTEMPATH\CodeIgniter.php(340): CodeIgniter\CodeIgniter->handleRequest(null, Object(Config\Cache), false)
 9 FCPATH\index.php(67): CodeIgniter\CodeIgniter->run()
CRITICAL - 2022-10-21 01:44:49 --> A non well formed numeric value encountered
in APPPATH\Views\schedule_eps\planner\list_schedule.php on line 107.
 1 APPPATH\Views\schedule_eps\planner\list_schedule.php(107): CodeIgniter\Debug\Exceptions->errorHandler(8, 'A non well formed numeric value encountered', 'APPPATH\\Views\\schedule_eps\\planner\\list_schedule.php', 107, [...])
 2 SYSTEMPATH\View\View.php(213): include('APPPATH\\Views\\schedule_eps\\planner\\list_schedule.php')
 3 SYSTEMPATH\View\View.php(216): CodeIgniter\View\View->CodeIgniter\View\{closure}()
 4 SYSTEMPATH\Common.php(1137): CodeIgniter\View\View->render('schedule_eps/planner/list_schedule', [], true)
 5 APPPATH\Controllers\Schedule.php(35): view('schedule_eps/planner/list_schedule', [...])
 6 SYSTEMPATH\CodeIgniter.php(904): App\Controllers\Schedule->viewform()
 7 SYSTEMPATH\CodeIgniter.php(457): CodeIgniter\CodeIgniter->runController(Object(App\Controllers\Schedule))
 8 SYSTEMPATH\CodeIgniter.php(340): CodeIgniter\CodeIgniter->handleRequest(null, Object(Config\Cache), false)
 9 FCPATH\index.php(67): CodeIgniter\CodeIgniter->run()
CRITICAL - 2022-10-21 01:44:49 --> A non well formed numeric value encountered
in APPPATH\Views\schedule_eps\planner\list_schedule.php on line 107.
 1 APPPATH\Views\schedule_eps\planner\list_schedule.php(107): CodeIgniter\Debug\Exceptions->errorHandler(8, 'A non well formed numeric value encountered', 'APPPATH\\Views\\schedule_eps\\planner\\list_schedule.php', 107, [...])
 2 SYSTEMPATH\View\View.php(213): include('APPPATH\\Views\\schedule_eps\\planner\\list_schedule.php')
 3 SYSTEMPATH\View\View.php(216): CodeIgniter\View\View->CodeIgniter\View\{closure}()
 4 SYSTEMPATH\Common.php(1137): CodeIgniter\View\View->render('schedule_eps/planner/list_schedule', [], true)
 5 APPPATH\Controllers\Schedule.php(35): view('schedule_eps/planner/list_schedule', [...])
 6 SYSTEMPATH\CodeIgniter.php(904): App\Controllers\Schedule->viewform()
 7 SYSTEMPATH\CodeIgniter.php(457): CodeIgniter\CodeIgniter->runController(Object(App\Controllers\Schedule))
 8 SYSTEMPATH\CodeIgniter.php(340): CodeIgniter\CodeIgniter->handleRequest(null, Object(Config\Cache), false)
 9 FCPATH\index.php(67): CodeIgniter\CodeIgniter->run()
CRITICAL - 2022-10-21 01:44:49 --> A non well formed numeric value encountered
in APPPATH\Views\schedule_eps\planner\list_schedule.php on line 107.
 1 APPPATH\Views\schedule_eps\planner\list_schedule.php(107): CodeIgniter\Debug\Exceptions->errorHandler(8, 'A non well formed numeric value encountered', 'APPPATH\\Views\\schedule_eps\\planner\\list_schedule.php', 107, [...])
 2 SYSTEMPATH\View\View.php(213): include('APPPATH\\Views\\schedule_eps\\planner\\list_schedule.php')
 3 SYSTEMPATH\View\View.php(216): CodeIgniter\View\View->CodeIgniter\View\{closure}()
 4 SYSTEMPATH\Common.php(1137): CodeIgniter\View\View->render('schedule_eps/planner/list_schedule', [], true)
 5 APPPATH\Controllers\Schedule.php(35): view('schedule_eps/planner/list_schedule', [...])
 6 SYSTEMPATH\CodeIgniter.php(904): App\Controllers\Schedule->viewform()
 7 SYSTEMPATH\CodeIgniter.php(457): CodeIgniter\CodeIgniter->runController(Object(App\Controllers\Schedule))
 8 SYSTEMPATH\CodeIgniter.php(340): CodeIgniter\CodeIgniter->handleRequest(null, Object(Config\Cache), false)
 9 FCPATH\index.php(67): CodeIgniter\CodeIgniter->run()
CRITICAL - 2022-10-21 01:44:49 --> A non well formed numeric value encountered
in APPPATH\Views\schedule_eps\planner\list_schedule.php on line 107.
 1 APPPATH\Views\schedule_eps\planner\list_schedule.php(107): CodeIgniter\Debug\Exceptions->errorHandler(8, 'A non well formed numeric value encountered', 'APPPATH\\Views\\schedule_eps\\planner\\list_schedule.php', 107, [...])
 2 SYSTEMPATH\View\View.php(213): include('APPPATH\\Views\\schedule_eps\\planner\\list_schedule.php')
 3 SYSTEMPATH\View\View.php(216): CodeIgniter\View\View->CodeIgniter\View\{closure}()
 4 SYSTEMPATH\Common.php(1137): CodeIgniter\View\View->render('schedule_eps/planner/list_schedule', [], true)
 5 APPPATH\Controllers\Schedule.php(35): view('schedule_eps/planner/list_schedule', [...])
 6 SYSTEMPATH\CodeIgniter.php(904): App\Controllers\Schedule->viewform()
 7 SYSTEMPATH\CodeIgniter.php(457): CodeIgniter\CodeIgniter->runController(Object(App\Controllers\Schedule))
 8 SYSTEMPATH\CodeIgniter.php(340): CodeIgniter\CodeIgniter->handleRequest(null, Object(Config\Cache), false)
 9 FCPATH\index.php(67): CodeIgniter\CodeIgniter->run()
CRITICAL - 2022-10-21 01:44:50 --> A non well formed numeric value encountered
in APPPATH\Views\schedule_eps\planner\list_schedule.php on line 107.
 1 APPPATH\Views\schedule_eps\planner\list_schedule.php(107): CodeIgniter\Debug\Exceptions->errorHandler(8, 'A non well formed numeric value encountered', 'APPPATH\\Views\\schedule_eps\\planner\\list_schedule.php', 107, [...])
 2 SYSTEMPATH\View\View.php(213): include('APPPATH\\Views\\schedule_eps\\planner\\list_schedule.php')
 3 SYSTEMPATH\View\View.php(216): CodeIgniter\View\View->CodeIgniter\View\{closure}()
 4 SYSTEMPATH\Common.php(1137): CodeIgniter\View\View->render('schedule_eps/planner/list_schedule', [], true)
 5 APPPATH\Controllers\Schedule.php(35): view('schedule_eps/planner/list_schedule', [...])
 6 SYSTEMPATH\CodeIgniter.php(904): App\Controllers\Schedule->viewform()
 7 SYSTEMPATH\CodeIgniter.php(457): CodeIgniter\CodeIgniter->runController(Object(App\Controllers\Schedule))
 8 SYSTEMPATH\CodeIgniter.php(340): CodeIgniter\CodeIgniter->handleRequest(null, Object(Config\Cache), false)
 9 FCPATH\index.php(67): CodeIgniter\CodeIgniter->run()
CRITICAL - 2022-10-21 01:44:50 --> A non well formed numeric value encountered
in APPPATH\Views\schedule_eps\planner\list_schedule.php on line 107.
 1 APPPATH\Views\schedule_eps\planner\list_schedule.php(107): CodeIgniter\Debug\Exceptions->errorHandler(8, 'A non well formed numeric value encountered', 'APPPATH\\Views\\schedule_eps\\planner\\list_schedule.php', 107, [...])
 2 SYSTEMPATH\View\View.php(213): include('APPPATH\\Views\\schedule_eps\\planner\\list_schedule.php')
 3 SYSTEMPATH\View\View.php(216): CodeIgniter\View\View->CodeIgniter\View\{closure}()
 4 SYSTEMPATH\Common.php(1137): CodeIgniter\View\View->render('schedule_eps/planner/list_schedule', [], true)
 5 APPPATH\Controllers\Schedule.php(35): view('schedule_eps/planner/list_schedule', [...])
 6 SYSTEMPATH\CodeIgniter.php(904): App\Controllers\Schedule->viewform()
 7 SYSTEMPATH\CodeIgniter.php(457): CodeIgniter\CodeIgniter->runController(Object(App\Controllers\Schedule))
 8 SYSTEMPATH\CodeIgniter.php(340): CodeIgniter\CodeIgniter->handleRequest(null, Object(Config\Cache), false)
 9 FCPATH\index.php(67): CodeIgniter\CodeIgniter->run()
CRITICAL - 2022-10-21 02:53:11 --> A non well formed numeric value encountered
in APPPATH\Views\schedule_eps\planner\list_schedule.php on line 101.
 1 APPPATH\Views\schedule_eps\planner\list_schedule.php(101): CodeIgniter\Debug\Exceptions->errorHandler(8, 'A non well formed numeric value encountered', 'APPPATH\\Views\\schedule_eps\\planner\\list_schedule.php', 101, [...])
 2 SYSTEMPATH\View\View.php(213): include('APPPATH\\Views\\schedule_eps\\planner\\list_schedule.php')
 3 SYSTEMPATH\View\View.php(216): CodeIgniter\View\View->CodeIgniter\View\{closure}()
 4 SYSTEMPATH\Common.php(1137): CodeIgniter\View\View->render('schedule_eps/planner/list_schedule', [], true)
 5 APPPATH\Controllers\Schedule.php(35): view('schedule_eps/planner/list_schedule', [...])
 6 SYSTEMPATH\CodeIgniter.php(904): App\Controllers\Schedule->viewform()
 7 SYSTEMPATH\CodeIgniter.php(457): CodeIgniter\CodeIgniter->runController(Object(App\Controllers\Schedule))
 8 SYSTEMPATH\CodeIgniter.php(340): CodeIgniter\CodeIgniter->handleRequest(null, Object(Config\Cache), false)
 9 FCPATH\index.php(67): CodeIgniter\CodeIgniter->run()
CRITICAL - 2022-10-21 02:53:12 --> A non well formed numeric value encountered
in APPPATH\Views\schedule_eps\planner\list_schedule.php on line 101.
 1 APPPATH\Views\schedule_eps\planner\list_schedule.php(101): CodeIgniter\Debug\Exceptions->errorHandler(8, 'A non well formed numeric value encountered', 'APPPATH\\Views\\schedule_eps\\planner\\list_schedule.php', 101, [...])
 2 SYSTEMPATH\View\View.php(213): include('APPPATH\\Views\\schedule_eps\\planner\\list_schedule.php')
 3 SYSTEMPATH\View\View.php(216): CodeIgniter\View\View->CodeIgniter\View\{closure}()
 4 SYSTEMPATH\Common.php(1137): CodeIgniter\View\View->render('schedule_eps/planner/list_schedule', [], true)
 5 APPPATH\Controllers\Schedule.php(35): view('schedule_eps/planner/list_schedule', [...])
 6 SYSTEMPATH\CodeIgniter.php(904): App\Controllers\Schedule->viewform()
 7 SYSTEMPATH\CodeIgniter.php(457): CodeIgniter\CodeIgniter->runController(Object(App\Controllers\Schedule))
 8 SYSTEMPATH\CodeIgniter.php(340): CodeIgniter\CodeIgniter->handleRequest(null, Object(Config\Cache), false)
 9 FCPATH\index.php(67): CodeIgniter\CodeIgniter->run()
CRITICAL - 2022-10-21 03:20:57 --> A non well formed numeric value encountered
in APPPATH\Views\schedule_eps\planner\list_schedule.php on line 108.
 1 APPPATH\Views\schedule_eps\planner\list_schedule.php(108): CodeIgniter\Debug\Exceptions->errorHandler(8, 'A non well formed numeric value encountered', 'APPPATH\\Views\\schedule_eps\\planner\\list_schedule.php', 108, [...])
 2 SYSTEMPATH\View\View.php(213): include('APPPATH\\Views\\schedule_eps\\planner\\list_schedule.php')
 3 SYSTEMPATH\View\View.php(216): CodeIgniter\View\View->CodeIgniter\View\{closure}()
 4 SYSTEMPATH\Common.php(1137): CodeIgniter\View\View->render('schedule_eps/planner/list_schedule', [], true)
 5 APPPATH\Controllers\Schedule.php(35): view('schedule_eps/planner/list_schedule', [...])
 6 SYSTEMPATH\CodeIgniter.php(904): App\Controllers\Schedule->viewform()
 7 SYSTEMPATH\CodeIgniter.php(457): CodeIgniter\CodeIgniter->runController(Object(App\Controllers\Schedule))
 8 SYSTEMPATH\CodeIgniter.php(340): CodeIgniter\CodeIgniter->handleRequest(null, Object(Config\Cache), false)
 9 FCPATH\index.php(67): CodeIgniter\CodeIgniter->run()
CRITICAL - 2022-10-21 03:24:30 --> A non well formed numeric value encountered
in APPPATH\Views\schedule_eps\planner\list_schedule.php on line 102.
 1 APPPATH\Views\schedule_eps\planner\list_schedule.php(102): CodeIgniter\Debug\Exceptions->errorHandler(8, 'A non well formed numeric value encountered', 'APPPATH\\Views\\schedule_eps\\planner\\list_schedule.php', 102, [...])
 2 SYSTEMPATH\View\View.php(213): include('APPPATH\\Views\\schedule_eps\\planner\\list_schedule.php')
 3 SYSTEMPATH\View\View.php(216): CodeIgniter\View\View->CodeIgniter\View\{closure}()
 4 SYSTEMPATH\Common.php(1137): CodeIgniter\View\View->render('schedule_eps/planner/list_schedule', [], true)
 5 APPPATH\Controllers\Schedule.php(35): view('schedule_eps/planner/list_schedule', [...])
 6 SYSTEMPATH\CodeIgniter.php(904): App\Controllers\Schedule->viewform()
 7 SYSTEMPATH\CodeIgniter.php(457): CodeIgniter\CodeIgniter->runController(Object(App\Controllers\Schedule))
 8 SYSTEMPATH\CodeIgniter.php(340): CodeIgniter\CodeIgniter->handleRequest(null, Object(Config\Cache), false)
 9 FCPATH\index.php(67): CodeIgniter\CodeIgniter->run()
CRITICAL - 2022-10-21 03:24:31 --> A non well formed numeric value encountered
in APPPATH\Views\schedule_eps\planner\list_schedule.php on line 102.
 1 APPPATH\Views\schedule_eps\planner\list_schedule.php(102): CodeIgniter\Debug\Exceptions->errorHandler(8, 'A non well formed numeric value encountered', 'APPPATH\\Views\\schedule_eps\\planner\\list_schedule.php', 102, [...])
 2 SYSTEMPATH\View\View.php(213): include('APPPATH\\Views\\schedule_eps\\planner\\list_schedule.php')
 3 SYSTEMPATH\View\View.php(216): CodeIgniter\View\View->CodeIgniter\View\{closure}()
 4 SYSTEMPATH\Common.php(1137): CodeIgniter\View\View->render('schedule_eps/planner/list_schedule', [], true)
 5 APPPATH\Controllers\Schedule.php(35): view('schedule_eps/planner/list_schedule', [...])
 6 SYSTEMPATH\CodeIgniter.php(904): App\Controllers\Schedule->viewform()
 7 SYSTEMPATH\CodeIgniter.php(457): CodeIgniter\CodeIgniter->runController(Object(App\Controllers\Schedule))
 8 SYSTEMPATH\CodeIgniter.php(340): CodeIgniter\CodeIgniter->handleRequest(null, Object(Config\Cache), false)
 9 FCPATH\index.php(67): CodeIgniter\CodeIgniter->run()
CRITICAL - 2022-10-21 03:29:31 --> A non well formed numeric value encountered
in APPPATH\Views\schedule_eps\planner\list_schedule.php on line 108.
 1 APPPATH\Views\schedule_eps\planner\list_schedule.php(108): CodeIgniter\Debug\Exceptions->errorHandler(8, 'A non well formed numeric value encountered', 'APPPATH\\Views\\schedule_eps\\planner\\list_schedule.php', 108, [...])
 2 SYSTEMPATH\View\View.php(213): include('APPPATH\\Views\\schedule_eps\\planner\\list_schedule.php')
 3 SYSTEMPATH\View\View.php(216): CodeIgniter\View\View->CodeIgniter\View\{closure}()
 4 SYSTEMPATH\Common.php(1137): CodeIgniter\View\View->render('schedule_eps/planner/list_schedule', [], true)
 5 APPPATH\Controllers\Schedule.php(35): view('schedule_eps/planner/list_schedule', [...])
 6 SYSTEMPATH\CodeIgniter.php(904): App\Controllers\Schedule->viewform()
 7 SYSTEMPATH\CodeIgniter.php(457): CodeIgniter\CodeIgniter->runController(Object(App\Controllers\Schedule))
 8 SYSTEMPATH\CodeIgniter.php(340): CodeIgniter\CodeIgniter->handleRequest(null, Object(Config\Cache), false)
 9 FCPATH\index.php(67): CodeIgniter\CodeIgniter->run()
CRITICAL - 2022-10-21 04:05:31 --> date_format() expects parameter 1 to be DateTimeInterface, array given
in APPPATH\Helpers\schedule_helper.php on line 7.
 1 [internal function]: CodeIgniter\Debug\Exceptions->errorHandler(2, 'date_format() expects parameter 1 to be DateTimeInterface, array given', 'APPPATH\\Helpers\\schedule_helper.php', 7, [...])
 2 APPPATH\Helpers\schedule_helper.php(7): date_format([...], 'd/m/Y H:i:s A')
 3 APPPATH\Views\schedule_eps\planner\list_schedule.php(166): get_changeMoll('E-7')
 4 SYSTEMPATH\View\View.php(213): include('APPPATH\\Views\\schedule_eps\\planner\\list_schedule.php')
 5 SYSTEMPATH\View\View.php(216): CodeIgniter\View\View->CodeIgniter\View\{closure}()
 6 SYSTEMPATH\Common.php(1137): CodeIgniter\View\View->render('schedule_eps/planner/list_schedule', [], true)
 7 APPPATH\Controllers\Schedule.php(35): view('schedule_eps/planner/list_schedule', [...])
 8 SYSTEMPATH\CodeIgniter.php(904): App\Controllers\Schedule->viewform()
 9 SYSTEMPATH\CodeIgniter.php(457): CodeIgniter\CodeIgniter->runController(Object(App\Controllers\Schedule))
10 SYSTEMPATH\CodeIgniter.php(340): CodeIgniter\CodeIgniter->handleRequest(null, Object(Config\Cache), false)
11 FCPATH\index.php(67): CodeIgniter\CodeIgniter->run()
CRITICAL - 2022-10-21 04:06:03 --> DateTime::createFromFormat() expects parameter 1 to be string, array given
in APPPATH\Helpers\schedule_helper.php on line 7.
 1 [internal function]: CodeIgniter\Debug\Exceptions->errorHandler(2, 'DateTime::createFromFormat() expects parameter 1 to be string, array given', 'APPPATH\\Helpers\\schedule_helper.php', 7, [...])
 2 APPPATH\Helpers\schedule_helper.php(7): DateTime::createFromFormat([...], 'd/m/Y H:i:s A')
 3 APPPATH\Views\schedule_eps\planner\list_schedule.php(166): get_changeMoll('E-7')
 4 SYSTEMPATH\View\View.php(213): include('APPPATH\\Views\\schedule_eps\\planner\\list_schedule.php')
 5 SYSTEMPATH\View\View.php(216): CodeIgniter\View\View->CodeIgniter\View\{closure}()
 6 SYSTEMPATH\Common.php(1137): CodeIgniter\View\View->render('schedule_eps/planner/list_schedule', [], true)
 7 APPPATH\Controllers\Schedule.php(35): view('schedule_eps/planner/list_schedule', [...])
 8 SYSTEMPATH\CodeIgniter.php(904): App\Controllers\Schedule->viewform()
 9 SYSTEMPATH\CodeIgniter.php(457): CodeIgniter\CodeIgniter->runController(Object(App\Controllers\Schedule))
10 SYSTEMPATH\CodeIgniter.php(340): CodeIgniter\CodeIgniter->handleRequest(null, Object(Config\Cache), false)
11 FCPATH\index.php(67): CodeIgniter\CodeIgniter->run()
CRITICAL - 2022-10-21 04:06:04 --> DateTime::createFromFormat() expects parameter 1 to be string, array given
in APPPATH\Helpers\schedule_helper.php on line 7.
 1 [internal function]: CodeIgniter\Debug\Exceptions->errorHandler(2, 'DateTime::createFromFormat() expects parameter 1 to be string, array given', 'APPPATH\\Helpers\\schedule_helper.php', 7, [...])
 2 APPPATH\Helpers\schedule_helper.php(7): DateTime::createFromFormat([...], 'd/m/Y H:i:s A')
 3 APPPATH\Views\schedule_eps\planner\list_schedule.php(166): get_changeMoll('E-7')
 4 SYSTEMPATH\View\View.php(213): include('APPPATH\\Views\\schedule_eps\\planner\\list_schedule.php')
 5 SYSTEMPATH\View\View.php(216): CodeIgniter\View\View->CodeIgniter\View\{closure}()
 6 SYSTEMPATH\Common.php(1137): CodeIgniter\View\View->render('schedule_eps/planner/list_schedule', [], true)
 7 APPPATH\Controllers\Schedule.php(35): view('schedule_eps/planner/list_schedule', [...])
 8 SYSTEMPATH\CodeIgniter.php(904): App\Controllers\Schedule->viewform()
 9 SYSTEMPATH\CodeIgniter.php(457): CodeIgniter\CodeIgniter->runController(Object(App\Controllers\Schedule))
10 SYSTEMPATH\CodeIgniter.php(340): CodeIgniter\CodeIgniter->handleRequest(null, Object(Config\Cache), false)
11 FCPATH\index.php(67): CodeIgniter\CodeIgniter->run()
CRITICAL - 2022-10-21 04:06:36 --> DateTime::createFromFormat() expects parameter 2 to be string, array given
in APPPATH\Helpers\schedule_helper.php on line 7.
 1 [internal function]: CodeIgniter\Debug\Exceptions->errorHandler(2, 'DateTime::createFromFormat() expects parameter 2 to be string, array given', 'APPPATH\\Helpers\\schedule_helper.php', 7, [...])
 2 APPPATH\Helpers\schedule_helper.php(7): DateTime::createFromFormat('d/m/Y H:i:s A', [...])
 3 APPPATH\Views\schedule_eps\planner\list_schedule.php(166): get_changeMoll('E-7')
 4 SYSTEMPATH\View\View.php(213): include('APPPATH\\Views\\schedule_eps\\planner\\list_schedule.php')
 5 SYSTEMPATH\View\View.php(216): CodeIgniter\View\View->CodeIgniter\View\{closure}()
 6 SYSTEMPATH\Common.php(1137): CodeIgniter\View\View->render('schedule_eps/planner/list_schedule', [], true)
 7 APPPATH\Controllers\Schedule.php(35): view('schedule_eps/planner/list_schedule', [...])
 8 SYSTEMPATH\CodeIgniter.php(904): App\Controllers\Schedule->viewform()
 9 SYSTEMPATH\CodeIgniter.php(457): CodeIgniter\CodeIgniter->runController(Object(App\Controllers\Schedule))
10 SYSTEMPATH\CodeIgniter.php(340): CodeIgniter\CodeIgniter->handleRequest(null, Object(Config\Cache), false)
11 FCPATH\index.php(67): CodeIgniter\CodeIgniter->run()
CRITICAL - 2022-10-21 04:06:36 --> DateTime::createFromFormat() expects parameter 2 to be string, array given
in APPPATH\Helpers\schedule_helper.php on line 7.
 1 [internal function]: CodeIgniter\Debug\Exceptions->errorHandler(2, 'DateTime::createFromFormat() expects parameter 2 to be string, array given', 'APPPATH\\Helpers\\schedule_helper.php', 7, [...])
 2 APPPATH\Helpers\schedule_helper.php(7): DateTime::createFromFormat('d/m/Y H:i:s A', [...])
 3 APPPATH\Views\schedule_eps\planner\list_schedule.php(166): get_changeMoll('E-7')
 4 SYSTEMPATH\View\View.php(213): include('APPPATH\\Views\\schedule_eps\\planner\\list_schedule.php')
 5 SYSTEMPATH\View\View.php(216): CodeIgniter\View\View->CodeIgniter\View\{closure}()
 6 SYSTEMPATH\Common.php(1137): CodeIgniter\View\View->render('schedule_eps/planner/list_schedule', [], true)
 7 APPPATH\Controllers\Schedule.php(35): view('schedule_eps/planner/list_schedule', [...])
 8 SYSTEMPATH\CodeIgniter.php(904): App\Controllers\Schedule->viewform()
 9 SYSTEMPATH\CodeIgniter.php(457): CodeIgniter\CodeIgniter->runController(Object(App\Controllers\Schedule))
10 SYSTEMPATH\CodeIgniter.php(340): CodeIgniter\CodeIgniter->handleRequest(null, Object(Config\Cache), false)
11 FCPATH\index.php(67): CodeIgniter\CodeIgniter->run()
CRITICAL - 2022-10-21 04:06:37 --> DateTime::createFromFormat() expects parameter 2 to be string, array given
in APPPATH\Helpers\schedule_helper.php on line 7.
 1 [internal function]: CodeIgniter\Debug\Exceptions->errorHandler(2, 'DateTime::createFromFormat() expects parameter 2 to be string, array given', 'APPPATH\\Helpers\\schedule_helper.php', 7, [...])
 2 APPPATH\Helpers\schedule_helper.php(7): DateTime::createFromFormat('d/m/Y H:i:s A', [...])
 3 APPPATH\Views\schedule_eps\planner\list_schedule.php(166): get_changeMoll('E-7')
 4 SYSTEMPATH\View\View.php(213): include('APPPATH\\Views\\schedule_eps\\planner\\list_schedule.php')
 5 SYSTEMPATH\View\View.php(216): CodeIgniter\View\View->CodeIgniter\View\{closure}()
 6 SYSTEMPATH\Common.php(1137): CodeIgniter\View\View->render('schedule_eps/planner/list_schedule', [], true)
 7 APPPATH\Controllers\Schedule.php(35): view('schedule_eps/planner/list_schedule', [...])
 8 SYSTEMPATH\CodeIgniter.php(904): App\Controllers\Schedule->viewform()
 9 SYSTEMPATH\CodeIgniter.php(457): CodeIgniter\CodeIgniter->runController(Object(App\Controllers\Schedule))
10 SYSTEMPATH\CodeIgniter.php(340): CodeIgniter\CodeIgniter->handleRequest(null, Object(Config\Cache), false)
11 FCPATH\index.php(67): CodeIgniter\CodeIgniter->run()
CRITICAL - 2022-10-21 04:08:08 --> Call to a member function format() on bool
in APPPATH\Helpers\schedule_helper.php on line 8.
 1 APPPATH\Views\schedule_eps\planner\list_schedule.php(166): get_changeMoll('E-7')
 2 SYSTEMPATH\View\View.php(213): include('APPPATH\\Views\\schedule_eps\\planner\\list_schedule.php')
 3 SYSTEMPATH\View\View.php(216): CodeIgniter\View\View->CodeIgniter\View\{closure}()
 4 SYSTEMPATH\Common.php(1137): CodeIgniter\View\View->render('schedule_eps/planner/list_schedule', [], true)
 5 APPPATH\Controllers\Schedule.php(35): view('schedule_eps/planner/list_schedule', [...])
 6 SYSTEMPATH\CodeIgniter.php(904): App\Controllers\Schedule->viewform()
 7 SYSTEMPATH\CodeIgniter.php(457): CodeIgniter\CodeIgniter->runController(Object(App\Controllers\Schedule))
 8 SYSTEMPATH\CodeIgniter.php(340): CodeIgniter\CodeIgniter->handleRequest(null, Object(Config\Cache), false)
 9 FCPATH\index.php(67): CodeIgniter\CodeIgniter->run()
CRITICAL - 2022-10-21 04:09:20 --> Call to a member function format() on bool
in APPPATH\Helpers\schedule_helper.php on line 8.
 1 APPPATH\Views\schedule_eps\planner\list_schedule.php(166): get_changeMoll('E-7')
 2 SYSTEMPATH\View\View.php(213): include('APPPATH\\Views\\schedule_eps\\planner\\list_schedule.php')
 3 SYSTEMPATH\View\View.php(216): CodeIgniter\View\View->CodeIgniter\View\{closure}()
 4 SYSTEMPATH\Common.php(1137): CodeIgniter\View\View->render('schedule_eps/planner/list_schedule', [], true)
 5 APPPATH\Controllers\Schedule.php(35): view('schedule_eps/planner/list_schedule', [...])
 6 SYSTEMPATH\CodeIgniter.php(904): App\Controllers\Schedule->viewform()
 7 SYSTEMPATH\CodeIgniter.php(457): CodeIgniter\CodeIgniter->runController(Object(App\Controllers\Schedule))
 8 SYSTEMPATH\CodeIgniter.php(340): CodeIgniter\CodeIgniter->handleRequest(null, Object(Config\Cache), false)
 9 FCPATH\index.php(67): CodeIgniter\CodeIgniter->run()
CRITICAL - 2022-10-21 04:09:21 --> Call to a member function format() on bool
in APPPATH\Helpers\schedule_helper.php on line 8.
 1 APPPATH\Views\schedule_eps\planner\list_schedule.php(166): get_changeMoll('E-7')
 2 SYSTEMPATH\View\View.php(213): include('APPPATH\\Views\\schedule_eps\\planner\\list_schedule.php')
 3 SYSTEMPATH\View\View.php(216): CodeIgniter\View\View->CodeIgniter\View\{closure}()
 4 SYSTEMPATH\Common.php(1137): CodeIgniter\View\View->render('schedule_eps/planner/list_schedule', [], true)
 5 APPPATH\Controllers\Schedule.php(35): view('schedule_eps/planner/list_schedule', [...])
 6 SYSTEMPATH\CodeIgniter.php(904): App\Controllers\Schedule->viewform()
 7 SYSTEMPATH\CodeIgniter.php(457): CodeIgniter\CodeIgniter->runController(Object(App\Controllers\Schedule))
 8 SYSTEMPATH\CodeIgniter.php(340): CodeIgniter\CodeIgniter->handleRequest(null, Object(Config\Cache), false)
 9 FCPATH\index.php(67): CodeIgniter\CodeIgniter->run()
CRITICAL - 2022-10-21 04:24:02 --> A non-numeric value encountered
in APPPATH\Controllers\Schedule.php on line 50.
 1 APPPATH\Controllers\Schedule.php(50): CodeIgniter\Debug\Exceptions->errorHandler(2, 'A non-numeric value encountered', 'APPPATH\\Controllers\\Schedule.php', 50, [...])
 2 SYSTEMPATH\CodeIgniter.php(904): App\Controllers\Schedule->addform()
 3 SYSTEMPATH\CodeIgniter.php(457): CodeIgniter\CodeIgniter->runController(Object(App\Controllers\Schedule))
 4 SYSTEMPATH\CodeIgniter.php(340): CodeIgniter\CodeIgniter->handleRequest(null, Object(Config\Cache), false)
 5 FCPATH\index.php(67): CodeIgniter\CodeIgniter->run()
CRITICAL - 2022-10-21 05:08:07 --> A non well formed numeric value encountered
in APPPATH\Views\schedule_eps\planner\list_schedule.php on line 117.
 1 APPPATH\Views\schedule_eps\planner\list_schedule.php(117): CodeIgniter\Debug\Exceptions->errorHandler(8, 'A non well formed numeric value encountered', 'APPPATH\\Views\\schedule_eps\\planner\\list_schedule.php', 117, [...])
 2 SYSTEMPATH\View\View.php(213): include('APPPATH\\Views\\schedule_eps\\planner\\list_schedule.php')
 3 SYSTEMPATH\View\View.php(216): CodeIgniter\View\View->CodeIgniter\View\{closure}()
 4 SYSTEMPATH\Common.php(1137): CodeIgniter\View\View->render('schedule_eps/planner/list_schedule', [], true)
 5 APPPATH\Controllers\Schedule.php(35): view('schedule_eps/planner/list_schedule', [...])
 6 SYSTEMPATH\CodeIgniter.php(904): App\Controllers\Schedule->viewform()
 7 SYSTEMPATH\CodeIgniter.php(457): CodeIgniter\CodeIgniter->runController(Object(App\Controllers\Schedule))
 8 SYSTEMPATH\CodeIgniter.php(340): CodeIgniter\CodeIgniter->handleRequest(null, Object(Config\Cache), false)
 9 FCPATH\index.php(67): CodeIgniter\CodeIgniter->run()
CRITICAL - 2022-10-21 05:08:11 --> A non well formed numeric value encountered
in APPPATH\Views\schedule_eps\planner\list_schedule.php on line 117.
 1 APPPATH\Views\schedule_eps\planner\list_schedule.php(117): CodeIgniter\Debug\Exceptions->errorHandler(8, 'A non well formed numeric value encountered', 'APPPATH\\Views\\schedule_eps\\planner\\list_schedule.php', 117, [...])
 2 SYSTEMPATH\View\View.php(213): include('APPPATH\\Views\\schedule_eps\\planner\\list_schedule.php')
 3 SYSTEMPATH\View\View.php(216): CodeIgniter\View\View->CodeIgniter\View\{closure}()
 4 SYSTEMPATH\Common.php(1137): CodeIgniter\View\View->render('schedule_eps/planner/list_schedule', [], true)
 5 APPPATH\Controllers\Schedule.php(35): view('schedule_eps/planner/list_schedule', [...])
 6 SYSTEMPATH\CodeIgniter.php(904): App\Controllers\Schedule->viewform()
 7 SYSTEMPATH\CodeIgniter.php(457): CodeIgniter\CodeIgniter->runController(Object(App\Controllers\Schedule))
 8 SYSTEMPATH\CodeIgniter.php(340): CodeIgniter\CodeIgniter->handleRequest(null, Object(Config\Cache), false)
 9 FCPATH\index.php(67): CodeIgniter\CodeIgniter->run()
CRITICAL - 2022-10-21 05:08:45 --> A non well formed numeric value encountered
in APPPATH\Views\schedule_eps\planner\list_schedule.php on line 117.
 1 APPPATH\Views\schedule_eps\planner\list_schedule.php(117): CodeIgniter\Debug\Exceptions->errorHandler(8, 'A non well formed numeric value encountered', 'APPPATH\\Views\\schedule_eps\\planner\\list_schedule.php', 117, [...])
 2 SYSTEMPATH\View\View.php(213): include('APPPATH\\Views\\schedule_eps\\planner\\list_schedule.php')
 3 SYSTEMPATH\View\View.php(216): CodeIgniter\View\View->CodeIgniter\View\{closure}()
 4 SYSTEMPATH\Common.php(1137): CodeIgniter\View\View->render('schedule_eps/planner/list_schedule', [], true)
 5 APPPATH\Controllers\Schedule.php(35): view('schedule_eps/planner/list_schedule', [...])
 6 SYSTEMPATH\CodeIgniter.php(904): App\Controllers\Schedule->viewform()
 7 SYSTEMPATH\CodeIgniter.php(457): CodeIgniter\CodeIgniter->runController(Object(App\Controllers\Schedule))
 8 SYSTEMPATH\CodeIgniter.php(340): CodeIgniter\CodeIgniter->handleRequest(null, Object(Config\Cache), false)
 9 FCPATH\index.php(67): CodeIgniter\CodeIgniter->run()
CRITICAL - 2022-10-21 05:08:46 --> A non well formed numeric value encountered
in APPPATH\Views\schedule_eps\planner\list_schedule.php on line 117.
 1 APPPATH\Views\schedule_eps\planner\list_schedule.php(117): CodeIgniter\Debug\Exceptions->errorHandler(8, 'A non well formed numeric value encountered', 'APPPATH\\Views\\schedule_eps\\planner\\list_schedule.php', 117, [...])
 2 SYSTEMPATH\View\View.php(213): include('APPPATH\\Views\\schedule_eps\\planner\\list_schedule.php')
 3 SYSTEMPATH\View\View.php(216): CodeIgniter\View\View->CodeIgniter\View\{closure}()
 4 SYSTEMPATH\Common.php(1137): CodeIgniter\View\View->render('schedule_eps/planner/list_schedule', [], true)
 5 APPPATH\Controllers\Schedule.php(35): view('schedule_eps/planner/list_schedule', [...])
 6 SYSTEMPATH\CodeIgniter.php(904): App\Controllers\Schedule->viewform()
 7 SYSTEMPATH\CodeIgniter.php(457): CodeIgniter\CodeIgniter->runController(Object(App\Controllers\Schedule))
 8 SYSTEMPATH\CodeIgniter.php(340): CodeIgniter\CodeIgniter->handleRequest(null, Object(Config\Cache), false)
 9 FCPATH\index.php(67): CodeIgniter\CodeIgniter->run()
CRITICAL - 2022-10-21 05:09:04 --> A non well formed numeric value encountered
in APPPATH\Views\schedule_eps\planner\list_schedule.php on line 117.
 1 APPPATH\Views\schedule_eps\planner\list_schedule.php(117): CodeIgniter\Debug\Exceptions->errorHandler(8, 'A non well formed numeric value encountered', 'APPPATH\\Views\\schedule_eps\\planner\\list_schedule.php', 117, [...])
 2 SYSTEMPATH\View\View.php(213): include('APPPATH\\Views\\schedule_eps\\planner\\list_schedule.php')
 3 SYSTEMPATH\View\View.php(216): CodeIgniter\View\View->CodeIgniter\View\{closure}()
 4 SYSTEMPATH\Common.php(1137): CodeIgniter\View\View->render('schedule_eps/planner/list_schedule', [], true)
 5 APPPATH\Controllers\Schedule.php(35): view('schedule_eps/planner/list_schedule', [...])
 6 SYSTEMPATH\CodeIgniter.php(904): App\Controllers\Schedule->viewform()
 7 SYSTEMPATH\CodeIgniter.php(457): CodeIgniter\CodeIgniter->runController(Object(App\Controllers\Schedule))
 8 SYSTEMPATH\CodeIgniter.php(340): CodeIgniter\CodeIgniter->handleRequest(null, Object(Config\Cache), false)
 9 FCPATH\index.php(67): CodeIgniter\CodeIgniter->run()
CRITICAL - 2022-10-21 05:09:05 --> A non well formed numeric value encountered
in APPPATH\Views\schedule_eps\planner\list_schedule.php on line 117.
 1 APPPATH\Views\schedule_eps\planner\list_schedule.php(117): CodeIgniter\Debug\Exceptions->errorHandler(8, 'A non well formed numeric value encountered', 'APPPATH\\Views\\schedule_eps\\planner\\list_schedule.php', 117, [...])
 2 SYSTEMPATH\View\View.php(213): include('APPPATH\\Views\\schedule_eps\\planner\\list_schedule.php')
 3 SYSTEMPATH\View\View.php(216): CodeIgniter\View\View->CodeIgniter\View\{closure}()
 4 SYSTEMPATH\Common.php(1137): CodeIgniter\View\View->render('schedule_eps/planner/list_schedule', [], true)
 5 APPPATH\Controllers\Schedule.php(35): view('schedule_eps/planner/list_schedule', [...])
 6 SYSTEMPATH\CodeIgniter.php(904): App\Controllers\Schedule->viewform()
 7 SYSTEMPATH\CodeIgniter.php(457): CodeIgniter\CodeIgniter->runController(Object(App\Controllers\Schedule))
 8 SYSTEMPATH\CodeIgniter.php(340): CodeIgniter\CodeIgniter->handleRequest(null, Object(Config\Cache), false)
 9 FCPATH\index.php(67): CodeIgniter\CodeIgniter->run()
CRITICAL - 2022-10-21 05:09:05 --> A non well formed numeric value encountered
in APPPATH\Views\schedule_eps\planner\list_schedule.php on line 117.
 1 APPPATH\Views\schedule_eps\planner\list_schedule.php(117): CodeIgniter\Debug\Exceptions->errorHandler(8, 'A non well formed numeric value encountered', 'APPPATH\\Views\\schedule_eps\\planner\\list_schedule.php', 117, [...])
 2 SYSTEMPATH\View\View.php(213): include('APPPATH\\Views\\schedule_eps\\planner\\list_schedule.php')
 3 SYSTEMPATH\View\View.php(216): CodeIgniter\View\View->CodeIgniter\View\{closure}()
 4 SYSTEMPATH\Common.php(1137): CodeIgniter\View\View->render('schedule_eps/planner/list_schedule', [], true)
 5 APPPATH\Controllers\Schedule.php(35): view('schedule_eps/planner/list_schedule', [...])
 6 SYSTEMPATH\CodeIgniter.php(904): App\Controllers\Schedule->viewform()
 7 SYSTEMPATH\CodeIgniter.php(457): CodeIgniter\CodeIgniter->runController(Object(App\Controllers\Schedule))
 8 SYSTEMPATH\CodeIgniter.php(340): CodeIgniter\CodeIgniter->handleRequest(null, Object(Config\Cache), false)
 9 FCPATH\index.php(67): CodeIgniter\CodeIgniter->run()
