ERROR - 2022-11-16 01:54:12 --> Error connecting to the database: mysqli_sql_exception: Unknown database 'etowa' in C:\xampp\htdocs\schedule_eps\system\Database\MySQLi\Connection.php:171
Stack trace:
#0 C:\xampp\htdocs\schedule_eps\system\Database\MySQLi\Connection.php(171): mysqli->real_connect('localhost', 'root', '', 'etowa', 3306, '', 0)
#1 C:\xampp\htdocs\schedule_eps\system\Database\BaseConnection.php(382): CodeIgniter\Database\MySQLi\Connection->connect(false)
#2 C:\xampp\htdocs\schedule_eps\system\Database\BaseConnection.php(588): CodeIgniter\Database\BaseConnection->initialize()
#3 C:\xampp\htdocs\schedule_eps\system\Database\BaseBuilder.php(1585): CodeIgniter\Database\BaseConnection->query('SELECT *\nFROM `...', Array, false)
#4 C:\xampp\htdocs\schedule_eps\app\Models\AuthModel.php(17): CodeIgniter\Database\BaseBuilder->get()
#5 C:\xampp\htdocs\schedule_eps\app\Controllers\Auth.php(46): App\Models\AuthModel->login('fauzan', '7110eda4d09e062...')
#6 C:\xampp\htdocs\schedule_eps\system\CodeIgniter.php(904): App\Controllers\Auth->login()
#7 C:\xampp\htdocs\schedule_eps\system\CodeIgniter.php(457): CodeIgniter\CodeIgniter->runController(Object(App\Controllers\Auth))
#8 C:\xampp\htdocs\schedule_eps\system\CodeIgniter.php(340): CodeIgniter\CodeIgniter->handleRequest(NULL, Object(Config\Cache), false)
#9 C:\xampp\htdocs\schedule_eps\public\index.php(67): CodeIgniter\CodeIgniter->run()
#10 C:\xampp\htdocs\schedule_eps\system\Commands\Server\rewrite.php(43): require_once('C:\\xampp\\htdocs...')
#11 {main}

Next CodeIgniter\Database\Exceptions\DatabaseException: Unknown database 'etowa' in C:\xampp\htdocs\schedule_eps\system\Database\MySQLi\Connection.php:215
Stack trace:
#0 C:\xampp\htdocs\schedule_eps\system\Database\BaseConnection.php(382): CodeIgniter\Database\MySQLi\Connection->connect(false)
#1 C:\xampp\htdocs\schedule_eps\system\Database\BaseConnection.php(588): CodeIgniter\Database\BaseConnection->initialize()
#2 C:\xampp\htdocs\schedule_eps\system\Database\BaseBuilder.php(1585): CodeIgniter\Database\BaseConnection->query('SELECT *\nFROM `...', Array, false)
#3 C:\xampp\htdocs\schedule_eps\app\Models\AuthModel.php(17): CodeIgniter\Database\BaseBuilder->get()
#4 C:\xampp\htdocs\schedule_eps\app\Controllers\Auth.php(46): App\Models\AuthModel->login('fauzan', '7110eda4d09e062...')
#5 C:\xampp\htdocs\schedule_eps\system\CodeIgniter.php(904): App\Controllers\Auth->login()
#6 C:\xampp\htdocs\schedule_eps\system\CodeIgniter.php(457): CodeIgniter\CodeIgniter->runController(Object(App\Controllers\Auth))
#7 C:\xampp\htdocs\schedule_eps\system\CodeIgniter.php(340): CodeIgniter\CodeIgniter->handleRequest(NULL, Object(Config\Cache), false)
#8 C:\xampp\htdocs\schedule_eps\public\index.php(67): CodeIgniter\CodeIgniter->run()
#9 C:\xampp\htdocs\schedule_eps\system\Commands\Server\rewrite.php(43): require_once('C:\\xampp\\htdocs...')
#10 {main}
CRITICAL - 2022-11-16 01:54:12 --> Unable to connect to the database.
Main connection [MySQLi]: Unknown database 'etowa'
in SYSTEMPATH\Database\BaseConnection.php on line 418.
 1 SYSTEMPATH\Database\BaseConnection.php(588): CodeIgniter\Database\BaseConnection->initialize()
 2 SYSTEMPATH\Database\BaseBuilder.php(1585): CodeIgniter\Database\BaseConnection->query('SELECT *
FROM `tblweb_users`
WHERE `username` = :username:
AND `password` = :password:', [...], false)
 3 APPPATH\Models\AuthModel.php(17): CodeIgniter\Database\BaseBuilder->get()
 4 APPPATH\Controllers\Auth.php(46): App\Models\AuthModel->login('fauzan', '7110eda4d09e062aa5e4a390b0a572ac0d2c0220')
 5 SYSTEMPATH\CodeIgniter.php(904): App\Controllers\Auth->login()
 6 SYSTEMPATH\CodeIgniter.php(457): CodeIgniter\CodeIgniter->runController(Object(App\Controllers\Auth))
 7 SYSTEMPATH\CodeIgniter.php(340): CodeIgniter\CodeIgniter->handleRequest(null, Object(Config\Cache), false)
 8 FCPATH\index.php(67): CodeIgniter\CodeIgniter->run()
 9 SYSTEMPATH\Commands\Server\rewrite.php(43): require_once('FCPATH\\index.php')
ERROR - 2022-11-16 01:57:45 --> mysqli_sql_exception: Unknown table 'etowa_esay_ppcinv.tblmas_material' in C:\xampp\htdocs\schedule_eps\system\Database\MySQLi\Connection.php:292
Stack trace:
#0 C:\xampp\htdocs\schedule_eps\system\Database\MySQLi\Connection.php(292): mysqli->query('SELECT tblmas_b...', 0)
#1 C:\xampp\htdocs\schedule_eps\system\Database\BaseConnection.php(693): CodeIgniter\Database\MySQLi\Connection->execute('SELECT tblmas_b...')
#2 C:\xampp\htdocs\schedule_eps\system\Database\BaseConnection.php(620): CodeIgniter\Database\BaseConnection->simpleQuery('SELECT tblmas_b...')
#3 C:\xampp\htdocs\schedule_eps\app\Models\ScheduleModel.php(181): CodeIgniter\Database\BaseConnection->query('SELECT tblmas_b...')
#4 C:\xampp\htdocs\schedule_eps\app\Controllers\Schedule.php(203): App\Models\ScheduleModel->getMaterial('2')
#5 C:\xampp\htdocs\schedule_eps\system\CodeIgniter.php(904): App\Controllers\Schedule->bom()
#6 C:\xampp\htdocs\schedule_eps\system\CodeIgniter.php(457): CodeIgniter\CodeIgniter->runController(Object(App\Controllers\Schedule))
#7 C:\xampp\htdocs\schedule_eps\system\CodeIgniter.php(340): CodeIgniter\CodeIgniter->handleRequest(NULL, Object(Config\Cache), false)
#8 C:\xampp\htdocs\schedule_eps\public\index.php(67): CodeIgniter\CodeIgniter->run()
#9 C:\xampp\htdocs\schedule_eps\system\Commands\Server\rewrite.php(43): require_once('C:\\xampp\\htdocs...')
#10 {main}
CRITICAL - 2022-11-16 01:57:45 --> Unknown table 'etowa_esay_ppcinv.tblmas_material'
in SYSTEMPATH\Database\MySQLi\Connection.php on line 292.
 1 SYSTEMPATH\Database\MySQLi\Connection.php(292): mysqli->query('SELECT tblmas_bom2.*, tblmas_material.* 
                        FROM tblmas_bom2 
                            JOIN tblmas_bom1 on tblmas_bom1.idfg = tblmas_bom2.idfg
                                    WHERE tblmas_bom2.idfg = \'2\' AND tblmas_bom1.stsdefault = 1', 0)
 2 SYSTEMPATH\Database\BaseConnection.php(693): CodeIgniter\Database\MySQLi\Connection->execute('SELECT tblmas_bom2.*, tblmas_material.* 
                        FROM tblmas_bom2 
                            JOIN tblmas_bom1 on tblmas_bom1.idfg = tblmas_bom2.idfg
                                    WHERE tblmas_bom2.idfg = \'2\' AND tblmas_bom1.stsdefault = 1')
 3 SYSTEMPATH\Database\BaseConnection.php(620): CodeIgniter\Database\BaseConnection->simpleQuery('SELECT tblmas_bom2.*, tblmas_material.* 
                        FROM tblmas_bom2 
                            JOIN tblmas_bom1 on tblmas_bom1.idfg = tblmas_bom2.idfg
                                    WHERE tblmas_bom2.idfg = \'2\' AND tblmas_bom1.stsdefault = 1')
 4 APPPATH\Models\ScheduleModel.php(181): CodeIgniter\Database\BaseConnection->query('SELECT tblmas_bom2.*, tblmas_material.* 
                        FROM tblmas_bom2 
                            JOIN tblmas_bom1 on tblmas_bom1.idfg = tblmas_bom2.idfg
                                    WHERE tblmas_bom2.idfg = \'2\' AND tblmas_bom1.stsdefault = 1')
 5 APPPATH\Controllers\Schedule.php(203): App\Models\ScheduleModel->getMaterial('2')
 6 SYSTEMPATH\CodeIgniter.php(904): App\Controllers\Schedule->bom()
 7 SYSTEMPATH\CodeIgniter.php(457): CodeIgniter\CodeIgniter->runController(Object(App\Controllers\Schedule))
 8 SYSTEMPATH\CodeIgniter.php(340): CodeIgniter\CodeIgniter->handleRequest(null, Object(Config\Cache), false)
 9 FCPATH\index.php(67): CodeIgniter\CodeIgniter->run()
10 SYSTEMPATH\Commands\Server\rewrite.php(43): require_once('FCPATH\\index.php')
CRITICAL - 2022-11-16 02:41:12 --> Undefined variable: data
in APPPATH\Models\ScheduleModel.php on line 137.
 1 APPPATH\Models\ScheduleModel.php(137): CodeIgniter\Debug\Exceptions->errorHandler(8, 'Undefined variable: data', 'APPPATH\\Models\\ScheduleModel.php', 137, [...])
 2 APPPATH\Controllers\Schedule.php(186): App\Models\ScheduleModel->getCAV_edit('0')
 3 SYSTEMPATH\CodeIgniter.php(904): App\Controllers\Schedule->cav_edit()
 4 SYSTEMPATH\CodeIgniter.php(457): CodeIgniter\CodeIgniter->runController(Object(App\Controllers\Schedule))
 5 SYSTEMPATH\CodeIgniter.php(340): CodeIgniter\CodeIgniter->handleRequest(null, Object(Config\Cache), false)
 6 FCPATH\index.php(67): CodeIgniter\CodeIgniter->run()
 7 SYSTEMPATH\Commands\Server\rewrite.php(43): require_once('FCPATH\\index.php')
CRITICAL - 2022-11-16 02:41:30 --> Undefined variable: data
in APPPATH\Models\ScheduleModel.php on line 137.
 1 APPPATH\Models\ScheduleModel.php(137): CodeIgniter\Debug\Exceptions->errorHandler(8, 'Undefined variable: data', 'APPPATH\\Models\\ScheduleModel.php', 137, [...])
 2 APPPATH\Controllers\Schedule.php(186): App\Models\ScheduleModel->getCAV_edit('0')
 3 SYSTEMPATH\CodeIgniter.php(904): App\Controllers\Schedule->cav_edit()
 4 SYSTEMPATH\CodeIgniter.php(457): CodeIgniter\CodeIgniter->runController(Object(App\Controllers\Schedule))
 5 SYSTEMPATH\CodeIgniter.php(340): CodeIgniter\CodeIgniter->handleRequest(null, Object(Config\Cache), false)
 6 FCPATH\index.php(67): CodeIgniter\CodeIgniter->run()
 7 SYSTEMPATH\Commands\Server\rewrite.php(43): require_once('FCPATH\\index.php')
CRITICAL - 2022-11-16 02:42:06 --> Undefined variable: data
in APPPATH\Models\ScheduleModel.php on line 137.
 1 APPPATH\Models\ScheduleModel.php(137): CodeIgniter\Debug\Exceptions->errorHandler(8, 'Undefined variable: data', 'APPPATH\\Models\\ScheduleModel.php', 137, [...])
 2 APPPATH\Controllers\Schedule.php(186): App\Models\ScheduleModel->getCAV_edit('0')
 3 SYSTEMPATH\CodeIgniter.php(904): App\Controllers\Schedule->cav_edit()
 4 SYSTEMPATH\CodeIgniter.php(457): CodeIgniter\CodeIgniter->runController(Object(App\Controllers\Schedule))
 5 SYSTEMPATH\CodeIgniter.php(340): CodeIgniter\CodeIgniter->handleRequest(null, Object(Config\Cache), false)
 6 FCPATH\index.php(67): CodeIgniter\CodeIgniter->run()
 7 SYSTEMPATH\Commands\Server\rewrite.php(43): require_once('FCPATH\\index.php')
CRITICAL - 2022-11-16 02:42:07 --> Undefined variable: data
in APPPATH\Models\ScheduleModel.php on line 137.
 1 APPPATH\Models\ScheduleModel.php(137): CodeIgniter\Debug\Exceptions->errorHandler(8, 'Undefined variable: data', 'APPPATH\\Models\\ScheduleModel.php', 137, [...])
 2 APPPATH\Controllers\Schedule.php(186): App\Models\ScheduleModel->getCAV_edit('0')
 3 SYSTEMPATH\CodeIgniter.php(904): App\Controllers\Schedule->cav_edit()
 4 SYSTEMPATH\CodeIgniter.php(457): CodeIgniter\CodeIgniter->runController(Object(App\Controllers\Schedule))
 5 SYSTEMPATH\CodeIgniter.php(340): CodeIgniter\CodeIgniter->handleRequest(null, Object(Config\Cache), false)
 6 FCPATH\index.php(67): CodeIgniter\CodeIgniter->run()
 7 SYSTEMPATH\Commands\Server\rewrite.php(43): require_once('FCPATH\\index.php')
CRITICAL - 2022-11-16 02:43:30 --> Undefined variable: data
in APPPATH\Models\ScheduleModel.php on line 137.
 1 APPPATH\Models\ScheduleModel.php(137): CodeIgniter\Debug\Exceptions->errorHandler(8, 'Undefined variable: data', 'APPPATH\\Models\\ScheduleModel.php', 137, [...])
 2 APPPATH\Controllers\Schedule.php(186): App\Models\ScheduleModel->getCAV_edit('0')
 3 SYSTEMPATH\CodeIgniter.php(904): App\Controllers\Schedule->cav_edit()
 4 SYSTEMPATH\CodeIgniter.php(457): CodeIgniter\CodeIgniter->runController(Object(App\Controllers\Schedule))
 5 SYSTEMPATH\CodeIgniter.php(340): CodeIgniter\CodeIgniter->handleRequest(null, Object(Config\Cache), false)
 6 FCPATH\index.php(67): CodeIgniter\CodeIgniter->run()
 7 SYSTEMPATH\Commands\Server\rewrite.php(43): require_once('FCPATH\\index.php')
CRITICAL - 2022-11-16 02:43:44 --> Undefined variable: data
in APPPATH\Models\ScheduleModel.php on line 137.
 1 APPPATH\Models\ScheduleModel.php(137): CodeIgniter\Debug\Exceptions->errorHandler(8, 'Undefined variable: data', 'APPPATH\\Models\\ScheduleModel.php', 137, [...])
 2 APPPATH\Controllers\Schedule.php(186): App\Models\ScheduleModel->getCAV_edit('0')
 3 SYSTEMPATH\CodeIgniter.php(904): App\Controllers\Schedule->cav_edit()
 4 SYSTEMPATH\CodeIgniter.php(457): CodeIgniter\CodeIgniter->runController(Object(App\Controllers\Schedule))
 5 SYSTEMPATH\CodeIgniter.php(340): CodeIgniter\CodeIgniter->handleRequest(null, Object(Config\Cache), false)
 6 FCPATH\index.php(67): CodeIgniter\CodeIgniter->run()
 7 SYSTEMPATH\Commands\Server\rewrite.php(43): require_once('FCPATH\\index.php')
CRITICAL - 2022-11-16 02:43:46 --> Undefined variable: data
in APPPATH\Models\ScheduleModel.php on line 137.
 1 APPPATH\Models\ScheduleModel.php(137): CodeIgniter\Debug\Exceptions->errorHandler(8, 'Undefined variable: data', 'APPPATH\\Models\\ScheduleModel.php', 137, [...])
 2 APPPATH\Controllers\Schedule.php(186): App\Models\ScheduleModel->getCAV_edit('0')
 3 SYSTEMPATH\CodeIgniter.php(904): App\Controllers\Schedule->cav_edit()
 4 SYSTEMPATH\CodeIgniter.php(457): CodeIgniter\CodeIgniter->runController(Object(App\Controllers\Schedule))
 5 SYSTEMPATH\CodeIgniter.php(340): CodeIgniter\CodeIgniter->handleRequest(null, Object(Config\Cache), false)
 6 FCPATH\index.php(67): CodeIgniter\CodeIgniter->run()
 7 SYSTEMPATH\Commands\Server\rewrite.php(43): require_once('FCPATH\\index.php')
CRITICAL - 2022-11-16 02:47:27 --> Undefined variable: data
in APPPATH\Models\ScheduleModel.php on line 137.
 1 APPPATH\Models\ScheduleModel.php(137): CodeIgniter\Debug\Exceptions->errorHandler(8, 'Undefined variable: data', 'APPPATH\\Models\\ScheduleModel.php', 137, [...])
 2 APPPATH\Controllers\Schedule.php(186): App\Models\ScheduleModel->getCAV_edit(null)
 3 SYSTEMPATH\CodeIgniter.php(904): App\Controllers\Schedule->cav_edit()
 4 SYSTEMPATH\CodeIgniter.php(457): CodeIgniter\CodeIgniter->runController(Object(App\Controllers\Schedule))
 5 SYSTEMPATH\CodeIgniter.php(340): CodeIgniter\CodeIgniter->handleRequest(null, Object(Config\Cache), false)
 6 FCPATH\index.php(67): CodeIgniter\CodeIgniter->run()
 7 SYSTEMPATH\Commands\Server\rewrite.php(43): require_once('FCPATH\\index.php')
CRITICAL - 2022-11-16 02:47:29 --> Undefined variable: data
in APPPATH\Models\ScheduleModel.php on line 137.
 1 APPPATH\Models\ScheduleModel.php(137): CodeIgniter\Debug\Exceptions->errorHandler(8, 'Undefined variable: data', 'APPPATH\\Models\\ScheduleModel.php', 137, [...])
 2 APPPATH\Controllers\Schedule.php(186): App\Models\ScheduleModel->getCAV_edit(null)
 3 SYSTEMPATH\CodeIgniter.php(904): App\Controllers\Schedule->cav_edit()
 4 SYSTEMPATH\CodeIgniter.php(457): CodeIgniter\CodeIgniter->runController(Object(App\Controllers\Schedule))
 5 SYSTEMPATH\CodeIgniter.php(340): CodeIgniter\CodeIgniter->handleRequest(null, Object(Config\Cache), false)
 6 FCPATH\index.php(67): CodeIgniter\CodeIgniter->run()
 7 SYSTEMPATH\Commands\Server\rewrite.php(43): require_once('FCPATH\\index.php')
CRITICAL - 2022-11-16 02:47:31 --> Undefined variable: data
in APPPATH\Models\ScheduleModel.php on line 137.
 1 APPPATH\Models\ScheduleModel.php(137): CodeIgniter\Debug\Exceptions->errorHandler(8, 'Undefined variable: data', 'APPPATH\\Models\\ScheduleModel.php', 137, [...])
 2 APPPATH\Controllers\Schedule.php(186): App\Models\ScheduleModel->getCAV_edit(null)
 3 SYSTEMPATH\CodeIgniter.php(904): App\Controllers\Schedule->cav_edit()
 4 SYSTEMPATH\CodeIgniter.php(457): CodeIgniter\CodeIgniter->runController(Object(App\Controllers\Schedule))
 5 SYSTEMPATH\CodeIgniter.php(340): CodeIgniter\CodeIgniter->handleRequest(null, Object(Config\Cache), false)
 6 FCPATH\index.php(67): CodeIgniter\CodeIgniter->run()
 7 SYSTEMPATH\Commands\Server\rewrite.php(43): require_once('FCPATH\\index.php')
CRITICAL - 2022-11-16 02:47:32 --> Undefined variable: data
in APPPATH\Models\ScheduleModel.php on line 137.
 1 APPPATH\Models\ScheduleModel.php(137): CodeIgniter\Debug\Exceptions->errorHandler(8, 'Undefined variable: data', 'APPPATH\\Models\\ScheduleModel.php', 137, [...])
 2 APPPATH\Controllers\Schedule.php(186): App\Models\ScheduleModel->getCAV_edit(null)
 3 SYSTEMPATH\CodeIgniter.php(904): App\Controllers\Schedule->cav_edit()
 4 SYSTEMPATH\CodeIgniter.php(457): CodeIgniter\CodeIgniter->runController(Object(App\Controllers\Schedule))
 5 SYSTEMPATH\CodeIgniter.php(340): CodeIgniter\CodeIgniter->handleRequest(null, Object(Config\Cache), false)
 6 FCPATH\index.php(67): CodeIgniter\CodeIgniter->run()
 7 SYSTEMPATH\Commands\Server\rewrite.php(43): require_once('FCPATH\\index.php')
CRITICAL - 2022-11-16 02:49:16 --> Undefined variable: data
in APPPATH\Models\ScheduleModel.php on line 137.
 1 APPPATH\Models\ScheduleModel.php(137): CodeIgniter\Debug\Exceptions->errorHandler(8, 'Undefined variable: data', 'APPPATH\\Models\\ScheduleModel.php', 137, [...])
 2 APPPATH\Controllers\Schedule.php(186): App\Models\ScheduleModel->getCAV_edit(null)
 3 SYSTEMPATH\CodeIgniter.php(904): App\Controllers\Schedule->cav_edit()
 4 SYSTEMPATH\CodeIgniter.php(457): CodeIgniter\CodeIgniter->runController(Object(App\Controllers\Schedule))
 5 SYSTEMPATH\CodeIgniter.php(340): CodeIgniter\CodeIgniter->handleRequest(null, Object(Config\Cache), false)
 6 FCPATH\index.php(67): CodeIgniter\CodeIgniter->run()
 7 SYSTEMPATH\Commands\Server\rewrite.php(43): require_once('FCPATH\\index.php')
CRITICAL - 2022-11-16 02:49:18 --> Undefined variable: data
in APPPATH\Models\ScheduleModel.php on line 137.
 1 APPPATH\Models\ScheduleModel.php(137): CodeIgniter\Debug\Exceptions->errorHandler(8, 'Undefined variable: data', 'APPPATH\\Models\\ScheduleModel.php', 137, [...])
 2 APPPATH\Controllers\Schedule.php(186): App\Models\ScheduleModel->getCAV_edit(null)
 3 SYSTEMPATH\CodeIgniter.php(904): App\Controllers\Schedule->cav_edit()
 4 SYSTEMPATH\CodeIgniter.php(457): CodeIgniter\CodeIgniter->runController(Object(App\Controllers\Schedule))
 5 SYSTEMPATH\CodeIgniter.php(340): CodeIgniter\CodeIgniter->handleRequest(null, Object(Config\Cache), false)
 6 FCPATH\index.php(67): CodeIgniter\CodeIgniter->run()
 7 SYSTEMPATH\Commands\Server\rewrite.php(43): require_once('FCPATH\\index.php')
CRITICAL - 2022-11-16 02:50:16 --> Undefined variable: data
in APPPATH\Models\ScheduleModel.php on line 137.
 1 APPPATH\Models\ScheduleModel.php(137): CodeIgniter\Debug\Exceptions->errorHandler(8, 'Undefined variable: data', 'APPPATH\\Models\\ScheduleModel.php', 137, [...])
 2 APPPATH\Controllers\Schedule.php(186): App\Models\ScheduleModel->getCAV_edit(null)
 3 SYSTEMPATH\CodeIgniter.php(904): App\Controllers\Schedule->cav_edit()
 4 SYSTEMPATH\CodeIgniter.php(457): CodeIgniter\CodeIgniter->runController(Object(App\Controllers\Schedule))
 5 SYSTEMPATH\CodeIgniter.php(340): CodeIgniter\CodeIgniter->handleRequest(null, Object(Config\Cache), false)
 6 FCPATH\index.php(67): CodeIgniter\CodeIgniter->run()
 7 SYSTEMPATH\Commands\Server\rewrite.php(43): require_once('FCPATH\\index.php')
CRITICAL - 2022-11-16 02:59:22 --> Division by zero
in APPPATH\Controllers\Schedule.php on line 229.
 1 APPPATH\Controllers\Schedule.php(229): CodeIgniter\Debug\Exceptions->errorHandler(2, 'Division by zero', 'APPPATH\\Controllers\\Schedule.php', 229, [])
 2 SYSTEMPATH\CodeIgniter.php(904): App\Controllers\Schedule->updateform()
 3 SYSTEMPATH\CodeIgniter.php(457): CodeIgniter\CodeIgniter->runController(Object(App\Controllers\Schedule))
 4 SYSTEMPATH\CodeIgniter.php(340): CodeIgniter\CodeIgniter->handleRequest(null, Object(Config\Cache), false)
 5 FCPATH\index.php(67): CodeIgniter\CodeIgniter->run()
 6 SYSTEMPATH\Commands\Server\rewrite.php(43): require_once('FCPATH\\index.php')
CRITICAL - 2022-11-16 03:09:25 --> syntax error, unexpected '=>' (T_DOUBLE_ARROW), expecting ']'
in APPPATH\Controllers\Schedule.php on line 98.
 1 SYSTEMPATH\Router\Router.php(499): CodeIgniter\Router\AutoRouter->getRoute('schedule/viewform')
 2 SYSTEMPATH\Router\Router.php(205): CodeIgniter\Router\Router->autoRoute('schedule/viewform')
 3 SYSTEMPATH\CodeIgniter.php(779): CodeIgniter\Router\Router->handle('schedule/viewform')
 4 SYSTEMPATH\CodeIgniter.php(406): CodeIgniter\CodeIgniter->tryToRouteIt(Object(CodeIgniter\Router\RouteCollection))
 5 SYSTEMPATH\CodeIgniter.php(340): CodeIgniter\CodeIgniter->handleRequest(null, Object(Config\Cache), false)
 6 FCPATH\index.php(67): CodeIgniter\CodeIgniter->run()
 7 SYSTEMPATH\Commands\Server\rewrite.php(43): require_once('FCPATH\\index.php')
ERROR - 2022-11-16 03:25:50 --> mysqli_sql_exception: You have an error in your SQL syntax; check the manual that corresponds to your MariaDB server version for the right syntax to use near '' at line 1 in C:\xampp\htdocs\schedule_eps\system\Database\MySQLi\Connection.php:292
Stack trace:
#0 C:\xampp\htdocs\schedule_eps\system\Database\MySQLi\Connection.php(292): mysqli->query('SELECT * FROM t...', 0)
#1 C:\xampp\htdocs\schedule_eps\system\Database\BaseConnection.php(693): CodeIgniter\Database\MySQLi\Connection->execute('SELECT * FROM t...')
#2 C:\xampp\htdocs\schedule_eps\system\Database\BaseConnection.php(620): CodeIgniter\Database\BaseConnection->simpleQuery('SELECT * FROM t...')
#3 C:\xampp\htdocs\schedule_eps\app\Models\ScheduleModel.php(115): CodeIgniter\Database\BaseConnection->query('SELECT * FROM t...')
#4 C:\xampp\htdocs\schedule_eps\app\Controllers\Schedule.php(58): App\Models\ScheduleModel->getRevno(NULL)
#5 C:\xampp\htdocs\schedule_eps\system\CodeIgniter.php(904): App\Controllers\Schedule->viewupdate()
#6 C:\xampp\htdocs\schedule_eps\system\CodeIgniter.php(457): CodeIgniter\CodeIgniter->runController(Object(App\Controllers\Schedule))
#7 C:\xampp\htdocs\schedule_eps\system\CodeIgniter.php(340): CodeIgniter\CodeIgniter->handleRequest(NULL, Object(Config\Cache), false)
#8 C:\xampp\htdocs\schedule_eps\public\index.php(67): CodeIgniter\CodeIgniter->run()
#9 C:\xampp\htdocs\schedule_eps\system\Commands\Server\rewrite.php(43): require_once('C:\\xampp\\htdocs...')
#10 {main}
CRITICAL - 2022-11-16 03:25:50 --> You have an error in your SQL syntax; check the manual that corresponds to your MariaDB server version for the right syntax to use near '' at line 1
in SYSTEMPATH\Database\MySQLi\Connection.php on line 292.
 1 SYSTEMPATH\Database\MySQLi\Connection.php(292): mysqli->query('SELECT * FROM tblmas_bom2 WHERE idfg = ', 0)
 2 SYSTEMPATH\Database\BaseConnection.php(693): CodeIgniter\Database\MySQLi\Connection->execute('SELECT * FROM tblmas_bom2 WHERE idfg = ')
 3 SYSTEMPATH\Database\BaseConnection.php(620): CodeIgniter\Database\BaseConnection->simpleQuery('SELECT * FROM tblmas_bom2 WHERE idfg = ')
 4 APPPATH\Models\ScheduleModel.php(115): CodeIgniter\Database\BaseConnection->query('SELECT * FROM tblmas_bom2 WHERE idfg = ')
 5 APPPATH\Controllers\Schedule.php(58): App\Models\ScheduleModel->getRevno(null)
 6 SYSTEMPATH\CodeIgniter.php(904): App\Controllers\Schedule->viewupdate()
 7 SYSTEMPATH\CodeIgniter.php(457): CodeIgniter\CodeIgniter->runController(Object(App\Controllers\Schedule))
 8 SYSTEMPATH\CodeIgniter.php(340): CodeIgniter\CodeIgniter->handleRequest(null, Object(Config\Cache), false)
 9 FCPATH\index.php(67): CodeIgniter\CodeIgniter->run()
10 SYSTEMPATH\Commands\Server\rewrite.php(43): require_once('FCPATH\\index.php')
CRITICAL - 2022-11-16 03:45:21 --> Illegal string offset 'revno'
in APPPATH\Views\schedule_eps\planner\list_edit_schedule.php on line 57.
 1 APPPATH\Views\schedule_eps\planner\list_edit_schedule.php(57): CodeIgniter\Debug\Exceptions->errorHandler(2, 'Illegal string offset \'revno\'', 'APPPATH\\Views\\schedule_eps\\planner\\list_edit_schedule.php', 57, [...])
 2 SYSTEMPATH\View\View.php(213): include('APPPATH\\Views\\schedule_eps\\planner\\list_edit_schedule.php')
 3 SYSTEMPATH\View\View.php(216): CodeIgniter\View\View->CodeIgniter\View\{closure}()
 4 SYSTEMPATH\Common.php(1137): CodeIgniter\View\View->render('schedule_eps/planner/list_edit_schedule', [], true)
 5 APPPATH\Controllers\Schedule.php(58): view('schedule_eps/planner/list_edit_schedule', [...])
 6 SYSTEMPATH\CodeIgniter.php(904): App\Controllers\Schedule->viewupdate()
 7 SYSTEMPATH\CodeIgniter.php(457): CodeIgniter\CodeIgniter->runController(Object(App\Controllers\Schedule))
 8 SYSTEMPATH\CodeIgniter.php(340): CodeIgniter\CodeIgniter->handleRequest(null, Object(Config\Cache), false)
 9 FCPATH\index.php(67): CodeIgniter\CodeIgniter->run()
10 SYSTEMPATH\Commands\Server\rewrite.php(43): require_once('FCPATH\\index.php')
ERROR - 2022-11-16 19:08:57 --> Error connecting to the database: mysqli_sql_exception: No connection could be made because the target machine actively refused it.
 in C:\xampp\htdocs\schedule_eps\system\Database\MySQLi\Connection.php:171
Stack trace:
#0 C:\xampp\htdocs\schedule_eps\system\Database\MySQLi\Connection.php(171): mysqli->real_connect('localhost', 'root', '', 'etowa_esay_ppci...', 3306, '', 0)
#1 C:\xampp\htdocs\schedule_eps\system\Database\BaseConnection.php(382): CodeIgniter\Database\MySQLi\Connection->connect(false)
#2 C:\xampp\htdocs\schedule_eps\system\Database\BaseConnection.php(588): CodeIgniter\Database\BaseConnection->initialize()
#3 C:\xampp\htdocs\schedule_eps\system\Database\BaseBuilder.php(1585): CodeIgniter\Database\BaseConnection->query('SELECT *\nFROM `...', Array, false)
#4 C:\xampp\htdocs\schedule_eps\app\Models\AuthModel.php(17): CodeIgniter\Database\BaseBuilder->get()
#5 C:\xampp\htdocs\schedule_eps\app\Controllers\Auth.php(46): App\Models\AuthModel->login('fauzan', '7110eda4d09e062...')
#6 C:\xampp\htdocs\schedule_eps\system\CodeIgniter.php(904): App\Controllers\Auth->login()
#7 C:\xampp\htdocs\schedule_eps\system\CodeIgniter.php(457): CodeIgniter\CodeIgniter->runController(Object(App\Controllers\Auth))
#8 C:\xampp\htdocs\schedule_eps\system\CodeIgniter.php(340): CodeIgniter\CodeIgniter->handleRequest(NULL, Object(Config\Cache), false)
#9 C:\xampp\htdocs\schedule_eps\public\index.php(67): CodeIgniter\CodeIgniter->run()
#10 C:\xampp\htdocs\schedule_eps\system\Commands\Server\rewrite.php(43): require_once('C:\\xampp\\htdocs...')
#11 {main}

Next CodeIgniter\Database\Exceptions\DatabaseException: No connection could be made because the target machine actively refused it.
 in C:\xampp\htdocs\schedule_eps\system\Database\MySQLi\Connection.php:215
Stack trace:
#0 C:\xampp\htdocs\schedule_eps\system\Database\BaseConnection.php(382): CodeIgniter\Database\MySQLi\Connection->connect(false)
#1 C:\xampp\htdocs\schedule_eps\system\Database\BaseConnection.php(588): CodeIgniter\Database\BaseConnection->initialize()
#2 C:\xampp\htdocs\schedule_eps\system\Database\BaseBuilder.php(1585): CodeIgniter\Database\BaseConnection->query('SELECT *\nFROM `...', Array, false)
#3 C:\xampp\htdocs\schedule_eps\app\Models\AuthModel.php(17): CodeIgniter\Database\BaseBuilder->get()
#4 C:\xampp\htdocs\schedule_eps\app\Controllers\Auth.php(46): App\Models\AuthModel->login('fauzan', '7110eda4d09e062...')
#5 C:\xampp\htdocs\schedule_eps\system\CodeIgniter.php(904): App\Controllers\Auth->login()
#6 C:\xampp\htdocs\schedule_eps\system\CodeIgniter.php(457): CodeIgniter\CodeIgniter->runController(Object(App\Controllers\Auth))
#7 C:\xampp\htdocs\schedule_eps\system\CodeIgniter.php(340): CodeIgniter\CodeIgniter->handleRequest(NULL, Object(Config\Cache), false)
#8 C:\xampp\htdocs\schedule_eps\public\index.php(67): CodeIgniter\CodeIgniter->run()
#9 C:\xampp\htdocs\schedule_eps\system\Commands\Server\rewrite.php(43): require_once('C:\\xampp\\htdocs...')
#10 {main}
CRITICAL - 2022-11-16 19:08:57 --> Unable to connect to the database.
Main connection [MySQLi]: No connection could be made because the target machine actively refused it.

in SYSTEMPATH\Database\BaseConnection.php on line 418.
 1 SYSTEMPATH\Database\BaseConnection.php(588): CodeIgniter\Database\BaseConnection->initialize()
 2 SYSTEMPATH\Database\BaseBuilder.php(1585): CodeIgniter\Database\BaseConnection->query('SELECT *
FROM `tblweb_users`
WHERE `username` = :username:
AND `password` = :password:', [...], false)
 3 APPPATH\Models\AuthModel.php(17): CodeIgniter\Database\BaseBuilder->get()
 4 APPPATH\Controllers\Auth.php(46): App\Models\AuthModel->login('fauzan', '7110eda4d09e062aa5e4a390b0a572ac0d2c0220')
 5 SYSTEMPATH\CodeIgniter.php(904): App\Controllers\Auth->login()
 6 SYSTEMPATH\CodeIgniter.php(457): CodeIgniter\CodeIgniter->runController(Object(App\Controllers\Auth))
 7 SYSTEMPATH\CodeIgniter.php(340): CodeIgniter\CodeIgniter->handleRequest(null, Object(Config\Cache), false)
 8 FCPATH\index.php(67): CodeIgniter\CodeIgniter->run()
 9 SYSTEMPATH\Commands\Server\rewrite.php(43): require_once('FCPATH\\index.php')
CRITICAL - 2022-11-16 19:52:56 --> Undefined variable: fg
in APPPATH\Controllers\Schedule.php on line 48.
 1 APPPATH\Controllers\Schedule.php(48): CodeIgniter\Debug\Exceptions->errorHandler(8, 'Undefined variable: fg', 'APPPATH\\Controllers\\Schedule.php', 48, [...])
 2 SYSTEMPATH\CodeIgniter.php(904): App\Controllers\Schedule->viewupdate()
 3 SYSTEMPATH\CodeIgniter.php(457): CodeIgniter\CodeIgniter->runController(Object(App\Controllers\Schedule))
 4 SYSTEMPATH\CodeIgniter.php(340): CodeIgniter\CodeIgniter->handleRequest(null, Object(Config\Cache), false)
 5 FCPATH\index.php(67): CodeIgniter\CodeIgniter->run()
 6 SYSTEMPATH\Commands\Server\rewrite.php(43): require_once('FCPATH\\index.php')
CRITICAL - 2022-11-16 21:02:45 --> Undefined property: App\Controllers\Schedule::$input
in APPPATH\Controllers\Schedule.php on line 168.
 1 APPPATH\Controllers\Schedule.php(168): CodeIgniter\Debug\Exceptions->errorHandler(8, 'Undefined property: App\\Controllers\\Schedule::$input', 'APPPATH\\Controllers\\Schedule.php', 168, [])
 2 SYSTEMPATH\CodeIgniter.php(904): App\Controllers\Schedule->masfg()
 3 SYSTEMPATH\CodeIgniter.php(457): CodeIgniter\CodeIgniter->runController(Object(App\Controllers\Schedule))
 4 SYSTEMPATH\CodeIgniter.php(340): CodeIgniter\CodeIgniter->handleRequest(null, Object(Config\Cache), false)
 5 FCPATH\index.php(67): CodeIgniter\CodeIgniter->run()
 6 SYSTEMPATH\Commands\Server\rewrite.php(43): require_once('FCPATH\\index.php')
CRITICAL - 2022-11-16 21:02:57 --> Undefined property: App\Controllers\Schedule::$input
in APPPATH\Controllers\Schedule.php on line 168.
 1 APPPATH\Controllers\Schedule.php(168): CodeIgniter\Debug\Exceptions->errorHandler(8, 'Undefined property: App\\Controllers\\Schedule::$input', 'APPPATH\\Controllers\\Schedule.php', 168, [])
 2 SYSTEMPATH\CodeIgniter.php(904): App\Controllers\Schedule->masfg()
 3 SYSTEMPATH\CodeIgniter.php(457): CodeIgniter\CodeIgniter->runController(Object(App\Controllers\Schedule))
 4 SYSTEMPATH\CodeIgniter.php(340): CodeIgniter\CodeIgniter->handleRequest(null, Object(Config\Cache), false)
 5 FCPATH\index.php(67): CodeIgniter\CodeIgniter->run()
 6 SYSTEMPATH\Commands\Server\rewrite.php(43): require_once('FCPATH\\index.php')
