CRITICAL - 2022-11-10 00:14:02 --> Too few arguments to function App\Models\ReleaseModel::release(), 0 passed in C:\xampp\htdocs\schedule_1\app\Controllers\Release.php on line 38 and exactly 1 expected
in APPPATH\Models\ReleaseModel.php on line 10.
 1 APPPATH\Controllers\Release.php(38): App\Models\ReleaseModel->release()
 2 SYSTEMPATH\CodeIgniter.php(904): App\Controllers\Release->viewreleasekaryawan()
 3 SYSTEMPATH\CodeIgniter.php(457): CodeIgniter\CodeIgniter->runController(Object(App\Controllers\Release))
 4 SYSTEMPATH\CodeIgniter.php(340): CodeIgniter\CodeIgniter->handleRequest(null, Object(Config\Cache), false)
 5 FCPATH\index.php(67): CodeIgniter\CodeIgniter->run()
 6 SYSTEMPATH\Commands\Server\rewrite.php(43): require_once('FCPATH\\index.php')
CRITICAL - 2022-11-10 00:27:01 --> Undefined index: tgl
in APPPATH\Views\schedule_eps\planner\list_release.php on line 60.
 1 APPPATH\Views\schedule_eps\planner\list_release.php(60): CodeIgniter\Debug\Exceptions->errorHandler(8, 'Undefined index: tgl', 'APPPATH\\Views\\schedule_eps\\planner\\list_release.php', 60, [...])
 2 SYSTEMPATH\View\View.php(213): include('APPPATH\\Views\\schedule_eps\\planner\\list_release.php')
 3 SYSTEMPATH\View\View.php(216): CodeIgniter\View\View->CodeIgniter\View\{closure}()
 4 SYSTEMPATH\Common.php(1137): CodeIgniter\View\View->render('schedule_eps/planner/list_release', [], true)
 5 APPPATH\Controllers\Release.php(31): view('schedule_eps/planner/list_release', [...])
 6 SYSTEMPATH\CodeIgniter.php(904): App\Controllers\Release->viewrelease()
 7 SYSTEMPATH\CodeIgniter.php(457): CodeIgniter\CodeIgniter->runController(Object(App\Controllers\Release))
 8 SYSTEMPATH\CodeIgniter.php(340): CodeIgniter\CodeIgniter->handleRequest(null, Object(Config\Cache), false)
 9 FCPATH\index.php(67): CodeIgniter\CodeIgniter->run()
10 SYSTEMPATH\Commands\Server\rewrite.php(43): require_once('FCPATH\\index.php')
CRITICAL - 2022-11-10 00:28:55 --> Undefined variable: note_list
in APPPATH\Views\schedule_eps\planner\list_release.php on line 60.
 1 APPPATH\Views\schedule_eps\planner\list_release.php(60): CodeIgniter\Debug\Exceptions->errorHandler(8, 'Undefined variable: note_list', 'APPPATH\\Views\\schedule_eps\\planner\\list_release.php', 60, [...])
 2 SYSTEMPATH\View\View.php(213): include('APPPATH\\Views\\schedule_eps\\planner\\list_release.php')
 3 SYSTEMPATH\View\View.php(216): CodeIgniter\View\View->CodeIgniter\View\{closure}()
 4 SYSTEMPATH\Common.php(1137): CodeIgniter\View\View->render('schedule_eps/planner/list_release', [], true)
 5 APPPATH\Controllers\Release.php(31): view('schedule_eps/planner/list_release', [...])
 6 SYSTEMPATH\CodeIgniter.php(904): App\Controllers\Release->viewrelease()
 7 SYSTEMPATH\CodeIgniter.php(457): CodeIgniter\CodeIgniter->runController(Object(App\Controllers\Release))
 8 SYSTEMPATH\CodeIgniter.php(340): CodeIgniter\CodeIgniter->handleRequest(null, Object(Config\Cache), false)
 9 FCPATH\index.php(67): CodeIgniter\CodeIgniter->run()
10 SYSTEMPATH\Commands\Server\rewrite.php(43): require_once('FCPATH\\index.php')
CRITICAL - 2022-11-10 00:29:16 --> Undefined variable: note_list
in APPPATH\Views\schedule_eps\planner\list_release.php on line 60.
 1 APPPATH\Views\schedule_eps\planner\list_release.php(60): CodeIgniter\Debug\Exceptions->errorHandler(8, 'Undefined variable: note_list', 'APPPATH\\Views\\schedule_eps\\planner\\list_release.php', 60, [...])
 2 SYSTEMPATH\View\View.php(213): include('APPPATH\\Views\\schedule_eps\\planner\\list_release.php')
 3 SYSTEMPATH\View\View.php(216): CodeIgniter\View\View->CodeIgniter\View\{closure}()
 4 SYSTEMPATH\Common.php(1137): CodeIgniter\View\View->render('schedule_eps/planner/list_release', [], true)
 5 APPPATH\Controllers\Release.php(31): view('schedule_eps/planner/list_release', [...])
 6 SYSTEMPATH\CodeIgniter.php(904): App\Controllers\Release->viewrelease()
 7 SYSTEMPATH\CodeIgniter.php(457): CodeIgniter\CodeIgniter->runController(Object(App\Controllers\Release))
 8 SYSTEMPATH\CodeIgniter.php(340): CodeIgniter\CodeIgniter->handleRequest(null, Object(Config\Cache), false)
 9 FCPATH\index.php(67): CodeIgniter\CodeIgniter->run()
10 SYSTEMPATH\Commands\Server\rewrite.php(43): require_once('FCPATH\\index.php')
CRITICAL - 2022-11-10 00:31:18 --> Undefined variable: note_list
in APPPATH\Views\schedule_eps\planner\list_release.php on line 60.
 1 APPPATH\Views\schedule_eps\planner\list_release.php(60): CodeIgniter\Debug\Exceptions->errorHandler(8, 'Undefined variable: note_list', 'APPPATH\\Views\\schedule_eps\\planner\\list_release.php', 60, [...])
 2 SYSTEMPATH\View\View.php(213): include('APPPATH\\Views\\schedule_eps\\planner\\list_release.php')
 3 SYSTEMPATH\View\View.php(216): CodeIgniter\View\View->CodeIgniter\View\{closure}()
 4 SYSTEMPATH\Common.php(1137): CodeIgniter\View\View->render('schedule_eps/planner/list_release', [], true)
 5 APPPATH\Controllers\Release.php(31): view('schedule_eps/planner/list_release', [...])
 6 SYSTEMPATH\CodeIgniter.php(904): App\Controllers\Release->viewrelease()
 7 SYSTEMPATH\CodeIgniter.php(457): CodeIgniter\CodeIgniter->runController(Object(App\Controllers\Release))
 8 SYSTEMPATH\CodeIgniter.php(340): CodeIgniter\CodeIgniter->handleRequest(null, Object(Config\Cache), false)
 9 FCPATH\index.php(67): CodeIgniter\CodeIgniter->run()
10 SYSTEMPATH\Commands\Server\rewrite.php(43): require_once('FCPATH\\index.php')
CRITICAL - 2022-11-10 00:31:39 --> Undefined index: tgl
in APPPATH\Views\schedule_eps\planner\list_release.php on line 60.
 1 APPPATH\Views\schedule_eps\planner\list_release.php(60): CodeIgniter\Debug\Exceptions->errorHandler(8, 'Undefined index: tgl', 'APPPATH\\Views\\schedule_eps\\planner\\list_release.php', 60, [...])
 2 SYSTEMPATH\View\View.php(213): include('APPPATH\\Views\\schedule_eps\\planner\\list_release.php')
 3 SYSTEMPATH\View\View.php(216): CodeIgniter\View\View->CodeIgniter\View\{closure}()
 4 SYSTEMPATH\Common.php(1137): CodeIgniter\View\View->render('schedule_eps/planner/list_release', [], true)
 5 APPPATH\Controllers\Release.php(31): view('schedule_eps/planner/list_release', [...])
 6 SYSTEMPATH\CodeIgniter.php(904): App\Controllers\Release->viewrelease()
 7 SYSTEMPATH\CodeIgniter.php(457): CodeIgniter\CodeIgniter->runController(Object(App\Controllers\Release))
 8 SYSTEMPATH\CodeIgniter.php(340): CodeIgniter\CodeIgniter->handleRequest(null, Object(Config\Cache), false)
 9 FCPATH\index.php(67): CodeIgniter\CodeIgniter->run()
10 SYSTEMPATH\Commands\Server\rewrite.php(43): require_once('FCPATH\\index.php')
CRITICAL - 2022-11-10 03:18:56 --> Class 'App\Models\ReleaseKaryawanModel' not found
in APPPATH\Controllers\Release.php on line 16.
 1 SYSTEMPATH\CodeIgniter.php(866): App\Controllers\Release->__construct()
 2 SYSTEMPATH\CodeIgniter.php(448): CodeIgniter\CodeIgniter->createController()
 3 SYSTEMPATH\CodeIgniter.php(340): CodeIgniter\CodeIgniter->handleRequest(null, Object(Config\Cache), false)
 4 FCPATH\index.php(67): CodeIgniter\CodeIgniter->run()
 5 SYSTEMPATH\Commands\Server\rewrite.php(43): require_once('FCPATH\\index.php')
ERROR - 2022-11-10 07:16:59 --> mysqli_sql_exception: Table 'etowa.tblfile_form_release' doesn't exist in C:\xampp\htdocs\schedule_1\system\Database\MySQLi\Connection.php:292
Stack trace:
#0 C:\xampp\htdocs\schedule_1\system\Database\MySQLi\Connection.php(292): mysqli->query('SELECT *\nFROM `...', 0)
#1 C:\xampp\htdocs\schedule_1\system\Database\BaseConnection.php(693): CodeIgniter\Database\MySQLi\Connection->execute('SELECT *\nFROM `...')
#2 C:\xampp\htdocs\schedule_1\system\Database\BaseConnection.php(620): CodeIgniter\Database\BaseConnection->simpleQuery('SELECT *\nFROM `...')
#3 C:\xampp\htdocs\schedule_1\system\Database\BaseBuilder.php(1585): CodeIgniter\Database\BaseConnection->query('SELECT *\nFROM `...', Array, false)
#4 C:\xampp\htdocs\schedule_1\app\Models\ReleaseModel.php(12): CodeIgniter\Database\BaseBuilder->get()
#5 C:\xampp\htdocs\schedule_1\app\Controllers\Release.php(26): App\Models\ReleaseModel->release('31-12-1969')
#6 C:\xampp\htdocs\schedule_1\system\CodeIgniter.php(904): App\Controllers\Release->viewrelease()
#7 C:\xampp\htdocs\schedule_1\system\CodeIgniter.php(457): CodeIgniter\CodeIgniter->runController(Object(App\Controllers\Release))
#8 C:\xampp\htdocs\schedule_1\system\CodeIgniter.php(340): CodeIgniter\CodeIgniter->handleRequest(NULL, Object(Config\Cache), false)
#9 C:\xampp\htdocs\schedule_1\public\index.php(67): CodeIgniter\CodeIgniter->run()
#10 C:\xampp\htdocs\schedule_1\system\Commands\Server\rewrite.php(43): require_once('C:\\xampp\\htdocs...')
#11 {main}
CRITICAL - 2022-11-10 07:16:59 --> Table 'etowa.tblfile_form_release' doesn't exist
in SYSTEMPATH\Database\MySQLi\Connection.php on line 292.
 1 SYSTEMPATH\Database\MySQLi\Connection.php(292): mysqli->query('SELECT *
FROM `tblfile_form_release`', 0)
 2 SYSTEMPATH\Database\BaseConnection.php(693): CodeIgniter\Database\MySQLi\Connection->execute('SELECT *
FROM `tblfile_form_release`')
 3 SYSTEMPATH\Database\BaseConnection.php(620): CodeIgniter\Database\BaseConnection->simpleQuery('SELECT *
FROM `tblfile_form_release`')
 4 SYSTEMPATH\Database\BaseBuilder.php(1585): CodeIgniter\Database\BaseConnection->query('SELECT *
FROM `tblfile_form_release`', [], false)
 5 APPPATH\Models\ReleaseModel.php(12): CodeIgniter\Database\BaseBuilder->get()
 6 APPPATH\Controllers\Release.php(26): App\Models\ReleaseModel->release('31-12-1969')
 7 SYSTEMPATH\CodeIgniter.php(904): App\Controllers\Release->viewrelease()
 8 SYSTEMPATH\CodeIgniter.php(457): CodeIgniter\CodeIgniter->runController(Object(App\Controllers\Release))
 9 SYSTEMPATH\CodeIgniter.php(340): CodeIgniter\CodeIgniter->handleRequest(null, Object(Config\Cache), false)
10 FCPATH\index.php(67): CodeIgniter\CodeIgniter->run()
11 SYSTEMPATH\Commands\Server\rewrite.php(43): require_once('FCPATH\\index.php')
ERROR - 2022-11-10 07:25:31 --> mysqli_sql_exception: Unknown column 'tgl_rilis' in 'where clause' in C:\xampp\htdocs\schedule_1\system\Database\MySQLi\Connection.php:292
Stack trace:
#0 C:\xampp\htdocs\schedule_1\system\Database\MySQLi\Connection.php(292): mysqli->query('SELECT * FROM t...', 0)
#1 C:\xampp\htdocs\schedule_1\system\Database\BaseConnection.php(693): CodeIgniter\Database\MySQLi\Connection->execute('SELECT * FROM t...')
#2 C:\xampp\htdocs\schedule_1\system\Database\BaseConnection.php(620): CodeIgniter\Database\BaseConnection->simpleQuery('SELECT * FROM t...')
#3 C:\xampp\htdocs\schedule_1\app\Models\ReleaseModel.php(43): CodeIgniter\Database\BaseConnection->query('SELECT * FROM t...')
#4 C:\xampp\htdocs\schedule_1\app\Controllers\Release.php(28): App\Models\ReleaseModel->release_note('31-12-1969')
#5 C:\xampp\htdocs\schedule_1\system\CodeIgniter.php(904): App\Controllers\Release->viewrelease()
#6 C:\xampp\htdocs\schedule_1\system\CodeIgniter.php(457): CodeIgniter\CodeIgniter->runController(Object(App\Controllers\Release))
#7 C:\xampp\htdocs\schedule_1\system\CodeIgniter.php(340): CodeIgniter\CodeIgniter->handleRequest(NULL, Object(Config\Cache), false)
#8 C:\xampp\htdocs\schedule_1\public\index.php(67): CodeIgniter\CodeIgniter->run()
#9 C:\xampp\htdocs\schedule_1\system\Commands\Server\rewrite.php(43): require_once('C:\\xampp\\htdocs...')
#10 {main}
CRITICAL - 2022-11-10 07:25:31 --> Unknown column 'tgl_rilis' in 'where clause'
in SYSTEMPATH\Database\MySQLi\Connection.php on line 292.
 1 SYSTEMPATH\Database\MySQLi\Connection.php(292): mysqli->query('SELECT * FROM tblfile_form_note_release WHERE tgl_rilis = \'31-12-1969\'', 0)
 2 SYSTEMPATH\Database\BaseConnection.php(693): CodeIgniter\Database\MySQLi\Connection->execute('SELECT * FROM tblfile_form_note_release WHERE tgl_rilis = \'31-12-1969\'')
 3 SYSTEMPATH\Database\BaseConnection.php(620): CodeIgniter\Database\BaseConnection->simpleQuery('SELECT * FROM tblfile_form_note_release WHERE tgl_rilis = \'31-12-1969\'')
 4 APPPATH\Models\ReleaseModel.php(43): CodeIgniter\Database\BaseConnection->query('SELECT * FROM tblfile_form_note_release WHERE tgl_rilis = \'31-12-1969\'')
 5 APPPATH\Controllers\Release.php(28): App\Models\ReleaseModel->release_note('31-12-1969')
 6 SYSTEMPATH\CodeIgniter.php(904): App\Controllers\Release->viewrelease()
 7 SYSTEMPATH\CodeIgniter.php(457): CodeIgniter\CodeIgniter->runController(Object(App\Controllers\Release))
 8 SYSTEMPATH\CodeIgniter.php(340): CodeIgniter\CodeIgniter->handleRequest(null, Object(Config\Cache), false)
 9 FCPATH\index.php(67): CodeIgniter\CodeIgniter->run()
10 SYSTEMPATH\Commands\Server\rewrite.php(43): require_once('FCPATH\\index.php')
ERROR - 2022-11-10 07:27:18 --> mysqli_sql_exception: Unknown column 'tgl_rilis' in 'where clause' in C:\xampp\htdocs\schedule_1\system\Database\MySQLi\Connection.php:292
Stack trace:
#0 C:\xampp\htdocs\schedule_1\system\Database\MySQLi\Connection.php(292): mysqli->query('SELECT * FROM t...', 0)
#1 C:\xampp\htdocs\schedule_1\system\Database\BaseConnection.php(693): CodeIgniter\Database\MySQLi\Connection->execute('SELECT * FROM t...')
#2 C:\xampp\htdocs\schedule_1\system\Database\BaseConnection.php(620): CodeIgniter\Database\BaseConnection->simpleQuery('SELECT * FROM t...')
#3 C:\xampp\htdocs\schedule_1\app\Models\ReleaseModel.php(43): CodeIgniter\Database\BaseConnection->query('SELECT * FROM t...')
#4 C:\xampp\htdocs\schedule_1\app\Controllers\Release.php(28): App\Models\ReleaseModel->release_note('31-12-1969')
#5 C:\xampp\htdocs\schedule_1\system\CodeIgniter.php(904): App\Controllers\Release->viewrelease()
#6 C:\xampp\htdocs\schedule_1\system\CodeIgniter.php(457): CodeIgniter\CodeIgniter->runController(Object(App\Controllers\Release))
#7 C:\xampp\htdocs\schedule_1\system\CodeIgniter.php(340): CodeIgniter\CodeIgniter->handleRequest(NULL, Object(Config\Cache), false)
#8 C:\xampp\htdocs\schedule_1\public\index.php(67): CodeIgniter\CodeIgniter->run()
#9 C:\xampp\htdocs\schedule_1\system\Commands\Server\rewrite.php(43): require_once('C:\\xampp\\htdocs...')
#10 {main}
CRITICAL - 2022-11-10 07:27:18 --> Unknown column 'tgl_rilis' in 'where clause'
in SYSTEMPATH\Database\MySQLi\Connection.php on line 292.
 1 SYSTEMPATH\Database\MySQLi\Connection.php(292): mysqli->query('SELECT * FROM tblfile_form_note_release WHERE tgl_rilis = \'31-12-1969\'', 0)
 2 SYSTEMPATH\Database\BaseConnection.php(693): CodeIgniter\Database\MySQLi\Connection->execute('SELECT * FROM tblfile_form_note_release WHERE tgl_rilis = \'31-12-1969\'')
 3 SYSTEMPATH\Database\BaseConnection.php(620): CodeIgniter\Database\BaseConnection->simpleQuery('SELECT * FROM tblfile_form_note_release WHERE tgl_rilis = \'31-12-1969\'')
 4 APPPATH\Models\ReleaseModel.php(43): CodeIgniter\Database\BaseConnection->query('SELECT * FROM tblfile_form_note_release WHERE tgl_rilis = \'31-12-1969\'')
 5 APPPATH\Controllers\Release.php(28): App\Models\ReleaseModel->release_note('31-12-1969')
 6 SYSTEMPATH\CodeIgniter.php(904): App\Controllers\Release->viewrelease()
 7 SYSTEMPATH\CodeIgniter.php(457): CodeIgniter\CodeIgniter->runController(Object(App\Controllers\Release))
 8 SYSTEMPATH\CodeIgniter.php(340): CodeIgniter\CodeIgniter->handleRequest(null, Object(Config\Cache), false)
 9 FCPATH\index.php(67): CodeIgniter\CodeIgniter->run()
10 SYSTEMPATH\Commands\Server\rewrite.php(43): require_once('FCPATH\\index.php')
ERROR - 2022-11-10 07:27:19 --> mysqli_sql_exception: Unknown column 'tgl_rilis' in 'where clause' in C:\xampp\htdocs\schedule_1\system\Database\MySQLi\Connection.php:292
Stack trace:
#0 C:\xampp\htdocs\schedule_1\system\Database\MySQLi\Connection.php(292): mysqli->query('SELECT * FROM t...', 0)
#1 C:\xampp\htdocs\schedule_1\system\Database\BaseConnection.php(693): CodeIgniter\Database\MySQLi\Connection->execute('SELECT * FROM t...')
#2 C:\xampp\htdocs\schedule_1\system\Database\BaseConnection.php(620): CodeIgniter\Database\BaseConnection->simpleQuery('SELECT * FROM t...')
#3 C:\xampp\htdocs\schedule_1\app\Models\ReleaseModel.php(43): CodeIgniter\Database\BaseConnection->query('SELECT * FROM t...')
#4 C:\xampp\htdocs\schedule_1\app\Controllers\Release.php(28): App\Models\ReleaseModel->release_note('31-12-1969')
#5 C:\xampp\htdocs\schedule_1\system\CodeIgniter.php(904): App\Controllers\Release->viewrelease()
#6 C:\xampp\htdocs\schedule_1\system\CodeIgniter.php(457): CodeIgniter\CodeIgniter->runController(Object(App\Controllers\Release))
#7 C:\xampp\htdocs\schedule_1\system\CodeIgniter.php(340): CodeIgniter\CodeIgniter->handleRequest(NULL, Object(Config\Cache), false)
#8 C:\xampp\htdocs\schedule_1\public\index.php(67): CodeIgniter\CodeIgniter->run()
#9 C:\xampp\htdocs\schedule_1\system\Commands\Server\rewrite.php(43): require_once('C:\\xampp\\htdocs...')
#10 {main}
CRITICAL - 2022-11-10 07:27:19 --> Unknown column 'tgl_rilis' in 'where clause'
in SYSTEMPATH\Database\MySQLi\Connection.php on line 292.
 1 SYSTEMPATH\Database\MySQLi\Connection.php(292): mysqli->query('SELECT * FROM tblfile_form_note_release WHERE tgl_rilis = \'31-12-1969\'', 0)
 2 SYSTEMPATH\Database\BaseConnection.php(693): CodeIgniter\Database\MySQLi\Connection->execute('SELECT * FROM tblfile_form_note_release WHERE tgl_rilis = \'31-12-1969\'')
 3 SYSTEMPATH\Database\BaseConnection.php(620): CodeIgniter\Database\BaseConnection->simpleQuery('SELECT * FROM tblfile_form_note_release WHERE tgl_rilis = \'31-12-1969\'')
 4 APPPATH\Models\ReleaseModel.php(43): CodeIgniter\Database\BaseConnection->query('SELECT * FROM tblfile_form_note_release WHERE tgl_rilis = \'31-12-1969\'')
 5 APPPATH\Controllers\Release.php(28): App\Models\ReleaseModel->release_note('31-12-1969')
 6 SYSTEMPATH\CodeIgniter.php(904): App\Controllers\Release->viewrelease()
 7 SYSTEMPATH\CodeIgniter.php(457): CodeIgniter\CodeIgniter->runController(Object(App\Controllers\Release))
 8 SYSTEMPATH\CodeIgniter.php(340): CodeIgniter\CodeIgniter->handleRequest(null, Object(Config\Cache), false)
 9 FCPATH\index.php(67): CodeIgniter\CodeIgniter->run()
10 SYSTEMPATH\Commands\Server\rewrite.php(43): require_once('FCPATH\\index.php')
CRITICAL - 2022-11-10 07:30:57 --> Undefined index: tgl
in APPPATH\Views\schedule_eps\planner\list_note.php on line 42.
 1 APPPATH\Views\schedule_eps\planner\list_note.php(42): CodeIgniter\Debug\Exceptions->errorHandler(8, 'Undefined index: tgl', 'APPPATH\\Views\\schedule_eps\\planner\\list_note.php', 42, [...])
 2 SYSTEMPATH\View\View.php(213): include('APPPATH\\Views\\schedule_eps\\planner\\list_note.php')
 3 SYSTEMPATH\View\View.php(216): CodeIgniter\View\View->CodeIgniter\View\{closure}()
 4 SYSTEMPATH\Common.php(1137): CodeIgniter\View\View->render('schedule_eps/planner/list_note', [], true)
 5 APPPATH\Controllers\Note.php(20): view('schedule_eps/planner/list_note', [...])
 6 SYSTEMPATH\CodeIgniter.php(904): App\Controllers\Note->viewnote()
 7 SYSTEMPATH\CodeIgniter.php(457): CodeIgniter\CodeIgniter->runController(Object(App\Controllers\Note))
 8 SYSTEMPATH\CodeIgniter.php(340): CodeIgniter\CodeIgniter->handleRequest(null, Object(Config\Cache), false)
 9 FCPATH\index.php(67): CodeIgniter\CodeIgniter->run()
10 SYSTEMPATH\Commands\Server\rewrite.php(43): require_once('FCPATH\\index.php')
CRITICAL - 2022-11-10 07:33:21 --> Too few arguments to function App\Models\NoteModel::Addnote(), 1 passed in C:\xampp\htdocs\schedule_1\app\Controllers\Note.php on line 41 and exactly 2 expected
in APPPATH\Models\NoteModel.php on line 21.
 1 APPPATH\Controllers\Note.php(41): App\Models\NoteModel->Addnote([...])
 2 SYSTEMPATH\CodeIgniter.php(904): App\Controllers\Note->addnote()
 3 SYSTEMPATH\CodeIgniter.php(457): CodeIgniter\CodeIgniter->runController(Object(App\Controllers\Note))
 4 SYSTEMPATH\CodeIgniter.php(340): CodeIgniter\CodeIgniter->handleRequest(null, Object(Config\Cache), false)
 5 FCPATH\index.php(67): CodeIgniter\CodeIgniter->run()
 6 SYSTEMPATH\Commands\Server\rewrite.php(43): require_once('FCPATH\\index.php')
CRITICAL - 2022-11-10 07:34:28 --> Undefined variable: dataa
in APPPATH\Models\NoteModel.php on line 24.
 1 APPPATH\Models\NoteModel.php(24): CodeIgniter\Debug\Exceptions->errorHandler(8, 'Undefined variable: dataa', 'APPPATH\\Models\\NoteModel.php', 24, [...])
 2 APPPATH\Controllers\Note.php(41): App\Models\NoteModel->Addnote([...])
 3 SYSTEMPATH\CodeIgniter.php(904): App\Controllers\Note->addnote()
 4 SYSTEMPATH\CodeIgniter.php(457): CodeIgniter\CodeIgniter->runController(Object(App\Controllers\Note))
 5 SYSTEMPATH\CodeIgniter.php(340): CodeIgniter\CodeIgniter->handleRequest(null, Object(Config\Cache), false)
 6 FCPATH\index.php(67): CodeIgniter\CodeIgniter->run()
 7 SYSTEMPATH\Commands\Server\rewrite.php(43): require_once('FCPATH\\index.php')
ERROR - 2022-11-10 07:47:16 --> mysqli_sql_exception: Unknown column 'tgl_release' in 'field list' in C:\xampp\htdocs\schedule_1\system\Database\MySQLi\Connection.php:292
Stack trace:
#0 C:\xampp\htdocs\schedule_1\system\Database\MySQLi\Connection.php(292): mysqli->query('INSERT INTO tbl...', 0)
#1 C:\xampp\htdocs\schedule_1\system\Database\BaseConnection.php(693): CodeIgniter\Database\MySQLi\Connection->execute('INSERT INTO tbl...')
#2 C:\xampp\htdocs\schedule_1\system\Database\BaseConnection.php(620): CodeIgniter\Database\BaseConnection->simpleQuery('INSERT INTO tbl...')
#3 C:\xampp\htdocs\schedule_1\app\Models\ReleaseModel.php(152): CodeIgniter\Database\BaseConnection->query('INSERT INTO tbl...')
#4 C:\xampp\htdocs\schedule_1\app\Controllers\Release.php(54): App\Models\ReleaseModel->data_release('31-12-1969')
#5 C:\xampp\htdocs\schedule_1\system\CodeIgniter.php(904): App\Controllers\Release->release_data()
#6 C:\xampp\htdocs\schedule_1\system\CodeIgniter.php(457): CodeIgniter\CodeIgniter->runController(Object(App\Controllers\Release))
#7 C:\xampp\htdocs\schedule_1\system\CodeIgniter.php(340): CodeIgniter\CodeIgniter->handleRequest(NULL, Object(Config\Cache), false)
#8 C:\xampp\htdocs\schedule_1\public\index.php(67): CodeIgniter\CodeIgniter->run()
#9 C:\xampp\htdocs\schedule_1\system\Commands\Server\rewrite.php(43): require_once('C:\\xampp\\htdocs...')
#10 {main}
CRITICAL - 2022-11-10 07:47:16 --> Unknown column 'tgl_release' in 'field list'
in SYSTEMPATH\Database\MySQLi\Connection.php on line 292.
 1 SYSTEMPATH\Database\MySQLi\Connection.php(292): mysqli->query('INSERT INTO tblfile_form_note_release(idnote_release, message_release, note_release, tgl_release, tgl_rilis) 
                        SELECT idnote, message, note, tgl, \'31-12-1969\' FROM tblfile_form_note WHERE view_note = 1', 0)
 2 SYSTEMPATH\Database\BaseConnection.php(693): CodeIgniter\Database\MySQLi\Connection->execute('INSERT INTO tblfile_form_note_release(idnote_release, message_release, note_release, tgl_release, tgl_rilis) 
                        SELECT idnote, message, note, tgl, \'31-12-1969\' FROM tblfile_form_note WHERE view_note = 1')
 3 SYSTEMPATH\Database\BaseConnection.php(620): CodeIgniter\Database\BaseConnection->simpleQuery('INSERT INTO tblfile_form_note_release(idnote_release, message_release, note_release, tgl_release, tgl_rilis) 
                        SELECT idnote, message, note, tgl, \'31-12-1969\' FROM tblfile_form_note WHERE view_note = 1')
 4 APPPATH\Models\ReleaseModel.php(152): CodeIgniter\Database\BaseConnection->query('INSERT INTO tblfile_form_note_release(idnote_release, message_release, note_release, tgl_release, tgl_rilis) 
                        SELECT idnote, message, note, tgl, \'31-12-1969\' FROM tblfile_form_note WHERE view_note = 1')
 5 APPPATH\Controllers\Release.php(54): App\Models\ReleaseModel->data_release('31-12-1969')
 6 SYSTEMPATH\CodeIgniter.php(904): App\Controllers\Release->release_data()
 7 SYSTEMPATH\CodeIgniter.php(457): CodeIgniter\CodeIgniter->runController(Object(App\Controllers\Release))
 8 SYSTEMPATH\CodeIgniter.php(340): CodeIgniter\CodeIgniter->handleRequest(null, Object(Config\Cache), false)
 9 FCPATH\index.php(67): CodeIgniter\CodeIgniter->run()
10 SYSTEMPATH\Commands\Server\rewrite.php(43): require_once('FCPATH\\index.php')
ERROR - 2022-11-10 07:48:07 --> mysqli_sql_exception: Unknown column 'idmaintenance_release' in 'field list' in C:\xampp\htdocs\schedule_1\system\Database\MySQLi\Connection.php:292
Stack trace:
#0 C:\xampp\htdocs\schedule_1\system\Database\MySQLi\Connection.php(292): mysqli->query('INSERT INTO tbl...', 0)
#1 C:\xampp\htdocs\schedule_1\system\Database\BaseConnection.php(693): CodeIgniter\Database\MySQLi\Connection->execute('INSERT INTO tbl...')
#2 C:\xampp\htdocs\schedule_1\system\Database\BaseConnection.php(620): CodeIgniter\Database\BaseConnection->simpleQuery('INSERT INTO tbl...')
#3 C:\xampp\htdocs\schedule_1\app\Models\ReleaseModel.php(164): CodeIgniter\Database\BaseConnection->query('INSERT INTO tbl...')
#4 C:\xampp\htdocs\schedule_1\app\Controllers\Release.php(54): App\Models\ReleaseModel->data_release('31-12-1969')
#5 C:\xampp\htdocs\schedule_1\system\CodeIgniter.php(904): App\Controllers\Release->release_data()
#6 C:\xampp\htdocs\schedule_1\system\CodeIgniter.php(457): CodeIgniter\CodeIgniter->runController(Object(App\Controllers\Release))
#7 C:\xampp\htdocs\schedule_1\system\CodeIgniter.php(340): CodeIgniter\CodeIgniter->handleRequest(NULL, Object(Config\Cache), false)
#8 C:\xampp\htdocs\schedule_1\public\index.php(67): CodeIgniter\CodeIgniter->run()
#9 C:\xampp\htdocs\schedule_1\system\Commands\Server\rewrite.php(43): require_once('C:\\xampp\\htdocs...')
#10 {main}
CRITICAL - 2022-11-10 07:48:07 --> Unknown column 'idmaintenance_release' in 'field list'
in SYSTEMPATH\Database\MySQLi\Connection.php on line 292.
 1 SYSTEMPATH\Database\MySQLi\Connection.php(292): mysqli->query('INSERT INTO tblfile_form_maintenance_release(idmaintenance_release, machine_release,tgl_release, tgl_rilis) 
                        SELECT idmaintenance, machine, tgl, \'31-12-1969\' FROM tblfile_form_maintenance WHERE view_maintenance = 1', 0)
 2 SYSTEMPATH\Database\BaseConnection.php(693): CodeIgniter\Database\MySQLi\Connection->execute('INSERT INTO tblfile_form_maintenance_release(idmaintenance_release, machine_release,tgl_release, tgl_rilis) 
                        SELECT idmaintenance, machine, tgl, \'31-12-1969\' FROM tblfile_form_maintenance WHERE view_maintenance = 1')
 3 SYSTEMPATH\Database\BaseConnection.php(620): CodeIgniter\Database\BaseConnection->simpleQuery('INSERT INTO tblfile_form_maintenance_release(idmaintenance_release, machine_release,tgl_release, tgl_rilis) 
                        SELECT idmaintenance, machine, tgl, \'31-12-1969\' FROM tblfile_form_maintenance WHERE view_maintenance = 1')
 4 APPPATH\Models\ReleaseModel.php(164): CodeIgniter\Database\BaseConnection->query('INSERT INTO tblfile_form_maintenance_release(idmaintenance_release, machine_release,tgl_release, tgl_rilis) 
                        SELECT idmaintenance, machine, tgl, \'31-12-1969\' FROM tblfile_form_maintenance WHERE view_maintenance = 1')
 5 APPPATH\Controllers\Release.php(54): App\Models\ReleaseModel->data_release('31-12-1969')
 6 SYSTEMPATH\CodeIgniter.php(904): App\Controllers\Release->release_data()
 7 SYSTEMPATH\CodeIgniter.php(457): CodeIgniter\CodeIgniter->runController(Object(App\Controllers\Release))
 8 SYSTEMPATH\CodeIgniter.php(340): CodeIgniter\CodeIgniter->handleRequest(null, Object(Config\Cache), false)
 9 FCPATH\index.php(67): CodeIgniter\CodeIgniter->run()
10 SYSTEMPATH\Commands\Server\rewrite.php(43): require_once('FCPATH\\index.php')
ERROR - 2022-11-10 07:51:13 --> mysqli_sql_exception: Unknown column 'idmaintenance_release' in 'field list' in C:\xampp\htdocs\schedule_1\system\Database\MySQLi\Connection.php:292
Stack trace:
#0 C:\xampp\htdocs\schedule_1\system\Database\MySQLi\Connection.php(292): mysqli->query('INSERT INTO tbl...', 0)
#1 C:\xampp\htdocs\schedule_1\system\Database\BaseConnection.php(693): CodeIgniter\Database\MySQLi\Connection->execute('INSERT INTO tbl...')
#2 C:\xampp\htdocs\schedule_1\system\Database\BaseConnection.php(620): CodeIgniter\Database\BaseConnection->simpleQuery('INSERT INTO tbl...')
#3 C:\xampp\htdocs\schedule_1\app\Models\ReleaseModel.php(164): CodeIgniter\Database\BaseConnection->query('INSERT INTO tbl...')
#4 C:\xampp\htdocs\schedule_1\app\Controllers\Release.php(54): App\Models\ReleaseModel->data_release('31-12-1969')
#5 C:\xampp\htdocs\schedule_1\system\CodeIgniter.php(904): App\Controllers\Release->release_data()
#6 C:\xampp\htdocs\schedule_1\system\CodeIgniter.php(457): CodeIgniter\CodeIgniter->runController(Object(App\Controllers\Release))
#7 C:\xampp\htdocs\schedule_1\system\CodeIgniter.php(340): CodeIgniter\CodeIgniter->handleRequest(NULL, Object(Config\Cache), false)
#8 C:\xampp\htdocs\schedule_1\public\index.php(67): CodeIgniter\CodeIgniter->run()
#9 C:\xampp\htdocs\schedule_1\system\Commands\Server\rewrite.php(43): require_once('C:\\xampp\\htdocs...')
#10 {main}
CRITICAL - 2022-11-10 07:51:13 --> Unknown column 'idmaintenance_release' in 'field list'
in SYSTEMPATH\Database\MySQLi\Connection.php on line 292.
 1 SYSTEMPATH\Database\MySQLi\Connection.php(292): mysqli->query('INSERT INTO tblfile_form_maintenance_release(idmaintenance_release, machine_release,tgl_release, tgl_rilis) 
                        SELECT idmaintenance, machine, tgl, \'31-12-1969\' FROM tblfile_form_maintenance WHERE view_maintenance = 1', 0)
 2 SYSTEMPATH\Database\BaseConnection.php(693): CodeIgniter\Database\MySQLi\Connection->execute('INSERT INTO tblfile_form_maintenance_release(idmaintenance_release, machine_release,tgl_release, tgl_rilis) 
                        SELECT idmaintenance, machine, tgl, \'31-12-1969\' FROM tblfile_form_maintenance WHERE view_maintenance = 1')
 3 SYSTEMPATH\Database\BaseConnection.php(620): CodeIgniter\Database\BaseConnection->simpleQuery('INSERT INTO tblfile_form_maintenance_release(idmaintenance_release, machine_release,tgl_release, tgl_rilis) 
                        SELECT idmaintenance, machine, tgl, \'31-12-1969\' FROM tblfile_form_maintenance WHERE view_maintenance = 1')
 4 APPPATH\Models\ReleaseModel.php(164): CodeIgniter\Database\BaseConnection->query('INSERT INTO tblfile_form_maintenance_release(idmaintenance_release, machine_release,tgl_release, tgl_rilis) 
                        SELECT idmaintenance, machine, tgl, \'31-12-1969\' FROM tblfile_form_maintenance WHERE view_maintenance = 1')
 5 APPPATH\Controllers\Release.php(54): App\Models\ReleaseModel->data_release('31-12-1969')
 6 SYSTEMPATH\CodeIgniter.php(904): App\Controllers\Release->release_data()
 7 SYSTEMPATH\CodeIgniter.php(457): CodeIgniter\CodeIgniter->runController(Object(App\Controllers\Release))
 8 SYSTEMPATH\CodeIgniter.php(340): CodeIgniter\CodeIgniter->handleRequest(null, Object(Config\Cache), false)
 9 FCPATH\index.php(67): CodeIgniter\CodeIgniter->run()
10 SYSTEMPATH\Commands\Server\rewrite.php(43): require_once('FCPATH\\index.php')
CRITICAL - 2022-11-10 08:13:30 --> count(): Parameter must be an array or an object that implements Countable
in APPPATH\Views\schedule_eps\planner\list_release.php on line 164.
 1 APPPATH\Views\schedule_eps\planner\list_release.php(164): CodeIgniter\Debug\Exceptions->errorHandler(2, 'count(): Parameter must be an array or an object that implements Countable', 'APPPATH\\Views\\schedule_eps\\planner\\list_release.php', 164, [...])
 2 SYSTEMPATH\View\View.php(213): include('APPPATH\\Views\\schedule_eps\\planner\\list_release.php')
 3 SYSTEMPATH\View\View.php(216): CodeIgniter\View\View->CodeIgniter\View\{closure}()
 4 SYSTEMPATH\Common.php(1137): CodeIgniter\View\View->render('schedule_eps/planner/list_release', [], true)
 5 APPPATH\Controllers\Release.php(31): view('schedule_eps/planner/list_release', [...])
 6 SYSTEMPATH\CodeIgniter.php(904): App\Controllers\Release->viewrelease()
 7 SYSTEMPATH\CodeIgniter.php(457): CodeIgniter\CodeIgniter->runController(Object(App\Controllers\Release))
 8 SYSTEMPATH\CodeIgniter.php(340): CodeIgniter\CodeIgniter->handleRequest(null, Object(Config\Cache), false)
 9 FCPATH\index.php(67): CodeIgniter\CodeIgniter->run()
10 SYSTEMPATH\Commands\Server\rewrite.php(43): require_once('FCPATH\\index.php')
