CRITICAL - 2023-03-07 01:48:43 --> Undefined index: trip
in APPPATH\Views\Tip_tracking\report_list_tip.php on line 78.
 1 APPPATH\Views\Tip_tracking\report_list_tip.php(78): CodeIgniter\Debug\Exceptions->errorHandler(8, 'Undefined index: trip', 'APPPATH\\Views\\Tip_tracking\\report_list_tip.php', 78, [...])
 2 SYSTEMPATH\View\View.php(213): include('APPPATH\\Views\\Tip_tracking\\report_list_tip.php')
 3 SYSTEMPATH\View\View.php(216): CodeIgniter\View\View->CodeIgniter\View\{closure}()
 4 SYSTEMPATH\Common.php(1137): CodeIgniter\View\View->render('Tip_tracking/report_list_tip', [], true)
 5 APPPATH\Controllers\Tip.php(258): view('Tip_tracking/report_list_tip', [...])
 6 SYSTEMPATH\CodeIgniter.php(904): App\Controllers\Tip->printPDF()
 7 SYSTEMPATH\CodeIgniter.php(457): CodeIgniter\CodeIgniter->runController(Object(App\Controllers\Tip))
 8 SYSTEMPATH\CodeIgniter.php(340): CodeIgniter\CodeIgniter->handleRequest(null, Object(Config\Cache), false)
 9 FCPATH\index.php(67): CodeIgniter\CodeIgniter->run()
10 SYSTEMPATH\Commands\Server\rewrite.php(43): require_once('FCPATH\\index.php')
ERROR - 2023-03-07 01:49:30 --> mysqli_sql_exception: You have an error in your SQL syntax; check the manual that corresponds to your MariaDB server version for the right syntax to use near 'tblmas_tip_tracking.*, COUNT(tblmas_tip_tracking.tgl) AS jumlah_trip FROM tbl...' at line 1 in C:\xampp\htdocs\tracking\system\Database\MySQLi\Connection.php:292
Stack trace:
#0 C:\xampp\htdocs\tracking\system\Database\MySQLi\Connection.php(292): mysqli->query('SELECT tblmas_t...', 0)
#1 C:\xampp\htdocs\tracking\system\Database\BaseConnection.php(693): CodeIgniter\Database\MySQLi\Connection->execute('SELECT tblmas_t...')
#2 C:\xampp\htdocs\tracking\system\Database\BaseConnection.php(620): CodeIgniter\Database\BaseConnection->simpleQuery('SELECT tblmas_t...')
#3 C:\xampp\htdocs\tracking\app\Models\TipModel.php(138): CodeIgniter\Database\BaseConnection->query('SELECT tblmas_t...')
#4 C:\xampp\htdocs\tracking\app\Controllers\Tip.php(256): App\Models\TipModel->getreportbyMonth('03', '2023')
#5 C:\xampp\htdocs\tracking\system\CodeIgniter.php(904): App\Controllers\Tip->printPDF()
#6 C:\xampp\htdocs\tracking\system\CodeIgniter.php(457): CodeIgniter\CodeIgniter->runController(Object(App\Controllers\Tip))
#7 C:\xampp\htdocs\tracking\system\CodeIgniter.php(340): CodeIgniter\CodeIgniter->handleRequest(NULL, Object(Config\Cache), false)
#8 C:\xampp\htdocs\tracking\public\index.php(67): CodeIgniter\CodeIgniter->run()
#9 C:\xampp\htdocs\tracking\system\Commands\Server\rewrite.php(43): require_once('C:\\xampp\\htdocs...')
#10 {main}
CRITICAL - 2023-03-07 01:49:30 --> You have an error in your SQL syntax; check the manual that corresponds to your MariaDB server version for the right syntax to use near 'tblmas_tip_tracking.*, COUNT(tblmas_tip_tracking.tgl) AS jumlah_trip FROM tbl...' at line 1
in SYSTEMPATH\Database\MySQLi\Connection.php on line 292.
 1 SYSTEMPATH\Database\MySQLi\Connection.php(292): mysqli->query('SELECT tblmas_tip_tracking.*, COUNT(tblmas_tip_tracking.tgl) AS jumlah_trip FROM tblmas_tip_tracking WHERE tblmas_tip_tracking.driver = \'Chandra Sinaga\' AND month(tblmas_tip_tracking.tgl) = \'03\' AND year(tblmas_tip_tracking.tgl) = \'2023\' GROUP BY tglSELECT tblmas_tip_tracking.*, COUNT(tblmas_tip_tracking.tgl) AS jumlah_trip FROM tblmas_tip_tracking WHERE tblmas_tip_tracking.driver = \'Doni\' AND month(tblmas_tip_tracking.tgl) = \'03\' AND year(tblmas_tip_tracking.tgl) = \'2023\' GROUP BY tglSELECT tblmas_tip_tracking.*, COUNT(tblmas_tip_tracking.tgl) AS jumlah_trip FROM tblmas_tip_tracking WHERE tblmas_tip_tracking.driver = \'Dafrizal\' AND month(tblmas_tip_tracking.tgl) = \'03\' AND year(tblmas_tip_tracking.tgl) = \'2023\' GROUP BY tglSELECT tblmas_tip_tracking.*, COUNT(tblmas_tip_tracking.tgl) AS jumlah_trip FROM tblmas_tip_tracking WHERE tblmas_tip_tracking.driver = \'Herian\' AND month(tblmas_tip_tracking.tgl) = \'03\' AND year(tblmas_tip_tracking.tgl) = \'2023\' GROUP BY tgl', 0)
 2 SYSTEMPATH\Database\BaseConnection.php(693): CodeIgniter\Database\MySQLi\Connection->execute('SELECT tblmas_tip_tracking.*, COUNT(tblmas_tip_tracking.tgl) AS jumlah_trip FROM tblmas_tip_tracking WHERE tblmas_tip_tracking.driver = \'Chandra Sinaga\' AND month(tblmas_tip_tracking.tgl) = \'03\' AND year(tblmas_tip_tracking.tgl) = \'2023\' GROUP BY tglSELECT tblmas_tip_tracking.*, COUNT(tblmas_tip_tracking.tgl) AS jumlah_trip FROM tblmas_tip_tracking WHERE tblmas_tip_tracking.driver = \'Doni\' AND month(tblmas_tip_tracking.tgl) = \'03\' AND year(tblmas_tip_tracking.tgl) = \'2023\' GROUP BY tglSELECT tblmas_tip_tracking.*, COUNT(tblmas_tip_tracking.tgl) AS jumlah_trip FROM tblmas_tip_tracking WHERE tblmas_tip_tracking.driver = \'Dafrizal\' AND month(tblmas_tip_tracking.tgl) = \'03\' AND year(tblmas_tip_tracking.tgl) = \'2023\' GROUP BY tglSELECT tblmas_tip_tracking.*, COUNT(tblmas_tip_tracking.tgl) AS jumlah_trip FROM tblmas_tip_tracking WHERE tblmas_tip_tracking.driver = \'Herian\' AND month(tblmas_tip_tracking.tgl) = \'03\' AND year(tblmas_tip_tracking.tgl) = \'2023\' GROUP BY tgl')
 3 SYSTEMPATH\Database\BaseConnection.php(620): CodeIgniter\Database\BaseConnection->simpleQuery('SELECT tblmas_tip_tracking.*, COUNT(tblmas_tip_tracking.tgl) AS jumlah_trip FROM tblmas_tip_tracking WHERE tblmas_tip_tracking.driver = \'Chandra Sinaga\' AND month(tblmas_tip_tracking.tgl) = \'03\' AND year(tblmas_tip_tracking.tgl) = \'2023\' GROUP BY tglSELECT tblmas_tip_tracking.*, COUNT(tblmas_tip_tracking.tgl) AS jumlah_trip FROM tblmas_tip_tracking WHERE tblmas_tip_tracking.driver = \'Doni\' AND month(tblmas_tip_tracking.tgl) = \'03\' AND year(tblmas_tip_tracking.tgl) = \'2023\' GROUP BY tglSELECT tblmas_tip_tracking.*, COUNT(tblmas_tip_tracking.tgl) AS jumlah_trip FROM tblmas_tip_tracking WHERE tblmas_tip_tracking.driver = \'Dafrizal\' AND month(tblmas_tip_tracking.tgl) = \'03\' AND year(tblmas_tip_tracking.tgl) = \'2023\' GROUP BY tglSELECT tblmas_tip_tracking.*, COUNT(tblmas_tip_tracking.tgl) AS jumlah_trip FROM tblmas_tip_tracking WHERE tblmas_tip_tracking.driver = \'Herian\' AND month(tblmas_tip_tracking.tgl) = \'03\' AND year(tblmas_tip_tracking.tgl) = \'2023\' GROUP BY tgl')
 4 APPPATH\Models\TipModel.php(138): CodeIgniter\Database\BaseConnection->query('SELECT tblmas_tip_tracking.*, COUNT(tblmas_tip_tracking.tgl) AS jumlah_trip FROM tblmas_tip_tracking WHERE tblmas_tip_tracking.driver = \'Chandra Sinaga\' AND month(tblmas_tip_tracking.tgl) = \'03\' AND year(tblmas_tip_tracking.tgl) = \'2023\' GROUP BY tglSELECT tblmas_tip_tracking.*, COUNT(tblmas_tip_tracking.tgl) AS jumlah_trip FROM tblmas_tip_tracking WHERE tblmas_tip_tracking.driver = \'Doni\' AND month(tblmas_tip_tracking.tgl) = \'03\' AND year(tblmas_tip_tracking.tgl) = \'2023\' GROUP BY tglSELECT tblmas_tip_tracking.*, COUNT(tblmas_tip_tracking.tgl) AS jumlah_trip FROM tblmas_tip_tracking WHERE tblmas_tip_tracking.driver = \'Dafrizal\' AND month(tblmas_tip_tracking.tgl) = \'03\' AND year(tblmas_tip_tracking.tgl) = \'2023\' GROUP BY tglSELECT tblmas_tip_tracking.*, COUNT(tblmas_tip_tracking.tgl) AS jumlah_trip FROM tblmas_tip_tracking WHERE tblmas_tip_tracking.driver = \'Herian\' AND month(tblmas_tip_tracking.tgl) = \'03\' AND year(tblmas_tip_tracking.tgl) = \'2023\' GROUP BY tgl')
 5 APPPATH\Controllers\Tip.php(256): App\Models\TipModel->getreportbyMonth('03', '2023')
 6 SYSTEMPATH\CodeIgniter.php(904): App\Controllers\Tip->printPDF()
 7 SYSTEMPATH\CodeIgniter.php(457): CodeIgniter\CodeIgniter->runController(Object(App\Controllers\Tip))
 8 SYSTEMPATH\CodeIgniter.php(340): CodeIgniter\CodeIgniter->handleRequest(null, Object(Config\Cache), false)
 9 FCPATH\index.php(67): CodeIgniter\CodeIgniter->run()
10 SYSTEMPATH\Commands\Server\rewrite.php(43): require_once('FCPATH\\index.php')
ERROR - 2023-03-07 03:40:23 --> mysqli_sql_exception: You have an error in your SQL syntax; check the manual that corresponds to your MariaDB server version for the right syntax to use near '2023' at line 1 in C:\xampp\htdocs\tracking\system\Database\MySQLi\Connection.php:292
Stack trace:
#0 C:\xampp\htdocs\tracking\system\Database\MySQLi\Connection.php(292): mysqli->query('SELECT * FROM t...', 0)
#1 C:\xampp\htdocs\tracking\system\Database\BaseConnection.php(693): CodeIgniter\Database\MySQLi\Connection->execute('SELECT * FROM t...')
#2 C:\xampp\htdocs\tracking\system\Database\BaseConnection.php(620): CodeIgniter\Database\BaseConnection->simpleQuery('SELECT * FROM t...')
#3 C:\xampp\htdocs\tracking\app\Models\TipModel.php(135): CodeIgniter\Database\BaseConnection->query('SELECT * FROM t...')
#4 C:\xampp\htdocs\tracking\app\Controllers\Tip.php(255): App\Models\TipModel->getreportbyMonth('03', '2023')
#5 C:\xampp\htdocs\tracking\system\CodeIgniter.php(904): App\Controllers\Tip->printPDF()
#6 C:\xampp\htdocs\tracking\system\CodeIgniter.php(457): CodeIgniter\CodeIgniter->runController(Object(App\Controllers\Tip))
#7 C:\xampp\htdocs\tracking\system\CodeIgniter.php(340): CodeIgniter\CodeIgniter->handleRequest(NULL, Object(Config\Cache), false)
#8 C:\xampp\htdocs\tracking\public\index.php(67): CodeIgniter\CodeIgniter->run()
#9 C:\xampp\htdocs\tracking\system\Commands\Server\rewrite.php(43): require_once('C:\\xampp\\htdocs...')
#10 {main}
CRITICAL - 2023-03-07 03:40:23 --> You have an error in your SQL syntax; check the manual that corresponds to your MariaDB server version for the right syntax to use near '2023' at line 1
in SYSTEMPATH\Database\MySQLi\Connection.php on line 292.
 1 SYSTEMPATH\Database\MySQLi\Connection.php(292): mysqli->query('SELECT * FROM tblmas_tip_tracking group by tblmas_tip_tracking.tgl = 03 2023', 0)
 2 SYSTEMPATH\Database\BaseConnection.php(693): CodeIgniter\Database\MySQLi\Connection->execute('SELECT * FROM tblmas_tip_tracking group by tblmas_tip_tracking.tgl = 03 2023')
 3 SYSTEMPATH\Database\BaseConnection.php(620): CodeIgniter\Database\BaseConnection->simpleQuery('SELECT * FROM tblmas_tip_tracking group by tblmas_tip_tracking.tgl = 03 2023')
 4 APPPATH\Models\TipModel.php(135): CodeIgniter\Database\BaseConnection->query('SELECT * FROM tblmas_tip_tracking group by tblmas_tip_tracking.tgl = 03 2023')
 5 APPPATH\Controllers\Tip.php(255): App\Models\TipModel->getreportbyMonth('03', '2023')
 6 SYSTEMPATH\CodeIgniter.php(904): App\Controllers\Tip->printPDF()
 7 SYSTEMPATH\CodeIgniter.php(457): CodeIgniter\CodeIgniter->runController(Object(App\Controllers\Tip))
 8 SYSTEMPATH\CodeIgniter.php(340): CodeIgniter\CodeIgniter->handleRequest(null, Object(Config\Cache), false)
 9 FCPATH\index.php(67): CodeIgniter\CodeIgniter->run()
10 SYSTEMPATH\Commands\Server\rewrite.php(43): require_once('FCPATH\\index.php')
ERROR - 2023-03-07 03:40:43 --> mysqli_sql_exception: You have an error in your SQL syntax; check the manual that corresponds to your MariaDB server version for the right syntax to use near '2023' at line 1 in C:\xampp\htdocs\tracking\system\Database\MySQLi\Connection.php:292
Stack trace:
#0 C:\xampp\htdocs\tracking\system\Database\MySQLi\Connection.php(292): mysqli->query('SELECT * FROM t...', 0)
#1 C:\xampp\htdocs\tracking\system\Database\BaseConnection.php(693): CodeIgniter\Database\MySQLi\Connection->execute('SELECT * FROM t...')
#2 C:\xampp\htdocs\tracking\system\Database\BaseConnection.php(620): CodeIgniter\Database\BaseConnection->simpleQuery('SELECT * FROM t...')
#3 C:\xampp\htdocs\tracking\app\Models\TipModel.php(135): CodeIgniter\Database\BaseConnection->query('SELECT * FROM t...')
#4 C:\xampp\htdocs\tracking\app\Controllers\Tip.php(255): App\Models\TipModel->getreportbyMonth('03', '2023')
#5 C:\xampp\htdocs\tracking\system\CodeIgniter.php(904): App\Controllers\Tip->printPDF()
#6 C:\xampp\htdocs\tracking\system\CodeIgniter.php(457): CodeIgniter\CodeIgniter->runController(Object(App\Controllers\Tip))
#7 C:\xampp\htdocs\tracking\system\CodeIgniter.php(340): CodeIgniter\CodeIgniter->handleRequest(NULL, Object(Config\Cache), false)
#8 C:\xampp\htdocs\tracking\public\index.php(67): CodeIgniter\CodeIgniter->run()
#9 C:\xampp\htdocs\tracking\system\Commands\Server\rewrite.php(43): require_once('C:\\xampp\\htdocs...')
#10 {main}
CRITICAL - 2023-03-07 03:40:43 --> You have an error in your SQL syntax; check the manual that corresponds to your MariaDB server version for the right syntax to use near '2023' at line 1
in SYSTEMPATH\Database\MySQLi\Connection.php on line 292.
 1 SYSTEMPATH\Database\MySQLi\Connection.php(292): mysqli->query('SELECT * FROM tblmas_tip_tracking group by tblmas_tip_tracking.tgl = 03 2023', 0)
 2 SYSTEMPATH\Database\BaseConnection.php(693): CodeIgniter\Database\MySQLi\Connection->execute('SELECT * FROM tblmas_tip_tracking group by tblmas_tip_tracking.tgl = 03 2023')
 3 SYSTEMPATH\Database\BaseConnection.php(620): CodeIgniter\Database\BaseConnection->simpleQuery('SELECT * FROM tblmas_tip_tracking group by tblmas_tip_tracking.tgl = 03 2023')
 4 APPPATH\Models\TipModel.php(135): CodeIgniter\Database\BaseConnection->query('SELECT * FROM tblmas_tip_tracking group by tblmas_tip_tracking.tgl = 03 2023')
 5 APPPATH\Controllers\Tip.php(255): App\Models\TipModel->getreportbyMonth('03', '2023')
 6 SYSTEMPATH\CodeIgniter.php(904): App\Controllers\Tip->printPDF()
 7 SYSTEMPATH\CodeIgniter.php(457): CodeIgniter\CodeIgniter->runController(Object(App\Controllers\Tip))
 8 SYSTEMPATH\CodeIgniter.php(340): CodeIgniter\CodeIgniter->handleRequest(null, Object(Config\Cache), false)
 9 FCPATH\index.php(67): CodeIgniter\CodeIgniter->run()
10 SYSTEMPATH\Commands\Server\rewrite.php(43): require_once('FCPATH\\index.php')
CRITICAL - 2023-03-07 20:06:25 --> Undefined index: total_trip
in APPPATH\Views\Tip_tracking\report_list_tip.php on line 84.
 1 APPPATH\Views\Tip_tracking\report_list_tip.php(84): CodeIgniter\Debug\Exceptions->errorHandler(8, 'Undefined index: total_trip', 'APPPATH\\Views\\Tip_tracking\\report_list_tip.php', 84, [...])
 2 SYSTEMPATH\View\View.php(213): include('APPPATH\\Views\\Tip_tracking\\report_list_tip.php')
 3 SYSTEMPATH\View\View.php(216): CodeIgniter\View\View->CodeIgniter\View\{closure}()
 4 SYSTEMPATH\Common.php(1137): CodeIgniter\View\View->render('Tip_tracking/report_list_tip', [], true)
 5 APPPATH\Controllers\Tip.php(257): view('Tip_tracking/report_list_tip', [...])
 6 SYSTEMPATH\CodeIgniter.php(904): App\Controllers\Tip->printPDF()
 7 SYSTEMPATH\CodeIgniter.php(457): CodeIgniter\CodeIgniter->runController(Object(App\Controllers\Tip))
 8 SYSTEMPATH\CodeIgniter.php(340): CodeIgniter\CodeIgniter->handleRequest(null, Object(Config\Cache), false)
 9 FCPATH\index.php(67): CodeIgniter\CodeIgniter->run()
10 SYSTEMPATH\Commands\Server\rewrite.php(43): require_once('FCPATH\\index.php')
CRITICAL - 2023-03-07 20:06:51 --> Undefined index: total_trip
in APPPATH\Views\Tip_tracking\report_list_tip.php on line 84.
 1 APPPATH\Views\Tip_tracking\report_list_tip.php(84): CodeIgniter\Debug\Exceptions->errorHandler(8, 'Undefined index: total_trip', 'APPPATH\\Views\\Tip_tracking\\report_list_tip.php', 84, [...])
 2 SYSTEMPATH\View\View.php(213): include('APPPATH\\Views\\Tip_tracking\\report_list_tip.php')
 3 SYSTEMPATH\View\View.php(216): CodeIgniter\View\View->CodeIgniter\View\{closure}()
 4 SYSTEMPATH\Common.php(1137): CodeIgniter\View\View->render('Tip_tracking/report_list_tip', [], true)
 5 APPPATH\Controllers\Tip.php(257): view('Tip_tracking/report_list_tip', [...])
 6 SYSTEMPATH\CodeIgniter.php(904): App\Controllers\Tip->printPDF()
 7 SYSTEMPATH\CodeIgniter.php(457): CodeIgniter\CodeIgniter->runController(Object(App\Controllers\Tip))
 8 SYSTEMPATH\CodeIgniter.php(340): CodeIgniter\CodeIgniter->handleRequest(null, Object(Config\Cache), false)
 9 FCPATH\index.php(67): CodeIgniter\CodeIgniter->run()
10 SYSTEMPATH\Commands\Server\rewrite.php(43): require_once('FCPATH\\index.php')
CRITICAL - 2023-03-07 20:06:51 --> Undefined index: total_trip
in APPPATH\Views\Tip_tracking\report_list_tip.php on line 84.
 1 APPPATH\Views\Tip_tracking\report_list_tip.php(84): CodeIgniter\Debug\Exceptions->errorHandler(8, 'Undefined index: total_trip', 'APPPATH\\Views\\Tip_tracking\\report_list_tip.php', 84, [...])
 2 SYSTEMPATH\View\View.php(213): include('APPPATH\\Views\\Tip_tracking\\report_list_tip.php')
 3 SYSTEMPATH\View\View.php(216): CodeIgniter\View\View->CodeIgniter\View\{closure}()
 4 SYSTEMPATH\Common.php(1137): CodeIgniter\View\View->render('Tip_tracking/report_list_tip', [], true)
 5 APPPATH\Controllers\Tip.php(257): view('Tip_tracking/report_list_tip', [...])
 6 SYSTEMPATH\CodeIgniter.php(904): App\Controllers\Tip->printPDF()
 7 SYSTEMPATH\CodeIgniter.php(457): CodeIgniter\CodeIgniter->runController(Object(App\Controllers\Tip))
 8 SYSTEMPATH\CodeIgniter.php(340): CodeIgniter\CodeIgniter->handleRequest(null, Object(Config\Cache), false)
 9 FCPATH\index.php(67): CodeIgniter\CodeIgniter->run()
10 SYSTEMPATH\Commands\Server\rewrite.php(43): require_once('FCPATH\\index.php')
CRITICAL - 2023-03-07 20:06:52 --> Undefined index: total_trip
in APPPATH\Views\Tip_tracking\report_list_tip.php on line 84.
 1 APPPATH\Views\Tip_tracking\report_list_tip.php(84): CodeIgniter\Debug\Exceptions->errorHandler(8, 'Undefined index: total_trip', 'APPPATH\\Views\\Tip_tracking\\report_list_tip.php', 84, [...])
 2 SYSTEMPATH\View\View.php(213): include('APPPATH\\Views\\Tip_tracking\\report_list_tip.php')
 3 SYSTEMPATH\View\View.php(216): CodeIgniter\View\View->CodeIgniter\View\{closure}()
 4 SYSTEMPATH\Common.php(1137): CodeIgniter\View\View->render('Tip_tracking/report_list_tip', [], true)
 5 APPPATH\Controllers\Tip.php(257): view('Tip_tracking/report_list_tip', [...])
 6 SYSTEMPATH\CodeIgniter.php(904): App\Controllers\Tip->printPDF()
 7 SYSTEMPATH\CodeIgniter.php(457): CodeIgniter\CodeIgniter->runController(Object(App\Controllers\Tip))
 8 SYSTEMPATH\CodeIgniter.php(340): CodeIgniter\CodeIgniter->handleRequest(null, Object(Config\Cache), false)
 9 FCPATH\index.php(67): CodeIgniter\CodeIgniter->run()
10 SYSTEMPATH\Commands\Server\rewrite.php(43): require_once('FCPATH\\index.php')
CRITICAL - 2023-03-07 20:06:53 --> Undefined index: total_trip
in APPPATH\Views\Tip_tracking\report_list_tip.php on line 84.
 1 APPPATH\Views\Tip_tracking\report_list_tip.php(84): CodeIgniter\Debug\Exceptions->errorHandler(8, 'Undefined index: total_trip', 'APPPATH\\Views\\Tip_tracking\\report_list_tip.php', 84, [...])
 2 SYSTEMPATH\View\View.php(213): include('APPPATH\\Views\\Tip_tracking\\report_list_tip.php')
 3 SYSTEMPATH\View\View.php(216): CodeIgniter\View\View->CodeIgniter\View\{closure}()
 4 SYSTEMPATH\Common.php(1137): CodeIgniter\View\View->render('Tip_tracking/report_list_tip', [], true)
 5 APPPATH\Controllers\Tip.php(257): view('Tip_tracking/report_list_tip', [...])
 6 SYSTEMPATH\CodeIgniter.php(904): App\Controllers\Tip->printPDF()
 7 SYSTEMPATH\CodeIgniter.php(457): CodeIgniter\CodeIgniter->runController(Object(App\Controllers\Tip))
 8 SYSTEMPATH\CodeIgniter.php(340): CodeIgniter\CodeIgniter->handleRequest(null, Object(Config\Cache), false)
 9 FCPATH\index.php(67): CodeIgniter\CodeIgniter->run()
10 SYSTEMPATH\Commands\Server\rewrite.php(43): require_once('FCPATH\\index.php')
CRITICAL - 2023-03-07 20:06:53 --> Undefined index: total_trip
in APPPATH\Views\Tip_tracking\report_list_tip.php on line 84.
 1 APPPATH\Views\Tip_tracking\report_list_tip.php(84): CodeIgniter\Debug\Exceptions->errorHandler(8, 'Undefined index: total_trip', 'APPPATH\\Views\\Tip_tracking\\report_list_tip.php', 84, [...])
 2 SYSTEMPATH\View\View.php(213): include('APPPATH\\Views\\Tip_tracking\\report_list_tip.php')
 3 SYSTEMPATH\View\View.php(216): CodeIgniter\View\View->CodeIgniter\View\{closure}()
 4 SYSTEMPATH\Common.php(1137): CodeIgniter\View\View->render('Tip_tracking/report_list_tip', [], true)
 5 APPPATH\Controllers\Tip.php(257): view('Tip_tracking/report_list_tip', [...])
 6 SYSTEMPATH\CodeIgniter.php(904): App\Controllers\Tip->printPDF()
 7 SYSTEMPATH\CodeIgniter.php(457): CodeIgniter\CodeIgniter->runController(Object(App\Controllers\Tip))
 8 SYSTEMPATH\CodeIgniter.php(340): CodeIgniter\CodeIgniter->handleRequest(null, Object(Config\Cache), false)
 9 FCPATH\index.php(67): CodeIgniter\CodeIgniter->run()
10 SYSTEMPATH\Commands\Server\rewrite.php(43): require_once('FCPATH\\index.php')
CRITICAL - 2023-03-07 20:06:53 --> Undefined index: total_trip
in APPPATH\Views\Tip_tracking\report_list_tip.php on line 84.
 1 APPPATH\Views\Tip_tracking\report_list_tip.php(84): CodeIgniter\Debug\Exceptions->errorHandler(8, 'Undefined index: total_trip', 'APPPATH\\Views\\Tip_tracking\\report_list_tip.php', 84, [...])
 2 SYSTEMPATH\View\View.php(213): include('APPPATH\\Views\\Tip_tracking\\report_list_tip.php')
 3 SYSTEMPATH\View\View.php(216): CodeIgniter\View\View->CodeIgniter\View\{closure}()
 4 SYSTEMPATH\Common.php(1137): CodeIgniter\View\View->render('Tip_tracking/report_list_tip', [], true)
 5 APPPATH\Controllers\Tip.php(257): view('Tip_tracking/report_list_tip', [...])
 6 SYSTEMPATH\CodeIgniter.php(904): App\Controllers\Tip->printPDF()
 7 SYSTEMPATH\CodeIgniter.php(457): CodeIgniter\CodeIgniter->runController(Object(App\Controllers\Tip))
 8 SYSTEMPATH\CodeIgniter.php(340): CodeIgniter\CodeIgniter->handleRequest(null, Object(Config\Cache), false)
 9 FCPATH\index.php(67): CodeIgniter\CodeIgniter->run()
10 SYSTEMPATH\Commands\Server\rewrite.php(43): require_once('FCPATH\\index.php')
CRITICAL - 2023-03-07 20:06:54 --> Undefined index: total_trip
in APPPATH\Views\Tip_tracking\report_list_tip.php on line 84.
 1 APPPATH\Views\Tip_tracking\report_list_tip.php(84): CodeIgniter\Debug\Exceptions->errorHandler(8, 'Undefined index: total_trip', 'APPPATH\\Views\\Tip_tracking\\report_list_tip.php', 84, [...])
 2 SYSTEMPATH\View\View.php(213): include('APPPATH\\Views\\Tip_tracking\\report_list_tip.php')
 3 SYSTEMPATH\View\View.php(216): CodeIgniter\View\View->CodeIgniter\View\{closure}()
 4 SYSTEMPATH\Common.php(1137): CodeIgniter\View\View->render('Tip_tracking/report_list_tip', [], true)
 5 APPPATH\Controllers\Tip.php(257): view('Tip_tracking/report_list_tip', [...])
 6 SYSTEMPATH\CodeIgniter.php(904): App\Controllers\Tip->printPDF()
 7 SYSTEMPATH\CodeIgniter.php(457): CodeIgniter\CodeIgniter->runController(Object(App\Controllers\Tip))
 8 SYSTEMPATH\CodeIgniter.php(340): CodeIgniter\CodeIgniter->handleRequest(null, Object(Config\Cache), false)
 9 FCPATH\index.php(67): CodeIgniter\CodeIgniter->run()
10 SYSTEMPATH\Commands\Server\rewrite.php(43): require_once('FCPATH\\index.php')
CRITICAL - 2023-03-07 20:06:54 --> Undefined index: total_trip
in APPPATH\Views\Tip_tracking\report_list_tip.php on line 84.
 1 APPPATH\Views\Tip_tracking\report_list_tip.php(84): CodeIgniter\Debug\Exceptions->errorHandler(8, 'Undefined index: total_trip', 'APPPATH\\Views\\Tip_tracking\\report_list_tip.php', 84, [...])
 2 SYSTEMPATH\View\View.php(213): include('APPPATH\\Views\\Tip_tracking\\report_list_tip.php')
 3 SYSTEMPATH\View\View.php(216): CodeIgniter\View\View->CodeIgniter\View\{closure}()
 4 SYSTEMPATH\Common.php(1137): CodeIgniter\View\View->render('Tip_tracking/report_list_tip', [], true)
 5 APPPATH\Controllers\Tip.php(257): view('Tip_tracking/report_list_tip', [...])
 6 SYSTEMPATH\CodeIgniter.php(904): App\Controllers\Tip->printPDF()
 7 SYSTEMPATH\CodeIgniter.php(457): CodeIgniter\CodeIgniter->runController(Object(App\Controllers\Tip))
 8 SYSTEMPATH\CodeIgniter.php(340): CodeIgniter\CodeIgniter->handleRequest(null, Object(Config\Cache), false)
 9 FCPATH\index.php(67): CodeIgniter\CodeIgniter->run()
10 SYSTEMPATH\Commands\Server\rewrite.php(43): require_once('FCPATH\\index.php')
CRITICAL - 2023-03-07 20:06:54 --> Undefined index: total_trip
in APPPATH\Views\Tip_tracking\report_list_tip.php on line 84.
 1 APPPATH\Views\Tip_tracking\report_list_tip.php(84): CodeIgniter\Debug\Exceptions->errorHandler(8, 'Undefined index: total_trip', 'APPPATH\\Views\\Tip_tracking\\report_list_tip.php', 84, [...])
 2 SYSTEMPATH\View\View.php(213): include('APPPATH\\Views\\Tip_tracking\\report_list_tip.php')
 3 SYSTEMPATH\View\View.php(216): CodeIgniter\View\View->CodeIgniter\View\{closure}()
 4 SYSTEMPATH\Common.php(1137): CodeIgniter\View\View->render('Tip_tracking/report_list_tip', [], true)
 5 APPPATH\Controllers\Tip.php(257): view('Tip_tracking/report_list_tip', [...])
 6 SYSTEMPATH\CodeIgniter.php(904): App\Controllers\Tip->printPDF()
 7 SYSTEMPATH\CodeIgniter.php(457): CodeIgniter\CodeIgniter->runController(Object(App\Controllers\Tip))
 8 SYSTEMPATH\CodeIgniter.php(340): CodeIgniter\CodeIgniter->handleRequest(null, Object(Config\Cache), false)
 9 FCPATH\index.php(67): CodeIgniter\CodeIgniter->run()
10 SYSTEMPATH\Commands\Server\rewrite.php(43): require_once('FCPATH\\index.php')
CRITICAL - 2023-03-07 20:06:54 --> Undefined index: total_trip
in APPPATH\Views\Tip_tracking\report_list_tip.php on line 84.
 1 APPPATH\Views\Tip_tracking\report_list_tip.php(84): CodeIgniter\Debug\Exceptions->errorHandler(8, 'Undefined index: total_trip', 'APPPATH\\Views\\Tip_tracking\\report_list_tip.php', 84, [...])
 2 SYSTEMPATH\View\View.php(213): include('APPPATH\\Views\\Tip_tracking\\report_list_tip.php')
 3 SYSTEMPATH\View\View.php(216): CodeIgniter\View\View->CodeIgniter\View\{closure}()
 4 SYSTEMPATH\Common.php(1137): CodeIgniter\View\View->render('Tip_tracking/report_list_tip', [], true)
 5 APPPATH\Controllers\Tip.php(257): view('Tip_tracking/report_list_tip', [...])
 6 SYSTEMPATH\CodeIgniter.php(904): App\Controllers\Tip->printPDF()
 7 SYSTEMPATH\CodeIgniter.php(457): CodeIgniter\CodeIgniter->runController(Object(App\Controllers\Tip))
 8 SYSTEMPATH\CodeIgniter.php(340): CodeIgniter\CodeIgniter->handleRequest(null, Object(Config\Cache), false)
 9 FCPATH\index.php(67): CodeIgniter\CodeIgniter->run()
10 SYSTEMPATH\Commands\Server\rewrite.php(43): require_once('FCPATH\\index.php')
CRITICAL - 2023-03-07 20:06:54 --> Undefined index: total_trip
in APPPATH\Views\Tip_tracking\report_list_tip.php on line 84.
 1 APPPATH\Views\Tip_tracking\report_list_tip.php(84): CodeIgniter\Debug\Exceptions->errorHandler(8, 'Undefined index: total_trip', 'APPPATH\\Views\\Tip_tracking\\report_list_tip.php', 84, [...])
 2 SYSTEMPATH\View\View.php(213): include('APPPATH\\Views\\Tip_tracking\\report_list_tip.php')
 3 SYSTEMPATH\View\View.php(216): CodeIgniter\View\View->CodeIgniter\View\{closure}()
 4 SYSTEMPATH\Common.php(1137): CodeIgniter\View\View->render('Tip_tracking/report_list_tip', [], true)
 5 APPPATH\Controllers\Tip.php(257): view('Tip_tracking/report_list_tip', [...])
 6 SYSTEMPATH\CodeIgniter.php(904): App\Controllers\Tip->printPDF()
 7 SYSTEMPATH\CodeIgniter.php(457): CodeIgniter\CodeIgniter->runController(Object(App\Controllers\Tip))
 8 SYSTEMPATH\CodeIgniter.php(340): CodeIgniter\CodeIgniter->handleRequest(null, Object(Config\Cache), false)
 9 FCPATH\index.php(67): CodeIgniter\CodeIgniter->run()
10 SYSTEMPATH\Commands\Server\rewrite.php(43): require_once('FCPATH\\index.php')
CRITICAL - 2023-03-07 20:06:55 --> Undefined index: total_trip
in APPPATH\Views\Tip_tracking\report_list_tip.php on line 84.
 1 APPPATH\Views\Tip_tracking\report_list_tip.php(84): CodeIgniter\Debug\Exceptions->errorHandler(8, 'Undefined index: total_trip', 'APPPATH\\Views\\Tip_tracking\\report_list_tip.php', 84, [...])
 2 SYSTEMPATH\View\View.php(213): include('APPPATH\\Views\\Tip_tracking\\report_list_tip.php')
 3 SYSTEMPATH\View\View.php(216): CodeIgniter\View\View->CodeIgniter\View\{closure}()
 4 SYSTEMPATH\Common.php(1137): CodeIgniter\View\View->render('Tip_tracking/report_list_tip', [], true)
 5 APPPATH\Controllers\Tip.php(257): view('Tip_tracking/report_list_tip', [...])
 6 SYSTEMPATH\CodeIgniter.php(904): App\Controllers\Tip->printPDF()
 7 SYSTEMPATH\CodeIgniter.php(457): CodeIgniter\CodeIgniter->runController(Object(App\Controllers\Tip))
 8 SYSTEMPATH\CodeIgniter.php(340): CodeIgniter\CodeIgniter->handleRequest(null, Object(Config\Cache), false)
 9 FCPATH\index.php(67): CodeIgniter\CodeIgniter->run()
10 SYSTEMPATH\Commands\Server\rewrite.php(43): require_once('FCPATH\\index.php')
CRITICAL - 2023-03-07 20:06:55 --> Undefined index: total_trip
in APPPATH\Views\Tip_tracking\report_list_tip.php on line 84.
 1 APPPATH\Views\Tip_tracking\report_list_tip.php(84): CodeIgniter\Debug\Exceptions->errorHandler(8, 'Undefined index: total_trip', 'APPPATH\\Views\\Tip_tracking\\report_list_tip.php', 84, [...])
 2 SYSTEMPATH\View\View.php(213): include('APPPATH\\Views\\Tip_tracking\\report_list_tip.php')
 3 SYSTEMPATH\View\View.php(216): CodeIgniter\View\View->CodeIgniter\View\{closure}()
 4 SYSTEMPATH\Common.php(1137): CodeIgniter\View\View->render('Tip_tracking/report_list_tip', [], true)
 5 APPPATH\Controllers\Tip.php(257): view('Tip_tracking/report_list_tip', [...])
 6 SYSTEMPATH\CodeIgniter.php(904): App\Controllers\Tip->printPDF()
 7 SYSTEMPATH\CodeIgniter.php(457): CodeIgniter\CodeIgniter->runController(Object(App\Controllers\Tip))
 8 SYSTEMPATH\CodeIgniter.php(340): CodeIgniter\CodeIgniter->handleRequest(null, Object(Config\Cache), false)
 9 FCPATH\index.php(67): CodeIgniter\CodeIgniter->run()
10 SYSTEMPATH\Commands\Server\rewrite.php(43): require_once('FCPATH\\index.php')
CRITICAL - 2023-03-07 20:06:55 --> Undefined index: total_trip
in APPPATH\Views\Tip_tracking\report_list_tip.php on line 84.
 1 APPPATH\Views\Tip_tracking\report_list_tip.php(84): CodeIgniter\Debug\Exceptions->errorHandler(8, 'Undefined index: total_trip', 'APPPATH\\Views\\Tip_tracking\\report_list_tip.php', 84, [...])
 2 SYSTEMPATH\View\View.php(213): include('APPPATH\\Views\\Tip_tracking\\report_list_tip.php')
 3 SYSTEMPATH\View\View.php(216): CodeIgniter\View\View->CodeIgniter\View\{closure}()
 4 SYSTEMPATH\Common.php(1137): CodeIgniter\View\View->render('Tip_tracking/report_list_tip', [], true)
 5 APPPATH\Controllers\Tip.php(257): view('Tip_tracking/report_list_tip', [...])
 6 SYSTEMPATH\CodeIgniter.php(904): App\Controllers\Tip->printPDF()
 7 SYSTEMPATH\CodeIgniter.php(457): CodeIgniter\CodeIgniter->runController(Object(App\Controllers\Tip))
 8 SYSTEMPATH\CodeIgniter.php(340): CodeIgniter\CodeIgniter->handleRequest(null, Object(Config\Cache), false)
 9 FCPATH\index.php(67): CodeIgniter\CodeIgniter->run()
10 SYSTEMPATH\Commands\Server\rewrite.php(43): require_once('FCPATH\\index.php')
CRITICAL - 2023-03-07 20:06:55 --> Undefined index: total_trip
in APPPATH\Views\Tip_tracking\report_list_tip.php on line 84.
 1 APPPATH\Views\Tip_tracking\report_list_tip.php(84): CodeIgniter\Debug\Exceptions->errorHandler(8, 'Undefined index: total_trip', 'APPPATH\\Views\\Tip_tracking\\report_list_tip.php', 84, [...])
 2 SYSTEMPATH\View\View.php(213): include('APPPATH\\Views\\Tip_tracking\\report_list_tip.php')
 3 SYSTEMPATH\View\View.php(216): CodeIgniter\View\View->CodeIgniter\View\{closure}()
 4 SYSTEMPATH\Common.php(1137): CodeIgniter\View\View->render('Tip_tracking/report_list_tip', [], true)
 5 APPPATH\Controllers\Tip.php(257): view('Tip_tracking/report_list_tip', [...])
 6 SYSTEMPATH\CodeIgniter.php(904): App\Controllers\Tip->printPDF()
 7 SYSTEMPATH\CodeIgniter.php(457): CodeIgniter\CodeIgniter->runController(Object(App\Controllers\Tip))
 8 SYSTEMPATH\CodeIgniter.php(340): CodeIgniter\CodeIgniter->handleRequest(null, Object(Config\Cache), false)
 9 FCPATH\index.php(67): CodeIgniter\CodeIgniter->run()
10 SYSTEMPATH\Commands\Server\rewrite.php(43): require_once('FCPATH\\index.php')
CRITICAL - 2023-03-07 20:06:55 --> Undefined index: total_trip
in APPPATH\Views\Tip_tracking\report_list_tip.php on line 84.
 1 APPPATH\Views\Tip_tracking\report_list_tip.php(84): CodeIgniter\Debug\Exceptions->errorHandler(8, 'Undefined index: total_trip', 'APPPATH\\Views\\Tip_tracking\\report_list_tip.php', 84, [...])
 2 SYSTEMPATH\View\View.php(213): include('APPPATH\\Views\\Tip_tracking\\report_list_tip.php')
 3 SYSTEMPATH\View\View.php(216): CodeIgniter\View\View->CodeIgniter\View\{closure}()
 4 SYSTEMPATH\Common.php(1137): CodeIgniter\View\View->render('Tip_tracking/report_list_tip', [], true)
 5 APPPATH\Controllers\Tip.php(257): view('Tip_tracking/report_list_tip', [...])
 6 SYSTEMPATH\CodeIgniter.php(904): App\Controllers\Tip->printPDF()
 7 SYSTEMPATH\CodeIgniter.php(457): CodeIgniter\CodeIgniter->runController(Object(App\Controllers\Tip))
 8 SYSTEMPATH\CodeIgniter.php(340): CodeIgniter\CodeIgniter->handleRequest(null, Object(Config\Cache), false)
 9 FCPATH\index.php(67): CodeIgniter\CodeIgniter->run()
10 SYSTEMPATH\Commands\Server\rewrite.php(43): require_once('FCPATH\\index.php')
ERROR - 2023-03-07 20:10:49 --> mysqli_sql_exception: You have an error in your SQL syntax; check the manual that corresponds to your MariaDB server version for the right syntax to use near 'ASCSELECT tblmas_tip_tracking.*, COUNT(tblmas_tip_tracking.id) AS total_trip...' at line 4 in C:\xampp\htdocs\tracking\system\Database\MySQLi\Connection.php:292
Stack trace:
#0 C:\xampp\htdocs\tracking\system\Database\MySQLi\Connection.php(292): mysqli->query('SELECT tblmas_t...', 0)
#1 C:\xampp\htdocs\tracking\system\Database\BaseConnection.php(693): CodeIgniter\Database\MySQLi\Connection->execute('SELECT tblmas_t...')
#2 C:\xampp\htdocs\tracking\system\Database\BaseConnection.php(620): CodeIgniter\Database\BaseConnection->simpleQuery('SELECT tblmas_t...')
#3 C:\xampp\htdocs\tracking\app\Models\TipModel.php(136): CodeIgniter\Database\BaseConnection->query('SELECT tblmas_t...')
#4 C:\xampp\htdocs\tracking\app\Controllers\Tip.php(255): App\Models\TipModel->getreportbyMonth('03', '2023')
#5 C:\xampp\htdocs\tracking\system\CodeIgniter.php(904): App\Controllers\Tip->printPDF()
#6 C:\xampp\htdocs\tracking\system\CodeIgniter.php(457): CodeIgniter\CodeIgniter->runController(Object(App\Controllers\Tip))
#7 C:\xampp\htdocs\tracking\system\CodeIgniter.php(340): CodeIgniter\CodeIgniter->handleRequest(NULL, Object(Config\Cache), false)
#8 C:\xampp\htdocs\tracking\public\index.php(67): CodeIgniter\CodeIgniter->run()
#9 C:\xampp\htdocs\tracking\system\Commands\Server\rewrite.php(43): require_once('C:\\xampp\\htdocs...')
#10 {main}
CRITICAL - 2023-03-07 20:10:49 --> You have an error in your SQL syntax; check the manual that corresponds to your MariaDB server version for the right syntax to use near 'ASCSELECT tblmas_tip_tracking.*, COUNT(tblmas_tip_tracking.id) AS total_trip...' at line 4
in SYSTEMPATH\Database\MySQLi\Connection.php on line 292.
 1 SYSTEMPATH\Database\MySQLi\Connection.php(292): mysqli->query('SELECT tblmas_tip_tracking.*, COUNT(tblmas_tip_tracking.id) AS total_trip
                    FROM tblmas_tip_tracking WHERE month(tblmas_tip_tracking.tgl) = 03 AND year(tblmas_tip_tracking.tgl) = 2023 
                        AND tblmas_tip_tracking.driver = \'Chandra sinaga\'
                               GROUP BY tblmas_tip_tracking.tgl ASCSELECT tblmas_tip_tracking.*, COUNT(tblmas_tip_tracking.id) AS total_trip
                    FROM tblmas_tip_tracking WHERE month(tblmas_tip_tracking.tgl) = 03 AND year(tblmas_tip_tracking.tgl) = 2023 
                        AND tblmas_tip_tracking.driver = \'Doni\'
                            GROUP BY tblmas_tip_tracking.tgl ASC', 0)
 2 SYSTEMPATH\Database\BaseConnection.php(693): CodeIgniter\Database\MySQLi\Connection->execute('SELECT tblmas_tip_tracking.*, COUNT(tblmas_tip_tracking.id) AS total_trip
                    FROM tblmas_tip_tracking WHERE month(tblmas_tip_tracking.tgl) = 03 AND year(tblmas_tip_tracking.tgl) = 2023 
                        AND tblmas_tip_tracking.driver = \'Chandra sinaga\'
                               GROUP BY tblmas_tip_tracking.tgl ASCSELECT tblmas_tip_tracking.*, COUNT(tblmas_tip_tracking.id) AS total_trip
                    FROM tblmas_tip_tracking WHERE month(tblmas_tip_tracking.tgl) = 03 AND year(tblmas_tip_tracking.tgl) = 2023 
                        AND tblmas_tip_tracking.driver = \'Doni\'
                            GROUP BY tblmas_tip_tracking.tgl ASC')
 3 SYSTEMPATH\Database\BaseConnection.php(620): CodeIgniter\Database\BaseConnection->simpleQuery('SELECT tblmas_tip_tracking.*, COUNT(tblmas_tip_tracking.id) AS total_trip
                    FROM tblmas_tip_tracking WHERE month(tblmas_tip_tracking.tgl) = 03 AND year(tblmas_tip_tracking.tgl) = 2023 
                        AND tblmas_tip_tracking.driver = \'Chandra sinaga\'
                               GROUP BY tblmas_tip_tracking.tgl ASCSELECT tblmas_tip_tracking.*, COUNT(tblmas_tip_tracking.id) AS total_trip
                    FROM tblmas_tip_tracking WHERE month(tblmas_tip_tracking.tgl) = 03 AND year(tblmas_tip_tracking.tgl) = 2023 
                        AND tblmas_tip_tracking.driver = \'Doni\'
                            GROUP BY tblmas_tip_tracking.tgl ASC')
 4 APPPATH\Models\TipModel.php(136): CodeIgniter\Database\BaseConnection->query('SELECT tblmas_tip_tracking.*, COUNT(tblmas_tip_tracking.id) AS total_trip
                    FROM tblmas_tip_tracking WHERE month(tblmas_tip_tracking.tgl) = 03 AND year(tblmas_tip_tracking.tgl) = 2023 
                        AND tblmas_tip_tracking.driver = \'Chandra sinaga\'
                               GROUP BY tblmas_tip_tracking.tgl ASCSELECT tblmas_tip_tracking.*, COUNT(tblmas_tip_tracking.id) AS total_trip
                    FROM tblmas_tip_tracking WHERE month(tblmas_tip_tracking.tgl) = 03 AND year(tblmas_tip_tracking.tgl) = 2023 
                        AND tblmas_tip_tracking.driver = \'Doni\'
                            GROUP BY tblmas_tip_tracking.tgl ASC')
 5 APPPATH\Controllers\Tip.php(255): App\Models\TipModel->getreportbyMonth('03', '2023')
 6 SYSTEMPATH\CodeIgniter.php(904): App\Controllers\Tip->printPDF()
 7 SYSTEMPATH\CodeIgniter.php(457): CodeIgniter\CodeIgniter->runController(Object(App\Controllers\Tip))
 8 SYSTEMPATH\CodeIgniter.php(340): CodeIgniter\CodeIgniter->handleRequest(null, Object(Config\Cache), false)
 9 FCPATH\index.php(67): CodeIgniter\CodeIgniter->run()
10 SYSTEMPATH\Commands\Server\rewrite.php(43): require_once('FCPATH\\index.php')
CRITICAL - 2023-03-07 20:28:52 --> Undefined index: total_trip
in APPPATH\Views\Tip_tracking\report_list_tip.php on line 82.
 1 APPPATH\Views\Tip_tracking\report_list_tip.php(82): CodeIgniter\Debug\Exceptions->errorHandler(8, 'Undefined index: total_trip', 'APPPATH\\Views\\Tip_tracking\\report_list_tip.php', 82, [...])
 2 SYSTEMPATH\View\View.php(213): include('APPPATH\\Views\\Tip_tracking\\report_list_tip.php')
 3 SYSTEMPATH\View\View.php(216): CodeIgniter\View\View->CodeIgniter\View\{closure}()
 4 SYSTEMPATH\Common.php(1137): CodeIgniter\View\View->render('Tip_tracking/report_list_tip', [], true)
 5 APPPATH\Controllers\Tip.php(257): view('Tip_tracking/report_list_tip', [...])
 6 SYSTEMPATH\CodeIgniter.php(904): App\Controllers\Tip->printPDF()
 7 SYSTEMPATH\CodeIgniter.php(457): CodeIgniter\CodeIgniter->runController(Object(App\Controllers\Tip))
 8 SYSTEMPATH\CodeIgniter.php(340): CodeIgniter\CodeIgniter->handleRequest(null, Object(Config\Cache), false)
 9 FCPATH\index.php(67): CodeIgniter\CodeIgniter->run()
10 SYSTEMPATH\Commands\Server\rewrite.php(43): require_once('FCPATH\\index.php')
CRITICAL - 2023-03-07 21:25:38 --> A non well formed numeric value encountered
in APPPATH\Controllers\Tip.php on line 222.
 1 [internal function]: CodeIgniter\Debug\Exceptions->errorHandler(8, 'A non well formed numeric value encountered', 'APPPATH\\Controllers\\Tip.php', 222, [...])
 2 APPPATH\Controllers\Tip.php(222): date('Y-m-d', '01-03-2023')
 3 SYSTEMPATH\CodeIgniter.php(904): App\Controllers\Tip->printPDF()
 4 SYSTEMPATH\CodeIgniter.php(457): CodeIgniter\CodeIgniter->runController(Object(App\Controllers\Tip))
 5 SYSTEMPATH\CodeIgniter.php(340): CodeIgniter\CodeIgniter->handleRequest(null, Object(Config\Cache), false)
 6 FCPATH\index.php(67): CodeIgniter\CodeIgniter->run()
 7 SYSTEMPATH\Commands\Server\rewrite.php(43): require_once('FCPATH\\index.php')
CRITICAL - 2023-03-07 21:30:46 --> Undefined variable: bulan
in APPPATH\Controllers\Tip.php on line 231.
 1 APPPATH\Controllers\Tip.php(231): CodeIgniter\Debug\Exceptions->errorHandler(8, 'Undefined variable: bulan', 'APPPATH\\Controllers\\Tip.php', 231, [...])
 2 SYSTEMPATH\CodeIgniter.php(904): App\Controllers\Tip->printPDF()
 3 SYSTEMPATH\CodeIgniter.php(457): CodeIgniter\CodeIgniter->runController(Object(App\Controllers\Tip))
 4 SYSTEMPATH\CodeIgniter.php(340): CodeIgniter\CodeIgniter->handleRequest(null, Object(Config\Cache), false)
 5 FCPATH\index.php(67): CodeIgniter\CodeIgniter->run()
 6 SYSTEMPATH\Commands\Server\rewrite.php(43): require_once('FCPATH\\index.php')
CRITICAL - 2023-03-07 21:52:27 --> Undefined variable: list
in APPPATH\Views\Tip_tracking\report_list_tip.php on line 80.
 1 APPPATH\Views\Tip_tracking\report_list_tip.php(80): CodeIgniter\Debug\Exceptions->errorHandler(8, 'Undefined variable: list', 'APPPATH\\Views\\Tip_tracking\\report_list_tip.php', 80, [...])
 2 SYSTEMPATH\View\View.php(213): include('APPPATH\\Views\\Tip_tracking\\report_list_tip.php')
 3 SYSTEMPATH\View\View.php(216): CodeIgniter\View\View->CodeIgniter\View\{closure}()
 4 SYSTEMPATH\Common.php(1137): CodeIgniter\View\View->render('Tip_tracking/report_list_tip', [], true)
 5 APPPATH\Controllers\Tip.php(233): view('Tip_tracking/report_list_tip', [...])
 6 SYSTEMPATH\CodeIgniter.php(904): App\Controllers\Tip->printPDF()
 7 SYSTEMPATH\CodeIgniter.php(457): CodeIgniter\CodeIgniter->runController(Object(App\Controllers\Tip))
 8 SYSTEMPATH\CodeIgniter.php(340): CodeIgniter\CodeIgniter->handleRequest(null, Object(Config\Cache), false)
 9 FCPATH\index.php(67): CodeIgniter\CodeIgniter->run()
10 SYSTEMPATH\Commands\Server\rewrite.php(43): require_once('FCPATH\\index.php')
CRITICAL - 2023-03-07 22:13:55 --> syntax error, unexpected '?>'
in APPPATH\Views\Tip_tracking\report_list_tip.php on line 83.
 1 SYSTEMPATH\View\View.php(216): CodeIgniter\View\View->CodeIgniter\View\{closure}()
 2 SYSTEMPATH\Common.php(1137): CodeIgniter\View\View->render('Tip_tracking/report_list_tip', [], true)
 3 APPPATH\Controllers\Tip.php(233): view('Tip_tracking/report_list_tip', [...])
 4 SYSTEMPATH\CodeIgniter.php(904): App\Controllers\Tip->printPDF()
 5 SYSTEMPATH\CodeIgniter.php(457): CodeIgniter\CodeIgniter->runController(Object(App\Controllers\Tip))
 6 SYSTEMPATH\CodeIgniter.php(340): CodeIgniter\CodeIgniter->handleRequest(null, Object(Config\Cache), false)
 7 FCPATH\index.php(67): CodeIgniter\CodeIgniter->run()
 8 SYSTEMPATH\Commands\Server\rewrite.php(43): require_once('FCPATH\\index.php')
ERROR - 2023-03-07 22:30:06 --> mysqli_sql_exception: You have an error in your SQL syntax; check the manual that corresponds to your MariaDB server version for the right syntax to use near 'when driver = 'Doni' GROUP BY tblmas_tip_tracking.tgl ASC' at line 3 in C:\xampp\htdocs\tracking\system\Database\MySQLi\Connection.php:292
Stack trace:
#0 C:\xampp\htdocs\tracking\system\Database\MySQLi\Connection.php(292): mysqli->query('SELECT DISTINCT...', 0)
#1 C:\xampp\htdocs\tracking\system\Database\BaseConnection.php(693): CodeIgniter\Database\MySQLi\Connection->execute('SELECT DISTINCT...')
#2 C:\xampp\htdocs\tracking\system\Database\BaseConnection.php(620): CodeIgniter\Database\BaseConnection->simpleQuery('SELECT DISTINCT...')
#3 C:\xampp\htdocs\tracking\app\Models\TipModel.php(131): CodeIgniter\Database\BaseConnection->query('SELECT DISTINCT...')
#4 C:\xampp\htdocs\tracking\app\Controllers\Tip.php(231): App\Models\TipModel->getreportbyMonth('2023-03-01', '2023-03-31')
#5 C:\xampp\htdocs\tracking\system\CodeIgniter.php(904): App\Controllers\Tip->printPDF()
#6 C:\xampp\htdocs\tracking\system\CodeIgniter.php(457): CodeIgniter\CodeIgniter->runController(Object(App\Controllers\Tip))
#7 C:\xampp\htdocs\tracking\system\CodeIgniter.php(340): CodeIgniter\CodeIgniter->handleRequest(NULL, Object(Config\Cache), false)
#8 C:\xampp\htdocs\tracking\public\index.php(67): CodeIgniter\CodeIgniter->run()
#9 C:\xampp\htdocs\tracking\system\Commands\Server\rewrite.php(43): require_once('C:\\xampp\\htdocs...')
#10 {main}
CRITICAL - 2023-03-07 22:30:06 --> You have an error in your SQL syntax; check the manual that corresponds to your MariaDB server version for the right syntax to use near 'when driver = 'Doni' GROUP BY tblmas_tip_tracking.tgl ASC' at line 3
in SYSTEMPATH\Database\MySQLi\Connection.php on line 292.
 1 SYSTEMPATH\Database\MySQLi\Connection.php(292): mysqli->query('SELECT DISTINCT tgl, tblmas_tip_tracking.*, COUNT(tblmas_tip_tracking.trip) AS total_trip
                    FROM tblmas_tip_tracking
                        WHERE tgl BETWEEN \'2023-03-01\' AND \'2023-03-31\' AND driver = \'Chandra sinaga\' when driver = \'Doni\' GROUP BY tblmas_tip_tracking.tgl ASC', 0)
 2 SYSTEMPATH\Database\BaseConnection.php(693): CodeIgniter\Database\MySQLi\Connection->execute('SELECT DISTINCT tgl, tblmas_tip_tracking.*, COUNT(tblmas_tip_tracking.trip) AS total_trip
                    FROM tblmas_tip_tracking
                        WHERE tgl BETWEEN \'2023-03-01\' AND \'2023-03-31\' AND driver = \'Chandra sinaga\' when driver = \'Doni\' GROUP BY tblmas_tip_tracking.tgl ASC')
 3 SYSTEMPATH\Database\BaseConnection.php(620): CodeIgniter\Database\BaseConnection->simpleQuery('SELECT DISTINCT tgl, tblmas_tip_tracking.*, COUNT(tblmas_tip_tracking.trip) AS total_trip
                    FROM tblmas_tip_tracking
                        WHERE tgl BETWEEN \'2023-03-01\' AND \'2023-03-31\' AND driver = \'Chandra sinaga\' when driver = \'Doni\' GROUP BY tblmas_tip_tracking.tgl ASC')
 4 APPPATH\Models\TipModel.php(131): CodeIgniter\Database\BaseConnection->query('SELECT DISTINCT tgl, tblmas_tip_tracking.*, COUNT(tblmas_tip_tracking.trip) AS total_trip
                    FROM tblmas_tip_tracking
                        WHERE tgl BETWEEN \'2023-03-01\' AND \'2023-03-31\' AND driver = \'Chandra sinaga\' when driver = \'Doni\' GROUP BY tblmas_tip_tracking.tgl ASC')
 5 APPPATH\Controllers\Tip.php(231): App\Models\TipModel->getreportbyMonth('2023-03-01', '2023-03-31')
 6 SYSTEMPATH\CodeIgniter.php(904): App\Controllers\Tip->printPDF()
 7 SYSTEMPATH\CodeIgniter.php(457): CodeIgniter\CodeIgniter->runController(Object(App\Controllers\Tip))
 8 SYSTEMPATH\CodeIgniter.php(340): CodeIgniter\CodeIgniter->handleRequest(null, Object(Config\Cache), false)
 9 FCPATH\index.php(67): CodeIgniter\CodeIgniter->run()
10 SYSTEMPATH\Commands\Server\rewrite.php(43): require_once('FCPATH\\index.php')
ERROR - 2023-03-07 22:36:11 --> mysqli_sql_exception: You have an error in your SQL syntax; check the manual that corresponds to your MariaDB server version for the right syntax to use near 'AND year(tgl) =  AND driver = 'Chandra sinaga' GROUP BY tblmas_tip_tracking.tgl' at line 3 in C:\xampp\htdocs\tracking\system\Database\MySQLi\Connection.php:292
Stack trace:
#0 C:\xampp\htdocs\tracking\system\Database\MySQLi\Connection.php(292): mysqli->query('SELECT DISTINCT...', 0)
#1 C:\xampp\htdocs\tracking\system\Database\BaseConnection.php(693): CodeIgniter\Database\MySQLi\Connection->execute('SELECT DISTINCT...')
#2 C:\xampp\htdocs\tracking\system\Database\BaseConnection.php(620): CodeIgniter\Database\BaseConnection->simpleQuery('SELECT DISTINCT...')
#3 C:\xampp\htdocs\tracking\app\Models\TipModel.php(133): CodeIgniter\Database\BaseConnection->query('SELECT DISTINCT...')
#4 C:\xampp\htdocs\tracking\app\Controllers\Tip.php(261): App\Models\TipModel->getreportbyMonth(NULL, NULL)
#5 C:\xampp\htdocs\tracking\system\CodeIgniter.php(904): App\Controllers\Tip->printPDF()
#6 C:\xampp\htdocs\tracking\system\CodeIgniter.php(457): CodeIgniter\CodeIgniter->runController(Object(App\Controllers\Tip))
#7 C:\xampp\htdocs\tracking\system\CodeIgniter.php(340): CodeIgniter\CodeIgniter->handleRequest(NULL, Object(Config\Cache), false)
#8 C:\xampp\htdocs\tracking\public\index.php(67): CodeIgniter\CodeIgniter->run()
#9 C:\xampp\htdocs\tracking\system\Commands\Server\rewrite.php(43): require_once('C:\\xampp\\htdocs...')
#10 {main}
CRITICAL - 2023-03-07 22:36:11 --> You have an error in your SQL syntax; check the manual that corresponds to your MariaDB server version for the right syntax to use near 'AND year(tgl) =  AND driver = 'Chandra sinaga' GROUP BY tblmas_tip_tracking.tgl' at line 3
in SYSTEMPATH\Database\MySQLi\Connection.php on line 292.
 1 SYSTEMPATH\Database\MySQLi\Connection.php(292): mysqli->query('SELECT DISTINCT tgl, tblmas_tip_tracking.*
                    FROM tblmas_tip_tracking 
                    WHERE month(tgl) =  AND year(tgl) =  AND driver = \'Chandra sinaga\' GROUP BY tblmas_tip_tracking.tgl', 0)
 2 SYSTEMPATH\Database\BaseConnection.php(693): CodeIgniter\Database\MySQLi\Connection->execute('SELECT DISTINCT tgl, tblmas_tip_tracking.*
                    FROM tblmas_tip_tracking 
                    WHERE month(tgl) =  AND year(tgl) =  AND driver = \'Chandra sinaga\' GROUP BY tblmas_tip_tracking.tgl')
 3 SYSTEMPATH\Database\BaseConnection.php(620): CodeIgniter\Database\BaseConnection->simpleQuery('SELECT DISTINCT tgl, tblmas_tip_tracking.*
                    FROM tblmas_tip_tracking 
                    WHERE month(tgl) =  AND year(tgl) =  AND driver = \'Chandra sinaga\' GROUP BY tblmas_tip_tracking.tgl')
 4 APPPATH\Models\TipModel.php(133): CodeIgniter\Database\BaseConnection->query('SELECT DISTINCT tgl, tblmas_tip_tracking.*
                    FROM tblmas_tip_tracking 
                    WHERE month(tgl) =  AND year(tgl) =  AND driver = \'Chandra sinaga\' GROUP BY tblmas_tip_tracking.tgl')
 5 APPPATH\Controllers\Tip.php(261): App\Models\TipModel->getreportbyMonth(null, null)
 6 SYSTEMPATH\CodeIgniter.php(904): App\Controllers\Tip->printPDF()
 7 SYSTEMPATH\CodeIgniter.php(457): CodeIgniter\CodeIgniter->runController(Object(App\Controllers\Tip))
 8 SYSTEMPATH\CodeIgniter.php(340): CodeIgniter\CodeIgniter->handleRequest(null, Object(Config\Cache), false)
 9 FCPATH\index.php(67): CodeIgniter\CodeIgniter->run()
10 SYSTEMPATH\Commands\Server\rewrite.php(43): require_once('FCPATH\\index.php')
ERROR - 2023-03-07 22:36:27 --> mysqli_sql_exception: You have an error in your SQL syntax; check the manual that corresponds to your MariaDB server version for the right syntax to use near 'AND year(tgl) =  AND driver = 'Chandra sinaga' GROUP BY tblmas_tip_tracking.tgl' at line 3 in C:\xampp\htdocs\tracking\system\Database\MySQLi\Connection.php:292
Stack trace:
#0 C:\xampp\htdocs\tracking\system\Database\MySQLi\Connection.php(292): mysqli->query('SELECT DISTINCT...', 0)
#1 C:\xampp\htdocs\tracking\system\Database\BaseConnection.php(693): CodeIgniter\Database\MySQLi\Connection->execute('SELECT DISTINCT...')
#2 C:\xampp\htdocs\tracking\system\Database\BaseConnection.php(620): CodeIgniter\Database\BaseConnection->simpleQuery('SELECT DISTINCT...')
#3 C:\xampp\htdocs\tracking\app\Models\TipModel.php(133): CodeIgniter\Database\BaseConnection->query('SELECT DISTINCT...')
#4 C:\xampp\htdocs\tracking\app\Controllers\Tip.php(261): App\Models\TipModel->getreportbyMonth(NULL, NULL)
#5 C:\xampp\htdocs\tracking\system\CodeIgniter.php(904): App\Controllers\Tip->printPDF()
#6 C:\xampp\htdocs\tracking\system\CodeIgniter.php(457): CodeIgniter\CodeIgniter->runController(Object(App\Controllers\Tip))
#7 C:\xampp\htdocs\tracking\system\CodeIgniter.php(340): CodeIgniter\CodeIgniter->handleRequest(NULL, Object(Config\Cache), false)
#8 C:\xampp\htdocs\tracking\public\index.php(67): CodeIgniter\CodeIgniter->run()
#9 C:\xampp\htdocs\tracking\system\Commands\Server\rewrite.php(43): require_once('C:\\xampp\\htdocs...')
#10 {main}
CRITICAL - 2023-03-07 22:36:27 --> You have an error in your SQL syntax; check the manual that corresponds to your MariaDB server version for the right syntax to use near 'AND year(tgl) =  AND driver = 'Chandra sinaga' GROUP BY tblmas_tip_tracking.tgl' at line 3
in SYSTEMPATH\Database\MySQLi\Connection.php on line 292.
 1 SYSTEMPATH\Database\MySQLi\Connection.php(292): mysqli->query('SELECT DISTINCT tgl, tblmas_tip_tracking.*
                    FROM tblmas_tip_tracking 
                    WHERE month(tgl) =  AND year(tgl) =  AND driver = \'Chandra sinaga\' GROUP BY tblmas_tip_tracking.tgl', 0)
 2 SYSTEMPATH\Database\BaseConnection.php(693): CodeIgniter\Database\MySQLi\Connection->execute('SELECT DISTINCT tgl, tblmas_tip_tracking.*
                    FROM tblmas_tip_tracking 
                    WHERE month(tgl) =  AND year(tgl) =  AND driver = \'Chandra sinaga\' GROUP BY tblmas_tip_tracking.tgl')
 3 SYSTEMPATH\Database\BaseConnection.php(620): CodeIgniter\Database\BaseConnection->simpleQuery('SELECT DISTINCT tgl, tblmas_tip_tracking.*
                    FROM tblmas_tip_tracking 
                    WHERE month(tgl) =  AND year(tgl) =  AND driver = \'Chandra sinaga\' GROUP BY tblmas_tip_tracking.tgl')
 4 APPPATH\Models\TipModel.php(133): CodeIgniter\Database\BaseConnection->query('SELECT DISTINCT tgl, tblmas_tip_tracking.*
                    FROM tblmas_tip_tracking 
                    WHERE month(tgl) =  AND year(tgl) =  AND driver = \'Chandra sinaga\' GROUP BY tblmas_tip_tracking.tgl')
 5 APPPATH\Controllers\Tip.php(261): App\Models\TipModel->getreportbyMonth(null, null)
 6 SYSTEMPATH\CodeIgniter.php(904): App\Controllers\Tip->printPDF()
 7 SYSTEMPATH\CodeIgniter.php(457): CodeIgniter\CodeIgniter->runController(Object(App\Controllers\Tip))
 8 SYSTEMPATH\CodeIgniter.php(340): CodeIgniter\CodeIgniter->handleRequest(null, Object(Config\Cache), false)
 9 FCPATH\index.php(67): CodeIgniter\CodeIgniter->run()
10 SYSTEMPATH\Commands\Server\rewrite.php(43): require_once('FCPATH\\index.php')
CRITICAL - 2023-03-07 22:36:38 --> Undefined index: total_trip
in APPPATH\Views\Tip_tracking\report_list_tip.php on line 82.
 1 APPPATH\Views\Tip_tracking\report_list_tip.php(82): CodeIgniter\Debug\Exceptions->errorHandler(8, 'Undefined index: total_trip', 'APPPATH\\Views\\Tip_tracking\\report_list_tip.php', 82, [...])
 2 SYSTEMPATH\View\View.php(213): include('APPPATH\\Views\\Tip_tracking\\report_list_tip.php')
 3 SYSTEMPATH\View\View.php(216): CodeIgniter\View\View->CodeIgniter\View\{closure}()
 4 SYSTEMPATH\Common.php(1137): CodeIgniter\View\View->render('Tip_tracking/report_list_tip', [], true)
 5 APPPATH\Controllers\Tip.php(263): view('Tip_tracking/report_list_tip', [...])
 6 SYSTEMPATH\CodeIgniter.php(904): App\Controllers\Tip->printPDF()
 7 SYSTEMPATH\CodeIgniter.php(457): CodeIgniter\CodeIgniter->runController(Object(App\Controllers\Tip))
 8 SYSTEMPATH\CodeIgniter.php(340): CodeIgniter\CodeIgniter->handleRequest(null, Object(Config\Cache), false)
 9 FCPATH\index.php(67): CodeIgniter\CodeIgniter->run()
10 SYSTEMPATH\Commands\Server\rewrite.php(43): require_once('FCPATH\\index.php')
CRITICAL - 2023-03-07 23:54:00 --> syntax error, unexpected '}'
in APPPATH\Views\Tip_tracking\report_list_tip.php on line 97.
 1 SYSTEMPATH\View\View.php(216): CodeIgniter\View\View->CodeIgniter\View\{closure}()
 2 SYSTEMPATH\Common.php(1137): CodeIgniter\View\View->render('Tip_tracking/report_list_tip', [], true)
 3 APPPATH\Controllers\Tip.php(263): view('Tip_tracking/report_list_tip', [...])
 4 SYSTEMPATH\CodeIgniter.php(904): App\Controllers\Tip->printPDF()
 5 SYSTEMPATH\CodeIgniter.php(457): CodeIgniter\CodeIgniter->runController(Object(App\Controllers\Tip))
 6 SYSTEMPATH\CodeIgniter.php(340): CodeIgniter\CodeIgniter->handleRequest(null, Object(Config\Cache), false)
 7 FCPATH\index.php(67): CodeIgniter\CodeIgniter->run()
 8 SYSTEMPATH\Commands\Server\rewrite.php(43): require_once('FCPATH\\index.php')
