CRITICAL - 2023-03-27 00:26:29 --> The behavior of unparenthesized expressions containing both '.' and '+'/'-' will change in PHP 8: '+'/'-' will take a higher precedence
in APPPATH\Views\Tip_tracking\list_tip.php on line 51.
 1 SYSTEMPATH\View\View.php(213): CodeIgniter\Debug\Exceptions->errorHandler(8192, 'The behavior of unparenthesized expressions containing both \'.\' and \'+\'/\'-\' will change in PHP 8: \'+\'/\'-\' will take a higher precedence', 'APPPATH\\Views\\Tip_tracking\\list_tip.php', 51, [...])
 2 SYSTEMPATH\View\View.php(213): include()
 3 SYSTEMPATH\View\View.php(216): CodeIgniter\View\View->CodeIgniter\View\{closure}()
 4 SYSTEMPATH\Common.php(1137): CodeIgniter\View\View->render('Tip_tracking/list_tip', [], true)
 5 APPPATH\Controllers\Tip.php(141): view('Tip_tracking/list_tip', [...])
 6 SYSTEMPATH\CodeIgniter.php(904): App\Controllers\Tip->viewListTip()
 7 SYSTEMPATH\CodeIgniter.php(457): CodeIgniter\CodeIgniter->runController(Object(App\Controllers\Tip))
 8 SYSTEMPATH\CodeIgniter.php(340): CodeIgniter\CodeIgniter->handleRequest(null, Object(Config\Cache), false)
 9 FCPATH\index.php(67): CodeIgniter\CodeIgniter->run()
10 SYSTEMPATH\Commands\Server\rewrite.php(43): require_once('FCPATH\\index.php')
CRITICAL - 2023-03-27 00:41:37 --> Undefined index: dari_tanggal
in APPPATH\Views\Tip_tracking\report_rentang_list_tip.php on line 14.
 1 APPPATH\Views\Tip_tracking\report_rentang_list_tip.php(14): CodeIgniter\Debug\Exceptions->errorHandler(8, 'Undefined index: dari_tanggal', 'APPPATH\\Views\\Tip_tracking\\report_rentang_list_tip.php', 14, [...])
 2 SYSTEMPATH\View\View.php(213): include('APPPATH\\Views\\Tip_tracking\\report_rentang_list_tip.php')
 3 SYSTEMPATH\View\View.php(216): CodeIgniter\View\View->CodeIgniter\View\{closure}()
 4 SYSTEMPATH\Common.php(1137): CodeIgniter\View\View->render('Tip_tracking/report_rentang_list_tip', [], true)
 5 APPPATH\Controllers\Tip.php(283): view('Tip_tracking/report_rentang_list_tip', [...])
 6 SYSTEMPATH\CodeIgniter.php(904): App\Controllers\Tip->reportrentangBulan()
 7 SYSTEMPATH\CodeIgniter.php(457): CodeIgniter\CodeIgniter->runController(Object(App\Controllers\Tip))
 8 SYSTEMPATH\CodeIgniter.php(340): CodeIgniter\CodeIgniter->handleRequest(null, Object(Config\Cache), false)
 9 FCPATH\index.php(67): CodeIgniter\CodeIgniter->run()
10 SYSTEMPATH\Commands\Server\rewrite.php(43): require_once('FCPATH\\index.php')
CRITICAL - 2023-03-27 00:43:43 --> Undefined variable: tampilkan_harian_chandra
in APPPATH\Views\Tip_tracking\report_rentang_list_tip.php on line 63.
 1 APPPATH\Views\Tip_tracking\report_rentang_list_tip.php(63): CodeIgniter\Debug\Exceptions->errorHandler(8, 'Undefined variable: tampilkan_harian_chandra', 'APPPATH\\Views\\Tip_tracking\\report_rentang_list_tip.php', 63, [...])
 2 SYSTEMPATH\View\View.php(213): include('APPPATH\\Views\\Tip_tracking\\report_rentang_list_tip.php')
 3 SYSTEMPATH\View\View.php(216): CodeIgniter\View\View->CodeIgniter\View\{closure}()
 4 SYSTEMPATH\Common.php(1137): CodeIgniter\View\View->render('Tip_tracking/report_rentang_list_tip', [], true)
 5 APPPATH\Controllers\Tip.php(283): view('Tip_tracking/report_rentang_list_tip', [...])
 6 SYSTEMPATH\CodeIgniter.php(904): App\Controllers\Tip->reportrentangBulan()
 7 SYSTEMPATH\CodeIgniter.php(457): CodeIgniter\CodeIgniter->runController(Object(App\Controllers\Tip))
 8 SYSTEMPATH\CodeIgniter.php(340): CodeIgniter\CodeIgniter->handleRequest(null, Object(Config\Cache), false)
 9 FCPATH\index.php(67): CodeIgniter\CodeIgniter->run()
10 SYSTEMPATH\Commands\Server\rewrite.php(43): require_once('FCPATH\\index.php')
CRITICAL - 2023-03-27 00:51:42 --> Array callback has to contain indices 0 and 1
in APPPATH\Views\Tip_tracking\report_rentang_list_tip.php on line 17.
 1 SYSTEMPATH\View\View.php(213): include()
 2 SYSTEMPATH\View\View.php(216): CodeIgniter\View\View->CodeIgniter\View\{closure}()
 3 SYSTEMPATH\Common.php(1137): CodeIgniter\View\View->render('Tip_tracking/report_rentang_list_tip', [], true)
 4 APPPATH\Controllers\Tip.php(283): view('Tip_tracking/report_rentang_list_tip', [...])
 5 SYSTEMPATH\CodeIgniter.php(904): App\Controllers\Tip->reportrentangBulan()
 6 SYSTEMPATH\CodeIgniter.php(457): CodeIgniter\CodeIgniter->runController(Object(App\Controllers\Tip))
 7 SYSTEMPATH\CodeIgniter.php(340): CodeIgniter\CodeIgniter->handleRequest(null, Object(Config\Cache), false)
 8 FCPATH\index.php(67): CodeIgniter\CodeIgniter->run()
 9 SYSTEMPATH\Commands\Server\rewrite.php(43): require_once('FCPATH\\index.php')
CRITICAL - 2023-03-27 00:52:22 --> Undefined property: CodeIgniter\View\View::$request
in APPPATH\Views\Tip_tracking\report_rentang_list_tip.php on line 15.
 1 APPPATH\Views\Tip_tracking\report_rentang_list_tip.php(15): CodeIgniter\Debug\Exceptions->errorHandler(8, 'Undefined property: CodeIgniter\\View\\View::$request', 'APPPATH\\Views\\Tip_tracking\\report_rentang_list_tip.php', 15, [...])
 2 SYSTEMPATH\View\View.php(213): include('APPPATH\\Views\\Tip_tracking\\report_rentang_list_tip.php')
 3 SYSTEMPATH\View\View.php(216): CodeIgniter\View\View->CodeIgniter\View\{closure}()
 4 SYSTEMPATH\Common.php(1137): CodeIgniter\View\View->render('Tip_tracking/report_rentang_list_tip', [], true)
 5 APPPATH\Controllers\Tip.php(283): view('Tip_tracking/report_rentang_list_tip', [...])
 6 SYSTEMPATH\CodeIgniter.php(904): App\Controllers\Tip->reportrentangBulan()
 7 SYSTEMPATH\CodeIgniter.php(457): CodeIgniter\CodeIgniter->runController(Object(App\Controllers\Tip))
 8 SYSTEMPATH\CodeIgniter.php(340): CodeIgniter\CodeIgniter->handleRequest(null, Object(Config\Cache), false)
 9 FCPATH\index.php(67): CodeIgniter\CodeIgniter->run()
10 SYSTEMPATH\Commands\Server\rewrite.php(43): require_once('FCPATH\\index.php')
CRITICAL - 2023-03-27 00:52:44 --> Array callback has to contain indices 0 and 1
in APPPATH\Views\Tip_tracking\report_rentang_list_tip.php on line 15.
 1 SYSTEMPATH\View\View.php(213): include()
 2 SYSTEMPATH\View\View.php(216): CodeIgniter\View\View->CodeIgniter\View\{closure}()
 3 SYSTEMPATH\Common.php(1137): CodeIgniter\View\View->render('Tip_tracking/report_rentang_list_tip', [], true)
 4 APPPATH\Controllers\Tip.php(283): view('Tip_tracking/report_rentang_list_tip', [...])
 5 SYSTEMPATH\CodeIgniter.php(904): App\Controllers\Tip->reportrentangBulan()
 6 SYSTEMPATH\CodeIgniter.php(457): CodeIgniter\CodeIgniter->runController(Object(App\Controllers\Tip))
 7 SYSTEMPATH\CodeIgniter.php(340): CodeIgniter\CodeIgniter->handleRequest(null, Object(Config\Cache), false)
 8 FCPATH\index.php(67): CodeIgniter\CodeIgniter->run()
 9 SYSTEMPATH\Commands\Server\rewrite.php(43): require_once('FCPATH\\index.php')
CRITICAL - 2023-03-27 01:20:04 --> Undefined variable: tampilkan_harian_chandra
in APPPATH\Views\Tip_tracking\report_rentang_list_tip.php on line 65.
 1 APPPATH\Views\Tip_tracking\report_rentang_list_tip.php(65): CodeIgniter\Debug\Exceptions->errorHandler(8, 'Undefined variable: tampilkan_harian_chandra', 'APPPATH\\Views\\Tip_tracking\\report_rentang_list_tip.php', 65, [...])
 2 SYSTEMPATH\View\View.php(213): include('APPPATH\\Views\\Tip_tracking\\report_rentang_list_tip.php')
 3 SYSTEMPATH\View\View.php(216): CodeIgniter\View\View->CodeIgniter\View\{closure}()
 4 SYSTEMPATH\Common.php(1137): CodeIgniter\View\View->render('Tip_tracking/report_rentang_list_tip', [], true)
 5 APPPATH\Controllers\Tip.php(283): view('Tip_tracking/report_rentang_list_tip', [...])
 6 SYSTEMPATH\CodeIgniter.php(904): App\Controllers\Tip->reportrentangBulan()
 7 SYSTEMPATH\CodeIgniter.php(457): CodeIgniter\CodeIgniter->runController(Object(App\Controllers\Tip))
 8 SYSTEMPATH\CodeIgniter.php(340): CodeIgniter\CodeIgniter->handleRequest(null, Object(Config\Cache), false)
 9 FCPATH\index.php(67): CodeIgniter\CodeIgniter->run()
10 SYSTEMPATH\Commands\Server\rewrite.php(43): require_once('FCPATH\\index.php')
CRITICAL - 2023-03-27 01:21:16 --> Undefined variable: tampilkan_harian_chandra
in APPPATH\Views\Tip_tracking\report_rentang_list_tip.php on line 65.
 1 APPPATH\Views\Tip_tracking\report_rentang_list_tip.php(65): CodeIgniter\Debug\Exceptions->errorHandler(8, 'Undefined variable: tampilkan_harian_chandra', 'APPPATH\\Views\\Tip_tracking\\report_rentang_list_tip.php', 65, [...])
 2 SYSTEMPATH\View\View.php(213): include('APPPATH\\Views\\Tip_tracking\\report_rentang_list_tip.php')
 3 SYSTEMPATH\View\View.php(216): CodeIgniter\View\View->CodeIgniter\View\{closure}()
 4 SYSTEMPATH\Common.php(1137): CodeIgniter\View\View->render('Tip_tracking/report_rentang_list_tip', [], true)
 5 APPPATH\Controllers\Tip.php(283): view('Tip_tracking/report_rentang_list_tip', [...])
 6 SYSTEMPATH\CodeIgniter.php(904): App\Controllers\Tip->reportrentangBulan()
 7 SYSTEMPATH\CodeIgniter.php(457): CodeIgniter\CodeIgniter->runController(Object(App\Controllers\Tip))
 8 SYSTEMPATH\CodeIgniter.php(340): CodeIgniter\CodeIgniter->handleRequest(null, Object(Config\Cache), false)
 9 FCPATH\index.php(67): CodeIgniter\CodeIgniter->run()
10 SYSTEMPATH\Commands\Server\rewrite.php(43): require_once('FCPATH\\index.php')
CRITICAL - 2023-03-27 01:21:29 --> Undefined variable: tampilkan_harian_chandra
in APPPATH\Views\Tip_tracking\report_rentang_list_tip.php on line 65.
 1 APPPATH\Views\Tip_tracking\report_rentang_list_tip.php(65): CodeIgniter\Debug\Exceptions->errorHandler(8, 'Undefined variable: tampilkan_harian_chandra', 'APPPATH\\Views\\Tip_tracking\\report_rentang_list_tip.php', 65, [...])
 2 SYSTEMPATH\View\View.php(213): include('APPPATH\\Views\\Tip_tracking\\report_rentang_list_tip.php')
 3 SYSTEMPATH\View\View.php(216): CodeIgniter\View\View->CodeIgniter\View\{closure}()
 4 SYSTEMPATH\Common.php(1137): CodeIgniter\View\View->render('Tip_tracking/report_rentang_list_tip', [], true)
 5 APPPATH\Controllers\Tip.php(283): view('Tip_tracking/report_rentang_list_tip', [...])
 6 SYSTEMPATH\CodeIgniter.php(904): App\Controllers\Tip->reportrentangBulan()
 7 SYSTEMPATH\CodeIgniter.php(457): CodeIgniter\CodeIgniter->runController(Object(App\Controllers\Tip))
 8 SYSTEMPATH\CodeIgniter.php(340): CodeIgniter\CodeIgniter->handleRequest(null, Object(Config\Cache), false)
 9 FCPATH\index.php(67): CodeIgniter\CodeIgniter->run()
10 SYSTEMPATH\Commands\Server\rewrite.php(43): require_once('FCPATH\\index.php')
CRITICAL - 2023-03-27 01:21:33 --> Undefined variable: tampilkan_harian_chandra
in APPPATH\Views\Tip_tracking\report_rentang_list_tip.php on line 65.
 1 APPPATH\Views\Tip_tracking\report_rentang_list_tip.php(65): CodeIgniter\Debug\Exceptions->errorHandler(8, 'Undefined variable: tampilkan_harian_chandra', 'APPPATH\\Views\\Tip_tracking\\report_rentang_list_tip.php', 65, [...])
 2 SYSTEMPATH\View\View.php(213): include('APPPATH\\Views\\Tip_tracking\\report_rentang_list_tip.php')
 3 SYSTEMPATH\View\View.php(216): CodeIgniter\View\View->CodeIgniter\View\{closure}()
 4 SYSTEMPATH\Common.php(1137): CodeIgniter\View\View->render('Tip_tracking/report_rentang_list_tip', [], true)
 5 APPPATH\Controllers\Tip.php(283): view('Tip_tracking/report_rentang_list_tip', [...])
 6 SYSTEMPATH\CodeIgniter.php(904): App\Controllers\Tip->reportrentangBulan()
 7 SYSTEMPATH\CodeIgniter.php(457): CodeIgniter\CodeIgniter->runController(Object(App\Controllers\Tip))
 8 SYSTEMPATH\CodeIgniter.php(340): CodeIgniter\CodeIgniter->handleRequest(null, Object(Config\Cache), false)
 9 FCPATH\index.php(67): CodeIgniter\CodeIgniter->run()
10 SYSTEMPATH\Commands\Server\rewrite.php(43): require_once('FCPATH\\index.php')
CRITICAL - 2023-03-27 08:28:28 --> Undefined variable: tampilkan_harian_chandra
in APPPATH\Views\Tip_tracking\report_rentang_list_tip.php on line 65.
 1 APPPATH\Views\Tip_tracking\report_rentang_list_tip.php(65): CodeIgniter\Debug\Exceptions->errorHandler(8, 'Undefined variable: tampilkan_harian_chandra', 'APPPATH\\Views\\Tip_tracking\\report_rentang_list_tip.php', 65, [...])
 2 SYSTEMPATH\View\View.php(213): include('APPPATH\\Views\\Tip_tracking\\report_rentang_list_tip.php')
 3 SYSTEMPATH\View\View.php(216): CodeIgniter\View\View->CodeIgniter\View\{closure}()
 4 SYSTEMPATH\Common.php(1137): CodeIgniter\View\View->render('Tip_tracking/report_rentang_list_tip', [], true)
 5 APPPATH\Controllers\Tip.php(283): view('Tip_tracking/report_rentang_list_tip', [...])
 6 SYSTEMPATH\CodeIgniter.php(904): App\Controllers\Tip->reportrentangBulan()
 7 SYSTEMPATH\CodeIgniter.php(457): CodeIgniter\CodeIgniter->runController(Object(App\Controllers\Tip))
 8 SYSTEMPATH\CodeIgniter.php(340): CodeIgniter\CodeIgniter->handleRequest(null, Object(Config\Cache), false)
 9 FCPATH\index.php(67): CodeIgniter\CodeIgniter->run()
10 SYSTEMPATH\Commands\Server\rewrite.php(43): require_once('FCPATH\\index.php')
CRITICAL - 2023-03-27 09:08:53 --> Undefined variable: tampilkan_harian_chandra
in APPPATH\Views\Tip_tracking\report_rentang_list_tip.php on line 65.
 1 APPPATH\Views\Tip_tracking\report_rentang_list_tip.php(65): CodeIgniter\Debug\Exceptions->errorHandler(8, 'Undefined variable: tampilkan_harian_chandra', 'APPPATH\\Views\\Tip_tracking\\report_rentang_list_tip.php', 65, [...])
 2 SYSTEMPATH\View\View.php(213): include('APPPATH\\Views\\Tip_tracking\\report_rentang_list_tip.php')
 3 SYSTEMPATH\View\View.php(216): CodeIgniter\View\View->CodeIgniter\View\{closure}()
 4 SYSTEMPATH\Common.php(1137): CodeIgniter\View\View->render('Tip_tracking/report_rentang_list_tip', [], true)
 5 APPPATH\Controllers\Tip.php(292): view('Tip_tracking/report_rentang_list_tip', [...])
 6 SYSTEMPATH\CodeIgniter.php(904): App\Controllers\Tip->reportrentangBulan()
 7 SYSTEMPATH\CodeIgniter.php(457): CodeIgniter\CodeIgniter->runController(Object(App\Controllers\Tip))
 8 SYSTEMPATH\CodeIgniter.php(340): CodeIgniter\CodeIgniter->handleRequest(null, Object(Config\Cache), false)
 9 FCPATH\index.php(67): CodeIgniter\CodeIgniter->run()
10 SYSTEMPATH\Commands\Server\rewrite.php(43): require_once('FCPATH\\index.php')
CRITICAL - 2023-03-27 09:09:30 --> Undefined variable: tampilkan_harian_chandra
in APPPATH\Views\Tip_tracking\report_rentang_list_tip.php on line 65.
 1 APPPATH\Views\Tip_tracking\report_rentang_list_tip.php(65): CodeIgniter\Debug\Exceptions->errorHandler(8, 'Undefined variable: tampilkan_harian_chandra', 'APPPATH\\Views\\Tip_tracking\\report_rentang_list_tip.php', 65, [...])
 2 SYSTEMPATH\View\View.php(213): include('APPPATH\\Views\\Tip_tracking\\report_rentang_list_tip.php')
 3 SYSTEMPATH\View\View.php(216): CodeIgniter\View\View->CodeIgniter\View\{closure}()
 4 SYSTEMPATH\Common.php(1137): CodeIgniter\View\View->render('Tip_tracking/report_rentang_list_tip', [], true)
 5 APPPATH\Controllers\Tip.php(292): view('Tip_tracking/report_rentang_list_tip', [...])
 6 SYSTEMPATH\CodeIgniter.php(904): App\Controllers\Tip->reportrentangBulan()
 7 SYSTEMPATH\CodeIgniter.php(457): CodeIgniter\CodeIgniter->runController(Object(App\Controllers\Tip))
 8 SYSTEMPATH\CodeIgniter.php(340): CodeIgniter\CodeIgniter->handleRequest(null, Object(Config\Cache), false)
 9 FCPATH\index.php(67): CodeIgniter\CodeIgniter->run()
10 SYSTEMPATH\Commands\Server\rewrite.php(43): require_once('FCPATH\\index.php')
CRITICAL - 2023-03-27 09:26:00 --> Trying to access array offset on value of type bool
in APPPATH\Views\Tip_tracking\report_rentang_list_tip.php on line 60.
 1 APPPATH\Views\Tip_tracking\report_rentang_list_tip.php(60): CodeIgniter\Debug\Exceptions->errorHandler(8, 'Trying to access array offset on value of type bool', 'APPPATH\\Views\\Tip_tracking\\report_rentang_list_tip.php', 60, [...])
 2 SYSTEMPATH\View\View.php(213): include('APPPATH\\Views\\Tip_tracking\\report_rentang_list_tip.php')
 3 SYSTEMPATH\View\View.php(216): CodeIgniter\View\View->CodeIgniter\View\{closure}()
 4 SYSTEMPATH\Common.php(1137): CodeIgniter\View\View->render('Tip_tracking/report_rentang_list_tip', [], true)
 5 APPPATH\Controllers\Tip.php(284): view('Tip_tracking/report_rentang_list_tip', [...])
 6 SYSTEMPATH\CodeIgniter.php(904): App\Controllers\Tip->reportrentangBulan()
 7 SYSTEMPATH\CodeIgniter.php(457): CodeIgniter\CodeIgniter->runController(Object(App\Controllers\Tip))
 8 SYSTEMPATH\CodeIgniter.php(340): CodeIgniter\CodeIgniter->handleRequest(null, Object(Config\Cache), false)
 9 FCPATH\index.php(67): CodeIgniter\CodeIgniter->run()
10 SYSTEMPATH\Commands\Server\rewrite.php(43): require_once('FCPATH\\index.php')
