CRITICAL - 2023-01-31 04:16:17 --> Undefined variable: value
in APPPATH\Controllers\Tip.php on line 95.
 1 APPPATH\Controllers\Tip.php(95): CodeIgniter\Debug\Exceptions->errorHandler(8, 'Undefined variable: value', 'APPPATH\\Controllers\\Tip.php', 95, [...])
 2 SYSTEMPATH\CodeIgniter.php(904): App\Controllers\Tip->get_value_tip()
 3 SYSTEMPATH\CodeIgniter.php(457): CodeIgniter\CodeIgniter->runController(Object(App\Controllers\Tip))
 4 SYSTEMPATH\CodeIgniter.php(340): CodeIgniter\CodeIgniter->handleRequest(null, Object(Config\Cache), false)
 5 FCPATH\index.php(67): CodeIgniter\CodeIgniter->run()
 6 SYSTEMPATH\Commands\Server\rewrite.php(43): require_once('FCPATH\\index.php')
CRITICAL - 2023-01-31 04:16:17 --> Undefined variable: value
in APPPATH\Controllers\Tip.php on line 106.
 1 APPPATH\Controllers\Tip.php(106): CodeIgniter\Debug\Exceptions->errorHandler(8, 'Undefined variable: value', 'APPPATH\\Controllers\\Tip.php', 106, [...])
 2 SYSTEMPATH\CodeIgniter.php(904): App\Controllers\Tip->get_driver_tip()
 3 SYSTEMPATH\CodeIgniter.php(457): CodeIgniter\CodeIgniter->runController(Object(App\Controllers\Tip))
 4 SYSTEMPATH\CodeIgniter.php(340): CodeIgniter\CodeIgniter->handleRequest(null, Object(Config\Cache), false)
 5 FCPATH\index.php(67): CodeIgniter\CodeIgniter->run()
 6 SYSTEMPATH\Commands\Server\rewrite.php(43): require_once('FCPATH\\index.php')
CRITICAL - 2023-01-31 04:16:17 --> Undefined variable: value
in APPPATH\Controllers\Tip.php on line 118.
 1 APPPATH\Controllers\Tip.php(118): CodeIgniter\Debug\Exceptions->errorHandler(8, 'Undefined variable: value', 'APPPATH\\Controllers\\Tip.php', 118, [...])
 2 SYSTEMPATH\CodeIgniter.php(904): App\Controllers\Tip->get_lorry_tip()
 3 SYSTEMPATH\CodeIgniter.php(457): CodeIgniter\CodeIgniter->runController(Object(App\Controllers\Tip))
 4 SYSTEMPATH\CodeIgniter.php(340): CodeIgniter\CodeIgniter->handleRequest(null, Object(Config\Cache), false)
 5 FCPATH\index.php(67): CodeIgniter\CodeIgniter->run()
 6 SYSTEMPATH\Commands\Server\rewrite.php(43): require_once('FCPATH\\index.php')
