ERROR - 2022-10-14 02:01:04 --> mysqli_sql_exception: Unknown column 'tblfile_form.routecardno' in 'where clause' in C:\xampp\htdocs\schedule\system\Database\MySQLi\Connection.php:292
Stack trace:
#0 C:\xampp\htdocs\schedule\system\Database\MySQLi\Connection.php(292): mysqli->query('SELECT tblfile_...', 0)
#1 C:\xampp\htdocs\schedule\system\Database\BaseConnection.php(693): CodeIgniter\Database\MySQLi\Connection->execute('SELECT tblfile_...')
#2 C:\xampp\htdocs\schedule\system\Database\BaseConnection.php(620): CodeIgniter\Database\BaseConnection->simpleQuery('SELECT tblfile_...')
#3 C:\xampp\htdocs\schedule\app\Models\ReleaseModel.php(33): CodeIgniter\Database\BaseConnection->query('SELECT tblfile_...')
#4 C:\xampp\htdocs\schedule\app\Controllers\Release.php(15): App\Models\ReleaseModel->release()
#5 C:\xampp\htdocs\schedule\system\CodeIgniter.php(904): App\Controllers\Release->release_data()
#6 C:\xampp\htdocs\schedule\system\CodeIgniter.php(457): CodeIgniter\CodeIgniter->runController(Object(App\Controllers\Release))
#7 C:\xampp\htdocs\schedule\system\CodeIgniter.php(340): CodeIgniter\CodeIgniter->handleRequest(NULL, Object(Config\Cache), false)
#8 C:\xampp\htdocs\schedule\public\index.php(67): CodeIgniter\CodeIgniter->run()
#9 C:\xampp\htdocs\schedule\system\Commands\Server\rewrite.php(43): require_once('C:\\xampp\\htdocs...')
#10 {main}
CRITICAL - 2022-10-14 02:01:04 --> Unknown column 'tblfile_form.routecardno' in 'where clause'
in SYSTEMPATH\Database\MySQLi\Connection.php on line 292.
 1 SYSTEMPATH\Database\MySQLi\Connection.php(292): mysqli->query('SELECT tblfile_form.*,

 						(SELECT if(COUNT(tbltrn_production1.cycletime) >= 1,tbltrn_production1.cycletime,  null) FROM tbltrn_production1 
							WHERE tbltrn_production1.routecardno = tblfile_form.routecardno) AS r_c,
										
						(SELECT  if(COUNT(tblmas_finishgood.fgcodegen) >= 1, tblmas_finishgood.fgcodegen,null) 
 							from tblmas_finishgood where tblmas_finishgood.idfg = tblfile_form.idfg)AS fgcodegen,
 
 						(SELECT  if(COUNT(tblmas_finishgood.fgcodeint) >= 1, tblmas_finishgood.fgcodeint,null) 
 							from tblmas_finishgood where tblmas_finishgood.idfg = tblfile_form.idfg)AS fgcodeint,
							 
						(SELECT SUM(tbltrnweb_proddaily1stdtl.fg_qty_vf) 
							FROM tbltrnweb_proddaily1stdtl WHERE tbltrnweb_proddaily1stdtl.routecardno = tblfile_form.routecardno) AS total_out
 
						FROM tblfile_form 
						WHERE tblfile_form.id = 208 OR tblfile_form.join = 208 AND tblfile_form.aktif = 1
						ORDER BY tblfile_form.urutan ASC', 0)
 2 SYSTEMPATH\Database\BaseConnection.php(693): CodeIgniter\Database\MySQLi\Connection->execute('SELECT tblfile_form.*,

 						(SELECT if(COUNT(tbltrn_production1.cycletime) >= 1,tbltrn_production1.cycletime,  null) FROM tbltrn_production1 
							WHERE tbltrn_production1.routecardno = tblfile_form.routecardno) AS r_c,
										
						(SELECT  if(COUNT(tblmas_finishgood.fgcodegen) >= 1, tblmas_finishgood.fgcodegen,null) 
 							from tblmas_finishgood where tblmas_finishgood.idfg = tblfile_form.idfg)AS fgcodegen,
 
 						(SELECT  if(COUNT(tblmas_finishgood.fgcodeint) >= 1, tblmas_finishgood.fgcodeint,null) 
 							from tblmas_finishgood where tblmas_finishgood.idfg = tblfile_form.idfg)AS fgcodeint,
							 
						(SELECT SUM(tbltrnweb_proddaily1stdtl.fg_qty_vf) 
							FROM tbltrnweb_proddaily1stdtl WHERE tbltrnweb_proddaily1stdtl.routecardno = tblfile_form.routecardno) AS total_out
 
						FROM tblfile_form 
						WHERE tblfile_form.id = 208 OR tblfile_form.join = 208 AND tblfile_form.aktif = 1
						ORDER BY tblfile_form.urutan ASC')
 3 SYSTEMPATH\Database\BaseConnection.php(620): CodeIgniter\Database\BaseConnection->simpleQuery('SELECT tblfile_form.*,

 						(SELECT if(COUNT(tbltrn_production1.cycletime) >= 1,tbltrn_production1.cycletime,  null) FROM tbltrn_production1 
							WHERE tbltrn_production1.routecardno = tblfile_form.routecardno) AS r_c,
										
						(SELECT  if(COUNT(tblmas_finishgood.fgcodegen) >= 1, tblmas_finishgood.fgcodegen,null) 
 							from tblmas_finishgood where tblmas_finishgood.idfg = tblfile_form.idfg)AS fgcodegen,
 
 						(SELECT  if(COUNT(tblmas_finishgood.fgcodeint) >= 1, tblmas_finishgood.fgcodeint,null) 
 							from tblmas_finishgood where tblmas_finishgood.idfg = tblfile_form.idfg)AS fgcodeint,
							 
						(SELECT SUM(tbltrnweb_proddaily1stdtl.fg_qty_vf) 
							FROM tbltrnweb_proddaily1stdtl WHERE tbltrnweb_proddaily1stdtl.routecardno = tblfile_form.routecardno) AS total_out
 
						FROM tblfile_form 
						WHERE tblfile_form.id = 208 OR tblfile_form.join = 208 AND tblfile_form.aktif = 1
						ORDER BY tblfile_form.urutan ASC')
 4 APPPATH\Models\ReleaseModel.php(33): CodeIgniter\Database\BaseConnection->query('SELECT tblfile_form.*,

 						(SELECT if(COUNT(tbltrn_production1.cycletime) >= 1,tbltrn_production1.cycletime,  null) FROM tbltrn_production1 
							WHERE tbltrn_production1.routecardno = tblfile_form.routecardno) AS r_c,
										
						(SELECT  if(COUNT(tblmas_finishgood.fgcodegen) >= 1, tblmas_finishgood.fgcodegen,null) 
 							from tblmas_finishgood where tblmas_finishgood.idfg = tblfile_form.idfg)AS fgcodegen,
 
 						(SELECT  if(COUNT(tblmas_finishgood.fgcodeint) >= 1, tblmas_finishgood.fgcodeint,null) 
 							from tblmas_finishgood where tblmas_finishgood.idfg = tblfile_form.idfg)AS fgcodeint,
							 
						(SELECT SUM(tbltrnweb_proddaily1stdtl.fg_qty_vf) 
							FROM tbltrnweb_proddaily1stdtl WHERE tbltrnweb_proddaily1stdtl.routecardno = tblfile_form.routecardno) AS total_out
 
						FROM tblfile_form 
						WHERE tblfile_form.id = 208 OR tblfile_form.join = 208 AND tblfile_form.aktif = 1
						ORDER BY tblfile_form.urutan ASC')
 5 APPPATH\Controllers\Release.php(15): App\Models\ReleaseModel->release()
 6 SYSTEMPATH\CodeIgniter.php(904): App\Controllers\Release->release_data()
 7 SYSTEMPATH\CodeIgniter.php(457): CodeIgniter\CodeIgniter->runController(Object(App\Controllers\Release))
 8 SYSTEMPATH\CodeIgniter.php(340): CodeIgniter\CodeIgniter->handleRequest(null, Object(Config\Cache), false)
 9 FCPATH\index.php(67): CodeIgniter\CodeIgniter->run()
10 SYSTEMPATH\Commands\Server\rewrite.php(43): require_once('FCPATH\\index.php')
ERROR - 2022-10-14 02:28:19 --> mysqli_sql_exception: Unknown column 'tblfile_form.routecardno' in 'where clause' in C:\xampp\htdocs\schedule\system\Database\MySQLi\Connection.php:292
Stack trace:
#0 C:\xampp\htdocs\schedule\system\Database\MySQLi\Connection.php(292): mysqli->query('SELECT tblfile_...', 0)
#1 C:\xampp\htdocs\schedule\system\Database\BaseConnection.php(693): CodeIgniter\Database\MySQLi\Connection->execute('SELECT tblfile_...')
#2 C:\xampp\htdocs\schedule\system\Database\BaseConnection.php(620): CodeIgniter\Database\BaseConnection->simpleQuery('SELECT tblfile_...')
#3 C:\xampp\htdocs\schedule\app\Models\ReleaseModel.php(33): CodeIgniter\Database\BaseConnection->query('SELECT tblfile_...')
#4 C:\xampp\htdocs\schedule\app\Controllers\Release.php(15): App\Models\ReleaseModel->release()
#5 C:\xampp\htdocs\schedule\system\CodeIgniter.php(904): App\Controllers\Release->release_data()
#6 C:\xampp\htdocs\schedule\system\CodeIgniter.php(457): CodeIgniter\CodeIgniter->runController(Object(App\Controllers\Release))
#7 C:\xampp\htdocs\schedule\system\CodeIgniter.php(340): CodeIgniter\CodeIgniter->handleRequest(NULL, Object(Config\Cache), false)
#8 C:\xampp\htdocs\schedule\public\index.php(67): CodeIgniter\CodeIgniter->run()
#9 C:\xampp\htdocs\schedule\system\Commands\Server\rewrite.php(43): require_once('C:\\xampp\\htdocs...')
#10 {main}
CRITICAL - 2022-10-14 02:28:19 --> Unknown column 'tblfile_form.routecardno' in 'where clause'
in SYSTEMPATH\Database\MySQLi\Connection.php on line 292.
 1 SYSTEMPATH\Database\MySQLi\Connection.php(292): mysqli->query('SELECT tblfile_form.*,

 						(SELECT if(COUNT(tbltrn_production1.cycletime) >= 1,tbltrn_production1.cycletime,  null) FROM tbltrn_production1 
							WHERE tbltrn_production1.routecardno = tblfile_form.rc_no) AS r_c,
										
						(SELECT  if(COUNT(tblmas_finishgood.fgcodegen) >= 1, tblmas_finishgood.fgcodegen,null) 
 							from tblmas_finishgood where tblmas_finishgood.idfg = tblfile_form.idfg)AS fgcodegen,
 
 						(SELECT  if(COUNT(tblmas_finishgood.fgcodeint) >= 1, tblmas_finishgood.fgcodeint,null) 
 							from tblmas_finishgood where tblmas_finishgood.idfg = tblfile_form.idfg)AS fgcodeint,
							 
						(SELECT SUM(tbltrnweb_proddaily1stdtl.fg_qty_vf) 
							FROM tbltrnweb_proddaily1stdtl WHERE tbltrnweb_proddaily1stdtl.routecardno = tblfile_form.routecardno) AS total_out
 
						FROM tblfile_form 
						WHERE tblfile_form.id = 208 OR tblfile_form.join = 208 AND tblfile_form.aktif = 1
						ORDER BY tblfile_form.urutan ASC', 0)
 2 SYSTEMPATH\Database\BaseConnection.php(693): CodeIgniter\Database\MySQLi\Connection->execute('SELECT tblfile_form.*,

 						(SELECT if(COUNT(tbltrn_production1.cycletime) >= 1,tbltrn_production1.cycletime,  null) FROM tbltrn_production1 
							WHERE tbltrn_production1.routecardno = tblfile_form.rc_no) AS r_c,
										
						(SELECT  if(COUNT(tblmas_finishgood.fgcodegen) >= 1, tblmas_finishgood.fgcodegen,null) 
 							from tblmas_finishgood where tblmas_finishgood.idfg = tblfile_form.idfg)AS fgcodegen,
 
 						(SELECT  if(COUNT(tblmas_finishgood.fgcodeint) >= 1, tblmas_finishgood.fgcodeint,null) 
 							from tblmas_finishgood where tblmas_finishgood.idfg = tblfile_form.idfg)AS fgcodeint,
							 
						(SELECT SUM(tbltrnweb_proddaily1stdtl.fg_qty_vf) 
							FROM tbltrnweb_proddaily1stdtl WHERE tbltrnweb_proddaily1stdtl.routecardno = tblfile_form.routecardno) AS total_out
 
						FROM tblfile_form 
						WHERE tblfile_form.id = 208 OR tblfile_form.join = 208 AND tblfile_form.aktif = 1
						ORDER BY tblfile_form.urutan ASC')
 3 SYSTEMPATH\Database\BaseConnection.php(620): CodeIgniter\Database\BaseConnection->simpleQuery('SELECT tblfile_form.*,

 						(SELECT if(COUNT(tbltrn_production1.cycletime) >= 1,tbltrn_production1.cycletime,  null) FROM tbltrn_production1 
							WHERE tbltrn_production1.routecardno = tblfile_form.rc_no) AS r_c,
										
						(SELECT  if(COUNT(tblmas_finishgood.fgcodegen) >= 1, tblmas_finishgood.fgcodegen,null) 
 							from tblmas_finishgood where tblmas_finishgood.idfg = tblfile_form.idfg)AS fgcodegen,
 
 						(SELECT  if(COUNT(tblmas_finishgood.fgcodeint) >= 1, tblmas_finishgood.fgcodeint,null) 
 							from tblmas_finishgood where tblmas_finishgood.idfg = tblfile_form.idfg)AS fgcodeint,
							 
						(SELECT SUM(tbltrnweb_proddaily1stdtl.fg_qty_vf) 
							FROM tbltrnweb_proddaily1stdtl WHERE tbltrnweb_proddaily1stdtl.routecardno = tblfile_form.routecardno) AS total_out
 
						FROM tblfile_form 
						WHERE tblfile_form.id = 208 OR tblfile_form.join = 208 AND tblfile_form.aktif = 1
						ORDER BY tblfile_form.urutan ASC')
 4 APPPATH\Models\ReleaseModel.php(33): CodeIgniter\Database\BaseConnection->query('SELECT tblfile_form.*,

 						(SELECT if(COUNT(tbltrn_production1.cycletime) >= 1,tbltrn_production1.cycletime,  null) FROM tbltrn_production1 
							WHERE tbltrn_production1.routecardno = tblfile_form.rc_no) AS r_c,
										
						(SELECT  if(COUNT(tblmas_finishgood.fgcodegen) >= 1, tblmas_finishgood.fgcodegen,null) 
 							from tblmas_finishgood where tblmas_finishgood.idfg = tblfile_form.idfg)AS fgcodegen,
 
 						(SELECT  if(COUNT(tblmas_finishgood.fgcodeint) >= 1, tblmas_finishgood.fgcodeint,null) 
 							from tblmas_finishgood where tblmas_finishgood.idfg = tblfile_form.idfg)AS fgcodeint,
							 
						(SELECT SUM(tbltrnweb_proddaily1stdtl.fg_qty_vf) 
							FROM tbltrnweb_proddaily1stdtl WHERE tbltrnweb_proddaily1stdtl.routecardno = tblfile_form.routecardno) AS total_out
 
						FROM tblfile_form 
						WHERE tblfile_form.id = 208 OR tblfile_form.join = 208 AND tblfile_form.aktif = 1
						ORDER BY tblfile_form.urutan ASC')
 5 APPPATH\Controllers\Release.php(15): App\Models\ReleaseModel->release()
 6 SYSTEMPATH\CodeIgniter.php(904): App\Controllers\Release->release_data()
 7 SYSTEMPATH\CodeIgniter.php(457): CodeIgniter\CodeIgniter->runController(Object(App\Controllers\Release))
 8 SYSTEMPATH\CodeIgniter.php(340): CodeIgniter\CodeIgniter->handleRequest(null, Object(Config\Cache), false)
 9 FCPATH\index.php(67): CodeIgniter\CodeIgniter->run()
10 SYSTEMPATH\Commands\Server\rewrite.php(43): require_once('FCPATH\\index.php')
ERROR - 2022-10-14 02:28:20 --> mysqli_sql_exception: Unknown column 'tblfile_form.routecardno' in 'where clause' in C:\xampp\htdocs\schedule\system\Database\MySQLi\Connection.php:292
Stack trace:
#0 C:\xampp\htdocs\schedule\system\Database\MySQLi\Connection.php(292): mysqli->query('SELECT tblfile_...', 0)
#1 C:\xampp\htdocs\schedule\system\Database\BaseConnection.php(693): CodeIgniter\Database\MySQLi\Connection->execute('SELECT tblfile_...')
#2 C:\xampp\htdocs\schedule\system\Database\BaseConnection.php(620): CodeIgniter\Database\BaseConnection->simpleQuery('SELECT tblfile_...')
#3 C:\xampp\htdocs\schedule\app\Models\ReleaseModel.php(33): CodeIgniter\Database\BaseConnection->query('SELECT tblfile_...')
#4 C:\xampp\htdocs\schedule\app\Controllers\Release.php(15): App\Models\ReleaseModel->release()
#5 C:\xampp\htdocs\schedule\system\CodeIgniter.php(904): App\Controllers\Release->release_data()
#6 C:\xampp\htdocs\schedule\system\CodeIgniter.php(457): CodeIgniter\CodeIgniter->runController(Object(App\Controllers\Release))
#7 C:\xampp\htdocs\schedule\system\CodeIgniter.php(340): CodeIgniter\CodeIgniter->handleRequest(NULL, Object(Config\Cache), false)
#8 C:\xampp\htdocs\schedule\public\index.php(67): CodeIgniter\CodeIgniter->run()
#9 C:\xampp\htdocs\schedule\system\Commands\Server\rewrite.php(43): require_once('C:\\xampp\\htdocs...')
#10 {main}
CRITICAL - 2022-10-14 02:28:20 --> Unknown column 'tblfile_form.routecardno' in 'where clause'
in SYSTEMPATH\Database\MySQLi\Connection.php on line 292.
 1 SYSTEMPATH\Database\MySQLi\Connection.php(292): mysqli->query('SELECT tblfile_form.*,

 						(SELECT if(COUNT(tbltrn_production1.cycletime) >= 1,tbltrn_production1.cycletime,  null) FROM tbltrn_production1 
							WHERE tbltrn_production1.routecardno = tblfile_form.rc_no) AS r_c,
										
						(SELECT  if(COUNT(tblmas_finishgood.fgcodegen) >= 1, tblmas_finishgood.fgcodegen,null) 
 							from tblmas_finishgood where tblmas_finishgood.idfg = tblfile_form.idfg)AS fgcodegen,
 
 						(SELECT  if(COUNT(tblmas_finishgood.fgcodeint) >= 1, tblmas_finishgood.fgcodeint,null) 
 							from tblmas_finishgood where tblmas_finishgood.idfg = tblfile_form.idfg)AS fgcodeint,
							 
						(SELECT SUM(tbltrnweb_proddaily1stdtl.fg_qty_vf) 
							FROM tbltrnweb_proddaily1stdtl WHERE tbltrnweb_proddaily1stdtl.routecardno = tblfile_form.routecardno) AS total_out
 
						FROM tblfile_form 
						WHERE tblfile_form.id = 208 OR tblfile_form.join = 208 AND tblfile_form.aktif = 1
						ORDER BY tblfile_form.urutan ASC', 0)
 2 SYSTEMPATH\Database\BaseConnection.php(693): CodeIgniter\Database\MySQLi\Connection->execute('SELECT tblfile_form.*,

 						(SELECT if(COUNT(tbltrn_production1.cycletime) >= 1,tbltrn_production1.cycletime,  null) FROM tbltrn_production1 
							WHERE tbltrn_production1.routecardno = tblfile_form.rc_no) AS r_c,
										
						(SELECT  if(COUNT(tblmas_finishgood.fgcodegen) >= 1, tblmas_finishgood.fgcodegen,null) 
 							from tblmas_finishgood where tblmas_finishgood.idfg = tblfile_form.idfg)AS fgcodegen,
 
 						(SELECT  if(COUNT(tblmas_finishgood.fgcodeint) >= 1, tblmas_finishgood.fgcodeint,null) 
 							from tblmas_finishgood where tblmas_finishgood.idfg = tblfile_form.idfg)AS fgcodeint,
							 
						(SELECT SUM(tbltrnweb_proddaily1stdtl.fg_qty_vf) 
							FROM tbltrnweb_proddaily1stdtl WHERE tbltrnweb_proddaily1stdtl.routecardno = tblfile_form.routecardno) AS total_out
 
						FROM tblfile_form 
						WHERE tblfile_form.id = 208 OR tblfile_form.join = 208 AND tblfile_form.aktif = 1
						ORDER BY tblfile_form.urutan ASC')
 3 SYSTEMPATH\Database\BaseConnection.php(620): CodeIgniter\Database\BaseConnection->simpleQuery('SELECT tblfile_form.*,

 						(SELECT if(COUNT(tbltrn_production1.cycletime) >= 1,tbltrn_production1.cycletime,  null) FROM tbltrn_production1 
							WHERE tbltrn_production1.routecardno = tblfile_form.rc_no) AS r_c,
										
						(SELECT  if(COUNT(tblmas_finishgood.fgcodegen) >= 1, tblmas_finishgood.fgcodegen,null) 
 							from tblmas_finishgood where tblmas_finishgood.idfg = tblfile_form.idfg)AS fgcodegen,
 
 						(SELECT  if(COUNT(tblmas_finishgood.fgcodeint) >= 1, tblmas_finishgood.fgcodeint,null) 
 							from tblmas_finishgood where tblmas_finishgood.idfg = tblfile_form.idfg)AS fgcodeint,
							 
						(SELECT SUM(tbltrnweb_proddaily1stdtl.fg_qty_vf) 
							FROM tbltrnweb_proddaily1stdtl WHERE tbltrnweb_proddaily1stdtl.routecardno = tblfile_form.routecardno) AS total_out
 
						FROM tblfile_form 
						WHERE tblfile_form.id = 208 OR tblfile_form.join = 208 AND tblfile_form.aktif = 1
						ORDER BY tblfile_form.urutan ASC')
 4 APPPATH\Models\ReleaseModel.php(33): CodeIgniter\Database\BaseConnection->query('SELECT tblfile_form.*,

 						(SELECT if(COUNT(tbltrn_production1.cycletime) >= 1,tbltrn_production1.cycletime,  null) FROM tbltrn_production1 
							WHERE tbltrn_production1.routecardno = tblfile_form.rc_no) AS r_c,
										
						(SELECT  if(COUNT(tblmas_finishgood.fgcodegen) >= 1, tblmas_finishgood.fgcodegen,null) 
 							from tblmas_finishgood where tblmas_finishgood.idfg = tblfile_form.idfg)AS fgcodegen,
 
 						(SELECT  if(COUNT(tblmas_finishgood.fgcodeint) >= 1, tblmas_finishgood.fgcodeint,null) 
 							from tblmas_finishgood where tblmas_finishgood.idfg = tblfile_form.idfg)AS fgcodeint,
							 
						(SELECT SUM(tbltrnweb_proddaily1stdtl.fg_qty_vf) 
							FROM tbltrnweb_proddaily1stdtl WHERE tbltrnweb_proddaily1stdtl.routecardno = tblfile_form.routecardno) AS total_out
 
						FROM tblfile_form 
						WHERE tblfile_form.id = 208 OR tblfile_form.join = 208 AND tblfile_form.aktif = 1
						ORDER BY tblfile_form.urutan ASC')
 5 APPPATH\Controllers\Release.php(15): App\Models\ReleaseModel->release()
 6 SYSTEMPATH\CodeIgniter.php(904): App\Controllers\Release->release_data()
 7 SYSTEMPATH\CodeIgniter.php(457): CodeIgniter\CodeIgniter->runController(Object(App\Controllers\Release))
 8 SYSTEMPATH\CodeIgniter.php(340): CodeIgniter\CodeIgniter->handleRequest(null, Object(Config\Cache), false)
 9 FCPATH\index.php(67): CodeIgniter\CodeIgniter->run()
10 SYSTEMPATH\Commands\Server\rewrite.php(43): require_once('FCPATH\\index.php')
ERROR - 2022-10-14 02:30:02 --> mysqli_sql_exception: Unknown column 'tblfile_form.routecardno' in 'where clause' in C:\xampp\htdocs\schedule\system\Database\MySQLi\Connection.php:292
Stack trace:
#0 C:\xampp\htdocs\schedule\system\Database\MySQLi\Connection.php(292): mysqli->query('SELECT tblfile_...', 0)
#1 C:\xampp\htdocs\schedule\system\Database\BaseConnection.php(693): CodeIgniter\Database\MySQLi\Connection->execute('SELECT tblfile_...')
#2 C:\xampp\htdocs\schedule\system\Database\BaseConnection.php(620): CodeIgniter\Database\BaseConnection->simpleQuery('SELECT tblfile_...')
#3 C:\xampp\htdocs\schedule\app\Models\ReleaseModel.php(33): CodeIgniter\Database\BaseConnection->query('SELECT tblfile_...')
#4 C:\xampp\htdocs\schedule\app\Controllers\Release.php(15): App\Models\ReleaseModel->release()
#5 C:\xampp\htdocs\schedule\system\CodeIgniter.php(904): App\Controllers\Release->release_data()
#6 C:\xampp\htdocs\schedule\system\CodeIgniter.php(457): CodeIgniter\CodeIgniter->runController(Object(App\Controllers\Release))
#7 C:\xampp\htdocs\schedule\system\CodeIgniter.php(340): CodeIgniter\CodeIgniter->handleRequest(NULL, Object(Config\Cache), false)
#8 C:\xampp\htdocs\schedule\public\index.php(67): CodeIgniter\CodeIgniter->run()
#9 C:\xampp\htdocs\schedule\system\Commands\Server\rewrite.php(43): require_once('C:\\xampp\\htdocs...')
#10 {main}
CRITICAL - 2022-10-14 02:30:02 --> Unknown column 'tblfile_form.routecardno' in 'where clause'
in SYSTEMPATH\Database\MySQLi\Connection.php on line 292.
 1 SYSTEMPATH\Database\MySQLi\Connection.php(292): mysqli->query('SELECT tblfile_form.*,

 						(SELECT if(COUNT(tbltrn_production1.cycletime) >= 1,tbltrn_production1.cycletime,  null) FROM tbltrn_production1 
							WHERE tbltrn_production1.routecardno = tblfile_form.rc_no) AS r_c,
										
						(SELECT  if(COUNT(tblmas_finishgood.fgcodegen) >= 1, tblmas_finishgood.fgcodegen,null) 
 							from tblmas_finishgood where tblmas_finishgood.idfg = tblfile_form.idfg)AS fgcodegen,
 
 						(SELECT  if(COUNT(tblmas_finishgood.fgcodeint) >= 1, tblmas_finishgood.fgcodeint,null) 
 							from tblmas_finishgood where tblmas_finishgood.idfg = tblfile_form.idfg)AS fgcodeint,
							 
						(SELECT SUM(tbltrnweb_proddaily1stdtl.fg_qty_vf) 
							FROM tbltrnweb_proddaily1stdtl WHERE tbltrnweb_proddaily1stdtl.routecardno = tblfile_form.routecardno) AS total_out
 
						FROM tblfile_form 
						WHERE tblfile_form.idform = 208 OR tblfile_form.join = 208 AND tblfile_form.view_form = 1
						ORDER BY tblfile_form.urutan ASC', 0)
 2 SYSTEMPATH\Database\BaseConnection.php(693): CodeIgniter\Database\MySQLi\Connection->execute('SELECT tblfile_form.*,

 						(SELECT if(COUNT(tbltrn_production1.cycletime) >= 1,tbltrn_production1.cycletime,  null) FROM tbltrn_production1 
							WHERE tbltrn_production1.routecardno = tblfile_form.rc_no) AS r_c,
										
						(SELECT  if(COUNT(tblmas_finishgood.fgcodegen) >= 1, tblmas_finishgood.fgcodegen,null) 
 							from tblmas_finishgood where tblmas_finishgood.idfg = tblfile_form.idfg)AS fgcodegen,
 
 						(SELECT  if(COUNT(tblmas_finishgood.fgcodeint) >= 1, tblmas_finishgood.fgcodeint,null) 
 							from tblmas_finishgood where tblmas_finishgood.idfg = tblfile_form.idfg)AS fgcodeint,
							 
						(SELECT SUM(tbltrnweb_proddaily1stdtl.fg_qty_vf) 
							FROM tbltrnweb_proddaily1stdtl WHERE tbltrnweb_proddaily1stdtl.routecardno = tblfile_form.routecardno) AS total_out
 
						FROM tblfile_form 
						WHERE tblfile_form.idform = 208 OR tblfile_form.join = 208 AND tblfile_form.view_form = 1
						ORDER BY tblfile_form.urutan ASC')
 3 SYSTEMPATH\Database\BaseConnection.php(620): CodeIgniter\Database\BaseConnection->simpleQuery('SELECT tblfile_form.*,

 						(SELECT if(COUNT(tbltrn_production1.cycletime) >= 1,tbltrn_production1.cycletime,  null) FROM tbltrn_production1 
							WHERE tbltrn_production1.routecardno = tblfile_form.rc_no) AS r_c,
										
						(SELECT  if(COUNT(tblmas_finishgood.fgcodegen) >= 1, tblmas_finishgood.fgcodegen,null) 
 							from tblmas_finishgood where tblmas_finishgood.idfg = tblfile_form.idfg)AS fgcodegen,
 
 						(SELECT  if(COUNT(tblmas_finishgood.fgcodeint) >= 1, tblmas_finishgood.fgcodeint,null) 
 							from tblmas_finishgood where tblmas_finishgood.idfg = tblfile_form.idfg)AS fgcodeint,
							 
						(SELECT SUM(tbltrnweb_proddaily1stdtl.fg_qty_vf) 
							FROM tbltrnweb_proddaily1stdtl WHERE tbltrnweb_proddaily1stdtl.routecardno = tblfile_form.routecardno) AS total_out
 
						FROM tblfile_form 
						WHERE tblfile_form.idform = 208 OR tblfile_form.join = 208 AND tblfile_form.view_form = 1
						ORDER BY tblfile_form.urutan ASC')
 4 APPPATH\Models\ReleaseModel.php(33): CodeIgniter\Database\BaseConnection->query('SELECT tblfile_form.*,

 						(SELECT if(COUNT(tbltrn_production1.cycletime) >= 1,tbltrn_production1.cycletime,  null) FROM tbltrn_production1 
							WHERE tbltrn_production1.routecardno = tblfile_form.rc_no) AS r_c,
										
						(SELECT  if(COUNT(tblmas_finishgood.fgcodegen) >= 1, tblmas_finishgood.fgcodegen,null) 
 							from tblmas_finishgood where tblmas_finishgood.idfg = tblfile_form.idfg)AS fgcodegen,
 
 						(SELECT  if(COUNT(tblmas_finishgood.fgcodeint) >= 1, tblmas_finishgood.fgcodeint,null) 
 							from tblmas_finishgood where tblmas_finishgood.idfg = tblfile_form.idfg)AS fgcodeint,
							 
						(SELECT SUM(tbltrnweb_proddaily1stdtl.fg_qty_vf) 
							FROM tbltrnweb_proddaily1stdtl WHERE tbltrnweb_proddaily1stdtl.routecardno = tblfile_form.routecardno) AS total_out
 
						FROM tblfile_form 
						WHERE tblfile_form.idform = 208 OR tblfile_form.join = 208 AND tblfile_form.view_form = 1
						ORDER BY tblfile_form.urutan ASC')
 5 APPPATH\Controllers\Release.php(15): App\Models\ReleaseModel->release()
 6 SYSTEMPATH\CodeIgniter.php(904): App\Controllers\Release->release_data()
 7 SYSTEMPATH\CodeIgniter.php(457): CodeIgniter\CodeIgniter->runController(Object(App\Controllers\Release))
 8 SYSTEMPATH\CodeIgniter.php(340): CodeIgniter\CodeIgniter->handleRequest(null, Object(Config\Cache), false)
 9 FCPATH\index.php(67): CodeIgniter\CodeIgniter->run()
10 SYSTEMPATH\Commands\Server\rewrite.php(43): require_once('FCPATH\\index.php')
ERROR - 2022-10-14 02:30:02 --> mysqli_sql_exception: Unknown column 'tblfile_form.routecardno' in 'where clause' in C:\xampp\htdocs\schedule\system\Database\MySQLi\Connection.php:292
Stack trace:
#0 C:\xampp\htdocs\schedule\system\Database\MySQLi\Connection.php(292): mysqli->query('SELECT tblfile_...', 0)
#1 C:\xampp\htdocs\schedule\system\Database\BaseConnection.php(693): CodeIgniter\Database\MySQLi\Connection->execute('SELECT tblfile_...')
#2 C:\xampp\htdocs\schedule\system\Database\BaseConnection.php(620): CodeIgniter\Database\BaseConnection->simpleQuery('SELECT tblfile_...')
#3 C:\xampp\htdocs\schedule\app\Models\ReleaseModel.php(33): CodeIgniter\Database\BaseConnection->query('SELECT tblfile_...')
#4 C:\xampp\htdocs\schedule\app\Controllers\Release.php(15): App\Models\ReleaseModel->release()
#5 C:\xampp\htdocs\schedule\system\CodeIgniter.php(904): App\Controllers\Release->release_data()
#6 C:\xampp\htdocs\schedule\system\CodeIgniter.php(457): CodeIgniter\CodeIgniter->runController(Object(App\Controllers\Release))
#7 C:\xampp\htdocs\schedule\system\CodeIgniter.php(340): CodeIgniter\CodeIgniter->handleRequest(NULL, Object(Config\Cache), false)
#8 C:\xampp\htdocs\schedule\public\index.php(67): CodeIgniter\CodeIgniter->run()
#9 C:\xampp\htdocs\schedule\system\Commands\Server\rewrite.php(43): require_once('C:\\xampp\\htdocs...')
#10 {main}
CRITICAL - 2022-10-14 02:30:02 --> Unknown column 'tblfile_form.routecardno' in 'where clause'
in SYSTEMPATH\Database\MySQLi\Connection.php on line 292.
 1 SYSTEMPATH\Database\MySQLi\Connection.php(292): mysqli->query('SELECT tblfile_form.*,

 						(SELECT if(COUNT(tbltrn_production1.cycletime) >= 1,tbltrn_production1.cycletime,  null) FROM tbltrn_production1 
							WHERE tbltrn_production1.routecardno = tblfile_form.rc_no) AS r_c,
										
						(SELECT  if(COUNT(tblmas_finishgood.fgcodegen) >= 1, tblmas_finishgood.fgcodegen,null) 
 							from tblmas_finishgood where tblmas_finishgood.idfg = tblfile_form.idfg)AS fgcodegen,
 
 						(SELECT  if(COUNT(tblmas_finishgood.fgcodeint) >= 1, tblmas_finishgood.fgcodeint,null) 
 							from tblmas_finishgood where tblmas_finishgood.idfg = tblfile_form.idfg)AS fgcodeint,
							 
						(SELECT SUM(tbltrnweb_proddaily1stdtl.fg_qty_vf) 
							FROM tbltrnweb_proddaily1stdtl WHERE tbltrnweb_proddaily1stdtl.routecardno = tblfile_form.routecardno) AS total_out
 
						FROM tblfile_form 
						WHERE tblfile_form.idform = 208 OR tblfile_form.join = 208 AND tblfile_form.view_form = 1
						ORDER BY tblfile_form.urutan ASC', 0)
 2 SYSTEMPATH\Database\BaseConnection.php(693): CodeIgniter\Database\MySQLi\Connection->execute('SELECT tblfile_form.*,

 						(SELECT if(COUNT(tbltrn_production1.cycletime) >= 1,tbltrn_production1.cycletime,  null) FROM tbltrn_production1 
							WHERE tbltrn_production1.routecardno = tblfile_form.rc_no) AS r_c,
										
						(SELECT  if(COUNT(tblmas_finishgood.fgcodegen) >= 1, tblmas_finishgood.fgcodegen,null) 
 							from tblmas_finishgood where tblmas_finishgood.idfg = tblfile_form.idfg)AS fgcodegen,
 
 						(SELECT  if(COUNT(tblmas_finishgood.fgcodeint) >= 1, tblmas_finishgood.fgcodeint,null) 
 							from tblmas_finishgood where tblmas_finishgood.idfg = tblfile_form.idfg)AS fgcodeint,
							 
						(SELECT SUM(tbltrnweb_proddaily1stdtl.fg_qty_vf) 
							FROM tbltrnweb_proddaily1stdtl WHERE tbltrnweb_proddaily1stdtl.routecardno = tblfile_form.routecardno) AS total_out
 
						FROM tblfile_form 
						WHERE tblfile_form.idform = 208 OR tblfile_form.join = 208 AND tblfile_form.view_form = 1
						ORDER BY tblfile_form.urutan ASC')
 3 SYSTEMPATH\Database\BaseConnection.php(620): CodeIgniter\Database\BaseConnection->simpleQuery('SELECT tblfile_form.*,

 						(SELECT if(COUNT(tbltrn_production1.cycletime) >= 1,tbltrn_production1.cycletime,  null) FROM tbltrn_production1 
							WHERE tbltrn_production1.routecardno = tblfile_form.rc_no) AS r_c,
										
						(SELECT  if(COUNT(tblmas_finishgood.fgcodegen) >= 1, tblmas_finishgood.fgcodegen,null) 
 							from tblmas_finishgood where tblmas_finishgood.idfg = tblfile_form.idfg)AS fgcodegen,
 
 						(SELECT  if(COUNT(tblmas_finishgood.fgcodeint) >= 1, tblmas_finishgood.fgcodeint,null) 
 							from tblmas_finishgood where tblmas_finishgood.idfg = tblfile_form.idfg)AS fgcodeint,
							 
						(SELECT SUM(tbltrnweb_proddaily1stdtl.fg_qty_vf) 
							FROM tbltrnweb_proddaily1stdtl WHERE tbltrnweb_proddaily1stdtl.routecardno = tblfile_form.routecardno) AS total_out
 
						FROM tblfile_form 
						WHERE tblfile_form.idform = 208 OR tblfile_form.join = 208 AND tblfile_form.view_form = 1
						ORDER BY tblfile_form.urutan ASC')
 4 APPPATH\Models\ReleaseModel.php(33): CodeIgniter\Database\BaseConnection->query('SELECT tblfile_form.*,

 						(SELECT if(COUNT(tbltrn_production1.cycletime) >= 1,tbltrn_production1.cycletime,  null) FROM tbltrn_production1 
							WHERE tbltrn_production1.routecardno = tblfile_form.rc_no) AS r_c,
										
						(SELECT  if(COUNT(tblmas_finishgood.fgcodegen) >= 1, tblmas_finishgood.fgcodegen,null) 
 							from tblmas_finishgood where tblmas_finishgood.idfg = tblfile_form.idfg)AS fgcodegen,
 
 						(SELECT  if(COUNT(tblmas_finishgood.fgcodeint) >= 1, tblmas_finishgood.fgcodeint,null) 
 							from tblmas_finishgood where tblmas_finishgood.idfg = tblfile_form.idfg)AS fgcodeint,
							 
						(SELECT SUM(tbltrnweb_proddaily1stdtl.fg_qty_vf) 
							FROM tbltrnweb_proddaily1stdtl WHERE tbltrnweb_proddaily1stdtl.routecardno = tblfile_form.routecardno) AS total_out
 
						FROM tblfile_form 
						WHERE tblfile_form.idform = 208 OR tblfile_form.join = 208 AND tblfile_form.view_form = 1
						ORDER BY tblfile_form.urutan ASC')
 5 APPPATH\Controllers\Release.php(15): App\Models\ReleaseModel->release()
 6 SYSTEMPATH\CodeIgniter.php(904): App\Controllers\Release->release_data()
 7 SYSTEMPATH\CodeIgniter.php(457): CodeIgniter\CodeIgniter->runController(Object(App\Controllers\Release))
 8 SYSTEMPATH\CodeIgniter.php(340): CodeIgniter\CodeIgniter->handleRequest(null, Object(Config\Cache), false)
 9 FCPATH\index.php(67): CodeIgniter\CodeIgniter->run()
10 SYSTEMPATH\Commands\Server\rewrite.php(43): require_once('FCPATH\\index.php')
CRITICAL - 2022-10-14 02:30:24 --> Undefined variable: title
in APPPATH\Views\schedule_eps\planner\list_release.php on line 10.
 1 APPPATH\Views\schedule_eps\planner\list_release.php(10): CodeIgniter\Debug\Exceptions->errorHandler(8, 'Undefined variable: title', 'APPPATH\\Views\\schedule_eps\\planner\\list_release.php', 10, [...])
 2 SYSTEMPATH\View\View.php(213): include('APPPATH\\Views\\schedule_eps\\planner\\list_release.php')
 3 SYSTEMPATH\View\View.php(216): CodeIgniter\View\View->CodeIgniter\View\{closure}()
 4 SYSTEMPATH\Common.php(1137): CodeIgniter\View\View->render('schedule_eps/planner/list_release', [], true)
 5 APPPATH\Controllers\Release.php(16): view('schedule_eps/planner/list_release', [...])
 6 SYSTEMPATH\CodeIgniter.php(904): App\Controllers\Release->release_data()
 7 SYSTEMPATH\CodeIgniter.php(457): CodeIgniter\CodeIgniter->runController(Object(App\Controllers\Release))
 8 SYSTEMPATH\CodeIgniter.php(340): CodeIgniter\CodeIgniter->handleRequest(null, Object(Config\Cache), false)
 9 FCPATH\index.php(67): CodeIgniter\CodeIgniter->run()
10 SYSTEMPATH\Commands\Server\rewrite.php(43): require_once('FCPATH\\index.php')
CRITICAL - 2022-10-14 03:41:00 --> Undefined variable: schedule_list
in APPPATH\Views\schedule_eps\planner\list_release.php on line 59.
 1 APPPATH\Views\schedule_eps\planner\list_release.php(59): CodeIgniter\Debug\Exceptions->errorHandler(8, 'Undefined variable: schedule_list', 'APPPATH\\Views\\schedule_eps\\planner\\list_release.php', 59, [...])
 2 SYSTEMPATH\View\View.php(213): include('APPPATH\\Views\\schedule_eps\\planner\\list_release.php')
 3 SYSTEMPATH\View\View.php(216): CodeIgniter\View\View->CodeIgniter\View\{closure}()
 4 SYSTEMPATH\Common.php(1137): CodeIgniter\View\View->render('schedule_eps/planner/list_release', [], true)
 5 APPPATH\Controllers\Release.php(16): view('schedule_eps/planner/list_release', [...])
 6 SYSTEMPATH\CodeIgniter.php(904): App\Controllers\Release->release_data()
 7 SYSTEMPATH\CodeIgniter.php(457): CodeIgniter\CodeIgniter->runController(Object(App\Controllers\Release))
 8 SYSTEMPATH\CodeIgniter.php(340): CodeIgniter\CodeIgniter->handleRequest(null, Object(Config\Cache), false)
 9 FCPATH\index.php(67): CodeIgniter\CodeIgniter->run()
10 SYSTEMPATH\Commands\Server\rewrite.php(43): require_once('FCPATH\\index.php')
CRITICAL - 2022-10-14 04:05:25 --> Undefined index: int_density
in APPPATH\Views\schedule_eps\planner\list_release.php on line 96.
 1 APPPATH\Views\schedule_eps\planner\list_release.php(96): CodeIgniter\Debug\Exceptions->errorHandler(8, 'Undefined index: int_density', 'APPPATH\\Views\\schedule_eps\\planner\\list_release.php', 96, [...])
 2 SYSTEMPATH\View\View.php(213): include('APPPATH\\Views\\schedule_eps\\planner\\list_release.php')
 3 SYSTEMPATH\View\View.php(216): CodeIgniter\View\View->CodeIgniter\View\{closure}()
 4 SYSTEMPATH\Common.php(1137): CodeIgniter\View\View->render('schedule_eps/planner/list_release', [], true)
 5 APPPATH\Controllers\Release.php(16): view('schedule_eps/planner/list_release', [...])
 6 SYSTEMPATH\CodeIgniter.php(904): App\Controllers\Release->release_data()
 7 SYSTEMPATH\CodeIgniter.php(457): CodeIgniter\CodeIgniter->runController(Object(App\Controllers\Release))
 8 SYSTEMPATH\CodeIgniter.php(340): CodeIgniter\CodeIgniter->handleRequest(null, Object(Config\Cache), false)
 9 FCPATH\index.php(67): CodeIgniter\CodeIgniter->run()
10 SYSTEMPATH\Commands\Server\rewrite.php(43): require_once('FCPATH\\index.php')
CRITICAL - 2022-10-14 05:13:06 --> Undefined index: idform
in APPPATH\Models\ReleaseModel.php on line 15.
 1 APPPATH\Models\ReleaseModel.php(15): CodeIgniter\Debug\Exceptions->errorHandler(8, 'Undefined index: idform', 'APPPATH\\Models\\ReleaseModel.php', 15, [...])
 2 APPPATH\Controllers\Release.php(15): App\Models\ReleaseModel->release()
 3 SYSTEMPATH\CodeIgniter.php(904): App\Controllers\Release->release_data()
 4 SYSTEMPATH\CodeIgniter.php(457): CodeIgniter\CodeIgniter->runController(Object(App\Controllers\Release))
 5 SYSTEMPATH\CodeIgniter.php(340): CodeIgniter\CodeIgniter->handleRequest(null, Object(Config\Cache), false)
 6 FCPATH\index.php(67): CodeIgniter\CodeIgniter->run()
 7 SYSTEMPATH\Commands\Server\rewrite.php(43): require_once('FCPATH\\index.php')
