ERROR - 2022-11-24 00:24:15 --> mysqli_sql_exception: You have an error in your SQL syntax; check the manual that corresponds to your MariaDB server version for the right syntax to use near 'ORDER BY tblmas_tip_tracking.driver ASC' at line 12 in C:\xampp\htdocs\tracking\system\Database\MySQLi\Connection.php:292
Stack trace:
#0 C:\xampp\htdocs\tracking\system\Database\MySQLi\Connection.php(292): mysqli->query('SELECT\r\n       ...', 0)
#1 C:\xampp\htdocs\tracking\system\Database\BaseConnection.php(693): CodeIgniter\Database\MySQLi\Connection->execute('SELECT\r\n       ...')
#2 C:\xampp\htdocs\tracking\system\Database\BaseConnection.php(620): CodeIgniter\Database\BaseConnection->simpleQuery('SELECT\r\n       ...')
#3 C:\xampp\htdocs\tracking\app\Models\TipModel.php(151): CodeIgniter\Database\BaseConnection->query('SELECT\r\n       ...')
#4 C:\xampp\htdocs\tracking\app\Controllers\Tip.php(41): App\Models\TipModel->getdataDono_edit('30')
#5 C:\xampp\htdocs\tracking\system\CodeIgniter.php(904): App\Controllers\Tip->viewupdate()
#6 C:\xampp\htdocs\tracking\system\CodeIgniter.php(457): CodeIgniter\CodeIgniter->runController(Object(App\Controllers\Tip))
#7 C:\xampp\htdocs\tracking\system\CodeIgniter.php(340): CodeIgniter\CodeIgniter->handleRequest(NULL, Object(Config\Cache), false)
#8 C:\xampp\htdocs\tracking\public\index.php(67): CodeIgniter\CodeIgniter->run()
#9 C:\xampp\htdocs\tracking\system\Commands\Server\rewrite.php(43): require_once('C:\\xampp\\htdocs...')
#10 {main}
CRITICAL - 2022-11-24 00:24:15 --> You have an error in your SQL syntax; check the manual that corresponds to your MariaDB server version for the right syntax to use near 'ORDER BY tblmas_tip_tracking.driver ASC' at line 12
in SYSTEMPATH\Database\MySQLi\Connection.php on line 292.
 1 SYSTEMPATH\Database\MySQLi\Connection.php(292): mysqli->query('SELECT
        GROUP_CONCAT(Distinct tblmas_customer.customername) AS customerName
            FROM tblmas_tip_tracking
        
                JOIN tbltrn_do1 ON FIND_IN_SET(tbltrn_do1.dono, tblmas_tip_tracking.dono)
                JOIN tblmas_customer ON tbltrn_do1.idcustomer = tblmas_customer.idcustomer
                WHERE tblmas_tip_tracking.id = 30
                
                GROUP BY 
                tblmas_tip_tracking.id, 
                tblmas_tip_tracking.customer_name,
                ORDER BY tblmas_tip_tracking.driver ASC', 0)
 2 SYSTEMPATH\Database\BaseConnection.php(693): CodeIgniter\Database\MySQLi\Connection->execute('SELECT
        GROUP_CONCAT(Distinct tblmas_customer.customername) AS customerName
            FROM tblmas_tip_tracking
        
                JOIN tbltrn_do1 ON FIND_IN_SET(tbltrn_do1.dono, tblmas_tip_tracking.dono)
                JOIN tblmas_customer ON tbltrn_do1.idcustomer = tblmas_customer.idcustomer
                WHERE tblmas_tip_tracking.id = 30
                
                GROUP BY 
                tblmas_tip_tracking.id, 
                tblmas_tip_tracking.customer_name,
                ORDER BY tblmas_tip_tracking.driver ASC')
 3 SYSTEMPATH\Database\BaseConnection.php(620): CodeIgniter\Database\BaseConnection->simpleQuery('SELECT
        GROUP_CONCAT(Distinct tblmas_customer.customername) AS customerName
            FROM tblmas_tip_tracking
        
                JOIN tbltrn_do1 ON FIND_IN_SET(tbltrn_do1.dono, tblmas_tip_tracking.dono)
                JOIN tblmas_customer ON tbltrn_do1.idcustomer = tblmas_customer.idcustomer
                WHERE tblmas_tip_tracking.id = 30
                
                GROUP BY 
                tblmas_tip_tracking.id, 
                tblmas_tip_tracking.customer_name,
                ORDER BY tblmas_tip_tracking.driver ASC')
 4 APPPATH\Models\TipModel.php(151): CodeIgniter\Database\BaseConnection->query('SELECT
        GROUP_CONCAT(Distinct tblmas_customer.customername) AS customerName
            FROM tblmas_tip_tracking
        
                JOIN tbltrn_do1 ON FIND_IN_SET(tbltrn_do1.dono, tblmas_tip_tracking.dono)
                JOIN tblmas_customer ON tbltrn_do1.idcustomer = tblmas_customer.idcustomer
                WHERE tblmas_tip_tracking.id = 30
                
                GROUP BY 
                tblmas_tip_tracking.id, 
                tblmas_tip_tracking.customer_name,
                ORDER BY tblmas_tip_tracking.driver ASC')
 5 APPPATH\Controllers\Tip.php(41): App\Models\TipModel->getdataDono_edit('30')
 6 SYSTEMPATH\CodeIgniter.php(904): App\Controllers\Tip->viewupdate()
 7 SYSTEMPATH\CodeIgniter.php(457): CodeIgniter\CodeIgniter->runController(Object(App\Controllers\Tip))
 8 SYSTEMPATH\CodeIgniter.php(340): CodeIgniter\CodeIgniter->handleRequest(null, Object(Config\Cache), false)
 9 FCPATH\index.php(67): CodeIgniter\CodeIgniter->run()
10 SYSTEMPATH\Commands\Server\rewrite.php(43): require_once('FCPATH\\index.php')
CRITICAL - 2022-11-24 00:24:23 --> Undefined index: dono
in APPPATH\Views\Tip_tracking\list_edit_tip.php on line 110.
 1 APPPATH\Views\Tip_tracking\list_edit_tip.php(110): CodeIgniter\Debug\Exceptions->errorHandler(8, 'Undefined index: dono', 'APPPATH\\Views\\Tip_tracking\\list_edit_tip.php', 110, [...])
 2 SYSTEMPATH\View\View.php(213): include('APPPATH\\Views\\Tip_tracking\\list_edit_tip.php')
 3 SYSTEMPATH\View\View.php(216): CodeIgniter\View\View->CodeIgniter\View\{closure}()
 4 SYSTEMPATH\Common.php(1137): CodeIgniter\View\View->render('Tip_tracking/list_edit_tip', [], true)
 5 APPPATH\Controllers\Tip.php(43): view('Tip_tracking/list_edit_tip', [...])
 6 SYSTEMPATH\CodeIgniter.php(904): App\Controllers\Tip->viewupdate()
 7 SYSTEMPATH\CodeIgniter.php(457): CodeIgniter\CodeIgniter->runController(Object(App\Controllers\Tip))
 8 SYSTEMPATH\CodeIgniter.php(340): CodeIgniter\CodeIgniter->handleRequest(null, Object(Config\Cache), false)
 9 FCPATH\index.php(67): CodeIgniter\CodeIgniter->run()
10 SYSTEMPATH\Commands\Server\rewrite.php(43): require_once('FCPATH\\index.php')
CRITICAL - 2022-11-24 00:24:48 --> Undefined index: dono
in APPPATH\Views\Tip_tracking\list_edit_tip.php on line 110.
 1 APPPATH\Views\Tip_tracking\list_edit_tip.php(110): CodeIgniter\Debug\Exceptions->errorHandler(8, 'Undefined index: dono', 'APPPATH\\Views\\Tip_tracking\\list_edit_tip.php', 110, [...])
 2 SYSTEMPATH\View\View.php(213): include('APPPATH\\Views\\Tip_tracking\\list_edit_tip.php')
 3 SYSTEMPATH\View\View.php(216): CodeIgniter\View\View->CodeIgniter\View\{closure}()
 4 SYSTEMPATH\Common.php(1137): CodeIgniter\View\View->render('Tip_tracking/list_edit_tip', [], true)
 5 APPPATH\Controllers\Tip.php(43): view('Tip_tracking/list_edit_tip', [...])
 6 SYSTEMPATH\CodeIgniter.php(904): App\Controllers\Tip->viewupdate()
 7 SYSTEMPATH\CodeIgniter.php(457): CodeIgniter\CodeIgniter->runController(Object(App\Controllers\Tip))
 8 SYSTEMPATH\CodeIgniter.php(340): CodeIgniter\CodeIgniter->handleRequest(null, Object(Config\Cache), false)
 9 FCPATH\index.php(67): CodeIgniter\CodeIgniter->run()
10 SYSTEMPATH\Commands\Server\rewrite.php(43): require_once('FCPATH\\index.php')
CRITICAL - 2022-11-24 00:24:49 --> Undefined index: dono
in APPPATH\Views\Tip_tracking\list_edit_tip.php on line 110.
 1 APPPATH\Views\Tip_tracking\list_edit_tip.php(110): CodeIgniter\Debug\Exceptions->errorHandler(8, 'Undefined index: dono', 'APPPATH\\Views\\Tip_tracking\\list_edit_tip.php', 110, [...])
 2 SYSTEMPATH\View\View.php(213): include('APPPATH\\Views\\Tip_tracking\\list_edit_tip.php')
 3 SYSTEMPATH\View\View.php(216): CodeIgniter\View\View->CodeIgniter\View\{closure}()
 4 SYSTEMPATH\Common.php(1137): CodeIgniter\View\View->render('Tip_tracking/list_edit_tip', [], true)
 5 APPPATH\Controllers\Tip.php(43): view('Tip_tracking/list_edit_tip', [...])
 6 SYSTEMPATH\CodeIgniter.php(904): App\Controllers\Tip->viewupdate()
 7 SYSTEMPATH\CodeIgniter.php(457): CodeIgniter\CodeIgniter->runController(Object(App\Controllers\Tip))
 8 SYSTEMPATH\CodeIgniter.php(340): CodeIgniter\CodeIgniter->handleRequest(null, Object(Config\Cache), false)
 9 FCPATH\index.php(67): CodeIgniter\CodeIgniter->run()
10 SYSTEMPATH\Commands\Server\rewrite.php(43): require_once('FCPATH\\index.php')
CRITICAL - 2022-11-24 00:25:21 --> Undefined index: dono
in APPPATH\Views\Tip_tracking\list_edit_tip.php on line 110.
 1 APPPATH\Views\Tip_tracking\list_edit_tip.php(110): CodeIgniter\Debug\Exceptions->errorHandler(8, 'Undefined index: dono', 'APPPATH\\Views\\Tip_tracking\\list_edit_tip.php', 110, [...])
 2 SYSTEMPATH\View\View.php(213): include('APPPATH\\Views\\Tip_tracking\\list_edit_tip.php')
 3 SYSTEMPATH\View\View.php(216): CodeIgniter\View\View->CodeIgniter\View\{closure}()
 4 SYSTEMPATH\Common.php(1137): CodeIgniter\View\View->render('Tip_tracking/list_edit_tip', [], true)
 5 APPPATH\Controllers\Tip.php(43): view('Tip_tracking/list_edit_tip', [...])
 6 SYSTEMPATH\CodeIgniter.php(904): App\Controllers\Tip->viewupdate()
 7 SYSTEMPATH\CodeIgniter.php(457): CodeIgniter\CodeIgniter->runController(Object(App\Controllers\Tip))
 8 SYSTEMPATH\CodeIgniter.php(340): CodeIgniter\CodeIgniter->handleRequest(null, Object(Config\Cache), false)
 9 FCPATH\index.php(67): CodeIgniter\CodeIgniter->run()
10 SYSTEMPATH\Commands\Server\rewrite.php(43): require_once('FCPATH\\index.php')
ERROR - 2022-11-24 00:33:07 --> mysqli_sql_exception: You have an error in your SQL syntax; check the manual that corresponds to your MariaDB server version for the right syntax to use near '' at line 4 in C:\xampp\htdocs\tracking\system\Database\MySQLi\Connection.php:292
Stack trace:
#0 C:\xampp\htdocs\tracking\system\Database\MySQLi\Connection.php(292): mysqli->query('SELECT tblmas_c...', 0)
#1 C:\xampp\htdocs\tracking\system\Database\BaseConnection.php(693): CodeIgniter\Database\MySQLi\Connection->execute('SELECT tblmas_c...')
#2 C:\xampp\htdocs\tracking\system\Database\BaseConnection.php(620): CodeIgniter\Database\BaseConnection->simpleQuery('SELECT tblmas_c...')
#3 C:\xampp\htdocs\tracking\app\Models\TipModel.php(137): CodeIgniter\Database\BaseConnection->query('SELECT tblmas_c...')
#4 C:\xampp\htdocs\tracking\app\Controllers\Tip.php(42): App\Models\TipModel->getdataDono_edit(NULL)
#5 C:\xampp\htdocs\tracking\system\CodeIgniter.php(904): App\Controllers\Tip->viewupdate()
#6 C:\xampp\htdocs\tracking\system\CodeIgniter.php(457): CodeIgniter\CodeIgniter->runController(Object(App\Controllers\Tip))
#7 C:\xampp\htdocs\tracking\system\CodeIgniter.php(340): CodeIgniter\CodeIgniter->handleRequest(NULL, Object(Config\Cache), false)
#8 C:\xampp\htdocs\tracking\public\index.php(67): CodeIgniter\CodeIgniter->run()
#9 C:\xampp\htdocs\tracking\system\Commands\Server\rewrite.php(43): require_once('C:\\xampp\\htdocs...')
#10 {main}
CRITICAL - 2022-11-24 00:33:07 --> You have an error in your SQL syntax; check the manual that corresponds to your MariaDB server version for the right syntax to use near '' at line 4
in SYSTEMPATH\Database\MySQLi\Connection.php on line 292.
 1 SYSTEMPATH\Database\MySQLi\Connection.php(292): mysqli->query('SELECT tblmas_customer.*, tbltrn_do1.dono, tblmas_tip_tracking.* FROM tblmas_customer
                    JOIN tbltrn_do1 ON tbltrn_do1.idcustomer = tblmas_customer.idcustomer
                    JOIN tblmas_tip_tracking ON tbltrn_do1.dono = tblmas_tip_tracking.dono
                        WHERE tbltrn_do1.stsdosent = 1 AND tblmas_tip_tracking.dono =  ', 0)
 2 SYSTEMPATH\Database\BaseConnection.php(693): CodeIgniter\Database\MySQLi\Connection->execute('SELECT tblmas_customer.*, tbltrn_do1.dono, tblmas_tip_tracking.* FROM tblmas_customer
                    JOIN tbltrn_do1 ON tbltrn_do1.idcustomer = tblmas_customer.idcustomer
                    JOIN tblmas_tip_tracking ON tbltrn_do1.dono = tblmas_tip_tracking.dono
                        WHERE tbltrn_do1.stsdosent = 1 AND tblmas_tip_tracking.dono =  ')
 3 SYSTEMPATH\Database\BaseConnection.php(620): CodeIgniter\Database\BaseConnection->simpleQuery('SELECT tblmas_customer.*, tbltrn_do1.dono, tblmas_tip_tracking.* FROM tblmas_customer
                    JOIN tbltrn_do1 ON tbltrn_do1.idcustomer = tblmas_customer.idcustomer
                    JOIN tblmas_tip_tracking ON tbltrn_do1.dono = tblmas_tip_tracking.dono
                        WHERE tbltrn_do1.stsdosent = 1 AND tblmas_tip_tracking.dono =  ')
 4 APPPATH\Models\TipModel.php(137): CodeIgniter\Database\BaseConnection->query('SELECT tblmas_customer.*, tbltrn_do1.dono, tblmas_tip_tracking.* FROM tblmas_customer
                    JOIN tbltrn_do1 ON tbltrn_do1.idcustomer = tblmas_customer.idcustomer
                    JOIN tblmas_tip_tracking ON tbltrn_do1.dono = tblmas_tip_tracking.dono
                        WHERE tbltrn_do1.stsdosent = 1 AND tblmas_tip_tracking.dono =  ')
 5 APPPATH\Controllers\Tip.php(42): App\Models\TipModel->getdataDono_edit(null)
 6 SYSTEMPATH\CodeIgniter.php(904): App\Controllers\Tip->viewupdate()
 7 SYSTEMPATH\CodeIgniter.php(457): CodeIgniter\CodeIgniter->runController(Object(App\Controllers\Tip))
 8 SYSTEMPATH\CodeIgniter.php(340): CodeIgniter\CodeIgniter->handleRequest(null, Object(Config\Cache), false)
 9 FCPATH\index.php(67): CodeIgniter\CodeIgniter->run()
10 SYSTEMPATH\Commands\Server\rewrite.php(43): require_once('FCPATH\\index.php')
ERROR - 2022-11-24 00:33:39 --> mysqli_sql_exception: You have an error in your SQL syntax; check the manual that corresponds to your MariaDB server version for the right syntax to use near '' at line 4 in C:\xampp\htdocs\tracking\system\Database\MySQLi\Connection.php:292
Stack trace:
#0 C:\xampp\htdocs\tracking\system\Database\MySQLi\Connection.php(292): mysqli->query('SELECT tblmas_c...', 0)
#1 C:\xampp\htdocs\tracking\system\Database\BaseConnection.php(693): CodeIgniter\Database\MySQLi\Connection->execute('SELECT tblmas_c...')
#2 C:\xampp\htdocs\tracking\system\Database\BaseConnection.php(620): CodeIgniter\Database\BaseConnection->simpleQuery('SELECT tblmas_c...')
#3 C:\xampp\htdocs\tracking\app\Models\TipModel.php(137): CodeIgniter\Database\BaseConnection->query('SELECT tblmas_c...')
#4 C:\xampp\htdocs\tracking\app\Controllers\Tip.php(42): App\Models\TipModel->getdataDono_edit(NULL)
#5 C:\xampp\htdocs\tracking\system\CodeIgniter.php(904): App\Controllers\Tip->viewupdate()
#6 C:\xampp\htdocs\tracking\system\CodeIgniter.php(457): CodeIgniter\CodeIgniter->runController(Object(App\Controllers\Tip))
#7 C:\xampp\htdocs\tracking\system\CodeIgniter.php(340): CodeIgniter\CodeIgniter->handleRequest(NULL, Object(Config\Cache), false)
#8 C:\xampp\htdocs\tracking\public\index.php(67): CodeIgniter\CodeIgniter->run()
#9 C:\xampp\htdocs\tracking\system\Commands\Server\rewrite.php(43): require_once('C:\\xampp\\htdocs...')
#10 {main}
CRITICAL - 2022-11-24 00:33:39 --> You have an error in your SQL syntax; check the manual that corresponds to your MariaDB server version for the right syntax to use near '' at line 4
in SYSTEMPATH\Database\MySQLi\Connection.php on line 292.
 1 SYSTEMPATH\Database\MySQLi\Connection.php(292): mysqli->query('SELECT tblmas_customer.*, tbltrn_do1.dono, tblmas_tip_tracking.* FROM tblmas_customer
                    JOIN tbltrn_do1 ON tbltrn_do1.idcustomer = tblmas_customer.idcustomer
                    JOIN tblmas_tip_tracking ON tbltrn_do1.dono = tblmas_tip_tracking.dono
                        WHERE tbltrn_do1.stsdosent = 1 AND tbltrn_do1.dono.dono = ', 0)
 2 SYSTEMPATH\Database\BaseConnection.php(693): CodeIgniter\Database\MySQLi\Connection->execute('SELECT tblmas_customer.*, tbltrn_do1.dono, tblmas_tip_tracking.* FROM tblmas_customer
                    JOIN tbltrn_do1 ON tbltrn_do1.idcustomer = tblmas_customer.idcustomer
                    JOIN tblmas_tip_tracking ON tbltrn_do1.dono = tblmas_tip_tracking.dono
                        WHERE tbltrn_do1.stsdosent = 1 AND tbltrn_do1.dono.dono = ')
 3 SYSTEMPATH\Database\BaseConnection.php(620): CodeIgniter\Database\BaseConnection->simpleQuery('SELECT tblmas_customer.*, tbltrn_do1.dono, tblmas_tip_tracking.* FROM tblmas_customer
                    JOIN tbltrn_do1 ON tbltrn_do1.idcustomer = tblmas_customer.idcustomer
                    JOIN tblmas_tip_tracking ON tbltrn_do1.dono = tblmas_tip_tracking.dono
                        WHERE tbltrn_do1.stsdosent = 1 AND tbltrn_do1.dono.dono = ')
 4 APPPATH\Models\TipModel.php(137): CodeIgniter\Database\BaseConnection->query('SELECT tblmas_customer.*, tbltrn_do1.dono, tblmas_tip_tracking.* FROM tblmas_customer
                    JOIN tbltrn_do1 ON tbltrn_do1.idcustomer = tblmas_customer.idcustomer
                    JOIN tblmas_tip_tracking ON tbltrn_do1.dono = tblmas_tip_tracking.dono
                        WHERE tbltrn_do1.stsdosent = 1 AND tbltrn_do1.dono.dono = ')
 5 APPPATH\Controllers\Tip.php(42): App\Models\TipModel->getdataDono_edit(null)
 6 SYSTEMPATH\CodeIgniter.php(904): App\Controllers\Tip->viewupdate()
 7 SYSTEMPATH\CodeIgniter.php(457): CodeIgniter\CodeIgniter->runController(Object(App\Controllers\Tip))
 8 SYSTEMPATH\CodeIgniter.php(340): CodeIgniter\CodeIgniter->handleRequest(null, Object(Config\Cache), false)
 9 FCPATH\index.php(67): CodeIgniter\CodeIgniter->run()
10 SYSTEMPATH\Commands\Server\rewrite.php(43): require_once('FCPATH\\index.php')
ERROR - 2022-11-24 00:34:14 --> mysqli_sql_exception: You have an error in your SQL syntax; check the manual that corresponds to your MariaDB server version for the right syntax to use near '' at line 4 in C:\xampp\htdocs\tracking\system\Database\MySQLi\Connection.php:292
Stack trace:
#0 C:\xampp\htdocs\tracking\system\Database\MySQLi\Connection.php(292): mysqli->query('SELECT tblmas_c...', 0)
#1 C:\xampp\htdocs\tracking\system\Database\BaseConnection.php(693): CodeIgniter\Database\MySQLi\Connection->execute('SELECT tblmas_c...')
#2 C:\xampp\htdocs\tracking\system\Database\BaseConnection.php(620): CodeIgniter\Database\BaseConnection->simpleQuery('SELECT tblmas_c...')
#3 C:\xampp\htdocs\tracking\app\Models\TipModel.php(137): CodeIgniter\Database\BaseConnection->query('SELECT tblmas_c...')
#4 C:\xampp\htdocs\tracking\app\Controllers\Tip.php(42): App\Models\TipModel->getdataDono_edit(NULL)
#5 C:\xampp\htdocs\tracking\system\CodeIgniter.php(904): App\Controllers\Tip->viewupdate()
#6 C:\xampp\htdocs\tracking\system\CodeIgniter.php(457): CodeIgniter\CodeIgniter->runController(Object(App\Controllers\Tip))
#7 C:\xampp\htdocs\tracking\system\CodeIgniter.php(340): CodeIgniter\CodeIgniter->handleRequest(NULL, Object(Config\Cache), false)
#8 C:\xampp\htdocs\tracking\public\index.php(67): CodeIgniter\CodeIgniter->run()
#9 C:\xampp\htdocs\tracking\system\Commands\Server\rewrite.php(43): require_once('C:\\xampp\\htdocs...')
#10 {main}
CRITICAL - 2022-11-24 00:34:14 --> You have an error in your SQL syntax; check the manual that corresponds to your MariaDB server version for the right syntax to use near '' at line 4
in SYSTEMPATH\Database\MySQLi\Connection.php on line 292.
 1 SYSTEMPATH\Database\MySQLi\Connection.php(292): mysqli->query('SELECT tblmas_customer.*, tbltrn_do1.dono, tblmas_tip_tracking.* FROM tblmas_customer
                    JOIN tbltrn_do1 ON tbltrn_do1.idcustomer = tblmas_customer.idcustomer
                    JOIN tblmas_tip_tracking ON tbltrn_do1.dono = tblmas_tip_tracking.dono
                        WHERE tbltrn_do1.stsdosent = 1 AND tbltrn_do1.dono.dono = ', 0)
 2 SYSTEMPATH\Database\BaseConnection.php(693): CodeIgniter\Database\MySQLi\Connection->execute('SELECT tblmas_customer.*, tbltrn_do1.dono, tblmas_tip_tracking.* FROM tblmas_customer
                    JOIN tbltrn_do1 ON tbltrn_do1.idcustomer = tblmas_customer.idcustomer
                    JOIN tblmas_tip_tracking ON tbltrn_do1.dono = tblmas_tip_tracking.dono
                        WHERE tbltrn_do1.stsdosent = 1 AND tbltrn_do1.dono.dono = ')
 3 SYSTEMPATH\Database\BaseConnection.php(620): CodeIgniter\Database\BaseConnection->simpleQuery('SELECT tblmas_customer.*, tbltrn_do1.dono, tblmas_tip_tracking.* FROM tblmas_customer
                    JOIN tbltrn_do1 ON tbltrn_do1.idcustomer = tblmas_customer.idcustomer
                    JOIN tblmas_tip_tracking ON tbltrn_do1.dono = tblmas_tip_tracking.dono
                        WHERE tbltrn_do1.stsdosent = 1 AND tbltrn_do1.dono.dono = ')
 4 APPPATH\Models\TipModel.php(137): CodeIgniter\Database\BaseConnection->query('SELECT tblmas_customer.*, tbltrn_do1.dono, tblmas_tip_tracking.* FROM tblmas_customer
                    JOIN tbltrn_do1 ON tbltrn_do1.idcustomer = tblmas_customer.idcustomer
                    JOIN tblmas_tip_tracking ON tbltrn_do1.dono = tblmas_tip_tracking.dono
                        WHERE tbltrn_do1.stsdosent = 1 AND tbltrn_do1.dono.dono = ')
 5 APPPATH\Controllers\Tip.php(42): App\Models\TipModel->getdataDono_edit(null)
 6 SYSTEMPATH\CodeIgniter.php(904): App\Controllers\Tip->viewupdate()
 7 SYSTEMPATH\CodeIgniter.php(457): CodeIgniter\CodeIgniter->runController(Object(App\Controllers\Tip))
 8 SYSTEMPATH\CodeIgniter.php(340): CodeIgniter\CodeIgniter->handleRequest(null, Object(Config\Cache), false)
 9 FCPATH\index.php(67): CodeIgniter\CodeIgniter->run()
10 SYSTEMPATH\Commands\Server\rewrite.php(43): require_once('FCPATH\\index.php')
ERROR - 2022-11-24 00:34:54 --> mysqli_sql_exception: You have an error in your SQL syntax; check the manual that corresponds to your MariaDB server version for the right syntax to use near '' at line 4 in C:\xampp\htdocs\tracking\system\Database\MySQLi\Connection.php:292
Stack trace:
#0 C:\xampp\htdocs\tracking\system\Database\MySQLi\Connection.php(292): mysqli->query('SELECT tblmas_c...', 0)
#1 C:\xampp\htdocs\tracking\system\Database\BaseConnection.php(693): CodeIgniter\Database\MySQLi\Connection->execute('SELECT tblmas_c...')
#2 C:\xampp\htdocs\tracking\system\Database\BaseConnection.php(620): CodeIgniter\Database\BaseConnection->simpleQuery('SELECT tblmas_c...')
#3 C:\xampp\htdocs\tracking\app\Models\TipModel.php(137): CodeIgniter\Database\BaseConnection->query('SELECT tblmas_c...')
#4 C:\xampp\htdocs\tracking\app\Controllers\Tip.php(42): App\Models\TipModel->getdataDono_edit(NULL)
#5 C:\xampp\htdocs\tracking\system\CodeIgniter.php(904): App\Controllers\Tip->viewupdate()
#6 C:\xampp\htdocs\tracking\system\CodeIgniter.php(457): CodeIgniter\CodeIgniter->runController(Object(App\Controllers\Tip))
#7 C:\xampp\htdocs\tracking\system\CodeIgniter.php(340): CodeIgniter\CodeIgniter->handleRequest(NULL, Object(Config\Cache), false)
#8 C:\xampp\htdocs\tracking\public\index.php(67): CodeIgniter\CodeIgniter->run()
#9 C:\xampp\htdocs\tracking\system\Commands\Server\rewrite.php(43): require_once('C:\\xampp\\htdocs...')
#10 {main}
CRITICAL - 2022-11-24 00:34:54 --> You have an error in your SQL syntax; check the manual that corresponds to your MariaDB server version for the right syntax to use near '' at line 4
in SYSTEMPATH\Database\MySQLi\Connection.php on line 292.
 1 SYSTEMPATH\Database\MySQLi\Connection.php(292): mysqli->query('SELECT tblmas_customer.*, tbltrn_do1.dono, tblmas_tip_tracking.* FROM tblmas_customer
                    JOIN tbltrn_do1 ON tbltrn_do1.idcustomer = tblmas_customer.idcustomer
                    JOIN tblmas_tip_tracking ON tbltrn_do1.dono = tblmas_tip_tracking.dono
                        WHERE tbltrn_do1.stsdosent = 1 AND tbltrn_do1.dono =  ', 0)
 2 SYSTEMPATH\Database\BaseConnection.php(693): CodeIgniter\Database\MySQLi\Connection->execute('SELECT tblmas_customer.*, tbltrn_do1.dono, tblmas_tip_tracking.* FROM tblmas_customer
                    JOIN tbltrn_do1 ON tbltrn_do1.idcustomer = tblmas_customer.idcustomer
                    JOIN tblmas_tip_tracking ON tbltrn_do1.dono = tblmas_tip_tracking.dono
                        WHERE tbltrn_do1.stsdosent = 1 AND tbltrn_do1.dono =  ')
 3 SYSTEMPATH\Database\BaseConnection.php(620): CodeIgniter\Database\BaseConnection->simpleQuery('SELECT tblmas_customer.*, tbltrn_do1.dono, tblmas_tip_tracking.* FROM tblmas_customer
                    JOIN tbltrn_do1 ON tbltrn_do1.idcustomer = tblmas_customer.idcustomer
                    JOIN tblmas_tip_tracking ON tbltrn_do1.dono = tblmas_tip_tracking.dono
                        WHERE tbltrn_do1.stsdosent = 1 AND tbltrn_do1.dono =  ')
 4 APPPATH\Models\TipModel.php(137): CodeIgniter\Database\BaseConnection->query('SELECT tblmas_customer.*, tbltrn_do1.dono, tblmas_tip_tracking.* FROM tblmas_customer
                    JOIN tbltrn_do1 ON tbltrn_do1.idcustomer = tblmas_customer.idcustomer
                    JOIN tblmas_tip_tracking ON tbltrn_do1.dono = tblmas_tip_tracking.dono
                        WHERE tbltrn_do1.stsdosent = 1 AND tbltrn_do1.dono =  ')
 5 APPPATH\Controllers\Tip.php(42): App\Models\TipModel->getdataDono_edit(null)
 6 SYSTEMPATH\CodeIgniter.php(904): App\Controllers\Tip->viewupdate()
 7 SYSTEMPATH\CodeIgniter.php(457): CodeIgniter\CodeIgniter->runController(Object(App\Controllers\Tip))
 8 SYSTEMPATH\CodeIgniter.php(340): CodeIgniter\CodeIgniter->handleRequest(null, Object(Config\Cache), false)
 9 FCPATH\index.php(67): CodeIgniter\CodeIgniter->run()
10 SYSTEMPATH\Commands\Server\rewrite.php(43): require_once('FCPATH\\index.php')
ERROR - 2022-11-24 00:35:24 --> mysqli_sql_exception: You have an error in your SQL syntax; check the manual that corresponds to your MariaDB server version for the right syntax to use near '' at line 4 in C:\xampp\htdocs\tracking\system\Database\MySQLi\Connection.php:292
Stack trace:
#0 C:\xampp\htdocs\tracking\system\Database\MySQLi\Connection.php(292): mysqli->query('SELECT tblmas_c...', 0)
#1 C:\xampp\htdocs\tracking\system\Database\BaseConnection.php(693): CodeIgniter\Database\MySQLi\Connection->execute('SELECT tblmas_c...')
#2 C:\xampp\htdocs\tracking\system\Database\BaseConnection.php(620): CodeIgniter\Database\BaseConnection->simpleQuery('SELECT tblmas_c...')
#3 C:\xampp\htdocs\tracking\app\Models\TipModel.php(137): CodeIgniter\Database\BaseConnection->query('SELECT tblmas_c...')
#4 C:\xampp\htdocs\tracking\app\Controllers\Tip.php(42): App\Models\TipModel->getdataDono_edit(NULL)
#5 C:\xampp\htdocs\tracking\system\CodeIgniter.php(904): App\Controllers\Tip->viewupdate()
#6 C:\xampp\htdocs\tracking\system\CodeIgniter.php(457): CodeIgniter\CodeIgniter->runController(Object(App\Controllers\Tip))
#7 C:\xampp\htdocs\tracking\system\CodeIgniter.php(340): CodeIgniter\CodeIgniter->handleRequest(NULL, Object(Config\Cache), false)
#8 C:\xampp\htdocs\tracking\public\index.php(67): CodeIgniter\CodeIgniter->run()
#9 C:\xampp\htdocs\tracking\system\Commands\Server\rewrite.php(43): require_once('C:\\xampp\\htdocs...')
#10 {main}
CRITICAL - 2022-11-24 00:35:24 --> You have an error in your SQL syntax; check the manual that corresponds to your MariaDB server version for the right syntax to use near '' at line 4
in SYSTEMPATH\Database\MySQLi\Connection.php on line 292.
 1 SYSTEMPATH\Database\MySQLi\Connection.php(292): mysqli->query('SELECT tblmas_customer.*, tbltrn_do1.dono, tblmas_tip_tracking.* FROM tblmas_customer
                    JOIN tbltrn_do1 ON tbltrn_do1.idcustomer = tblmas_customer.idcustomer
                    JOIN tblmas_tip_tracking ON tbltrn_do1.dono = tblmas_tip_tracking.dono
                        WHERE tbltrn_do1.stsdosent = 1 AND tblmas_tip_tracking.dono =  ', 0)
 2 SYSTEMPATH\Database\BaseConnection.php(693): CodeIgniter\Database\MySQLi\Connection->execute('SELECT tblmas_customer.*, tbltrn_do1.dono, tblmas_tip_tracking.* FROM tblmas_customer
                    JOIN tbltrn_do1 ON tbltrn_do1.idcustomer = tblmas_customer.idcustomer
                    JOIN tblmas_tip_tracking ON tbltrn_do1.dono = tblmas_tip_tracking.dono
                        WHERE tbltrn_do1.stsdosent = 1 AND tblmas_tip_tracking.dono =  ')
 3 SYSTEMPATH\Database\BaseConnection.php(620): CodeIgniter\Database\BaseConnection->simpleQuery('SELECT tblmas_customer.*, tbltrn_do1.dono, tblmas_tip_tracking.* FROM tblmas_customer
                    JOIN tbltrn_do1 ON tbltrn_do1.idcustomer = tblmas_customer.idcustomer
                    JOIN tblmas_tip_tracking ON tbltrn_do1.dono = tblmas_tip_tracking.dono
                        WHERE tbltrn_do1.stsdosent = 1 AND tblmas_tip_tracking.dono =  ')
 4 APPPATH\Models\TipModel.php(137): CodeIgniter\Database\BaseConnection->query('SELECT tblmas_customer.*, tbltrn_do1.dono, tblmas_tip_tracking.* FROM tblmas_customer
                    JOIN tbltrn_do1 ON tbltrn_do1.idcustomer = tblmas_customer.idcustomer
                    JOIN tblmas_tip_tracking ON tbltrn_do1.dono = tblmas_tip_tracking.dono
                        WHERE tbltrn_do1.stsdosent = 1 AND tblmas_tip_tracking.dono =  ')
 5 APPPATH\Controllers\Tip.php(42): App\Models\TipModel->getdataDono_edit(null)
 6 SYSTEMPATH\CodeIgniter.php(904): App\Controllers\Tip->viewupdate()
 7 SYSTEMPATH\CodeIgniter.php(457): CodeIgniter\CodeIgniter->runController(Object(App\Controllers\Tip))
 8 SYSTEMPATH\CodeIgniter.php(340): CodeIgniter\CodeIgniter->handleRequest(null, Object(Config\Cache), false)
 9 FCPATH\index.php(67): CodeIgniter\CodeIgniter->run()
10 SYSTEMPATH\Commands\Server\rewrite.php(43): require_once('FCPATH\\index.php')
CRITICAL - 2022-11-24 00:36:33 --> Invalid argument supplied for foreach()
in APPPATH\Views\Tip_tracking\list_edit_tip.php on line 109.
 1 APPPATH\Views\Tip_tracking\list_edit_tip.php(109): CodeIgniter\Debug\Exceptions->errorHandler(2, 'Invalid argument supplied for foreach()', 'APPPATH\\Views\\Tip_tracking\\list_edit_tip.php', 109, [...])
 2 SYSTEMPATH\View\View.php(213): include('APPPATH\\Views\\Tip_tracking\\list_edit_tip.php')
 3 SYSTEMPATH\View\View.php(216): CodeIgniter\View\View->CodeIgniter\View\{closure}()
 4 SYSTEMPATH\Common.php(1137): CodeIgniter\View\View->render('Tip_tracking/list_edit_tip', [], true)
 5 APPPATH\Controllers\Tip.php(44): view('Tip_tracking/list_edit_tip', [...])
 6 SYSTEMPATH\CodeIgniter.php(904): App\Controllers\Tip->viewupdate()
 7 SYSTEMPATH\CodeIgniter.php(457): CodeIgniter\CodeIgniter->runController(Object(App\Controllers\Tip))
 8 SYSTEMPATH\CodeIgniter.php(340): CodeIgniter\CodeIgniter->handleRequest(null, Object(Config\Cache), false)
 9 FCPATH\index.php(67): CodeIgniter\CodeIgniter->run()
10 SYSTEMPATH\Commands\Server\rewrite.php(43): require_once('FCPATH\\index.php')
CRITICAL - 2022-11-24 00:36:48 --> Undefined variable: data_dono
in APPPATH\Views\Tip_tracking\list_edit_tip.php on line 109.
 1 APPPATH\Views\Tip_tracking\list_edit_tip.php(109): CodeIgniter\Debug\Exceptions->errorHandler(8, 'Undefined variable: data_dono', 'APPPATH\\Views\\Tip_tracking\\list_edit_tip.php', 109, [...])
 2 SYSTEMPATH\View\View.php(213): include('APPPATH\\Views\\Tip_tracking\\list_edit_tip.php')
 3 SYSTEMPATH\View\View.php(216): CodeIgniter\View\View->CodeIgniter\View\{closure}()
 4 SYSTEMPATH\Common.php(1137): CodeIgniter\View\View->render('Tip_tracking/list_edit_tip', [], true)
 5 APPPATH\Controllers\Tip.php(44): view('Tip_tracking/list_edit_tip', [...])
 6 SYSTEMPATH\CodeIgniter.php(904): App\Controllers\Tip->viewupdate()
 7 SYSTEMPATH\CodeIgniter.php(457): CodeIgniter\CodeIgniter->runController(Object(App\Controllers\Tip))
 8 SYSTEMPATH\CodeIgniter.php(340): CodeIgniter\CodeIgniter->handleRequest(null, Object(Config\Cache), false)
 9 FCPATH\index.php(67): CodeIgniter\CodeIgniter->run()
10 SYSTEMPATH\Commands\Server\rewrite.php(43): require_once('FCPATH\\index.php')
CRITICAL - 2022-11-24 00:36:58 --> Invalid argument supplied for foreach()
in APPPATH\Views\Tip_tracking\list_edit_tip.php on line 109.
 1 APPPATH\Views\Tip_tracking\list_edit_tip.php(109): CodeIgniter\Debug\Exceptions->errorHandler(2, 'Invalid argument supplied for foreach()', 'APPPATH\\Views\\Tip_tracking\\list_edit_tip.php', 109, [...])
 2 SYSTEMPATH\View\View.php(213): include('APPPATH\\Views\\Tip_tracking\\list_edit_tip.php')
 3 SYSTEMPATH\View\View.php(216): CodeIgniter\View\View->CodeIgniter\View\{closure}()
 4 SYSTEMPATH\Common.php(1137): CodeIgniter\View\View->render('Tip_tracking/list_edit_tip', [], true)
 5 APPPATH\Controllers\Tip.php(44): view('Tip_tracking/list_edit_tip', [...])
 6 SYSTEMPATH\CodeIgniter.php(904): App\Controllers\Tip->viewupdate()
 7 SYSTEMPATH\CodeIgniter.php(457): CodeIgniter\CodeIgniter->runController(Object(App\Controllers\Tip))
 8 SYSTEMPATH\CodeIgniter.php(340): CodeIgniter\CodeIgniter->handleRequest(null, Object(Config\Cache), false)
 9 FCPATH\index.php(67): CodeIgniter\CodeIgniter->run()
10 SYSTEMPATH\Commands\Server\rewrite.php(43): require_once('FCPATH\\index.php')
CRITICAL - 2022-11-24 00:37:30 --> Too few arguments to function App\Models\TipModel::getdataDono_edit(), 0 passed in C:\xampp\htdocs\tracking\app\Controllers\Tip.php on line 41 and exactly 1 expected
in APPPATH\Models\TipModel.php on line 131.
 1 APPPATH\Controllers\Tip.php(41): App\Models\TipModel->getdataDono_edit()
 2 SYSTEMPATH\CodeIgniter.php(904): App\Controllers\Tip->viewupdate()
 3 SYSTEMPATH\CodeIgniter.php(457): CodeIgniter\CodeIgniter->runController(Object(App\Controllers\Tip))
 4 SYSTEMPATH\CodeIgniter.php(340): CodeIgniter\CodeIgniter->handleRequest(null, Object(Config\Cache), false)
 5 FCPATH\index.php(67): CodeIgniter\CodeIgniter->run()
 6 SYSTEMPATH\Commands\Server\rewrite.php(43): require_once('FCPATH\\index.php')
CRITICAL - 2022-11-24 01:02:43 --> Undefined variable: users
in APPPATH\Views\Tip_tracking\list_edit_tip.php on line 123.
 1 APPPATH\Views\Tip_tracking\list_edit_tip.php(123): CodeIgniter\Debug\Exceptions->errorHandler(8, 'Undefined variable: users', 'APPPATH\\Views\\Tip_tracking\\list_edit_tip.php', 123, [...])
 2 SYSTEMPATH\View\View.php(213): include('APPPATH\\Views\\Tip_tracking\\list_edit_tip.php')
 3 SYSTEMPATH\View\View.php(216): CodeIgniter\View\View->CodeIgniter\View\{closure}()
 4 SYSTEMPATH\Common.php(1137): CodeIgniter\View\View->render('Tip_tracking/list_edit_tip', [], true)
 5 APPPATH\Controllers\Tip.php(43): view('Tip_tracking/list_edit_tip', [...])
 6 SYSTEMPATH\CodeIgniter.php(904): App\Controllers\Tip->viewupdate()
 7 SYSTEMPATH\CodeIgniter.php(457): CodeIgniter\CodeIgniter->runController(Object(App\Controllers\Tip))
 8 SYSTEMPATH\CodeIgniter.php(340): CodeIgniter\CodeIgniter->handleRequest(null, Object(Config\Cache), false)
 9 FCPATH\index.php(67): CodeIgniter\CodeIgniter->run()
10 SYSTEMPATH\Commands\Server\rewrite.php(43): require_once('FCPATH\\index.php')
CRITICAL - 2022-11-24 02:38:42 --> Array to string conversion
in APPPATH\Models\TipModel.php on line 136.
 1 APPPATH\Models\TipModel.php(136): CodeIgniter\Debug\Exceptions->errorHandler(8, 'Array to string conversion', 'APPPATH\\Models\\TipModel.php', 136, [...])
 2 APPPATH\Controllers\Tip.php(42): App\Models\TipModel->getdataDono_edit('210501,210499,210503,210520,210504,210506,210505')
 3 SYSTEMPATH\CodeIgniter.php(904): App\Controllers\Tip->viewupdate()
 4 SYSTEMPATH\CodeIgniter.php(457): CodeIgniter\CodeIgniter->runController(Object(App\Controllers\Tip))
 5 SYSTEMPATH\CodeIgniter.php(340): CodeIgniter\CodeIgniter->handleRequest(null, Object(Config\Cache), false)
 6 FCPATH\index.php(67): CodeIgniter\CodeIgniter->run()
 7 SYSTEMPATH\Commands\Server\rewrite.php(43): require_once('FCPATH\\index.php')
CRITICAL - 2022-11-24 02:40:27 --> Array to string conversion
in APPPATH\Models\TipModel.php on line 136.
 1 APPPATH\Models\TipModel.php(136): CodeIgniter\Debug\Exceptions->errorHandler(8, 'Array to string conversion', 'APPPATH\\Models\\TipModel.php', 136, [...])
 2 APPPATH\Controllers\Tip.php(42): App\Models\TipModel->getdataDono_edit('210501,210499,210503,210520,210504,210506,210505')
 3 SYSTEMPATH\CodeIgniter.php(904): App\Controllers\Tip->viewupdate()
 4 SYSTEMPATH\CodeIgniter.php(457): CodeIgniter\CodeIgniter->runController(Object(App\Controllers\Tip))
 5 SYSTEMPATH\CodeIgniter.php(340): CodeIgniter\CodeIgniter->handleRequest(null, Object(Config\Cache), false)
 6 FCPATH\index.php(67): CodeIgniter\CodeIgniter->run()
 7 SYSTEMPATH\Commands\Server\rewrite.php(43): require_once('FCPATH\\index.php')
CRITICAL - 2022-11-24 02:44:55 --> Undefined index: dono
in APPPATH\Views\Tip_tracking\list_edit_tip.php on line 111.
 1 APPPATH\Views\Tip_tracking\list_edit_tip.php(111): CodeIgniter\Debug\Exceptions->errorHandler(8, 'Undefined index: dono', 'APPPATH\\Views\\Tip_tracking\\list_edit_tip.php', 111, [...])
 2 SYSTEMPATH\View\View.php(213): include('APPPATH\\Views\\Tip_tracking\\list_edit_tip.php')
 3 SYSTEMPATH\View\View.php(216): CodeIgniter\View\View->CodeIgniter\View\{closure}()
 4 SYSTEMPATH\Common.php(1137): CodeIgniter\View\View->render('Tip_tracking/list_edit_tip', [], true)
 5 APPPATH\Controllers\Tip.php(44): view('Tip_tracking/list_edit_tip', [...])
 6 SYSTEMPATH\CodeIgniter.php(904): App\Controllers\Tip->viewupdate()
 7 SYSTEMPATH\CodeIgniter.php(457): CodeIgniter\CodeIgniter->runController(Object(App\Controllers\Tip))
 8 SYSTEMPATH\CodeIgniter.php(340): CodeIgniter\CodeIgniter->handleRequest(null, Object(Config\Cache), false)
 9 FCPATH\index.php(67): CodeIgniter\CodeIgniter->run()
10 SYSTEMPATH\Commands\Server\rewrite.php(43): require_once('FCPATH\\index.php')
CRITICAL - 2022-11-24 04:01:40 --> Undefined index: dono
in APPPATH\Views\Tip_tracking\list_edit_tip.php on line 111.
 1 APPPATH\Views\Tip_tracking\list_edit_tip.php(111): CodeIgniter\Debug\Exceptions->errorHandler(8, 'Undefined index: dono', 'APPPATH\\Views\\Tip_tracking\\list_edit_tip.php', 111, [...])
 2 SYSTEMPATH\View\View.php(213): include('APPPATH\\Views\\Tip_tracking\\list_edit_tip.php')
 3 SYSTEMPATH\View\View.php(216): CodeIgniter\View\View->CodeIgniter\View\{closure}()
 4 SYSTEMPATH\Common.php(1137): CodeIgniter\View\View->render('Tip_tracking/list_edit_tip', [], true)
 5 APPPATH\Controllers\Tip.php(44): view('Tip_tracking/list_edit_tip', [...])
 6 SYSTEMPATH\CodeIgniter.php(904): App\Controllers\Tip->viewupdate()
 7 SYSTEMPATH\CodeIgniter.php(457): CodeIgniter\CodeIgniter->runController(Object(App\Controllers\Tip))
 8 SYSTEMPATH\CodeIgniter.php(340): CodeIgniter\CodeIgniter->handleRequest(null, Object(Config\Cache), false)
 9 FCPATH\index.php(67): CodeIgniter\CodeIgniter->run()
10 SYSTEMPATH\Commands\Server\rewrite.php(43): require_once('FCPATH\\index.php')
CRITICAL - 2022-11-24 04:03:37 --> Undefined index: do
in APPPATH\Views\Tip_tracking\list_edit_tip.php on line 111.
 1 APPPATH\Views\Tip_tracking\list_edit_tip.php(111): CodeIgniter\Debug\Exceptions->errorHandler(8, 'Undefined index: do', 'APPPATH\\Views\\Tip_tracking\\list_edit_tip.php', 111, [...])
 2 SYSTEMPATH\View\View.php(213): include('APPPATH\\Views\\Tip_tracking\\list_edit_tip.php')
 3 SYSTEMPATH\View\View.php(216): CodeIgniter\View\View->CodeIgniter\View\{closure}()
 4 SYSTEMPATH\Common.php(1137): CodeIgniter\View\View->render('Tip_tracking/list_edit_tip', [], true)
 5 APPPATH\Controllers\Tip.php(44): view('Tip_tracking/list_edit_tip', [...])
 6 SYSTEMPATH\CodeIgniter.php(904): App\Controllers\Tip->viewupdate()
 7 SYSTEMPATH\CodeIgniter.php(457): CodeIgniter\CodeIgniter->runController(Object(App\Controllers\Tip))
 8 SYSTEMPATH\CodeIgniter.php(340): CodeIgniter\CodeIgniter->handleRequest(null, Object(Config\Cache), false)
 9 FCPATH\index.php(67): CodeIgniter\CodeIgniter->run()
10 SYSTEMPATH\Commands\Server\rewrite.php(43): require_once('FCPATH\\index.php')
ERROR - 2022-11-24 04:05:11 --> mysqli_sql_exception: Illegal parameter data types varchar and row for operation '=' in C:\xampp\htdocs\tracking\system\Database\MySQLi\Connection.php:292
Stack trace:
#0 C:\xampp\htdocs\tracking\system\Database\MySQLi\Connection.php(292): mysqli->query('SELECT *\nFROM `...', 0)
#1 C:\xampp\htdocs\tracking\system\Database\BaseConnection.php(693): CodeIgniter\Database\MySQLi\Connection->execute('SELECT *\nFROM `...')
#2 C:\xampp\htdocs\tracking\system\Database\BaseConnection.php(620): CodeIgniter\Database\BaseConnection->simpleQuery('SELECT *\nFROM `...')
#3 C:\xampp\htdocs\tracking\system\Database\BaseBuilder.php(1585): CodeIgniter\Database\BaseConnection->query('SELECT *\nFROM `...', Array, false)
#4 C:\xampp\htdocs\tracking\app\Models\TipModel.php(138): CodeIgniter\Database\BaseBuilder->get()
#5 C:\xampp\htdocs\tracking\app\Controllers\Tip.php(42): App\Models\TipModel->getdataDono_edit('210575,210577,2...')
#6 C:\xampp\htdocs\tracking\system\CodeIgniter.php(904): App\Controllers\Tip->viewupdate()
#7 C:\xampp\htdocs\tracking\system\CodeIgniter.php(457): CodeIgniter\CodeIgniter->runController(Object(App\Controllers\Tip))
#8 C:\xampp\htdocs\tracking\system\CodeIgniter.php(340): CodeIgniter\CodeIgniter->handleRequest(NULL, Object(Config\Cache), false)
#9 C:\xampp\htdocs\tracking\public\index.php(67): CodeIgniter\CodeIgniter->run()
#10 C:\xampp\htdocs\tracking\system\Commands\Server\rewrite.php(43): require_once('C:\\xampp\\htdocs...')
#11 {main}
CRITICAL - 2022-11-24 04:05:11 --> Illegal parameter data types varchar and row for operation '='
in SYSTEMPATH\Database\MySQLi\Connection.php on line 292.
 1 SYSTEMPATH\Database\MySQLi\Connection.php(292): mysqli->query('SELECT *
FROM `tblmas_tip_tracking`
JOIN `tbltrn_do1` ON `tbltrn_do1`.`dono` = `tblmas_tip_tracking`.`dono`
WHERE `tblmas_tip_tracking`.`dono` = (\'210575\',\'210577\',\'210576\',\'210475\')', 0)
 2 SYSTEMPATH\Database\BaseConnection.php(693): CodeIgniter\Database\MySQLi\Connection->execute('SELECT *
FROM `tblmas_tip_tracking`
JOIN `tbltrn_do1` ON `tbltrn_do1`.`dono` = `tblmas_tip_tracking`.`dono`
WHERE `tblmas_tip_tracking`.`dono` = (\'210575\',\'210577\',\'210576\',\'210475\')')
 3 SYSTEMPATH\Database\BaseConnection.php(620): CodeIgniter\Database\BaseConnection->simpleQuery('SELECT *
FROM `tblmas_tip_tracking`
JOIN `tbltrn_do1` ON `tbltrn_do1`.`dono` = `tblmas_tip_tracking`.`dono`
WHERE `tblmas_tip_tracking`.`dono` = (\'210575\',\'210577\',\'210576\',\'210475\')')
 4 SYSTEMPATH\Database\BaseBuilder.php(1585): CodeIgniter\Database\BaseConnection->query('SELECT *
FROM `tblmas_tip_tracking`
JOIN `tbltrn_do1` ON `tbltrn_do1`.`dono` = `tblmas_tip_tracking`.`dono`
WHERE `tblmas_tip_tracking`.`dono` = :tblmas_tip_tracking.dono:', [...], false)
 5 APPPATH\Models\TipModel.php(138): CodeIgniter\Database\BaseBuilder->get()
 6 APPPATH\Controllers\Tip.php(42): App\Models\TipModel->getdataDono_edit('210575,210577,210576,210475')
 7 SYSTEMPATH\CodeIgniter.php(904): App\Controllers\Tip->viewupdate()
 8 SYSTEMPATH\CodeIgniter.php(457): CodeIgniter\CodeIgniter->runController(Object(App\Controllers\Tip))
 9 SYSTEMPATH\CodeIgniter.php(340): CodeIgniter\CodeIgniter->handleRequest(null, Object(Config\Cache), false)
10 FCPATH\index.php(67): CodeIgniter\CodeIgniter->run()
11 SYSTEMPATH\Commands\Server\rewrite.php(43): require_once('FCPATH\\index.php')
CRITICAL - 2022-11-24 04:05:28 --> Invalid argument supplied for foreach()
in APPPATH\Views\Tip_tracking\list_edit_tip.php on line 110.
 1 APPPATH\Views\Tip_tracking\list_edit_tip.php(110): CodeIgniter\Debug\Exceptions->errorHandler(2, 'Invalid argument supplied for foreach()', 'APPPATH\\Views\\Tip_tracking\\list_edit_tip.php', 110, [...])
 2 SYSTEMPATH\View\View.php(213): include('APPPATH\\Views\\Tip_tracking\\list_edit_tip.php')
 3 SYSTEMPATH\View\View.php(216): CodeIgniter\View\View->CodeIgniter\View\{closure}()
 4 SYSTEMPATH\Common.php(1137): CodeIgniter\View\View->render('Tip_tracking/list_edit_tip', [], true)
 5 APPPATH\Controllers\Tip.php(44): view('Tip_tracking/list_edit_tip', [...])
 6 SYSTEMPATH\CodeIgniter.php(904): App\Controllers\Tip->viewupdate()
 7 SYSTEMPATH\CodeIgniter.php(457): CodeIgniter\CodeIgniter->runController(Object(App\Controllers\Tip))
 8 SYSTEMPATH\CodeIgniter.php(340): CodeIgniter\CodeIgniter->handleRequest(null, Object(Config\Cache), false)
 9 FCPATH\index.php(67): CodeIgniter\CodeIgniter->run()
10 SYSTEMPATH\Commands\Server\rewrite.php(43): require_once('FCPATH\\index.php')
ERROR - 2022-11-24 04:05:40 --> mysqli_sql_exception: Illegal parameter data types varchar and row for operation '=' in C:\xampp\htdocs\tracking\system\Database\MySQLi\Connection.php:292
Stack trace:
#0 C:\xampp\htdocs\tracking\system\Database\MySQLi\Connection.php(292): mysqli->query('SELECT *\nFROM `...', 0)
#1 C:\xampp\htdocs\tracking\system\Database\BaseConnection.php(693): CodeIgniter\Database\MySQLi\Connection->execute('SELECT *\nFROM `...')
#2 C:\xampp\htdocs\tracking\system\Database\BaseConnection.php(620): CodeIgniter\Database\BaseConnection->simpleQuery('SELECT *\nFROM `...')
#3 C:\xampp\htdocs\tracking\system\Database\BaseBuilder.php(1585): CodeIgniter\Database\BaseConnection->query('SELECT *\nFROM `...', Array, false)
#4 C:\xampp\htdocs\tracking\app\Models\TipModel.php(138): CodeIgniter\Database\BaseBuilder->get()
#5 C:\xampp\htdocs\tracking\app\Controllers\Tip.php(42): App\Models\TipModel->getdataDono_edit('210575,210577,2...')
#6 C:\xampp\htdocs\tracking\system\CodeIgniter.php(904): App\Controllers\Tip->viewupdate()
#7 C:\xampp\htdocs\tracking\system\CodeIgniter.php(457): CodeIgniter\CodeIgniter->runController(Object(App\Controllers\Tip))
#8 C:\xampp\htdocs\tracking\system\CodeIgniter.php(340): CodeIgniter\CodeIgniter->handleRequest(NULL, Object(Config\Cache), false)
#9 C:\xampp\htdocs\tracking\public\index.php(67): CodeIgniter\CodeIgniter->run()
#10 C:\xampp\htdocs\tracking\system\Commands\Server\rewrite.php(43): require_once('C:\\xampp\\htdocs...')
#11 {main}
CRITICAL - 2022-11-24 04:05:40 --> Illegal parameter data types varchar and row for operation '='
in SYSTEMPATH\Database\MySQLi\Connection.php on line 292.
 1 SYSTEMPATH\Database\MySQLi\Connection.php(292): mysqli->query('SELECT *
FROM `tblmas_tip_tracking`
JOIN `tbltrn_do1` ON `tbltrn_do1`.`dono` = `tblmas_tip_tracking`.`dono`
WHERE `tblmas_tip_tracking`.`dono` = (\'210575\',\'210577\',\'210576\',\'210475\')', 0)
 2 SYSTEMPATH\Database\BaseConnection.php(693): CodeIgniter\Database\MySQLi\Connection->execute('SELECT *
FROM `tblmas_tip_tracking`
JOIN `tbltrn_do1` ON `tbltrn_do1`.`dono` = `tblmas_tip_tracking`.`dono`
WHERE `tblmas_tip_tracking`.`dono` = (\'210575\',\'210577\',\'210576\',\'210475\')')
 3 SYSTEMPATH\Database\BaseConnection.php(620): CodeIgniter\Database\BaseConnection->simpleQuery('SELECT *
FROM `tblmas_tip_tracking`
JOIN `tbltrn_do1` ON `tbltrn_do1`.`dono` = `tblmas_tip_tracking`.`dono`
WHERE `tblmas_tip_tracking`.`dono` = (\'210575\',\'210577\',\'210576\',\'210475\')')
 4 SYSTEMPATH\Database\BaseBuilder.php(1585): CodeIgniter\Database\BaseConnection->query('SELECT *
FROM `tblmas_tip_tracking`
JOIN `tbltrn_do1` ON `tbltrn_do1`.`dono` = `tblmas_tip_tracking`.`dono`
WHERE `tblmas_tip_tracking`.`dono` = :tblmas_tip_tracking.dono:', [...], false)
 5 APPPATH\Models\TipModel.php(138): CodeIgniter\Database\BaseBuilder->get()
 6 APPPATH\Controllers\Tip.php(42): App\Models\TipModel->getdataDono_edit('210575,210577,210576,210475')
 7 SYSTEMPATH\CodeIgniter.php(904): App\Controllers\Tip->viewupdate()
 8 SYSTEMPATH\CodeIgniter.php(457): CodeIgniter\CodeIgniter->runController(Object(App\Controllers\Tip))
 9 SYSTEMPATH\CodeIgniter.php(340): CodeIgniter\CodeIgniter->handleRequest(null, Object(Config\Cache), false)
10 FCPATH\index.php(67): CodeIgniter\CodeIgniter->run()
11 SYSTEMPATH\Commands\Server\rewrite.php(43): require_once('FCPATH\\index.php')
CRITICAL - 2022-11-24 04:07:37 --> Array to string conversion
in APPPATH\Models\TipModel.php on line 136.
 1 APPPATH\Models\TipModel.php(136): CodeIgniter\Debug\Exceptions->errorHandler(8, 'Array to string conversion', 'APPPATH\\Models\\TipModel.php', 136, [...])
 2 APPPATH\Controllers\Tip.php(42): App\Models\TipModel->getdataDono_edit('210575,210577,210576,210475')
 3 SYSTEMPATH\CodeIgniter.php(904): App\Controllers\Tip->viewupdate()
 4 SYSTEMPATH\CodeIgniter.php(457): CodeIgniter\CodeIgniter->runController(Object(App\Controllers\Tip))
 5 SYSTEMPATH\CodeIgniter.php(340): CodeIgniter\CodeIgniter->handleRequest(null, Object(Config\Cache), false)
 6 FCPATH\index.php(67): CodeIgniter\CodeIgniter->run()
 7 SYSTEMPATH\Commands\Server\rewrite.php(43): require_once('FCPATH\\index.php')
CRITICAL - 2022-11-24 04:07:59 --> Array to string conversion
in APPPATH\Models\TipModel.php on line 135.
 1 APPPATH\Models\TipModel.php(135): CodeIgniter\Debug\Exceptions->errorHandler(8, 'Array to string conversion', 'APPPATH\\Models\\TipModel.php', 135, [...])
 2 APPPATH\Controllers\Tip.php(42): App\Models\TipModel->getdataDono_edit('210575,210577,210576,210475')
 3 SYSTEMPATH\CodeIgniter.php(904): App\Controllers\Tip->viewupdate()
 4 SYSTEMPATH\CodeIgniter.php(457): CodeIgniter\CodeIgniter->runController(Object(App\Controllers\Tip))
 5 SYSTEMPATH\CodeIgniter.php(340): CodeIgniter\CodeIgniter->handleRequest(null, Object(Config\Cache), false)
 6 FCPATH\index.php(67): CodeIgniter\CodeIgniter->run()
 7 SYSTEMPATH\Commands\Server\rewrite.php(43): require_once('FCPATH\\index.php')
CRITICAL - 2022-11-24 04:08:10 --> Array to string conversion
in APPPATH\Models\TipModel.php on line 135.
 1 APPPATH\Models\TipModel.php(135): CodeIgniter\Debug\Exceptions->errorHandler(8, 'Array to string conversion', 'APPPATH\\Models\\TipModel.php', 135, [...])
 2 APPPATH\Controllers\Tip.php(42): App\Models\TipModel->getdataDono_edit('210575,210577,210576,210475')
 3 SYSTEMPATH\CodeIgniter.php(904): App\Controllers\Tip->viewupdate()
 4 SYSTEMPATH\CodeIgniter.php(457): CodeIgniter\CodeIgniter->runController(Object(App\Controllers\Tip))
 5 SYSTEMPATH\CodeIgniter.php(340): CodeIgniter\CodeIgniter->handleRequest(null, Object(Config\Cache), false)
 6 FCPATH\index.php(67): CodeIgniter\CodeIgniter->run()
 7 SYSTEMPATH\Commands\Server\rewrite.php(43): require_once('FCPATH\\index.php')
CRITICAL - 2022-11-24 04:09:12 --> Array to string conversion
in APPPATH\Models\TipModel.php on line 136.
 1 APPPATH\Models\TipModel.php(136): CodeIgniter\Debug\Exceptions->errorHandler(8, 'Array to string conversion', 'APPPATH\\Models\\TipModel.php', 136, [...])
 2 APPPATH\Controllers\Tip.php(42): App\Models\TipModel->getdataDono_edit('210575,210577,210576,210475')
 3 SYSTEMPATH\CodeIgniter.php(904): App\Controllers\Tip->viewupdate()
 4 SYSTEMPATH\CodeIgniter.php(457): CodeIgniter\CodeIgniter->runController(Object(App\Controllers\Tip))
 5 SYSTEMPATH\CodeIgniter.php(340): CodeIgniter\CodeIgniter->handleRequest(null, Object(Config\Cache), false)
 6 FCPATH\index.php(67): CodeIgniter\CodeIgniter->run()
 7 SYSTEMPATH\Commands\Server\rewrite.php(43): require_once('FCPATH\\index.php')
CRITICAL - 2022-11-24 04:09:51 --> Array to string conversion
in APPPATH\Models\TipModel.php on line 136.
 1 APPPATH\Models\TipModel.php(136): CodeIgniter\Debug\Exceptions->errorHandler(8, 'Array to string conversion', 'APPPATH\\Models\\TipModel.php', 136, [...])
 2 APPPATH\Controllers\Tip.php(42): App\Models\TipModel->getdataDono_edit('210575,210577,210576,210475')
 3 SYSTEMPATH\CodeIgniter.php(904): App\Controllers\Tip->viewupdate()
 4 SYSTEMPATH\CodeIgniter.php(457): CodeIgniter\CodeIgniter->runController(Object(App\Controllers\Tip))
 5 SYSTEMPATH\CodeIgniter.php(340): CodeIgniter\CodeIgniter->handleRequest(null, Object(Config\Cache), false)
 6 FCPATH\index.php(67): CodeIgniter\CodeIgniter->run()
 7 SYSTEMPATH\Commands\Server\rewrite.php(43): require_once('FCPATH\\index.php')
