ERROR - 2023-02-27 19:52:16 --> mysqli_sql_exception: You have an error in your SQL syntax; check the manual that corresponds to your MariaDB server version for the right syntax to use near 'AND MONTH(tblmas_tip_tracking.start_time) =  AND YEAR(tblmas_tip_tracking.sta...' at line 6 in C:\xampp\htdocs\tracking\system\Database\MySQLi\Connection.php:292
Stack trace:
#0 C:\xampp\htdocs\tracking\system\Database\MySQLi\Connection.php(292): mysqli->query('SELECT tblmas_t...', 0)
#1 C:\xampp\htdocs\tracking\system\Database\BaseConnection.php(693): CodeIgniter\Database\MySQLi\Connection->execute('SELECT tblmas_t...')
#2 C:\xampp\htdocs\tracking\system\Database\BaseConnection.php(620): CodeIgniter\Database\BaseConnection->simpleQuery('SELECT tblmas_t...')
#3 C:\xampp\htdocs\tracking\app\Models\TipModel.php(38): CodeIgniter\Database\BaseConnection->query('SELECT tblmas_t...')
#4 C:\xampp\htdocs\tracking\app\Controllers\Tip.php(57): App\Models\TipModel->getdataperDateTime(NULL, NULL, NULL)
#5 C:\xampp\htdocs\tracking\system\CodeIgniter.php(904): App\Controllers\Tip->viewListTipbydatetime()
#6 C:\xampp\htdocs\tracking\system\CodeIgniter.php(457): CodeIgniter\CodeIgniter->runController(Object(App\Controllers\Tip))
#7 C:\xampp\htdocs\tracking\system\CodeIgniter.php(340): CodeIgniter\CodeIgniter->handleRequest(NULL, Object(Config\Cache), false)
#8 C:\xampp\htdocs\tracking\public\index.php(67): CodeIgniter\CodeIgniter->run()
#9 C:\xampp\htdocs\tracking\system\Commands\Server\rewrite.php(43): require_once('C:\\xampp\\htdocs...')
#10 {main}
CRITICAL - 2023-02-27 19:52:16 --> You have an error in your SQL syntax; check the manual that corresponds to your MariaDB server version for the right syntax to use near 'AND MONTH(tblmas_tip_tracking.start_time) =  AND YEAR(tblmas_tip_tracking.sta...' at line 6
in SYSTEMPATH\Database\MySQLi\Connection.php on line 292.
 1 SYSTEMPATH\Database\MySQLi\Connection.php(292): mysqli->query('SELECT tblmas_tip_tracking.*, GROUP_CONCAT(tblmas_detail_tip_tracking.doID) AS donoo,COUNT(tbltrn_do1.dono) AS dono, tblmas_customer.customername AS customer 
                    FROM tblmas_tip_tracking
                        JOIN tblmas_detail_tip_tracking ON tblmas_tip_tracking.id = tblmas_detail_tip_tracking.tipID
                            JOIN tbltrn_do1 ON tbltrn_do1.dono = tblmas_detail_tip_tracking.doID
                                JOIN tblmas_customer ON tblmas_customer.idcustomer = tbltrn_do1.idcustomer
                                    WHERE tbltrn_do1.stsdosent = 1 AND day(tblmas_tip_tracking.start_time) =  AND MONTH(tblmas_tip_tracking.start_time) =  AND YEAR(tblmas_tip_tracking.start_time) = 
                                        GROUP BY tblmas_tip_tracking.id ASC', 0)
 2 SYSTEMPATH\Database\BaseConnection.php(693): CodeIgniter\Database\MySQLi\Connection->execute('SELECT tblmas_tip_tracking.*, GROUP_CONCAT(tblmas_detail_tip_tracking.doID) AS donoo,COUNT(tbltrn_do1.dono) AS dono, tblmas_customer.customername AS customer 
                    FROM tblmas_tip_tracking
                        JOIN tblmas_detail_tip_tracking ON tblmas_tip_tracking.id = tblmas_detail_tip_tracking.tipID
                            JOIN tbltrn_do1 ON tbltrn_do1.dono = tblmas_detail_tip_tracking.doID
                                JOIN tblmas_customer ON tblmas_customer.idcustomer = tbltrn_do1.idcustomer
                                    WHERE tbltrn_do1.stsdosent = 1 AND day(tblmas_tip_tracking.start_time) =  AND MONTH(tblmas_tip_tracking.start_time) =  AND YEAR(tblmas_tip_tracking.start_time) = 
                                        GROUP BY tblmas_tip_tracking.id ASC')
 3 SYSTEMPATH\Database\BaseConnection.php(620): CodeIgniter\Database\BaseConnection->simpleQuery('SELECT tblmas_tip_tracking.*, GROUP_CONCAT(tblmas_detail_tip_tracking.doID) AS donoo,COUNT(tbltrn_do1.dono) AS dono, tblmas_customer.customername AS customer 
                    FROM tblmas_tip_tracking
                        JOIN tblmas_detail_tip_tracking ON tblmas_tip_tracking.id = tblmas_detail_tip_tracking.tipID
                            JOIN tbltrn_do1 ON tbltrn_do1.dono = tblmas_detail_tip_tracking.doID
                                JOIN tblmas_customer ON tblmas_customer.idcustomer = tbltrn_do1.idcustomer
                                    WHERE tbltrn_do1.stsdosent = 1 AND day(tblmas_tip_tracking.start_time) =  AND MONTH(tblmas_tip_tracking.start_time) =  AND YEAR(tblmas_tip_tracking.start_time) = 
                                        GROUP BY tblmas_tip_tracking.id ASC')
 4 APPPATH\Models\TipModel.php(38): CodeIgniter\Database\BaseConnection->query('SELECT tblmas_tip_tracking.*, GROUP_CONCAT(tblmas_detail_tip_tracking.doID) AS donoo,COUNT(tbltrn_do1.dono) AS dono, tblmas_customer.customername AS customer 
                    FROM tblmas_tip_tracking
                        JOIN tblmas_detail_tip_tracking ON tblmas_tip_tracking.id = tblmas_detail_tip_tracking.tipID
                            JOIN tbltrn_do1 ON tbltrn_do1.dono = tblmas_detail_tip_tracking.doID
                                JOIN tblmas_customer ON tblmas_customer.idcustomer = tbltrn_do1.idcustomer
                                    WHERE tbltrn_do1.stsdosent = 1 AND day(tblmas_tip_tracking.start_time) =  AND MONTH(tblmas_tip_tracking.start_time) =  AND YEAR(tblmas_tip_tracking.start_time) = 
                                        GROUP BY tblmas_tip_tracking.id ASC')
 5 APPPATH\Controllers\Tip.php(57): App\Models\TipModel->getdataperDateTime(null, null, null)
 6 SYSTEMPATH\CodeIgniter.php(904): App\Controllers\Tip->viewListTipbydatetime()
 7 SYSTEMPATH\CodeIgniter.php(457): CodeIgniter\CodeIgniter->runController(Object(App\Controllers\Tip))
 8 SYSTEMPATH\CodeIgniter.php(340): CodeIgniter\CodeIgniter->handleRequest(null, Object(Config\Cache), false)
 9 FCPATH\index.php(67): CodeIgniter\CodeIgniter->run()
10 SYSTEMPATH\Commands\Server\rewrite.php(43): require_once('FCPATH\\index.php')
ERROR - 2023-02-27 19:54:02 --> mysqli_sql_exception: You have an error in your SQL syntax; check the manual that corresponds to your MariaDB server version for the right syntax to use near 'AND MONTH(tblmas_tip_tracking.start_time) =  AND YEAR(tblmas_tip_tracking.sta...' at line 6 in C:\xampp\htdocs\tracking\system\Database\MySQLi\Connection.php:292
Stack trace:
#0 C:\xampp\htdocs\tracking\system\Database\MySQLi\Connection.php(292): mysqli->query('SELECT tblmas_t...', 0)
#1 C:\xampp\htdocs\tracking\system\Database\BaseConnection.php(693): CodeIgniter\Database\MySQLi\Connection->execute('SELECT tblmas_t...')
#2 C:\xampp\htdocs\tracking\system\Database\BaseConnection.php(620): CodeIgniter\Database\BaseConnection->simpleQuery('SELECT tblmas_t...')
#3 C:\xampp\htdocs\tracking\app\Models\TipModel.php(38): CodeIgniter\Database\BaseConnection->query('SELECT tblmas_t...')
#4 C:\xampp\htdocs\tracking\app\Controllers\Tip.php(57): App\Models\TipModel->getdataperDateTime(NULL, NULL, NULL)
#5 C:\xampp\htdocs\tracking\system\CodeIgniter.php(904): App\Controllers\Tip->viewListTipbydatetime()
#6 C:\xampp\htdocs\tracking\system\CodeIgniter.php(457): CodeIgniter\CodeIgniter->runController(Object(App\Controllers\Tip))
#7 C:\xampp\htdocs\tracking\system\CodeIgniter.php(340): CodeIgniter\CodeIgniter->handleRequest(NULL, Object(Config\Cache), false)
#8 C:\xampp\htdocs\tracking\public\index.php(67): CodeIgniter\CodeIgniter->run()
#9 C:\xampp\htdocs\tracking\system\Commands\Server\rewrite.php(43): require_once('C:\\xampp\\htdocs...')
#10 {main}
CRITICAL - 2023-02-27 19:54:02 --> You have an error in your SQL syntax; check the manual that corresponds to your MariaDB server version for the right syntax to use near 'AND MONTH(tblmas_tip_tracking.start_time) =  AND YEAR(tblmas_tip_tracking.sta...' at line 6
in SYSTEMPATH\Database\MySQLi\Connection.php on line 292.
 1 SYSTEMPATH\Database\MySQLi\Connection.php(292): mysqli->query('SELECT tblmas_tip_tracking.*, GROUP_CONCAT(tblmas_detail_tip_tracking.doID) AS donoo,COUNT(tbltrn_do1.dono) AS dono, tblmas_customer.customername AS customer 
                    FROM tblmas_tip_tracking
                        JOIN tblmas_detail_tip_tracking ON tblmas_tip_tracking.id = tblmas_detail_tip_tracking.tipID
                            JOIN tbltrn_do1 ON tbltrn_do1.dono = tblmas_detail_tip_tracking.doID
                                JOIN tblmas_customer ON tblmas_customer.idcustomer = tbltrn_do1.idcustomer
                                    WHERE tbltrn_do1.stsdosent = 1 AND day(tblmas_tip_tracking.start_time) =  AND MONTH(tblmas_tip_tracking.start_time) =  AND YEAR(tblmas_tip_tracking.start_time) = 
                                        GROUP BY tblmas_tip_tracking.id ASC', 0)
 2 SYSTEMPATH\Database\BaseConnection.php(693): CodeIgniter\Database\MySQLi\Connection->execute('SELECT tblmas_tip_tracking.*, GROUP_CONCAT(tblmas_detail_tip_tracking.doID) AS donoo,COUNT(tbltrn_do1.dono) AS dono, tblmas_customer.customername AS customer 
                    FROM tblmas_tip_tracking
                        JOIN tblmas_detail_tip_tracking ON tblmas_tip_tracking.id = tblmas_detail_tip_tracking.tipID
                            JOIN tbltrn_do1 ON tbltrn_do1.dono = tblmas_detail_tip_tracking.doID
                                JOIN tblmas_customer ON tblmas_customer.idcustomer = tbltrn_do1.idcustomer
                                    WHERE tbltrn_do1.stsdosent = 1 AND day(tblmas_tip_tracking.start_time) =  AND MONTH(tblmas_tip_tracking.start_time) =  AND YEAR(tblmas_tip_tracking.start_time) = 
                                        GROUP BY tblmas_tip_tracking.id ASC')
 3 SYSTEMPATH\Database\BaseConnection.php(620): CodeIgniter\Database\BaseConnection->simpleQuery('SELECT tblmas_tip_tracking.*, GROUP_CONCAT(tblmas_detail_tip_tracking.doID) AS donoo,COUNT(tbltrn_do1.dono) AS dono, tblmas_customer.customername AS customer 
                    FROM tblmas_tip_tracking
                        JOIN tblmas_detail_tip_tracking ON tblmas_tip_tracking.id = tblmas_detail_tip_tracking.tipID
                            JOIN tbltrn_do1 ON tbltrn_do1.dono = tblmas_detail_tip_tracking.doID
                                JOIN tblmas_customer ON tblmas_customer.idcustomer = tbltrn_do1.idcustomer
                                    WHERE tbltrn_do1.stsdosent = 1 AND day(tblmas_tip_tracking.start_time) =  AND MONTH(tblmas_tip_tracking.start_time) =  AND YEAR(tblmas_tip_tracking.start_time) = 
                                        GROUP BY tblmas_tip_tracking.id ASC')
 4 APPPATH\Models\TipModel.php(38): CodeIgniter\Database\BaseConnection->query('SELECT tblmas_tip_tracking.*, GROUP_CONCAT(tblmas_detail_tip_tracking.doID) AS donoo,COUNT(tbltrn_do1.dono) AS dono, tblmas_customer.customername AS customer 
                    FROM tblmas_tip_tracking
                        JOIN tblmas_detail_tip_tracking ON tblmas_tip_tracking.id = tblmas_detail_tip_tracking.tipID
                            JOIN tbltrn_do1 ON tbltrn_do1.dono = tblmas_detail_tip_tracking.doID
                                JOIN tblmas_customer ON tblmas_customer.idcustomer = tbltrn_do1.idcustomer
                                    WHERE tbltrn_do1.stsdosent = 1 AND day(tblmas_tip_tracking.start_time) =  AND MONTH(tblmas_tip_tracking.start_time) =  AND YEAR(tblmas_tip_tracking.start_time) = 
                                        GROUP BY tblmas_tip_tracking.id ASC')
 5 APPPATH\Controllers\Tip.php(57): App\Models\TipModel->getdataperDateTime(null, null, null)
 6 SYSTEMPATH\CodeIgniter.php(904): App\Controllers\Tip->viewListTipbydatetime()
 7 SYSTEMPATH\CodeIgniter.php(457): CodeIgniter\CodeIgniter->runController(Object(App\Controllers\Tip))
 8 SYSTEMPATH\CodeIgniter.php(340): CodeIgniter\CodeIgniter->handleRequest(null, Object(Config\Cache), false)
 9 FCPATH\index.php(67): CodeIgniter\CodeIgniter->run()
10 SYSTEMPATH\Commands\Server\rewrite.php(43): require_once('FCPATH\\index.php')
CRITICAL - 2023-02-27 19:54:13 --> Undefined variable: bulan_tahun_tip
in APPPATH\Views\Tip_tracking\list_tip.php on line 34.
 1 APPPATH\Views\Tip_tracking\list_tip.php(34): CodeIgniter\Debug\Exceptions->errorHandler(8, 'Undefined variable: bulan_tahun_tip', 'APPPATH\\Views\\Tip_tracking\\list_tip.php', 34, [...])
 2 SYSTEMPATH\View\View.php(213): include('APPPATH\\Views\\Tip_tracking\\list_tip.php')
 3 SYSTEMPATH\View\View.php(216): CodeIgniter\View\View->CodeIgniter\View\{closure}()
 4 SYSTEMPATH\Common.php(1137): CodeIgniter\View\View->render('Tip_tracking/list_tip', [], true)
 5 APPPATH\Controllers\Tip.php(59): view('Tip_tracking/list_tip', [...])
 6 SYSTEMPATH\CodeIgniter.php(904): App\Controllers\Tip->viewListTipbydatetime()
 7 SYSTEMPATH\CodeIgniter.php(457): CodeIgniter\CodeIgniter->runController(Object(App\Controllers\Tip))
 8 SYSTEMPATH\CodeIgniter.php(340): CodeIgniter\CodeIgniter->handleRequest(null, Object(Config\Cache), false)
 9 FCPATH\index.php(67): CodeIgniter\CodeIgniter->run()
10 SYSTEMPATH\Commands\Server\rewrite.php(43): require_once('FCPATH\\index.php')
CRITICAL - 2023-02-27 19:54:26 --> Undefined variable: data_per_bulan_tahun
in APPPATH\Views\Tip_tracking\list_tip_by_date.php on line 34.
 1 APPPATH\Views\Tip_tracking\list_tip_by_date.php(34): CodeIgniter\Debug\Exceptions->errorHandler(8, 'Undefined variable: data_per_bulan_tahun', 'APPPATH\\Views\\Tip_tracking\\list_tip_by_date.php', 34, [...])
 2 SYSTEMPATH\View\View.php(213): include('APPPATH\\Views\\Tip_tracking\\list_tip_by_date.php')
 3 SYSTEMPATH\View\View.php(216): CodeIgniter\View\View->CodeIgniter\View\{closure}()
 4 SYSTEMPATH\Common.php(1137): CodeIgniter\View\View->render('Tip_tracking/list_tip_by_date', [], true)
 5 APPPATH\Controllers\Tip.php(59): view('Tip_tracking/list_tip_by_date', [...])
 6 SYSTEMPATH\CodeIgniter.php(904): App\Controllers\Tip->viewListTipbydatetime()
 7 SYSTEMPATH\CodeIgniter.php(457): CodeIgniter\CodeIgniter->runController(Object(App\Controllers\Tip))
 8 SYSTEMPATH\CodeIgniter.php(340): CodeIgniter\CodeIgniter->handleRequest(null, Object(Config\Cache), false)
 9 FCPATH\index.php(67): CodeIgniter\CodeIgniter->run()
10 SYSTEMPATH\Commands\Server\rewrite.php(43): require_once('FCPATH\\index.php')
ERROR - 2023-02-27 19:54:53 --> mysqli_sql_exception: You have an error in your SQL syntax; check the manual that corresponds to your MariaDB server version for the right syntax to use near 'AND MONTH(tblmas_tip_tracking.start_time) =  AND YEAR(tblmas_tip_tracking.sta...' at line 6 in C:\xampp\htdocs\tracking\system\Database\MySQLi\Connection.php:292
Stack trace:
#0 C:\xampp\htdocs\tracking\system\Database\MySQLi\Connection.php(292): mysqli->query('SELECT tblmas_t...', 0)
#1 C:\xampp\htdocs\tracking\system\Database\BaseConnection.php(693): CodeIgniter\Database\MySQLi\Connection->execute('SELECT tblmas_t...')
#2 C:\xampp\htdocs\tracking\system\Database\BaseConnection.php(620): CodeIgniter\Database\BaseConnection->simpleQuery('SELECT tblmas_t...')
#3 C:\xampp\htdocs\tracking\app\Models\TipModel.php(38): CodeIgniter\Database\BaseConnection->query('SELECT tblmas_t...')
#4 C:\xampp\htdocs\tracking\app\Controllers\Tip.php(57): App\Models\TipModel->getdataperDateTime(NULL, NULL, NULL)
#5 C:\xampp\htdocs\tracking\system\CodeIgniter.php(904): App\Controllers\Tip->viewListTipbydatetime()
#6 C:\xampp\htdocs\tracking\system\CodeIgniter.php(457): CodeIgniter\CodeIgniter->runController(Object(App\Controllers\Tip))
#7 C:\xampp\htdocs\tracking\system\CodeIgniter.php(340): CodeIgniter\CodeIgniter->handleRequest(NULL, Object(Config\Cache), false)
#8 C:\xampp\htdocs\tracking\public\index.php(67): CodeIgniter\CodeIgniter->run()
#9 C:\xampp\htdocs\tracking\system\Commands\Server\rewrite.php(43): require_once('C:\\xampp\\htdocs...')
#10 {main}
CRITICAL - 2023-02-27 19:54:53 --> You have an error in your SQL syntax; check the manual that corresponds to your MariaDB server version for the right syntax to use near 'AND MONTH(tblmas_tip_tracking.start_time) =  AND YEAR(tblmas_tip_tracking.sta...' at line 6
in SYSTEMPATH\Database\MySQLi\Connection.php on line 292.
 1 SYSTEMPATH\Database\MySQLi\Connection.php(292): mysqli->query('SELECT tblmas_tip_tracking.*, GROUP_CONCAT(tblmas_detail_tip_tracking.doID) AS donoo,COUNT(tbltrn_do1.dono) AS dono, tblmas_customer.customername AS customer 
                    FROM tblmas_tip_tracking
                        JOIN tblmas_detail_tip_tracking ON tblmas_tip_tracking.id = tblmas_detail_tip_tracking.tipID
                            JOIN tbltrn_do1 ON tbltrn_do1.dono = tblmas_detail_tip_tracking.doID
                                JOIN tblmas_customer ON tblmas_customer.idcustomer = tbltrn_do1.idcustomer
                                    WHERE tbltrn_do1.stsdosent = 1 AND day(tblmas_tip_tracking.start_time) =  AND MONTH(tblmas_tip_tracking.start_time) =  AND YEAR(tblmas_tip_tracking.start_time) = 
                                        GROUP BY tblmas_tip_tracking.id ASC', 0)
 2 SYSTEMPATH\Database\BaseConnection.php(693): CodeIgniter\Database\MySQLi\Connection->execute('SELECT tblmas_tip_tracking.*, GROUP_CONCAT(tblmas_detail_tip_tracking.doID) AS donoo,COUNT(tbltrn_do1.dono) AS dono, tblmas_customer.customername AS customer 
                    FROM tblmas_tip_tracking
                        JOIN tblmas_detail_tip_tracking ON tblmas_tip_tracking.id = tblmas_detail_tip_tracking.tipID
                            JOIN tbltrn_do1 ON tbltrn_do1.dono = tblmas_detail_tip_tracking.doID
                                JOIN tblmas_customer ON tblmas_customer.idcustomer = tbltrn_do1.idcustomer
                                    WHERE tbltrn_do1.stsdosent = 1 AND day(tblmas_tip_tracking.start_time) =  AND MONTH(tblmas_tip_tracking.start_time) =  AND YEAR(tblmas_tip_tracking.start_time) = 
                                        GROUP BY tblmas_tip_tracking.id ASC')
 3 SYSTEMPATH\Database\BaseConnection.php(620): CodeIgniter\Database\BaseConnection->simpleQuery('SELECT tblmas_tip_tracking.*, GROUP_CONCAT(tblmas_detail_tip_tracking.doID) AS donoo,COUNT(tbltrn_do1.dono) AS dono, tblmas_customer.customername AS customer 
                    FROM tblmas_tip_tracking
                        JOIN tblmas_detail_tip_tracking ON tblmas_tip_tracking.id = tblmas_detail_tip_tracking.tipID
                            JOIN tbltrn_do1 ON tbltrn_do1.dono = tblmas_detail_tip_tracking.doID
                                JOIN tblmas_customer ON tblmas_customer.idcustomer = tbltrn_do1.idcustomer
                                    WHERE tbltrn_do1.stsdosent = 1 AND day(tblmas_tip_tracking.start_time) =  AND MONTH(tblmas_tip_tracking.start_time) =  AND YEAR(tblmas_tip_tracking.start_time) = 
                                        GROUP BY tblmas_tip_tracking.id ASC')
 4 APPPATH\Models\TipModel.php(38): CodeIgniter\Database\BaseConnection->query('SELECT tblmas_tip_tracking.*, GROUP_CONCAT(tblmas_detail_tip_tracking.doID) AS donoo,COUNT(tbltrn_do1.dono) AS dono, tblmas_customer.customername AS customer 
                    FROM tblmas_tip_tracking
                        JOIN tblmas_detail_tip_tracking ON tblmas_tip_tracking.id = tblmas_detail_tip_tracking.tipID
                            JOIN tbltrn_do1 ON tbltrn_do1.dono = tblmas_detail_tip_tracking.doID
                                JOIN tblmas_customer ON tblmas_customer.idcustomer = tbltrn_do1.idcustomer
                                    WHERE tbltrn_do1.stsdosent = 1 AND day(tblmas_tip_tracking.start_time) =  AND MONTH(tblmas_tip_tracking.start_time) =  AND YEAR(tblmas_tip_tracking.start_time) = 
                                        GROUP BY tblmas_tip_tracking.id ASC')
 5 APPPATH\Controllers\Tip.php(57): App\Models\TipModel->getdataperDateTime(null, null, null)
 6 SYSTEMPATH\CodeIgniter.php(904): App\Controllers\Tip->viewListTipbydatetime()
 7 SYSTEMPATH\CodeIgniter.php(457): CodeIgniter\CodeIgniter->runController(Object(App\Controllers\Tip))
 8 SYSTEMPATH\CodeIgniter.php(340): CodeIgniter\CodeIgniter->handleRequest(null, Object(Config\Cache), false)
 9 FCPATH\index.php(67): CodeIgniter\CodeIgniter->run()
10 SYSTEMPATH\Commands\Server\rewrite.php(43): require_once('FCPATH\\index.php')
CRITICAL - 2023-02-27 19:57:54 --> Undefined offset: 212960
in APPPATH\Models\TipModel.php on line 86.
 1 APPPATH\Models\TipModel.php(86): CodeIgniter\Debug\Exceptions->errorHandler(8, 'Undefined offset: 212960', 'APPPATH\\Models\\TipModel.php', 86, [...])
 2 APPPATH\Controllers\Tip.php(139): App\Models\TipModel->Addtip([...], [...], [...], [...], [...], [...], [...], [...])
 3 SYSTEMPATH\CodeIgniter.php(904): App\Controllers\Tip->addListTip()
 4 SYSTEMPATH\CodeIgniter.php(457): CodeIgniter\CodeIgniter->runController(Object(App\Controllers\Tip))
 5 SYSTEMPATH\CodeIgniter.php(340): CodeIgniter\CodeIgniter->handleRequest(null, Object(Config\Cache), false)
 6 FCPATH\index.php(67): CodeIgniter\CodeIgniter->run()
 7 SYSTEMPATH\Commands\Server\rewrite.php(43): require_once('FCPATH\\index.php')
CRITICAL - 2023-02-27 19:58:54 --> Undefined index: dono
in APPPATH\Models\TipModel.php on line 86.
 1 APPPATH\Models\TipModel.php(86): CodeIgniter\Debug\Exceptions->errorHandler(8, 'Undefined index: dono', 'APPPATH\\Models\\TipModel.php', 86, [...])
 2 APPPATH\Controllers\Tip.php(139): App\Models\TipModel->Addtip([...], [...], [...], [...], [...], [...], [...], [...])
 3 SYSTEMPATH\CodeIgniter.php(904): App\Controllers\Tip->addListTip()
 4 SYSTEMPATH\CodeIgniter.php(457): CodeIgniter\CodeIgniter->runController(Object(App\Controllers\Tip))
 5 SYSTEMPATH\CodeIgniter.php(340): CodeIgniter\CodeIgniter->handleRequest(null, Object(Config\Cache), false)
 6 FCPATH\index.php(67): CodeIgniter\CodeIgniter->run()
 7 SYSTEMPATH\Commands\Server\rewrite.php(43): require_once('FCPATH\\index.php')
CRITICAL - 2023-02-27 19:59:04 --> Illegal string offset 'dono'
in APPPATH\Models\TipModel.php on line 86.
 1 APPPATH\Models\TipModel.php(86): CodeIgniter\Debug\Exceptions->errorHandler(2, 'Illegal string offset \'dono\'', 'APPPATH\\Models\\TipModel.php', 86, [...])
 2 APPPATH\Controllers\Tip.php(139): App\Models\TipModel->Addtip([...], [...], [...], [...], [...], [...], [...], [...])
 3 SYSTEMPATH\CodeIgniter.php(904): App\Controllers\Tip->addListTip()
 4 SYSTEMPATH\CodeIgniter.php(457): CodeIgniter\CodeIgniter->runController(Object(App\Controllers\Tip))
 5 SYSTEMPATH\CodeIgniter.php(340): CodeIgniter\CodeIgniter->handleRequest(null, Object(Config\Cache), false)
 6 FCPATH\index.php(67): CodeIgniter\CodeIgniter->run()
 7 SYSTEMPATH\Commands\Server\rewrite.php(43): require_once('FCPATH\\index.php')
CRITICAL - 2023-02-27 19:59:45 --> Undefined offset: 212960
in APPPATH\Models\TipModel.php on line 86.
 1 APPPATH\Models\TipModel.php(86): CodeIgniter\Debug\Exceptions->errorHandler(8, 'Undefined offset: 212960', 'APPPATH\\Models\\TipModel.php', 86, [...])
 2 APPPATH\Controllers\Tip.php(139): App\Models\TipModel->Addtip([...], [...], [...], [...], [...], [...], [...], [...])
 3 SYSTEMPATH\CodeIgniter.php(904): App\Controllers\Tip->addListTip()
 4 SYSTEMPATH\CodeIgniter.php(457): CodeIgniter\CodeIgniter->runController(Object(App\Controllers\Tip))
 5 SYSTEMPATH\CodeIgniter.php(340): CodeIgniter\CodeIgniter->handleRequest(null, Object(Config\Cache), false)
 6 FCPATH\index.php(67): CodeIgniter\CodeIgniter->run()
 7 SYSTEMPATH\Commands\Server\rewrite.php(43): require_once('FCPATH\\index.php')
CRITICAL - 2023-02-27 20:01:00 --> Undefined index: doID
in APPPATH\Models\TipModel.php on line 88.
 1 APPPATH\Models\TipModel.php(88): CodeIgniter\Debug\Exceptions->errorHandler(8, 'Undefined index: doID', 'APPPATH\\Models\\TipModel.php', 88, [...])
 2 APPPATH\Controllers\Tip.php(139): App\Models\TipModel->Addtip([...], [...], [...], [...], [...], [...], [...], [...])
 3 SYSTEMPATH\CodeIgniter.php(904): App\Controllers\Tip->addListTip()
 4 SYSTEMPATH\CodeIgniter.php(457): CodeIgniter\CodeIgniter->runController(Object(App\Controllers\Tip))
 5 SYSTEMPATH\CodeIgniter.php(340): CodeIgniter\CodeIgniter->handleRequest(null, Object(Config\Cache), false)
 6 FCPATH\index.php(67): CodeIgniter\CodeIgniter->run()
 7 SYSTEMPATH\Commands\Server\rewrite.php(43): require_once('FCPATH\\index.php')
CRITICAL - 2023-02-27 20:11:27 --> Trying to access array offset on value of type int
in APPPATH\Models\TipModel.php on line 85.
 1 APPPATH\Models\TipModel.php(85): CodeIgniter\Debug\Exceptions->errorHandler(8, 'Trying to access array offset on value of type int', 'APPPATH\\Models\\TipModel.php', 85, [...])
 2 APPPATH\Controllers\Tip.php(139): App\Models\TipModel->Addtip([...], [...], [...], [...], [...], [...], [...], [...])
 3 SYSTEMPATH\CodeIgniter.php(904): App\Controllers\Tip->addListTip()
 4 SYSTEMPATH\CodeIgniter.php(457): CodeIgniter\CodeIgniter->runController(Object(App\Controllers\Tip))
 5 SYSTEMPATH\CodeIgniter.php(340): CodeIgniter\CodeIgniter->handleRequest(null, Object(Config\Cache), false)
 6 FCPATH\index.php(67): CodeIgniter\CodeIgniter->run()
 7 SYSTEMPATH\Commands\Server\rewrite.php(43): require_once('FCPATH\\index.php')
CRITICAL - 2023-02-27 20:15:47 --> Array to string conversion
in SYSTEMPATH\Database\BaseBuilder.php on line 1842.
 1 [internal function]: CodeIgniter\Debug\Exceptions->errorHandler(8, 'Array to string conversion', 'SYSTEMPATH\\Database\\BaseBuilder.php', 1842, [...])
 2 SYSTEMPATH\Database\BaseBuilder.php(1842): implode(',', [...])
 3 SYSTEMPATH\Database\BaseBuilder.php(1770): CodeIgniter\Database\BaseBuilder->setInsertBatch([...], 'ROOTPATH\\public', true)
 4 APPPATH\Models\TipModel.php(92): CodeIgniter\Database\BaseBuilder->insertBatch([...])
 5 APPPATH\Controllers\Tip.php(139): App\Models\TipModel->Addtip([...], [...], [...], [...], [...], [...], [...], [...])
 6 SYSTEMPATH\CodeIgniter.php(904): App\Controllers\Tip->addListTip()
 7 SYSTEMPATH\CodeIgniter.php(457): CodeIgniter\CodeIgniter->runController(Object(App\Controllers\Tip))
 8 SYSTEMPATH\CodeIgniter.php(340): CodeIgniter\CodeIgniter->handleRequest(null, Object(Config\Cache), false)
 9 FCPATH\index.php(67): CodeIgniter\CodeIgniter->run()
10 SYSTEMPATH\Commands\Server\rewrite.php(43): require_once('FCPATH\\index.php')
CRITICAL - 2023-02-27 20:18:21 --> Undefined index: dono
in APPPATH\Models\TipModel.php on line 86.
 1 APPPATH\Models\TipModel.php(86): CodeIgniter\Debug\Exceptions->errorHandler(8, 'Undefined index: dono', 'APPPATH\\Models\\TipModel.php', 86, [...])
 2 APPPATH\Controllers\Tip.php(139): App\Models\TipModel->Addtip([...], [...], [...], [...], [...], [...], [...], [...])
 3 SYSTEMPATH\CodeIgniter.php(904): App\Controllers\Tip->addListTip()
 4 SYSTEMPATH\CodeIgniter.php(457): CodeIgniter\CodeIgniter->runController(Object(App\Controllers\Tip))
 5 SYSTEMPATH\CodeIgniter.php(340): CodeIgniter\CodeIgniter->handleRequest(null, Object(Config\Cache), false)
 6 FCPATH\index.php(67): CodeIgniter\CodeIgniter->run()
 7 SYSTEMPATH\Commands\Server\rewrite.php(43): require_once('FCPATH\\index.php')
CRITICAL - 2023-02-27 20:30:24 --> array_keys() expects parameter 1 to be array, int given
in SYSTEMPATH\Database\BaseBuilder.php on line 1820.
 1 [internal function]: CodeIgniter\Debug\Exceptions->errorHandler(2, 'array_keys() expects parameter 1 to be array, int given', 'SYSTEMPATH\\Database\\BaseBuilder.php', 1820, [...])
 2 SYSTEMPATH\Database\BaseBuilder.php(1820): array_keys(337)
 3 SYSTEMPATH\Database\BaseBuilder.php(1770): CodeIgniter\Database\BaseBuilder->setInsertBatch([...], 'ROOTPATH\\public', true)
 4 APPPATH\Models\TipModel.php(91): CodeIgniter\Database\BaseBuilder->insertBatch([...])
 5 APPPATH\Controllers\Tip.php(139): App\Models\TipModel->Addtip([...], [...], [...], [...], [...], [...], [...], [...])
 6 SYSTEMPATH\CodeIgniter.php(904): App\Controllers\Tip->addListTip()
 7 SYSTEMPATH\CodeIgniter.php(457): CodeIgniter\CodeIgniter->runController(Object(App\Controllers\Tip))
 8 SYSTEMPATH\CodeIgniter.php(340): CodeIgniter\CodeIgniter->handleRequest(null, Object(Config\Cache), false)
 9 FCPATH\index.php(67): CodeIgniter\CodeIgniter->run()
10 SYSTEMPATH\Commands\Server\rewrite.php(43): require_once('FCPATH\\index.php')
CRITICAL - 2023-02-27 20:31:25 --> array_keys() expects parameter 1 to be array, int given
in SYSTEMPATH\Database\BaseBuilder.php on line 1820.
 1 [internal function]: CodeIgniter\Debug\Exceptions->errorHandler(2, 'array_keys() expects parameter 1 to be array, int given', 'SYSTEMPATH\\Database\\BaseBuilder.php', 1820, [...])
 2 SYSTEMPATH\Database\BaseBuilder.php(1820): array_keys(338)
 3 SYSTEMPATH\Database\BaseBuilder.php(1770): CodeIgniter\Database\BaseBuilder->setInsertBatch([...], 'ROOTPATH\\public', true)
 4 APPPATH\Models\TipModel.php(92): CodeIgniter\Database\BaseBuilder->insertBatch([...])
 5 APPPATH\Controllers\Tip.php(139): App\Models\TipModel->Addtip([...], [...], [...], [...], [...], [...], [...], [...])
 6 SYSTEMPATH\CodeIgniter.php(904): App\Controllers\Tip->addListTip()
 7 SYSTEMPATH\CodeIgniter.php(457): CodeIgniter\CodeIgniter->runController(Object(App\Controllers\Tip))
 8 SYSTEMPATH\CodeIgniter.php(340): CodeIgniter\CodeIgniter->handleRequest(null, Object(Config\Cache), false)
 9 FCPATH\index.php(67): CodeIgniter\CodeIgniter->run()
10 SYSTEMPATH\Commands\Server\rewrite.php(43): require_once('FCPATH\\index.php')
CRITICAL - 2023-02-27 20:35:39 --> Invalid argument supplied for foreach()
in APPPATH\Models\TipModel.php on line 82.
 1 APPPATH\Models\TipModel.php(82): CodeIgniter\Debug\Exceptions->errorHandler(2, 'Invalid argument supplied for foreach()', 'APPPATH\\Models\\TipModel.php', 82, [...])
 2 APPPATH\Controllers\Tip.php(139): App\Models\TipModel->Addtip([...], [...], [...], [...], [...], [...], [...], null)
 3 SYSTEMPATH\CodeIgniter.php(904): App\Controllers\Tip->addListTip()
 4 SYSTEMPATH\CodeIgniter.php(457): CodeIgniter\CodeIgniter->runController(Object(App\Controllers\Tip))
 5 SYSTEMPATH\CodeIgniter.php(340): CodeIgniter\CodeIgniter->handleRequest(null, Object(Config\Cache), false)
 6 FCPATH\index.php(67): CodeIgniter\CodeIgniter->run()
 7 SYSTEMPATH\Commands\Server\rewrite.php(43): require_once('FCPATH\\index.php')
CRITICAL - 2023-02-27 20:44:07 --> Invalid argument supplied for foreach()
in APPPATH\Models\TipModel.php on line 83.
 1 APPPATH\Models\TipModel.php(83): CodeIgniter\Debug\Exceptions->errorHandler(2, 'Invalid argument supplied for foreach()', 'APPPATH\\Models\\TipModel.php', 83, [...])
 2 APPPATH\Controllers\Tip.php(139): App\Models\TipModel->Addtip([...], [...], [...], [...], [...], [...], [...], null)
 3 SYSTEMPATH\CodeIgniter.php(904): App\Controllers\Tip->addListTip()
 4 SYSTEMPATH\CodeIgniter.php(457): CodeIgniter\CodeIgniter->runController(Object(App\Controllers\Tip))
 5 SYSTEMPATH\CodeIgniter.php(340): CodeIgniter\CodeIgniter->handleRequest(null, Object(Config\Cache), false)
 6 FCPATH\index.php(67): CodeIgniter\CodeIgniter->run()
 7 SYSTEMPATH\Commands\Server\rewrite.php(43): require_once('FCPATH\\index.php')
