ERROR - 2023-02-24 00:41:46 --> mysqli_sql_exception: Unknown column 'tblmas_detail_tip_tracking.tipID' in 'where clause' in C:\xampp\htdocs\tracking\system\Database\MySQLi\Connection.php:292
Stack trace:
#0 C:\xampp\htdocs\tracking\system\Database\MySQLi\Connection.php(292): mysqli->query('DELETE FROM `tb...', 0)
#1 C:\xampp\htdocs\tracking\system\Database\BaseConnection.php(693): CodeIgniter\Database\MySQLi\Connection->execute('DELETE FROM `tb...')
#2 C:\xampp\htdocs\tracking\system\Database\BaseConnection.php(620): CodeIgniter\Database\BaseConnection->simpleQuery('DELETE FROM `tb...')
#3 C:\xampp\htdocs\tracking\system\Database\BaseBuilder.php(2390): CodeIgniter\Database\BaseConnection->query('DELETE FROM `tb...', Array, false)
#4 C:\xampp\htdocs\tracking\app\Models\TipModel.php(211): CodeIgniter\Database\BaseBuilder->delete(Array)
#5 C:\xampp\htdocs\tracking\app\Controllers\Tip.php(147): App\Models\TipModel->Deletetip(Array)
#6 C:\xampp\htdocs\tracking\system\CodeIgniter.php(904): App\Controllers\Tip->deleteListTip()
#7 C:\xampp\htdocs\tracking\system\CodeIgniter.php(457): CodeIgniter\CodeIgniter->runController(Object(App\Controllers\Tip))
#8 C:\xampp\htdocs\tracking\system\CodeIgniter.php(340): CodeIgniter\CodeIgniter->handleRequest(NULL, Object(Config\Cache), false)
#9 C:\xampp\htdocs\tracking\public\index.php(67): CodeIgniter\CodeIgniter->run()
#10 C:\xampp\htdocs\tracking\system\Commands\Server\rewrite.php(43): require_once('C:\\xampp\\htdocs...')
#11 {main}
CRITICAL - 2023-02-24 00:41:46 --> Unknown column 'tblmas_detail_tip_tracking.tipID' in 'where clause'
in SYSTEMPATH\Database\MySQLi\Connection.php on line 292.
 1 SYSTEMPATH\Database\MySQLi\Connection.php(292): mysqli->query('DELETE FROM `tblmas_tip_tracking`
WHERE `tblmas_tip_tracking`.`id` = \'231\'
OR `tblmas_detail_tip_tracking`.`tipID` = \'231\'
AND `id` = \'231\'', 0)
 2 SYSTEMPATH\Database\BaseConnection.php(693): CodeIgniter\Database\MySQLi\Connection->execute('DELETE FROM `tblmas_tip_tracking`
WHERE `tblmas_tip_tracking`.`id` = \'231\'
OR `tblmas_detail_tip_tracking`.`tipID` = \'231\'
AND `id` = \'231\'')
 3 SYSTEMPATH\Database\BaseConnection.php(620): CodeIgniter\Database\BaseConnection->simpleQuery('DELETE FROM `tblmas_tip_tracking`
WHERE `tblmas_tip_tracking`.`id` = \'231\'
OR `tblmas_detail_tip_tracking`.`tipID` = \'231\'
AND `id` = \'231\'')
 4 SYSTEMPATH\Database\BaseBuilder.php(2390): CodeIgniter\Database\BaseConnection->query('DELETE FROM `tblmas_tip_tracking`
WHERE `tblmas_tip_tracking`.`id` = :tblmas_tip_tracking.id:
OR `tblmas_detail_tip_tracking`.`tipID` = :tblmas_detail_tip_tracking.tipID:
AND `id` = :id:', [...], false)
 5 APPPATH\Models\TipModel.php(211): CodeIgniter\Database\BaseBuilder->delete([...])
 6 APPPATH\Controllers\Tip.php(147): App\Models\TipModel->Deletetip([...])
 7 SYSTEMPATH\CodeIgniter.php(904): App\Controllers\Tip->deleteListTip()
 8 SYSTEMPATH\CodeIgniter.php(457): CodeIgniter\CodeIgniter->runController(Object(App\Controllers\Tip))
 9 SYSTEMPATH\CodeIgniter.php(340): CodeIgniter\CodeIgniter->handleRequest(null, Object(Config\Cache), false)
10 FCPATH\index.php(67): CodeIgniter\CodeIgniter->run()
11 SYSTEMPATH\Commands\Server\rewrite.php(43): require_once('FCPATH\\index.php')
ERROR - 2023-02-24 00:43:25 --> mysqli_sql_exception: Unknown column 'tblmas_detail_tip_tracking.tipID' in 'where clause' in C:\xampp\htdocs\tracking\system\Database\MySQLi\Connection.php:292
Stack trace:
#0 C:\xampp\htdocs\tracking\system\Database\MySQLi\Connection.php(292): mysqli->query('DELETE FROM `tb...', 0)
#1 C:\xampp\htdocs\tracking\system\Database\BaseConnection.php(693): CodeIgniter\Database\MySQLi\Connection->execute('DELETE FROM `tb...')
#2 C:\xampp\htdocs\tracking\system\Database\BaseConnection.php(620): CodeIgniter\Database\BaseConnection->simpleQuery('DELETE FROM `tb...')
#3 C:\xampp\htdocs\tracking\system\Database\BaseBuilder.php(2390): CodeIgniter\Database\BaseConnection->query('DELETE FROM `tb...', Array, false)
#4 C:\xampp\htdocs\tracking\app\Models\TipModel.php(211): CodeIgniter\Database\BaseBuilder->delete(Array)
#5 C:\xampp\htdocs\tracking\app\Controllers\Tip.php(147): App\Models\TipModel->Deletetip(Array)
#6 C:\xampp\htdocs\tracking\system\CodeIgniter.php(904): App\Controllers\Tip->deleteListTip()
#7 C:\xampp\htdocs\tracking\system\CodeIgniter.php(457): CodeIgniter\CodeIgniter->runController(Object(App\Controllers\Tip))
#8 C:\xampp\htdocs\tracking\system\CodeIgniter.php(340): CodeIgniter\CodeIgniter->handleRequest(NULL, Object(Config\Cache), false)
#9 C:\xampp\htdocs\tracking\public\index.php(67): CodeIgniter\CodeIgniter->run()
#10 C:\xampp\htdocs\tracking\system\Commands\Server\rewrite.php(43): require_once('C:\\xampp\\htdocs...')
#11 {main}
CRITICAL - 2023-02-24 00:43:25 --> Unknown column 'tblmas_detail_tip_tracking.tipID' in 'where clause'
in SYSTEMPATH\Database\MySQLi\Connection.php on line 292.
 1 SYSTEMPATH\Database\MySQLi\Connection.php(292): mysqli->query('DELETE FROM `tblmas_tip_tracking`
WHERE `tblmas_tip_tracking`.`id` = \'231\'
OR `tblmas_detail_tip_tracking`.`tipID` = \'231\'
AND `id` = \'231\'', 0)
 2 SYSTEMPATH\Database\BaseConnection.php(693): CodeIgniter\Database\MySQLi\Connection->execute('DELETE FROM `tblmas_tip_tracking`
WHERE `tblmas_tip_tracking`.`id` = \'231\'
OR `tblmas_detail_tip_tracking`.`tipID` = \'231\'
AND `id` = \'231\'')
 3 SYSTEMPATH\Database\BaseConnection.php(620): CodeIgniter\Database\BaseConnection->simpleQuery('DELETE FROM `tblmas_tip_tracking`
WHERE `tblmas_tip_tracking`.`id` = \'231\'
OR `tblmas_detail_tip_tracking`.`tipID` = \'231\'
AND `id` = \'231\'')
 4 SYSTEMPATH\Database\BaseBuilder.php(2390): CodeIgniter\Database\BaseConnection->query('DELETE FROM `tblmas_tip_tracking`
WHERE `tblmas_tip_tracking`.`id` = :tblmas_tip_tracking.id:
OR `tblmas_detail_tip_tracking`.`tipID` = :tblmas_detail_tip_tracking.tipID:
AND `id` = :id:', [...], false)
 5 APPPATH\Models\TipModel.php(211): CodeIgniter\Database\BaseBuilder->delete([...])
 6 APPPATH\Controllers\Tip.php(147): App\Models\TipModel->Deletetip([...])
 7 SYSTEMPATH\CodeIgniter.php(904): App\Controllers\Tip->deleteListTip()
 8 SYSTEMPATH\CodeIgniter.php(457): CodeIgniter\CodeIgniter->runController(Object(App\Controllers\Tip))
 9 SYSTEMPATH\CodeIgniter.php(340): CodeIgniter\CodeIgniter->handleRequest(null, Object(Config\Cache), false)
10 FCPATH\index.php(67): CodeIgniter\CodeIgniter->run()
11 SYSTEMPATH\Commands\Server\rewrite.php(43): require_once('FCPATH\\index.php')
ERROR - 2023-02-24 00:43:56 --> mysqli_sql_exception: Unknown column 'tblmas_detail_tip_tracking.tipID' in 'where clause' in C:\xampp\htdocs\tracking\system\Database\MySQLi\Connection.php:292
Stack trace:
#0 C:\xampp\htdocs\tracking\system\Database\MySQLi\Connection.php(292): mysqli->query('DELETE FROM `tb...', 0)
#1 C:\xampp\htdocs\tracking\system\Database\BaseConnection.php(693): CodeIgniter\Database\MySQLi\Connection->execute('DELETE FROM `tb...')
#2 C:\xampp\htdocs\tracking\system\Database\BaseConnection.php(620): CodeIgniter\Database\BaseConnection->simpleQuery('DELETE FROM `tb...')
#3 C:\xampp\htdocs\tracking\system\Database\BaseBuilder.php(2390): CodeIgniter\Database\BaseConnection->query('DELETE FROM `tb...', Array, false)
#4 C:\xampp\htdocs\tracking\app\Models\TipModel.php(211): CodeIgniter\Database\BaseBuilder->delete(Array)
#5 C:\xampp\htdocs\tracking\app\Controllers\Tip.php(147): App\Models\TipModel->Deletetip(Array)
#6 C:\xampp\htdocs\tracking\system\CodeIgniter.php(904): App\Controllers\Tip->deleteListTip()
#7 C:\xampp\htdocs\tracking\system\CodeIgniter.php(457): CodeIgniter\CodeIgniter->runController(Object(App\Controllers\Tip))
#8 C:\xampp\htdocs\tracking\system\CodeIgniter.php(340): CodeIgniter\CodeIgniter->handleRequest(NULL, Object(Config\Cache), false)
#9 C:\xampp\htdocs\tracking\public\index.php(67): CodeIgniter\CodeIgniter->run()
#10 C:\xampp\htdocs\tracking\system\Commands\Server\rewrite.php(43): require_once('C:\\xampp\\htdocs...')
#11 {main}
CRITICAL - 2023-02-24 00:43:56 --> Unknown column 'tblmas_detail_tip_tracking.tipID' in 'where clause'
in SYSTEMPATH\Database\MySQLi\Connection.php on line 292.
 1 SYSTEMPATH\Database\MySQLi\Connection.php(292): mysqli->query('DELETE FROM `tblmas_tip_tracking`
WHERE `tblmas_tip_tracking`.`id` = \'231\'
AND `tblmas_detail_tip_tracking`.`tipID` = \'231\'
AND `id` = \'231\'', 0)
 2 SYSTEMPATH\Database\BaseConnection.php(693): CodeIgniter\Database\MySQLi\Connection->execute('DELETE FROM `tblmas_tip_tracking`
WHERE `tblmas_tip_tracking`.`id` = \'231\'
AND `tblmas_detail_tip_tracking`.`tipID` = \'231\'
AND `id` = \'231\'')
 3 SYSTEMPATH\Database\BaseConnection.php(620): CodeIgniter\Database\BaseConnection->simpleQuery('DELETE FROM `tblmas_tip_tracking`
WHERE `tblmas_tip_tracking`.`id` = \'231\'
AND `tblmas_detail_tip_tracking`.`tipID` = \'231\'
AND `id` = \'231\'')
 4 SYSTEMPATH\Database\BaseBuilder.php(2390): CodeIgniter\Database\BaseConnection->query('DELETE FROM `tblmas_tip_tracking`
WHERE `tblmas_tip_tracking`.`id` = :tblmas_tip_tracking.id:
AND `tblmas_detail_tip_tracking`.`tipID` = :tblmas_detail_tip_tracking.tipID:
AND `id` = :id:', [...], false)
 5 APPPATH\Models\TipModel.php(211): CodeIgniter\Database\BaseBuilder->delete([...])
 6 APPPATH\Controllers\Tip.php(147): App\Models\TipModel->Deletetip([...])
 7 SYSTEMPATH\CodeIgniter.php(904): App\Controllers\Tip->deleteListTip()
 8 SYSTEMPATH\CodeIgniter.php(457): CodeIgniter\CodeIgniter->runController(Object(App\Controllers\Tip))
 9 SYSTEMPATH\CodeIgniter.php(340): CodeIgniter\CodeIgniter->handleRequest(null, Object(Config\Cache), false)
10 FCPATH\index.php(67): CodeIgniter\CodeIgniter->run()
11 SYSTEMPATH\Commands\Server\rewrite.php(43): require_once('FCPATH\\index.php')
ERROR - 2023-02-24 00:44:47 --> mysqli_sql_exception: Unknown column 'tblmas_detail_tip_tracking.tipID' in 'where clause' in C:\xampp\htdocs\tracking\system\Database\MySQLi\Connection.php:292
Stack trace:
#0 C:\xampp\htdocs\tracking\system\Database\MySQLi\Connection.php(292): mysqli->query('DELETE FROM `tb...', 0)
#1 C:\xampp\htdocs\tracking\system\Database\BaseConnection.php(693): CodeIgniter\Database\MySQLi\Connection->execute('DELETE FROM `tb...')
#2 C:\xampp\htdocs\tracking\system\Database\BaseConnection.php(620): CodeIgniter\Database\BaseConnection->simpleQuery('DELETE FROM `tb...')
#3 C:\xampp\htdocs\tracking\system\Database\BaseBuilder.php(2390): CodeIgniter\Database\BaseConnection->query('DELETE FROM `tb...', Array, false)
#4 C:\xampp\htdocs\tracking\app\Models\TipModel.php(211): CodeIgniter\Database\BaseBuilder->delete(Array)
#5 C:\xampp\htdocs\tracking\app\Controllers\Tip.php(147): App\Models\TipModel->Deletetip(Array)
#6 C:\xampp\htdocs\tracking\system\CodeIgniter.php(904): App\Controllers\Tip->deleteListTip()
#7 C:\xampp\htdocs\tracking\system\CodeIgniter.php(457): CodeIgniter\CodeIgniter->runController(Object(App\Controllers\Tip))
#8 C:\xampp\htdocs\tracking\system\CodeIgniter.php(340): CodeIgniter\CodeIgniter->handleRequest(NULL, Object(Config\Cache), false)
#9 C:\xampp\htdocs\tracking\public\index.php(67): CodeIgniter\CodeIgniter->run()
#10 C:\xampp\htdocs\tracking\system\Commands\Server\rewrite.php(43): require_once('C:\\xampp\\htdocs...')
#11 {main}
CRITICAL - 2023-02-24 00:44:47 --> Unknown column 'tblmas_detail_tip_tracking.tipID' in 'where clause'
in SYSTEMPATH\Database\MySQLi\Connection.php on line 292.
 1 SYSTEMPATH\Database\MySQLi\Connection.php(292): mysqli->query('DELETE FROM `tblmas_tip_tracking`
WHERE `tblmas_tip_tracking`.`id` = \'231\'
OR `tblmas_detail_tip_tracking`.`tipID` = \'231\'
AND `id` = \'231\'', 0)
 2 SYSTEMPATH\Database\BaseConnection.php(693): CodeIgniter\Database\MySQLi\Connection->execute('DELETE FROM `tblmas_tip_tracking`
WHERE `tblmas_tip_tracking`.`id` = \'231\'
OR `tblmas_detail_tip_tracking`.`tipID` = \'231\'
AND `id` = \'231\'')
 3 SYSTEMPATH\Database\BaseConnection.php(620): CodeIgniter\Database\BaseConnection->simpleQuery('DELETE FROM `tblmas_tip_tracking`
WHERE `tblmas_tip_tracking`.`id` = \'231\'
OR `tblmas_detail_tip_tracking`.`tipID` = \'231\'
AND `id` = \'231\'')
 4 SYSTEMPATH\Database\BaseBuilder.php(2390): CodeIgniter\Database\BaseConnection->query('DELETE FROM `tblmas_tip_tracking`
WHERE `tblmas_tip_tracking`.`id` = :tblmas_tip_tracking.id:
OR `tblmas_detail_tip_tracking`.`tipID` = :tblmas_detail_tip_tracking.tipID:
AND `id` = :id:', [...], false)
 5 APPPATH\Models\TipModel.php(211): CodeIgniter\Database\BaseBuilder->delete([...])
 6 APPPATH\Controllers\Tip.php(147): App\Models\TipModel->Deletetip([...])
 7 SYSTEMPATH\CodeIgniter.php(904): App\Controllers\Tip->deleteListTip()
 8 SYSTEMPATH\CodeIgniter.php(457): CodeIgniter\CodeIgniter->runController(Object(App\Controllers\Tip))
 9 SYSTEMPATH\CodeIgniter.php(340): CodeIgniter\CodeIgniter->handleRequest(null, Object(Config\Cache), false)
10 FCPATH\index.php(67): CodeIgniter\CodeIgniter->run()
11 SYSTEMPATH\Commands\Server\rewrite.php(43): require_once('FCPATH\\index.php')
CRITICAL - 2023-02-24 02:29:18 --> Undefined variable: tip_id
in APPPATH\Models\TipModel.php on line 87.
 1 APPPATH\Models\TipModel.php(87): CodeIgniter\Debug\Exceptions->errorHandler(8, 'Undefined variable: tip_id', 'APPPATH\\Models\\TipModel.php', 87, [...])
 2 APPPATH\Controllers\Tip.php(120): App\Models\TipModel->Addtip([...], [...], [...], [...], [...], [...], [...], [...])
 3 SYSTEMPATH\CodeIgniter.php(904): App\Controllers\Tip->addListTip()
 4 SYSTEMPATH\CodeIgniter.php(457): CodeIgniter\CodeIgniter->runController(Object(App\Controllers\Tip))
 5 SYSTEMPATH\CodeIgniter.php(340): CodeIgniter\CodeIgniter->handleRequest(null, Object(Config\Cache), false)
 6 FCPATH\index.php(67): CodeIgniter\CodeIgniter->run()
 7 SYSTEMPATH\Commands\Server\rewrite.php(43): require_once('FCPATH\\index.php')
ERROR - 2023-02-24 02:49:08 --> mysqli_sql_exception: You have an error in your SQL syntax; check the manual that corresponds to your MariaDB server version for the right syntax to use near '1) VALUES (:1:)' at line 1 in C:\xampp\htdocs\tracking\system\Database\MySQLi\Connection.php:292
Stack trace:
#0 C:\xampp\htdocs\tracking\system\Database\MySQLi\Connection.php(292): mysqli->query('INSERT INTO `tb...', 0)
#1 C:\xampp\htdocs\tracking\system\Database\BaseConnection.php(693): CodeIgniter\Database\MySQLi\Connection->execute('INSERT INTO `tb...')
#2 C:\xampp\htdocs\tracking\system\Database\BaseConnection.php(620): CodeIgniter\Database\BaseConnection->simpleQuery('INSERT INTO `tb...')
#3 C:\xampp\htdocs\tracking\system\Database\BaseBuilder.php(1916): CodeIgniter\Database\BaseConnection->query('INSERT INTO `tb...', Array, false)
#4 C:\xampp\htdocs\tracking\app\Models\TipModel.php(78): CodeIgniter\Database\BaseBuilder->insert('1')
#5 C:\xampp\htdocs\tracking\app\Controllers\Tip.php(139): App\Models\TipModel->Addtip(Array, Array, Array, Array, Array, Array, Array, Array)
#6 C:\xampp\htdocs\tracking\system\CodeIgniter.php(904): App\Controllers\Tip->addListTip()
#7 C:\xampp\htdocs\tracking\system\CodeIgniter.php(457): CodeIgniter\CodeIgniter->runController(Object(App\Controllers\Tip))
#8 C:\xampp\htdocs\tracking\system\CodeIgniter.php(340): CodeIgniter\CodeIgniter->handleRequest(NULL, Object(Config\Cache), false)
#9 C:\xampp\htdocs\tracking\public\index.php(67): CodeIgniter\CodeIgniter->run()
#10 C:\xampp\htdocs\tracking\system\Commands\Server\rewrite.php(43): require_once('C:\\xampp\\htdocs...')
#11 {main}
CRITICAL - 2023-02-24 02:49:08 --> You have an error in your SQL syntax; check the manual that corresponds to your MariaDB server version for the right syntax to use near '1) VALUES (:1:)' at line 1
in SYSTEMPATH\Database\MySQLi\Connection.php on line 292.
 1 SYSTEMPATH\Database\MySQLi\Connection.php(292): mysqli->query('INSERT INTO `tblmas_tip_tracking` (1) VALUES (:1:)', 0)
 2 SYSTEMPATH\Database\BaseConnection.php(693): CodeIgniter\Database\MySQLi\Connection->execute('INSERT INTO `tblmas_tip_tracking` (1) VALUES (:1:)')
 3 SYSTEMPATH\Database\BaseConnection.php(620): CodeIgniter\Database\BaseConnection->simpleQuery('INSERT INTO `tblmas_tip_tracking` (1) VALUES (:1:)')
 4 SYSTEMPATH\Database\BaseBuilder.php(1916): CodeIgniter\Database\BaseConnection->query('INSERT INTO `tblmas_tip_tracking` (1) VALUES (:1:)', [...], false)
 5 APPPATH\Models\TipModel.php(78): CodeIgniter\Database\BaseBuilder->insert('1')
 6 APPPATH\Controllers\Tip.php(139): App\Models\TipModel->Addtip([...], [...], [...], [...], [...], [...], [...], [...])
 7 SYSTEMPATH\CodeIgniter.php(904): App\Controllers\Tip->addListTip()
 8 SYSTEMPATH\CodeIgniter.php(457): CodeIgniter\CodeIgniter->runController(Object(App\Controllers\Tip))
 9 SYSTEMPATH\CodeIgniter.php(340): CodeIgniter\CodeIgniter->handleRequest(null, Object(Config\Cache), false)
10 FCPATH\index.php(67): CodeIgniter\CodeIgniter->run()
11 SYSTEMPATH\Commands\Server\rewrite.php(43): require_once('FCPATH\\index.php')
CRITICAL - 2023-02-24 02:56:07 --> Undefined variable: colorB
in APPPATH\Views\Tip_tracking\list_tip_by_date_time.php on line 62.
 1 APPPATH\Views\Tip_tracking\list_tip_by_date_time.php(62): CodeIgniter\Debug\Exceptions->errorHandler(8, 'Undefined variable: colorB', 'APPPATH\\Views\\Tip_tracking\\list_tip_by_date_time.php', 62, [...])
 2 SYSTEMPATH\View\View.php(213): include('APPPATH\\Views\\Tip_tracking\\list_tip_by_date_time.php')
 3 SYSTEMPATH\View\View.php(216): CodeIgniter\View\View->CodeIgniter\View\{closure}()
 4 SYSTEMPATH\Common.php(1137): CodeIgniter\View\View->render('Tip_tracking/list_tip_by_date_time', [], true)
 5 APPPATH\Controllers\Tip.php(59): view('Tip_tracking/list_tip_by_date_time', [...])
 6 SYSTEMPATH\CodeIgniter.php(904): App\Controllers\Tip->viewListTipbydatetime()
 7 SYSTEMPATH\CodeIgniter.php(457): CodeIgniter\CodeIgniter->runController(Object(App\Controllers\Tip))
 8 SYSTEMPATH\CodeIgniter.php(340): CodeIgniter\CodeIgniter->handleRequest(null, Object(Config\Cache), false)
 9 FCPATH\index.php(67): CodeIgniter\CodeIgniter->run()
10 SYSTEMPATH\Commands\Server\rewrite.php(43): require_once('FCPATH\\index.php')
CRITICAL - 2023-02-24 02:56:17 --> Undefined variable: colorB
in APPPATH\Views\Tip_tracking\list_tip_by_date_time.php on line 62.
 1 APPPATH\Views\Tip_tracking\list_tip_by_date_time.php(62): CodeIgniter\Debug\Exceptions->errorHandler(8, 'Undefined variable: colorB', 'APPPATH\\Views\\Tip_tracking\\list_tip_by_date_time.php', 62, [...])
 2 SYSTEMPATH\View\View.php(213): include('APPPATH\\Views\\Tip_tracking\\list_tip_by_date_time.php')
 3 SYSTEMPATH\View\View.php(216): CodeIgniter\View\View->CodeIgniter\View\{closure}()
 4 SYSTEMPATH\Common.php(1137): CodeIgniter\View\View->render('Tip_tracking/list_tip_by_date_time', [], true)
 5 APPPATH\Controllers\Tip.php(59): view('Tip_tracking/list_tip_by_date_time', [...])
 6 SYSTEMPATH\CodeIgniter.php(904): App\Controllers\Tip->viewListTipbydatetime()
 7 SYSTEMPATH\CodeIgniter.php(457): CodeIgniter\CodeIgniter->runController(Object(App\Controllers\Tip))
 8 SYSTEMPATH\CodeIgniter.php(340): CodeIgniter\CodeIgniter->handleRequest(null, Object(Config\Cache), false)
 9 FCPATH\index.php(67): CodeIgniter\CodeIgniter->run()
10 SYSTEMPATH\Commands\Server\rewrite.php(43): require_once('FCPATH\\index.php')
CRITICAL - 2023-02-24 03:39:29 --> Invalid argument supplied for foreach()
in APPPATH\Models\TipModel.php on line 83.
 1 APPPATH\Models\TipModel.php(83): CodeIgniter\Debug\Exceptions->errorHandler(2, 'Invalid argument supplied for foreach()', 'APPPATH\\Models\\TipModel.php', 83, [...])
 2 APPPATH\Controllers\Tip.php(139): App\Models\TipModel->Addtip([...], [...], [...], [...], [...], [...], [...], null)
 3 SYSTEMPATH\CodeIgniter.php(904): App\Controllers\Tip->addListTip()
 4 SYSTEMPATH\CodeIgniter.php(457): CodeIgniter\CodeIgniter->runController(Object(App\Controllers\Tip))
 5 SYSTEMPATH\CodeIgniter.php(340): CodeIgniter\CodeIgniter->handleRequest(null, Object(Config\Cache), false)
 6 FCPATH\index.php(67): CodeIgniter\CodeIgniter->run()
 7 SYSTEMPATH\Commands\Server\rewrite.php(43): require_once('FCPATH\\index.php')
CRITICAL - 2023-02-24 03:39:55 --> Uninitialized string offset: 303
in APPPATH\Models\TipModel.php on line 86.
 1 APPPATH\Models\TipModel.php(86): CodeIgniter\Debug\Exceptions->errorHandler(8, 'Uninitialized string offset: 303', 'APPPATH\\Models\\TipModel.php', 86, [...])
 2 APPPATH\Controllers\Tip.php(139): App\Models\TipModel->Addtip([...], [...], [...], [...], [...], [...], [...], [...])
 3 SYSTEMPATH\CodeIgniter.php(904): App\Controllers\Tip->addListTip()
 4 SYSTEMPATH\CodeIgniter.php(457): CodeIgniter\CodeIgniter->runController(Object(App\Controllers\Tip))
 5 SYSTEMPATH\CodeIgniter.php(340): CodeIgniter\CodeIgniter->handleRequest(null, Object(Config\Cache), false)
 6 FCPATH\index.php(67): CodeIgniter\CodeIgniter->run()
 7 SYSTEMPATH\Commands\Server\rewrite.php(43): require_once('FCPATH\\index.php')
CRITICAL - 2023-02-24 03:40:05 --> Undefined index: doID
in APPPATH\Models\TipModel.php on line 88.
 1 APPPATH\Models\TipModel.php(88): CodeIgniter\Debug\Exceptions->errorHandler(8, 'Undefined index: doID', 'APPPATH\\Models\\TipModel.php', 88, [...])
 2 APPPATH\Controllers\Tip.php(139): App\Models\TipModel->Addtip([...], [...], [...], [...], [...], [...], [...], [...])
 3 SYSTEMPATH\CodeIgniter.php(904): App\Controllers\Tip->addListTip()
 4 SYSTEMPATH\CodeIgniter.php(457): CodeIgniter\CodeIgniter->runController(Object(App\Controllers\Tip))
 5 SYSTEMPATH\CodeIgniter.php(340): CodeIgniter\CodeIgniter->handleRequest(null, Object(Config\Cache), false)
 6 FCPATH\index.php(67): CodeIgniter\CodeIgniter->run()
 7 SYSTEMPATH\Commands\Server\rewrite.php(43): require_once('FCPATH\\index.php')
