CRITICAL - 2022-10-30 20:47:07 --> Undefined variable: running_day
in APPPATH\Views\schedule_eps\planner\list_schedule.php on line 194.
 1 APPPATH\Views\schedule_eps\planner\list_schedule.php(194): CodeIgniter\Debug\Exceptions->errorHandler(8, 'Undefined variable: running_day', 'APPPATH\\Views\\schedule_eps\\planner\\list_schedule.php', 194, [...])
 2 SYSTEMPATH\View\View.php(213): include('APPPATH\\Views\\schedule_eps\\planner\\list_schedule.php')
 3 SYSTEMPATH\View\View.php(216): CodeIgniter\View\View->CodeIgniter\View\{closure}()
 4 SYSTEMPATH\Common.php(1137): CodeIgniter\View\View->render('schedule_eps/planner/list_schedule', [], true)
 5 APPPATH\Controllers\Schedule.php(41): view('schedule_eps/planner/list_schedule', [...])
 6 SYSTEMPATH\CodeIgniter.php(904): App\Controllers\Schedule->viewform()
 7 SYSTEMPATH\CodeIgniter.php(457): CodeIgniter\CodeIgniter->runController(Object(App\Controllers\Schedule))
 8 SYSTEMPATH\CodeIgniter.php(340): CodeIgniter\CodeIgniter->handleRequest(null, Object(Config\Cache), false)
 9 FCPATH\index.php(67): CodeIgniter\CodeIgniter->run()
10 SYSTEMPATH\Commands\Server\rewrite.php(43): require_once('FCPATH\\index.php')
CRITICAL - 2022-10-30 20:47:08 --> Undefined variable: running_day
in APPPATH\Views\schedule_eps\planner\list_schedule.php on line 194.
 1 APPPATH\Views\schedule_eps\planner\list_schedule.php(194): CodeIgniter\Debug\Exceptions->errorHandler(8, 'Undefined variable: running_day', 'APPPATH\\Views\\schedule_eps\\planner\\list_schedule.php', 194, [...])
 2 SYSTEMPATH\View\View.php(213): include('APPPATH\\Views\\schedule_eps\\planner\\list_schedule.php')
 3 SYSTEMPATH\View\View.php(216): CodeIgniter\View\View->CodeIgniter\View\{closure}()
 4 SYSTEMPATH\Common.php(1137): CodeIgniter\View\View->render('schedule_eps/planner/list_schedule', [], true)
 5 APPPATH\Controllers\Schedule.php(41): view('schedule_eps/planner/list_schedule', [...])
 6 SYSTEMPATH\CodeIgniter.php(904): App\Controllers\Schedule->viewform()
 7 SYSTEMPATH\CodeIgniter.php(457): CodeIgniter\CodeIgniter->runController(Object(App\Controllers\Schedule))
 8 SYSTEMPATH\CodeIgniter.php(340): CodeIgniter\CodeIgniter->handleRequest(null, Object(Config\Cache), false)
 9 FCPATH\index.php(67): CodeIgniter\CodeIgniter->run()
10 SYSTEMPATH\Commands\Server\rewrite.php(43): require_once('FCPATH\\index.php')
CRITICAL - 2022-10-30 22:11:26 --> Undefined variable: myDateTime
in APPPATH\Views\schedule_eps\planner\list_schedule.php on line 95.
 1 APPPATH\Views\schedule_eps\planner\list_schedule.php(95): CodeIgniter\Debug\Exceptions->errorHandler(8, 'Undefined variable: myDateTime', 'APPPATH\\Views\\schedule_eps\\planner\\list_schedule.php', 95, [...])
 2 SYSTEMPATH\View\View.php(213): include('APPPATH\\Views\\schedule_eps\\planner\\list_schedule.php')
 3 SYSTEMPATH\View\View.php(216): CodeIgniter\View\View->CodeIgniter\View\{closure}()
 4 SYSTEMPATH\Common.php(1137): CodeIgniter\View\View->render('schedule_eps/planner/list_schedule', [], true)
 5 APPPATH\Controllers\Schedule.php(41): view('schedule_eps/planner/list_schedule', [...])
 6 SYSTEMPATH\CodeIgniter.php(904): App\Controllers\Schedule->viewform()
 7 SYSTEMPATH\CodeIgniter.php(457): CodeIgniter\CodeIgniter->runController(Object(App\Controllers\Schedule))
 8 SYSTEMPATH\CodeIgniter.php(340): CodeIgniter\CodeIgniter->handleRequest(null, Object(Config\Cache), false)
 9 FCPATH\index.php(67): CodeIgniter\CodeIgniter->run()
10 SYSTEMPATH\Commands\Server\rewrite.php(43): require_once('FCPATH\\index.php')
