CRITICAL - 2023-03-24 08:15:38 --> Wrong parameter count for number_format()
in APPPATH\Views\Tip_tracking\report_list_tip.php on line 410.
 1 [internal function]: CodeIgniter\Debug\Exceptions->errorHandler(2, 'Wrong parameter count for number_format()', 'APPPATH\\Views\\Tip_tracking\\report_list_tip.php', 410, [...])
 2 APPPATH\Views\Tip_tracking\report_list_tip.php(410): number_format(101200, 2, 'ROOTPATH\\public')
 3 SYSTEMPATH\View\View.php(213): include('APPPATH\\Views\\Tip_tracking\\report_list_tip.php')
 4 SYSTEMPATH\View\View.php(216): CodeIgniter\View\View->CodeIgniter\View\{closure}()
 5 SYSTEMPATH\Common.php(1137): CodeIgniter\View\View->render('Tip_tracking/report_list_tip', [], true)
 6 APPPATH\Controllers\Tip.php(233): view('Tip_tracking/report_list_tip', [...])
 7 SYSTEMPATH\CodeIgniter.php(904): App\Controllers\Tip->reportperBulan()
 8 SYSTEMPATH\CodeIgniter.php(457): CodeIgniter\CodeIgniter->runController(Object(App\Controllers\Tip))
 9 SYSTEMPATH\CodeIgniter.php(340): CodeIgniter\CodeIgniter->handleRequest(null, Object(Config\Cache), false)
10 FCPATH\index.php(67): CodeIgniter\CodeIgniter->run()
11 SYSTEMPATH\Commands\Server\rewrite.php(43): require_once('FCPATH\\index.php')
CRITICAL - 2023-03-24 08:15:44 --> Wrong parameter count for number_format()
in APPPATH\Views\Tip_tracking\report_list_tip.php on line 410.
 1 [internal function]: CodeIgniter\Debug\Exceptions->errorHandler(2, 'Wrong parameter count for number_format()', 'APPPATH\\Views\\Tip_tracking\\report_list_tip.php', 410, [...])
 2 APPPATH\Views\Tip_tracking\report_list_tip.php(410): number_format(101200, 2, 'ROOTPATH\\public')
 3 SYSTEMPATH\View\View.php(213): include('APPPATH\\Views\\Tip_tracking\\report_list_tip.php')
 4 SYSTEMPATH\View\View.php(216): CodeIgniter\View\View->CodeIgniter\View\{closure}()
 5 SYSTEMPATH\Common.php(1137): CodeIgniter\View\View->render('Tip_tracking/report_list_tip', [], true)
 6 APPPATH\Controllers\Tip.php(233): view('Tip_tracking/report_list_tip', [...])
 7 SYSTEMPATH\CodeIgniter.php(904): App\Controllers\Tip->reportperBulan()
 8 SYSTEMPATH\CodeIgniter.php(457): CodeIgniter\CodeIgniter->runController(Object(App\Controllers\Tip))
 9 SYSTEMPATH\CodeIgniter.php(340): CodeIgniter\CodeIgniter->handleRequest(null, Object(Config\Cache), false)
10 FCPATH\index.php(67): CodeIgniter\CodeIgniter->run()
11 SYSTEMPATH\Commands\Server\rewrite.php(43): require_once('FCPATH\\index.php')
CRITICAL - 2023-03-24 08:15:45 --> Wrong parameter count for number_format()
in APPPATH\Views\Tip_tracking\report_list_tip.php on line 410.
 1 [internal function]: CodeIgniter\Debug\Exceptions->errorHandler(2, 'Wrong parameter count for number_format()', 'APPPATH\\Views\\Tip_tracking\\report_list_tip.php', 410, [...])
 2 APPPATH\Views\Tip_tracking\report_list_tip.php(410): number_format(101200, 2, 'ROOTPATH\\public')
 3 SYSTEMPATH\View\View.php(213): include('APPPATH\\Views\\Tip_tracking\\report_list_tip.php')
 4 SYSTEMPATH\View\View.php(216): CodeIgniter\View\View->CodeIgniter\View\{closure}()
 5 SYSTEMPATH\Common.php(1137): CodeIgniter\View\View->render('Tip_tracking/report_list_tip', [], true)
 6 APPPATH\Controllers\Tip.php(233): view('Tip_tracking/report_list_tip', [...])
 7 SYSTEMPATH\CodeIgniter.php(904): App\Controllers\Tip->reportperBulan()
 8 SYSTEMPATH\CodeIgniter.php(457): CodeIgniter\CodeIgniter->runController(Object(App\Controllers\Tip))
 9 SYSTEMPATH\CodeIgniter.php(340): CodeIgniter\CodeIgniter->handleRequest(null, Object(Config\Cache), false)
10 FCPATH\index.php(67): CodeIgniter\CodeIgniter->run()
11 SYSTEMPATH\Commands\Server\rewrite.php(43): require_once('FCPATH\\index.php')
CRITICAL - 2023-03-24 08:15:47 --> Wrong parameter count for number_format()
in APPPATH\Views\Tip_tracking\report_list_tip.php on line 410.
 1 [internal function]: CodeIgniter\Debug\Exceptions->errorHandler(2, 'Wrong parameter count for number_format()', 'APPPATH\\Views\\Tip_tracking\\report_list_tip.php', 410, [...])
 2 APPPATH\Views\Tip_tracking\report_list_tip.php(410): number_format(101200, 2, 'ROOTPATH\\public')
 3 SYSTEMPATH\View\View.php(213): include('APPPATH\\Views\\Tip_tracking\\report_list_tip.php')
 4 SYSTEMPATH\View\View.php(216): CodeIgniter\View\View->CodeIgniter\View\{closure}()
 5 SYSTEMPATH\Common.php(1137): CodeIgniter\View\View->render('Tip_tracking/report_list_tip', [], true)
 6 APPPATH\Controllers\Tip.php(233): view('Tip_tracking/report_list_tip', [...])
 7 SYSTEMPATH\CodeIgniter.php(904): App\Controllers\Tip->reportperBulan()
 8 SYSTEMPATH\CodeIgniter.php(457): CodeIgniter\CodeIgniter->runController(Object(App\Controllers\Tip))
 9 SYSTEMPATH\CodeIgniter.php(340): CodeIgniter\CodeIgniter->handleRequest(null, Object(Config\Cache), false)
10 FCPATH\index.php(67): CodeIgniter\CodeIgniter->run()
11 SYSTEMPATH\Commands\Server\rewrite.php(43): require_once('FCPATH\\index.php')
CRITICAL - 2023-03-24 08:37:10 --> Undefined variable: tanggal
in APPPATH\Views\Tip_tracking\report_list_tip.php on line 105.
 1 APPPATH\Views\Tip_tracking\report_list_tip.php(105): CodeIgniter\Debug\Exceptions->errorHandler(8, 'Undefined variable: tanggal', 'APPPATH\\Views\\Tip_tracking\\report_list_tip.php', 105, [...])
 2 SYSTEMPATH\View\View.php(213): include('APPPATH\\Views\\Tip_tracking\\report_list_tip.php')
 3 SYSTEMPATH\View\View.php(216): CodeIgniter\View\View->CodeIgniter\View\{closure}()
 4 SYSTEMPATH\Common.php(1137): CodeIgniter\View\View->render('Tip_tracking/report_list_tip', [], true)
 5 APPPATH\Controllers\Tip.php(233): view('Tip_tracking/report_list_tip', [...])
 6 SYSTEMPATH\CodeIgniter.php(904): App\Controllers\Tip->reportperBulan()
 7 SYSTEMPATH\CodeIgniter.php(457): CodeIgniter\CodeIgniter->runController(Object(App\Controllers\Tip))
 8 SYSTEMPATH\CodeIgniter.php(340): CodeIgniter\CodeIgniter->handleRequest(null, Object(Config\Cache), false)
 9 FCPATH\index.php(67): CodeIgniter\CodeIgniter->run()
10 SYSTEMPATH\Commands\Server\rewrite.php(43): require_once('FCPATH\\index.php')
CRITICAL - 2023-03-24 08:48:36 --> Undefined variable: tampilkan_harian_doni
in APPPATH\Views\Tip_tracking\report_list_tip.php on line 130.
 1 APPPATH\Views\Tip_tracking\report_list_tip.php(130): CodeIgniter\Debug\Exceptions->errorHandler(8, 'Undefined variable: tampilkan_harian_doni', 'APPPATH\\Views\\Tip_tracking\\report_list_tip.php', 130, [...])
 2 SYSTEMPATH\View\View.php(213): include('APPPATH\\Views\\Tip_tracking\\report_list_tip.php')
 3 SYSTEMPATH\View\View.php(216): CodeIgniter\View\View->CodeIgniter\View\{closure}()
 4 SYSTEMPATH\Common.php(1137): CodeIgniter\View\View->render('Tip_tracking/report_list_tip', [], true)
 5 APPPATH\Controllers\Tip.php(233): view('Tip_tracking/report_list_tip', [...])
 6 SYSTEMPATH\CodeIgniter.php(904): App\Controllers\Tip->reportperBulan()
 7 SYSTEMPATH\CodeIgniter.php(457): CodeIgniter\CodeIgniter->runController(Object(App\Controllers\Tip))
 8 SYSTEMPATH\CodeIgniter.php(340): CodeIgniter\CodeIgniter->handleRequest(null, Object(Config\Cache), false)
 9 FCPATH\index.php(67): CodeIgniter\CodeIgniter->run()
10 SYSTEMPATH\Commands\Server\rewrite.php(43): require_once('FCPATH\\index.php')
CRITICAL - 2023-03-24 08:50:13 --> Undefined variable: tampilkan_harian_doni
in APPPATH\Views\Tip_tracking\report_list_tip.php on line 130.
 1 APPPATH\Views\Tip_tracking\report_list_tip.php(130): CodeIgniter\Debug\Exceptions->errorHandler(8, 'Undefined variable: tampilkan_harian_doni', 'APPPATH\\Views\\Tip_tracking\\report_list_tip.php', 130, [...])
 2 SYSTEMPATH\View\View.php(213): include('APPPATH\\Views\\Tip_tracking\\report_list_tip.php')
 3 SYSTEMPATH\View\View.php(216): CodeIgniter\View\View->CodeIgniter\View\{closure}()
 4 SYSTEMPATH\Common.php(1137): CodeIgniter\View\View->render('Tip_tracking/report_list_tip', [], true)
 5 APPPATH\Controllers\Tip.php(233): view('Tip_tracking/report_list_tip', [...])
 6 SYSTEMPATH\CodeIgniter.php(904): App\Controllers\Tip->reportperBulan()
 7 SYSTEMPATH\CodeIgniter.php(457): CodeIgniter\CodeIgniter->runController(Object(App\Controllers\Tip))
 8 SYSTEMPATH\CodeIgniter.php(340): CodeIgniter\CodeIgniter->handleRequest(null, Object(Config\Cache), false)
 9 FCPATH\index.php(67): CodeIgniter\CodeIgniter->run()
10 SYSTEMPATH\Commands\Server\rewrite.php(43): require_once('FCPATH\\index.php')
CRITICAL - 2023-03-24 08:50:57 --> Undefined variable: tampilkan_harian_doni
in APPPATH\Views\Tip_tracking\report_list_tip.php on line 130.
 1 APPPATH\Views\Tip_tracking\report_list_tip.php(130): CodeIgniter\Debug\Exceptions->errorHandler(8, 'Undefined variable: tampilkan_harian_doni', 'APPPATH\\Views\\Tip_tracking\\report_list_tip.php', 130, [...])
 2 SYSTEMPATH\View\View.php(213): include('APPPATH\\Views\\Tip_tracking\\report_list_tip.php')
 3 SYSTEMPATH\View\View.php(216): CodeIgniter\View\View->CodeIgniter\View\{closure}()
 4 SYSTEMPATH\Common.php(1137): CodeIgniter\View\View->render('Tip_tracking/report_list_tip', [], true)
 5 APPPATH\Controllers\Tip.php(233): view('Tip_tracking/report_list_tip', [...])
 6 SYSTEMPATH\CodeIgniter.php(904): App\Controllers\Tip->reportperBulan()
 7 SYSTEMPATH\CodeIgniter.php(457): CodeIgniter\CodeIgniter->runController(Object(App\Controllers\Tip))
 8 SYSTEMPATH\CodeIgniter.php(340): CodeIgniter\CodeIgniter->handleRequest(null, Object(Config\Cache), false)
 9 FCPATH\index.php(67): CodeIgniter\CodeIgniter->run()
10 SYSTEMPATH\Commands\Server\rewrite.php(43): require_once('FCPATH\\index.php')
CRITICAL - 2023-03-24 08:53:27 --> Undefined variable: herian
in APPPATH\Views\Tip_tracking\report_list_tip.php on line 145.
 1 APPPATH\Views\Tip_tracking\report_list_tip.php(145): CodeIgniter\Debug\Exceptions->errorHandler(8, 'Undefined variable: herian', 'APPPATH\\Views\\Tip_tracking\\report_list_tip.php', 145, [...])
 2 SYSTEMPATH\View\View.php(213): include('APPPATH\\Views\\Tip_tracking\\report_list_tip.php')
 3 SYSTEMPATH\View\View.php(216): CodeIgniter\View\View->CodeIgniter\View\{closure}()
 4 SYSTEMPATH\Common.php(1137): CodeIgniter\View\View->render('Tip_tracking/report_list_tip', [], true)
 5 APPPATH\Controllers\Tip.php(233): view('Tip_tracking/report_list_tip', [...])
 6 SYSTEMPATH\CodeIgniter.php(904): App\Controllers\Tip->reportperBulan()
 7 SYSTEMPATH\CodeIgniter.php(457): CodeIgniter\CodeIgniter->runController(Object(App\Controllers\Tip))
 8 SYSTEMPATH\CodeIgniter.php(340): CodeIgniter\CodeIgniter->handleRequest(null, Object(Config\Cache), false)
 9 FCPATH\index.php(67): CodeIgniter\CodeIgniter->run()
10 SYSTEMPATH\Commands\Server\rewrite.php(43): require_once('FCPATH\\index.php')
CRITICAL - 2023-03-24 08:54:52 --> Undefined variable: tampilkan_harian_doni
in APPPATH\Views\Tip_tracking\report_list_tip.php on line 130.
 1 APPPATH\Views\Tip_tracking\report_list_tip.php(130): CodeIgniter\Debug\Exceptions->errorHandler(8, 'Undefined variable: tampilkan_harian_doni', 'APPPATH\\Views\\Tip_tracking\\report_list_tip.php', 130, [...])
 2 SYSTEMPATH\View\View.php(213): include('APPPATH\\Views\\Tip_tracking\\report_list_tip.php')
 3 SYSTEMPATH\View\View.php(216): CodeIgniter\View\View->CodeIgniter\View\{closure}()
 4 SYSTEMPATH\Common.php(1137): CodeIgniter\View\View->render('Tip_tracking/report_list_tip', [], true)
 5 APPPATH\Controllers\Tip.php(233): view('Tip_tracking/report_list_tip', [...])
 6 SYSTEMPATH\CodeIgniter.php(904): App\Controllers\Tip->reportperBulan()
 7 SYSTEMPATH\CodeIgniter.php(457): CodeIgniter\CodeIgniter->runController(Object(App\Controllers\Tip))
 8 SYSTEMPATH\CodeIgniter.php(340): CodeIgniter\CodeIgniter->handleRequest(null, Object(Config\Cache), false)
 9 FCPATH\index.php(67): CodeIgniter\CodeIgniter->run()
10 SYSTEMPATH\Commands\Server\rewrite.php(43): require_once('FCPATH\\index.php')
CRITICAL - 2023-03-24 08:55:43 --> Undefined variable: tampilkan_harian_doni
in APPPATH\Views\Tip_tracking\report_list_tip.php on line 130.
 1 APPPATH\Views\Tip_tracking\report_list_tip.php(130): CodeIgniter\Debug\Exceptions->errorHandler(8, 'Undefined variable: tampilkan_harian_doni', 'APPPATH\\Views\\Tip_tracking\\report_list_tip.php', 130, [...])
 2 SYSTEMPATH\View\View.php(213): include('APPPATH\\Views\\Tip_tracking\\report_list_tip.php')
 3 SYSTEMPATH\View\View.php(216): CodeIgniter\View\View->CodeIgniter\View\{closure}()
 4 SYSTEMPATH\Common.php(1137): CodeIgniter\View\View->render('Tip_tracking/report_list_tip', [], true)
 5 APPPATH\Controllers\Tip.php(233): view('Tip_tracking/report_list_tip', [...])
 6 SYSTEMPATH\CodeIgniter.php(904): App\Controllers\Tip->reportperBulan()
 7 SYSTEMPATH\CodeIgniter.php(457): CodeIgniter\CodeIgniter->runController(Object(App\Controllers\Tip))
 8 SYSTEMPATH\CodeIgniter.php(340): CodeIgniter\CodeIgniter->handleRequest(null, Object(Config\Cache), false)
 9 FCPATH\index.php(67): CodeIgniter\CodeIgniter->run()
10 SYSTEMPATH\Commands\Server\rewrite.php(43): require_once('FCPATH\\index.php')
CRITICAL - 2023-03-24 08:55:43 --> Undefined variable: tampilkan_harian_doni
in APPPATH\Views\Tip_tracking\report_list_tip.php on line 130.
 1 APPPATH\Views\Tip_tracking\report_list_tip.php(130): CodeIgniter\Debug\Exceptions->errorHandler(8, 'Undefined variable: tampilkan_harian_doni', 'APPPATH\\Views\\Tip_tracking\\report_list_tip.php', 130, [...])
 2 SYSTEMPATH\View\View.php(213): include('APPPATH\\Views\\Tip_tracking\\report_list_tip.php')
 3 SYSTEMPATH\View\View.php(216): CodeIgniter\View\View->CodeIgniter\View\{closure}()
 4 SYSTEMPATH\Common.php(1137): CodeIgniter\View\View->render('Tip_tracking/report_list_tip', [], true)
 5 APPPATH\Controllers\Tip.php(233): view('Tip_tracking/report_list_tip', [...])
 6 SYSTEMPATH\CodeIgniter.php(904): App\Controllers\Tip->reportperBulan()
 7 SYSTEMPATH\CodeIgniter.php(457): CodeIgniter\CodeIgniter->runController(Object(App\Controllers\Tip))
 8 SYSTEMPATH\CodeIgniter.php(340): CodeIgniter\CodeIgniter->handleRequest(null, Object(Config\Cache), false)
 9 FCPATH\index.php(67): CodeIgniter\CodeIgniter->run()
10 SYSTEMPATH\Commands\Server\rewrite.php(43): require_once('FCPATH\\index.php')
CRITICAL - 2023-03-24 08:56:00 --> Undefined variable: tampilkan_harian_doni
in APPPATH\Views\Tip_tracking\report_list_tip.php on line 130.
 1 APPPATH\Views\Tip_tracking\report_list_tip.php(130): CodeIgniter\Debug\Exceptions->errorHandler(8, 'Undefined variable: tampilkan_harian_doni', 'APPPATH\\Views\\Tip_tracking\\report_list_tip.php', 130, [...])
 2 SYSTEMPATH\View\View.php(213): include('APPPATH\\Views\\Tip_tracking\\report_list_tip.php')
 3 SYSTEMPATH\View\View.php(216): CodeIgniter\View\View->CodeIgniter\View\{closure}()
 4 SYSTEMPATH\Common.php(1137): CodeIgniter\View\View->render('Tip_tracking/report_list_tip', [], true)
 5 APPPATH\Controllers\Tip.php(233): view('Tip_tracking/report_list_tip', [...])
 6 SYSTEMPATH\CodeIgniter.php(904): App\Controllers\Tip->reportperBulan()
 7 SYSTEMPATH\CodeIgniter.php(457): CodeIgniter\CodeIgniter->runController(Object(App\Controllers\Tip))
 8 SYSTEMPATH\CodeIgniter.php(340): CodeIgniter\CodeIgniter->handleRequest(null, Object(Config\Cache), false)
 9 FCPATH\index.php(67): CodeIgniter\CodeIgniter->run()
10 SYSTEMPATH\Commands\Server\rewrite.php(43): require_once('FCPATH\\index.php')
CRITICAL - 2023-03-24 08:56:36 --> Undefined variable: tampilkan_harian_doni
in APPPATH\Views\Tip_tracking\report_list_tip.php on line 130.
 1 APPPATH\Views\Tip_tracking\report_list_tip.php(130): CodeIgniter\Debug\Exceptions->errorHandler(8, 'Undefined variable: tampilkan_harian_doni', 'APPPATH\\Views\\Tip_tracking\\report_list_tip.php', 130, [...])
 2 SYSTEMPATH\View\View.php(213): include('APPPATH\\Views\\Tip_tracking\\report_list_tip.php')
 3 SYSTEMPATH\View\View.php(216): CodeIgniter\View\View->CodeIgniter\View\{closure}()
 4 SYSTEMPATH\Common.php(1137): CodeIgniter\View\View->render('Tip_tracking/report_list_tip', [], true)
 5 APPPATH\Controllers\Tip.php(233): view('Tip_tracking/report_list_tip', [...])
 6 SYSTEMPATH\CodeIgniter.php(904): App\Controllers\Tip->reportperBulan()
 7 SYSTEMPATH\CodeIgniter.php(457): CodeIgniter\CodeIgniter->runController(Object(App\Controllers\Tip))
 8 SYSTEMPATH\CodeIgniter.php(340): CodeIgniter\CodeIgniter->handleRequest(null, Object(Config\Cache), false)
 9 FCPATH\index.php(67): CodeIgniter\CodeIgniter->run()
10 SYSTEMPATH\Commands\Server\rewrite.php(43): require_once('FCPATH\\index.php')
CRITICAL - 2023-03-24 08:57:36 --> Undefined variable: tampilkan_harian_doni
in APPPATH\Views\Tip_tracking\report_list_tip.php on line 130.
 1 APPPATH\Views\Tip_tracking\report_list_tip.php(130): CodeIgniter\Debug\Exceptions->errorHandler(8, 'Undefined variable: tampilkan_harian_doni', 'APPPATH\\Views\\Tip_tracking\\report_list_tip.php', 130, [...])
 2 SYSTEMPATH\View\View.php(213): include('APPPATH\\Views\\Tip_tracking\\report_list_tip.php')
 3 SYSTEMPATH\View\View.php(216): CodeIgniter\View\View->CodeIgniter\View\{closure}()
 4 SYSTEMPATH\Common.php(1137): CodeIgniter\View\View->render('Tip_tracking/report_list_tip', [], true)
 5 APPPATH\Controllers\Tip.php(233): view('Tip_tracking/report_list_tip', [...])
 6 SYSTEMPATH\CodeIgniter.php(904): App\Controllers\Tip->reportperBulan()
 7 SYSTEMPATH\CodeIgniter.php(457): CodeIgniter\CodeIgniter->runController(Object(App\Controllers\Tip))
 8 SYSTEMPATH\CodeIgniter.php(340): CodeIgniter\CodeIgniter->handleRequest(null, Object(Config\Cache), false)
 9 FCPATH\index.php(67): CodeIgniter\CodeIgniter->run()
10 SYSTEMPATH\Commands\Server\rewrite.php(43): require_once('FCPATH\\index.php')
CRITICAL - 2023-03-24 08:57:37 --> Undefined variable: tampilkan_harian_doni
in APPPATH\Views\Tip_tracking\report_list_tip.php on line 130.
 1 APPPATH\Views\Tip_tracking\report_list_tip.php(130): CodeIgniter\Debug\Exceptions->errorHandler(8, 'Undefined variable: tampilkan_harian_doni', 'APPPATH\\Views\\Tip_tracking\\report_list_tip.php', 130, [...])
 2 SYSTEMPATH\View\View.php(213): include('APPPATH\\Views\\Tip_tracking\\report_list_tip.php')
 3 SYSTEMPATH\View\View.php(216): CodeIgniter\View\View->CodeIgniter\View\{closure}()
 4 SYSTEMPATH\Common.php(1137): CodeIgniter\View\View->render('Tip_tracking/report_list_tip', [], true)
 5 APPPATH\Controllers\Tip.php(233): view('Tip_tracking/report_list_tip', [...])
 6 SYSTEMPATH\CodeIgniter.php(904): App\Controllers\Tip->reportperBulan()
 7 SYSTEMPATH\CodeIgniter.php(457): CodeIgniter\CodeIgniter->runController(Object(App\Controllers\Tip))
 8 SYSTEMPATH\CodeIgniter.php(340): CodeIgniter\CodeIgniter->handleRequest(null, Object(Config\Cache), false)
 9 FCPATH\index.php(67): CodeIgniter\CodeIgniter->run()
10 SYSTEMPATH\Commands\Server\rewrite.php(43): require_once('FCPATH\\index.php')
CRITICAL - 2023-03-24 08:57:37 --> Undefined variable: tampilkan_harian_doni
in APPPATH\Views\Tip_tracking\report_list_tip.php on line 130.
 1 APPPATH\Views\Tip_tracking\report_list_tip.php(130): CodeIgniter\Debug\Exceptions->errorHandler(8, 'Undefined variable: tampilkan_harian_doni', 'APPPATH\\Views\\Tip_tracking\\report_list_tip.php', 130, [...])
 2 SYSTEMPATH\View\View.php(213): include('APPPATH\\Views\\Tip_tracking\\report_list_tip.php')
 3 SYSTEMPATH\View\View.php(216): CodeIgniter\View\View->CodeIgniter\View\{closure}()
 4 SYSTEMPATH\Common.php(1137): CodeIgniter\View\View->render('Tip_tracking/report_list_tip', [], true)
 5 APPPATH\Controllers\Tip.php(233): view('Tip_tracking/report_list_tip', [...])
 6 SYSTEMPATH\CodeIgniter.php(904): App\Controllers\Tip->reportperBulan()
 7 SYSTEMPATH\CodeIgniter.php(457): CodeIgniter\CodeIgniter->runController(Object(App\Controllers\Tip))
 8 SYSTEMPATH\CodeIgniter.php(340): CodeIgniter\CodeIgniter->handleRequest(null, Object(Config\Cache), false)
 9 FCPATH\index.php(67): CodeIgniter\CodeIgniter->run()
10 SYSTEMPATH\Commands\Server\rewrite.php(43): require_once('FCPATH\\index.php')
CRITICAL - 2023-03-24 08:57:38 --> Undefined variable: tampilkan_harian_doni
in APPPATH\Views\Tip_tracking\report_list_tip.php on line 130.
 1 APPPATH\Views\Tip_tracking\report_list_tip.php(130): CodeIgniter\Debug\Exceptions->errorHandler(8, 'Undefined variable: tampilkan_harian_doni', 'APPPATH\\Views\\Tip_tracking\\report_list_tip.php', 130, [...])
 2 SYSTEMPATH\View\View.php(213): include('APPPATH\\Views\\Tip_tracking\\report_list_tip.php')
 3 SYSTEMPATH\View\View.php(216): CodeIgniter\View\View->CodeIgniter\View\{closure}()
 4 SYSTEMPATH\Common.php(1137): CodeIgniter\View\View->render('Tip_tracking/report_list_tip', [], true)
 5 APPPATH\Controllers\Tip.php(233): view('Tip_tracking/report_list_tip', [...])
 6 SYSTEMPATH\CodeIgniter.php(904): App\Controllers\Tip->reportperBulan()
 7 SYSTEMPATH\CodeIgniter.php(457): CodeIgniter\CodeIgniter->runController(Object(App\Controllers\Tip))
 8 SYSTEMPATH\CodeIgniter.php(340): CodeIgniter\CodeIgniter->handleRequest(null, Object(Config\Cache), false)
 9 FCPATH\index.php(67): CodeIgniter\CodeIgniter->run()
10 SYSTEMPATH\Commands\Server\rewrite.php(43): require_once('FCPATH\\index.php')
CRITICAL - 2023-03-24 08:57:38 --> Undefined variable: tampilkan_harian_doni
in APPPATH\Views\Tip_tracking\report_list_tip.php on line 130.
 1 APPPATH\Views\Tip_tracking\report_list_tip.php(130): CodeIgniter\Debug\Exceptions->errorHandler(8, 'Undefined variable: tampilkan_harian_doni', 'APPPATH\\Views\\Tip_tracking\\report_list_tip.php', 130, [...])
 2 SYSTEMPATH\View\View.php(213): include('APPPATH\\Views\\Tip_tracking\\report_list_tip.php')
 3 SYSTEMPATH\View\View.php(216): CodeIgniter\View\View->CodeIgniter\View\{closure}()
 4 SYSTEMPATH\Common.php(1137): CodeIgniter\View\View->render('Tip_tracking/report_list_tip', [], true)
 5 APPPATH\Controllers\Tip.php(233): view('Tip_tracking/report_list_tip', [...])
 6 SYSTEMPATH\CodeIgniter.php(904): App\Controllers\Tip->reportperBulan()
 7 SYSTEMPATH\CodeIgniter.php(457): CodeIgniter\CodeIgniter->runController(Object(App\Controllers\Tip))
 8 SYSTEMPATH\CodeIgniter.php(340): CodeIgniter\CodeIgniter->handleRequest(null, Object(Config\Cache), false)
 9 FCPATH\index.php(67): CodeIgniter\CodeIgniter->run()
10 SYSTEMPATH\Commands\Server\rewrite.php(43): require_once('FCPATH\\index.php')
CRITICAL - 2023-03-24 08:57:38 --> Undefined variable: tampilkan_harian_doni
in APPPATH\Views\Tip_tracking\report_list_tip.php on line 130.
 1 APPPATH\Views\Tip_tracking\report_list_tip.php(130): CodeIgniter\Debug\Exceptions->errorHandler(8, 'Undefined variable: tampilkan_harian_doni', 'APPPATH\\Views\\Tip_tracking\\report_list_tip.php', 130, [...])
 2 SYSTEMPATH\View\View.php(213): include('APPPATH\\Views\\Tip_tracking\\report_list_tip.php')
 3 SYSTEMPATH\View\View.php(216): CodeIgniter\View\View->CodeIgniter\View\{closure}()
 4 SYSTEMPATH\Common.php(1137): CodeIgniter\View\View->render('Tip_tracking/report_list_tip', [], true)
 5 APPPATH\Controllers\Tip.php(233): view('Tip_tracking/report_list_tip', [...])
 6 SYSTEMPATH\CodeIgniter.php(904): App\Controllers\Tip->reportperBulan()
 7 SYSTEMPATH\CodeIgniter.php(457): CodeIgniter\CodeIgniter->runController(Object(App\Controllers\Tip))
 8 SYSTEMPATH\CodeIgniter.php(340): CodeIgniter\CodeIgniter->handleRequest(null, Object(Config\Cache), false)
 9 FCPATH\index.php(67): CodeIgniter\CodeIgniter->run()
10 SYSTEMPATH\Commands\Server\rewrite.php(43): require_once('FCPATH\\index.php')
CRITICAL - 2023-03-24 08:57:38 --> Undefined variable: tampilkan_harian_doni
in APPPATH\Views\Tip_tracking\report_list_tip.php on line 130.
 1 APPPATH\Views\Tip_tracking\report_list_tip.php(130): CodeIgniter\Debug\Exceptions->errorHandler(8, 'Undefined variable: tampilkan_harian_doni', 'APPPATH\\Views\\Tip_tracking\\report_list_tip.php', 130, [...])
 2 SYSTEMPATH\View\View.php(213): include('APPPATH\\Views\\Tip_tracking\\report_list_tip.php')
 3 SYSTEMPATH\View\View.php(216): CodeIgniter\View\View->CodeIgniter\View\{closure}()
 4 SYSTEMPATH\Common.php(1137): CodeIgniter\View\View->render('Tip_tracking/report_list_tip', [], true)
 5 APPPATH\Controllers\Tip.php(233): view('Tip_tracking/report_list_tip', [...])
 6 SYSTEMPATH\CodeIgniter.php(904): App\Controllers\Tip->reportperBulan()
 7 SYSTEMPATH\CodeIgniter.php(457): CodeIgniter\CodeIgniter->runController(Object(App\Controllers\Tip))
 8 SYSTEMPATH\CodeIgniter.php(340): CodeIgniter\CodeIgniter->handleRequest(null, Object(Config\Cache), false)
 9 FCPATH\index.php(67): CodeIgniter\CodeIgniter->run()
10 SYSTEMPATH\Commands\Server\rewrite.php(43): require_once('FCPATH\\index.php')
CRITICAL - 2023-03-24 08:57:38 --> Undefined variable: tampilkan_harian_doni
in APPPATH\Views\Tip_tracking\report_list_tip.php on line 130.
 1 APPPATH\Views\Tip_tracking\report_list_tip.php(130): CodeIgniter\Debug\Exceptions->errorHandler(8, 'Undefined variable: tampilkan_harian_doni', 'APPPATH\\Views\\Tip_tracking\\report_list_tip.php', 130, [...])
 2 SYSTEMPATH\View\View.php(213): include('APPPATH\\Views\\Tip_tracking\\report_list_tip.php')
 3 SYSTEMPATH\View\View.php(216): CodeIgniter\View\View->CodeIgniter\View\{closure}()
 4 SYSTEMPATH\Common.php(1137): CodeIgniter\View\View->render('Tip_tracking/report_list_tip', [], true)
 5 APPPATH\Controllers\Tip.php(233): view('Tip_tracking/report_list_tip', [...])
 6 SYSTEMPATH\CodeIgniter.php(904): App\Controllers\Tip->reportperBulan()
 7 SYSTEMPATH\CodeIgniter.php(457): CodeIgniter\CodeIgniter->runController(Object(App\Controllers\Tip))
 8 SYSTEMPATH\CodeIgniter.php(340): CodeIgniter\CodeIgniter->handleRequest(null, Object(Config\Cache), false)
 9 FCPATH\index.php(67): CodeIgniter\CodeIgniter->run()
10 SYSTEMPATH\Commands\Server\rewrite.php(43): require_once('FCPATH\\index.php')
CRITICAL - 2023-03-24 08:58:02 --> Undefined variable: tampilkan_harian_doni
in APPPATH\Views\Tip_tracking\report_list_tip.php on line 130.
 1 APPPATH\Views\Tip_tracking\report_list_tip.php(130): CodeIgniter\Debug\Exceptions->errorHandler(8, 'Undefined variable: tampilkan_harian_doni', 'APPPATH\\Views\\Tip_tracking\\report_list_tip.php', 130, [...])
 2 SYSTEMPATH\View\View.php(213): include('APPPATH\\Views\\Tip_tracking\\report_list_tip.php')
 3 SYSTEMPATH\View\View.php(216): CodeIgniter\View\View->CodeIgniter\View\{closure}()
 4 SYSTEMPATH\Common.php(1137): CodeIgniter\View\View->render('Tip_tracking/report_list_tip', [], true)
 5 APPPATH\Controllers\Tip.php(233): view('Tip_tracking/report_list_tip', [...])
 6 SYSTEMPATH\CodeIgniter.php(904): App\Controllers\Tip->reportperBulan()
 7 SYSTEMPATH\CodeIgniter.php(457): CodeIgniter\CodeIgniter->runController(Object(App\Controllers\Tip))
 8 SYSTEMPATH\CodeIgniter.php(340): CodeIgniter\CodeIgniter->handleRequest(null, Object(Config\Cache), false)
 9 FCPATH\index.php(67): CodeIgniter\CodeIgniter->run()
10 SYSTEMPATH\Commands\Server\rewrite.php(43): require_once('FCPATH\\index.php')
CRITICAL - 2023-03-24 08:58:03 --> Undefined variable: tampilkan_harian_doni
in APPPATH\Views\Tip_tracking\report_list_tip.php on line 130.
 1 APPPATH\Views\Tip_tracking\report_list_tip.php(130): CodeIgniter\Debug\Exceptions->errorHandler(8, 'Undefined variable: tampilkan_harian_doni', 'APPPATH\\Views\\Tip_tracking\\report_list_tip.php', 130, [...])
 2 SYSTEMPATH\View\View.php(213): include('APPPATH\\Views\\Tip_tracking\\report_list_tip.php')
 3 SYSTEMPATH\View\View.php(216): CodeIgniter\View\View->CodeIgniter\View\{closure}()
 4 SYSTEMPATH\Common.php(1137): CodeIgniter\View\View->render('Tip_tracking/report_list_tip', [], true)
 5 APPPATH\Controllers\Tip.php(233): view('Tip_tracking/report_list_tip', [...])
 6 SYSTEMPATH\CodeIgniter.php(904): App\Controllers\Tip->reportperBulan()
 7 SYSTEMPATH\CodeIgniter.php(457): CodeIgniter\CodeIgniter->runController(Object(App\Controllers\Tip))
 8 SYSTEMPATH\CodeIgniter.php(340): CodeIgniter\CodeIgniter->handleRequest(null, Object(Config\Cache), false)
 9 FCPATH\index.php(67): CodeIgniter\CodeIgniter->run()
10 SYSTEMPATH\Commands\Server\rewrite.php(43): require_once('FCPATH\\index.php')
CRITICAL - 2023-03-24 08:58:14 --> Undefined variable: tampilkan_harian_doni
in APPPATH\Views\Tip_tracking\report_list_tip.php on line 130.
 1 APPPATH\Views\Tip_tracking\report_list_tip.php(130): CodeIgniter\Debug\Exceptions->errorHandler(8, 'Undefined variable: tampilkan_harian_doni', 'APPPATH\\Views\\Tip_tracking\\report_list_tip.php', 130, [...])
 2 SYSTEMPATH\View\View.php(213): include('APPPATH\\Views\\Tip_tracking\\report_list_tip.php')
 3 SYSTEMPATH\View\View.php(216): CodeIgniter\View\View->CodeIgniter\View\{closure}()
 4 SYSTEMPATH\Common.php(1137): CodeIgniter\View\View->render('Tip_tracking/report_list_tip', [], true)
 5 APPPATH\Controllers\Tip.php(233): view('Tip_tracking/report_list_tip', [...])
 6 SYSTEMPATH\CodeIgniter.php(904): App\Controllers\Tip->reportperBulan()
 7 SYSTEMPATH\CodeIgniter.php(457): CodeIgniter\CodeIgniter->runController(Object(App\Controllers\Tip))
 8 SYSTEMPATH\CodeIgniter.php(340): CodeIgniter\CodeIgniter->handleRequest(null, Object(Config\Cache), false)
 9 FCPATH\index.php(67): CodeIgniter\CodeIgniter->run()
10 SYSTEMPATH\Commands\Server\rewrite.php(43): require_once('FCPATH\\index.php')
CRITICAL - 2023-03-24 08:58:15 --> Undefined variable: tampilkan_harian_doni
in APPPATH\Views\Tip_tracking\report_list_tip.php on line 130.
 1 APPPATH\Views\Tip_tracking\report_list_tip.php(130): CodeIgniter\Debug\Exceptions->errorHandler(8, 'Undefined variable: tampilkan_harian_doni', 'APPPATH\\Views\\Tip_tracking\\report_list_tip.php', 130, [...])
 2 SYSTEMPATH\View\View.php(213): include('APPPATH\\Views\\Tip_tracking\\report_list_tip.php')
 3 SYSTEMPATH\View\View.php(216): CodeIgniter\View\View->CodeIgniter\View\{closure}()
 4 SYSTEMPATH\Common.php(1137): CodeIgniter\View\View->render('Tip_tracking/report_list_tip', [], true)
 5 APPPATH\Controllers\Tip.php(233): view('Tip_tracking/report_list_tip', [...])
 6 SYSTEMPATH\CodeIgniter.php(904): App\Controllers\Tip->reportperBulan()
 7 SYSTEMPATH\CodeIgniter.php(457): CodeIgniter\CodeIgniter->runController(Object(App\Controllers\Tip))
 8 SYSTEMPATH\CodeIgniter.php(340): CodeIgniter\CodeIgniter->handleRequest(null, Object(Config\Cache), false)
 9 FCPATH\index.php(67): CodeIgniter\CodeIgniter->run()
10 SYSTEMPATH\Commands\Server\rewrite.php(43): require_once('FCPATH\\index.php')
CRITICAL - 2023-03-24 08:58:42 --> Undefined variable: tampilkan_harian_doni
in APPPATH\Views\Tip_tracking\report_list_tip.php on line 130.
 1 APPPATH\Views\Tip_tracking\report_list_tip.php(130): CodeIgniter\Debug\Exceptions->errorHandler(8, 'Undefined variable: tampilkan_harian_doni', 'APPPATH\\Views\\Tip_tracking\\report_list_tip.php', 130, [...])
 2 SYSTEMPATH\View\View.php(213): include('APPPATH\\Views\\Tip_tracking\\report_list_tip.php')
 3 SYSTEMPATH\View\View.php(216): CodeIgniter\View\View->CodeIgniter\View\{closure}()
 4 SYSTEMPATH\Common.php(1137): CodeIgniter\View\View->render('Tip_tracking/report_list_tip', [], true)
 5 APPPATH\Controllers\Tip.php(233): view('Tip_tracking/report_list_tip', [...])
 6 SYSTEMPATH\CodeIgniter.php(904): App\Controllers\Tip->reportperBulan()
 7 SYSTEMPATH\CodeIgniter.php(457): CodeIgniter\CodeIgniter->runController(Object(App\Controllers\Tip))
 8 SYSTEMPATH\CodeIgniter.php(340): CodeIgniter\CodeIgniter->handleRequest(null, Object(Config\Cache), false)
 9 FCPATH\index.php(67): CodeIgniter\CodeIgniter->run()
10 SYSTEMPATH\Commands\Server\rewrite.php(43): require_once('FCPATH\\index.php')
CRITICAL - 2023-03-24 08:59:43 --> Undefined variable: tampilkan_harian_doni
in APPPATH\Views\Tip_tracking\report_list_tip.php on line 130.
 1 APPPATH\Views\Tip_tracking\report_list_tip.php(130): CodeIgniter\Debug\Exceptions->errorHandler(8, 'Undefined variable: tampilkan_harian_doni', 'APPPATH\\Views\\Tip_tracking\\report_list_tip.php', 130, [...])
 2 SYSTEMPATH\View\View.php(213): include('APPPATH\\Views\\Tip_tracking\\report_list_tip.php')
 3 SYSTEMPATH\View\View.php(216): CodeIgniter\View\View->CodeIgniter\View\{closure}()
 4 SYSTEMPATH\Common.php(1137): CodeIgniter\View\View->render('Tip_tracking/report_list_tip', [], true)
 5 APPPATH\Controllers\Tip.php(233): view('Tip_tracking/report_list_tip', [...])
 6 SYSTEMPATH\CodeIgniter.php(904): App\Controllers\Tip->reportperBulan()
 7 SYSTEMPATH\CodeIgniter.php(457): CodeIgniter\CodeIgniter->runController(Object(App\Controllers\Tip))
 8 SYSTEMPATH\CodeIgniter.php(340): CodeIgniter\CodeIgniter->handleRequest(null, Object(Config\Cache), false)
 9 FCPATH\index.php(67): CodeIgniter\CodeIgniter->run()
10 SYSTEMPATH\Commands\Server\rewrite.php(43): require_once('FCPATH\\index.php')
CRITICAL - 2023-03-24 09:01:48 --> Undefined variable: tampilkan_harian_doni
in APPPATH\Views\Tip_tracking\report_list_tip.php on line 130.
 1 APPPATH\Views\Tip_tracking\report_list_tip.php(130): CodeIgniter\Debug\Exceptions->errorHandler(8, 'Undefined variable: tampilkan_harian_doni', 'APPPATH\\Views\\Tip_tracking\\report_list_tip.php', 130, [...])
 2 SYSTEMPATH\View\View.php(213): include('APPPATH\\Views\\Tip_tracking\\report_list_tip.php')
 3 SYSTEMPATH\View\View.php(216): CodeIgniter\View\View->CodeIgniter\View\{closure}()
 4 SYSTEMPATH\Common.php(1137): CodeIgniter\View\View->render('Tip_tracking/report_list_tip', [], true)
 5 APPPATH\Controllers\Tip.php(233): view('Tip_tracking/report_list_tip', [...])
 6 SYSTEMPATH\CodeIgniter.php(904): App\Controllers\Tip->reportperBulan()
 7 SYSTEMPATH\CodeIgniter.php(457): CodeIgniter\CodeIgniter->runController(Object(App\Controllers\Tip))
 8 SYSTEMPATH\CodeIgniter.php(340): CodeIgniter\CodeIgniter->handleRequest(null, Object(Config\Cache), false)
 9 FCPATH\index.php(67): CodeIgniter\CodeIgniter->run()
10 SYSTEMPATH\Commands\Server\rewrite.php(43): require_once('FCPATH\\index.php')
CRITICAL - 2023-03-24 09:01:54 --> Undefined variable: tampilkan_harian_doni
in APPPATH\Views\Tip_tracking\report_list_tip.php on line 130.
 1 APPPATH\Views\Tip_tracking\report_list_tip.php(130): CodeIgniter\Debug\Exceptions->errorHandler(8, 'Undefined variable: tampilkan_harian_doni', 'APPPATH\\Views\\Tip_tracking\\report_list_tip.php', 130, [...])
 2 SYSTEMPATH\View\View.php(213): include('APPPATH\\Views\\Tip_tracking\\report_list_tip.php')
 3 SYSTEMPATH\View\View.php(216): CodeIgniter\View\View->CodeIgniter\View\{closure}()
 4 SYSTEMPATH\Common.php(1137): CodeIgniter\View\View->render('Tip_tracking/report_list_tip', [], true)
 5 APPPATH\Controllers\Tip.php(233): view('Tip_tracking/report_list_tip', [...])
 6 SYSTEMPATH\CodeIgniter.php(904): App\Controllers\Tip->reportperBulan()
 7 SYSTEMPATH\CodeIgniter.php(457): CodeIgniter\CodeIgniter->runController(Object(App\Controllers\Tip))
 8 SYSTEMPATH\CodeIgniter.php(340): CodeIgniter\CodeIgniter->handleRequest(null, Object(Config\Cache), false)
 9 FCPATH\index.php(67): CodeIgniter\CodeIgniter->run()
10 SYSTEMPATH\Commands\Server\rewrite.php(43): require_once('FCPATH\\index.php')
CRITICAL - 2023-03-24 09:01:55 --> Undefined variable: tampilkan_harian_doni
in APPPATH\Views\Tip_tracking\report_list_tip.php on line 130.
 1 APPPATH\Views\Tip_tracking\report_list_tip.php(130): CodeIgniter\Debug\Exceptions->errorHandler(8, 'Undefined variable: tampilkan_harian_doni', 'APPPATH\\Views\\Tip_tracking\\report_list_tip.php', 130, [...])
 2 SYSTEMPATH\View\View.php(213): include('APPPATH\\Views\\Tip_tracking\\report_list_tip.php')
 3 SYSTEMPATH\View\View.php(216): CodeIgniter\View\View->CodeIgniter\View\{closure}()
 4 SYSTEMPATH\Common.php(1137): CodeIgniter\View\View->render('Tip_tracking/report_list_tip', [], true)
 5 APPPATH\Controllers\Tip.php(233): view('Tip_tracking/report_list_tip', [...])
 6 SYSTEMPATH\CodeIgniter.php(904): App\Controllers\Tip->reportperBulan()
 7 SYSTEMPATH\CodeIgniter.php(457): CodeIgniter\CodeIgniter->runController(Object(App\Controllers\Tip))
 8 SYSTEMPATH\CodeIgniter.php(340): CodeIgniter\CodeIgniter->handleRequest(null, Object(Config\Cache), false)
 9 FCPATH\index.php(67): CodeIgniter\CodeIgniter->run()
10 SYSTEMPATH\Commands\Server\rewrite.php(43): require_once('FCPATH\\index.php')
CRITICAL - 2023-03-24 09:06:26 --> Undefined variable: tampilkan_tip_doni
in APPPATH\Views\Tip_tracking\report_list_tip.php on line 184.
 1 APPPATH\Views\Tip_tracking\report_list_tip.php(184): CodeIgniter\Debug\Exceptions->errorHandler(8, 'Undefined variable: tampilkan_tip_doni', 'APPPATH\\Views\\Tip_tracking\\report_list_tip.php', 184, [...])
 2 SYSTEMPATH\View\View.php(213): include('APPPATH\\Views\\Tip_tracking\\report_list_tip.php')
 3 SYSTEMPATH\View\View.php(216): CodeIgniter\View\View->CodeIgniter\View\{closure}()
 4 SYSTEMPATH\Common.php(1137): CodeIgniter\View\View->render('Tip_tracking/report_list_tip', [], true)
 5 APPPATH\Controllers\Tip.php(233): view('Tip_tracking/report_list_tip', [...])
 6 SYSTEMPATH\CodeIgniter.php(904): App\Controllers\Tip->reportperBulan()
 7 SYSTEMPATH\CodeIgniter.php(457): CodeIgniter\CodeIgniter->runController(Object(App\Controllers\Tip))
 8 SYSTEMPATH\CodeIgniter.php(340): CodeIgniter\CodeIgniter->handleRequest(null, Object(Config\Cache), false)
 9 FCPATH\index.php(67): CodeIgniter\CodeIgniter->run()
10 SYSTEMPATH\Commands\Server\rewrite.php(43): require_once('FCPATH\\index.php')
CRITICAL - 2023-03-24 09:19:49 --> Undefined variable: convert_bulan_1
in APPPATH\Views\Tip_tracking\print_report_list_tip.php on line 112.
 1 APPPATH\Views\Tip_tracking\print_report_list_tip.php(112): CodeIgniter\Debug\Exceptions->errorHandler(8, 'Undefined variable: convert_bulan_1', 'APPPATH\\Views\\Tip_tracking\\print_report_list_tip.php', 112, [...])
 2 SYSTEMPATH\View\View.php(213): include('APPPATH\\Views\\Tip_tracking\\print_report_list_tip.php')
 3 SYSTEMPATH\View\View.php(216): CodeIgniter\View\View->CodeIgniter\View\{closure}()
 4 SYSTEMPATH\Common.php(1137): CodeIgniter\View\View->render('Tip_tracking/print_report_list_tip', [], true)
 5 APPPATH\Controllers\Tip.php(276): view('Tip_tracking/print_report_list_tip', [...])
 6 SYSTEMPATH\CodeIgniter.php(904): App\Controllers\Tip->printreportperbulan()
 7 SYSTEMPATH\CodeIgniter.php(457): CodeIgniter\CodeIgniter->runController(Object(App\Controllers\Tip))
 8 SYSTEMPATH\CodeIgniter.php(340): CodeIgniter\CodeIgniter->handleRequest(null, Object(Config\Cache), false)
 9 FCPATH\index.php(67): CodeIgniter\CodeIgniter->run()
10 SYSTEMPATH\Commands\Server\rewrite.php(43): require_once('FCPATH\\index.php')
CRITICAL - 2023-03-24 09:53:52 --> Undefined variable: tampilkan_harian_chandra
in APPPATH\Views\Tip_tracking\report_rentang_list_tip.php on line 62.
 1 APPPATH\Views\Tip_tracking\report_rentang_list_tip.php(62): CodeIgniter\Debug\Exceptions->errorHandler(8, 'Undefined variable: tampilkan_harian_chandra', 'APPPATH\\Views\\Tip_tracking\\report_rentang_list_tip.php', 62, [...])
 2 SYSTEMPATH\View\View.php(213): include('APPPATH\\Views\\Tip_tracking\\report_rentang_list_tip.php')
 3 SYSTEMPATH\View\View.php(216): CodeIgniter\View\View->CodeIgniter\View\{closure}()
 4 SYSTEMPATH\Common.php(1137): CodeIgniter\View\View->render('Tip_tracking/report_rentang_list_tip', [], true)
 5 APPPATH\Controllers\Tip.php(299): view('Tip_tracking/report_rentang_list_tip', [...])
 6 SYSTEMPATH\CodeIgniter.php(904): App\Controllers\Tip->reportrentangBulan()
 7 SYSTEMPATH\CodeIgniter.php(457): CodeIgniter\CodeIgniter->runController(Object(App\Controllers\Tip))
 8 SYSTEMPATH\CodeIgniter.php(340): CodeIgniter\CodeIgniter->handleRequest(null, Object(Config\Cache), false)
 9 FCPATH\index.php(67): CodeIgniter\CodeIgniter->run()
10 SYSTEMPATH\Commands\Server\rewrite.php(43): require_once('FCPATH\\index.php')
CRITICAL - 2023-03-24 09:54:29 --> Undefined variable: tampilkan_harian_chandra
in APPPATH\Views\Tip_tracking\report_rentang_list_tip.php on line 62.
 1 APPPATH\Views\Tip_tracking\report_rentang_list_tip.php(62): CodeIgniter\Debug\Exceptions->errorHandler(8, 'Undefined variable: tampilkan_harian_chandra', 'APPPATH\\Views\\Tip_tracking\\report_rentang_list_tip.php', 62, [...])
 2 SYSTEMPATH\View\View.php(213): include('APPPATH\\Views\\Tip_tracking\\report_rentang_list_tip.php')
 3 SYSTEMPATH\View\View.php(216): CodeIgniter\View\View->CodeIgniter\View\{closure}()
 4 SYSTEMPATH\Common.php(1137): CodeIgniter\View\View->render('Tip_tracking/report_rentang_list_tip', [], true)
 5 APPPATH\Controllers\Tip.php(299): view('Tip_tracking/report_rentang_list_tip', [...])
 6 SYSTEMPATH\CodeIgniter.php(904): App\Controllers\Tip->reportrentangBulan()
 7 SYSTEMPATH\CodeIgniter.php(457): CodeIgniter\CodeIgniter->runController(Object(App\Controllers\Tip))
 8 SYSTEMPATH\CodeIgniter.php(340): CodeIgniter\CodeIgniter->handleRequest(null, Object(Config\Cache), false)
 9 FCPATH\index.php(67): CodeIgniter\CodeIgniter->run()
10 SYSTEMPATH\Commands\Server\rewrite.php(43): require_once('FCPATH\\index.php')
CRITICAL - 2023-03-24 09:54:45 --> Undefined variable: tampilkan_harian_chandra
in APPPATH\Views\Tip_tracking\report_rentang_list_tip.php on line 62.
 1 APPPATH\Views\Tip_tracking\report_rentang_list_tip.php(62): CodeIgniter\Debug\Exceptions->errorHandler(8, 'Undefined variable: tampilkan_harian_chandra', 'APPPATH\\Views\\Tip_tracking\\report_rentang_list_tip.php', 62, [...])
 2 SYSTEMPATH\View\View.php(213): include('APPPATH\\Views\\Tip_tracking\\report_rentang_list_tip.php')
 3 SYSTEMPATH\View\View.php(216): CodeIgniter\View\View->CodeIgniter\View\{closure}()
 4 SYSTEMPATH\Common.php(1137): CodeIgniter\View\View->render('Tip_tracking/report_rentang_list_tip', [], true)
 5 APPPATH\Controllers\Tip.php(299): view('Tip_tracking/report_rentang_list_tip', [...])
 6 SYSTEMPATH\CodeIgniter.php(904): App\Controllers\Tip->reportrentangBulan()
 7 SYSTEMPATH\CodeIgniter.php(457): CodeIgniter\CodeIgniter->runController(Object(App\Controllers\Tip))
 8 SYSTEMPATH\CodeIgniter.php(340): CodeIgniter\CodeIgniter->handleRequest(null, Object(Config\Cache), false)
 9 FCPATH\index.php(67): CodeIgniter\CodeIgniter->run()
10 SYSTEMPATH\Commands\Server\rewrite.php(43): require_once('FCPATH\\index.php')
CRITICAL - 2023-03-24 09:54:46 --> Undefined variable: tampilkan_harian_chandra
in APPPATH\Views\Tip_tracking\report_rentang_list_tip.php on line 62.
 1 APPPATH\Views\Tip_tracking\report_rentang_list_tip.php(62): CodeIgniter\Debug\Exceptions->errorHandler(8, 'Undefined variable: tampilkan_harian_chandra', 'APPPATH\\Views\\Tip_tracking\\report_rentang_list_tip.php', 62, [...])
 2 SYSTEMPATH\View\View.php(213): include('APPPATH\\Views\\Tip_tracking\\report_rentang_list_tip.php')
 3 SYSTEMPATH\View\View.php(216): CodeIgniter\View\View->CodeIgniter\View\{closure}()
 4 SYSTEMPATH\Common.php(1137): CodeIgniter\View\View->render('Tip_tracking/report_rentang_list_tip', [], true)
 5 APPPATH\Controllers\Tip.php(299): view('Tip_tracking/report_rentang_list_tip', [...])
 6 SYSTEMPATH\CodeIgniter.php(904): App\Controllers\Tip->reportrentangBulan()
 7 SYSTEMPATH\CodeIgniter.php(457): CodeIgniter\CodeIgniter->runController(Object(App\Controllers\Tip))
 8 SYSTEMPATH\CodeIgniter.php(340): CodeIgniter\CodeIgniter->handleRequest(null, Object(Config\Cache), false)
 9 FCPATH\index.php(67): CodeIgniter\CodeIgniter->run()
10 SYSTEMPATH\Commands\Server\rewrite.php(43): require_once('FCPATH\\index.php')
CRITICAL - 2023-03-24 09:55:06 --> Undefined variable: tampilkan_harian_chandra
in APPPATH\Views\Tip_tracking\report_rentang_list_tip.php on line 62.
 1 APPPATH\Views\Tip_tracking\report_rentang_list_tip.php(62): CodeIgniter\Debug\Exceptions->errorHandler(8, 'Undefined variable: tampilkan_harian_chandra', 'APPPATH\\Views\\Tip_tracking\\report_rentang_list_tip.php', 62, [...])
 2 SYSTEMPATH\View\View.php(213): include('APPPATH\\Views\\Tip_tracking\\report_rentang_list_tip.php')
 3 SYSTEMPATH\View\View.php(216): CodeIgniter\View\View->CodeIgniter\View\{closure}()
 4 SYSTEMPATH\Common.php(1137): CodeIgniter\View\View->render('Tip_tracking/report_rentang_list_tip', [], true)
 5 APPPATH\Controllers\Tip.php(299): view('Tip_tracking/report_rentang_list_tip', [...])
 6 SYSTEMPATH\CodeIgniter.php(904): App\Controllers\Tip->reportrentangBulan()
 7 SYSTEMPATH\CodeIgniter.php(457): CodeIgniter\CodeIgniter->runController(Object(App\Controllers\Tip))
 8 SYSTEMPATH\CodeIgniter.php(340): CodeIgniter\CodeIgniter->handleRequest(null, Object(Config\Cache), false)
 9 FCPATH\index.php(67): CodeIgniter\CodeIgniter->run()
10 SYSTEMPATH\Commands\Server\rewrite.php(43): require_once('FCPATH\\index.php')
CRITICAL - 2023-03-24 09:55:07 --> Undefined variable: tampilkan_harian_chandra
in APPPATH\Views\Tip_tracking\report_rentang_list_tip.php on line 62.
 1 APPPATH\Views\Tip_tracking\report_rentang_list_tip.php(62): CodeIgniter\Debug\Exceptions->errorHandler(8, 'Undefined variable: tampilkan_harian_chandra', 'APPPATH\\Views\\Tip_tracking\\report_rentang_list_tip.php', 62, [...])
 2 SYSTEMPATH\View\View.php(213): include('APPPATH\\Views\\Tip_tracking\\report_rentang_list_tip.php')
 3 SYSTEMPATH\View\View.php(216): CodeIgniter\View\View->CodeIgniter\View\{closure}()
 4 SYSTEMPATH\Common.php(1137): CodeIgniter\View\View->render('Tip_tracking/report_rentang_list_tip', [], true)
 5 APPPATH\Controllers\Tip.php(299): view('Tip_tracking/report_rentang_list_tip', [...])
 6 SYSTEMPATH\CodeIgniter.php(904): App\Controllers\Tip->reportrentangBulan()
 7 SYSTEMPATH\CodeIgniter.php(457): CodeIgniter\CodeIgniter->runController(Object(App\Controllers\Tip))
 8 SYSTEMPATH\CodeIgniter.php(340): CodeIgniter\CodeIgniter->handleRequest(null, Object(Config\Cache), false)
 9 FCPATH\index.php(67): CodeIgniter\CodeIgniter->run()
10 SYSTEMPATH\Commands\Server\rewrite.php(43): require_once('FCPATH\\index.php')
CRITICAL - 2023-03-24 09:56:05 --> Undefined variable: tampilkan_harian_chandra
in APPPATH\Views\Tip_tracking\report_rentang_list_tip.php on line 62.
 1 APPPATH\Views\Tip_tracking\report_rentang_list_tip.php(62): CodeIgniter\Debug\Exceptions->errorHandler(8, 'Undefined variable: tampilkan_harian_chandra', 'APPPATH\\Views\\Tip_tracking\\report_rentang_list_tip.php', 62, [...])
 2 SYSTEMPATH\View\View.php(213): include('APPPATH\\Views\\Tip_tracking\\report_rentang_list_tip.php')
 3 SYSTEMPATH\View\View.php(216): CodeIgniter\View\View->CodeIgniter\View\{closure}()
 4 SYSTEMPATH\Common.php(1137): CodeIgniter\View\View->render('Tip_tracking/report_rentang_list_tip', [], true)
 5 APPPATH\Controllers\Tip.php(299): view('Tip_tracking/report_rentang_list_tip', [...])
 6 SYSTEMPATH\CodeIgniter.php(904): App\Controllers\Tip->reportrentangBulan()
 7 SYSTEMPATH\CodeIgniter.php(457): CodeIgniter\CodeIgniter->runController(Object(App\Controllers\Tip))
 8 SYSTEMPATH\CodeIgniter.php(340): CodeIgniter\CodeIgniter->handleRequest(null, Object(Config\Cache), false)
 9 FCPATH\index.php(67): CodeIgniter\CodeIgniter->run()
10 SYSTEMPATH\Commands\Server\rewrite.php(43): require_once('FCPATH\\index.php')
CRITICAL - 2023-03-24 10:03:29 --> Undefined variable: trip
in APPPATH\Views\Tip_tracking\report_rentang_list_tip.php on line 66.
 1 APPPATH\Views\Tip_tracking\report_rentang_list_tip.php(66): CodeIgniter\Debug\Exceptions->errorHandler(8, 'Undefined variable: trip', 'APPPATH\\Views\\Tip_tracking\\report_rentang_list_tip.php', 66, [...])
 2 SYSTEMPATH\View\View.php(213): include('APPPATH\\Views\\Tip_tracking\\report_rentang_list_tip.php')
 3 SYSTEMPATH\View\View.php(216): CodeIgniter\View\View->CodeIgniter\View\{closure}()
 4 SYSTEMPATH\Common.php(1137): CodeIgniter\View\View->render('Tip_tracking/report_rentang_list_tip', [], true)
 5 APPPATH\Controllers\Tip.php(299): view('Tip_tracking/report_rentang_list_tip', [...])
 6 SYSTEMPATH\CodeIgniter.php(904): App\Controllers\Tip->reportrentangBulan()
 7 SYSTEMPATH\CodeIgniter.php(457): CodeIgniter\CodeIgniter->runController(Object(App\Controllers\Tip))
 8 SYSTEMPATH\CodeIgniter.php(340): CodeIgniter\CodeIgniter->handleRequest(null, Object(Config\Cache), false)
 9 FCPATH\index.php(67): CodeIgniter\CodeIgniter->run()
10 SYSTEMPATH\Commands\Server\rewrite.php(43): require_once('FCPATH\\index.php')
CRITICAL - 2023-03-24 10:03:49 --> Undefined variable: tampilkan_harian_chandra
in APPPATH\Views\Tip_tracking\report_rentang_list_tip.php on line 67.
 1 APPPATH\Views\Tip_tracking\report_rentang_list_tip.php(67): CodeIgniter\Debug\Exceptions->errorHandler(8, 'Undefined variable: tampilkan_harian_chandra', 'APPPATH\\Views\\Tip_tracking\\report_rentang_list_tip.php', 67, [...])
 2 SYSTEMPATH\View\View.php(213): include('APPPATH\\Views\\Tip_tracking\\report_rentang_list_tip.php')
 3 SYSTEMPATH\View\View.php(216): CodeIgniter\View\View->CodeIgniter\View\{closure}()
 4 SYSTEMPATH\Common.php(1137): CodeIgniter\View\View->render('Tip_tracking/report_rentang_list_tip', [], true)
 5 APPPATH\Controllers\Tip.php(299): view('Tip_tracking/report_rentang_list_tip', [...])
 6 SYSTEMPATH\CodeIgniter.php(904): App\Controllers\Tip->reportrentangBulan()
 7 SYSTEMPATH\CodeIgniter.php(457): CodeIgniter\CodeIgniter->runController(Object(App\Controllers\Tip))
 8 SYSTEMPATH\CodeIgniter.php(340): CodeIgniter\CodeIgniter->handleRequest(null, Object(Config\Cache), false)
 9 FCPATH\index.php(67): CodeIgniter\CodeIgniter->run()
10 SYSTEMPATH\Commands\Server\rewrite.php(43): require_once('FCPATH\\index.php')
CRITICAL - 2023-03-24 10:04:24 --> Undefined variable: tampilkan_harian_chandra
in APPPATH\Views\Tip_tracking\report_rentang_list_tip.php on line 68.
 1 APPPATH\Views\Tip_tracking\report_rentang_list_tip.php(68): CodeIgniter\Debug\Exceptions->errorHandler(8, 'Undefined variable: tampilkan_harian_chandra', 'APPPATH\\Views\\Tip_tracking\\report_rentang_list_tip.php', 68, [...])
 2 SYSTEMPATH\View\View.php(213): include('APPPATH\\Views\\Tip_tracking\\report_rentang_list_tip.php')
 3 SYSTEMPATH\View\View.php(216): CodeIgniter\View\View->CodeIgniter\View\{closure}()
 4 SYSTEMPATH\Common.php(1137): CodeIgniter\View\View->render('Tip_tracking/report_rentang_list_tip', [], true)
 5 APPPATH\Controllers\Tip.php(299): view('Tip_tracking/report_rentang_list_tip', [...])
 6 SYSTEMPATH\CodeIgniter.php(904): App\Controllers\Tip->reportrentangBulan()
 7 SYSTEMPATH\CodeIgniter.php(457): CodeIgniter\CodeIgniter->runController(Object(App\Controllers\Tip))
 8 SYSTEMPATH\CodeIgniter.php(340): CodeIgniter\CodeIgniter->handleRequest(null, Object(Config\Cache), false)
 9 FCPATH\index.php(67): CodeIgniter\CodeIgniter->run()
10 SYSTEMPATH\Commands\Server\rewrite.php(43): require_once('FCPATH\\index.php')
CRITICAL - 2023-03-24 10:04:44 --> Undefined variable: tampilkan_harian_chandra
in APPPATH\Views\Tip_tracking\report_rentang_list_tip.php on line 67.
 1 APPPATH\Views\Tip_tracking\report_rentang_list_tip.php(67): CodeIgniter\Debug\Exceptions->errorHandler(8, 'Undefined variable: tampilkan_harian_chandra', 'APPPATH\\Views\\Tip_tracking\\report_rentang_list_tip.php', 67, [...])
 2 SYSTEMPATH\View\View.php(213): include('APPPATH\\Views\\Tip_tracking\\report_rentang_list_tip.php')
 3 SYSTEMPATH\View\View.php(216): CodeIgniter\View\View->CodeIgniter\View\{closure}()
 4 SYSTEMPATH\Common.php(1137): CodeIgniter\View\View->render('Tip_tracking/report_rentang_list_tip', [], true)
 5 APPPATH\Controllers\Tip.php(299): view('Tip_tracking/report_rentang_list_tip', [...])
 6 SYSTEMPATH\CodeIgniter.php(904): App\Controllers\Tip->reportrentangBulan()
 7 SYSTEMPATH\CodeIgniter.php(457): CodeIgniter\CodeIgniter->runController(Object(App\Controllers\Tip))
 8 SYSTEMPATH\CodeIgniter.php(340): CodeIgniter\CodeIgniter->handleRequest(null, Object(Config\Cache), false)
 9 FCPATH\index.php(67): CodeIgniter\CodeIgniter->run()
10 SYSTEMPATH\Commands\Server\rewrite.php(43): require_once('FCPATH\\index.php')
CRITICAL - 2023-03-24 10:06:01 --> Undefined variable: tampilkan_harian_chandra
in APPPATH\Views\Tip_tracking\report_rentang_list_tip.php on line 65.
 1 APPPATH\Views\Tip_tracking\report_rentang_list_tip.php(65): CodeIgniter\Debug\Exceptions->errorHandler(8, 'Undefined variable: tampilkan_harian_chandra', 'APPPATH\\Views\\Tip_tracking\\report_rentang_list_tip.php', 65, [...])
 2 SYSTEMPATH\View\View.php(213): include('APPPATH\\Views\\Tip_tracking\\report_rentang_list_tip.php')
 3 SYSTEMPATH\View\View.php(216): CodeIgniter\View\View->CodeIgniter\View\{closure}()
 4 SYSTEMPATH\Common.php(1137): CodeIgniter\View\View->render('Tip_tracking/report_rentang_list_tip', [], true)
 5 APPPATH\Controllers\Tip.php(299): view('Tip_tracking/report_rentang_list_tip', [...])
 6 SYSTEMPATH\CodeIgniter.php(904): App\Controllers\Tip->reportrentangBulan()
 7 SYSTEMPATH\CodeIgniter.php(457): CodeIgniter\CodeIgniter->runController(Object(App\Controllers\Tip))
 8 SYSTEMPATH\CodeIgniter.php(340): CodeIgniter\CodeIgniter->handleRequest(null, Object(Config\Cache), false)
 9 FCPATH\index.php(67): CodeIgniter\CodeIgniter->run()
10 SYSTEMPATH\Commands\Server\rewrite.php(43): require_once('FCPATH\\index.php')
CRITICAL - 2023-03-24 10:07:20 --> Undefined variable: tampilkan_harian_chandra
in APPPATH\Views\Tip_tracking\report_rentang_list_tip.php on line 63.
 1 APPPATH\Views\Tip_tracking\report_rentang_list_tip.php(63): CodeIgniter\Debug\Exceptions->errorHandler(8, 'Undefined variable: tampilkan_harian_chandra', 'APPPATH\\Views\\Tip_tracking\\report_rentang_list_tip.php', 63, [...])
 2 SYSTEMPATH\View\View.php(213): include('APPPATH\\Views\\Tip_tracking\\report_rentang_list_tip.php')
 3 SYSTEMPATH\View\View.php(216): CodeIgniter\View\View->CodeIgniter\View\{closure}()
 4 SYSTEMPATH\Common.php(1137): CodeIgniter\View\View->render('Tip_tracking/report_rentang_list_tip', [], true)
 5 APPPATH\Controllers\Tip.php(299): view('Tip_tracking/report_rentang_list_tip', [...])
 6 SYSTEMPATH\CodeIgniter.php(904): App\Controllers\Tip->reportrentangBulan()
 7 SYSTEMPATH\CodeIgniter.php(457): CodeIgniter\CodeIgniter->runController(Object(App\Controllers\Tip))
 8 SYSTEMPATH\CodeIgniter.php(340): CodeIgniter\CodeIgniter->handleRequest(null, Object(Config\Cache), false)
 9 FCPATH\index.php(67): CodeIgniter\CodeIgniter->run()
10 SYSTEMPATH\Commands\Server\rewrite.php(43): require_once('FCPATH\\index.php')
CRITICAL - 2023-03-24 10:07:26 --> Undefined variable: tampilkan_harian_chandra
in APPPATH\Views\Tip_tracking\report_rentang_list_tip.php on line 63.
 1 APPPATH\Views\Tip_tracking\report_rentang_list_tip.php(63): CodeIgniter\Debug\Exceptions->errorHandler(8, 'Undefined variable: tampilkan_harian_chandra', 'APPPATH\\Views\\Tip_tracking\\report_rentang_list_tip.php', 63, [...])
 2 SYSTEMPATH\View\View.php(213): include('APPPATH\\Views\\Tip_tracking\\report_rentang_list_tip.php')
 3 SYSTEMPATH\View\View.php(216): CodeIgniter\View\View->CodeIgniter\View\{closure}()
 4 SYSTEMPATH\Common.php(1137): CodeIgniter\View\View->render('Tip_tracking/report_rentang_list_tip', [], true)
 5 APPPATH\Controllers\Tip.php(299): view('Tip_tracking/report_rentang_list_tip', [...])
 6 SYSTEMPATH\CodeIgniter.php(904): App\Controllers\Tip->reportrentangBulan()
 7 SYSTEMPATH\CodeIgniter.php(457): CodeIgniter\CodeIgniter->runController(Object(App\Controllers\Tip))
 8 SYSTEMPATH\CodeIgniter.php(340): CodeIgniter\CodeIgniter->handleRequest(null, Object(Config\Cache), false)
 9 FCPATH\index.php(67): CodeIgniter\CodeIgniter->run()
10 SYSTEMPATH\Commands\Server\rewrite.php(43): require_once('FCPATH\\index.php')
CRITICAL - 2023-03-24 10:08:29 --> Undefined variable: tampilkan_harian_chandra
in APPPATH\Views\Tip_tracking\report_rentang_list_tip.php on line 63.
 1 APPPATH\Views\Tip_tracking\report_rentang_list_tip.php(63): CodeIgniter\Debug\Exceptions->errorHandler(8, 'Undefined variable: tampilkan_harian_chandra', 'APPPATH\\Views\\Tip_tracking\\report_rentang_list_tip.php', 63, [...])
 2 SYSTEMPATH\View\View.php(213): include('APPPATH\\Views\\Tip_tracking\\report_rentang_list_tip.php')
 3 SYSTEMPATH\View\View.php(216): CodeIgniter\View\View->CodeIgniter\View\{closure}()
 4 SYSTEMPATH\Common.php(1137): CodeIgniter\View\View->render('Tip_tracking/report_rentang_list_tip', [], true)
 5 APPPATH\Controllers\Tip.php(299): view('Tip_tracking/report_rentang_list_tip', [...])
 6 SYSTEMPATH\CodeIgniter.php(904): App\Controllers\Tip->reportrentangBulan()
 7 SYSTEMPATH\CodeIgniter.php(457): CodeIgniter\CodeIgniter->runController(Object(App\Controllers\Tip))
 8 SYSTEMPATH\CodeIgniter.php(340): CodeIgniter\CodeIgniter->handleRequest(null, Object(Config\Cache), false)
 9 FCPATH\index.php(67): CodeIgniter\CodeIgniter->run()
10 SYSTEMPATH\Commands\Server\rewrite.php(43): require_once('FCPATH\\index.php')
CRITICAL - 2023-03-24 10:12:52 --> Undefined variable: tahun
in APPPATH\Views\Tip_tracking\report_rentang_list_tip.php on line 68.
 1 APPPATH\Views\Tip_tracking\report_rentang_list_tip.php(68): CodeIgniter\Debug\Exceptions->errorHandler(8, 'Undefined variable: tahun', 'APPPATH\\Views\\Tip_tracking\\report_rentang_list_tip.php', 68, [...])
 2 SYSTEMPATH\View\View.php(213): include('APPPATH\\Views\\Tip_tracking\\report_rentang_list_tip.php')
 3 SYSTEMPATH\View\View.php(216): CodeIgniter\View\View->CodeIgniter\View\{closure}()
 4 SYSTEMPATH\Common.php(1137): CodeIgniter\View\View->render('Tip_tracking/report_rentang_list_tip', [], true)
 5 APPPATH\Controllers\Tip.php(299): view('Tip_tracking/report_rentang_list_tip', [...])
 6 SYSTEMPATH\CodeIgniter.php(904): App\Controllers\Tip->reportrentangBulan()
 7 SYSTEMPATH\CodeIgniter.php(457): CodeIgniter\CodeIgniter->runController(Object(App\Controllers\Tip))
 8 SYSTEMPATH\CodeIgniter.php(340): CodeIgniter\CodeIgniter->handleRequest(null, Object(Config\Cache), false)
 9 FCPATH\index.php(67): CodeIgniter\CodeIgniter->run()
10 SYSTEMPATH\Commands\Server\rewrite.php(43): require_once('FCPATH\\index.php')
CRITICAL - 2023-03-24 11:40:26 --> number_format() expects parameter 1 to be float, string given
in APPPATH\Views\Tip_tracking\report_rentang_list_tip.php on line 115.
 1 [internal function]: CodeIgniter\Debug\Exceptions->errorHandler(2, 'number_format() expects parameter 1 to be float, string given', 'APPPATH\\Views\\Tip_tracking\\report_rentang_list_tip.php', 115, [...])
 2 APPPATH\Views\Tip_tracking\report_rentang_list_tip.php(115): number_format(' ', 2, 'ROOTPATH\\public', ',')
 3 SYSTEMPATH\View\View.php(213): include('APPPATH\\Views\\Tip_tracking\\report_rentang_list_tip.php')
 4 SYSTEMPATH\View\View.php(216): CodeIgniter\View\View->CodeIgniter\View\{closure}()
 5 SYSTEMPATH\Common.php(1137): CodeIgniter\View\View->render('Tip_tracking/report_rentang_list_tip', [], true)
 6 APPPATH\Controllers\Tip.php(299): view('Tip_tracking/report_rentang_list_tip', [...])
 7 SYSTEMPATH\CodeIgniter.php(904): App\Controllers\Tip->reportrentangBulan()
 8 SYSTEMPATH\CodeIgniter.php(457): CodeIgniter\CodeIgniter->runController(Object(App\Controllers\Tip))
 9 SYSTEMPATH\CodeIgniter.php(340): CodeIgniter\CodeIgniter->handleRequest(null, Object(Config\Cache), false)
10 FCPATH\index.php(67): CodeIgniter\CodeIgniter->run()
11 SYSTEMPATH\Commands\Server\rewrite.php(43): require_once('FCPATH\\index.php')
CRITICAL - 2023-03-24 11:40:54 --> number_format() expects parameter 1 to be float, string given
in APPPATH\Views\Tip_tracking\report_rentang_list_tip.php on line 115.
 1 [internal function]: CodeIgniter\Debug\Exceptions->errorHandler(2, 'number_format() expects parameter 1 to be float, string given', 'APPPATH\\Views\\Tip_tracking\\report_rentang_list_tip.php', 115, [...])
 2 APPPATH\Views\Tip_tracking\report_rentang_list_tip.php(115): number_format('ROOTPATH\\public', 2, 'ROOTPATH\\public', ',')
 3 SYSTEMPATH\View\View.php(213): include('APPPATH\\Views\\Tip_tracking\\report_rentang_list_tip.php')
 4 SYSTEMPATH\View\View.php(216): CodeIgniter\View\View->CodeIgniter\View\{closure}()
 5 SYSTEMPATH\Common.php(1137): CodeIgniter\View\View->render('Tip_tracking/report_rentang_list_tip', [], true)
 6 APPPATH\Controllers\Tip.php(299): view('Tip_tracking/report_rentang_list_tip', [...])
 7 SYSTEMPATH\CodeIgniter.php(904): App\Controllers\Tip->reportrentangBulan()
 8 SYSTEMPATH\CodeIgniter.php(457): CodeIgniter\CodeIgniter->runController(Object(App\Controllers\Tip))
 9 SYSTEMPATH\CodeIgniter.php(340): CodeIgniter\CodeIgniter->handleRequest(null, Object(Config\Cache), false)
10 FCPATH\index.php(67): CodeIgniter\CodeIgniter->run()
11 SYSTEMPATH\Commands\Server\rewrite.php(43): require_once('FCPATH\\index.php')
CRITICAL - 2023-03-24 11:47:53 --> Undefined variable: tampilkan_harian_chandra
in APPPATH\Views\Tip_tracking\report_rentang_list_tip.php on line 63.
 1 APPPATH\Views\Tip_tracking\report_rentang_list_tip.php(63): CodeIgniter\Debug\Exceptions->errorHandler(8, 'Undefined variable: tampilkan_harian_chandra', 'APPPATH\\Views\\Tip_tracking\\report_rentang_list_tip.php', 63, [...])
 2 SYSTEMPATH\View\View.php(213): include('APPPATH\\Views\\Tip_tracking\\report_rentang_list_tip.php')
 3 SYSTEMPATH\View\View.php(216): CodeIgniter\View\View->CodeIgniter\View\{closure}()
 4 SYSTEMPATH\Common.php(1137): CodeIgniter\View\View->render('Tip_tracking/report_rentang_list_tip', [], true)
 5 APPPATH\Controllers\Tip.php(299): view('Tip_tracking/report_rentang_list_tip', [...])
 6 SYSTEMPATH\CodeIgniter.php(904): App\Controllers\Tip->reportrentangBulan()
 7 SYSTEMPATH\CodeIgniter.php(457): CodeIgniter\CodeIgniter->runController(Object(App\Controllers\Tip))
 8 SYSTEMPATH\CodeIgniter.php(340): CodeIgniter\CodeIgniter->handleRequest(null, Object(Config\Cache), false)
 9 FCPATH\index.php(67): CodeIgniter\CodeIgniter->run()
10 SYSTEMPATH\Commands\Server\rewrite.php(43): require_once('FCPATH\\index.php')
CRITICAL - 2023-03-24 11:49:00 --> Undefined variable: tampilkan_harian_chandra
in APPPATH\Views\Tip_tracking\report_rentang_list_tip.php on line 63.
 1 APPPATH\Views\Tip_tracking\report_rentang_list_tip.php(63): CodeIgniter\Debug\Exceptions->errorHandler(8, 'Undefined variable: tampilkan_harian_chandra', 'APPPATH\\Views\\Tip_tracking\\report_rentang_list_tip.php', 63, [...])
 2 SYSTEMPATH\View\View.php(213): include('APPPATH\\Views\\Tip_tracking\\report_rentang_list_tip.php')
 3 SYSTEMPATH\View\View.php(216): CodeIgniter\View\View->CodeIgniter\View\{closure}()
 4 SYSTEMPATH\Common.php(1137): CodeIgniter\View\View->render('Tip_tracking/report_rentang_list_tip', [], true)
 5 APPPATH\Controllers\Tip.php(299): view('Tip_tracking/report_rentang_list_tip', [...])
 6 SYSTEMPATH\CodeIgniter.php(904): App\Controllers\Tip->reportrentangBulan()
 7 SYSTEMPATH\CodeIgniter.php(457): CodeIgniter\CodeIgniter->runController(Object(App\Controllers\Tip))
 8 SYSTEMPATH\CodeIgniter.php(340): CodeIgniter\CodeIgniter->handleRequest(null, Object(Config\Cache), false)
 9 FCPATH\index.php(67): CodeIgniter\CodeIgniter->run()
10 SYSTEMPATH\Commands\Server\rewrite.php(43): require_once('FCPATH\\index.php')
CRITICAL - 2023-03-24 11:49:12 --> Undefined variable: tampilkan_harian_chandra
in APPPATH\Views\Tip_tracking\report_rentang_list_tip.php on line 63.
 1 APPPATH\Views\Tip_tracking\report_rentang_list_tip.php(63): CodeIgniter\Debug\Exceptions->errorHandler(8, 'Undefined variable: tampilkan_harian_chandra', 'APPPATH\\Views\\Tip_tracking\\report_rentang_list_tip.php', 63, [...])
 2 SYSTEMPATH\View\View.php(213): include('APPPATH\\Views\\Tip_tracking\\report_rentang_list_tip.php')
 3 SYSTEMPATH\View\View.php(216): CodeIgniter\View\View->CodeIgniter\View\{closure}()
 4 SYSTEMPATH\Common.php(1137): CodeIgniter\View\View->render('Tip_tracking/report_rentang_list_tip', [], true)
 5 APPPATH\Controllers\Tip.php(299): view('Tip_tracking/report_rentang_list_tip', [...])
 6 SYSTEMPATH\CodeIgniter.php(904): App\Controllers\Tip->reportrentangBulan()
 7 SYSTEMPATH\CodeIgniter.php(457): CodeIgniter\CodeIgniter->runController(Object(App\Controllers\Tip))
 8 SYSTEMPATH\CodeIgniter.php(340): CodeIgniter\CodeIgniter->handleRequest(null, Object(Config\Cache), false)
 9 FCPATH\index.php(67): CodeIgniter\CodeIgniter->run()
10 SYSTEMPATH\Commands\Server\rewrite.php(43): require_once('FCPATH\\index.php')
CRITICAL - 2023-03-24 13:00:52 --> Undefined variable: tampilkan_harian_chandra
in APPPATH\Views\Tip_tracking\report_rentang_list_tip.php on line 63.
 1 APPPATH\Views\Tip_tracking\report_rentang_list_tip.php(63): CodeIgniter\Debug\Exceptions->errorHandler(8, 'Undefined variable: tampilkan_harian_chandra', 'APPPATH\\Views\\Tip_tracking\\report_rentang_list_tip.php', 63, [...])
 2 SYSTEMPATH\View\View.php(213): include('APPPATH\\Views\\Tip_tracking\\report_rentang_list_tip.php')
 3 SYSTEMPATH\View\View.php(216): CodeIgniter\View\View->CodeIgniter\View\{closure}()
 4 SYSTEMPATH\Common.php(1137): CodeIgniter\View\View->render('Tip_tracking/report_rentang_list_tip', [], true)
 5 APPPATH\Controllers\Tip.php(299): view('Tip_tracking/report_rentang_list_tip', [...])
 6 SYSTEMPATH\CodeIgniter.php(904): App\Controllers\Tip->reportrentangBulan()
 7 SYSTEMPATH\CodeIgniter.php(457): CodeIgniter\CodeIgniter->runController(Object(App\Controllers\Tip))
 8 SYSTEMPATH\CodeIgniter.php(340): CodeIgniter\CodeIgniter->handleRequest(null, Object(Config\Cache), false)
 9 FCPATH\index.php(67): CodeIgniter\CodeIgniter->run()
10 SYSTEMPATH\Commands\Server\rewrite.php(43): require_once('FCPATH\\index.php')
CRITICAL - 2023-03-24 13:12:53 --> Undefined variable: tampilkan_harian_chandra
in APPPATH\Views\Tip_tracking\report_rentang_list_tip.php on line 63.
 1 APPPATH\Views\Tip_tracking\report_rentang_list_tip.php(63): CodeIgniter\Debug\Exceptions->errorHandler(8, 'Undefined variable: tampilkan_harian_chandra', 'APPPATH\\Views\\Tip_tracking\\report_rentang_list_tip.php', 63, [...])
 2 SYSTEMPATH\View\View.php(213): include('APPPATH\\Views\\Tip_tracking\\report_rentang_list_tip.php')
 3 SYSTEMPATH\View\View.php(216): CodeIgniter\View\View->CodeIgniter\View\{closure}()
 4 SYSTEMPATH\Common.php(1137): CodeIgniter\View\View->render('Tip_tracking/report_rentang_list_tip', [], true)
 5 APPPATH\Controllers\Tip.php(299): view('Tip_tracking/report_rentang_list_tip', [...])
 6 SYSTEMPATH\CodeIgniter.php(904): App\Controllers\Tip->reportrentangBulan()
 7 SYSTEMPATH\CodeIgniter.php(457): CodeIgniter\CodeIgniter->runController(Object(App\Controllers\Tip))
 8 SYSTEMPATH\CodeIgniter.php(340): CodeIgniter\CodeIgniter->handleRequest(null, Object(Config\Cache), false)
 9 FCPATH\index.php(67): CodeIgniter\CodeIgniter->run()
10 SYSTEMPATH\Commands\Server\rewrite.php(43): require_once('FCPATH\\index.php')
CRITICAL - 2023-03-24 13:15:46 --> Undefined variable: tampilkan_harian_chandra
in APPPATH\Views\Tip_tracking\report_rentang_list_tip.php on line 63.
 1 APPPATH\Views\Tip_tracking\report_rentang_list_tip.php(63): CodeIgniter\Debug\Exceptions->errorHandler(8, 'Undefined variable: tampilkan_harian_chandra', 'APPPATH\\Views\\Tip_tracking\\report_rentang_list_tip.php', 63, [...])
 2 SYSTEMPATH\View\View.php(213): include('APPPATH\\Views\\Tip_tracking\\report_rentang_list_tip.php')
 3 SYSTEMPATH\View\View.php(216): CodeIgniter\View\View->CodeIgniter\View\{closure}()
 4 SYSTEMPATH\Common.php(1137): CodeIgniter\View\View->render('Tip_tracking/report_rentang_list_tip', [], true)
 5 APPPATH\Controllers\Tip.php(300): view('Tip_tracking/report_rentang_list_tip', [...])
 6 SYSTEMPATH\CodeIgniter.php(904): App\Controllers\Tip->reportrentangBulan()
 7 SYSTEMPATH\CodeIgniter.php(457): CodeIgniter\CodeIgniter->runController(Object(App\Controllers\Tip))
 8 SYSTEMPATH\CodeIgniter.php(340): CodeIgniter\CodeIgniter->handleRequest(null, Object(Config\Cache), false)
 9 FCPATH\index.php(67): CodeIgniter\CodeIgniter->run()
10 SYSTEMPATH\Commands\Server\rewrite.php(43): require_once('FCPATH\\index.php')
CRITICAL - 2023-03-24 13:16:20 --> Undefined variable: tampilkan_harian_chandra
in APPPATH\Views\Tip_tracking\report_rentang_list_tip.php on line 63.
 1 APPPATH\Views\Tip_tracking\report_rentang_list_tip.php(63): CodeIgniter\Debug\Exceptions->errorHandler(8, 'Undefined variable: tampilkan_harian_chandra', 'APPPATH\\Views\\Tip_tracking\\report_rentang_list_tip.php', 63, [...])
 2 SYSTEMPATH\View\View.php(213): include('APPPATH\\Views\\Tip_tracking\\report_rentang_list_tip.php')
 3 SYSTEMPATH\View\View.php(216): CodeIgniter\View\View->CodeIgniter\View\{closure}()
 4 SYSTEMPATH\Common.php(1137): CodeIgniter\View\View->render('Tip_tracking/report_rentang_list_tip', [], true)
 5 APPPATH\Controllers\Tip.php(300): view('Tip_tracking/report_rentang_list_tip', [...])
 6 SYSTEMPATH\CodeIgniter.php(904): App\Controllers\Tip->reportrentangBulan()
 7 SYSTEMPATH\CodeIgniter.php(457): CodeIgniter\CodeIgniter->runController(Object(App\Controllers\Tip))
 8 SYSTEMPATH\CodeIgniter.php(340): CodeIgniter\CodeIgniter->handleRequest(null, Object(Config\Cache), false)
 9 FCPATH\index.php(67): CodeIgniter\CodeIgniter->run()
10 SYSTEMPATH\Commands\Server\rewrite.php(43): require_once('FCPATH\\index.php')
CRITICAL - 2023-03-24 13:26:39 --> Invalid argument supplied for foreach()
in APPPATH\Views\Tip_tracking\report_rentang_list_tip.php on line 57.
 1 APPPATH\Views\Tip_tracking\report_rentang_list_tip.php(57): CodeIgniter\Debug\Exceptions->errorHandler(2, 'Invalid argument supplied for foreach()', 'APPPATH\\Views\\Tip_tracking\\report_rentang_list_tip.php', 57, [...])
 2 SYSTEMPATH\View\View.php(213): include('APPPATH\\Views\\Tip_tracking\\report_rentang_list_tip.php')
 3 SYSTEMPATH\View\View.php(216): CodeIgniter\View\View->CodeIgniter\View\{closure}()
 4 SYSTEMPATH\Common.php(1137): CodeIgniter\View\View->render('Tip_tracking/report_rentang_list_tip', [], true)
 5 APPPATH\Controllers\Tip.php(299): view('Tip_tracking/report_rentang_list_tip', [...])
 6 SYSTEMPATH\CodeIgniter.php(904): App\Controllers\Tip->reportrentangBulan()
 7 SYSTEMPATH\CodeIgniter.php(457): CodeIgniter\CodeIgniter->runController(Object(App\Controllers\Tip))
 8 SYSTEMPATH\CodeIgniter.php(340): CodeIgniter\CodeIgniter->handleRequest(null, Object(Config\Cache), false)
 9 FCPATH\index.php(67): CodeIgniter\CodeIgniter->run()
10 SYSTEMPATH\Commands\Server\rewrite.php(43): require_once('FCPATH\\index.php')
CRITICAL - 2023-03-24 13:26:54 --> Invalid argument supplied for foreach()
in APPPATH\Views\Tip_tracking\report_rentang_list_tip.php on line 57.
 1 APPPATH\Views\Tip_tracking\report_rentang_list_tip.php(57): CodeIgniter\Debug\Exceptions->errorHandler(2, 'Invalid argument supplied for foreach()', 'APPPATH\\Views\\Tip_tracking\\report_rentang_list_tip.php', 57, [...])
 2 SYSTEMPATH\View\View.php(213): include('APPPATH\\Views\\Tip_tracking\\report_rentang_list_tip.php')
 3 SYSTEMPATH\View\View.php(216): CodeIgniter\View\View->CodeIgniter\View\{closure}()
 4 SYSTEMPATH\Common.php(1137): CodeIgniter\View\View->render('Tip_tracking/report_rentang_list_tip', [], true)
 5 APPPATH\Controllers\Tip.php(299): view('Tip_tracking/report_rentang_list_tip', [...])
 6 SYSTEMPATH\CodeIgniter.php(904): App\Controllers\Tip->reportrentangBulan()
 7 SYSTEMPATH\CodeIgniter.php(457): CodeIgniter\CodeIgniter->runController(Object(App\Controllers\Tip))
 8 SYSTEMPATH\CodeIgniter.php(340): CodeIgniter\CodeIgniter->handleRequest(null, Object(Config\Cache), false)
 9 FCPATH\index.php(67): CodeIgniter\CodeIgniter->run()
10 SYSTEMPATH\Commands\Server\rewrite.php(43): require_once('FCPATH\\index.php')
CRITICAL - 2023-03-24 13:52:25 --> Object of class DateTime could not be converted to int
in APPPATH\Views\Tip_tracking\report_rentang_list_tip.php on line 56.
 1 APPPATH\Views\Tip_tracking\report_rentang_list_tip.php(56): CodeIgniter\Debug\Exceptions->errorHandler(8, 'Object of class DateTime could not be converted to int', 'APPPATH\\Views\\Tip_tracking\\report_rentang_list_tip.php', 56, [...])
 2 SYSTEMPATH\View\View.php(213): include('APPPATH\\Views\\Tip_tracking\\report_rentang_list_tip.php')
 3 SYSTEMPATH\View\View.php(216): CodeIgniter\View\View->CodeIgniter\View\{closure}()
 4 SYSTEMPATH\Common.php(1137): CodeIgniter\View\View->render('Tip_tracking/report_rentang_list_tip', [], true)
 5 APPPATH\Controllers\Tip.php(299): view('Tip_tracking/report_rentang_list_tip', [...])
 6 SYSTEMPATH\CodeIgniter.php(904): App\Controllers\Tip->reportrentangBulan()
 7 SYSTEMPATH\CodeIgniter.php(457): CodeIgniter\CodeIgniter->runController(Object(App\Controllers\Tip))
 8 SYSTEMPATH\CodeIgniter.php(340): CodeIgniter\CodeIgniter->handleRequest(null, Object(Config\Cache), false)
 9 FCPATH\index.php(67): CodeIgniter\CodeIgniter->run()
10 SYSTEMPATH\Commands\Server\rewrite.php(43): require_once('FCPATH\\index.php')
CRITICAL - 2023-03-24 13:52:46 --> Object of class DateTime could not be converted to int
in APPPATH\Views\Tip_tracking\report_rentang_list_tip.php on line 56.
 1 APPPATH\Views\Tip_tracking\report_rentang_list_tip.php(56): CodeIgniter\Debug\Exceptions->errorHandler(8, 'Object of class DateTime could not be converted to int', 'APPPATH\\Views\\Tip_tracking\\report_rentang_list_tip.php', 56, [...])
 2 SYSTEMPATH\View\View.php(213): include('APPPATH\\Views\\Tip_tracking\\report_rentang_list_tip.php')
 3 SYSTEMPATH\View\View.php(216): CodeIgniter\View\View->CodeIgniter\View\{closure}()
 4 SYSTEMPATH\Common.php(1137): CodeIgniter\View\View->render('Tip_tracking/report_rentang_list_tip', [], true)
 5 APPPATH\Controllers\Tip.php(299): view('Tip_tracking/report_rentang_list_tip', [...])
 6 SYSTEMPATH\CodeIgniter.php(904): App\Controllers\Tip->reportrentangBulan()
 7 SYSTEMPATH\CodeIgniter.php(457): CodeIgniter\CodeIgniter->runController(Object(App\Controllers\Tip))
 8 SYSTEMPATH\CodeIgniter.php(340): CodeIgniter\CodeIgniter->handleRequest(null, Object(Config\Cache), false)
 9 FCPATH\index.php(67): CodeIgniter\CodeIgniter->run()
10 SYSTEMPATH\Commands\Server\rewrite.php(43): require_once('FCPATH\\index.php')
CRITICAL - 2023-03-24 14:32:49 --> Invalid argument supplied for foreach()
in APPPATH\Views\Tip_tracking\list_tip_by_date_time.php on line 28.
 1 APPPATH\Views\Tip_tracking\list_tip_by_date_time.php(28): CodeIgniter\Debug\Exceptions->errorHandler(2, 'Invalid argument supplied for foreach()', 'APPPATH\\Views\\Tip_tracking\\list_tip_by_date_time.php', 28, [...])
 2 SYSTEMPATH\View\View.php(213): include('APPPATH\\Views\\Tip_tracking\\list_tip_by_date_time.php')
 3 SYSTEMPATH\View\View.php(216): CodeIgniter\View\View->CodeIgniter\View\{closure}()
 4 SYSTEMPATH\Common.php(1137): CodeIgniter\View\View->render('Tip_tracking/list_tip_by_date_time', [], true)
 5 APPPATH\Controllers\Tip.php(172): view('Tip_tracking/list_tip_by_date_time', [...])
 6 SYSTEMPATH\CodeIgniter.php(904): App\Controllers\Tip->viewListTipbydatetime()
 7 SYSTEMPATH\CodeIgniter.php(457): CodeIgniter\CodeIgniter->runController(Object(App\Controllers\Tip))
 8 SYSTEMPATH\CodeIgniter.php(340): CodeIgniter\CodeIgniter->handleRequest(null, Object(Config\Cache), false)
 9 FCPATH\index.php(67): CodeIgniter\CodeIgniter->run()
10 SYSTEMPATH\Commands\Server\rewrite.php(43): require_once('FCPATH\\index.php')
CRITICAL - 2023-03-24 14:33:17 --> Invalid argument supplied for foreach()
in APPPATH\Views\Tip_tracking\list_tip_by_date_time.php on line 28.
 1 APPPATH\Views\Tip_tracking\list_tip_by_date_time.php(28): CodeIgniter\Debug\Exceptions->errorHandler(2, 'Invalid argument supplied for foreach()', 'APPPATH\\Views\\Tip_tracking\\list_tip_by_date_time.php', 28, [...])
 2 SYSTEMPATH\View\View.php(213): include('APPPATH\\Views\\Tip_tracking\\list_tip_by_date_time.php')
 3 SYSTEMPATH\View\View.php(216): CodeIgniter\View\View->CodeIgniter\View\{closure}()
 4 SYSTEMPATH\Common.php(1137): CodeIgniter\View\View->render('Tip_tracking/list_tip_by_date_time', [], true)
 5 APPPATH\Controllers\Tip.php(172): view('Tip_tracking/list_tip_by_date_time', [...])
 6 SYSTEMPATH\CodeIgniter.php(904): App\Controllers\Tip->viewListTipbydatetime()
 7 SYSTEMPATH\CodeIgniter.php(457): CodeIgniter\CodeIgniter->runController(Object(App\Controllers\Tip))
 8 SYSTEMPATH\CodeIgniter.php(340): CodeIgniter\CodeIgniter->handleRequest(null, Object(Config\Cache), false)
 9 FCPATH\index.php(67): CodeIgniter\CodeIgniter->run()
10 SYSTEMPATH\Commands\Server\rewrite.php(43): require_once('FCPATH\\index.php')
CRITICAL - 2023-03-24 14:36:22 --> You must set the database table to be used with your query.
in SYSTEMPATH\Database\BaseConnection.php on line 872.
 1 SYSTEMPATH\Model.php(586): CodeIgniter\Database\BaseConnection->table(null)
 2 SYSTEMPATH\Model.php(763): CodeIgniter\Model->builder()
 3 APPPATH\Controllers\Tip.php(169): CodeIgniter\Model->__call('getdataperDateTime', [...])
 4 SYSTEMPATH\CodeIgniter.php(904): App\Controllers\Tip->viewListTipbydatetime()
 5 SYSTEMPATH\CodeIgniter.php(457): CodeIgniter\CodeIgniter->runController(Object(App\Controllers\Tip))
 6 SYSTEMPATH\CodeIgniter.php(340): CodeIgniter\CodeIgniter->handleRequest(null, Object(Config\Cache), false)
 7 FCPATH\index.php(67): CodeIgniter\CodeIgniter->run()
 8 SYSTEMPATH\Commands\Server\rewrite.php(43): require_once('FCPATH\\index.php')
CRITICAL - 2023-03-24 14:44:53 --> Invalid argument supplied for foreach()
in APPPATH\Views\Tip_tracking\list_tip_by_date_time.php on line 27.
 1 APPPATH\Views\Tip_tracking\list_tip_by_date_time.php(27): CodeIgniter\Debug\Exceptions->errorHandler(2, 'Invalid argument supplied for foreach()', 'APPPATH\\Views\\Tip_tracking\\list_tip_by_date_time.php', 27, [...])
 2 SYSTEMPATH\View\View.php(213): include('APPPATH\\Views\\Tip_tracking\\list_tip_by_date_time.php')
 3 SYSTEMPATH\View\View.php(216): CodeIgniter\View\View->CodeIgniter\View\{closure}()
 4 SYSTEMPATH\Common.php(1137): CodeIgniter\View\View->render('Tip_tracking/list_tip_by_date_time', [], true)
 5 APPPATH\Controllers\Tip.php(172): view('Tip_tracking/list_tip_by_date_time', [...])
 6 SYSTEMPATH\CodeIgniter.php(904): App\Controllers\Tip->viewListTipbydatetime()
 7 SYSTEMPATH\CodeIgniter.php(457): CodeIgniter\CodeIgniter->runController(Object(App\Controllers\Tip))
 8 SYSTEMPATH\CodeIgniter.php(340): CodeIgniter\CodeIgniter->handleRequest(null, Object(Config\Cache), false)
 9 FCPATH\index.php(67): CodeIgniter\CodeIgniter->run()
10 SYSTEMPATH\Commands\Server\rewrite.php(43): require_once('FCPATH\\index.php')
CRITICAL - 2023-03-24 15:40:46 --> Undefined variable: tampilkan_harian_chandra
in APPPATH\Views\Tip_tracking\report_rentang_list_tip.php on line 63.
 1 APPPATH\Views\Tip_tracking\report_rentang_list_tip.php(63): CodeIgniter\Debug\Exceptions->errorHandler(8, 'Undefined variable: tampilkan_harian_chandra', 'APPPATH\\Views\\Tip_tracking\\report_rentang_list_tip.php', 63, [...])
 2 SYSTEMPATH\View\View.php(213): include('APPPATH\\Views\\Tip_tracking\\report_rentang_list_tip.php')
 3 SYSTEMPATH\View\View.php(216): CodeIgniter\View\View->CodeIgniter\View\{closure}()
 4 SYSTEMPATH\Common.php(1137): CodeIgniter\View\View->render('Tip_tracking/report_rentang_list_tip', [], true)
 5 APPPATH\Controllers\Tip.php(282): view('Tip_tracking/report_rentang_list_tip', [...])
 6 SYSTEMPATH\CodeIgniter.php(904): App\Controllers\Tip->reportrentangBulan()
 7 SYSTEMPATH\CodeIgniter.php(457): CodeIgniter\CodeIgniter->runController(Object(App\Controllers\Tip))
 8 SYSTEMPATH\CodeIgniter.php(340): CodeIgniter\CodeIgniter->handleRequest(null, Object(Config\Cache), false)
 9 FCPATH\index.php(67): CodeIgniter\CodeIgniter->run()
10 SYSTEMPATH\Commands\Server\rewrite.php(43): require_once('FCPATH\\index.php')
