CRITICAL - 2022-10-17 01:16:16 --> Undefined index: id
in APPPATH\Views\schedule_eps\planner\list_note.php on line 46.
 1 APPPATH\Views\schedule_eps\planner\list_note.php(46): CodeIgniter\Debug\Exceptions->errorHandler(8, 'Undefined index: id', 'APPPATH\\Views\\schedule_eps\\planner\\list_note.php', 46, [...])
 2 SYSTEMPATH\View\View.php(213): include('APPPATH\\Views\\schedule_eps\\planner\\list_note.php')
 3 SYSTEMPATH\View\View.php(216): CodeIgniter\View\View->CodeIgniter\View\{closure}()
 4 SYSTEMPATH\Common.php(1137): CodeIgniter\View\View->render('schedule_eps/planner/list_note', [], true)
 5 APPPATH\Controllers\Note.php(19): view('schedule_eps/planner/list_note', [...])
 6 SYSTEMPATH\CodeIgniter.php(904): App\Controllers\Note->note()
 7 SYSTEMPATH\CodeIgniter.php(457): CodeIgniter\CodeIgniter->runController(Object(App\Controllers\Note))
 8 SYSTEMPATH\CodeIgniter.php(340): CodeIgniter\CodeIgniter->handleRequest(null, Object(Config\Cache), false)
 9 FCPATH\index.php(67): CodeIgniter\CodeIgniter->run()
10 SYSTEMPATH\Commands\Server\rewrite.php(43): require_once('FCPATH\\index.php')
CRITICAL - 2022-10-17 01:16:34 --> Undefined index: id
in APPPATH\Views\schedule_eps\planner\list_note.php on line 46.
 1 APPPATH\Views\schedule_eps\planner\list_note.php(46): CodeIgniter\Debug\Exceptions->errorHandler(8, 'Undefined index: id', 'APPPATH\\Views\\schedule_eps\\planner\\list_note.php', 46, [...])
 2 SYSTEMPATH\View\View.php(213): include('APPPATH\\Views\\schedule_eps\\planner\\list_note.php')
 3 SYSTEMPATH\View\View.php(216): CodeIgniter\View\View->CodeIgniter\View\{closure}()
 4 SYSTEMPATH\Common.php(1137): CodeIgniter\View\View->render('schedule_eps/planner/list_note', [], true)
 5 APPPATH\Controllers\Note.php(19): view('schedule_eps/planner/list_note', [...])
 6 SYSTEMPATH\CodeIgniter.php(904): App\Controllers\Note->note()
 7 SYSTEMPATH\CodeIgniter.php(457): CodeIgniter\CodeIgniter->runController(Object(App\Controllers\Note))
 8 SYSTEMPATH\CodeIgniter.php(340): CodeIgniter\CodeIgniter->handleRequest(null, Object(Config\Cache), false)
 9 FCPATH\index.php(67): CodeIgniter\CodeIgniter->run()
10 SYSTEMPATH\Commands\Server\rewrite.php(43): require_once('FCPATH\\index.php')
CRITICAL - 2022-10-17 01:17:32 --> Undefined index: id
in APPPATH\Views\schedule_eps\planner\list_note.php on line 74.
 1 APPPATH\Views\schedule_eps\planner\list_note.php(74): CodeIgniter\Debug\Exceptions->errorHandler(8, 'Undefined index: id', 'APPPATH\\Views\\schedule_eps\\planner\\list_note.php', 74, [...])
 2 SYSTEMPATH\View\View.php(213): include('APPPATH\\Views\\schedule_eps\\planner\\list_note.php')
 3 SYSTEMPATH\View\View.php(216): CodeIgniter\View\View->CodeIgniter\View\{closure}()
 4 SYSTEMPATH\Common.php(1137): CodeIgniter\View\View->render('schedule_eps/planner/list_note', [], true)
 5 APPPATH\Controllers\Note.php(19): view('schedule_eps/planner/list_note', [...])
 6 SYSTEMPATH\CodeIgniter.php(904): App\Controllers\Note->note()
 7 SYSTEMPATH\CodeIgniter.php(457): CodeIgniter\CodeIgniter->runController(Object(App\Controllers\Note))
 8 SYSTEMPATH\CodeIgniter.php(340): CodeIgniter\CodeIgniter->handleRequest(null, Object(Config\Cache), false)
 9 FCPATH\index.php(67): CodeIgniter\CodeIgniter->run()
10 SYSTEMPATH\Commands\Server\rewrite.php(43): require_once('FCPATH\\index.php')
CRITICAL - 2022-10-17 01:17:50 --> Undefined index: aktif
in APPPATH\Views\schedule_eps\planner\list_note.php on line 78.
 1 APPPATH\Views\schedule_eps\planner\list_note.php(78): CodeIgniter\Debug\Exceptions->errorHandler(8, 'Undefined index: aktif', 'APPPATH\\Views\\schedule_eps\\planner\\list_note.php', 78, [...])
 2 SYSTEMPATH\View\View.php(213): include('APPPATH\\Views\\schedule_eps\\planner\\list_note.php')
 3 SYSTEMPATH\View\View.php(216): CodeIgniter\View\View->CodeIgniter\View\{closure}()
 4 SYSTEMPATH\Common.php(1137): CodeIgniter\View\View->render('schedule_eps/planner/list_note', [], true)
 5 APPPATH\Controllers\Note.php(19): view('schedule_eps/planner/list_note', [...])
 6 SYSTEMPATH\CodeIgniter.php(904): App\Controllers\Note->note()
 7 SYSTEMPATH\CodeIgniter.php(457): CodeIgniter\CodeIgniter->runController(Object(App\Controllers\Note))
 8 SYSTEMPATH\CodeIgniter.php(340): CodeIgniter\CodeIgniter->handleRequest(null, Object(Config\Cache), false)
 9 FCPATH\index.php(67): CodeIgniter\CodeIgniter->run()
10 SYSTEMPATH\Commands\Server\rewrite.php(43): require_once('FCPATH\\index.php')
CRITICAL - 2022-10-17 01:18:27 --> Trying to access array offset on value of type null
in APPPATH\Models\NoteModel.php on line 57.
 1 APPPATH\Models\NoteModel.php(57): CodeIgniter\Debug\Exceptions->errorHandler(8, 'Trying to access array offset on value of type null', 'APPPATH\\Models\\NoteModel.php', 57, [...])
 2 APPPATH\Controllers\Note.php(77): App\Models\NoteModel->Readnote('1')
 3 SYSTEMPATH\CodeIgniter.php(904): App\Controllers\Note->tampilkannote()
 4 SYSTEMPATH\CodeIgniter.php(457): CodeIgniter\CodeIgniter->runController(Object(App\Controllers\Note))
 5 SYSTEMPATH\CodeIgniter.php(340): CodeIgniter\CodeIgniter->handleRequest(null, Object(Config\Cache), false)
 6 FCPATH\index.php(67): CodeIgniter\CodeIgniter->run()
 7 SYSTEMPATH\Commands\Server\rewrite.php(43): require_once('FCPATH\\index.php')
ERROR - 2022-10-17 01:21:55 --> mysqli_sql_exception: Unknown column 'app' in 'field list' in C:\xampp\htdocs\schedule\system\Database\MySQLi\Connection.php:292
Stack trace:
#0 C:\xampp\htdocs\schedule\system\Database\MySQLi\Connection.php(292): mysqli->query('INSERT INTO `tb...', 0)
#1 C:\xampp\htdocs\schedule\system\Database\BaseConnection.php(693): CodeIgniter\Database\MySQLi\Connection->execute('INSERT INTO `tb...')
#2 C:\xampp\htdocs\schedule\system\Database\BaseConnection.php(620): CodeIgniter\Database\BaseConnection->simpleQuery('INSERT INTO `tb...')
#3 C:\xampp\htdocs\schedule\system\Database\BaseBuilder.php(1916): CodeIgniter\Database\BaseConnection->query('INSERT INTO `tb...', Array, false)
#4 C:\xampp\htdocs\schedule\app\Models\NoteModel.php(23): CodeIgniter\Database\BaseBuilder->insert(Array)
#5 C:\xampp\htdocs\schedule\app\Controllers\Note.php(38): App\Models\NoteModel->Addnote(Array)
#6 C:\xampp\htdocs\schedule\system\CodeIgniter.php(904): App\Controllers\Note->addnote()
#7 C:\xampp\htdocs\schedule\system\CodeIgniter.php(457): CodeIgniter\CodeIgniter->runController(Object(App\Controllers\Note))
#8 C:\xampp\htdocs\schedule\system\CodeIgniter.php(340): CodeIgniter\CodeIgniter->handleRequest(NULL, Object(Config\Cache), false)
#9 C:\xampp\htdocs\schedule\public\index.php(67): CodeIgniter\CodeIgniter->run()
#10 C:\xampp\htdocs\schedule\system\Commands\Server\rewrite.php(43): require_once('C:\\xampp\\htdocs...')
#11 {main}
CRITICAL - 2022-10-17 01:21:55 --> Unknown column 'app' in 'field list'
in SYSTEMPATH\Database\MySQLi\Connection.php on line 292.
 1 SYSTEMPATH\Database\MySQLi\Connection.php(292): mysqli->query('INSERT INTO `tblfile_formnote` (`app`, `message`, `note`, `date`) VALUES (\'web 1\', \'Semua staff\', \'{\\"shift_pagi\\":\\"VF\\",\\"flash_pagi\\":\\"Mesin jangan lupa dimatikan\\",\\"shift_second\\":\\"GP\\",\\"flash_second\\":\\"Mesin jangan lupa dimatikan\\",\\"shift_malam\\":\\"HOD\\",\\"flash_malam\\":\\"Mesin dipantau\\"}\', \'2022-10-19\')', 0)
 2 SYSTEMPATH\Database\BaseConnection.php(693): CodeIgniter\Database\MySQLi\Connection->execute('INSERT INTO `tblfile_formnote` (`app`, `message`, `note`, `date`) VALUES (\'web 1\', \'Semua staff\', \'{\\"shift_pagi\\":\\"VF\\",\\"flash_pagi\\":\\"Mesin jangan lupa dimatikan\\",\\"shift_second\\":\\"GP\\",\\"flash_second\\":\\"Mesin jangan lupa dimatikan\\",\\"shift_malam\\":\\"HOD\\",\\"flash_malam\\":\\"Mesin dipantau\\"}\', \'2022-10-19\')')
 3 SYSTEMPATH\Database\BaseConnection.php(620): CodeIgniter\Database\BaseConnection->simpleQuery('INSERT INTO `tblfile_formnote` (`app`, `message`, `note`, `date`) VALUES (\'web 1\', \'Semua staff\', \'{\\"shift_pagi\\":\\"VF\\",\\"flash_pagi\\":\\"Mesin jangan lupa dimatikan\\",\\"shift_second\\":\\"GP\\",\\"flash_second\\":\\"Mesin jangan lupa dimatikan\\",\\"shift_malam\\":\\"HOD\\",\\"flash_malam\\":\\"Mesin dipantau\\"}\', \'2022-10-19\')')
 4 SYSTEMPATH\Database\BaseBuilder.php(1916): CodeIgniter\Database\BaseConnection->query('INSERT INTO `tblfile_formnote` (`app`, `message`, `note`, `date`) VALUES (:app:, :message:, :note:, :date:)', [...], false)
 5 APPPATH\Models\NoteModel.php(23): CodeIgniter\Database\BaseBuilder->insert([...])
 6 APPPATH\Controllers\Note.php(38): App\Models\NoteModel->Addnote([...])
 7 SYSTEMPATH\CodeIgniter.php(904): App\Controllers\Note->addnote()
 8 SYSTEMPATH\CodeIgniter.php(457): CodeIgniter\CodeIgniter->runController(Object(App\Controllers\Note))
 9 SYSTEMPATH\CodeIgniter.php(340): CodeIgniter\CodeIgniter->handleRequest(null, Object(Config\Cache), false)
10 FCPATH\index.php(67): CodeIgniter\CodeIgniter->run()
11 SYSTEMPATH\Commands\Server\rewrite.php(43): require_once('FCPATH\\index.php')
CRITICAL - 2022-10-17 01:31:18 --> Undefined variable: d
in APPPATH\Views\schedule_eps\planner\list_note.php on line 73.
 1 APPPATH\Views\schedule_eps\planner\list_note.php(73): CodeIgniter\Debug\Exceptions->errorHandler(8, 'Undefined variable: d', 'APPPATH\\Views\\schedule_eps\\planner\\list_note.php', 73, [...])
 2 SYSTEMPATH\View\View.php(213): include('APPPATH\\Views\\schedule_eps\\planner\\list_note.php')
 3 SYSTEMPATH\View\View.php(216): CodeIgniter\View\View->CodeIgniter\View\{closure}()
 4 SYSTEMPATH\Common.php(1137): CodeIgniter\View\View->render('schedule_eps/planner/list_note', [], true)
 5 APPPATH\Controllers\Note.php(19): view('schedule_eps/planner/list_note', [...])
 6 SYSTEMPATH\CodeIgniter.php(904): App\Controllers\Note->note()
 7 SYSTEMPATH\CodeIgniter.php(457): CodeIgniter\CodeIgniter->runController(Object(App\Controllers\Note))
 8 SYSTEMPATH\CodeIgniter.php(340): CodeIgniter\CodeIgniter->handleRequest(null, Object(Config\Cache), false)
 9 FCPATH\index.php(67): CodeIgniter\CodeIgniter->run()
10 SYSTEMPATH\Commands\Server\rewrite.php(43): require_once('FCPATH\\index.php')
CRITICAL - 2022-10-17 02:10:46 --> Undefined variable: listNote
in APPPATH\Views\schedule_eps\planner\list_note.php on line 165.
 1 APPPATH\Views\schedule_eps\planner\list_note.php(165): CodeIgniter\Debug\Exceptions->errorHandler(8, 'Undefined variable: listNote', 'APPPATH\\Views\\schedule_eps\\planner\\list_note.php', 165, [...])
 2 SYSTEMPATH\View\View.php(213): include('APPPATH\\Views\\schedule_eps\\planner\\list_note.php')
 3 SYSTEMPATH\View\View.php(216): CodeIgniter\View\View->CodeIgniter\View\{closure}()
 4 SYSTEMPATH\Common.php(1137): CodeIgniter\View\View->render('schedule_eps/planner/list_note', [], true)
 5 APPPATH\Controllers\Note.php(19): view('schedule_eps/planner/list_note', [...])
 6 SYSTEMPATH\CodeIgniter.php(904): App\Controllers\Note->note()
 7 SYSTEMPATH\CodeIgniter.php(457): CodeIgniter\CodeIgniter->runController(Object(App\Controllers\Note))
 8 SYSTEMPATH\CodeIgniter.php(340): CodeIgniter\CodeIgniter->handleRequest(null, Object(Config\Cache), false)
 9 FCPATH\index.php(67): CodeIgniter\CodeIgniter->run()
10 SYSTEMPATH\Commands\Server\rewrite.php(43): require_once('FCPATH\\index.php')
CRITICAL - 2022-10-17 02:53:03 --> syntax error, unexpected end of file
in APPPATH\Views\layout\sidebar.php on line 130.
 1 SYSTEMPATH\View\View.php(216): CodeIgniter\View\View->CodeIgniter\View\{closure}()
 2 SYSTEMPATH\View\View.php(229): CodeIgniter\View\View->render('layout/sidebar', [], true)
 3 SYSTEMPATH\Common.php(1137): CodeIgniter\View\View->render('layout/dashboard', [], true)
 4 APPPATH\Controllers\Schedule.php(18): view('layout/dashboard')
 5 SYSTEMPATH\CodeIgniter.php(904): App\Controllers\Schedule->dashboard()
 6 SYSTEMPATH\CodeIgniter.php(457): CodeIgniter\CodeIgniter->runController(Object(App\Controllers\Schedule))
 7 SYSTEMPATH\CodeIgniter.php(340): CodeIgniter\CodeIgniter->handleRequest(null, Object(Config\Cache), false)
 8 FCPATH\index.php(67): CodeIgniter\CodeIgniter->run()
 9 SYSTEMPATH\Commands\Server\rewrite.php(43): require_once('FCPATH\\index.php')
CRITICAL - 2022-10-17 03:00:48 --> Undefined index: aktif
in APPPATH\Models\NoteModel.php on line 57.
 1 APPPATH\Models\NoteModel.php(57): CodeIgniter\Debug\Exceptions->errorHandler(8, 'Undefined index: aktif', 'APPPATH\\Models\\NoteModel.php', 57, [...])
 2 APPPATH\Controllers\Note.php(75): App\Models\NoteModel->Readnote('1')
 3 SYSTEMPATH\CodeIgniter.php(904): App\Controllers\Note->tampilkannote()
 4 SYSTEMPATH\CodeIgniter.php(457): CodeIgniter\CodeIgniter->runController(Object(App\Controllers\Note))
 5 SYSTEMPATH\CodeIgniter.php(340): CodeIgniter\CodeIgniter->handleRequest(null, Object(Config\Cache), false)
 6 FCPATH\index.php(67): CodeIgniter\CodeIgniter->run()
 7 SYSTEMPATH\Commands\Server\rewrite.php(43): require_once('FCPATH\\index.php')
CRITICAL - 2022-10-17 04:52:23 --> Undefined variable: note_list
in APPPATH\Views\schedule_eps\planner\list_release.php on line 21.
 1 APPPATH\Views\schedule_eps\planner\list_release.php(21): CodeIgniter\Debug\Exceptions->errorHandler(8, 'Undefined variable: note_list', 'APPPATH\\Views\\schedule_eps\\planner\\list_release.php', 21, [...])
 2 SYSTEMPATH\View\View.php(213): include('APPPATH\\Views\\schedule_eps\\planner\\list_release.php')
 3 SYSTEMPATH\View\View.php(216): CodeIgniter\View\View->CodeIgniter\View\{closure}()
 4 SYSTEMPATH\Common.php(1137): CodeIgniter\View\View->render('schedule_eps/planner/list_release', [], true)
 5 APPPATH\Controllers\Release.php(16): view('schedule_eps/planner/list_release', [...])
 6 SYSTEMPATH\CodeIgniter.php(904): App\Controllers\Release->release_data()
 7 SYSTEMPATH\CodeIgniter.php(457): CodeIgniter\CodeIgniter->runController(Object(App\Controllers\Release))
 8 SYSTEMPATH\CodeIgniter.php(340): CodeIgniter\CodeIgniter->handleRequest(null, Object(Config\Cache), false)
 9 FCPATH\index.php(67): CodeIgniter\CodeIgniter->run()
10 SYSTEMPATH\Commands\Server\rewrite.php(43): require_once('FCPATH\\index.php')
CRITICAL - 2022-10-17 04:53:39 --> Undefined variable: list_note
in APPPATH\Views\schedule_eps\planner\list_release.php on line 21.
 1 APPPATH\Views\schedule_eps\planner\list_release.php(21): CodeIgniter\Debug\Exceptions->errorHandler(8, 'Undefined variable: list_note', 'APPPATH\\Views\\schedule_eps\\planner\\list_release.php', 21, [...])
 2 SYSTEMPATH\View\View.php(213): include('APPPATH\\Views\\schedule_eps\\planner\\list_release.php')
 3 SYSTEMPATH\View\View.php(216): CodeIgniter\View\View->CodeIgniter\View\{closure}()
 4 SYSTEMPATH\Common.php(1137): CodeIgniter\View\View->render('schedule_eps/planner/list_release', [], true)
 5 APPPATH\Controllers\Release.php(16): view('schedule_eps/planner/list_release', [...])
 6 SYSTEMPATH\CodeIgniter.php(904): App\Controllers\Release->release_data()
 7 SYSTEMPATH\CodeIgniter.php(457): CodeIgniter\CodeIgniter->runController(Object(App\Controllers\Release))
 8 SYSTEMPATH\CodeIgniter.php(340): CodeIgniter\CodeIgniter->handleRequest(null, Object(Config\Cache), false)
 9 FCPATH\index.php(67): CodeIgniter\CodeIgniter->run()
10 SYSTEMPATH\Commands\Server\rewrite.php(43): require_once('FCPATH\\index.php')
CRITICAL - 2022-10-17 05:09:57 --> Undefined variable: list_note
in APPPATH\Views\schedule_eps\planner\list_release.php on line 21.
 1 APPPATH\Views\schedule_eps\planner\list_release.php(21): CodeIgniter\Debug\Exceptions->errorHandler(8, 'Undefined variable: list_note', 'APPPATH\\Views\\schedule_eps\\planner\\list_release.php', 21, [...])
 2 SYSTEMPATH\View\View.php(213): include('APPPATH\\Views\\schedule_eps\\planner\\list_release.php')
 3 SYSTEMPATH\View\View.php(216): CodeIgniter\View\View->CodeIgniter\View\{closure}()
 4 SYSTEMPATH\Common.php(1137): CodeIgniter\View\View->render('schedule_eps/planner/list_release', [], true)
 5 APPPATH\Controllers\Release.php(16): view('schedule_eps/planner/list_release', [...])
 6 SYSTEMPATH\CodeIgniter.php(904): App\Controllers\Release->release_data()
 7 SYSTEMPATH\CodeIgniter.php(457): CodeIgniter\CodeIgniter->runController(Object(App\Controllers\Release))
 8 SYSTEMPATH\CodeIgniter.php(340): CodeIgniter\CodeIgniter->handleRequest(null, Object(Config\Cache), false)
 9 FCPATH\index.php(67): CodeIgniter\CodeIgniter->run()
10 SYSTEMPATH\Commands\Server\rewrite.php(43): require_once('FCPATH\\index.php')
CRITICAL - 2022-10-17 20:16:31 --> Undefined index: id
in APPPATH\Views\schedule_eps\planner\list_maintenance.php on line 39.
 1 APPPATH\Views\schedule_eps\planner\list_maintenance.php(39): CodeIgniter\Debug\Exceptions->errorHandler(8, 'Undefined index: id', 'APPPATH\\Views\\schedule_eps\\planner\\list_maintenance.php', 39, [...])
 2 SYSTEMPATH\View\View.php(213): include('APPPATH\\Views\\schedule_eps\\planner\\list_maintenance.php')
 3 SYSTEMPATH\View\View.php(216): CodeIgniter\View\View->CodeIgniter\View\{closure}()
 4 SYSTEMPATH\Common.php(1137): CodeIgniter\View\View->render('schedule_eps/planner/list_maintenance', [], true)
 5 APPPATH\Controllers\Maintenance.php(23): view('schedule_eps/planner/list_maintenance', [...])
 6 SYSTEMPATH\CodeIgniter.php(904): App\Controllers\Maintenance->machinejob()
 7 SYSTEMPATH\CodeIgniter.php(457): CodeIgniter\CodeIgniter->runController(Object(App\Controllers\Maintenance))
 8 SYSTEMPATH\CodeIgniter.php(340): CodeIgniter\CodeIgniter->handleRequest(null, Object(Config\Cache), false)
 9 FCPATH\index.php(67): CodeIgniter\CodeIgniter->run()
10 SYSTEMPATH\Commands\Server\rewrite.php(43): require_once('FCPATH\\index.php')
CRITICAL - 2022-10-17 20:22:15 --> Undefined property: App\Controllers\Maintenance::$MentenModel
in APPPATH\Controllers\Maintenance.php on line 17.
 1 APPPATH\Controllers\Maintenance.php(17): CodeIgniter\Debug\Exceptions->errorHandler(8, 'Undefined property: App\\Controllers\\Maintenance::$MentenModel', 'APPPATH\\Controllers\\Maintenance.php', 17, [])
 2 SYSTEMPATH\CodeIgniter.php(904): App\Controllers\Maintenance->viewmaintenance()
 3 SYSTEMPATH\CodeIgniter.php(457): CodeIgniter\CodeIgniter->runController(Object(App\Controllers\Maintenance))
 4 SYSTEMPATH\CodeIgniter.php(340): CodeIgniter\CodeIgniter->handleRequest(null, Object(Config\Cache), false)
 5 FCPATH\index.php(67): CodeIgniter\CodeIgniter->run()
 6 SYSTEMPATH\Commands\Server\rewrite.php(43): require_once('FCPATH\\index.php')
CRITICAL - 2022-10-17 20:28:05 --> Undefined variable: note
in APPPATH\Views\schedule_eps\planner\list_maintenance.php on line 41.
 1 APPPATH\Views\schedule_eps\planner\list_maintenance.php(41): CodeIgniter\Debug\Exceptions->errorHandler(8, 'Undefined variable: note', 'APPPATH\\Views\\schedule_eps\\planner\\list_maintenance.php', 41, [...])
 2 SYSTEMPATH\View\View.php(213): include('APPPATH\\Views\\schedule_eps\\planner\\list_maintenance.php')
 3 SYSTEMPATH\View\View.php(216): CodeIgniter\View\View->CodeIgniter\View\{closure}()
 4 SYSTEMPATH\Common.php(1137): CodeIgniter\View\View->render('schedule_eps/planner/list_maintenance', [], true)
 5 APPPATH\Controllers\Maintenance.php(22): view('schedule_eps/planner/list_maintenance', [...])
 6 SYSTEMPATH\CodeIgniter.php(904): App\Controllers\Maintenance->viewmaintenance()
 7 SYSTEMPATH\CodeIgniter.php(457): CodeIgniter\CodeIgniter->runController(Object(App\Controllers\Maintenance))
 8 SYSTEMPATH\CodeIgniter.php(340): CodeIgniter\CodeIgniter->handleRequest(null, Object(Config\Cache), false)
 9 FCPATH\index.php(67): CodeIgniter\CodeIgniter->run()
10 SYSTEMPATH\Commands\Server\rewrite.php(43): require_once('FCPATH\\index.php')
CRITICAL - 2022-10-17 20:28:17 --> Undefined index: view_maintenance
in APPPATH\Views\schedule_eps\planner\list_maintenance.php on line 41.
 1 APPPATH\Views\schedule_eps\planner\list_maintenance.php(41): CodeIgniter\Debug\Exceptions->errorHandler(8, 'Undefined index: view_maintenance', 'APPPATH\\Views\\schedule_eps\\planner\\list_maintenance.php', 41, [...])
 2 SYSTEMPATH\View\View.php(213): include('APPPATH\\Views\\schedule_eps\\planner\\list_maintenance.php')
 3 SYSTEMPATH\View\View.php(216): CodeIgniter\View\View->CodeIgniter\View\{closure}()
 4 SYSTEMPATH\Common.php(1137): CodeIgniter\View\View->render('schedule_eps/planner/list_maintenance', [], true)
 5 APPPATH\Controllers\Maintenance.php(22): view('schedule_eps/planner/list_maintenance', [...])
 6 SYSTEMPATH\CodeIgniter.php(904): App\Controllers\Maintenance->viewmaintenance()
 7 SYSTEMPATH\CodeIgniter.php(457): CodeIgniter\CodeIgniter->runController(Object(App\Controllers\Maintenance))
 8 SYSTEMPATH\CodeIgniter.php(340): CodeIgniter\CodeIgniter->handleRequest(null, Object(Config\Cache), false)
 9 FCPATH\index.php(67): CodeIgniter\CodeIgniter->run()
10 SYSTEMPATH\Commands\Server\rewrite.php(43): require_once('FCPATH\\index.php')
CRITICAL - 2022-10-17 20:28:18 --> Undefined index: view_maintenance
in APPPATH\Views\schedule_eps\planner\list_maintenance.php on line 41.
 1 APPPATH\Views\schedule_eps\planner\list_maintenance.php(41): CodeIgniter\Debug\Exceptions->errorHandler(8, 'Undefined index: view_maintenance', 'APPPATH\\Views\\schedule_eps\\planner\\list_maintenance.php', 41, [...])
 2 SYSTEMPATH\View\View.php(213): include('APPPATH\\Views\\schedule_eps\\planner\\list_maintenance.php')
 3 SYSTEMPATH\View\View.php(216): CodeIgniter\View\View->CodeIgniter\View\{closure}()
 4 SYSTEMPATH\Common.php(1137): CodeIgniter\View\View->render('schedule_eps/planner/list_maintenance', [], true)
 5 APPPATH\Controllers\Maintenance.php(22): view('schedule_eps/planner/list_maintenance', [...])
 6 SYSTEMPATH\CodeIgniter.php(904): App\Controllers\Maintenance->viewmaintenance()
 7 SYSTEMPATH\CodeIgniter.php(457): CodeIgniter\CodeIgniter->runController(Object(App\Controllers\Maintenance))
 8 SYSTEMPATH\CodeIgniter.php(340): CodeIgniter\CodeIgniter->handleRequest(null, Object(Config\Cache), false)
 9 FCPATH\index.php(67): CodeIgniter\CodeIgniter->run()
10 SYSTEMPATH\Commands\Server\rewrite.php(43): require_once('FCPATH\\index.php')
CRITICAL - 2022-10-17 20:37:07 --> Undefined index: id_maintenance
in APPPATH\Views\schedule_eps\planner\list_maintenance.php on line 146.
 1 APPPATH\Views\schedule_eps\planner\list_maintenance.php(146): CodeIgniter\Debug\Exceptions->errorHandler(8, 'Undefined index: id_maintenance', 'APPPATH\\Views\\schedule_eps\\planner\\list_maintenance.php', 146, [...])
 2 SYSTEMPATH\View\View.php(213): include('APPPATH\\Views\\schedule_eps\\planner\\list_maintenance.php')
 3 SYSTEMPATH\View\View.php(216): CodeIgniter\View\View->CodeIgniter\View\{closure}()
 4 SYSTEMPATH\Common.php(1137): CodeIgniter\View\View->render('schedule_eps/planner/list_maintenance', [], true)
 5 APPPATH\Controllers\Maintenance.php(22): view('schedule_eps/planner/list_maintenance', [...])
 6 SYSTEMPATH\CodeIgniter.php(904): App\Controllers\Maintenance->viewmaintenance()
 7 SYSTEMPATH\CodeIgniter.php(457): CodeIgniter\CodeIgniter->runController(Object(App\Controllers\Maintenance))
 8 SYSTEMPATH\CodeIgniter.php(340): CodeIgniter\CodeIgniter->handleRequest(null, Object(Config\Cache), false)
 9 FCPATH\index.php(67): CodeIgniter\CodeIgniter->run()
10 SYSTEMPATH\Commands\Server\rewrite.php(43): require_once('FCPATH\\index.php')
CRITICAL - 2022-10-17 20:52:01 --> Undefined index: machine
in APPPATH\Views\schedule_eps\planner\list_maintenance.php on line 156.
 1 APPPATH\Views\schedule_eps\planner\list_maintenance.php(156): CodeIgniter\Debug\Exceptions->errorHandler(8, 'Undefined index: machine', 'APPPATH\\Views\\schedule_eps\\planner\\list_maintenance.php', 156, [...])
 2 SYSTEMPATH\View\View.php(213): include('APPPATH\\Views\\schedule_eps\\planner\\list_maintenance.php')
 3 SYSTEMPATH\View\View.php(216): CodeIgniter\View\View->CodeIgniter\View\{closure}()
 4 SYSTEMPATH\Common.php(1137): CodeIgniter\View\View->render('schedule_eps/planner/list_maintenance', [], true)
 5 APPPATH\Controllers\Maintenance.php(22): view('schedule_eps/planner/list_maintenance', [...])
 6 SYSTEMPATH\CodeIgniter.php(904): App\Controllers\Maintenance->viewmaintenance()
 7 SYSTEMPATH\CodeIgniter.php(457): CodeIgniter\CodeIgniter->runController(Object(App\Controllers\Maintenance))
 8 SYSTEMPATH\CodeIgniter.php(340): CodeIgniter\CodeIgniter->handleRequest(null, Object(Config\Cache), false)
 9 FCPATH\index.php(67): CodeIgniter\CodeIgniter->run()
10 SYSTEMPATH\Commands\Server\rewrite.php(43): require_once('FCPATH\\index.php')
CRITICAL - 2022-10-17 20:52:46 --> Undefined index: machine
in APPPATH\Views\schedule_eps\planner\list_maintenance.php on line 156.
 1 APPPATH\Views\schedule_eps\planner\list_maintenance.php(156): CodeIgniter\Debug\Exceptions->errorHandler(8, 'Undefined index: machine', 'APPPATH\\Views\\schedule_eps\\planner\\list_maintenance.php', 156, [...])
 2 SYSTEMPATH\View\View.php(213): include('APPPATH\\Views\\schedule_eps\\planner\\list_maintenance.php')
 3 SYSTEMPATH\View\View.php(216): CodeIgniter\View\View->CodeIgniter\View\{closure}()
 4 SYSTEMPATH\Common.php(1137): CodeIgniter\View\View->render('schedule_eps/planner/list_maintenance', [], true)
 5 APPPATH\Controllers\Maintenance.php(22): view('schedule_eps/planner/list_maintenance', [...])
 6 SYSTEMPATH\CodeIgniter.php(904): App\Controllers\Maintenance->viewmaintenance()
 7 SYSTEMPATH\CodeIgniter.php(457): CodeIgniter\CodeIgniter->runController(Object(App\Controllers\Maintenance))
 8 SYSTEMPATH\CodeIgniter.php(340): CodeIgniter\CodeIgniter->handleRequest(null, Object(Config\Cache), false)
 9 FCPATH\index.php(67): CodeIgniter\CodeIgniter->run()
10 SYSTEMPATH\Commands\Server\rewrite.php(43): require_once('FCPATH\\index.php')
CRITICAL - 2022-10-17 20:53:10 --> Undefined index: machine
in APPPATH\Views\schedule_eps\planner\list_maintenance.php on line 156.
 1 APPPATH\Views\schedule_eps\planner\list_maintenance.php(156): CodeIgniter\Debug\Exceptions->errorHandler(8, 'Undefined index: machine', 'APPPATH\\Views\\schedule_eps\\planner\\list_maintenance.php', 156, [...])
 2 SYSTEMPATH\View\View.php(213): include('APPPATH\\Views\\schedule_eps\\planner\\list_maintenance.php')
 3 SYSTEMPATH\View\View.php(216): CodeIgniter\View\View->CodeIgniter\View\{closure}()
 4 SYSTEMPATH\Common.php(1137): CodeIgniter\View\View->render('schedule_eps/planner/list_maintenance', [], true)
 5 APPPATH\Controllers\Maintenance.php(22): view('schedule_eps/planner/list_maintenance', [...])
 6 SYSTEMPATH\CodeIgniter.php(904): App\Controllers\Maintenance->viewmaintenance()
 7 SYSTEMPATH\CodeIgniter.php(457): CodeIgniter\CodeIgniter->runController(Object(App\Controllers\Maintenance))
 8 SYSTEMPATH\CodeIgniter.php(340): CodeIgniter\CodeIgniter->handleRequest(null, Object(Config\Cache), false)
 9 FCPATH\index.php(67): CodeIgniter\CodeIgniter->run()
10 SYSTEMPATH\Commands\Server\rewrite.php(43): require_once('FCPATH\\index.php')
CRITICAL - 2022-10-17 20:54:40 --> Undefined index: machine
in APPPATH\Views\schedule_eps\planner\list_maintenance.php on line 157.
 1 APPPATH\Views\schedule_eps\planner\list_maintenance.php(157): CodeIgniter\Debug\Exceptions->errorHandler(8, 'Undefined index: machine', 'APPPATH\\Views\\schedule_eps\\planner\\list_maintenance.php', 157, [...])
 2 SYSTEMPATH\View\View.php(213): include('APPPATH\\Views\\schedule_eps\\planner\\list_maintenance.php')
 3 SYSTEMPATH\View\View.php(216): CodeIgniter\View\View->CodeIgniter\View\{closure}()
 4 SYSTEMPATH\Common.php(1137): CodeIgniter\View\View->render('schedule_eps/planner/list_maintenance', [], true)
 5 APPPATH\Controllers\Maintenance.php(22): view('schedule_eps/planner/list_maintenance', [...])
 6 SYSTEMPATH\CodeIgniter.php(904): App\Controllers\Maintenance->viewmaintenance()
 7 SYSTEMPATH\CodeIgniter.php(457): CodeIgniter\CodeIgniter->runController(Object(App\Controllers\Maintenance))
 8 SYSTEMPATH\CodeIgniter.php(340): CodeIgniter\CodeIgniter->handleRequest(null, Object(Config\Cache), false)
 9 FCPATH\index.php(67): CodeIgniter\CodeIgniter->run()
10 SYSTEMPATH\Commands\Server\rewrite.php(43): require_once('FCPATH\\index.php')
CRITICAL - 2022-10-17 21:03:50 --> You must use the "set" method to update an entry.
in SYSTEMPATH\Database\BaseBuilder.php on line 2121.
 1 SYSTEMPATH\Database\BaseBuilder.php(2057): CodeIgniter\Database\BaseBuilder->validateUpdate()
 2 APPPATH\Models\MaintenanceModel.php(55): CodeIgniter\Database\BaseBuilder->update()
 3 APPPATH\Controllers\Maintenance.php(45): App\Models\MaintenanceModel->editMain([...])
 4 SYSTEMPATH\CodeIgniter.php(904): App\Controllers\Maintenance->edit_maintenance()
 5 SYSTEMPATH\CodeIgniter.php(457): CodeIgniter\CodeIgniter->runController(Object(App\Controllers\Maintenance))
 6 SYSTEMPATH\CodeIgniter.php(340): CodeIgniter\CodeIgniter->handleRequest(null, Object(Config\Cache), false)
 7 FCPATH\index.php(67): CodeIgniter\CodeIgniter->run()
 8 SYSTEMPATH\Commands\Server\rewrite.php(43): require_once('FCPATH\\index.php')
CRITICAL - 2022-10-17 21:13:47 --> Undefined property: App\Controllers\Maintenance::$ModelNote
in APPPATH\Controllers\Maintenance.php on line 61.
 1 APPPATH\Controllers\Maintenance.php(61): CodeIgniter\Debug\Exceptions->errorHandler(8, 'Undefined property: App\\Controllers\\Maintenance::$ModelNote', 'APPPATH\\Controllers\\Maintenance.php', 61, [...])
 2 SYSTEMPATH\CodeIgniter.php(904): App\Controllers\Maintenance->tampilkan_maintenance()
 3 SYSTEMPATH\CodeIgniter.php(457): CodeIgniter\CodeIgniter->runController(Object(App\Controllers\Maintenance))
 4 SYSTEMPATH\CodeIgniter.php(340): CodeIgniter\CodeIgniter->handleRequest(null, Object(Config\Cache), false)
 5 FCPATH\index.php(67): CodeIgniter\CodeIgniter->run()
 6 SYSTEMPATH\Commands\Server\rewrite.php(43): require_once('FCPATH\\index.php')
CRITICAL - 2022-10-17 21:14:26 --> Call to undefined method App\Models\MaintenanceModel::view_maintenance
in SYSTEMPATH\Model.php on line 773.
 1 APPPATH\Controllers\Maintenance.php(61): CodeIgniter\Model->__call('view_maintenance', [...])
 2 SYSTEMPATH\CodeIgniter.php(904): App\Controllers\Maintenance->tampilkan_maintenance()
 3 SYSTEMPATH\CodeIgniter.php(457): CodeIgniter\CodeIgniter->runController(Object(App\Controllers\Maintenance))
 4 SYSTEMPATH\CodeIgniter.php(340): CodeIgniter\CodeIgniter->handleRequest(null, Object(Config\Cache), false)
 5 FCPATH\index.php(67): CodeIgniter\CodeIgniter->run()
 6 SYSTEMPATH\Commands\Server\rewrite.php(43): require_once('FCPATH\\index.php')
CRITICAL - 2022-10-17 21:48:51 --> Undefined variable: list_note
in APPPATH\Views\schedule_eps\planner\list_release.php on line 21.
 1 APPPATH\Views\schedule_eps\planner\list_release.php(21): CodeIgniter\Debug\Exceptions->errorHandler(8, 'Undefined variable: list_note', 'APPPATH\\Views\\schedule_eps\\planner\\list_release.php', 21, [...])
 2 SYSTEMPATH\View\View.php(213): include('APPPATH\\Views\\schedule_eps\\planner\\list_release.php')
 3 SYSTEMPATH\View\View.php(216): CodeIgniter\View\View->CodeIgniter\View\{closure}()
 4 SYSTEMPATH\Common.php(1137): CodeIgniter\View\View->render('schedule_eps/planner/list_release', [], true)
 5 APPPATH\Controllers\Release.php(16): view('schedule_eps/planner/list_release', [...])
 6 SYSTEMPATH\CodeIgniter.php(904): App\Controllers\Release->release_data()
 7 SYSTEMPATH\CodeIgniter.php(457): CodeIgniter\CodeIgniter->runController(Object(App\Controllers\Release))
 8 SYSTEMPATH\CodeIgniter.php(340): CodeIgniter\CodeIgniter->handleRequest(null, Object(Config\Cache), false)
 9 FCPATH\index.php(67): CodeIgniter\CodeIgniter->run()
10 SYSTEMPATH\Commands\Server\rewrite.php(43): require_once('FCPATH\\index.php')
CRITICAL - 2022-10-17 21:56:24 --> Undefined variable: list_note
in APPPATH\Views\schedule_eps\planner\list_release.php on line 21.
 1 APPPATH\Views\schedule_eps\planner\list_release.php(21): CodeIgniter\Debug\Exceptions->errorHandler(8, 'Undefined variable: list_note', 'APPPATH\\Views\\schedule_eps\\planner\\list_release.php', 21, [...])
 2 SYSTEMPATH\View\View.php(213): include('APPPATH\\Views\\schedule_eps\\planner\\list_release.php')
 3 SYSTEMPATH\View\View.php(216): CodeIgniter\View\View->CodeIgniter\View\{closure}()
 4 SYSTEMPATH\Common.php(1137): CodeIgniter\View\View->render('schedule_eps/planner/list_release', [], true)
 5 APPPATH\Controllers\Release.php(16): view('schedule_eps/planner/list_release', [...])
 6 SYSTEMPATH\CodeIgniter.php(904): App\Controllers\Release->release_data()
 7 SYSTEMPATH\CodeIgniter.php(457): CodeIgniter\CodeIgniter->runController(Object(App\Controllers\Release))
 8 SYSTEMPATH\CodeIgniter.php(340): CodeIgniter\CodeIgniter->handleRequest(null, Object(Config\Cache), false)
 9 FCPATH\index.php(67): CodeIgniter\CodeIgniter->run()
10 SYSTEMPATH\Commands\Server\rewrite.php(43): require_once('FCPATH\\index.php')
CRITICAL - 2022-10-17 22:52:58 --> Undefined variable: note_list
in APPPATH\Views\schedule_eps\planner\list_release.php on line 21.
 1 APPPATH\Views\schedule_eps\planner\list_release.php(21): CodeIgniter\Debug\Exceptions->errorHandler(8, 'Undefined variable: note_list', 'APPPATH\\Views\\schedule_eps\\planner\\list_release.php', 21, [...])
 2 SYSTEMPATH\View\View.php(213): include('APPPATH\\Views\\schedule_eps\\planner\\list_release.php')
 3 SYSTEMPATH\View\View.php(216): CodeIgniter\View\View->CodeIgniter\View\{closure}()
 4 SYSTEMPATH\Common.php(1137): CodeIgniter\View\View->render('schedule_eps/planner/list_release', [], true)
 5 APPPATH\Controllers\Release.php(16): view('schedule_eps/planner/list_release', [...])
 6 SYSTEMPATH\CodeIgniter.php(904): App\Controllers\Release->release_data()
 7 SYSTEMPATH\CodeIgniter.php(457): CodeIgniter\CodeIgniter->runController(Object(App\Controllers\Release))
 8 SYSTEMPATH\CodeIgniter.php(340): CodeIgniter\CodeIgniter->handleRequest(null, Object(Config\Cache), false)
 9 FCPATH\index.php(67): CodeIgniter\CodeIgniter->run()
10 SYSTEMPATH\Commands\Server\rewrite.php(43): require_once('FCPATH\\index.php')
CRITICAL - 2022-10-17 22:53:40 --> Undefined variable: note_list
in APPPATH\Views\schedule_eps\planner\list_release.php on line 21.
 1 APPPATH\Views\schedule_eps\planner\list_release.php(21): CodeIgniter\Debug\Exceptions->errorHandler(8, 'Undefined variable: note_list', 'APPPATH\\Views\\schedule_eps\\planner\\list_release.php', 21, [...])
 2 SYSTEMPATH\View\View.php(213): include('APPPATH\\Views\\schedule_eps\\planner\\list_release.php')
 3 SYSTEMPATH\View\View.php(216): CodeIgniter\View\View->CodeIgniter\View\{closure}()
 4 SYSTEMPATH\Common.php(1137): CodeIgniter\View\View->render('schedule_eps/planner/list_release', [], true)
 5 APPPATH\Controllers\Release.php(16): view('schedule_eps/planner/list_release', [...])
 6 SYSTEMPATH\CodeIgniter.php(904): App\Controllers\Release->release_data()
 7 SYSTEMPATH\CodeIgniter.php(457): CodeIgniter\CodeIgniter->runController(Object(App\Controllers\Release))
 8 SYSTEMPATH\CodeIgniter.php(340): CodeIgniter\CodeIgniter->handleRequest(null, Object(Config\Cache), false)
 9 FCPATH\index.php(67): CodeIgniter\CodeIgniter->run()
10 SYSTEMPATH\Commands\Server\rewrite.php(43): require_once('FCPATH\\index.php')
CRITICAL - 2022-10-17 22:53:53 --> Undefined variable: list_note
in APPPATH\Views\schedule_eps\planner\list_release.php on line 21.
 1 APPPATH\Views\schedule_eps\planner\list_release.php(21): CodeIgniter\Debug\Exceptions->errorHandler(8, 'Undefined variable: list_note', 'APPPATH\\Views\\schedule_eps\\planner\\list_release.php', 21, [...])
 2 SYSTEMPATH\View\View.php(213): include('APPPATH\\Views\\schedule_eps\\planner\\list_release.php')
 3 SYSTEMPATH\View\View.php(216): CodeIgniter\View\View->CodeIgniter\View\{closure}()
 4 SYSTEMPATH\Common.php(1137): CodeIgniter\View\View->render('schedule_eps/planner/list_release', [], true)
 5 APPPATH\Controllers\Release.php(16): view('schedule_eps/planner/list_release', [...])
 6 SYSTEMPATH\CodeIgniter.php(904): App\Controllers\Release->release_data()
 7 SYSTEMPATH\CodeIgniter.php(457): CodeIgniter\CodeIgniter->runController(Object(App\Controllers\Release))
 8 SYSTEMPATH\CodeIgniter.php(340): CodeIgniter\CodeIgniter->handleRequest(null, Object(Config\Cache), false)
 9 FCPATH\index.php(67): CodeIgniter\CodeIgniter->run()
10 SYSTEMPATH\Commands\Server\rewrite.php(43): require_once('FCPATH\\index.php')
CRITICAL - 2022-10-17 23:19:42 --> Undefined index: time
in APPPATH\Views\schedule_eps\planner\list_schedule.php on line 451.
 1 APPPATH\Views\schedule_eps\planner\list_schedule.php(451): CodeIgniter\Debug\Exceptions->errorHandler(8, 'Undefined index: time', 'APPPATH\\Views\\schedule_eps\\planner\\list_schedule.php', 451, [...])
 2 SYSTEMPATH\View\View.php(213): include('APPPATH\\Views\\schedule_eps\\planner\\list_schedule.php')
 3 SYSTEMPATH\View\View.php(216): CodeIgniter\View\View->CodeIgniter\View\{closure}()
 4 SYSTEMPATH\Common.php(1137): CodeIgniter\View\View->render('schedule_eps/planner/list_schedule', [], true)
 5 APPPATH\Controllers\Schedule.php(28): view('schedule_eps/planner/list_schedule', [...])
 6 SYSTEMPATH\CodeIgniter.php(904): App\Controllers\Schedule->viewform()
 7 SYSTEMPATH\CodeIgniter.php(457): CodeIgniter\CodeIgniter->runController(Object(App\Controllers\Schedule))
 8 SYSTEMPATH\CodeIgniter.php(340): CodeIgniter\CodeIgniter->handleRequest(null, Object(Config\Cache), false)
 9 FCPATH\index.php(67): CodeIgniter\CodeIgniter->run()
10 SYSTEMPATH\Commands\Server\rewrite.php(43): require_once('FCPATH\\index.php')
CRITICAL - 2022-10-17 23:19:52 --> Undefined offset: 3
in APPPATH\Views\schedule_eps\planner\list_schedule.php on line 442.
 1 APPPATH\Views\schedule_eps\planner\list_schedule.php(442): CodeIgniter\Debug\Exceptions->errorHandler(8, 'Undefined offset: 3', 'APPPATH\\Views\\schedule_eps\\planner\\list_schedule.php', 442, [...])
 2 SYSTEMPATH\View\View.php(213): include('APPPATH\\Views\\schedule_eps\\planner\\list_schedule.php')
 3 SYSTEMPATH\View\View.php(216): CodeIgniter\View\View->CodeIgniter\View\{closure}()
 4 SYSTEMPATH\Common.php(1137): CodeIgniter\View\View->render('schedule_eps/planner/list_schedule', [], true)
 5 APPPATH\Controllers\Schedule.php(28): view('schedule_eps/planner/list_schedule', [...])
 6 SYSTEMPATH\CodeIgniter.php(904): App\Controllers\Schedule->viewform()
 7 SYSTEMPATH\CodeIgniter.php(457): CodeIgniter\CodeIgniter->runController(Object(App\Controllers\Schedule))
 8 SYSTEMPATH\CodeIgniter.php(340): CodeIgniter\CodeIgniter->handleRequest(null, Object(Config\Cache), false)
 9 FCPATH\index.php(67): CodeIgniter\CodeIgniter->run()
10 SYSTEMPATH\Commands\Server\rewrite.php(43): require_once('FCPATH\\index.php')
CRITICAL - 2022-10-17 23:23:02 --> Undefined index: time
in APPPATH\Views\schedule_eps\planner\list_schedule.php on line 453.
 1 APPPATH\Views\schedule_eps\planner\list_schedule.php(453): CodeIgniter\Debug\Exceptions->errorHandler(8, 'Undefined index: time', 'APPPATH\\Views\\schedule_eps\\planner\\list_schedule.php', 453, [...])
 2 SYSTEMPATH\View\View.php(213): include('APPPATH\\Views\\schedule_eps\\planner\\list_schedule.php')
 3 SYSTEMPATH\View\View.php(216): CodeIgniter\View\View->CodeIgniter\View\{closure}()
 4 SYSTEMPATH\Common.php(1137): CodeIgniter\View\View->render('schedule_eps/planner/list_schedule', [], true)
 5 APPPATH\Controllers\Schedule.php(28): view('schedule_eps/planner/list_schedule', [...])
 6 SYSTEMPATH\CodeIgniter.php(904): App\Controllers\Schedule->viewform()
 7 SYSTEMPATH\CodeIgniter.php(457): CodeIgniter\CodeIgniter->runController(Object(App\Controllers\Schedule))
 8 SYSTEMPATH\CodeIgniter.php(340): CodeIgniter\CodeIgniter->handleRequest(null, Object(Config\Cache), false)
 9 FCPATH\index.php(67): CodeIgniter\CodeIgniter->run()
10 SYSTEMPATH\Commands\Server\rewrite.php(43): require_once('FCPATH\\index.php')
CRITICAL - 2022-10-17 23:40:25 --> Undefined variable: note_list
in APPPATH\Views\schedule_eps\planner\list_schedule.php on line 462.
 1 APPPATH\Views\schedule_eps\planner\list_schedule.php(462): CodeIgniter\Debug\Exceptions->errorHandler(8, 'Undefined variable: note_list', 'APPPATH\\Views\\schedule_eps\\planner\\list_schedule.php', 462, [...])
 2 SYSTEMPATH\View\View.php(213): include('APPPATH\\Views\\schedule_eps\\planner\\list_schedule.php')
 3 SYSTEMPATH\View\View.php(216): CodeIgniter\View\View->CodeIgniter\View\{closure}()
 4 SYSTEMPATH\Common.php(1137): CodeIgniter\View\View->render('schedule_eps/planner/list_schedule', [], true)
 5 APPPATH\Controllers\Schedule.php(28): view('schedule_eps/planner/list_schedule', [...])
 6 SYSTEMPATH\CodeIgniter.php(904): App\Controllers\Schedule->viewform()
 7 SYSTEMPATH\CodeIgniter.php(457): CodeIgniter\CodeIgniter->runController(Object(App\Controllers\Schedule))
 8 SYSTEMPATH\CodeIgniter.php(340): CodeIgniter\CodeIgniter->handleRequest(null, Object(Config\Cache), false)
 9 FCPATH\index.php(67): CodeIgniter\CodeIgniter->run()
10 SYSTEMPATH\Commands\Server\rewrite.php(43): require_once('FCPATH\\index.php')
CRITICAL - 2022-10-17 23:40:27 --> Undefined variable: note_list
in APPPATH\Views\schedule_eps\planner\list_schedule.php on line 462.
 1 APPPATH\Views\schedule_eps\planner\list_schedule.php(462): CodeIgniter\Debug\Exceptions->errorHandler(8, 'Undefined variable: note_list', 'APPPATH\\Views\\schedule_eps\\planner\\list_schedule.php', 462, [...])
 2 SYSTEMPATH\View\View.php(213): include('APPPATH\\Views\\schedule_eps\\planner\\list_schedule.php')
 3 SYSTEMPATH\View\View.php(216): CodeIgniter\View\View->CodeIgniter\View\{closure}()
 4 SYSTEMPATH\Common.php(1137): CodeIgniter\View\View->render('schedule_eps/planner/list_schedule', [], true)
 5 APPPATH\Controllers\Schedule.php(28): view('schedule_eps/planner/list_schedule', [...])
 6 SYSTEMPATH\CodeIgniter.php(904): App\Controllers\Schedule->viewform()
 7 SYSTEMPATH\CodeIgniter.php(457): CodeIgniter\CodeIgniter->runController(Object(App\Controllers\Schedule))
 8 SYSTEMPATH\CodeIgniter.php(340): CodeIgniter\CodeIgniter->handleRequest(null, Object(Config\Cache), false)
 9 FCPATH\index.php(67): CodeIgniter\CodeIgniter->run()
10 SYSTEMPATH\Commands\Server\rewrite.php(43): require_once('FCPATH\\index.php')
CRITICAL - 2022-10-17 23:40:46 --> Undefined variable: list_note
in APPPATH\Views\schedule_eps\planner\list_schedule.php on line 462.
 1 APPPATH\Views\schedule_eps\planner\list_schedule.php(462): CodeIgniter\Debug\Exceptions->errorHandler(8, 'Undefined variable: list_note', 'APPPATH\\Views\\schedule_eps\\planner\\list_schedule.php', 462, [...])
 2 SYSTEMPATH\View\View.php(213): include('APPPATH\\Views\\schedule_eps\\planner\\list_schedule.php')
 3 SYSTEMPATH\View\View.php(216): CodeIgniter\View\View->CodeIgniter\View\{closure}()
 4 SYSTEMPATH\Common.php(1137): CodeIgniter\View\View->render('schedule_eps/planner/list_schedule', [], true)
 5 APPPATH\Controllers\Schedule.php(28): view('schedule_eps/planner/list_schedule', [...])
 6 SYSTEMPATH\CodeIgniter.php(904): App\Controllers\Schedule->viewform()
 7 SYSTEMPATH\CodeIgniter.php(457): CodeIgniter\CodeIgniter->runController(Object(App\Controllers\Schedule))
 8 SYSTEMPATH\CodeIgniter.php(340): CodeIgniter\CodeIgniter->handleRequest(null, Object(Config\Cache), false)
 9 FCPATH\index.php(67): CodeIgniter\CodeIgniter->run()
10 SYSTEMPATH\Commands\Server\rewrite.php(43): require_once('FCPATH\\index.php')
CRITICAL - 2022-10-17 23:41:50 --> Undefined variable: note_list
in APPPATH\Views\schedule_eps\planner\list_schedule.php on line 462.
 1 APPPATH\Views\schedule_eps\planner\list_schedule.php(462): CodeIgniter\Debug\Exceptions->errorHandler(8, 'Undefined variable: note_list', 'APPPATH\\Views\\schedule_eps\\planner\\list_schedule.php', 462, [...])
 2 SYSTEMPATH\View\View.php(213): include('APPPATH\\Views\\schedule_eps\\planner\\list_schedule.php')
 3 SYSTEMPATH\View\View.php(216): CodeIgniter\View\View->CodeIgniter\View\{closure}()
 4 SYSTEMPATH\Common.php(1137): CodeIgniter\View\View->render('schedule_eps/planner/list_schedule', [], true)
 5 APPPATH\Controllers\Schedule.php(28): view('schedule_eps/planner/list_schedule', [...])
 6 SYSTEMPATH\CodeIgniter.php(904): App\Controllers\Schedule->viewform()
 7 SYSTEMPATH\CodeIgniter.php(457): CodeIgniter\CodeIgniter->runController(Object(App\Controllers\Schedule))
 8 SYSTEMPATH\CodeIgniter.php(340): CodeIgniter\CodeIgniter->handleRequest(null, Object(Config\Cache), false)
 9 FCPATH\index.php(67): CodeIgniter\CodeIgniter->run()
10 SYSTEMPATH\Commands\Server\rewrite.php(43): require_once('FCPATH\\index.php')
CRITICAL - 2022-10-17 23:41:51 --> Undefined variable: note_list
in APPPATH\Views\schedule_eps\planner\list_schedule.php on line 462.
 1 APPPATH\Views\schedule_eps\planner\list_schedule.php(462): CodeIgniter\Debug\Exceptions->errorHandler(8, 'Undefined variable: note_list', 'APPPATH\\Views\\schedule_eps\\planner\\list_schedule.php', 462, [...])
 2 SYSTEMPATH\View\View.php(213): include('APPPATH\\Views\\schedule_eps\\planner\\list_schedule.php')
 3 SYSTEMPATH\View\View.php(216): CodeIgniter\View\View->CodeIgniter\View\{closure}()
 4 SYSTEMPATH\Common.php(1137): CodeIgniter\View\View->render('schedule_eps/planner/list_schedule', [], true)
 5 APPPATH\Controllers\Schedule.php(28): view('schedule_eps/planner/list_schedule', [...])
 6 SYSTEMPATH\CodeIgniter.php(904): App\Controllers\Schedule->viewform()
 7 SYSTEMPATH\CodeIgniter.php(457): CodeIgniter\CodeIgniter->runController(Object(App\Controllers\Schedule))
 8 SYSTEMPATH\CodeIgniter.php(340): CodeIgniter\CodeIgniter->handleRequest(null, Object(Config\Cache), false)
 9 FCPATH\index.php(67): CodeIgniter\CodeIgniter->run()
10 SYSTEMPATH\Commands\Server\rewrite.php(43): require_once('FCPATH\\index.php')
CRITICAL - 2022-10-17 23:41:51 --> Undefined variable: note_list
in APPPATH\Views\schedule_eps\planner\list_schedule.php on line 462.
 1 APPPATH\Views\schedule_eps\planner\list_schedule.php(462): CodeIgniter\Debug\Exceptions->errorHandler(8, 'Undefined variable: note_list', 'APPPATH\\Views\\schedule_eps\\planner\\list_schedule.php', 462, [...])
 2 SYSTEMPATH\View\View.php(213): include('APPPATH\\Views\\schedule_eps\\planner\\list_schedule.php')
 3 SYSTEMPATH\View\View.php(216): CodeIgniter\View\View->CodeIgniter\View\{closure}()
 4 SYSTEMPATH\Common.php(1137): CodeIgniter\View\View->render('schedule_eps/planner/list_schedule', [], true)
 5 APPPATH\Controllers\Schedule.php(28): view('schedule_eps/planner/list_schedule', [...])
 6 SYSTEMPATH\CodeIgniter.php(904): App\Controllers\Schedule->viewform()
 7 SYSTEMPATH\CodeIgniter.php(457): CodeIgniter\CodeIgniter->runController(Object(App\Controllers\Schedule))
 8 SYSTEMPATH\CodeIgniter.php(340): CodeIgniter\CodeIgniter->handleRequest(null, Object(Config\Cache), false)
 9 FCPATH\index.php(67): CodeIgniter\CodeIgniter->run()
10 SYSTEMPATH\Commands\Server\rewrite.php(43): require_once('FCPATH\\index.php')
CRITICAL - 2022-10-17 23:41:52 --> Undefined variable: note_list
in APPPATH\Views\schedule_eps\planner\list_schedule.php on line 462.
 1 APPPATH\Views\schedule_eps\planner\list_schedule.php(462): CodeIgniter\Debug\Exceptions->errorHandler(8, 'Undefined variable: note_list', 'APPPATH\\Views\\schedule_eps\\planner\\list_schedule.php', 462, [...])
 2 SYSTEMPATH\View\View.php(213): include('APPPATH\\Views\\schedule_eps\\planner\\list_schedule.php')
 3 SYSTEMPATH\View\View.php(216): CodeIgniter\View\View->CodeIgniter\View\{closure}()
 4 SYSTEMPATH\Common.php(1137): CodeIgniter\View\View->render('schedule_eps/planner/list_schedule', [], true)
 5 APPPATH\Controllers\Schedule.php(28): view('schedule_eps/planner/list_schedule', [...])
 6 SYSTEMPATH\CodeIgniter.php(904): App\Controllers\Schedule->viewform()
 7 SYSTEMPATH\CodeIgniter.php(457): CodeIgniter\CodeIgniter->runController(Object(App\Controllers\Schedule))
 8 SYSTEMPATH\CodeIgniter.php(340): CodeIgniter\CodeIgniter->handleRequest(null, Object(Config\Cache), false)
 9 FCPATH\index.php(67): CodeIgniter\CodeIgniter->run()
10 SYSTEMPATH\Commands\Server\rewrite.php(43): require_once('FCPATH\\index.php')
CRITICAL - 2022-10-17 23:43:45 --> Undefined variable: note_list
in APPPATH\Views\schedule_eps\planner\list_schedule.php on line 462.
 1 APPPATH\Views\schedule_eps\planner\list_schedule.php(462): CodeIgniter\Debug\Exceptions->errorHandler(8, 'Undefined variable: note_list', 'APPPATH\\Views\\schedule_eps\\planner\\list_schedule.php', 462, [...])
 2 SYSTEMPATH\View\View.php(213): include('APPPATH\\Views\\schedule_eps\\planner\\list_schedule.php')
 3 SYSTEMPATH\View\View.php(216): CodeIgniter\View\View->CodeIgniter\View\{closure}()
 4 SYSTEMPATH\Common.php(1137): CodeIgniter\View\View->render('schedule_eps/planner/list_schedule', [], true)
 5 APPPATH\Controllers\Schedule.php(28): view('schedule_eps/planner/list_schedule', [...])
 6 SYSTEMPATH\CodeIgniter.php(904): App\Controllers\Schedule->viewform()
 7 SYSTEMPATH\CodeIgniter.php(457): CodeIgniter\CodeIgniter->runController(Object(App\Controllers\Schedule))
 8 SYSTEMPATH\CodeIgniter.php(340): CodeIgniter\CodeIgniter->handleRequest(null, Object(Config\Cache), false)
 9 FCPATH\index.php(67): CodeIgniter\CodeIgniter->run()
10 SYSTEMPATH\Commands\Server\rewrite.php(43): require_once('FCPATH\\index.php')
CRITICAL - 2022-10-17 23:43:46 --> Undefined variable: note_list
in APPPATH\Views\schedule_eps\planner\list_schedule.php on line 462.
 1 APPPATH\Views\schedule_eps\planner\list_schedule.php(462): CodeIgniter\Debug\Exceptions->errorHandler(8, 'Undefined variable: note_list', 'APPPATH\\Views\\schedule_eps\\planner\\list_schedule.php', 462, [...])
 2 SYSTEMPATH\View\View.php(213): include('APPPATH\\Views\\schedule_eps\\planner\\list_schedule.php')
 3 SYSTEMPATH\View\View.php(216): CodeIgniter\View\View->CodeIgniter\View\{closure}()
 4 SYSTEMPATH\Common.php(1137): CodeIgniter\View\View->render('schedule_eps/planner/list_schedule', [], true)
 5 APPPATH\Controllers\Schedule.php(28): view('schedule_eps/planner/list_schedule', [...])
 6 SYSTEMPATH\CodeIgniter.php(904): App\Controllers\Schedule->viewform()
 7 SYSTEMPATH\CodeIgniter.php(457): CodeIgniter\CodeIgniter->runController(Object(App\Controllers\Schedule))
 8 SYSTEMPATH\CodeIgniter.php(340): CodeIgniter\CodeIgniter->handleRequest(null, Object(Config\Cache), false)
 9 FCPATH\index.php(67): CodeIgniter\CodeIgniter->run()
10 SYSTEMPATH\Commands\Server\rewrite.php(43): require_once('FCPATH\\index.php')
CRITICAL - 2022-10-17 23:43:54 --> Undefined variable: note_list
in APPPATH\Views\schedule_eps\planner\list_schedule.php on line 462.
 1 APPPATH\Views\schedule_eps\planner\list_schedule.php(462): CodeIgniter\Debug\Exceptions->errorHandler(8, 'Undefined variable: note_list', 'APPPATH\\Views\\schedule_eps\\planner\\list_schedule.php', 462, [...])
 2 SYSTEMPATH\View\View.php(213): include('APPPATH\\Views\\schedule_eps\\planner\\list_schedule.php')
 3 SYSTEMPATH\View\View.php(216): CodeIgniter\View\View->CodeIgniter\View\{closure}()
 4 SYSTEMPATH\Common.php(1137): CodeIgniter\View\View->render('schedule_eps/planner/list_schedule', [], true)
 5 APPPATH\Controllers\Schedule.php(28): view('schedule_eps/planner/list_schedule', [...])
 6 SYSTEMPATH\CodeIgniter.php(904): App\Controllers\Schedule->viewform()
 7 SYSTEMPATH\CodeIgniter.php(457): CodeIgniter\CodeIgniter->runController(Object(App\Controllers\Schedule))
 8 SYSTEMPATH\CodeIgniter.php(340): CodeIgniter\CodeIgniter->handleRequest(null, Object(Config\Cache), false)
 9 FCPATH\index.php(67): CodeIgniter\CodeIgniter->run()
10 SYSTEMPATH\Commands\Server\rewrite.php(43): require_once('FCPATH\\index.php')
CRITICAL - 2022-10-17 23:43:54 --> Undefined variable: note_list
in APPPATH\Views\schedule_eps\planner\list_schedule.php on line 462.
 1 APPPATH\Views\schedule_eps\planner\list_schedule.php(462): CodeIgniter\Debug\Exceptions->errorHandler(8, 'Undefined variable: note_list', 'APPPATH\\Views\\schedule_eps\\planner\\list_schedule.php', 462, [...])
 2 SYSTEMPATH\View\View.php(213): include('APPPATH\\Views\\schedule_eps\\planner\\list_schedule.php')
 3 SYSTEMPATH\View\View.php(216): CodeIgniter\View\View->CodeIgniter\View\{closure}()
 4 SYSTEMPATH\Common.php(1137): CodeIgniter\View\View->render('schedule_eps/planner/list_schedule', [], true)
 5 APPPATH\Controllers\Schedule.php(28): view('schedule_eps/planner/list_schedule', [...])
 6 SYSTEMPATH\CodeIgniter.php(904): App\Controllers\Schedule->viewform()
 7 SYSTEMPATH\CodeIgniter.php(457): CodeIgniter\CodeIgniter->runController(Object(App\Controllers\Schedule))
 8 SYSTEMPATH\CodeIgniter.php(340): CodeIgniter\CodeIgniter->handleRequest(null, Object(Config\Cache), false)
 9 FCPATH\index.php(67): CodeIgniter\CodeIgniter->run()
10 SYSTEMPATH\Commands\Server\rewrite.php(43): require_once('FCPATH\\index.php')
CRITICAL - 2022-10-17 23:43:55 --> Undefined variable: note_list
in APPPATH\Views\schedule_eps\planner\list_schedule.php on line 462.
 1 APPPATH\Views\schedule_eps\planner\list_schedule.php(462): CodeIgniter\Debug\Exceptions->errorHandler(8, 'Undefined variable: note_list', 'APPPATH\\Views\\schedule_eps\\planner\\list_schedule.php', 462, [...])
 2 SYSTEMPATH\View\View.php(213): include('APPPATH\\Views\\schedule_eps\\planner\\list_schedule.php')
 3 SYSTEMPATH\View\View.php(216): CodeIgniter\View\View->CodeIgniter\View\{closure}()
 4 SYSTEMPATH\Common.php(1137): CodeIgniter\View\View->render('schedule_eps/planner/list_schedule', [], true)
 5 APPPATH\Controllers\Schedule.php(28): view('schedule_eps/planner/list_schedule', [...])
 6 SYSTEMPATH\CodeIgniter.php(904): App\Controllers\Schedule->viewform()
 7 SYSTEMPATH\CodeIgniter.php(457): CodeIgniter\CodeIgniter->runController(Object(App\Controllers\Schedule))
 8 SYSTEMPATH\CodeIgniter.php(340): CodeIgniter\CodeIgniter->handleRequest(null, Object(Config\Cache), false)
 9 FCPATH\index.php(67): CodeIgniter\CodeIgniter->run()
10 SYSTEMPATH\Commands\Server\rewrite.php(43): require_once('FCPATH\\index.php')
CRITICAL - 2022-10-17 23:43:55 --> Undefined variable: note_list
in APPPATH\Views\schedule_eps\planner\list_schedule.php on line 462.
 1 APPPATH\Views\schedule_eps\planner\list_schedule.php(462): CodeIgniter\Debug\Exceptions->errorHandler(8, 'Undefined variable: note_list', 'APPPATH\\Views\\schedule_eps\\planner\\list_schedule.php', 462, [...])
 2 SYSTEMPATH\View\View.php(213): include('APPPATH\\Views\\schedule_eps\\planner\\list_schedule.php')
 3 SYSTEMPATH\View\View.php(216): CodeIgniter\View\View->CodeIgniter\View\{closure}()
 4 SYSTEMPATH\Common.php(1137): CodeIgniter\View\View->render('schedule_eps/planner/list_schedule', [], true)
 5 APPPATH\Controllers\Schedule.php(28): view('schedule_eps/planner/list_schedule', [...])
 6 SYSTEMPATH\CodeIgniter.php(904): App\Controllers\Schedule->viewform()
 7 SYSTEMPATH\CodeIgniter.php(457): CodeIgniter\CodeIgniter->runController(Object(App\Controllers\Schedule))
 8 SYSTEMPATH\CodeIgniter.php(340): CodeIgniter\CodeIgniter->handleRequest(null, Object(Config\Cache), false)
 9 FCPATH\index.php(67): CodeIgniter\CodeIgniter->run()
10 SYSTEMPATH\Commands\Server\rewrite.php(43): require_once('FCPATH\\index.php')
CRITICAL - 2022-10-17 23:43:56 --> Undefined variable: note_list
in APPPATH\Views\schedule_eps\planner\list_schedule.php on line 462.
 1 APPPATH\Views\schedule_eps\planner\list_schedule.php(462): CodeIgniter\Debug\Exceptions->errorHandler(8, 'Undefined variable: note_list', 'APPPATH\\Views\\schedule_eps\\planner\\list_schedule.php', 462, [...])
 2 SYSTEMPATH\View\View.php(213): include('APPPATH\\Views\\schedule_eps\\planner\\list_schedule.php')
 3 SYSTEMPATH\View\View.php(216): CodeIgniter\View\View->CodeIgniter\View\{closure}()
 4 SYSTEMPATH\Common.php(1137): CodeIgniter\View\View->render('schedule_eps/planner/list_schedule', [], true)
 5 APPPATH\Controllers\Schedule.php(28): view('schedule_eps/planner/list_schedule', [...])
 6 SYSTEMPATH\CodeIgniter.php(904): App\Controllers\Schedule->viewform()
 7 SYSTEMPATH\CodeIgniter.php(457): CodeIgniter\CodeIgniter->runController(Object(App\Controllers\Schedule))
 8 SYSTEMPATH\CodeIgniter.php(340): CodeIgniter\CodeIgniter->handleRequest(null, Object(Config\Cache), false)
 9 FCPATH\index.php(67): CodeIgniter\CodeIgniter->run()
10 SYSTEMPATH\Commands\Server\rewrite.php(43): require_once('FCPATH\\index.php')
CRITICAL - 2022-10-17 23:44:00 --> Undefined variable: note_list
in APPPATH\Views\schedule_eps\planner\list_schedule.php on line 462.
 1 APPPATH\Views\schedule_eps\planner\list_schedule.php(462): CodeIgniter\Debug\Exceptions->errorHandler(8, 'Undefined variable: note_list', 'APPPATH\\Views\\schedule_eps\\planner\\list_schedule.php', 462, [...])
 2 SYSTEMPATH\View\View.php(213): include('APPPATH\\Views\\schedule_eps\\planner\\list_schedule.php')
 3 SYSTEMPATH\View\View.php(216): CodeIgniter\View\View->CodeIgniter\View\{closure}()
 4 SYSTEMPATH\Common.php(1137): CodeIgniter\View\View->render('schedule_eps/planner/list_schedule', [], true)
 5 APPPATH\Controllers\Schedule.php(28): view('schedule_eps/planner/list_schedule', [...])
 6 SYSTEMPATH\CodeIgniter.php(904): App\Controllers\Schedule->viewform()
 7 SYSTEMPATH\CodeIgniter.php(457): CodeIgniter\CodeIgniter->runController(Object(App\Controllers\Schedule))
 8 SYSTEMPATH\CodeIgniter.php(340): CodeIgniter\CodeIgniter->handleRequest(null, Object(Config\Cache), false)
 9 FCPATH\index.php(67): CodeIgniter\CodeIgniter->run()
10 SYSTEMPATH\Commands\Server\rewrite.php(43): require_once('FCPATH\\index.php')
CRITICAL - 2022-10-17 23:44:17 --> Undefined variable: data_maintenance
in APPPATH\Views\schedule_eps\planner\list_schedule.php on line 464.
 1 APPPATH\Views\schedule_eps\planner\list_schedule.php(464): CodeIgniter\Debug\Exceptions->errorHandler(8, 'Undefined variable: data_maintenance', 'APPPATH\\Views\\schedule_eps\\planner\\list_schedule.php', 464, [...])
 2 SYSTEMPATH\View\View.php(213): include('APPPATH\\Views\\schedule_eps\\planner\\list_schedule.php')
 3 SYSTEMPATH\View\View.php(216): CodeIgniter\View\View->CodeIgniter\View\{closure}()
 4 SYSTEMPATH\Common.php(1137): CodeIgniter\View\View->render('schedule_eps/planner/list_schedule', [], true)
 5 APPPATH\Controllers\Schedule.php(28): view('schedule_eps/planner/list_schedule', [...])
 6 SYSTEMPATH\CodeIgniter.php(904): App\Controllers\Schedule->viewform()
 7 SYSTEMPATH\CodeIgniter.php(457): CodeIgniter\CodeIgniter->runController(Object(App\Controllers\Schedule))
 8 SYSTEMPATH\CodeIgniter.php(340): CodeIgniter\CodeIgniter->handleRequest(null, Object(Config\Cache), false)
 9 FCPATH\index.php(67): CodeIgniter\CodeIgniter->run()
10 SYSTEMPATH\Commands\Server\rewrite.php(43): require_once('FCPATH\\index.php')
CRITICAL - 2022-10-17 23:45:24 --> Undefined variable: note_list
in APPPATH\Views\schedule_eps\planner\list_schedule.php on line 462.
 1 APPPATH\Views\schedule_eps\planner\list_schedule.php(462): CodeIgniter\Debug\Exceptions->errorHandler(8, 'Undefined variable: note_list', 'APPPATH\\Views\\schedule_eps\\planner\\list_schedule.php', 462, [...])
 2 SYSTEMPATH\View\View.php(213): include('APPPATH\\Views\\schedule_eps\\planner\\list_schedule.php')
 3 SYSTEMPATH\View\View.php(216): CodeIgniter\View\View->CodeIgniter\View\{closure}()
 4 SYSTEMPATH\Common.php(1137): CodeIgniter\View\View->render('schedule_eps/planner/list_schedule', [], true)
 5 APPPATH\Controllers\Schedule.php(28): view('schedule_eps/planner/list_schedule', [...])
 6 SYSTEMPATH\CodeIgniter.php(904): App\Controllers\Schedule->viewform()
 7 SYSTEMPATH\CodeIgniter.php(457): CodeIgniter\CodeIgniter->runController(Object(App\Controllers\Schedule))
 8 SYSTEMPATH\CodeIgniter.php(340): CodeIgniter\CodeIgniter->handleRequest(null, Object(Config\Cache), false)
 9 FCPATH\index.php(67): CodeIgniter\CodeIgniter->run()
10 SYSTEMPATH\Commands\Server\rewrite.php(43): require_once('FCPATH\\index.php')
CRITICAL - 2022-10-17 23:45:26 --> Undefined variable: note_list
in APPPATH\Views\schedule_eps\planner\list_schedule.php on line 462.
 1 APPPATH\Views\schedule_eps\planner\list_schedule.php(462): CodeIgniter\Debug\Exceptions->errorHandler(8, 'Undefined variable: note_list', 'APPPATH\\Views\\schedule_eps\\planner\\list_schedule.php', 462, [...])
 2 SYSTEMPATH\View\View.php(213): include('APPPATH\\Views\\schedule_eps\\planner\\list_schedule.php')
 3 SYSTEMPATH\View\View.php(216): CodeIgniter\View\View->CodeIgniter\View\{closure}()
 4 SYSTEMPATH\Common.php(1137): CodeIgniter\View\View->render('schedule_eps/planner/list_schedule', [], true)
 5 APPPATH\Controllers\Schedule.php(28): view('schedule_eps/planner/list_schedule', [...])
 6 SYSTEMPATH\CodeIgniter.php(904): App\Controllers\Schedule->viewform()
 7 SYSTEMPATH\CodeIgniter.php(457): CodeIgniter\CodeIgniter->runController(Object(App\Controllers\Schedule))
 8 SYSTEMPATH\CodeIgniter.php(340): CodeIgniter\CodeIgniter->handleRequest(null, Object(Config\Cache), false)
 9 FCPATH\index.php(67): CodeIgniter\CodeIgniter->run()
10 SYSTEMPATH\Commands\Server\rewrite.php(43): require_once('FCPATH\\index.php')
CRITICAL - 2022-10-17 23:45:26 --> Undefined variable: note_list
in APPPATH\Views\schedule_eps\planner\list_schedule.php on line 462.
 1 APPPATH\Views\schedule_eps\planner\list_schedule.php(462): CodeIgniter\Debug\Exceptions->errorHandler(8, 'Undefined variable: note_list', 'APPPATH\\Views\\schedule_eps\\planner\\list_schedule.php', 462, [...])
 2 SYSTEMPATH\View\View.php(213): include('APPPATH\\Views\\schedule_eps\\planner\\list_schedule.php')
 3 SYSTEMPATH\View\View.php(216): CodeIgniter\View\View->CodeIgniter\View\{closure}()
 4 SYSTEMPATH\Common.php(1137): CodeIgniter\View\View->render('schedule_eps/planner/list_schedule', [], true)
 5 APPPATH\Controllers\Schedule.php(28): view('schedule_eps/planner/list_schedule', [...])
 6 SYSTEMPATH\CodeIgniter.php(904): App\Controllers\Schedule->viewform()
 7 SYSTEMPATH\CodeIgniter.php(457): CodeIgniter\CodeIgniter->runController(Object(App\Controllers\Schedule))
 8 SYSTEMPATH\CodeIgniter.php(340): CodeIgniter\CodeIgniter->handleRequest(null, Object(Config\Cache), false)
 9 FCPATH\index.php(67): CodeIgniter\CodeIgniter->run()
10 SYSTEMPATH\Commands\Server\rewrite.php(43): require_once('FCPATH\\index.php')
CRITICAL - 2022-10-17 23:45:27 --> Undefined variable: note_list
in APPPATH\Views\schedule_eps\planner\list_schedule.php on line 462.
 1 APPPATH\Views\schedule_eps\planner\list_schedule.php(462): CodeIgniter\Debug\Exceptions->errorHandler(8, 'Undefined variable: note_list', 'APPPATH\\Views\\schedule_eps\\planner\\list_schedule.php', 462, [...])
 2 SYSTEMPATH\View\View.php(213): include('APPPATH\\Views\\schedule_eps\\planner\\list_schedule.php')
 3 SYSTEMPATH\View\View.php(216): CodeIgniter\View\View->CodeIgniter\View\{closure}()
 4 SYSTEMPATH\Common.php(1137): CodeIgniter\View\View->render('schedule_eps/planner/list_schedule', [], true)
 5 APPPATH\Controllers\Schedule.php(28): view('schedule_eps/planner/list_schedule', [...])
 6 SYSTEMPATH\CodeIgniter.php(904): App\Controllers\Schedule->viewform()
 7 SYSTEMPATH\CodeIgniter.php(457): CodeIgniter\CodeIgniter->runController(Object(App\Controllers\Schedule))
 8 SYSTEMPATH\CodeIgniter.php(340): CodeIgniter\CodeIgniter->handleRequest(null, Object(Config\Cache), false)
 9 FCPATH\index.php(67): CodeIgniter\CodeIgniter->run()
10 SYSTEMPATH\Commands\Server\rewrite.php(43): require_once('FCPATH\\index.php')
CRITICAL - 2022-10-17 23:45:27 --> Undefined variable: note_list
in APPPATH\Views\schedule_eps\planner\list_schedule.php on line 462.
 1 APPPATH\Views\schedule_eps\planner\list_schedule.php(462): CodeIgniter\Debug\Exceptions->errorHandler(8, 'Undefined variable: note_list', 'APPPATH\\Views\\schedule_eps\\planner\\list_schedule.php', 462, [...])
 2 SYSTEMPATH\View\View.php(213): include('APPPATH\\Views\\schedule_eps\\planner\\list_schedule.php')
 3 SYSTEMPATH\View\View.php(216): CodeIgniter\View\View->CodeIgniter\View\{closure}()
 4 SYSTEMPATH\Common.php(1137): CodeIgniter\View\View->render('schedule_eps/planner/list_schedule', [], true)
 5 APPPATH\Controllers\Schedule.php(28): view('schedule_eps/planner/list_schedule', [...])
 6 SYSTEMPATH\CodeIgniter.php(904): App\Controllers\Schedule->viewform()
 7 SYSTEMPATH\CodeIgniter.php(457): CodeIgniter\CodeIgniter->runController(Object(App\Controllers\Schedule))
 8 SYSTEMPATH\CodeIgniter.php(340): CodeIgniter\CodeIgniter->handleRequest(null, Object(Config\Cache), false)
 9 FCPATH\index.php(67): CodeIgniter\CodeIgniter->run()
10 SYSTEMPATH\Commands\Server\rewrite.php(43): require_once('FCPATH\\index.php')
CRITICAL - 2022-10-17 23:45:27 --> Undefined variable: note_list
in APPPATH\Views\schedule_eps\planner\list_schedule.php on line 462.
 1 APPPATH\Views\schedule_eps\planner\list_schedule.php(462): CodeIgniter\Debug\Exceptions->errorHandler(8, 'Undefined variable: note_list', 'APPPATH\\Views\\schedule_eps\\planner\\list_schedule.php', 462, [...])
 2 SYSTEMPATH\View\View.php(213): include('APPPATH\\Views\\schedule_eps\\planner\\list_schedule.php')
 3 SYSTEMPATH\View\View.php(216): CodeIgniter\View\View->CodeIgniter\View\{closure}()
 4 SYSTEMPATH\Common.php(1137): CodeIgniter\View\View->render('schedule_eps/planner/list_schedule', [], true)
 5 APPPATH\Controllers\Schedule.php(28): view('schedule_eps/planner/list_schedule', [...])
 6 SYSTEMPATH\CodeIgniter.php(904): App\Controllers\Schedule->viewform()
 7 SYSTEMPATH\CodeIgniter.php(457): CodeIgniter\CodeIgniter->runController(Object(App\Controllers\Schedule))
 8 SYSTEMPATH\CodeIgniter.php(340): CodeIgniter\CodeIgniter->handleRequest(null, Object(Config\Cache), false)
 9 FCPATH\index.php(67): CodeIgniter\CodeIgniter->run()
10 SYSTEMPATH\Commands\Server\rewrite.php(43): require_once('FCPATH\\index.php')
CRITICAL - 2022-10-17 23:45:27 --> Undefined variable: note_list
in APPPATH\Views\schedule_eps\planner\list_schedule.php on line 462.
 1 APPPATH\Views\schedule_eps\planner\list_schedule.php(462): CodeIgniter\Debug\Exceptions->errorHandler(8, 'Undefined variable: note_list', 'APPPATH\\Views\\schedule_eps\\planner\\list_schedule.php', 462, [...])
 2 SYSTEMPATH\View\View.php(213): include('APPPATH\\Views\\schedule_eps\\planner\\list_schedule.php')
 3 SYSTEMPATH\View\View.php(216): CodeIgniter\View\View->CodeIgniter\View\{closure}()
 4 SYSTEMPATH\Common.php(1137): CodeIgniter\View\View->render('schedule_eps/planner/list_schedule', [], true)
 5 APPPATH\Controllers\Schedule.php(28): view('schedule_eps/planner/list_schedule', [...])
 6 SYSTEMPATH\CodeIgniter.php(904): App\Controllers\Schedule->viewform()
 7 SYSTEMPATH\CodeIgniter.php(457): CodeIgniter\CodeIgniter->runController(Object(App\Controllers\Schedule))
 8 SYSTEMPATH\CodeIgniter.php(340): CodeIgniter\CodeIgniter->handleRequest(null, Object(Config\Cache), false)
 9 FCPATH\index.php(67): CodeIgniter\CodeIgniter->run()
10 SYSTEMPATH\Commands\Server\rewrite.php(43): require_once('FCPATH\\index.php')
CRITICAL - 2022-10-17 23:45:27 --> Undefined variable: note_list
in APPPATH\Views\schedule_eps\planner\list_schedule.php on line 462.
 1 APPPATH\Views\schedule_eps\planner\list_schedule.php(462): CodeIgniter\Debug\Exceptions->errorHandler(8, 'Undefined variable: note_list', 'APPPATH\\Views\\schedule_eps\\planner\\list_schedule.php', 462, [...])
 2 SYSTEMPATH\View\View.php(213): include('APPPATH\\Views\\schedule_eps\\planner\\list_schedule.php')
 3 SYSTEMPATH\View\View.php(216): CodeIgniter\View\View->CodeIgniter\View\{closure}()
 4 SYSTEMPATH\Common.php(1137): CodeIgniter\View\View->render('schedule_eps/planner/list_schedule', [], true)
 5 APPPATH\Controllers\Schedule.php(28): view('schedule_eps/planner/list_schedule', [...])
 6 SYSTEMPATH\CodeIgniter.php(904): App\Controllers\Schedule->viewform()
 7 SYSTEMPATH\CodeIgniter.php(457): CodeIgniter\CodeIgniter->runController(Object(App\Controllers\Schedule))
 8 SYSTEMPATH\CodeIgniter.php(340): CodeIgniter\CodeIgniter->handleRequest(null, Object(Config\Cache), false)
 9 FCPATH\index.php(67): CodeIgniter\CodeIgniter->run()
10 SYSTEMPATH\Commands\Server\rewrite.php(43): require_once('FCPATH\\index.php')
CRITICAL - 2022-10-17 23:45:28 --> Undefined variable: note_list
in APPPATH\Views\schedule_eps\planner\list_schedule.php on line 462.
 1 APPPATH\Views\schedule_eps\planner\list_schedule.php(462): CodeIgniter\Debug\Exceptions->errorHandler(8, 'Undefined variable: note_list', 'APPPATH\\Views\\schedule_eps\\planner\\list_schedule.php', 462, [...])
 2 SYSTEMPATH\View\View.php(213): include('APPPATH\\Views\\schedule_eps\\planner\\list_schedule.php')
 3 SYSTEMPATH\View\View.php(216): CodeIgniter\View\View->CodeIgniter\View\{closure}()
 4 SYSTEMPATH\Common.php(1137): CodeIgniter\View\View->render('schedule_eps/planner/list_schedule', [], true)
 5 APPPATH\Controllers\Schedule.php(28): view('schedule_eps/planner/list_schedule', [...])
 6 SYSTEMPATH\CodeIgniter.php(904): App\Controllers\Schedule->viewform()
 7 SYSTEMPATH\CodeIgniter.php(457): CodeIgniter\CodeIgniter->runController(Object(App\Controllers\Schedule))
 8 SYSTEMPATH\CodeIgniter.php(340): CodeIgniter\CodeIgniter->handleRequest(null, Object(Config\Cache), false)
 9 FCPATH\index.php(67): CodeIgniter\CodeIgniter->run()
10 SYSTEMPATH\Commands\Server\rewrite.php(43): require_once('FCPATH\\index.php')
CRITICAL - 2022-10-17 23:45:41 --> Undefined variable: note_list
in APPPATH\Views\schedule_eps\planner\list_schedule.php on line 462.
 1 APPPATH\Views\schedule_eps\planner\list_schedule.php(462): CodeIgniter\Debug\Exceptions->errorHandler(8, 'Undefined variable: note_list', 'APPPATH\\Views\\schedule_eps\\planner\\list_schedule.php', 462, [...])
 2 SYSTEMPATH\View\View.php(213): include('APPPATH\\Views\\schedule_eps\\planner\\list_schedule.php')
 3 SYSTEMPATH\View\View.php(216): CodeIgniter\View\View->CodeIgniter\View\{closure}()
 4 SYSTEMPATH\Common.php(1137): CodeIgniter\View\View->render('schedule_eps/planner/list_schedule', [], true)
 5 APPPATH\Controllers\Schedule.php(28): view('schedule_eps/planner/list_schedule', [...])
 6 SYSTEMPATH\CodeIgniter.php(904): App\Controllers\Schedule->viewform()
 7 SYSTEMPATH\CodeIgniter.php(457): CodeIgniter\CodeIgniter->runController(Object(App\Controllers\Schedule))
 8 SYSTEMPATH\CodeIgniter.php(340): CodeIgniter\CodeIgniter->handleRequest(null, Object(Config\Cache), false)
 9 FCPATH\index.php(67): CodeIgniter\CodeIgniter->run()
10 SYSTEMPATH\Commands\Server\rewrite.php(43): require_once('FCPATH\\index.php')
CRITICAL - 2022-10-17 23:54:01 --> Undefined variable: note_list
in APPPATH\Views\schedule_eps\planner\list_schedule.php on line 462.
 1 APPPATH\Views\schedule_eps\planner\list_schedule.php(462): CodeIgniter\Debug\Exceptions->errorHandler(8, 'Undefined variable: note_list', 'APPPATH\\Views\\schedule_eps\\planner\\list_schedule.php', 462, [...])
 2 SYSTEMPATH\View\View.php(213): include('APPPATH\\Views\\schedule_eps\\planner\\list_schedule.php')
 3 SYSTEMPATH\View\View.php(216): CodeIgniter\View\View->CodeIgniter\View\{closure}()
 4 SYSTEMPATH\Common.php(1137): CodeIgniter\View\View->render('schedule_eps/planner/list_schedule', [], true)
 5 APPPATH\Controllers\Schedule.php(28): view('schedule_eps/planner/list_schedule', [...])
 6 SYSTEMPATH\CodeIgniter.php(904): App\Controllers\Schedule->viewform()
 7 SYSTEMPATH\CodeIgniter.php(457): CodeIgniter\CodeIgniter->runController(Object(App\Controllers\Schedule))
 8 SYSTEMPATH\CodeIgniter.php(340): CodeIgniter\CodeIgniter->handleRequest(null, Object(Config\Cache), false)
 9 FCPATH\index.php(67): CodeIgniter\CodeIgniter->run()
10 SYSTEMPATH\Commands\Server\rewrite.php(43): require_once('FCPATH\\index.php')
