CRITICAL - 2023-03-23 09:13:48 --> You must set the database table to be used with your query.
in SYSTEMPATH\Database\BaseConnection.php on line 872.
 1 SYSTEMPATH\Model.php(586): CodeIgniter\Database\BaseConnection->table(null)
 2 SYSTEMPATH\Model.php(763): CodeIgniter\Model->builder()
 3 APPPATH\Controllers\Tip.php(226): CodeIgniter\Model->__call('getreportbyMonth', [...])
 4 SYSTEMPATH\CodeIgniter.php(904): App\Controllers\Tip->reportperBulan()
 5 SYSTEMPATH\CodeIgniter.php(457): CodeIgniter\CodeIgniter->runController(Object(App\Controllers\Tip))
 6 SYSTEMPATH\CodeIgniter.php(340): CodeIgniter\CodeIgniter->handleRequest(null, Object(Config\Cache), false)
 7 FCPATH\index.php(67): CodeIgniter\CodeIgniter->run()
 8 SYSTEMPATH\Commands\Server\rewrite.php(43): require_once('FCPATH\\index.php')
CRITICAL - 2023-03-23 09:14:33 --> syntax error, unexpected end of file
in APPPATH\Views\Tip_tracking\report_list_tip.php on line 183.
 1 SYSTEMPATH\View\View.php(216): CodeIgniter\View\View->CodeIgniter\View\{closure}()
 2 SYSTEMPATH\Common.php(1137): CodeIgniter\View\View->render('Tip_tracking/report_list_tip', [], true)
 3 APPPATH\Controllers\Tip.php(232): view('Tip_tracking/report_list_tip', [...])
 4 SYSTEMPATH\CodeIgniter.php(904): App\Controllers\Tip->reportperBulan()
 5 SYSTEMPATH\CodeIgniter.php(457): CodeIgniter\CodeIgniter->runController(Object(App\Controllers\Tip))
 6 SYSTEMPATH\CodeIgniter.php(340): CodeIgniter\CodeIgniter->handleRequest(null, Object(Config\Cache), false)
 7 FCPATH\index.php(67): CodeIgniter\CodeIgniter->run()
 8 SYSTEMPATH\Commands\Server\rewrite.php(43): require_once('FCPATH\\index.php')
CRITICAL - 2023-03-23 09:15:58 --> syntax error, unexpected end of file
in APPPATH\Views\Tip_tracking\report_list_tip.php on line 183.
 1 SYSTEMPATH\View\View.php(216): CodeIgniter\View\View->CodeIgniter\View\{closure}()
 2 SYSTEMPATH\Common.php(1137): CodeIgniter\View\View->render('Tip_tracking/report_list_tip', [], true)
 3 APPPATH\Controllers\Tip.php(232): view('Tip_tracking/report_list_tip', [...])
 4 SYSTEMPATH\CodeIgniter.php(904): App\Controllers\Tip->reportperBulan()
 5 SYSTEMPATH\CodeIgniter.php(457): CodeIgniter\CodeIgniter->runController(Object(App\Controllers\Tip))
 6 SYSTEMPATH\CodeIgniter.php(340): CodeIgniter\CodeIgniter->handleRequest(null, Object(Config\Cache), false)
 7 FCPATH\index.php(67): CodeIgniter\CodeIgniter->run()
 8 SYSTEMPATH\Commands\Server\rewrite.php(43): require_once('FCPATH\\index.php')
CRITICAL - 2023-03-23 09:17:24 --> Undefined variable: list
in APPPATH\Views\Tip_tracking\report_list_tip.php on line 110.
 1 APPPATH\Views\Tip_tracking\report_list_tip.php(110): CodeIgniter\Debug\Exceptions->errorHandler(8, 'Undefined variable: list', 'APPPATH\\Views\\Tip_tracking\\report_list_tip.php', 110, [...])
 2 SYSTEMPATH\View\View.php(213): include('APPPATH\\Views\\Tip_tracking\\report_list_tip.php')
 3 SYSTEMPATH\View\View.php(216): CodeIgniter\View\View->CodeIgniter\View\{closure}()
 4 SYSTEMPATH\Common.php(1137): CodeIgniter\View\View->render('Tip_tracking/report_list_tip', [], true)
 5 APPPATH\Controllers\Tip.php(232): view('Tip_tracking/report_list_tip', [...])
 6 SYSTEMPATH\CodeIgniter.php(904): App\Controllers\Tip->reportperBulan()
 7 SYSTEMPATH\CodeIgniter.php(457): CodeIgniter\CodeIgniter->runController(Object(App\Controllers\Tip))
 8 SYSTEMPATH\CodeIgniter.php(340): CodeIgniter\CodeIgniter->handleRequest(null, Object(Config\Cache), false)
 9 FCPATH\index.php(67): CodeIgniter\CodeIgniter->run()
10 SYSTEMPATH\Commands\Server\rewrite.php(43): require_once('FCPATH\\index.php')
CRITICAL - 2023-03-23 09:24:47 --> Undefined index: value_dafrizal
in APPPATH\Views\Tip_tracking\report_list_tip.php on line 157.
 1 APPPATH\Views\Tip_tracking\report_list_tip.php(157): CodeIgniter\Debug\Exceptions->errorHandler(8, 'Undefined index: value_dafrizal', 'APPPATH\\Views\\Tip_tracking\\report_list_tip.php', 157, [...])
 2 SYSTEMPATH\View\View.php(213): include('APPPATH\\Views\\Tip_tracking\\report_list_tip.php')
 3 SYSTEMPATH\View\View.php(216): CodeIgniter\View\View->CodeIgniter\View\{closure}()
 4 SYSTEMPATH\Common.php(1137): CodeIgniter\View\View->render('Tip_tracking/report_list_tip', [], true)
 5 APPPATH\Controllers\Tip.php(232): view('Tip_tracking/report_list_tip', [...])
 6 SYSTEMPATH\CodeIgniter.php(904): App\Controllers\Tip->reportperBulan()
 7 SYSTEMPATH\CodeIgniter.php(457): CodeIgniter\CodeIgniter->runController(Object(App\Controllers\Tip))
 8 SYSTEMPATH\CodeIgniter.php(340): CodeIgniter\CodeIgniter->handleRequest(null, Object(Config\Cache), false)
 9 FCPATH\index.php(67): CodeIgniter\CodeIgniter->run()
10 SYSTEMPATH\Commands\Server\rewrite.php(43): require_once('FCPATH\\index.php')
CRITICAL - 2023-03-23 09:27:16 --> Undefined variable: list
in APPPATH\Views\Tip_tracking\report_list_tip.php on line 157.
 1 APPPATH\Views\Tip_tracking\report_list_tip.php(157): CodeIgniter\Debug\Exceptions->errorHandler(8, 'Undefined variable: list', 'APPPATH\\Views\\Tip_tracking\\report_list_tip.php', 157, [...])
 2 SYSTEMPATH\View\View.php(213): include('APPPATH\\Views\\Tip_tracking\\report_list_tip.php')
 3 SYSTEMPATH\View\View.php(216): CodeIgniter\View\View->CodeIgniter\View\{closure}()
 4 SYSTEMPATH\Common.php(1137): CodeIgniter\View\View->render('Tip_tracking/report_list_tip', [], true)
 5 APPPATH\Controllers\Tip.php(232): view('Tip_tracking/report_list_tip', [...])
 6 SYSTEMPATH\CodeIgniter.php(904): App\Controllers\Tip->reportperBulan()
 7 SYSTEMPATH\CodeIgniter.php(457): CodeIgniter\CodeIgniter->runController(Object(App\Controllers\Tip))
 8 SYSTEMPATH\CodeIgniter.php(340): CodeIgniter\CodeIgniter->handleRequest(null, Object(Config\Cache), false)
 9 FCPATH\index.php(67): CodeIgniter\CodeIgniter->run()
10 SYSTEMPATH\Commands\Server\rewrite.php(43): require_once('FCPATH\\index.php')
CRITICAL - 2023-03-23 09:27:32 --> Undefined index: value_dafrizal
in APPPATH\Views\Tip_tracking\report_list_tip.php on line 157.
 1 APPPATH\Views\Tip_tracking\report_list_tip.php(157): CodeIgniter\Debug\Exceptions->errorHandler(8, 'Undefined index: value_dafrizal', 'APPPATH\\Views\\Tip_tracking\\report_list_tip.php', 157, [...])
 2 SYSTEMPATH\View\View.php(213): include('APPPATH\\Views\\Tip_tracking\\report_list_tip.php')
 3 SYSTEMPATH\View\View.php(216): CodeIgniter\View\View->CodeIgniter\View\{closure}()
 4 SYSTEMPATH\Common.php(1137): CodeIgniter\View\View->render('Tip_tracking/report_list_tip', [], true)
 5 APPPATH\Controllers\Tip.php(232): view('Tip_tracking/report_list_tip', [...])
 6 SYSTEMPATH\CodeIgniter.php(904): App\Controllers\Tip->reportperBulan()
 7 SYSTEMPATH\CodeIgniter.php(457): CodeIgniter\CodeIgniter->runController(Object(App\Controllers\Tip))
 8 SYSTEMPATH\CodeIgniter.php(340): CodeIgniter\CodeIgniter->handleRequest(null, Object(Config\Cache), false)
 9 FCPATH\index.php(67): CodeIgniter\CodeIgniter->run()
10 SYSTEMPATH\Commands\Server\rewrite.php(43): require_once('FCPATH\\index.php')
CRITICAL - 2023-03-23 09:27:33 --> Undefined index: value_dafrizal
in APPPATH\Views\Tip_tracking\report_list_tip.php on line 157.
 1 APPPATH\Views\Tip_tracking\report_list_tip.php(157): CodeIgniter\Debug\Exceptions->errorHandler(8, 'Undefined index: value_dafrizal', 'APPPATH\\Views\\Tip_tracking\\report_list_tip.php', 157, [...])
 2 SYSTEMPATH\View\View.php(213): include('APPPATH\\Views\\Tip_tracking\\report_list_tip.php')
 3 SYSTEMPATH\View\View.php(216): CodeIgniter\View\View->CodeIgniter\View\{closure}()
 4 SYSTEMPATH\Common.php(1137): CodeIgniter\View\View->render('Tip_tracking/report_list_tip', [], true)
 5 APPPATH\Controllers\Tip.php(232): view('Tip_tracking/report_list_tip', [...])
 6 SYSTEMPATH\CodeIgniter.php(904): App\Controllers\Tip->reportperBulan()
 7 SYSTEMPATH\CodeIgniter.php(457): CodeIgniter\CodeIgniter->runController(Object(App\Controllers\Tip))
 8 SYSTEMPATH\CodeIgniter.php(340): CodeIgniter\CodeIgniter->handleRequest(null, Object(Config\Cache), false)
 9 FCPATH\index.php(67): CodeIgniter\CodeIgniter->run()
10 SYSTEMPATH\Commands\Server\rewrite.php(43): require_once('FCPATH\\index.php')
CRITICAL - 2023-03-23 09:29:46 --> You must set the database table to be used with your query.
in SYSTEMPATH\Database\BaseConnection.php on line 872.
 1 SYSTEMPATH\Model.php(586): CodeIgniter\Database\BaseConnection->table(null)
 2 SYSTEMPATH\Model.php(763): CodeIgniter\Model->builder()
 3 APPPATH\Controllers\Tip.php(272): CodeIgniter\Model->__call('getreportbyMonth', [...])
 4 SYSTEMPATH\CodeIgniter.php(904): App\Controllers\Tip->printreportperbulan()
 5 SYSTEMPATH\CodeIgniter.php(457): CodeIgniter\CodeIgniter->runController(Object(App\Controllers\Tip))
 6 SYSTEMPATH\CodeIgniter.php(340): CodeIgniter\CodeIgniter->handleRequest(null, Object(Config\Cache), false)
 7 FCPATH\index.php(67): CodeIgniter\CodeIgniter->run()
 8 SYSTEMPATH\Commands\Server\rewrite.php(43): require_once('FCPATH\\index.php')
CRITICAL - 2023-03-23 09:55:07 --> syntax error, unexpected '}', expecting end of file
in APPPATH\Views\Tip_tracking\report_list_tip.php on line 181.
 1 SYSTEMPATH\View\View.php(216): CodeIgniter\View\View->CodeIgniter\View\{closure}()
 2 SYSTEMPATH\Common.php(1137): CodeIgniter\View\View->render('Tip_tracking/report_list_tip', [], true)
 3 APPPATH\Controllers\Tip.php(233): view('Tip_tracking/report_list_tip', [...])
 4 SYSTEMPATH\CodeIgniter.php(904): App\Controllers\Tip->reportperBulan()
 5 SYSTEMPATH\CodeIgniter.php(457): CodeIgniter\CodeIgniter->runController(Object(App\Controllers\Tip))
 6 SYSTEMPATH\CodeIgniter.php(340): CodeIgniter\CodeIgniter->handleRequest(null, Object(Config\Cache), false)
 7 FCPATH\index.php(67): CodeIgniter\CodeIgniter->run()
 8 SYSTEMPATH\Commands\Server\rewrite.php(43): require_once('FCPATH\\index.php')
CRITICAL - 2023-03-23 10:01:21 --> Undefined index: doni
in APPPATH\Views\Tip_tracking\report_list_tip.php on line 127.
 1 APPPATH\Views\Tip_tracking\report_list_tip.php(127): CodeIgniter\Debug\Exceptions->errorHandler(8, 'Undefined index: doni', 'APPPATH\\Views\\Tip_tracking\\report_list_tip.php', 127, [...])
 2 SYSTEMPATH\View\View.php(213): include('APPPATH\\Views\\Tip_tracking\\report_list_tip.php')
 3 SYSTEMPATH\View\View.php(216): CodeIgniter\View\View->CodeIgniter\View\{closure}()
 4 SYSTEMPATH\Common.php(1137): CodeIgniter\View\View->render('Tip_tracking/report_list_tip', [], true)
 5 APPPATH\Controllers\Tip.php(233): view('Tip_tracking/report_list_tip', [...])
 6 SYSTEMPATH\CodeIgniter.php(904): App\Controllers\Tip->reportperBulan()
 7 SYSTEMPATH\CodeIgniter.php(457): CodeIgniter\CodeIgniter->runController(Object(App\Controllers\Tip))
 8 SYSTEMPATH\CodeIgniter.php(340): CodeIgniter\CodeIgniter->handleRequest(null, Object(Config\Cache), false)
 9 FCPATH\index.php(67): CodeIgniter\CodeIgniter->run()
10 SYSTEMPATH\Commands\Server\rewrite.php(43): require_once('FCPATH\\index.php')
CRITICAL - 2023-03-23 10:13:04 --> Undefined index: trip_chandra
in APPPATH\Views\Tip_tracking\report_list_tip.php on line 111.
 1 APPPATH\Views\Tip_tracking\report_list_tip.php(111): CodeIgniter\Debug\Exceptions->errorHandler(8, 'Undefined index: trip_chandra', 'APPPATH\\Views\\Tip_tracking\\report_list_tip.php', 111, [...])
 2 SYSTEMPATH\View\View.php(213): include('APPPATH\\Views\\Tip_tracking\\report_list_tip.php')
 3 SYSTEMPATH\View\View.php(216): CodeIgniter\View\View->CodeIgniter\View\{closure}()
 4 SYSTEMPATH\Common.php(1137): CodeIgniter\View\View->render('Tip_tracking/report_list_tip', [], true)
 5 APPPATH\Controllers\Tip.php(233): view('Tip_tracking/report_list_tip', [...])
 6 SYSTEMPATH\CodeIgniter.php(904): App\Controllers\Tip->reportperBulan()
 7 SYSTEMPATH\CodeIgniter.php(457): CodeIgniter\CodeIgniter->runController(Object(App\Controllers\Tip))
 8 SYSTEMPATH\CodeIgniter.php(340): CodeIgniter\CodeIgniter->handleRequest(null, Object(Config\Cache), false)
 9 FCPATH\index.php(67): CodeIgniter\CodeIgniter->run()
10 SYSTEMPATH\Commands\Server\rewrite.php(43): require_once('FCPATH\\index.php')
ERROR - 2023-03-23 10:14:29 --> mysqli_sql_exception: You have an error in your SQL syntax; check the manual that corresponds to your MariaDB server version for the right syntax to use near 'COUNT(IF(driver='Chandra sinaga', trip, NULL)) trip_chandra,
        COUNT(I...' at line 2 in C:\xampp\htdocs\tracking\system\Database\MySQLi\Connection.php:292
Stack trace:
#0 C:\xampp\htdocs\tracking\system\Database\MySQLi\Connection.php(292): mysqli->query('SELECT tgl, dri...', 0)
#1 C:\xampp\htdocs\tracking\system\Database\BaseConnection.php(693): CodeIgniter\Database\MySQLi\Connection->execute('SELECT tgl, dri...')
#2 C:\xampp\htdocs\tracking\system\Database\BaseConnection.php(620): CodeIgniter\Database\BaseConnection->simpleQuery('SELECT tgl, dri...')
#3 C:\xampp\htdocs\tracking\app\Models\TipModel.php(173): CodeIgniter\Database\BaseConnection->query('SELECT tgl, dri...')
#4 C:\xampp\htdocs\tracking\app\Controllers\Tip.php(226): App\Models\TipModel->getreportbyMonth('10', '2022')
#5 C:\xampp\htdocs\tracking\system\CodeIgniter.php(904): App\Controllers\Tip->reportperBulan()
#6 C:\xampp\htdocs\tracking\system\CodeIgniter.php(457): CodeIgniter\CodeIgniter->runController(Object(App\Controllers\Tip))
#7 C:\xampp\htdocs\tracking\system\CodeIgniter.php(340): CodeIgniter\CodeIgniter->handleRequest(NULL, Object(Config\Cache), false)
#8 C:\xampp\htdocs\tracking\public\index.php(67): CodeIgniter\CodeIgniter->run()
#9 C:\xampp\htdocs\tracking\system\Commands\Server\rewrite.php(43): require_once('C:\\xampp\\htdocs...')
#10 {main}
CRITICAL - 2023-03-23 10:14:29 --> You have an error in your SQL syntax; check the manual that corresponds to your MariaDB server version for the right syntax to use near 'COUNT(IF(driver='Chandra sinaga', trip, NULL)) trip_chandra,
        COUNT(I...' at line 2
in SYSTEMPATH\Database\MySQLi\Connection.php on line 292.
 1 SYSTEMPATH\Database\MySQLi\Connection.php(292): mysqli->query('SELECT tgl, driver
        COUNT(IF(driver=\'Chandra sinaga\', trip, NULL)) trip_chandra,
        COUNT(IF(driver=\'Doni\', trip, NULL)) trip_doni,
        COUNT(IF(driver=\'Dafrizal\', trip, NULL)) trip_dafrizal,
        COUNT(IF(driver=\'Herian\', trip, NULL)) trip_herian,
        SUM(IF(driver=\'Chandra sinaga\', value_tip, 0)) value_chandra,
        SUM(IF(driver=\'Doni\', value_tip, 0)) value_doni,
        SUM(IF(driver=\'Dafrizal\', value_tip, 0)) value_dafrizal,
        SUM(IF(driver=\'Herian\', value_tip, 0)) value_herian
            FROM tblmas_tip_tracking
                WHERE month(tgl)=10 AND year(tgl)=2022 GROUP BY driver, tgl', 0)
 2 SYSTEMPATH\Database\BaseConnection.php(693): CodeIgniter\Database\MySQLi\Connection->execute('SELECT tgl, driver
        COUNT(IF(driver=\'Chandra sinaga\', trip, NULL)) trip_chandra,
        COUNT(IF(driver=\'Doni\', trip, NULL)) trip_doni,
        COUNT(IF(driver=\'Dafrizal\', trip, NULL)) trip_dafrizal,
        COUNT(IF(driver=\'Herian\', trip, NULL)) trip_herian,
        SUM(IF(driver=\'Chandra sinaga\', value_tip, 0)) value_chandra,
        SUM(IF(driver=\'Doni\', value_tip, 0)) value_doni,
        SUM(IF(driver=\'Dafrizal\', value_tip, 0)) value_dafrizal,
        SUM(IF(driver=\'Herian\', value_tip, 0)) value_herian
            FROM tblmas_tip_tracking
                WHERE month(tgl)=10 AND year(tgl)=2022 GROUP BY driver, tgl')
 3 SYSTEMPATH\Database\BaseConnection.php(620): CodeIgniter\Database\BaseConnection->simpleQuery('SELECT tgl, driver
        COUNT(IF(driver=\'Chandra sinaga\', trip, NULL)) trip_chandra,
        COUNT(IF(driver=\'Doni\', trip, NULL)) trip_doni,
        COUNT(IF(driver=\'Dafrizal\', trip, NULL)) trip_dafrizal,
        COUNT(IF(driver=\'Herian\', trip, NULL)) trip_herian,
        SUM(IF(driver=\'Chandra sinaga\', value_tip, 0)) value_chandra,
        SUM(IF(driver=\'Doni\', value_tip, 0)) value_doni,
        SUM(IF(driver=\'Dafrizal\', value_tip, 0)) value_dafrizal,
        SUM(IF(driver=\'Herian\', value_tip, 0)) value_herian
            FROM tblmas_tip_tracking
                WHERE month(tgl)=10 AND year(tgl)=2022 GROUP BY driver, tgl')
 4 APPPATH\Models\TipModel.php(173): CodeIgniter\Database\BaseConnection->query('SELECT tgl, driver
        COUNT(IF(driver=\'Chandra sinaga\', trip, NULL)) trip_chandra,
        COUNT(IF(driver=\'Doni\', trip, NULL)) trip_doni,
        COUNT(IF(driver=\'Dafrizal\', trip, NULL)) trip_dafrizal,
        COUNT(IF(driver=\'Herian\', trip, NULL)) trip_herian,
        SUM(IF(driver=\'Chandra sinaga\', value_tip, 0)) value_chandra,
        SUM(IF(driver=\'Doni\', value_tip, 0)) value_doni,
        SUM(IF(driver=\'Dafrizal\', value_tip, 0)) value_dafrizal,
        SUM(IF(driver=\'Herian\', value_tip, 0)) value_herian
            FROM tblmas_tip_tracking
                WHERE month(tgl)=10 AND year(tgl)=2022 GROUP BY driver, tgl')
 5 APPPATH\Controllers\Tip.php(226): App\Models\TipModel->getreportbyMonth('10', '2022')
 6 SYSTEMPATH\CodeIgniter.php(904): App\Controllers\Tip->reportperBulan()
 7 SYSTEMPATH\CodeIgniter.php(457): CodeIgniter\CodeIgniter->runController(Object(App\Controllers\Tip))
 8 SYSTEMPATH\CodeIgniter.php(340): CodeIgniter\CodeIgniter->handleRequest(null, Object(Config\Cache), false)
 9 FCPATH\index.php(67): CodeIgniter\CodeIgniter->run()
10 SYSTEMPATH\Commands\Server\rewrite.php(43): require_once('FCPATH\\index.php')
ERROR - 2023-03-23 10:14:29 --> mysqli_sql_exception: You have an error in your SQL syntax; check the manual that corresponds to your MariaDB server version for the right syntax to use near 'COUNT(IF(driver='Chandra sinaga', trip, NULL)) trip_chandra,
        COUNT(I...' at line 2 in C:\xampp\htdocs\tracking\system\Database\MySQLi\Connection.php:292
Stack trace:
#0 C:\xampp\htdocs\tracking\system\Database\MySQLi\Connection.php(292): mysqli->query('SELECT tgl, dri...', 0)
#1 C:\xampp\htdocs\tracking\system\Database\BaseConnection.php(693): CodeIgniter\Database\MySQLi\Connection->execute('SELECT tgl, dri...')
#2 C:\xampp\htdocs\tracking\system\Database\BaseConnection.php(620): CodeIgniter\Database\BaseConnection->simpleQuery('SELECT tgl, dri...')
#3 C:\xampp\htdocs\tracking\app\Models\TipModel.php(173): CodeIgniter\Database\BaseConnection->query('SELECT tgl, dri...')
#4 C:\xampp\htdocs\tracking\app\Controllers\Tip.php(226): App\Models\TipModel->getreportbyMonth('10', '2022')
#5 C:\xampp\htdocs\tracking\system\CodeIgniter.php(904): App\Controllers\Tip->reportperBulan()
#6 C:\xampp\htdocs\tracking\system\CodeIgniter.php(457): CodeIgniter\CodeIgniter->runController(Object(App\Controllers\Tip))
#7 C:\xampp\htdocs\tracking\system\CodeIgniter.php(340): CodeIgniter\CodeIgniter->handleRequest(NULL, Object(Config\Cache), false)
#8 C:\xampp\htdocs\tracking\public\index.php(67): CodeIgniter\CodeIgniter->run()
#9 C:\xampp\htdocs\tracking\system\Commands\Server\rewrite.php(43): require_once('C:\\xampp\\htdocs...')
#10 {main}
CRITICAL - 2023-03-23 10:14:29 --> You have an error in your SQL syntax; check the manual that corresponds to your MariaDB server version for the right syntax to use near 'COUNT(IF(driver='Chandra sinaga', trip, NULL)) trip_chandra,
        COUNT(I...' at line 2
in SYSTEMPATH\Database\MySQLi\Connection.php on line 292.
 1 SYSTEMPATH\Database\MySQLi\Connection.php(292): mysqli->query('SELECT tgl, driver
        COUNT(IF(driver=\'Chandra sinaga\', trip, NULL)) trip_chandra,
        COUNT(IF(driver=\'Doni\', trip, NULL)) trip_doni,
        COUNT(IF(driver=\'Dafrizal\', trip, NULL)) trip_dafrizal,
        COUNT(IF(driver=\'Herian\', trip, NULL)) trip_herian,
        SUM(IF(driver=\'Chandra sinaga\', value_tip, 0)) value_chandra,
        SUM(IF(driver=\'Doni\', value_tip, 0)) value_doni,
        SUM(IF(driver=\'Dafrizal\', value_tip, 0)) value_dafrizal,
        SUM(IF(driver=\'Herian\', value_tip, 0)) value_herian
            FROM tblmas_tip_tracking
                WHERE month(tgl)=10 AND year(tgl)=2022 GROUP BY driver, tgl', 0)
 2 SYSTEMPATH\Database\BaseConnection.php(693): CodeIgniter\Database\MySQLi\Connection->execute('SELECT tgl, driver
        COUNT(IF(driver=\'Chandra sinaga\', trip, NULL)) trip_chandra,
        COUNT(IF(driver=\'Doni\', trip, NULL)) trip_doni,
        COUNT(IF(driver=\'Dafrizal\', trip, NULL)) trip_dafrizal,
        COUNT(IF(driver=\'Herian\', trip, NULL)) trip_herian,
        SUM(IF(driver=\'Chandra sinaga\', value_tip, 0)) value_chandra,
        SUM(IF(driver=\'Doni\', value_tip, 0)) value_doni,
        SUM(IF(driver=\'Dafrizal\', value_tip, 0)) value_dafrizal,
        SUM(IF(driver=\'Herian\', value_tip, 0)) value_herian
            FROM tblmas_tip_tracking
                WHERE month(tgl)=10 AND year(tgl)=2022 GROUP BY driver, tgl')
 3 SYSTEMPATH\Database\BaseConnection.php(620): CodeIgniter\Database\BaseConnection->simpleQuery('SELECT tgl, driver
        COUNT(IF(driver=\'Chandra sinaga\', trip, NULL)) trip_chandra,
        COUNT(IF(driver=\'Doni\', trip, NULL)) trip_doni,
        COUNT(IF(driver=\'Dafrizal\', trip, NULL)) trip_dafrizal,
        COUNT(IF(driver=\'Herian\', trip, NULL)) trip_herian,
        SUM(IF(driver=\'Chandra sinaga\', value_tip, 0)) value_chandra,
        SUM(IF(driver=\'Doni\', value_tip, 0)) value_doni,
        SUM(IF(driver=\'Dafrizal\', value_tip, 0)) value_dafrizal,
        SUM(IF(driver=\'Herian\', value_tip, 0)) value_herian
            FROM tblmas_tip_tracking
                WHERE month(tgl)=10 AND year(tgl)=2022 GROUP BY driver, tgl')
 4 APPPATH\Models\TipModel.php(173): CodeIgniter\Database\BaseConnection->query('SELECT tgl, driver
        COUNT(IF(driver=\'Chandra sinaga\', trip, NULL)) trip_chandra,
        COUNT(IF(driver=\'Doni\', trip, NULL)) trip_doni,
        COUNT(IF(driver=\'Dafrizal\', trip, NULL)) trip_dafrizal,
        COUNT(IF(driver=\'Herian\', trip, NULL)) trip_herian,
        SUM(IF(driver=\'Chandra sinaga\', value_tip, 0)) value_chandra,
        SUM(IF(driver=\'Doni\', value_tip, 0)) value_doni,
        SUM(IF(driver=\'Dafrizal\', value_tip, 0)) value_dafrizal,
        SUM(IF(driver=\'Herian\', value_tip, 0)) value_herian
            FROM tblmas_tip_tracking
                WHERE month(tgl)=10 AND year(tgl)=2022 GROUP BY driver, tgl')
 5 APPPATH\Controllers\Tip.php(226): App\Models\TipModel->getreportbyMonth('10', '2022')
 6 SYSTEMPATH\CodeIgniter.php(904): App\Controllers\Tip->reportperBulan()
 7 SYSTEMPATH\CodeIgniter.php(457): CodeIgniter\CodeIgniter->runController(Object(App\Controllers\Tip))
 8 SYSTEMPATH\CodeIgniter.php(340): CodeIgniter\CodeIgniter->handleRequest(null, Object(Config\Cache), false)
 9 FCPATH\index.php(67): CodeIgniter\CodeIgniter->run()
10 SYSTEMPATH\Commands\Server\rewrite.php(43): require_once('FCPATH\\index.php')
CRITICAL - 2023-03-23 11:19:52 --> Undefined variable: hari
in APPPATH\Views\Tip_tracking\report_list_tip.php on line 94.
 1 APPPATH\Views\Tip_tracking\report_list_tip.php(94): CodeIgniter\Debug\Exceptions->errorHandler(8, 'Undefined variable: hari', 'APPPATH\\Views\\Tip_tracking\\report_list_tip.php', 94, [...])
 2 SYSTEMPATH\View\View.php(213): include('APPPATH\\Views\\Tip_tracking\\report_list_tip.php')
 3 SYSTEMPATH\View\View.php(216): CodeIgniter\View\View->CodeIgniter\View\{closure}()
 4 SYSTEMPATH\Common.php(1137): CodeIgniter\View\View->render('Tip_tracking/report_list_tip', [], true)
 5 APPPATH\Controllers\Tip.php(233): view('Tip_tracking/report_list_tip', [...])
 6 SYSTEMPATH\CodeIgniter.php(904): App\Controllers\Tip->reportperBulan()
 7 SYSTEMPATH\CodeIgniter.php(457): CodeIgniter\CodeIgniter->runController(Object(App\Controllers\Tip))
 8 SYSTEMPATH\CodeIgniter.php(340): CodeIgniter\CodeIgniter->handleRequest(null, Object(Config\Cache), false)
 9 FCPATH\index.php(67): CodeIgniter\CodeIgniter->run()
10 SYSTEMPATH\Commands\Server\rewrite.php(43): require_once('FCPATH\\index.php')
CRITICAL - 2023-03-23 11:24:29 --> Undefined variable: hari
in APPPATH\Views\Tip_tracking\report_list_tip.php on line 94.
 1 APPPATH\Views\Tip_tracking\report_list_tip.php(94): CodeIgniter\Debug\Exceptions->errorHandler(8, 'Undefined variable: hari', 'APPPATH\\Views\\Tip_tracking\\report_list_tip.php', 94, [...])
 2 SYSTEMPATH\View\View.php(213): include('APPPATH\\Views\\Tip_tracking\\report_list_tip.php')
 3 SYSTEMPATH\View\View.php(216): CodeIgniter\View\View->CodeIgniter\View\{closure}()
 4 SYSTEMPATH\Common.php(1137): CodeIgniter\View\View->render('Tip_tracking/report_list_tip', [], true)
 5 APPPATH\Controllers\Tip.php(233): view('Tip_tracking/report_list_tip', [...])
 6 SYSTEMPATH\CodeIgniter.php(904): App\Controllers\Tip->reportperBulan()
 7 SYSTEMPATH\CodeIgniter.php(457): CodeIgniter\CodeIgniter->runController(Object(App\Controllers\Tip))
 8 SYSTEMPATH\CodeIgniter.php(340): CodeIgniter\CodeIgniter->handleRequest(null, Object(Config\Cache), false)
 9 FCPATH\index.php(67): CodeIgniter\CodeIgniter->run()
10 SYSTEMPATH\Commands\Server\rewrite.php(43): require_once('FCPATH\\index.php')
CRITICAL - 2023-03-23 11:24:30 --> Undefined variable: hari
in APPPATH\Views\Tip_tracking\report_list_tip.php on line 94.
 1 APPPATH\Views\Tip_tracking\report_list_tip.php(94): CodeIgniter\Debug\Exceptions->errorHandler(8, 'Undefined variable: hari', 'APPPATH\\Views\\Tip_tracking\\report_list_tip.php', 94, [...])
 2 SYSTEMPATH\View\View.php(213): include('APPPATH\\Views\\Tip_tracking\\report_list_tip.php')
 3 SYSTEMPATH\View\View.php(216): CodeIgniter\View\View->CodeIgniter\View\{closure}()
 4 SYSTEMPATH\Common.php(1137): CodeIgniter\View\View->render('Tip_tracking/report_list_tip', [], true)
 5 APPPATH\Controllers\Tip.php(233): view('Tip_tracking/report_list_tip', [...])
 6 SYSTEMPATH\CodeIgniter.php(904): App\Controllers\Tip->reportperBulan()
 7 SYSTEMPATH\CodeIgniter.php(457): CodeIgniter\CodeIgniter->runController(Object(App\Controllers\Tip))
 8 SYSTEMPATH\CodeIgniter.php(340): CodeIgniter\CodeIgniter->handleRequest(null, Object(Config\Cache), false)
 9 FCPATH\index.php(67): CodeIgniter\CodeIgniter->run()
10 SYSTEMPATH\Commands\Server\rewrite.php(43): require_once('FCPATH\\index.php')
CRITICAL - 2023-03-23 13:03:27 --> Undefined variable: i
in APPPATH\Views\Tip_tracking\report_list_tip.php on line 101.
 1 APPPATH\Views\Tip_tracking\report_list_tip.php(101): CodeIgniter\Debug\Exceptions->errorHandler(8, 'Undefined variable: i', 'APPPATH\\Views\\Tip_tracking\\report_list_tip.php', 101, [...])
 2 SYSTEMPATH\View\View.php(213): include('APPPATH\\Views\\Tip_tracking\\report_list_tip.php')
 3 SYSTEMPATH\View\View.php(216): CodeIgniter\View\View->CodeIgniter\View\{closure}()
 4 SYSTEMPATH\Common.php(1137): CodeIgniter\View\View->render('Tip_tracking/report_list_tip', [], true)
 5 APPPATH\Controllers\Tip.php(233): view('Tip_tracking/report_list_tip', [...])
 6 SYSTEMPATH\CodeIgniter.php(904): App\Controllers\Tip->reportperBulan()
 7 SYSTEMPATH\CodeIgniter.php(457): CodeIgniter\CodeIgniter->runController(Object(App\Controllers\Tip))
 8 SYSTEMPATH\CodeIgniter.php(340): CodeIgniter\CodeIgniter->handleRequest(null, Object(Config\Cache), false)
 9 FCPATH\index.php(67): CodeIgniter\CodeIgniter->run()
10 SYSTEMPATH\Commands\Server\rewrite.php(43): require_once('FCPATH\\index.php')
CRITICAL - 2023-03-23 13:08:35 --> Undefined variable: jumlah_trip
in APPPATH\Views\Tip_tracking\report_list_tip.php on line 108.
 1 APPPATH\Views\Tip_tracking\report_list_tip.php(108): CodeIgniter\Debug\Exceptions->errorHandler(8, 'Undefined variable: jumlah_trip', 'APPPATH\\Views\\Tip_tracking\\report_list_tip.php', 108, [...])
 2 SYSTEMPATH\View\View.php(213): include('APPPATH\\Views\\Tip_tracking\\report_list_tip.php')
 3 SYSTEMPATH\View\View.php(216): CodeIgniter\View\View->CodeIgniter\View\{closure}()
 4 SYSTEMPATH\Common.php(1137): CodeIgniter\View\View->render('Tip_tracking/report_list_tip', [], true)
 5 APPPATH\Controllers\Tip.php(233): view('Tip_tracking/report_list_tip', [...])
 6 SYSTEMPATH\CodeIgniter.php(904): App\Controllers\Tip->reportperBulan()
 7 SYSTEMPATH\CodeIgniter.php(457): CodeIgniter\CodeIgniter->runController(Object(App\Controllers\Tip))
 8 SYSTEMPATH\CodeIgniter.php(340): CodeIgniter\CodeIgniter->handleRequest(null, Object(Config\Cache), false)
 9 FCPATH\index.php(67): CodeIgniter\CodeIgniter->run()
10 SYSTEMPATH\Commands\Server\rewrite.php(43): require_once('FCPATH\\index.php')
CRITICAL - 2023-03-23 13:09:22 --> Undefined variable: jumlah_trip
in APPPATH\Views\Tip_tracking\report_list_tip.php on line 108.
 1 APPPATH\Views\Tip_tracking\report_list_tip.php(108): CodeIgniter\Debug\Exceptions->errorHandler(8, 'Undefined variable: jumlah_trip', 'APPPATH\\Views\\Tip_tracking\\report_list_tip.php', 108, [...])
 2 SYSTEMPATH\View\View.php(213): include('APPPATH\\Views\\Tip_tracking\\report_list_tip.php')
 3 SYSTEMPATH\View\View.php(216): CodeIgniter\View\View->CodeIgniter\View\{closure}()
 4 SYSTEMPATH\Common.php(1137): CodeIgniter\View\View->render('Tip_tracking/report_list_tip', [], true)
 5 APPPATH\Controllers\Tip.php(233): view('Tip_tracking/report_list_tip', [...])
 6 SYSTEMPATH\CodeIgniter.php(904): App\Controllers\Tip->reportperBulan()
 7 SYSTEMPATH\CodeIgniter.php(457): CodeIgniter\CodeIgniter->runController(Object(App\Controllers\Tip))
 8 SYSTEMPATH\CodeIgniter.php(340): CodeIgniter\CodeIgniter->handleRequest(null, Object(Config\Cache), false)
 9 FCPATH\index.php(67): CodeIgniter\CodeIgniter->run()
10 SYSTEMPATH\Commands\Server\rewrite.php(43): require_once('FCPATH\\index.php')
CRITICAL - 2023-03-23 13:10:00 --> Undefined variable: jumlah_trip
in APPPATH\Views\Tip_tracking\report_list_tip.php on line 107.
 1 APPPATH\Views\Tip_tracking\report_list_tip.php(107): CodeIgniter\Debug\Exceptions->errorHandler(8, 'Undefined variable: jumlah_trip', 'APPPATH\\Views\\Tip_tracking\\report_list_tip.php', 107, [...])
 2 SYSTEMPATH\View\View.php(213): include('APPPATH\\Views\\Tip_tracking\\report_list_tip.php')
 3 SYSTEMPATH\View\View.php(216): CodeIgniter\View\View->CodeIgniter\View\{closure}()
 4 SYSTEMPATH\Common.php(1137): CodeIgniter\View\View->render('Tip_tracking/report_list_tip', [], true)
 5 APPPATH\Controllers\Tip.php(233): view('Tip_tracking/report_list_tip', [...])
 6 SYSTEMPATH\CodeIgniter.php(904): App\Controllers\Tip->reportperBulan()
 7 SYSTEMPATH\CodeIgniter.php(457): CodeIgniter\CodeIgniter->runController(Object(App\Controllers\Tip))
 8 SYSTEMPATH\CodeIgniter.php(340): CodeIgniter\CodeIgniter->handleRequest(null, Object(Config\Cache), false)
 9 FCPATH\index.php(67): CodeIgniter\CodeIgniter->run()
10 SYSTEMPATH\Commands\Server\rewrite.php(43): require_once('FCPATH\\index.php')
CRITICAL - 2023-03-23 13:10:04 --> Undefined variable: jumlah_trip
in APPPATH\Views\Tip_tracking\report_list_tip.php on line 109.
 1 APPPATH\Views\Tip_tracking\report_list_tip.php(109): CodeIgniter\Debug\Exceptions->errorHandler(8, 'Undefined variable: jumlah_trip', 'APPPATH\\Views\\Tip_tracking\\report_list_tip.php', 109, [...])
 2 SYSTEMPATH\View\View.php(213): include('APPPATH\\Views\\Tip_tracking\\report_list_tip.php')
 3 SYSTEMPATH\View\View.php(216): CodeIgniter\View\View->CodeIgniter\View\{closure}()
 4 SYSTEMPATH\Common.php(1137): CodeIgniter\View\View->render('Tip_tracking/report_list_tip', [], true)
 5 APPPATH\Controllers\Tip.php(233): view('Tip_tracking/report_list_tip', [...])
 6 SYSTEMPATH\CodeIgniter.php(904): App\Controllers\Tip->reportperBulan()
 7 SYSTEMPATH\CodeIgniter.php(457): CodeIgniter\CodeIgniter->runController(Object(App\Controllers\Tip))
 8 SYSTEMPATH\CodeIgniter.php(340): CodeIgniter\CodeIgniter->handleRequest(null, Object(Config\Cache), false)
 9 FCPATH\index.php(67): CodeIgniter\CodeIgniter->run()
10 SYSTEMPATH\Commands\Server\rewrite.php(43): require_once('FCPATH\\index.php')
CRITICAL - 2023-03-23 13:10:17 --> Undefined variable: jumlah_trip
in APPPATH\Views\Tip_tracking\report_list_tip.php on line 108.
 1 APPPATH\Views\Tip_tracking\report_list_tip.php(108): CodeIgniter\Debug\Exceptions->errorHandler(8, 'Undefined variable: jumlah_trip', 'APPPATH\\Views\\Tip_tracking\\report_list_tip.php', 108, [...])
 2 SYSTEMPATH\View\View.php(213): include('APPPATH\\Views\\Tip_tracking\\report_list_tip.php')
 3 SYSTEMPATH\View\View.php(216): CodeIgniter\View\View->CodeIgniter\View\{closure}()
 4 SYSTEMPATH\Common.php(1137): CodeIgniter\View\View->render('Tip_tracking/report_list_tip', [], true)
 5 APPPATH\Controllers\Tip.php(233): view('Tip_tracking/report_list_tip', [...])
 6 SYSTEMPATH\CodeIgniter.php(904): App\Controllers\Tip->reportperBulan()
 7 SYSTEMPATH\CodeIgniter.php(457): CodeIgniter\CodeIgniter->runController(Object(App\Controllers\Tip))
 8 SYSTEMPATH\CodeIgniter.php(340): CodeIgniter\CodeIgniter->handleRequest(null, Object(Config\Cache), false)
 9 FCPATH\index.php(67): CodeIgniter\CodeIgniter->run()
10 SYSTEMPATH\Commands\Server\rewrite.php(43): require_once('FCPATH\\index.php')
CRITICAL - 2023-03-23 13:11:35 --> Undefined variable: jumlah
in APPPATH\Views\Tip_tracking\report_list_tip.php on line 106.
 1 APPPATH\Views\Tip_tracking\report_list_tip.php(106): CodeIgniter\Debug\Exceptions->errorHandler(8, 'Undefined variable: jumlah', 'APPPATH\\Views\\Tip_tracking\\report_list_tip.php', 106, [...])
 2 SYSTEMPATH\View\View.php(213): include('APPPATH\\Views\\Tip_tracking\\report_list_tip.php')
 3 SYSTEMPATH\View\View.php(216): CodeIgniter\View\View->CodeIgniter\View\{closure}()
 4 SYSTEMPATH\Common.php(1137): CodeIgniter\View\View->render('Tip_tracking/report_list_tip', [], true)
 5 APPPATH\Controllers\Tip.php(233): view('Tip_tracking/report_list_tip', [...])
 6 SYSTEMPATH\CodeIgniter.php(904): App\Controllers\Tip->reportperBulan()
 7 SYSTEMPATH\CodeIgniter.php(457): CodeIgniter\CodeIgniter->runController(Object(App\Controllers\Tip))
 8 SYSTEMPATH\CodeIgniter.php(340): CodeIgniter\CodeIgniter->handleRequest(null, Object(Config\Cache), false)
 9 FCPATH\index.php(67): CodeIgniter\CodeIgniter->run()
10 SYSTEMPATH\Commands\Server\rewrite.php(43): require_once('FCPATH\\index.php')
CRITICAL - 2023-03-23 13:11:47 --> Undefined variable: jumlah
in APPPATH\Views\Tip_tracking\report_list_tip.php on line 106.
 1 APPPATH\Views\Tip_tracking\report_list_tip.php(106): CodeIgniter\Debug\Exceptions->errorHandler(8, 'Undefined variable: jumlah', 'APPPATH\\Views\\Tip_tracking\\report_list_tip.php', 106, [...])
 2 SYSTEMPATH\View\View.php(213): include('APPPATH\\Views\\Tip_tracking\\report_list_tip.php')
 3 SYSTEMPATH\View\View.php(216): CodeIgniter\View\View->CodeIgniter\View\{closure}()
 4 SYSTEMPATH\Common.php(1137): CodeIgniter\View\View->render('Tip_tracking/report_list_tip', [], true)
 5 APPPATH\Controllers\Tip.php(233): view('Tip_tracking/report_list_tip', [...])
 6 SYSTEMPATH\CodeIgniter.php(904): App\Controllers\Tip->reportperBulan()
 7 SYSTEMPATH\CodeIgniter.php(457): CodeIgniter\CodeIgniter->runController(Object(App\Controllers\Tip))
 8 SYSTEMPATH\CodeIgniter.php(340): CodeIgniter\CodeIgniter->handleRequest(null, Object(Config\Cache), false)
 9 FCPATH\index.php(67): CodeIgniter\CodeIgniter->run()
10 SYSTEMPATH\Commands\Server\rewrite.php(43): require_once('FCPATH\\index.php')
CRITICAL - 2023-03-23 13:19:34 --> array_push() expects parameter 1 to be array, null given
in APPPATH\Views\Tip_tracking\report_list_tip.php on line 108.
 1 [internal function]: CodeIgniter\Debug\Exceptions->errorHandler(2, 'array_push() expects parameter 1 to be array, null given', 'APPPATH\\Views\\Tip_tracking\\report_list_tip.php', 108, [...])
 2 APPPATH\Views\Tip_tracking\report_list_tip.php(108): array_push(null, 0)
 3 SYSTEMPATH\View\View.php(213): include('APPPATH\\Views\\Tip_tracking\\report_list_tip.php')
 4 SYSTEMPATH\View\View.php(216): CodeIgniter\View\View->CodeIgniter\View\{closure}()
 5 SYSTEMPATH\Common.php(1137): CodeIgniter\View\View->render('Tip_tracking/report_list_tip', [], true)
 6 APPPATH\Controllers\Tip.php(233): view('Tip_tracking/report_list_tip', [...])
 7 SYSTEMPATH\CodeIgniter.php(904): App\Controllers\Tip->reportperBulan()
 8 SYSTEMPATH\CodeIgniter.php(457): CodeIgniter\CodeIgniter->runController(Object(App\Controllers\Tip))
 9 SYSTEMPATH\CodeIgniter.php(340): CodeIgniter\CodeIgniter->handleRequest(null, Object(Config\Cache), false)
10 FCPATH\index.php(67): CodeIgniter\CodeIgniter->run()
11 SYSTEMPATH\Commands\Server\rewrite.php(43): require_once('FCPATH\\index.php')
CRITICAL - 2023-03-23 14:06:03 --> Undefined variable: jumlah
in APPPATH\Views\Tip_tracking\report_list_tip.php on line 106.
 1 APPPATH\Views\Tip_tracking\report_list_tip.php(106): CodeIgniter\Debug\Exceptions->errorHandler(8, 'Undefined variable: jumlah', 'APPPATH\\Views\\Tip_tracking\\report_list_tip.php', 106, [...])
 2 SYSTEMPATH\View\View.php(213): include('APPPATH\\Views\\Tip_tracking\\report_list_tip.php')
 3 SYSTEMPATH\View\View.php(216): CodeIgniter\View\View->CodeIgniter\View\{closure}()
 4 SYSTEMPATH\Common.php(1137): CodeIgniter\View\View->render('Tip_tracking/report_list_tip', [], true)
 5 APPPATH\Controllers\Tip.php(233): view('Tip_tracking/report_list_tip', [...])
 6 SYSTEMPATH\CodeIgniter.php(904): App\Controllers\Tip->reportperBulan()
 7 SYSTEMPATH\CodeIgniter.php(457): CodeIgniter\CodeIgniter->runController(Object(App\Controllers\Tip))
 8 SYSTEMPATH\CodeIgniter.php(340): CodeIgniter\CodeIgniter->handleRequest(null, Object(Config\Cache), false)
 9 FCPATH\index.php(67): CodeIgniter\CodeIgniter->run()
10 SYSTEMPATH\Commands\Server\rewrite.php(43): require_once('FCPATH\\index.php')
ERROR - 2023-03-23 14:07:32 --> mysqli_sql_exception: You have an error in your SQL syntax; check the manual that corresponds to your MariaDB server version for the right syntax to use near 'COUNT(IF(driver='Doni', trip, NULL)) doni,
        SUM(IF(driver='Doni', val...' at line 2 in C:\xampp\htdocs\tracking\system\Database\MySQLi\Connection.php:292
Stack trace:
#0 C:\xampp\htdocs\tracking\system\Database\MySQLi\Connection.php(292): mysqli->query('SELECT tgl\r\n   ...', 0)
#1 C:\xampp\htdocs\tracking\system\Database\BaseConnection.php(693): CodeIgniter\Database\MySQLi\Connection->execute('SELECT tgl\r\n   ...')
#2 C:\xampp\htdocs\tracking\system\Database\BaseConnection.php(620): CodeIgniter\Database\BaseConnection->simpleQuery('SELECT tgl\r\n   ...')
#3 C:\xampp\htdocs\tracking\app\Models\TipModel.php(191): CodeIgniter\Database\BaseConnection->query('SELECT tgl\r\n   ...')
#4 C:\xampp\htdocs\tracking\app\Controllers\Tip.php(228): App\Models\TipModel->getreportbyMonth_doni('10', '2022')
#5 C:\xampp\htdocs\tracking\system\CodeIgniter.php(904): App\Controllers\Tip->reportperBulan()
#6 C:\xampp\htdocs\tracking\system\CodeIgniter.php(457): CodeIgniter\CodeIgniter->runController(Object(App\Controllers\Tip))
#7 C:\xampp\htdocs\tracking\system\CodeIgniter.php(340): CodeIgniter\CodeIgniter->handleRequest(NULL, Object(Config\Cache), false)
#8 C:\xampp\htdocs\tracking\public\index.php(67): CodeIgniter\CodeIgniter->run()
#9 C:\xampp\htdocs\tracking\system\Commands\Server\rewrite.php(43): require_once('C:\\xampp\\htdocs...')
#10 {main}
CRITICAL - 2023-03-23 14:07:32 --> You have an error in your SQL syntax; check the manual that corresponds to your MariaDB server version for the right syntax to use near 'COUNT(IF(driver='Doni', trip, NULL)) doni,
        SUM(IF(driver='Doni', val...' at line 2
in SYSTEMPATH\Database\MySQLi\Connection.php on line 292.
 1 SYSTEMPATH\Database\MySQLi\Connection.php(292): mysqli->query('SELECT tgl
        COUNT(IF(driver=\'Doni\', trip, NULL)) doni,
        SUM(IF(driver=\'Doni\', value_tip, 0)) doni_value
            FROM tblmas_tip_tracking
                WHERE month(tgl)=10 AND year(tgl)=2022 AND driver=\'Doni\' GROUP BY tgl', 0)
 2 SYSTEMPATH\Database\BaseConnection.php(693): CodeIgniter\Database\MySQLi\Connection->execute('SELECT tgl
        COUNT(IF(driver=\'Doni\', trip, NULL)) doni,
        SUM(IF(driver=\'Doni\', value_tip, 0)) doni_value
            FROM tblmas_tip_tracking
                WHERE month(tgl)=10 AND year(tgl)=2022 AND driver=\'Doni\' GROUP BY tgl')
 3 SYSTEMPATH\Database\BaseConnection.php(620): CodeIgniter\Database\BaseConnection->simpleQuery('SELECT tgl
        COUNT(IF(driver=\'Doni\', trip, NULL)) doni,
        SUM(IF(driver=\'Doni\', value_tip, 0)) doni_value
            FROM tblmas_tip_tracking
                WHERE month(tgl)=10 AND year(tgl)=2022 AND driver=\'Doni\' GROUP BY tgl')
 4 APPPATH\Models\TipModel.php(191): CodeIgniter\Database\BaseConnection->query('SELECT tgl
        COUNT(IF(driver=\'Doni\', trip, NULL)) doni,
        SUM(IF(driver=\'Doni\', value_tip, 0)) doni_value
            FROM tblmas_tip_tracking
                WHERE month(tgl)=10 AND year(tgl)=2022 AND driver=\'Doni\' GROUP BY tgl')
 5 APPPATH\Controllers\Tip.php(228): App\Models\TipModel->getreportbyMonth_doni('10', '2022')
 6 SYSTEMPATH\CodeIgniter.php(904): App\Controllers\Tip->reportperBulan()
 7 SYSTEMPATH\CodeIgniter.php(457): CodeIgniter\CodeIgniter->runController(Object(App\Controllers\Tip))
 8 SYSTEMPATH\CodeIgniter.php(340): CodeIgniter\CodeIgniter->handleRequest(null, Object(Config\Cache), false)
 9 FCPATH\index.php(67): CodeIgniter\CodeIgniter->run()
10 SYSTEMPATH\Commands\Server\rewrite.php(43): require_once('FCPATH\\index.php')
ERROR - 2023-03-23 14:07:53 --> mysqli_sql_exception: You have an error in your SQL syntax; check the manual that corresponds to your MariaDB server version for the right syntax to use near 'COUNT(IF(driver='Chandra sinaga', trip, NULL)) chandra,
        SUM(IF(drive...' at line 2 in C:\xampp\htdocs\tracking\system\Database\MySQLi\Connection.php:292
Stack trace:
#0 C:\xampp\htdocs\tracking\system\Database\MySQLi\Connection.php(292): mysqli->query('SELECT tgl\r\n   ...', 0)
#1 C:\xampp\htdocs\tracking\system\Database\BaseConnection.php(693): CodeIgniter\Database\MySQLi\Connection->execute('SELECT tgl\r\n   ...')
#2 C:\xampp\htdocs\tracking\system\Database\BaseConnection.php(620): CodeIgniter\Database\BaseConnection->simpleQuery('SELECT tgl\r\n   ...')
#3 C:\xampp\htdocs\tracking\app\Models\TipModel.php(182): CodeIgniter\Database\BaseConnection->query('SELECT tgl\r\n   ...')
#4 C:\xampp\htdocs\tracking\app\Controllers\Tip.php(227): App\Models\TipModel->getreportbyMonth_chandra('10', '2022')
#5 C:\xampp\htdocs\tracking\system\CodeIgniter.php(904): App\Controllers\Tip->reportperBulan()
#6 C:\xampp\htdocs\tracking\system\CodeIgniter.php(457): CodeIgniter\CodeIgniter->runController(Object(App\Controllers\Tip))
#7 C:\xampp\htdocs\tracking\system\CodeIgniter.php(340): CodeIgniter\CodeIgniter->handleRequest(NULL, Object(Config\Cache), false)
#8 C:\xampp\htdocs\tracking\public\index.php(67): CodeIgniter\CodeIgniter->run()
#9 C:\xampp\htdocs\tracking\system\Commands\Server\rewrite.php(43): require_once('C:\\xampp\\htdocs...')
#10 {main}
CRITICAL - 2023-03-23 14:07:53 --> You have an error in your SQL syntax; check the manual that corresponds to your MariaDB server version for the right syntax to use near 'COUNT(IF(driver='Chandra sinaga', trip, NULL)) chandra,
        SUM(IF(drive...' at line 2
in SYSTEMPATH\Database\MySQLi\Connection.php on line 292.
 1 SYSTEMPATH\Database\MySQLi\Connection.php(292): mysqli->query('SELECT tgl
        COUNT(IF(driver=\'Chandra sinaga\', trip, NULL)) chandra,
        SUM(IF(driver=\'Chandra sinaga\', value_tip, 0)) chandra_value
            FROM tblmas_tip_tracking
                WHERE month(tgl)=10 AND year(tgl)=2022 AND driver=\'Chandra sinaga\' GROUP BY tgl', 0)
 2 SYSTEMPATH\Database\BaseConnection.php(693): CodeIgniter\Database\MySQLi\Connection->execute('SELECT tgl
        COUNT(IF(driver=\'Chandra sinaga\', trip, NULL)) chandra,
        SUM(IF(driver=\'Chandra sinaga\', value_tip, 0)) chandra_value
            FROM tblmas_tip_tracking
                WHERE month(tgl)=10 AND year(tgl)=2022 AND driver=\'Chandra sinaga\' GROUP BY tgl')
 3 SYSTEMPATH\Database\BaseConnection.php(620): CodeIgniter\Database\BaseConnection->simpleQuery('SELECT tgl
        COUNT(IF(driver=\'Chandra sinaga\', trip, NULL)) chandra,
        SUM(IF(driver=\'Chandra sinaga\', value_tip, 0)) chandra_value
            FROM tblmas_tip_tracking
                WHERE month(tgl)=10 AND year(tgl)=2022 AND driver=\'Chandra sinaga\' GROUP BY tgl')
 4 APPPATH\Models\TipModel.php(182): CodeIgniter\Database\BaseConnection->query('SELECT tgl
        COUNT(IF(driver=\'Chandra sinaga\', trip, NULL)) chandra,
        SUM(IF(driver=\'Chandra sinaga\', value_tip, 0)) chandra_value
            FROM tblmas_tip_tracking
                WHERE month(tgl)=10 AND year(tgl)=2022 AND driver=\'Chandra sinaga\' GROUP BY tgl')
 5 APPPATH\Controllers\Tip.php(227): App\Models\TipModel->getreportbyMonth_chandra('10', '2022')
 6 SYSTEMPATH\CodeIgniter.php(904): App\Controllers\Tip->reportperBulan()
 7 SYSTEMPATH\CodeIgniter.php(457): CodeIgniter\CodeIgniter->runController(Object(App\Controllers\Tip))
 8 SYSTEMPATH\CodeIgniter.php(340): CodeIgniter\CodeIgniter->handleRequest(null, Object(Config\Cache), false)
 9 FCPATH\index.php(67): CodeIgniter\CodeIgniter->run()
10 SYSTEMPATH\Commands\Server\rewrite.php(43): require_once('FCPATH\\index.php')
CRITICAL - 2023-03-23 14:15:44 --> Undefined variable: tampil_jumlah
in APPPATH\Views\Tip_tracking\report_list_tip.php on line 107.
 1 APPPATH\Views\Tip_tracking\report_list_tip.php(107): CodeIgniter\Debug\Exceptions->errorHandler(8, 'Undefined variable: tampil_jumlah', 'APPPATH\\Views\\Tip_tracking\\report_list_tip.php', 107, [...])
 2 SYSTEMPATH\View\View.php(213): include('APPPATH\\Views\\Tip_tracking\\report_list_tip.php')
 3 SYSTEMPATH\View\View.php(216): CodeIgniter\View\View->CodeIgniter\View\{closure}()
 4 SYSTEMPATH\Common.php(1137): CodeIgniter\View\View->render('Tip_tracking/report_list_tip', [], true)
 5 APPPATH\Controllers\Tip.php(233): view('Tip_tracking/report_list_tip', [...])
 6 SYSTEMPATH\CodeIgniter.php(904): App\Controllers\Tip->reportperBulan()
 7 SYSTEMPATH\CodeIgniter.php(457): CodeIgniter\CodeIgniter->runController(Object(App\Controllers\Tip))
 8 SYSTEMPATH\CodeIgniter.php(340): CodeIgniter\CodeIgniter->handleRequest(null, Object(Config\Cache), false)
 9 FCPATH\index.php(67): CodeIgniter\CodeIgniter->run()
10 SYSTEMPATH\Commands\Server\rewrite.php(43): require_once('FCPATH\\index.php')
CRITICAL - 2023-03-23 14:21:38 --> Undefined variable: chandra
in APPPATH\Views\Tip_tracking\report_list_tip.php on line 98.
 1 APPPATH\Views\Tip_tracking\report_list_tip.php(98): CodeIgniter\Debug\Exceptions->errorHandler(8, 'Undefined variable: chandra', 'APPPATH\\Views\\Tip_tracking\\report_list_tip.php', 98, [...])
 2 SYSTEMPATH\View\View.php(213): include('APPPATH\\Views\\Tip_tracking\\report_list_tip.php')
 3 SYSTEMPATH\View\View.php(216): CodeIgniter\View\View->CodeIgniter\View\{closure}()
 4 SYSTEMPATH\Common.php(1137): CodeIgniter\View\View->render('Tip_tracking/report_list_tip', [], true)
 5 APPPATH\Controllers\Tip.php(233): view('Tip_tracking/report_list_tip', [...])
 6 SYSTEMPATH\CodeIgniter.php(904): App\Controllers\Tip->reportperBulan()
 7 SYSTEMPATH\CodeIgniter.php(457): CodeIgniter\CodeIgniter->runController(Object(App\Controllers\Tip))
 8 SYSTEMPATH\CodeIgniter.php(340): CodeIgniter\CodeIgniter->handleRequest(null, Object(Config\Cache), false)
 9 FCPATH\index.php(67): CodeIgniter\CodeIgniter->run()
10 SYSTEMPATH\Commands\Server\rewrite.php(43): require_once('FCPATH\\index.php')
CRITICAL - 2023-03-23 14:21:56 --> Undefined variable: chandra
in APPPATH\Views\Tip_tracking\report_list_tip.php on line 98.
 1 APPPATH\Views\Tip_tracking\report_list_tip.php(98): CodeIgniter\Debug\Exceptions->errorHandler(8, 'Undefined variable: chandra', 'APPPATH\\Views\\Tip_tracking\\report_list_tip.php', 98, [...])
 2 SYSTEMPATH\View\View.php(213): include('APPPATH\\Views\\Tip_tracking\\report_list_tip.php')
 3 SYSTEMPATH\View\View.php(216): CodeIgniter\View\View->CodeIgniter\View\{closure}()
 4 SYSTEMPATH\Common.php(1137): CodeIgniter\View\View->render('Tip_tracking/report_list_tip', [], true)
 5 APPPATH\Controllers\Tip.php(233): view('Tip_tracking/report_list_tip', [...])
 6 SYSTEMPATH\CodeIgniter.php(904): App\Controllers\Tip->reportperBulan()
 7 SYSTEMPATH\CodeIgniter.php(457): CodeIgniter\CodeIgniter->runController(Object(App\Controllers\Tip))
 8 SYSTEMPATH\CodeIgniter.php(340): CodeIgniter\CodeIgniter->handleRequest(null, Object(Config\Cache), false)
 9 FCPATH\index.php(67): CodeIgniter\CodeIgniter->run()
10 SYSTEMPATH\Commands\Server\rewrite.php(43): require_once('FCPATH\\index.php')
CRITICAL - 2023-03-23 14:30:26 --> Undefined variable: strip
in APPPATH\Views\Tip_tracking\report_list_tip.php on line 107.
 1 APPPATH\Views\Tip_tracking\report_list_tip.php(107): CodeIgniter\Debug\Exceptions->errorHandler(8, 'Undefined variable: strip', 'APPPATH\\Views\\Tip_tracking\\report_list_tip.php', 107, [...])
 2 SYSTEMPATH\View\View.php(213): include('APPPATH\\Views\\Tip_tracking\\report_list_tip.php')
 3 SYSTEMPATH\View\View.php(216): CodeIgniter\View\View->CodeIgniter\View\{closure}()
 4 SYSTEMPATH\Common.php(1137): CodeIgniter\View\View->render('Tip_tracking/report_list_tip', [], true)
 5 APPPATH\Controllers\Tip.php(233): view('Tip_tracking/report_list_tip', [...])
 6 SYSTEMPATH\CodeIgniter.php(904): App\Controllers\Tip->reportperBulan()
 7 SYSTEMPATH\CodeIgniter.php(457): CodeIgniter\CodeIgniter->runController(Object(App\Controllers\Tip))
 8 SYSTEMPATH\CodeIgniter.php(340): CodeIgniter\CodeIgniter->handleRequest(null, Object(Config\Cache), false)
 9 FCPATH\index.php(67): CodeIgniter\CodeIgniter->run()
10 SYSTEMPATH\Commands\Server\rewrite.php(43): require_once('FCPATH\\index.php')
CRITICAL - 2023-03-23 14:30:39 --> Undefined variable: tampilkan
in APPPATH\Views\Tip_tracking\report_list_tip.php on line 107.
 1 APPPATH\Views\Tip_tracking\report_list_tip.php(107): CodeIgniter\Debug\Exceptions->errorHandler(8, 'Undefined variable: tampilkan', 'APPPATH\\Views\\Tip_tracking\\report_list_tip.php', 107, [...])
 2 SYSTEMPATH\View\View.php(213): include('APPPATH\\Views\\Tip_tracking\\report_list_tip.php')
 3 SYSTEMPATH\View\View.php(216): CodeIgniter\View\View->CodeIgniter\View\{closure}()
 4 SYSTEMPATH\Common.php(1137): CodeIgniter\View\View->render('Tip_tracking/report_list_tip', [], true)
 5 APPPATH\Controllers\Tip.php(233): view('Tip_tracking/report_list_tip', [...])
 6 SYSTEMPATH\CodeIgniter.php(904): App\Controllers\Tip->reportperBulan()
 7 SYSTEMPATH\CodeIgniter.php(457): CodeIgniter\CodeIgniter->runController(Object(App\Controllers\Tip))
 8 SYSTEMPATH\CodeIgniter.php(340): CodeIgniter\CodeIgniter->handleRequest(null, Object(Config\Cache), false)
 9 FCPATH\index.php(67): CodeIgniter\CodeIgniter->run()
10 SYSTEMPATH\Commands\Server\rewrite.php(43): require_once('FCPATH\\index.php')
CRITICAL - 2023-03-23 14:31:07 --> Undefined variable: tampilkan
in APPPATH\Views\Tip_tracking\report_list_tip.php on line 107.
 1 APPPATH\Views\Tip_tracking\report_list_tip.php(107): CodeIgniter\Debug\Exceptions->errorHandler(8, 'Undefined variable: tampilkan', 'APPPATH\\Views\\Tip_tracking\\report_list_tip.php', 107, [...])
 2 SYSTEMPATH\View\View.php(213): include('APPPATH\\Views\\Tip_tracking\\report_list_tip.php')
 3 SYSTEMPATH\View\View.php(216): CodeIgniter\View\View->CodeIgniter\View\{closure}()
 4 SYSTEMPATH\Common.php(1137): CodeIgniter\View\View->render('Tip_tracking/report_list_tip', [], true)
 5 APPPATH\Controllers\Tip.php(233): view('Tip_tracking/report_list_tip', [...])
 6 SYSTEMPATH\CodeIgniter.php(904): App\Controllers\Tip->reportperBulan()
 7 SYSTEMPATH\CodeIgniter.php(457): CodeIgniter\CodeIgniter->runController(Object(App\Controllers\Tip))
 8 SYSTEMPATH\CodeIgniter.php(340): CodeIgniter\CodeIgniter->handleRequest(null, Object(Config\Cache), false)
 9 FCPATH\index.php(67): CodeIgniter\CodeIgniter->run()
10 SYSTEMPATH\Commands\Server\rewrite.php(43): require_once('FCPATH\\index.php')
CRITICAL - 2023-03-23 14:31:49 --> Undefined variable: strip
in APPPATH\Views\Tip_tracking\report_list_tip.php on line 105.
 1 APPPATH\Views\Tip_tracking\report_list_tip.php(105): CodeIgniter\Debug\Exceptions->errorHandler(8, 'Undefined variable: strip', 'APPPATH\\Views\\Tip_tracking\\report_list_tip.php', 105, [...])
 2 SYSTEMPATH\View\View.php(213): include('APPPATH\\Views\\Tip_tracking\\report_list_tip.php')
 3 SYSTEMPATH\View\View.php(216): CodeIgniter\View\View->CodeIgniter\View\{closure}()
 4 SYSTEMPATH\Common.php(1137): CodeIgniter\View\View->render('Tip_tracking/report_list_tip', [], true)
 5 APPPATH\Controllers\Tip.php(233): view('Tip_tracking/report_list_tip', [...])
 6 SYSTEMPATH\CodeIgniter.php(904): App\Controllers\Tip->reportperBulan()
 7 SYSTEMPATH\CodeIgniter.php(457): CodeIgniter\CodeIgniter->runController(Object(App\Controllers\Tip))
 8 SYSTEMPATH\CodeIgniter.php(340): CodeIgniter\CodeIgniter->handleRequest(null, Object(Config\Cache), false)
 9 FCPATH\index.php(67): CodeIgniter\CodeIgniter->run()
10 SYSTEMPATH\Commands\Server\rewrite.php(43): require_once('FCPATH\\index.php')
CRITICAL - 2023-03-23 14:31:50 --> Undefined variable: strip
in APPPATH\Views\Tip_tracking\report_list_tip.php on line 105.
 1 APPPATH\Views\Tip_tracking\report_list_tip.php(105): CodeIgniter\Debug\Exceptions->errorHandler(8, 'Undefined variable: strip', 'APPPATH\\Views\\Tip_tracking\\report_list_tip.php', 105, [...])
 2 SYSTEMPATH\View\View.php(213): include('APPPATH\\Views\\Tip_tracking\\report_list_tip.php')
 3 SYSTEMPATH\View\View.php(216): CodeIgniter\View\View->CodeIgniter\View\{closure}()
 4 SYSTEMPATH\Common.php(1137): CodeIgniter\View\View->render('Tip_tracking/report_list_tip', [], true)
 5 APPPATH\Controllers\Tip.php(233): view('Tip_tracking/report_list_tip', [...])
 6 SYSTEMPATH\CodeIgniter.php(904): App\Controllers\Tip->reportperBulan()
 7 SYSTEMPATH\CodeIgniter.php(457): CodeIgniter\CodeIgniter->runController(Object(App\Controllers\Tip))
 8 SYSTEMPATH\CodeIgniter.php(340): CodeIgniter\CodeIgniter->handleRequest(null, Object(Config\Cache), false)
 9 FCPATH\index.php(67): CodeIgniter\CodeIgniter->run()
10 SYSTEMPATH\Commands\Server\rewrite.php(43): require_once('FCPATH\\index.php')
CRITICAL - 2023-03-23 14:31:51 --> Undefined variable: strip
in APPPATH\Views\Tip_tracking\report_list_tip.php on line 105.
 1 APPPATH\Views\Tip_tracking\report_list_tip.php(105): CodeIgniter\Debug\Exceptions->errorHandler(8, 'Undefined variable: strip', 'APPPATH\\Views\\Tip_tracking\\report_list_tip.php', 105, [...])
 2 SYSTEMPATH\View\View.php(213): include('APPPATH\\Views\\Tip_tracking\\report_list_tip.php')
 3 SYSTEMPATH\View\View.php(216): CodeIgniter\View\View->CodeIgniter\View\{closure}()
 4 SYSTEMPATH\Common.php(1137): CodeIgniter\View\View->render('Tip_tracking/report_list_tip', [], true)
 5 APPPATH\Controllers\Tip.php(233): view('Tip_tracking/report_list_tip', [...])
 6 SYSTEMPATH\CodeIgniter.php(904): App\Controllers\Tip->reportperBulan()
 7 SYSTEMPATH\CodeIgniter.php(457): CodeIgniter\CodeIgniter->runController(Object(App\Controllers\Tip))
 8 SYSTEMPATH\CodeIgniter.php(340): CodeIgniter\CodeIgniter->handleRequest(null, Object(Config\Cache), false)
 9 FCPATH\index.php(67): CodeIgniter\CodeIgniter->run()
10 SYSTEMPATH\Commands\Server\rewrite.php(43): require_once('FCPATH\\index.php')
CRITICAL - 2023-03-23 14:31:52 --> Undefined variable: strip
in APPPATH\Views\Tip_tracking\report_list_tip.php on line 105.
 1 APPPATH\Views\Tip_tracking\report_list_tip.php(105): CodeIgniter\Debug\Exceptions->errorHandler(8, 'Undefined variable: strip', 'APPPATH\\Views\\Tip_tracking\\report_list_tip.php', 105, [...])
 2 SYSTEMPATH\View\View.php(213): include('APPPATH\\Views\\Tip_tracking\\report_list_tip.php')
 3 SYSTEMPATH\View\View.php(216): CodeIgniter\View\View->CodeIgniter\View\{closure}()
 4 SYSTEMPATH\Common.php(1137): CodeIgniter\View\View->render('Tip_tracking/report_list_tip', [], true)
 5 APPPATH\Controllers\Tip.php(233): view('Tip_tracking/report_list_tip', [...])
 6 SYSTEMPATH\CodeIgniter.php(904): App\Controllers\Tip->reportperBulan()
 7 SYSTEMPATH\CodeIgniter.php(457): CodeIgniter\CodeIgniter->runController(Object(App\Controllers\Tip))
 8 SYSTEMPATH\CodeIgniter.php(340): CodeIgniter\CodeIgniter->handleRequest(null, Object(Config\Cache), false)
 9 FCPATH\index.php(67): CodeIgniter\CodeIgniter->run()
10 SYSTEMPATH\Commands\Server\rewrite.php(43): require_once('FCPATH\\index.php')
CRITICAL - 2023-03-23 14:47:11 --> Undefined variable: total
in APPPATH\Views\Tip_tracking\report_list_tip.php on line 114.
 1 APPPATH\Views\Tip_tracking\report_list_tip.php(114): CodeIgniter\Debug\Exceptions->errorHandler(8, 'Undefined variable: total', 'APPPATH\\Views\\Tip_tracking\\report_list_tip.php', 114, [...])
 2 SYSTEMPATH\View\View.php(213): include('APPPATH\\Views\\Tip_tracking\\report_list_tip.php')
 3 SYSTEMPATH\View\View.php(216): CodeIgniter\View\View->CodeIgniter\View\{closure}()
 4 SYSTEMPATH\Common.php(1137): CodeIgniter\View\View->render('Tip_tracking/report_list_tip', [], true)
 5 APPPATH\Controllers\Tip.php(233): view('Tip_tracking/report_list_tip', [...])
 6 SYSTEMPATH\CodeIgniter.php(904): App\Controllers\Tip->reportperBulan()
 7 SYSTEMPATH\CodeIgniter.php(457): CodeIgniter\CodeIgniter->runController(Object(App\Controllers\Tip))
 8 SYSTEMPATH\CodeIgniter.php(340): CodeIgniter\CodeIgniter->handleRequest(null, Object(Config\Cache), false)
 9 FCPATH\index.php(67): CodeIgniter\CodeIgniter->run()
10 SYSTEMPATH\Commands\Server\rewrite.php(43): require_once('FCPATH\\index.php')
CRITICAL - 2023-03-23 14:48:28 --> Undefined variable: total
in APPPATH\Views\Tip_tracking\report_list_tip.php on line 112.
 1 APPPATH\Views\Tip_tracking\report_list_tip.php(112): CodeIgniter\Debug\Exceptions->errorHandler(8, 'Undefined variable: total', 'APPPATH\\Views\\Tip_tracking\\report_list_tip.php', 112, [...])
 2 SYSTEMPATH\View\View.php(213): include('APPPATH\\Views\\Tip_tracking\\report_list_tip.php')
 3 SYSTEMPATH\View\View.php(216): CodeIgniter\View\View->CodeIgniter\View\{closure}()
 4 SYSTEMPATH\Common.php(1137): CodeIgniter\View\View->render('Tip_tracking/report_list_tip', [], true)
 5 APPPATH\Controllers\Tip.php(233): view('Tip_tracking/report_list_tip', [...])
 6 SYSTEMPATH\CodeIgniter.php(904): App\Controllers\Tip->reportperBulan()
 7 SYSTEMPATH\CodeIgniter.php(457): CodeIgniter\CodeIgniter->runController(Object(App\Controllers\Tip))
 8 SYSTEMPATH\CodeIgniter.php(340): CodeIgniter\CodeIgniter->handleRequest(null, Object(Config\Cache), false)
 9 FCPATH\index.php(67): CodeIgniter\CodeIgniter->run()
10 SYSTEMPATH\Commands\Server\rewrite.php(43): require_once('FCPATH\\index.php')
CRITICAL - 2023-03-23 14:49:10 --> Undefined variable: tampilkan
in APPPATH\Views\Tip_tracking\report_list_tip.php on line 132.
 1 APPPATH\Views\Tip_tracking\report_list_tip.php(132): CodeIgniter\Debug\Exceptions->errorHandler(8, 'Undefined variable: tampilkan', 'APPPATH\\Views\\Tip_tracking\\report_list_tip.php', 132, [...])
 2 SYSTEMPATH\View\View.php(213): include('APPPATH\\Views\\Tip_tracking\\report_list_tip.php')
 3 SYSTEMPATH\View\View.php(216): CodeIgniter\View\View->CodeIgniter\View\{closure}()
 4 SYSTEMPATH\Common.php(1137): CodeIgniter\View\View->render('Tip_tracking/report_list_tip', [], true)
 5 APPPATH\Controllers\Tip.php(233): view('Tip_tracking/report_list_tip', [...])
 6 SYSTEMPATH\CodeIgniter.php(904): App\Controllers\Tip->reportperBulan()
 7 SYSTEMPATH\CodeIgniter.php(457): CodeIgniter\CodeIgniter->runController(Object(App\Controllers\Tip))
 8 SYSTEMPATH\CodeIgniter.php(340): CodeIgniter\CodeIgniter->handleRequest(null, Object(Config\Cache), false)
 9 FCPATH\index.php(67): CodeIgniter\CodeIgniter->run()
10 SYSTEMPATH\Commands\Server\rewrite.php(43): require_once('FCPATH\\index.php')
CRITICAL - 2023-03-23 14:50:00 --> Undefined variable: tampilkan
in APPPATH\Views\Tip_tracking\report_list_tip.php on line 132.
 1 APPPATH\Views\Tip_tracking\report_list_tip.php(132): CodeIgniter\Debug\Exceptions->errorHandler(8, 'Undefined variable: tampilkan', 'APPPATH\\Views\\Tip_tracking\\report_list_tip.php', 132, [...])
 2 SYSTEMPATH\View\View.php(213): include('APPPATH\\Views\\Tip_tracking\\report_list_tip.php')
 3 SYSTEMPATH\View\View.php(216): CodeIgniter\View\View->CodeIgniter\View\{closure}()
 4 SYSTEMPATH\Common.php(1137): CodeIgniter\View\View->render('Tip_tracking/report_list_tip', [], true)
 5 APPPATH\Controllers\Tip.php(233): view('Tip_tracking/report_list_tip', [...])
 6 SYSTEMPATH\CodeIgniter.php(904): App\Controllers\Tip->reportperBulan()
 7 SYSTEMPATH\CodeIgniter.php(457): CodeIgniter\CodeIgniter->runController(Object(App\Controllers\Tip))
 8 SYSTEMPATH\CodeIgniter.php(340): CodeIgniter\CodeIgniter->handleRequest(null, Object(Config\Cache), false)
 9 FCPATH\index.php(67): CodeIgniter\CodeIgniter->run()
10 SYSTEMPATH\Commands\Server\rewrite.php(43): require_once('FCPATH\\index.php')
CRITICAL - 2023-03-23 14:54:31 --> Undefined variable: tampilkan
in APPPATH\Views\Tip_tracking\report_list_tip.php on line 135.
 1 APPPATH\Views\Tip_tracking\report_list_tip.php(135): CodeIgniter\Debug\Exceptions->errorHandler(8, 'Undefined variable: tampilkan', 'APPPATH\\Views\\Tip_tracking\\report_list_tip.php', 135, [...])
 2 SYSTEMPATH\View\View.php(213): include('APPPATH\\Views\\Tip_tracking\\report_list_tip.php')
 3 SYSTEMPATH\View\View.php(216): CodeIgniter\View\View->CodeIgniter\View\{closure}()
 4 SYSTEMPATH\Common.php(1137): CodeIgniter\View\View->render('Tip_tracking/report_list_tip', [], true)
 5 APPPATH\Controllers\Tip.php(233): view('Tip_tracking/report_list_tip', [...])
 6 SYSTEMPATH\CodeIgniter.php(904): App\Controllers\Tip->reportperBulan()
 7 SYSTEMPATH\CodeIgniter.php(457): CodeIgniter\CodeIgniter->runController(Object(App\Controllers\Tip))
 8 SYSTEMPATH\CodeIgniter.php(340): CodeIgniter\CodeIgniter->handleRequest(null, Object(Config\Cache), false)
 9 FCPATH\index.php(67): CodeIgniter\CodeIgniter->run()
10 SYSTEMPATH\Commands\Server\rewrite.php(43): require_once('FCPATH\\index.php')
CRITICAL - 2023-03-23 15:00:21 --> Undefined variable: total
in APPPATH\Views\Tip_tracking\report_list_tip.php on line 113.
 1 APPPATH\Views\Tip_tracking\report_list_tip.php(113): CodeIgniter\Debug\Exceptions->errorHandler(8, 'Undefined variable: total', 'APPPATH\\Views\\Tip_tracking\\report_list_tip.php', 113, [...])
 2 SYSTEMPATH\View\View.php(213): include('APPPATH\\Views\\Tip_tracking\\report_list_tip.php')
 3 SYSTEMPATH\View\View.php(216): CodeIgniter\View\View->CodeIgniter\View\{closure}()
 4 SYSTEMPATH\Common.php(1137): CodeIgniter\View\View->render('Tip_tracking/report_list_tip', [], true)
 5 APPPATH\Controllers\Tip.php(233): view('Tip_tracking/report_list_tip', [...])
 6 SYSTEMPATH\CodeIgniter.php(904): App\Controllers\Tip->reportperBulan()
 7 SYSTEMPATH\CodeIgniter.php(457): CodeIgniter\CodeIgniter->runController(Object(App\Controllers\Tip))
 8 SYSTEMPATH\CodeIgniter.php(340): CodeIgniter\CodeIgniter->handleRequest(null, Object(Config\Cache), false)
 9 FCPATH\index.php(67): CodeIgniter\CodeIgniter->run()
10 SYSTEMPATH\Commands\Server\rewrite.php(43): require_once('FCPATH\\index.php')
CRITICAL - 2023-03-23 15:00:33 --> Undefined variable: total
in APPPATH\Views\Tip_tracking\report_list_tip.php on line 112.
 1 APPPATH\Views\Tip_tracking\report_list_tip.php(112): CodeIgniter\Debug\Exceptions->errorHandler(8, 'Undefined variable: total', 'APPPATH\\Views\\Tip_tracking\\report_list_tip.php', 112, [...])
 2 SYSTEMPATH\View\View.php(213): include('APPPATH\\Views\\Tip_tracking\\report_list_tip.php')
 3 SYSTEMPATH\View\View.php(216): CodeIgniter\View\View->CodeIgniter\View\{closure}()
 4 SYSTEMPATH\Common.php(1137): CodeIgniter\View\View->render('Tip_tracking/report_list_tip', [], true)
 5 APPPATH\Controllers\Tip.php(233): view('Tip_tracking/report_list_tip', [...])
 6 SYSTEMPATH\CodeIgniter.php(904): App\Controllers\Tip->reportperBulan()
 7 SYSTEMPATH\CodeIgniter.php(457): CodeIgniter\CodeIgniter->runController(Object(App\Controllers\Tip))
 8 SYSTEMPATH\CodeIgniter.php(340): CodeIgniter\CodeIgniter->handleRequest(null, Object(Config\Cache), false)
 9 FCPATH\index.php(67): CodeIgniter\CodeIgniter->run()
10 SYSTEMPATH\Commands\Server\rewrite.php(43): require_once('FCPATH\\index.php')
CRITICAL - 2023-03-23 15:29:52 --> Undefined index: herian
in APPPATH\Views\Tip_tracking\report_list_tip.php on line 197.
 1 APPPATH\Views\Tip_tracking\report_list_tip.php(197): CodeIgniter\Debug\Exceptions->errorHandler(8, 'Undefined index: herian', 'APPPATH\\Views\\Tip_tracking\\report_list_tip.php', 197, [...])
 2 SYSTEMPATH\View\View.php(213): include('APPPATH\\Views\\Tip_tracking\\report_list_tip.php')
 3 SYSTEMPATH\View\View.php(216): CodeIgniter\View\View->CodeIgniter\View\{closure}()
 4 SYSTEMPATH\Common.php(1137): CodeIgniter\View\View->render('Tip_tracking/report_list_tip', [], true)
 5 APPPATH\Controllers\Tip.php(233): view('Tip_tracking/report_list_tip', [...])
 6 SYSTEMPATH\CodeIgniter.php(904): App\Controllers\Tip->reportperBulan()
 7 SYSTEMPATH\CodeIgniter.php(457): CodeIgniter\CodeIgniter->runController(Object(App\Controllers\Tip))
 8 SYSTEMPATH\CodeIgniter.php(340): CodeIgniter\CodeIgniter->handleRequest(null, Object(Config\Cache), false)
 9 FCPATH\index.php(67): CodeIgniter\CodeIgniter->run()
10 SYSTEMPATH\Commands\Server\rewrite.php(43): require_once('FCPATH\\index.php')
CRITICAL - 2023-03-23 15:31:47 --> Undefined index: chandra
in APPPATH\Views\Tip_tracking\report_list_tip.php on line 197.
 1 APPPATH\Views\Tip_tracking\report_list_tip.php(197): CodeIgniter\Debug\Exceptions->errorHandler(8, 'Undefined index: chandra', 'APPPATH\\Views\\Tip_tracking\\report_list_tip.php', 197, [...])
 2 SYSTEMPATH\View\View.php(213): include('APPPATH\\Views\\Tip_tracking\\report_list_tip.php')
 3 SYSTEMPATH\View\View.php(216): CodeIgniter\View\View->CodeIgniter\View\{closure}()
 4 SYSTEMPATH\Common.php(1137): CodeIgniter\View\View->render('Tip_tracking/report_list_tip', [], true)
 5 APPPATH\Controllers\Tip.php(233): view('Tip_tracking/report_list_tip', [...])
 6 SYSTEMPATH\CodeIgniter.php(904): App\Controllers\Tip->reportperBulan()
 7 SYSTEMPATH\CodeIgniter.php(457): CodeIgniter\CodeIgniter->runController(Object(App\Controllers\Tip))
 8 SYSTEMPATH\CodeIgniter.php(340): CodeIgniter\CodeIgniter->handleRequest(null, Object(Config\Cache), false)
 9 FCPATH\index.php(67): CodeIgniter\CodeIgniter->run()
10 SYSTEMPATH\Commands\Server\rewrite.php(43): require_once('FCPATH\\index.php')
CRITICAL - 2023-03-23 15:32:26 --> Undefined variable: getreportbyMonth
in APPPATH\Views\Tip_tracking\report_list_tip.php on line 195.
 1 APPPATH\Views\Tip_tracking\report_list_tip.php(195): CodeIgniter\Debug\Exceptions->errorHandler(8, 'Undefined variable: getreportbyMonth', 'APPPATH\\Views\\Tip_tracking\\report_list_tip.php', 195, [...])
 2 SYSTEMPATH\View\View.php(213): include('APPPATH\\Views\\Tip_tracking\\report_list_tip.php')
 3 SYSTEMPATH\View\View.php(216): CodeIgniter\View\View->CodeIgniter\View\{closure}()
 4 SYSTEMPATH\Common.php(1137): CodeIgniter\View\View->render('Tip_tracking/report_list_tip', [], true)
 5 APPPATH\Controllers\Tip.php(233): view('Tip_tracking/report_list_tip', [...])
 6 SYSTEMPATH\CodeIgniter.php(904): App\Controllers\Tip->reportperBulan()
 7 SYSTEMPATH\CodeIgniter.php(457): CodeIgniter\CodeIgniter->runController(Object(App\Controllers\Tip))
 8 SYSTEMPATH\CodeIgniter.php(340): CodeIgniter\CodeIgniter->handleRequest(null, Object(Config\Cache), false)
 9 FCPATH\index.php(67): CodeIgniter\CodeIgniter->run()
10 SYSTEMPATH\Commands\Server\rewrite.php(43): require_once('FCPATH\\index.php')
CRITICAL - 2023-03-23 15:32:40 --> Undefined index: chandra
in APPPATH\Views\Tip_tracking\report_list_tip.php on line 197.
 1 APPPATH\Views\Tip_tracking\report_list_tip.php(197): CodeIgniter\Debug\Exceptions->errorHandler(8, 'Undefined index: chandra', 'APPPATH\\Views\\Tip_tracking\\report_list_tip.php', 197, [...])
 2 SYSTEMPATH\View\View.php(213): include('APPPATH\\Views\\Tip_tracking\\report_list_tip.php')
 3 SYSTEMPATH\View\View.php(216): CodeIgniter\View\View->CodeIgniter\View\{closure}()
 4 SYSTEMPATH\Common.php(1137): CodeIgniter\View\View->render('Tip_tracking/report_list_tip', [], true)
 5 APPPATH\Controllers\Tip.php(233): view('Tip_tracking/report_list_tip', [...])
 6 SYSTEMPATH\CodeIgniter.php(904): App\Controllers\Tip->reportperBulan()
 7 SYSTEMPATH\CodeIgniter.php(457): CodeIgniter\CodeIgniter->runController(Object(App\Controllers\Tip))
 8 SYSTEMPATH\CodeIgniter.php(340): CodeIgniter\CodeIgniter->handleRequest(null, Object(Config\Cache), false)
 9 FCPATH\index.php(67): CodeIgniter\CodeIgniter->run()
10 SYSTEMPATH\Commands\Server\rewrite.php(43): require_once('FCPATH\\index.php')
CRITICAL - 2023-03-23 16:24:33 --> Undefined index: chandra_value
in APPPATH\Views\Tip_tracking\report_list_tip.php on line 403.
 1 APPPATH\Views\Tip_tracking\report_list_tip.php(403): CodeIgniter\Debug\Exceptions->errorHandler(8, 'Undefined index: chandra_value', 'APPPATH\\Views\\Tip_tracking\\report_list_tip.php', 403, [...])
 2 SYSTEMPATH\View\View.php(213): include('APPPATH\\Views\\Tip_tracking\\report_list_tip.php')
 3 SYSTEMPATH\View\View.php(216): CodeIgniter\View\View->CodeIgniter\View\{closure}()
 4 SYSTEMPATH\Common.php(1137): CodeIgniter\View\View->render('Tip_tracking/report_list_tip', [], true)
 5 APPPATH\Controllers\Tip.php(233): view('Tip_tracking/report_list_tip', [...])
 6 SYSTEMPATH\CodeIgniter.php(904): App\Controllers\Tip->reportperBulan()
 7 SYSTEMPATH\CodeIgniter.php(457): CodeIgniter\CodeIgniter->runController(Object(App\Controllers\Tip))
 8 SYSTEMPATH\CodeIgniter.php(340): CodeIgniter\CodeIgniter->handleRequest(null, Object(Config\Cache), false)
 9 FCPATH\index.php(67): CodeIgniter\CodeIgniter->run()
10 SYSTEMPATH\Commands\Server\rewrite.php(43): require_once('FCPATH\\index.php')
