CRITICAL - 2023-03-21 08:25:02 --> Allowed memory size of 536870912 bytes exhausted (tried to allocate 20480 bytes)
in VENDORPATH\kint-php\kint\src\Parser\Parser.php on line 337.
 1 [internal function]: CodeIgniter\Debug\Exceptions->shutdownHandler()
CRITICAL - 2023-03-21 08:25:12 --> Allowed memory size of 536870912 bytes exhausted (tried to allocate 4194312 bytes)
in VENDORPATH\kint-php\kint\src\Parser\Parser.php on line 385.
 1 [internal function]: CodeIgniter\Debug\Exceptions->shutdownHandler()
CRITICAL - 2023-03-21 08:42:30 --> Allowed memory size of 536870912 bytes exhausted (tried to allocate 31228480 bytes)
in VENDORPATH\kint-php\kint\src\Renderer\RichRenderer.php on line 375.
 1 [internal function]: CodeIgniter\Debug\Exceptions->shutdownHandler()
CRITICAL - 2023-03-21 08:44:46 --> Allowed memory size of 536870912 bytes exhausted (tried to allocate 20480 bytes)
in VENDORPATH\kint-php\kint\src\Parser\Parser.php on line 337.
 1 [internal function]: CodeIgniter\Debug\Exceptions->shutdownHandler()
CRITICAL - 2023-03-21 08:44:55 --> Allowed memory size of 536870912 bytes exhausted (tried to allocate 4194312 bytes)
in VENDORPATH\kint-php\kint\src\Parser\Parser.php on line 385.
 1 [internal function]: CodeIgniter\Debug\Exceptions->shutdownHandler()
CRITICAL - 2023-03-21 08:45:01 --> Allowed memory size of 536870912 bytes exhausted (tried to allocate 31228480 bytes)
in VENDORPATH\kint-php\kint\src\Renderer\RichRenderer.php on line 375.
 1 [internal function]: CodeIgniter\Debug\Exceptions->shutdownHandler()
CRITICAL - 2023-03-21 08:51:32 --> Allowed memory size of 536870912 bytes exhausted (tried to allocate 4194312 bytes)
in VENDORPATH\kint-php\kint\src\Parser\Parser.php on line 385.
 1 [internal function]: CodeIgniter\Debug\Exceptions->shutdownHandler()
CRITICAL - 2023-03-21 08:54:04 --> Allowed memory size of 536870912 bytes exhausted (tried to allocate 31228480 bytes)
in VENDORPATH\kint-php\kint\src\Renderer\RichRenderer.php on line 375.
 1 [internal function]: CodeIgniter\Debug\Exceptions->shutdownHandler()
CRITICAL - 2023-03-21 09:01:57 --> Allowed memory size of 536870912 bytes exhausted (tried to allocate 4194312 bytes)
in VENDORPATH\kint-php\kint\src\Parser\Parser.php on line 385.
 1 [internal function]: CodeIgniter\Debug\Exceptions->shutdownHandler()
CRITICAL - 2023-03-21 09:02:02 --> Allowed memory size of 536870912 bytes exhausted (tried to allocate 31228480 bytes)
in VENDORPATH\kint-php\kint\src\Renderer\RichRenderer.php on line 375.
 1 [internal function]: CodeIgniter\Debug\Exceptions->shutdownHandler()
CRITICAL - 2023-03-21 09:02:32 --> Allowed memory size of 536870912 bytes exhausted (tried to allocate 4194312 bytes)
in VENDORPATH\kint-php\kint\src\Parser\Parser.php on line 385.
 1 [internal function]: CodeIgniter\Debug\Exceptions->shutdownHandler()
CRITICAL - 2023-03-21 09:02:40 --> Allowed memory size of 536870912 bytes exhausted (tried to allocate 31228480 bytes)
in VENDORPATH\kint-php\kint\src\Renderer\RichRenderer.php on line 375.
 1 [internal function]: CodeIgniter\Debug\Exceptions->shutdownHandler()
CRITICAL - 2023-03-21 09:13:54 --> Allowed memory size of 536870912 bytes exhausted (tried to allocate 4194312 bytes)
in VENDORPATH\kint-php\kint\src\Parser\Parser.php on line 385.
 1 [internal function]: CodeIgniter\Debug\Exceptions->shutdownHandler()
CRITICAL - 2023-03-21 09:14:29 --> Allowed memory size of 536870912 bytes exhausted (tried to allocate 31228480 bytes)
in VENDORPATH\kint-php\kint\src\Renderer\RichRenderer.php on line 375.
 1 [internal function]: CodeIgniter\Debug\Exceptions->shutdownHandler()
CRITICAL - 2023-03-21 09:17:24 --> Allowed memory size of 536870912 bytes exhausted (tried to allocate 4194312 bytes)
in VENDORPATH\kint-php\kint\src\Parser\Parser.php on line 385.
 1 [internal function]: CodeIgniter\Debug\Exceptions->shutdownHandler()
CRITICAL - 2023-03-21 09:28:32 --> Undefined index: tr_dono
in APPPATH\Views\Tip_tracking\list_tip_temporary_detail.php on line 42.
 1 APPPATH\Views\Tip_tracking\list_tip_temporary_detail.php(42): CodeIgniter\Debug\Exceptions->errorHandler(8, 'Undefined index: tr_dono', 'APPPATH\\Views\\Tip_tracking\\list_tip_temporary_detail.php', 42, [...])
 2 SYSTEMPATH\View\View.php(213): include('APPPATH\\Views\\Tip_tracking\\list_tip_temporary_detail.php')
 3 SYSTEMPATH\View\View.php(216): CodeIgniter\View\View->CodeIgniter\View\{closure}()
 4 SYSTEMPATH\Common.php(1137): CodeIgniter\View\View->render('Tip_tracking/list_tip_temporary_detail', [], true)
 5 APPPATH\Controllers\Tip.php(55): view('Tip_tracking/list_tip_temporary_detail', [...])
 6 SYSTEMPATH\CodeIgniter.php(904): App\Controllers\Tip->viewTemporaryDetail()
 7 SYSTEMPATH\CodeIgniter.php(457): CodeIgniter\CodeIgniter->runController(Object(App\Controllers\Tip))
 8 SYSTEMPATH\CodeIgniter.php(340): CodeIgniter\CodeIgniter->handleRequest(null, Object(Config\Cache), false)
 9 FCPATH\index.php(67): CodeIgniter\CodeIgniter->run()
10 SYSTEMPATH\Commands\Server\rewrite.php(43): require_once('FCPATH\\index.php')
CRITICAL - 2023-03-21 09:28:35 --> Allowed memory size of 536870912 bytes exhausted (tried to allocate 228085200 bytes)
in VENDORPATH\laminas\laminas-escaper\src\Escaper.php on line 183.
 1 [internal function]: CodeIgniter\Debug\Exceptions->shutdownHandler()
CRITICAL - 2023-03-21 10:13:53 --> Illegal string offset 'driver'
in APPPATH\Models\TipModel.php on line 51.
 1 APPPATH\Models\TipModel.php(51): CodeIgniter\Debug\Exceptions->errorHandler(2, 'Illegal string offset \'driver\'', 'APPPATH\\Models\\TipModel.php', 51, [...])
 2 APPPATH\Controllers\Tip.php(86): App\Models\TipModel->addTemporaryDetail('ROOTPATH\\public', [...])
 3 SYSTEMPATH\CodeIgniter.php(904): App\Controllers\Tip->addTemporaryDetail()
 4 SYSTEMPATH\CodeIgniter.php(457): CodeIgniter\CodeIgniter->runController(Object(App\Controllers\Tip))
 5 SYSTEMPATH\CodeIgniter.php(340): CodeIgniter\CodeIgniter->handleRequest(null, Object(Config\Cache), false)
 6 FCPATH\index.php(67): CodeIgniter\CodeIgniter->run()
 7 SYSTEMPATH\Commands\Server\rewrite.php(43): require_once('FCPATH\\index.php')
CRITICAL - 2023-03-21 10:14:06 --> Illegal string offset 'driver'
in APPPATH\Models\TipModel.php on line 51.
 1 APPPATH\Models\TipModel.php(51): CodeIgniter\Debug\Exceptions->errorHandler(2, 'Illegal string offset \'driver\'', 'APPPATH\\Models\\TipModel.php', 51, [...])
 2 APPPATH\Controllers\Tip.php(86): App\Models\TipModel->addTemporaryDetail('ROOTPATH\\public', [...])
 3 SYSTEMPATH\CodeIgniter.php(904): App\Controllers\Tip->addTemporaryDetail()
 4 SYSTEMPATH\CodeIgniter.php(457): CodeIgniter\CodeIgniter->runController(Object(App\Controllers\Tip))
 5 SYSTEMPATH\CodeIgniter.php(340): CodeIgniter\CodeIgniter->handleRequest(null, Object(Config\Cache), false)
 6 FCPATH\index.php(67): CodeIgniter\CodeIgniter->run()
 7 SYSTEMPATH\Commands\Server\rewrite.php(43): require_once('FCPATH\\index.php')
CRITICAL - 2023-03-21 10:32:52 --> Undefined index: tr_dono
in APPPATH\Views\Tip_tracking\list_tip_temporary_detail.php on line 42.
 1 APPPATH\Views\Tip_tracking\list_tip_temporary_detail.php(42): CodeIgniter\Debug\Exceptions->errorHandler(8, 'Undefined index: tr_dono', 'APPPATH\\Views\\Tip_tracking\\list_tip_temporary_detail.php', 42, [...])
 2 SYSTEMPATH\View\View.php(213): include('APPPATH\\Views\\Tip_tracking\\list_tip_temporary_detail.php')
 3 SYSTEMPATH\View\View.php(216): CodeIgniter\View\View->CodeIgniter\View\{closure}()
 4 SYSTEMPATH\Common.php(1137): CodeIgniter\View\View->render('Tip_tracking/list_tip_temporary_detail', [], true)
 5 APPPATH\Controllers\Tip.php(55): view('Tip_tracking/list_tip_temporary_detail', [...])
 6 SYSTEMPATH\CodeIgniter.php(904): App\Controllers\Tip->viewTemporaryDetail()
 7 SYSTEMPATH\CodeIgniter.php(457): CodeIgniter\CodeIgniter->runController(Object(App\Controllers\Tip))
 8 SYSTEMPATH\CodeIgniter.php(340): CodeIgniter\CodeIgniter->handleRequest(null, Object(Config\Cache), false)
 9 FCPATH\index.php(67): CodeIgniter\CodeIgniter->run()
10 SYSTEMPATH\Commands\Server\rewrite.php(43): require_once('FCPATH\\index.php')
CRITICAL - 2023-03-21 10:40:55 --> Undefined variable: value
in APPPATH\Controllers\Tip.php on line 365.
 1 APPPATH\Controllers\Tip.php(365): CodeIgniter\Debug\Exceptions->errorHandler(8, 'Undefined variable: value', 'APPPATH\\Controllers\\Tip.php', 365, [...])
 2 SYSTEMPATH\CodeIgniter.php(904): App\Controllers\Tip->get_do_by_tip()
 3 SYSTEMPATH\CodeIgniter.php(457): CodeIgniter\CodeIgniter->runController(Object(App\Controllers\Tip))
 4 SYSTEMPATH\CodeIgniter.php(340): CodeIgniter\CodeIgniter->handleRequest(null, Object(Config\Cache), false)
 5 FCPATH\index.php(67): CodeIgniter\CodeIgniter->run()
 6 SYSTEMPATH\Commands\Server\rewrite.php(43): require_once('FCPATH\\index.php')
CRITICAL - 2023-03-21 10:41:47 --> Undefined variable: value
in APPPATH\Controllers\Tip.php on line 365.
 1 APPPATH\Controllers\Tip.php(365): CodeIgniter\Debug\Exceptions->errorHandler(8, 'Undefined variable: value', 'APPPATH\\Controllers\\Tip.php', 365, [...])
 2 SYSTEMPATH\CodeIgniter.php(904): App\Controllers\Tip->get_do_by_tip()
 3 SYSTEMPATH\CodeIgniter.php(457): CodeIgniter\CodeIgniter->runController(Object(App\Controllers\Tip))
 4 SYSTEMPATH\CodeIgniter.php(340): CodeIgniter\CodeIgniter->handleRequest(null, Object(Config\Cache), false)
 5 FCPATH\index.php(67): CodeIgniter\CodeIgniter->run()
 6 SYSTEMPATH\Commands\Server\rewrite.php(43): require_once('FCPATH\\index.php')
ERROR - 2023-03-21 10:49:50 --> mysqli_sql_exception: You have an error in your SQL syntax; check the manual that corresponds to your MariaDB server version for the right syntax to use near '*
JOIN `tblmas_temporary_do_tip_tracking` ON `tblmas_temporary_do_tip_trackin...' at line 2 in C:\xampp\htdocs\tracking\system\Database\MySQLi\Connection.php:292
Stack trace:
#0 C:\xampp\htdocs\tracking\system\Database\MySQLi\Connection.php(292): mysqli->query('SELECT `tbltrn_...', 0)
#1 C:\xampp\htdocs\tracking\system\Database\BaseConnection.php(693): CodeIgniter\Database\MySQLi\Connection->execute('SELECT `tbltrn_...')
#2 C:\xampp\htdocs\tracking\system\Database\BaseConnection.php(620): CodeIgniter\Database\BaseConnection->simpleQuery('SELECT `tbltrn_...')
#3 C:\xampp\htdocs\tracking\system\Database\BaseBuilder.php(1585): CodeIgniter\Database\BaseConnection->query('SELECT `tbltrn_...', Array, false)
#4 C:\xampp\htdocs\tracking\app\Models\TipModel.php(249): CodeIgniter\Database\BaseBuilder->get()
#5 C:\xampp\htdocs\tracking\app\Controllers\Tip.php(361): App\Models\TipModel->get_do_by_tip('615')
#6 C:\xampp\htdocs\tracking\system\CodeIgniter.php(904): App\Controllers\Tip->get_do_by_tip()
#7 C:\xampp\htdocs\tracking\system\CodeIgniter.php(457): CodeIgniter\CodeIgniter->runController(Object(App\Controllers\Tip))
#8 C:\xampp\htdocs\tracking\system\CodeIgniter.php(340): CodeIgniter\CodeIgniter->handleRequest(NULL, Object(Config\Cache), false)
#9 C:\xampp\htdocs\tracking\public\index.php(67): CodeIgniter\CodeIgniter->run()
#10 C:\xampp\htdocs\tracking\system\Commands\Server\rewrite.php(43): require_once('C:\\xampp\\htdocs...')
#11 {main}
CRITICAL - 2023-03-21 10:49:50 --> You have an error in your SQL syntax; check the manual that corresponds to your MariaDB server version for the right syntax to use near '*
JOIN `tblmas_temporary_do_tip_tracking` ON `tblmas_temporary_do_tip_trackin...' at line 2
in SYSTEMPATH\Database\MySQLi\Connection.php on line 292.
 1 SYSTEMPATH\Database\MySQLi\Connection.php(292): mysqli->query('SELECT `tbltrn_do1`.*
FROM `tbltrn_do1`.*
JOIN `tblmas_temporary_do_tip_tracking` ON `tblmas_temporary_do_tip_tracking`.`doID` = `tbltrn_do1`.`tr_dono`
JOIN `tblmas_temporary_tip_tracking_detail` ON `tblmas_temporary_tip_tracking_detail`.`id` = `tblmas_temporary_do_tip_tracking`.`tipID`
WHERE `tblmas_temporary_tip_tracking_detail`.`id` = \'615\'
AND `tbltrn_do1`.`stsdosent` = 1', 0)
 2 SYSTEMPATH\Database\BaseConnection.php(693): CodeIgniter\Database\MySQLi\Connection->execute('SELECT `tbltrn_do1`.*
FROM `tbltrn_do1`.*
JOIN `tblmas_temporary_do_tip_tracking` ON `tblmas_temporary_do_tip_tracking`.`doID` = `tbltrn_do1`.`tr_dono`
JOIN `tblmas_temporary_tip_tracking_detail` ON `tblmas_temporary_tip_tracking_detail`.`id` = `tblmas_temporary_do_tip_tracking`.`tipID`
WHERE `tblmas_temporary_tip_tracking_detail`.`id` = \'615\'
AND `tbltrn_do1`.`stsdosent` = 1')
 3 SYSTEMPATH\Database\BaseConnection.php(620): CodeIgniter\Database\BaseConnection->simpleQuery('SELECT `tbltrn_do1`.*
FROM `tbltrn_do1`.*
JOIN `tblmas_temporary_do_tip_tracking` ON `tblmas_temporary_do_tip_tracking`.`doID` = `tbltrn_do1`.`tr_dono`
JOIN `tblmas_temporary_tip_tracking_detail` ON `tblmas_temporary_tip_tracking_detail`.`id` = `tblmas_temporary_do_tip_tracking`.`tipID`
WHERE `tblmas_temporary_tip_tracking_detail`.`id` = \'615\'
AND `tbltrn_do1`.`stsdosent` = 1')
 4 SYSTEMPATH\Database\BaseBuilder.php(1585): CodeIgniter\Database\BaseConnection->query('SELECT `tbltrn_do1`.*
FROM `tbltrn_do1`.*
JOIN `tblmas_temporary_do_tip_tracking` ON `tblmas_temporary_do_tip_tracking`.`doID` = `tbltrn_do1`.`tr_dono`
JOIN `tblmas_temporary_tip_tracking_detail` ON `tblmas_temporary_tip_tracking_detail`.`id` = `tblmas_temporary_do_tip_tracking`.`tipID`
WHERE `tblmas_temporary_tip_tracking_detail`.`id` = :tblmas_temporary_tip_tracking_detail.id:
AND `tbltrn_do1`.`stsdosent` = :tbltrn_do1.stsdosent:', [...], false)
 5 APPPATH\Models\TipModel.php(249): CodeIgniter\Database\BaseBuilder->get()
 6 APPPATH\Controllers\Tip.php(361): App\Models\TipModel->get_do_by_tip('615')
 7 SYSTEMPATH\CodeIgniter.php(904): App\Controllers\Tip->get_do_by_tip()
 8 SYSTEMPATH\CodeIgniter.php(457): CodeIgniter\CodeIgniter->runController(Object(App\Controllers\Tip))
 9 SYSTEMPATH\CodeIgniter.php(340): CodeIgniter\CodeIgniter->handleRequest(null, Object(Config\Cache), false)
10 FCPATH\index.php(67): CodeIgniter\CodeIgniter->run()
11 SYSTEMPATH\Commands\Server\rewrite.php(43): require_once('FCPATH\\index.php')
ERROR - 2023-03-21 10:49:58 --> mysqli_sql_exception: You have an error in your SQL syntax; check the manual that corresponds to your MariaDB server version for the right syntax to use near '*
JOIN `tblmas_temporary_do_tip_tracking` ON `tblmas_temporary_do_tip_trackin...' at line 2 in C:\xampp\htdocs\tracking\system\Database\MySQLi\Connection.php:292
Stack trace:
#0 C:\xampp\htdocs\tracking\system\Database\MySQLi\Connection.php(292): mysqli->query('SELECT `tbltrn_...', 0)
#1 C:\xampp\htdocs\tracking\system\Database\BaseConnection.php(693): CodeIgniter\Database\MySQLi\Connection->execute('SELECT `tbltrn_...')
#2 C:\xampp\htdocs\tracking\system\Database\BaseConnection.php(620): CodeIgniter\Database\BaseConnection->simpleQuery('SELECT `tbltrn_...')
#3 C:\xampp\htdocs\tracking\system\Database\BaseBuilder.php(1585): CodeIgniter\Database\BaseConnection->query('SELECT `tbltrn_...', Array, false)
#4 C:\xampp\htdocs\tracking\app\Models\TipModel.php(249): CodeIgniter\Database\BaseBuilder->get()
#5 C:\xampp\htdocs\tracking\app\Controllers\Tip.php(361): App\Models\TipModel->get_do_by_tip(NULL)
#6 C:\xampp\htdocs\tracking\system\CodeIgniter.php(904): App\Controllers\Tip->get_do_by_tip()
#7 C:\xampp\htdocs\tracking\system\CodeIgniter.php(457): CodeIgniter\CodeIgniter->runController(Object(App\Controllers\Tip))
#8 C:\xampp\htdocs\tracking\system\CodeIgniter.php(340): CodeIgniter\CodeIgniter->handleRequest(NULL, Object(Config\Cache), false)
#9 C:\xampp\htdocs\tracking\public\index.php(67): CodeIgniter\CodeIgniter->run()
#10 C:\xampp\htdocs\tracking\system\Commands\Server\rewrite.php(43): require_once('C:\\xampp\\htdocs...')
#11 {main}
CRITICAL - 2023-03-21 10:49:58 --> You have an error in your SQL syntax; check the manual that corresponds to your MariaDB server version for the right syntax to use near '*
JOIN `tblmas_temporary_do_tip_tracking` ON `tblmas_temporary_do_tip_trackin...' at line 2
in SYSTEMPATH\Database\MySQLi\Connection.php on line 292.
 1 SYSTEMPATH\Database\MySQLi\Connection.php(292): mysqli->query('SELECT `tbltrn_do1`.*
FROM `tbltrn_do1`.*
JOIN `tblmas_temporary_do_tip_tracking` ON `tblmas_temporary_do_tip_tracking`.`doID` = `tbltrn_do1`.`tr_dono`
JOIN `tblmas_temporary_tip_tracking_detail` ON `tblmas_temporary_tip_tracking_detail`.`id` = `tblmas_temporary_do_tip_tracking`.`tipID`
WHERE `tblmas_temporary_tip_tracking_detail`.`id` IS NULL
AND `tbltrn_do1`.`stsdosent` = 1', 0)
 2 SYSTEMPATH\Database\BaseConnection.php(693): CodeIgniter\Database\MySQLi\Connection->execute('SELECT `tbltrn_do1`.*
FROM `tbltrn_do1`.*
JOIN `tblmas_temporary_do_tip_tracking` ON `tblmas_temporary_do_tip_tracking`.`doID` = `tbltrn_do1`.`tr_dono`
JOIN `tblmas_temporary_tip_tracking_detail` ON `tblmas_temporary_tip_tracking_detail`.`id` = `tblmas_temporary_do_tip_tracking`.`tipID`
WHERE `tblmas_temporary_tip_tracking_detail`.`id` IS NULL
AND `tbltrn_do1`.`stsdosent` = 1')
 3 SYSTEMPATH\Database\BaseConnection.php(620): CodeIgniter\Database\BaseConnection->simpleQuery('SELECT `tbltrn_do1`.*
FROM `tbltrn_do1`.*
JOIN `tblmas_temporary_do_tip_tracking` ON `tblmas_temporary_do_tip_tracking`.`doID` = `tbltrn_do1`.`tr_dono`
JOIN `tblmas_temporary_tip_tracking_detail` ON `tblmas_temporary_tip_tracking_detail`.`id` = `tblmas_temporary_do_tip_tracking`.`tipID`
WHERE `tblmas_temporary_tip_tracking_detail`.`id` IS NULL
AND `tbltrn_do1`.`stsdosent` = 1')
 4 SYSTEMPATH\Database\BaseBuilder.php(1585): CodeIgniter\Database\BaseConnection->query('SELECT `tbltrn_do1`.*
FROM `tbltrn_do1`.*
JOIN `tblmas_temporary_do_tip_tracking` ON `tblmas_temporary_do_tip_tracking`.`doID` = `tbltrn_do1`.`tr_dono`
JOIN `tblmas_temporary_tip_tracking_detail` ON `tblmas_temporary_tip_tracking_detail`.`id` = `tblmas_temporary_do_tip_tracking`.`tipID`
WHERE `tblmas_temporary_tip_tracking_detail`.`id` IS NULL
AND `tbltrn_do1`.`stsdosent` = :tbltrn_do1.stsdosent:', [...], false)
 5 APPPATH\Models\TipModel.php(249): CodeIgniter\Database\BaseBuilder->get()
 6 APPPATH\Controllers\Tip.php(361): App\Models\TipModel->get_do_by_tip(null)
 7 SYSTEMPATH\CodeIgniter.php(904): App\Controllers\Tip->get_do_by_tip()
 8 SYSTEMPATH\CodeIgniter.php(457): CodeIgniter\CodeIgniter->runController(Object(App\Controllers\Tip))
 9 SYSTEMPATH\CodeIgniter.php(340): CodeIgniter\CodeIgniter->handleRequest(null, Object(Config\Cache), false)
10 FCPATH\index.php(67): CodeIgniter\CodeIgniter->run()
11 SYSTEMPATH\Commands\Server\rewrite.php(43): require_once('FCPATH\\index.php')
CRITICAL - 2023-03-21 10:50:05 --> Undefined variable: value
in APPPATH\Controllers\Tip.php on line 365.
 1 APPPATH\Controllers\Tip.php(365): CodeIgniter\Debug\Exceptions->errorHandler(8, 'Undefined variable: value', 'APPPATH\\Controllers\\Tip.php', 365, [...])
 2 SYSTEMPATH\CodeIgniter.php(904): App\Controllers\Tip->get_do_by_tip()
 3 SYSTEMPATH\CodeIgniter.php(457): CodeIgniter\CodeIgniter->runController(Object(App\Controllers\Tip))
 4 SYSTEMPATH\CodeIgniter.php(340): CodeIgniter\CodeIgniter->handleRequest(null, Object(Config\Cache), false)
 5 FCPATH\index.php(67): CodeIgniter\CodeIgniter->run()
 6 SYSTEMPATH\Commands\Server\rewrite.php(43): require_once('FCPATH\\index.php')
CRITICAL - 2023-03-21 10:50:31 --> Undefined variable: value
in APPPATH\Controllers\Tip.php on line 365.
 1 APPPATH\Controllers\Tip.php(365): CodeIgniter\Debug\Exceptions->errorHandler(8, 'Undefined variable: value', 'APPPATH\\Controllers\\Tip.php', 365, [...])
 2 SYSTEMPATH\CodeIgniter.php(904): App\Controllers\Tip->get_do_by_tip()
 3 SYSTEMPATH\CodeIgniter.php(457): CodeIgniter\CodeIgniter->runController(Object(App\Controllers\Tip))
 4 SYSTEMPATH\CodeIgniter.php(340): CodeIgniter\CodeIgniter->handleRequest(null, Object(Config\Cache), false)
 5 FCPATH\index.php(67): CodeIgniter\CodeIgniter->run()
 6 SYSTEMPATH\Commands\Server\rewrite.php(43): require_once('FCPATH\\index.php')
CRITICAL - 2023-03-21 10:51:34 --> Undefined variable: value
in APPPATH\Controllers\Tip.php on line 365.
 1 APPPATH\Controllers\Tip.php(365): CodeIgniter\Debug\Exceptions->errorHandler(8, 'Undefined variable: value', 'APPPATH\\Controllers\\Tip.php', 365, [...])
 2 SYSTEMPATH\CodeIgniter.php(904): App\Controllers\Tip->get_do_by_tip()
 3 SYSTEMPATH\CodeIgniter.php(457): CodeIgniter\CodeIgniter->runController(Object(App\Controllers\Tip))
 4 SYSTEMPATH\CodeIgniter.php(340): CodeIgniter\CodeIgniter->handleRequest(null, Object(Config\Cache), false)
 5 FCPATH\index.php(67): CodeIgniter\CodeIgniter->run()
 6 SYSTEMPATH\Commands\Server\rewrite.php(43): require_once('FCPATH\\index.php')
CRITICAL - 2023-03-21 10:51:46 --> Undefined variable: value
in APPPATH\Controllers\Tip.php on line 365.
 1 APPPATH\Controllers\Tip.php(365): CodeIgniter\Debug\Exceptions->errorHandler(8, 'Undefined variable: value', 'APPPATH\\Controllers\\Tip.php', 365, [...])
 2 SYSTEMPATH\CodeIgniter.php(904): App\Controllers\Tip->get_do_by_tip()
 3 SYSTEMPATH\CodeIgniter.php(457): CodeIgniter\CodeIgniter->runController(Object(App\Controllers\Tip))
 4 SYSTEMPATH\CodeIgniter.php(340): CodeIgniter\CodeIgniter->handleRequest(null, Object(Config\Cache), false)
 5 FCPATH\index.php(67): CodeIgniter\CodeIgniter->run()
 6 SYSTEMPATH\Commands\Server\rewrite.php(43): require_once('FCPATH\\index.php')
CRITICAL - 2023-03-21 10:51:47 --> Undefined variable: value
in APPPATH\Controllers\Tip.php on line 365.
 1 APPPATH\Controllers\Tip.php(365): CodeIgniter\Debug\Exceptions->errorHandler(8, 'Undefined variable: value', 'APPPATH\\Controllers\\Tip.php', 365, [...])
 2 SYSTEMPATH\CodeIgniter.php(904): App\Controllers\Tip->get_do_by_tip()
 3 SYSTEMPATH\CodeIgniter.php(457): CodeIgniter\CodeIgniter->runController(Object(App\Controllers\Tip))
 4 SYSTEMPATH\CodeIgniter.php(340): CodeIgniter\CodeIgniter->handleRequest(null, Object(Config\Cache), false)
 5 FCPATH\index.php(67): CodeIgniter\CodeIgniter->run()
 6 SYSTEMPATH\Commands\Server\rewrite.php(43): require_once('FCPATH\\index.php')
CRITICAL - 2023-03-21 10:52:13 --> Undefined variable: value
in APPPATH\Controllers\Tip.php on line 365.
 1 APPPATH\Controllers\Tip.php(365): CodeIgniter\Debug\Exceptions->errorHandler(8, 'Undefined variable: value', 'APPPATH\\Controllers\\Tip.php', 365, [...])
 2 SYSTEMPATH\CodeIgniter.php(904): App\Controllers\Tip->get_do_by_tip()
 3 SYSTEMPATH\CodeIgniter.php(457): CodeIgniter\CodeIgniter->runController(Object(App\Controllers\Tip))
 4 SYSTEMPATH\CodeIgniter.php(340): CodeIgniter\CodeIgniter->handleRequest(null, Object(Config\Cache), false)
 5 FCPATH\index.php(67): CodeIgniter\CodeIgniter->run()
 6 SYSTEMPATH\Commands\Server\rewrite.php(43): require_once('FCPATH\\index.php')
CRITICAL - 2023-03-21 10:52:14 --> Undefined variable: value
in APPPATH\Controllers\Tip.php on line 365.
 1 APPPATH\Controllers\Tip.php(365): CodeIgniter\Debug\Exceptions->errorHandler(8, 'Undefined variable: value', 'APPPATH\\Controllers\\Tip.php', 365, [...])
 2 SYSTEMPATH\CodeIgniter.php(904): App\Controllers\Tip->get_do_by_tip()
 3 SYSTEMPATH\CodeIgniter.php(457): CodeIgniter\CodeIgniter->runController(Object(App\Controllers\Tip))
 4 SYSTEMPATH\CodeIgniter.php(340): CodeIgniter\CodeIgniter->handleRequest(null, Object(Config\Cache), false)
 5 FCPATH\index.php(67): CodeIgniter\CodeIgniter->run()
 6 SYSTEMPATH\Commands\Server\rewrite.php(43): require_once('FCPATH\\index.php')
CRITICAL - 2023-03-21 10:55:52 --> Undefined variable: value
in APPPATH\Controllers\Tip.php on line 365.
 1 APPPATH\Controllers\Tip.php(365): CodeIgniter\Debug\Exceptions->errorHandler(8, 'Undefined variable: value', 'APPPATH\\Controllers\\Tip.php', 365, [...])
 2 SYSTEMPATH\CodeIgniter.php(904): App\Controllers\Tip->get_do_by_tip()
 3 SYSTEMPATH\CodeIgniter.php(457): CodeIgniter\CodeIgniter->runController(Object(App\Controllers\Tip))
 4 SYSTEMPATH\CodeIgniter.php(340): CodeIgniter\CodeIgniter->handleRequest(null, Object(Config\Cache), false)
 5 FCPATH\index.php(67): CodeIgniter\CodeIgniter->run()
 6 SYSTEMPATH\Commands\Server\rewrite.php(43): require_once('FCPATH\\index.php')
CRITICAL - 2023-03-21 10:58:25 --> Undefined index: dono
in APPPATH\Views\Tip_tracking\list_tip_temporary_detail.php on line 143.
 1 APPPATH\Views\Tip_tracking\list_tip_temporary_detail.php(143): CodeIgniter\Debug\Exceptions->errorHandler(8, 'Undefined index: dono', 'APPPATH\\Views\\Tip_tracking\\list_tip_temporary_detail.php', 143, [...])
 2 SYSTEMPATH\View\View.php(213): include('APPPATH\\Views\\Tip_tracking\\list_tip_temporary_detail.php')
 3 SYSTEMPATH\View\View.php(216): CodeIgniter\View\View->CodeIgniter\View\{closure}()
 4 SYSTEMPATH\Common.php(1137): CodeIgniter\View\View->render('Tip_tracking/list_tip_temporary_detail', [], true)
 5 APPPATH\Controllers\Tip.php(55): view('Tip_tracking/list_tip_temporary_detail', [...])
 6 SYSTEMPATH\CodeIgniter.php(904): App\Controllers\Tip->viewTemporaryDetail()
 7 SYSTEMPATH\CodeIgniter.php(457): CodeIgniter\CodeIgniter->runController(Object(App\Controllers\Tip))
 8 SYSTEMPATH\CodeIgniter.php(340): CodeIgniter\CodeIgniter->handleRequest(null, Object(Config\Cache), false)
 9 FCPATH\index.php(67): CodeIgniter\CodeIgniter->run()
10 SYSTEMPATH\Commands\Server\rewrite.php(43): require_once('FCPATH\\index.php')
CRITICAL - 2023-03-21 11:47:30 --> Undefined index: Jml_DO
in APPPATH\Views\Tip_tracking\list_tip_temporary_detail.php on line 145.
 1 APPPATH\Views\Tip_tracking\list_tip_temporary_detail.php(145): CodeIgniter\Debug\Exceptions->errorHandler(8, 'Undefined index: Jml_DO', 'APPPATH\\Views\\Tip_tracking\\list_tip_temporary_detail.php', 145, [...])
 2 SYSTEMPATH\View\View.php(213): include('APPPATH\\Views\\Tip_tracking\\list_tip_temporary_detail.php')
 3 SYSTEMPATH\View\View.php(216): CodeIgniter\View\View->CodeIgniter\View\{closure}()
 4 SYSTEMPATH\Common.php(1137): CodeIgniter\View\View->render('Tip_tracking/list_tip_temporary_detail', [], true)
 5 APPPATH\Controllers\Tip.php(55): view('Tip_tracking/list_tip_temporary_detail', [...])
 6 SYSTEMPATH\CodeIgniter.php(904): App\Controllers\Tip->viewTemporaryDetail()
 7 SYSTEMPATH\CodeIgniter.php(457): CodeIgniter\CodeIgniter->runController(Object(App\Controllers\Tip))
 8 SYSTEMPATH\CodeIgniter.php(340): CodeIgniter\CodeIgniter->handleRequest(null, Object(Config\Cache), false)
 9 FCPATH\index.php(67): CodeIgniter\CodeIgniter->run()
10 SYSTEMPATH\Commands\Server\rewrite.php(43): require_once('FCPATH\\index.php')
CRITICAL - 2023-03-21 12:58:02 --> Undefined variable: value
in APPPATH\Controllers\Tip.php on line 365.
 1 APPPATH\Controllers\Tip.php(365): CodeIgniter\Debug\Exceptions->errorHandler(8, 'Undefined variable: value', 'APPPATH\\Controllers\\Tip.php', 365, [...])
 2 SYSTEMPATH\CodeIgniter.php(904): App\Controllers\Tip->get_do_by_tip()
 3 SYSTEMPATH\CodeIgniter.php(457): CodeIgniter\CodeIgniter->runController(Object(App\Controllers\Tip))
 4 SYSTEMPATH\CodeIgniter.php(340): CodeIgniter\CodeIgniter->handleRequest(null, Object(Config\Cache), false)
 5 FCPATH\index.php(67): CodeIgniter\CodeIgniter->run()
 6 SYSTEMPATH\Commands\Server\rewrite.php(43): require_once('FCPATH\\index.php')
CRITICAL - 2023-03-21 13:07:23 --> Call to a member function getResult() on array
in APPPATH\Controllers\Tip.php on line 361.
 1 SYSTEMPATH\CodeIgniter.php(904): App\Controllers\Tip->get_do_by_tip()
 2 SYSTEMPATH\CodeIgniter.php(457): CodeIgniter\CodeIgniter->runController(Object(App\Controllers\Tip))
 3 SYSTEMPATH\CodeIgniter.php(340): CodeIgniter\CodeIgniter->handleRequest(null, Object(Config\Cache), false)
 4 FCPATH\index.php(67): CodeIgniter\CodeIgniter->run()
 5 SYSTEMPATH\Commands\Server\rewrite.php(43): require_once('FCPATH\\index.php')
CRITICAL - 2023-03-21 13:10:41 --> Invalid argument supplied for foreach()
in APPPATH\Models\TipModel.php on line 47.
 1 APPPATH\Models\TipModel.php(47): CodeIgniter\Debug\Exceptions->errorHandler(2, 'Invalid argument supplied for foreach()', 'APPPATH\\Models\\TipModel.php', 47, [...])
 2 APPPATH\Controllers\Tip.php(86): App\Models\TipModel->addTemporaryDetail([...], null)
 3 SYSTEMPATH\CodeIgniter.php(904): App\Controllers\Tip->addTemporaryDetail()
 4 SYSTEMPATH\CodeIgniter.php(457): CodeIgniter\CodeIgniter->runController(Object(App\Controllers\Tip))
 5 SYSTEMPATH\CodeIgniter.php(340): CodeIgniter\CodeIgniter->handleRequest(null, Object(Config\Cache), false)
 6 FCPATH\index.php(67): CodeIgniter\CodeIgniter->run()
 7 SYSTEMPATH\Commands\Server\rewrite.php(43): require_once('FCPATH\\index.php')
CRITICAL - 2023-03-21 13:15:59 --> Allowed memory size of 536870912 bytes exhausted (tried to allocate 20480 bytes)
in VENDORPATH\kint-php\kint\src\Parser\Parser.php on line 364.
 1 [internal function]: CodeIgniter\Debug\Exceptions->shutdownHandler()
CRITICAL - 2023-03-21 13:16:19 --> Allowed memory size of 536870912 bytes exhausted (tried to allocate 20480 bytes)
in SYSTEMPATH\Common.php on line 428.
 1 [internal function]: CodeIgniter\Debug\Exceptions->shutdownHandler()
CRITICAL - 2023-03-21 13:16:22 --> Allowed memory size of 536870912 bytes exhausted (tried to allocate 20480 bytes)
in SYSTEMPATH\Common.php on line 428.
 1 [internal function]: CodeIgniter\Debug\Exceptions->shutdownHandler()
CRITICAL - 2023-03-21 13:17:18 --> Allowed memory size of 536870912 bytes exhausted (tried to allocate 20480 bytes)
in SYSTEMPATH\Common.php on line 428.
 1 [internal function]: CodeIgniter\Debug\Exceptions->shutdownHandler()
CRITICAL - 2023-03-21 13:18:08 --> Allowed memory size of 536870912 bytes exhausted (tried to allocate 20480 bytes)
in SYSTEMPATH\Common.php on line 428.
 1 [internal function]: CodeIgniter\Debug\Exceptions->shutdownHandler()
CRITICAL - 2023-03-21 14:08:23 --> Undefined variable: value
in APPPATH\Controllers\Tip.php on line 365.
 1 APPPATH\Controllers\Tip.php(365): CodeIgniter\Debug\Exceptions->errorHandler(8, 'Undefined variable: value', 'APPPATH\\Controllers\\Tip.php', 365, [...])
 2 SYSTEMPATH\CodeIgniter.php(904): App\Controllers\Tip->get_do_by_tip()
 3 SYSTEMPATH\CodeIgniter.php(457): CodeIgniter\CodeIgniter->runController(Object(App\Controllers\Tip))
 4 SYSTEMPATH\CodeIgniter.php(340): CodeIgniter\CodeIgniter->handleRequest(null, Object(Config\Cache), false)
 5 FCPATH\index.php(67): CodeIgniter\CodeIgniter->run()
 6 SYSTEMPATH\Commands\Server\rewrite.php(43): require_once('FCPATH\\index.php')
CRITICAL - 2023-03-21 16:22:19 --> syntax error, unexpected '}', expecting end of file
in APPPATH\Views\Tip_tracking\report_list_tip.php on line 126.
 1 SYSTEMPATH\View\View.php(216): CodeIgniter\View\View->CodeIgniter\View\{closure}()
 2 SYSTEMPATH\Common.php(1137): CodeIgniter\View\View->render('Tip_tracking/report_list_tip', [], true)
 3 APPPATH\Controllers\Tip.php(229): view('Tip_tracking/report_list_tip', [...])
 4 SYSTEMPATH\CodeIgniter.php(904): App\Controllers\Tip->reportperBulan()
 5 SYSTEMPATH\CodeIgniter.php(457): CodeIgniter\CodeIgniter->runController(Object(App\Controllers\Tip))
 6 SYSTEMPATH\CodeIgniter.php(340): CodeIgniter\CodeIgniter->handleRequest(null, Object(Config\Cache), false)
 7 FCPATH\index.php(67): CodeIgniter\CodeIgniter->run()
 8 SYSTEMPATH\Commands\Server\rewrite.php(43): require_once('FCPATH\\index.php')
CRITICAL - 2023-03-21 17:00:01 --> Undefined variable: list
in APPPATH\Views\Tip_tracking\report_list_tip.php on line 103.
 1 APPPATH\Views\Tip_tracking\report_list_tip.php(103): CodeIgniter\Debug\Exceptions->errorHandler(8, 'Undefined variable: list', 'APPPATH\\Views\\Tip_tracking\\report_list_tip.php', 103, [...])
 2 SYSTEMPATH\View\View.php(213): include('APPPATH\\Views\\Tip_tracking\\report_list_tip.php')
 3 SYSTEMPATH\View\View.php(216): CodeIgniter\View\View->CodeIgniter\View\{closure}()
 4 SYSTEMPATH\Common.php(1137): CodeIgniter\View\View->render('Tip_tracking/report_list_tip', [], true)
 5 APPPATH\Controllers\Tip.php(229): view('Tip_tracking/report_list_tip', [...])
 6 SYSTEMPATH\CodeIgniter.php(904): App\Controllers\Tip->reportperBulan()
 7 SYSTEMPATH\CodeIgniter.php(457): CodeIgniter\CodeIgniter->runController(Object(App\Controllers\Tip))
 8 SYSTEMPATH\CodeIgniter.php(340): CodeIgniter\CodeIgniter->handleRequest(null, Object(Config\Cache), false)
 9 FCPATH\index.php(67): CodeIgniter\CodeIgniter->run()
10 SYSTEMPATH\Commands\Server\rewrite.php(43): require_once('FCPATH\\index.php')
