CRITICAL - 2022-11-23 00:16:10 --> explode() expects parameter 2 to be string, array given
in APPPATH\Controllers\Tip.php on line 34.
 1 [internal function]: CodeIgniter\Debug\Exceptions->errorHandler(2, 'explode() expects parameter 2 to be string, array given', 'APPPATH\\Controllers\\Tip.php', 34, [...])
 2 APPPATH\Controllers\Tip.php(34): explode(',', [...])
 3 SYSTEMPATH\CodeIgniter.php(904): App\Controllers\Tip->addListTip()
 4 SYSTEMPATH\CodeIgniter.php(457): CodeIgniter\CodeIgniter->runController(Object(App\Controllers\Tip))
 5 SYSTEMPATH\CodeIgniter.php(340): CodeIgniter\CodeIgniter->handleRequest(null, Object(Config\Cache), false)
 6 FCPATH\index.php(67): CodeIgniter\CodeIgniter->run()
 7 SYSTEMPATH\Commands\Server\rewrite.php(43): require_once('FCPATH\\index.php')
CRITICAL - 2022-11-23 00:26:17 --> explode() expects parameter 2 to be string, array given
in APPPATH\Controllers\Tip.php on line 34.
 1 [internal function]: CodeIgniter\Debug\Exceptions->errorHandler(2, 'explode() expects parameter 2 to be string, array given', 'APPPATH\\Controllers\\Tip.php', 34, [...])
 2 APPPATH\Controllers\Tip.php(34): explode(',', [...])
 3 SYSTEMPATH\CodeIgniter.php(904): App\Controllers\Tip->addListTip()
 4 SYSTEMPATH\CodeIgniter.php(457): CodeIgniter\CodeIgniter->runController(Object(App\Controllers\Tip))
 5 SYSTEMPATH\CodeIgniter.php(340): CodeIgniter\CodeIgniter->handleRequest(null, Object(Config\Cache), false)
 6 FCPATH\index.php(67): CodeIgniter\CodeIgniter->run()
 7 SYSTEMPATH\Commands\Server\rewrite.php(43): require_once('FCPATH\\index.php')
CRITICAL - 2022-11-23 00:26:29 --> explode() expects parameter 2 to be string, array given
in APPPATH\Controllers\Tip.php on line 34.
 1 [internal function]: CodeIgniter\Debug\Exceptions->errorHandler(2, 'explode() expects parameter 2 to be string, array given', 'APPPATH\\Controllers\\Tip.php', 34, [...])
 2 APPPATH\Controllers\Tip.php(34): explode(',', [...])
 3 SYSTEMPATH\CodeIgniter.php(904): App\Controllers\Tip->addListTip()
 4 SYSTEMPATH\CodeIgniter.php(457): CodeIgniter\CodeIgniter->runController(Object(App\Controllers\Tip))
 5 SYSTEMPATH\CodeIgniter.php(340): CodeIgniter\CodeIgniter->handleRequest(null, Object(Config\Cache), false)
 6 FCPATH\index.php(67): CodeIgniter\CodeIgniter->run()
 7 SYSTEMPATH\Commands\Server\rewrite.php(43): require_once('FCPATH\\index.php')
CRITICAL - 2022-11-23 00:29:14 --> explode() expects parameter 2 to be string, array given
in APPPATH\Controllers\Tip.php on line 35.
 1 [internal function]: CodeIgniter\Debug\Exceptions->errorHandler(2, 'explode() expects parameter 2 to be string, array given', 'APPPATH\\Controllers\\Tip.php', 35, [...])
 2 APPPATH\Controllers\Tip.php(35): explode(',', [...])
 3 SYSTEMPATH\CodeIgniter.php(904): App\Controllers\Tip->addListTip()
 4 SYSTEMPATH\CodeIgniter.php(457): CodeIgniter\CodeIgniter->runController(Object(App\Controllers\Tip))
 5 SYSTEMPATH\CodeIgniter.php(340): CodeIgniter\CodeIgniter->handleRequest(null, Object(Config\Cache), false)
 6 FCPATH\index.php(67): CodeIgniter\CodeIgniter->run()
 7 SYSTEMPATH\Commands\Server\rewrite.php(43): require_once('FCPATH\\index.php')
CRITICAL - 2022-11-23 00:29:21 --> explode() expects parameter 2 to be string, array given
in APPPATH\Controllers\Tip.php on line 35.
 1 [internal function]: CodeIgniter\Debug\Exceptions->errorHandler(2, 'explode() expects parameter 2 to be string, array given', 'APPPATH\\Controllers\\Tip.php', 35, [...])
 2 APPPATH\Controllers\Tip.php(35): explode(',', [...])
 3 SYSTEMPATH\CodeIgniter.php(904): App\Controllers\Tip->addListTip()
 4 SYSTEMPATH\CodeIgniter.php(457): CodeIgniter\CodeIgniter->runController(Object(App\Controllers\Tip))
 5 SYSTEMPATH\CodeIgniter.php(340): CodeIgniter\CodeIgniter->handleRequest(null, Object(Config\Cache), false)
 6 FCPATH\index.php(67): CodeIgniter\CodeIgniter->run()
 7 SYSTEMPATH\Commands\Server\rewrite.php(43): require_once('FCPATH\\index.php')
CRITICAL - 2022-11-23 00:29:49 --> explode() expects parameter 2 to be string, array given
in APPPATH\Controllers\Tip.php on line 35.
 1 [internal function]: CodeIgniter\Debug\Exceptions->errorHandler(2, 'explode() expects parameter 2 to be string, array given', 'APPPATH\\Controllers\\Tip.php', 35, [...])
 2 APPPATH\Controllers\Tip.php(35): explode(',', [...])
 3 SYSTEMPATH\CodeIgniter.php(904): App\Controllers\Tip->addListTip()
 4 SYSTEMPATH\CodeIgniter.php(457): CodeIgniter\CodeIgniter->runController(Object(App\Controllers\Tip))
 5 SYSTEMPATH\CodeIgniter.php(340): CodeIgniter\CodeIgniter->handleRequest(null, Object(Config\Cache), false)
 6 FCPATH\index.php(67): CodeIgniter\CodeIgniter->run()
 7 SYSTEMPATH\Commands\Server\rewrite.php(43): require_once('FCPATH\\index.php')
CRITICAL - 2022-11-23 00:31:19 --> explode() expects parameter 2 to be string, array given
in APPPATH\Controllers\Tip.php on line 34.
 1 [internal function]: CodeIgniter\Debug\Exceptions->errorHandler(2, 'explode() expects parameter 2 to be string, array given', 'APPPATH\\Controllers\\Tip.php', 34, [...])
 2 APPPATH\Controllers\Tip.php(34): explode(',', [...])
 3 SYSTEMPATH\CodeIgniter.php(904): App\Controllers\Tip->addListTip()
 4 SYSTEMPATH\CodeIgniter.php(457): CodeIgniter\CodeIgniter->runController(Object(App\Controllers\Tip))
 5 SYSTEMPATH\CodeIgniter.php(340): CodeIgniter\CodeIgniter->handleRequest(null, Object(Config\Cache), false)
 6 FCPATH\index.php(67): CodeIgniter\CodeIgniter->run()
 7 SYSTEMPATH\Commands\Server\rewrite.php(43): require_once('FCPATH\\index.php')
CRITICAL - 2022-11-23 00:31:32 --> explode() expects parameter 2 to be string, array given
in APPPATH\Controllers\Tip.php on line 33.
 1 [internal function]: CodeIgniter\Debug\Exceptions->errorHandler(2, 'explode() expects parameter 2 to be string, array given', 'APPPATH\\Controllers\\Tip.php', 33, [...])
 2 APPPATH\Controllers\Tip.php(33): explode(',', [...])
 3 SYSTEMPATH\CodeIgniter.php(904): App\Controllers\Tip->addListTip()
 4 SYSTEMPATH\CodeIgniter.php(457): CodeIgniter\CodeIgniter->runController(Object(App\Controllers\Tip))
 5 SYSTEMPATH\CodeIgniter.php(340): CodeIgniter\CodeIgniter->handleRequest(null, Object(Config\Cache), false)
 6 FCPATH\index.php(67): CodeIgniter\CodeIgniter->run()
 7 SYSTEMPATH\Commands\Server\rewrite.php(43): require_once('FCPATH\\index.php')
CRITICAL - 2022-11-23 00:31:45 --> explode() expects parameter 2 to be string, array given
in APPPATH\Controllers\Tip.php on line 33.
 1 [internal function]: CodeIgniter\Debug\Exceptions->errorHandler(2, 'explode() expects parameter 2 to be string, array given', 'APPPATH\\Controllers\\Tip.php', 33, [...])
 2 APPPATH\Controllers\Tip.php(33): explode(',', [...])
 3 SYSTEMPATH\CodeIgniter.php(904): App\Controllers\Tip->addListTip()
 4 SYSTEMPATH\CodeIgniter.php(457): CodeIgniter\CodeIgniter->runController(Object(App\Controllers\Tip))
 5 SYSTEMPATH\CodeIgniter.php(340): CodeIgniter\CodeIgniter->handleRequest(null, Object(Config\Cache), false)
 6 FCPATH\index.php(67): CodeIgniter\CodeIgniter->run()
 7 SYSTEMPATH\Commands\Server\rewrite.php(43): require_once('FCPATH\\index.php')
CRITICAL - 2022-11-23 00:31:46 --> explode() expects parameter 2 to be string, array given
in APPPATH\Controllers\Tip.php on line 33.
 1 [internal function]: CodeIgniter\Debug\Exceptions->errorHandler(2, 'explode() expects parameter 2 to be string, array given', 'APPPATH\\Controllers\\Tip.php', 33, [...])
 2 APPPATH\Controllers\Tip.php(33): explode(',', [...])
 3 SYSTEMPATH\CodeIgniter.php(904): App\Controllers\Tip->addListTip()
 4 SYSTEMPATH\CodeIgniter.php(457): CodeIgniter\CodeIgniter->runController(Object(App\Controllers\Tip))
 5 SYSTEMPATH\CodeIgniter.php(340): CodeIgniter\CodeIgniter->handleRequest(null, Object(Config\Cache), false)
 6 FCPATH\index.php(67): CodeIgniter\CodeIgniter->run()
 7 SYSTEMPATH\Commands\Server\rewrite.php(43): require_once('FCPATH\\index.php')
CRITICAL - 2022-11-23 00:31:47 --> explode() expects parameter 2 to be string, array given
in APPPATH\Controllers\Tip.php on line 33.
 1 [internal function]: CodeIgniter\Debug\Exceptions->errorHandler(2, 'explode() expects parameter 2 to be string, array given', 'APPPATH\\Controllers\\Tip.php', 33, [...])
 2 APPPATH\Controllers\Tip.php(33): explode(',', [...])
 3 SYSTEMPATH\CodeIgniter.php(904): App\Controllers\Tip->addListTip()
 4 SYSTEMPATH\CodeIgniter.php(457): CodeIgniter\CodeIgniter->runController(Object(App\Controllers\Tip))
 5 SYSTEMPATH\CodeIgniter.php(340): CodeIgniter\CodeIgniter->handleRequest(null, Object(Config\Cache), false)
 6 FCPATH\index.php(67): CodeIgniter\CodeIgniter->run()
 7 SYSTEMPATH\Commands\Server\rewrite.php(43): require_once('FCPATH\\index.php')
CRITICAL - 2022-11-23 00:31:47 --> explode() expects parameter 2 to be string, array given
in APPPATH\Controllers\Tip.php on line 33.
 1 [internal function]: CodeIgniter\Debug\Exceptions->errorHandler(2, 'explode() expects parameter 2 to be string, array given', 'APPPATH\\Controllers\\Tip.php', 33, [...])
 2 APPPATH\Controllers\Tip.php(33): explode(',', [...])
 3 SYSTEMPATH\CodeIgniter.php(904): App\Controllers\Tip->addListTip()
 4 SYSTEMPATH\CodeIgniter.php(457): CodeIgniter\CodeIgniter->runController(Object(App\Controllers\Tip))
 5 SYSTEMPATH\CodeIgniter.php(340): CodeIgniter\CodeIgniter->handleRequest(null, Object(Config\Cache), false)
 6 FCPATH\index.php(67): CodeIgniter\CodeIgniter->run()
 7 SYSTEMPATH\Commands\Server\rewrite.php(43): require_once('FCPATH\\index.php')
CRITICAL - 2022-11-23 00:31:47 --> explode() expects parameter 2 to be string, array given
in APPPATH\Controllers\Tip.php on line 33.
 1 [internal function]: CodeIgniter\Debug\Exceptions->errorHandler(2, 'explode() expects parameter 2 to be string, array given', 'APPPATH\\Controllers\\Tip.php', 33, [...])
 2 APPPATH\Controllers\Tip.php(33): explode(',', [...])
 3 SYSTEMPATH\CodeIgniter.php(904): App\Controllers\Tip->addListTip()
 4 SYSTEMPATH\CodeIgniter.php(457): CodeIgniter\CodeIgniter->runController(Object(App\Controllers\Tip))
 5 SYSTEMPATH\CodeIgniter.php(340): CodeIgniter\CodeIgniter->handleRequest(null, Object(Config\Cache), false)
 6 FCPATH\index.php(67): CodeIgniter\CodeIgniter->run()
 7 SYSTEMPATH\Commands\Server\rewrite.php(43): require_once('FCPATH\\index.php')
CRITICAL - 2022-11-23 00:51:11 --> Undefined variable: schedule_list
in APPPATH\Views\Tip_tracking\list_tip.php on line 39.
 1 APPPATH\Views\Tip_tracking\list_tip.php(39): CodeIgniter\Debug\Exceptions->errorHandler(8, 'Undefined variable: schedule_list', 'APPPATH\\Views\\Tip_tracking\\list_tip.php', 39, [...])
 2 SYSTEMPATH\View\View.php(213): include('APPPATH\\Views\\Tip_tracking\\list_tip.php')
 3 SYSTEMPATH\View\View.php(216): CodeIgniter\View\View->CodeIgniter\View\{closure}()
 4 SYSTEMPATH\Common.php(1137): CodeIgniter\View\View->render('Tip_tracking/list_tip', [], true)
 5 APPPATH\Controllers\Tip.php(27): view('Tip_tracking/list_tip', [...])
 6 SYSTEMPATH\CodeIgniter.php(904): App\Controllers\Tip->viewListTip()
 7 SYSTEMPATH\CodeIgniter.php(457): CodeIgniter\CodeIgniter->runController(Object(App\Controllers\Tip))
 8 SYSTEMPATH\CodeIgniter.php(340): CodeIgniter\CodeIgniter->handleRequest(null, Object(Config\Cache), false)
 9 FCPATH\index.php(67): CodeIgniter\CodeIgniter->run()
10 SYSTEMPATH\Commands\Server\rewrite.php(43): require_once('FCPATH\\index.php')
CRITICAL - 2022-11-23 00:51:23 --> Illegal string offset 'driver'
in APPPATH\Views\Tip_tracking\list_tip.php on line 48.
 1 APPPATH\Views\Tip_tracking\list_tip.php(48): CodeIgniter\Debug\Exceptions->errorHandler(2, 'Illegal string offset \'driver\'', 'APPPATH\\Views\\Tip_tracking\\list_tip.php', 48, [...])
 2 SYSTEMPATH\View\View.php(213): include('APPPATH\\Views\\Tip_tracking\\list_tip.php')
 3 SYSTEMPATH\View\View.php(216): CodeIgniter\View\View->CodeIgniter\View\{closure}()
 4 SYSTEMPATH\Common.php(1137): CodeIgniter\View\View->render('Tip_tracking/list_tip', [], true)
 5 APPPATH\Controllers\Tip.php(27): view('Tip_tracking/list_tip', [...])
 6 SYSTEMPATH\CodeIgniter.php(904): App\Controllers\Tip->viewListTip()
 7 SYSTEMPATH\CodeIgniter.php(457): CodeIgniter\CodeIgniter->runController(Object(App\Controllers\Tip))
 8 SYSTEMPATH\CodeIgniter.php(340): CodeIgniter\CodeIgniter->handleRequest(null, Object(Config\Cache), false)
 9 FCPATH\index.php(67): CodeIgniter\CodeIgniter->run()
10 SYSTEMPATH\Commands\Server\rewrite.php(43): require_once('FCPATH\\index.php')
CRITICAL - 2022-11-23 00:52:45 --> Illegal string offset 'driver'
in APPPATH\Views\Tip_tracking\list_tip.php on line 48.
 1 APPPATH\Views\Tip_tracking\list_tip.php(48): CodeIgniter\Debug\Exceptions->errorHandler(2, 'Illegal string offset \'driver\'', 'APPPATH\\Views\\Tip_tracking\\list_tip.php', 48, [...])
 2 SYSTEMPATH\View\View.php(213): include('APPPATH\\Views\\Tip_tracking\\list_tip.php')
 3 SYSTEMPATH\View\View.php(216): CodeIgniter\View\View->CodeIgniter\View\{closure}()
 4 SYSTEMPATH\Common.php(1137): CodeIgniter\View\View->render('Tip_tracking/list_tip', [], true)
 5 APPPATH\Controllers\Tip.php(27): view('Tip_tracking/list_tip', [...])
 6 SYSTEMPATH\CodeIgniter.php(904): App\Controllers\Tip->viewListTip()
 7 SYSTEMPATH\CodeIgniter.php(457): CodeIgniter\CodeIgniter->runController(Object(App\Controllers\Tip))
 8 SYSTEMPATH\CodeIgniter.php(340): CodeIgniter\CodeIgniter->handleRequest(null, Object(Config\Cache), false)
 9 FCPATH\index.php(67): CodeIgniter\CodeIgniter->run()
10 SYSTEMPATH\Commands\Server\rewrite.php(43): require_once('FCPATH\\index.php')
ERROR - 2022-11-23 00:54:50 --> mysqli_sql_exception: You have an error in your SQL syntax; check the manual that corresponds to your MariaDB server version for the right syntax to use near 'FROM tblmas_tip_tracking ORDER BY driver ASC' at line 1 in C:\xampp\htdocs\tracking\system\Database\MySQLi\Connection.php:292
Stack trace:
#0 C:\xampp\htdocs\tracking\system\Database\MySQLi\Connection.php(292): mysqli->query('SELECT tblmas_t...', 0)
#1 C:\xampp\htdocs\tracking\system\Database\BaseConnection.php(693): CodeIgniter\Database\MySQLi\Connection->execute('SELECT tblmas_t...')
#2 C:\xampp\htdocs\tracking\system\Database\BaseConnection.php(620): CodeIgniter\Database\BaseConnection->simpleQuery('SELECT tblmas_t...')
#3 C:\xampp\htdocs\tracking\app\Models\TipModel.php(15): CodeIgniter\Database\BaseConnection->query('SELECT tblmas_t...')
#4 C:\xampp\htdocs\tracking\app\Controllers\Tip.php(24): App\Models\TipModel->getdataView()
#5 C:\xampp\htdocs\tracking\system\CodeIgniter.php(904): App\Controllers\Tip->viewListTip()
#6 C:\xampp\htdocs\tracking\system\CodeIgniter.php(457): CodeIgniter\CodeIgniter->runController(Object(App\Controllers\Tip))
#7 C:\xampp\htdocs\tracking\system\CodeIgniter.php(340): CodeIgniter\CodeIgniter->handleRequest(NULL, Object(Config\Cache), false)
#8 C:\xampp\htdocs\tracking\public\index.php(67): CodeIgniter\CodeIgniter->run()
#9 C:\xampp\htdocs\tracking\system\Commands\Server\rewrite.php(43): require_once('C:\\xampp\\htdocs...')
#10 {main}
CRITICAL - 2022-11-23 00:54:50 --> You have an error in your SQL syntax; check the manual that corresponds to your MariaDB server version for the right syntax to use near 'FROM tblmas_tip_tracking ORDER BY driver ASC' at line 1
in SYSTEMPATH\Database\MySQLi\Connection.php on line 292.
 1 SYSTEMPATH\Database\MySQLi\Connection.php(292): mysqli->query('SELECT tblmas_tip_tracking.*,  FROM tblmas_tip_tracking ORDER BY driver ASC', 0)
 2 SYSTEMPATH\Database\BaseConnection.php(693): CodeIgniter\Database\MySQLi\Connection->execute('SELECT tblmas_tip_tracking.*,  FROM tblmas_tip_tracking ORDER BY driver ASC')
 3 SYSTEMPATH\Database\BaseConnection.php(620): CodeIgniter\Database\BaseConnection->simpleQuery('SELECT tblmas_tip_tracking.*,  FROM tblmas_tip_tracking ORDER BY driver ASC')
 4 APPPATH\Models\TipModel.php(15): CodeIgniter\Database\BaseConnection->query('SELECT tblmas_tip_tracking.*,  FROM tblmas_tip_tracking ORDER BY driver ASC')
 5 APPPATH\Controllers\Tip.php(24): App\Models\TipModel->getdataView()
 6 SYSTEMPATH\CodeIgniter.php(904): App\Controllers\Tip->viewListTip()
 7 SYSTEMPATH\CodeIgniter.php(457): CodeIgniter\CodeIgniter->runController(Object(App\Controllers\Tip))
 8 SYSTEMPATH\CodeIgniter.php(340): CodeIgniter\CodeIgniter->handleRequest(null, Object(Config\Cache), false)
 9 FCPATH\index.php(67): CodeIgniter\CodeIgniter->run()
10 SYSTEMPATH\Commands\Server\rewrite.php(43): require_once('FCPATH\\index.php')
CRITICAL - 2022-11-23 00:55:00 --> Undefined index: id
in APPPATH\Views\Tip_tracking\list_tip.php on line 213.
 1 APPPATH\Views\Tip_tracking\list_tip.php(213): CodeIgniter\Debug\Exceptions->errorHandler(8, 'Undefined index: id', 'APPPATH\\Views\\Tip_tracking\\list_tip.php', 213, [...])
 2 SYSTEMPATH\View\View.php(213): include('APPPATH\\Views\\Tip_tracking\\list_tip.php')
 3 SYSTEMPATH\View\View.php(216): CodeIgniter\View\View->CodeIgniter\View\{closure}()
 4 SYSTEMPATH\Common.php(1137): CodeIgniter\View\View->render('Tip_tracking/list_tip', [], true)
 5 APPPATH\Controllers\Tip.php(27): view('Tip_tracking/list_tip', [...])
 6 SYSTEMPATH\CodeIgniter.php(904): App\Controllers\Tip->viewListTip()
 7 SYSTEMPATH\CodeIgniter.php(457): CodeIgniter\CodeIgniter->runController(Object(App\Controllers\Tip))
 8 SYSTEMPATH\CodeIgniter.php(340): CodeIgniter\CodeIgniter->handleRequest(null, Object(Config\Cache), false)
 9 FCPATH\index.php(67): CodeIgniter\CodeIgniter->run()
10 SYSTEMPATH\Commands\Server\rewrite.php(43): require_once('FCPATH\\index.php')
CRITICAL - 2022-11-23 01:14:58 --> Illegal string offset 'driver'
in APPPATH\Views\Tip_tracking\list_tip.php on line 48.
 1 APPPATH\Views\Tip_tracking\list_tip.php(48): CodeIgniter\Debug\Exceptions->errorHandler(2, 'Illegal string offset \'driver\'', 'APPPATH\\Views\\Tip_tracking\\list_tip.php', 48, [...])
 2 SYSTEMPATH\View\View.php(213): include('APPPATH\\Views\\Tip_tracking\\list_tip.php')
 3 SYSTEMPATH\View\View.php(216): CodeIgniter\View\View->CodeIgniter\View\{closure}()
 4 SYSTEMPATH\Common.php(1137): CodeIgniter\View\View->render('Tip_tracking/list_tip', [], true)
 5 APPPATH\Controllers\Tip.php(27): view('Tip_tracking/list_tip', [...])
 6 SYSTEMPATH\CodeIgniter.php(904): App\Controllers\Tip->viewListTip()
 7 SYSTEMPATH\CodeIgniter.php(457): CodeIgniter\CodeIgniter->runController(Object(App\Controllers\Tip))
 8 SYSTEMPATH\CodeIgniter.php(340): CodeIgniter\CodeIgniter->handleRequest(null, Object(Config\Cache), false)
 9 FCPATH\index.php(67): CodeIgniter\CodeIgniter->run()
10 SYSTEMPATH\Commands\Server\rewrite.php(43): require_once('FCPATH\\index.php')
CRITICAL - 2022-11-23 01:18:01 --> A non well formed numeric value encountered
in APPPATH\Views\Tip_tracking\list_tip.php on line 78.
 1 APPPATH\Views\Tip_tracking\list_tip.php(78): CodeIgniter\Debug\Exceptions->errorHandler(8, 'A non well formed numeric value encountered', 'APPPATH\\Views\\Tip_tracking\\list_tip.php', 78, [...])
 2 SYSTEMPATH\View\View.php(213): include('APPPATH\\Views\\Tip_tracking\\list_tip.php')
 3 SYSTEMPATH\View\View.php(216): CodeIgniter\View\View->CodeIgniter\View\{closure}()
 4 SYSTEMPATH\Common.php(1137): CodeIgniter\View\View->render('Tip_tracking/list_tip', [], true)
 5 APPPATH\Controllers\Tip.php(27): view('Tip_tracking/list_tip', [...])
 6 SYSTEMPATH\CodeIgniter.php(904): App\Controllers\Tip->viewListTip()
 7 SYSTEMPATH\CodeIgniter.php(457): CodeIgniter\CodeIgniter->runController(Object(App\Controllers\Tip))
 8 SYSTEMPATH\CodeIgniter.php(340): CodeIgniter\CodeIgniter->handleRequest(null, Object(Config\Cache), false)
 9 FCPATH\index.php(67): CodeIgniter\CodeIgniter->run()
10 SYSTEMPATH\Commands\Server\rewrite.php(43): require_once('FCPATH\\index.php')
CRITICAL - 2022-11-23 01:19:30 --> A non well formed numeric value encountered
in APPPATH\Views\Tip_tracking\list_tip.php on line 78.
 1 APPPATH\Views\Tip_tracking\list_tip.php(78): CodeIgniter\Debug\Exceptions->errorHandler(8, 'A non well formed numeric value encountered', 'APPPATH\\Views\\Tip_tracking\\list_tip.php', 78, [...])
 2 SYSTEMPATH\View\View.php(213): include('APPPATH\\Views\\Tip_tracking\\list_tip.php')
 3 SYSTEMPATH\View\View.php(216): CodeIgniter\View\View->CodeIgniter\View\{closure}()
 4 SYSTEMPATH\Common.php(1137): CodeIgniter\View\View->render('Tip_tracking/list_tip', [], true)
 5 APPPATH\Controllers\Tip.php(27): view('Tip_tracking/list_tip', [...])
 6 SYSTEMPATH\CodeIgniter.php(904): App\Controllers\Tip->viewListTip()
 7 SYSTEMPATH\CodeIgniter.php(457): CodeIgniter\CodeIgniter->runController(Object(App\Controllers\Tip))
 8 SYSTEMPATH\CodeIgniter.php(340): CodeIgniter\CodeIgniter->handleRequest(null, Object(Config\Cache), false)
 9 FCPATH\index.php(67): CodeIgniter\CodeIgniter->run()
10 SYSTEMPATH\Commands\Server\rewrite.php(43): require_once('FCPATH\\index.php')
CRITICAL - 2022-11-23 01:19:31 --> A non well formed numeric value encountered
in APPPATH\Views\Tip_tracking\list_tip.php on line 78.
 1 APPPATH\Views\Tip_tracking\list_tip.php(78): CodeIgniter\Debug\Exceptions->errorHandler(8, 'A non well formed numeric value encountered', 'APPPATH\\Views\\Tip_tracking\\list_tip.php', 78, [...])
 2 SYSTEMPATH\View\View.php(213): include('APPPATH\\Views\\Tip_tracking\\list_tip.php')
 3 SYSTEMPATH\View\View.php(216): CodeIgniter\View\View->CodeIgniter\View\{closure}()
 4 SYSTEMPATH\Common.php(1137): CodeIgniter\View\View->render('Tip_tracking/list_tip', [], true)
 5 APPPATH\Controllers\Tip.php(27): view('Tip_tracking/list_tip', [...])
 6 SYSTEMPATH\CodeIgniter.php(904): App\Controllers\Tip->viewListTip()
 7 SYSTEMPATH\CodeIgniter.php(457): CodeIgniter\CodeIgniter->runController(Object(App\Controllers\Tip))
 8 SYSTEMPATH\CodeIgniter.php(340): CodeIgniter\CodeIgniter->handleRequest(null, Object(Config\Cache), false)
 9 FCPATH\index.php(67): CodeIgniter\CodeIgniter->run()
10 SYSTEMPATH\Commands\Server\rewrite.php(43): require_once('FCPATH\\index.php')
CRITICAL - 2022-11-23 01:29:03 --> Undefined variable: data
in APPPATH\Models\TipModel.php on line 12.
 1 APPPATH\Models\TipModel.php(12): CodeIgniter\Debug\Exceptions->errorHandler(8, 'Undefined variable: data', 'APPPATH\\Models\\TipModel.php', 12, [...])
 2 APPPATH\Controllers\Tip.php(24): App\Models\TipModel->getdataView()
 3 SYSTEMPATH\CodeIgniter.php(904): App\Controllers\Tip->viewListTip()
 4 SYSTEMPATH\CodeIgniter.php(457): CodeIgniter\CodeIgniter->runController(Object(App\Controllers\Tip))
 5 SYSTEMPATH\CodeIgniter.php(340): CodeIgniter\CodeIgniter->handleRequest(null, Object(Config\Cache), false)
 6 FCPATH\index.php(67): CodeIgniter\CodeIgniter->run()
 7 SYSTEMPATH\Commands\Server\rewrite.php(43): require_once('FCPATH\\index.php')
CRITICAL - 2022-11-23 01:37:48 --> Undefined index: customerName
in APPPATH\Views\Tip_tracking\list_tip.php on line 61.
 1 APPPATH\Views\Tip_tracking\list_tip.php(61): CodeIgniter\Debug\Exceptions->errorHandler(8, 'Undefined index: customerName', 'APPPATH\\Views\\Tip_tracking\\list_tip.php', 61, [...])
 2 SYSTEMPATH\View\View.php(213): include('APPPATH\\Views\\Tip_tracking\\list_tip.php')
 3 SYSTEMPATH\View\View.php(216): CodeIgniter\View\View->CodeIgniter\View\{closure}()
 4 SYSTEMPATH\Common.php(1137): CodeIgniter\View\View->render('Tip_tracking/list_tip', [], true)
 5 APPPATH\Controllers\Tip.php(27): view('Tip_tracking/list_tip', [...])
 6 SYSTEMPATH\CodeIgniter.php(904): App\Controllers\Tip->viewListTip()
 7 SYSTEMPATH\CodeIgniter.php(457): CodeIgniter\CodeIgniter->runController(Object(App\Controllers\Tip))
 8 SYSTEMPATH\CodeIgniter.php(340): CodeIgniter\CodeIgniter->handleRequest(null, Object(Config\Cache), false)
 9 FCPATH\index.php(67): CodeIgniter\CodeIgniter->run()
10 SYSTEMPATH\Commands\Server\rewrite.php(43): require_once('FCPATH\\index.php')
CRITICAL - 2022-11-23 01:38:21 --> Undefined variable: total_value
in APPPATH\Views\Tip_tracking\list_tip.php on line 83.
 1 APPPATH\Views\Tip_tracking\list_tip.php(83): CodeIgniter\Debug\Exceptions->errorHandler(8, 'Undefined variable: total_value', 'APPPATH\\Views\\Tip_tracking\\list_tip.php', 83, [...])
 2 SYSTEMPATH\View\View.php(213): include('APPPATH\\Views\\Tip_tracking\\list_tip.php')
 3 SYSTEMPATH\View\View.php(216): CodeIgniter\View\View->CodeIgniter\View\{closure}()
 4 SYSTEMPATH\Common.php(1137): CodeIgniter\View\View->render('Tip_tracking/list_tip', [], true)
 5 APPPATH\Controllers\Tip.php(27): view('Tip_tracking/list_tip', [...])
 6 SYSTEMPATH\CodeIgniter.php(904): App\Controllers\Tip->viewListTip()
 7 SYSTEMPATH\CodeIgniter.php(457): CodeIgniter\CodeIgniter->runController(Object(App\Controllers\Tip))
 8 SYSTEMPATH\CodeIgniter.php(340): CodeIgniter\CodeIgniter->handleRequest(null, Object(Config\Cache), false)
 9 FCPATH\index.php(67): CodeIgniter\CodeIgniter->run()
10 SYSTEMPATH\Commands\Server\rewrite.php(43): require_once('FCPATH\\index.php')
CRITICAL - 2022-11-23 01:39:05 --> Undefined variable: total_value
in APPPATH\Views\Tip_tracking\list_tip.php on line 71.
 1 APPPATH\Views\Tip_tracking\list_tip.php(71): CodeIgniter\Debug\Exceptions->errorHandler(8, 'Undefined variable: total_value', 'APPPATH\\Views\\Tip_tracking\\list_tip.php', 71, [...])
 2 SYSTEMPATH\View\View.php(213): include('APPPATH\\Views\\Tip_tracking\\list_tip.php')
 3 SYSTEMPATH\View\View.php(216): CodeIgniter\View\View->CodeIgniter\View\{closure}()
 4 SYSTEMPATH\Common.php(1137): CodeIgniter\View\View->render('Tip_tracking/list_tip', [], true)
 5 APPPATH\Controllers\Tip.php(27): view('Tip_tracking/list_tip', [...])
 6 SYSTEMPATH\CodeIgniter.php(904): App\Controllers\Tip->viewListTip()
 7 SYSTEMPATH\CodeIgniter.php(457): CodeIgniter\CodeIgniter->runController(Object(App\Controllers\Tip))
 8 SYSTEMPATH\CodeIgniter.php(340): CodeIgniter\CodeIgniter->handleRequest(null, Object(Config\Cache), false)
 9 FCPATH\index.php(67): CodeIgniter\CodeIgniter->run()
10 SYSTEMPATH\Commands\Server\rewrite.php(43): require_once('FCPATH\\index.php')
CRITICAL - 2022-11-23 01:39:17 --> Undefined index: customerName
in APPPATH\Views\Tip_tracking\list_tip.php on line 223.
 1 APPPATH\Views\Tip_tracking\list_tip.php(223): CodeIgniter\Debug\Exceptions->errorHandler(8, 'Undefined index: customerName', 'APPPATH\\Views\\Tip_tracking\\list_tip.php', 223, [...])
 2 SYSTEMPATH\View\View.php(213): include('APPPATH\\Views\\Tip_tracking\\list_tip.php')
 3 SYSTEMPATH\View\View.php(216): CodeIgniter\View\View->CodeIgniter\View\{closure}()
 4 SYSTEMPATH\Common.php(1137): CodeIgniter\View\View->render('Tip_tracking/list_tip', [], true)
 5 APPPATH\Controllers\Tip.php(27): view('Tip_tracking/list_tip', [...])
 6 SYSTEMPATH\CodeIgniter.php(904): App\Controllers\Tip->viewListTip()
 7 SYSTEMPATH\CodeIgniter.php(457): CodeIgniter\CodeIgniter->runController(Object(App\Controllers\Tip))
 8 SYSTEMPATH\CodeIgniter.php(340): CodeIgniter\CodeIgniter->handleRequest(null, Object(Config\Cache), false)
 9 FCPATH\index.php(67): CodeIgniter\CodeIgniter->run()
10 SYSTEMPATH\Commands\Server\rewrite.php(43): require_once('FCPATH\\index.php')
CRITICAL - 2022-11-23 01:39:47 --> Undefined index: customerName
in APPPATH\Views\Tip_tracking\list_tip.php on line 223.
 1 APPPATH\Views\Tip_tracking\list_tip.php(223): CodeIgniter\Debug\Exceptions->errorHandler(8, 'Undefined index: customerName', 'APPPATH\\Views\\Tip_tracking\\list_tip.php', 223, [...])
 2 SYSTEMPATH\View\View.php(213): include('APPPATH\\Views\\Tip_tracking\\list_tip.php')
 3 SYSTEMPATH\View\View.php(216): CodeIgniter\View\View->CodeIgniter\View\{closure}()
 4 SYSTEMPATH\Common.php(1137): CodeIgniter\View\View->render('Tip_tracking/list_tip', [], true)
 5 APPPATH\Controllers\Tip.php(27): view('Tip_tracking/list_tip', [...])
 6 SYSTEMPATH\CodeIgniter.php(904): App\Controllers\Tip->viewListTip()
 7 SYSTEMPATH\CodeIgniter.php(457): CodeIgniter\CodeIgniter->runController(Object(App\Controllers\Tip))
 8 SYSTEMPATH\CodeIgniter.php(340): CodeIgniter\CodeIgniter->handleRequest(null, Object(Config\Cache), false)
 9 FCPATH\index.php(67): CodeIgniter\CodeIgniter->run()
10 SYSTEMPATH\Commands\Server\rewrite.php(43): require_once('FCPATH\\index.php')
CRITICAL - 2022-11-23 01:39:55 --> Undefined index: customerName
in APPPATH\Views\Tip_tracking\list_tip.php on line 334.
 1 APPPATH\Views\Tip_tracking\list_tip.php(334): CodeIgniter\Debug\Exceptions->errorHandler(8, 'Undefined index: customerName', 'APPPATH\\Views\\Tip_tracking\\list_tip.php', 334, [...])
 2 SYSTEMPATH\View\View.php(213): include('APPPATH\\Views\\Tip_tracking\\list_tip.php')
 3 SYSTEMPATH\View\View.php(216): CodeIgniter\View\View->CodeIgniter\View\{closure}()
 4 SYSTEMPATH\Common.php(1137): CodeIgniter\View\View->render('Tip_tracking/list_tip', [], true)
 5 APPPATH\Controllers\Tip.php(27): view('Tip_tracking/list_tip', [...])
 6 SYSTEMPATH\CodeIgniter.php(904): App\Controllers\Tip->viewListTip()
 7 SYSTEMPATH\CodeIgniter.php(457): CodeIgniter\CodeIgniter->runController(Object(App\Controllers\Tip))
 8 SYSTEMPATH\CodeIgniter.php(340): CodeIgniter\CodeIgniter->handleRequest(null, Object(Config\Cache), false)
 9 FCPATH\index.php(67): CodeIgniter\CodeIgniter->run()
10 SYSTEMPATH\Commands\Server\rewrite.php(43): require_once('FCPATH\\index.php')
CRITICAL - 2022-11-23 20:41:25 --> Undefined index: customerName
in APPPATH\Views\Tip_tracking\list_tip.php on line 58.
 1 APPPATH\Views\Tip_tracking\list_tip.php(58): CodeIgniter\Debug\Exceptions->errorHandler(8, 'Undefined index: customerName', 'APPPATH\\Views\\Tip_tracking\\list_tip.php', 58, [...])
 2 SYSTEMPATH\View\View.php(213): include('APPPATH\\Views\\Tip_tracking\\list_tip.php')
 3 SYSTEMPATH\View\View.php(216): CodeIgniter\View\View->CodeIgniter\View\{closure}()
 4 SYSTEMPATH\Common.php(1137): CodeIgniter\View\View->render('Tip_tracking/list_tip', [], true)
 5 APPPATH\Controllers\Tip.php(27): view('Tip_tracking/list_tip', [...])
 6 SYSTEMPATH\CodeIgniter.php(904): App\Controllers\Tip->viewListTip()
 7 SYSTEMPATH\CodeIgniter.php(457): CodeIgniter\CodeIgniter->runController(Object(App\Controllers\Tip))
 8 SYSTEMPATH\CodeIgniter.php(340): CodeIgniter\CodeIgniter->handleRequest(null, Object(Config\Cache), false)
 9 FCPATH\index.php(67): CodeIgniter\CodeIgniter->run()
10 SYSTEMPATH\Commands\Server\rewrite.php(43): require_once('FCPATH\\index.php')
CRITICAL - 2022-11-23 20:41:50 --> Undefined index: customerName
in APPPATH\Views\Tip_tracking\list_tip.php on line 58.
 1 APPPATH\Views\Tip_tracking\list_tip.php(58): CodeIgniter\Debug\Exceptions->errorHandler(8, 'Undefined index: customerName', 'APPPATH\\Views\\Tip_tracking\\list_tip.php', 58, [...])
 2 SYSTEMPATH\View\View.php(213): include('APPPATH\\Views\\Tip_tracking\\list_tip.php')
 3 SYSTEMPATH\View\View.php(216): CodeIgniter\View\View->CodeIgniter\View\{closure}()
 4 SYSTEMPATH\Common.php(1137): CodeIgniter\View\View->render('Tip_tracking/list_tip', [], true)
 5 APPPATH\Controllers\Tip.php(27): view('Tip_tracking/list_tip', [...])
 6 SYSTEMPATH\CodeIgniter.php(904): App\Controllers\Tip->viewListTip()
 7 SYSTEMPATH\CodeIgniter.php(457): CodeIgniter\CodeIgniter->runController(Object(App\Controllers\Tip))
 8 SYSTEMPATH\CodeIgniter.php(340): CodeIgniter\CodeIgniter->handleRequest(null, Object(Config\Cache), false)
 9 FCPATH\index.php(67): CodeIgniter\CodeIgniter->run()
10 SYSTEMPATH\Commands\Server\rewrite.php(43): require_once('FCPATH\\index.php')
CRITICAL - 2022-11-23 20:43:42 --> array_push() expects parameter 1 to be array, null given
in APPPATH\Models\TipModel.php on line 19.
 1 [internal function]: CodeIgniter\Debug\Exceptions->errorHandler(2, 'array_push() expects parameter 1 to be array, null given', 'APPPATH\\Models\\TipModel.php', 19, [...])
 2 APPPATH\Models\TipModel.php(19): array_push(null, [...])
 3 APPPATH\Controllers\Tip.php(24): App\Models\TipModel->getdataView()
 4 SYSTEMPATH\CodeIgniter.php(904): App\Controllers\Tip->viewListTip()
 5 SYSTEMPATH\CodeIgniter.php(457): CodeIgniter\CodeIgniter->runController(Object(App\Controllers\Tip))
 6 SYSTEMPATH\CodeIgniter.php(340): CodeIgniter\CodeIgniter->handleRequest(null, Object(Config\Cache), false)
 7 FCPATH\index.php(67): CodeIgniter\CodeIgniter->run()
 8 SYSTEMPATH\Commands\Server\rewrite.php(43): require_once('FCPATH\\index.php')
CRITICAL - 2022-11-23 20:44:20 --> Only variables should be passed by reference
in APPPATH\Models\TipModel.php on line 19.
 1 APPPATH\Models\TipModel.php(19): CodeIgniter\Debug\Exceptions->errorHandler(8, 'Only variables should be passed by reference', 'APPPATH\\Models\\TipModel.php', 19, [...])
 2 APPPATH\Controllers\Tip.php(24): App\Models\TipModel->getdataView()
 3 SYSTEMPATH\CodeIgniter.php(904): App\Controllers\Tip->viewListTip()
 4 SYSTEMPATH\CodeIgniter.php(457): CodeIgniter\CodeIgniter->runController(Object(App\Controllers\Tip))
 5 SYSTEMPATH\CodeIgniter.php(340): CodeIgniter\CodeIgniter->handleRequest(null, Object(Config\Cache), false)
 6 FCPATH\index.php(67): CodeIgniter\CodeIgniter->run()
 7 SYSTEMPATH\Commands\Server\rewrite.php(43): require_once('FCPATH\\index.php')
CRITICAL - 2022-11-23 20:45:57 --> Invalid argument supplied for foreach()
in APPPATH\Views\Tip_tracking\list_tip.php on line 39.
 1 APPPATH\Views\Tip_tracking\list_tip.php(39): CodeIgniter\Debug\Exceptions->errorHandler(2, 'Invalid argument supplied for foreach()', 'APPPATH\\Views\\Tip_tracking\\list_tip.php', 39, [...])
 2 SYSTEMPATH\View\View.php(213): include('APPPATH\\Views\\Tip_tracking\\list_tip.php')
 3 SYSTEMPATH\View\View.php(216): CodeIgniter\View\View->CodeIgniter\View\{closure}()
 4 SYSTEMPATH\Common.php(1137): CodeIgniter\View\View->render('Tip_tracking/list_tip', [], true)
 5 APPPATH\Controllers\Tip.php(27): view('Tip_tracking/list_tip', [...])
 6 SYSTEMPATH\CodeIgniter.php(904): App\Controllers\Tip->viewListTip()
 7 SYSTEMPATH\CodeIgniter.php(457): CodeIgniter\CodeIgniter->runController(Object(App\Controllers\Tip))
 8 SYSTEMPATH\CodeIgniter.php(340): CodeIgniter\CodeIgniter->handleRequest(null, Object(Config\Cache), false)
 9 FCPATH\index.php(67): CodeIgniter\CodeIgniter->run()
10 SYSTEMPATH\Commands\Server\rewrite.php(43): require_once('FCPATH\\index.php')
CRITICAL - 2022-11-23 20:46:31 --> Only variables should be passed by reference
in APPPATH\Models\TipModel.php on line 21.
 1 APPPATH\Models\TipModel.php(21): CodeIgniter\Debug\Exceptions->errorHandler(8, 'Only variables should be passed by reference', 'APPPATH\\Models\\TipModel.php', 21, [...])
 2 APPPATH\Controllers\Tip.php(24): App\Models\TipModel->getdataView()
 3 SYSTEMPATH\CodeIgniter.php(904): App\Controllers\Tip->viewListTip()
 4 SYSTEMPATH\CodeIgniter.php(457): CodeIgniter\CodeIgniter->runController(Object(App\Controllers\Tip))
 5 SYSTEMPATH\CodeIgniter.php(340): CodeIgniter\CodeIgniter->handleRequest(null, Object(Config\Cache), false)
 6 FCPATH\index.php(67): CodeIgniter\CodeIgniter->run()
 7 SYSTEMPATH\Commands\Server\rewrite.php(43): require_once('FCPATH\\index.php')
CRITICAL - 2022-11-23 20:48:18 --> Undefined index: customerName
in APPPATH\Views\Tip_tracking\list_tip.php on line 58.
 1 APPPATH\Views\Tip_tracking\list_tip.php(58): CodeIgniter\Debug\Exceptions->errorHandler(8, 'Undefined index: customerName', 'APPPATH\\Views\\Tip_tracking\\list_tip.php', 58, [...])
 2 SYSTEMPATH\View\View.php(213): include('APPPATH\\Views\\Tip_tracking\\list_tip.php')
 3 SYSTEMPATH\View\View.php(216): CodeIgniter\View\View->CodeIgniter\View\{closure}()
 4 SYSTEMPATH\Common.php(1137): CodeIgniter\View\View->render('Tip_tracking/list_tip', [], true)
 5 APPPATH\Controllers\Tip.php(27): view('Tip_tracking/list_tip', [...])
 6 SYSTEMPATH\CodeIgniter.php(904): App\Controllers\Tip->viewListTip()
 7 SYSTEMPATH\CodeIgniter.php(457): CodeIgniter\CodeIgniter->runController(Object(App\Controllers\Tip))
 8 SYSTEMPATH\CodeIgniter.php(340): CodeIgniter\CodeIgniter->handleRequest(null, Object(Config\Cache), false)
 9 FCPATH\index.php(67): CodeIgniter\CodeIgniter->run()
10 SYSTEMPATH\Commands\Server\rewrite.php(43): require_once('FCPATH\\index.php')
CRITICAL - 2022-11-23 20:55:13 --> Undefined index: customername
in APPPATH\Views\Tip_tracking\list_tip.php on line 58.
 1 APPPATH\Views\Tip_tracking\list_tip.php(58): CodeIgniter\Debug\Exceptions->errorHandler(8, 'Undefined index: customername', 'APPPATH\\Views\\Tip_tracking\\list_tip.php', 58, [...])
 2 SYSTEMPATH\View\View.php(213): include('APPPATH\\Views\\Tip_tracking\\list_tip.php')
 3 SYSTEMPATH\View\View.php(216): CodeIgniter\View\View->CodeIgniter\View\{closure}()
 4 SYSTEMPATH\Common.php(1137): CodeIgniter\View\View->render('Tip_tracking/list_tip', [], true)
 5 APPPATH\Controllers\Tip.php(27): view('Tip_tracking/list_tip', [...])
 6 SYSTEMPATH\CodeIgniter.php(904): App\Controllers\Tip->viewListTip()
 7 SYSTEMPATH\CodeIgniter.php(457): CodeIgniter\CodeIgniter->runController(Object(App\Controllers\Tip))
 8 SYSTEMPATH\CodeIgniter.php(340): CodeIgniter\CodeIgniter->handleRequest(null, Object(Config\Cache), false)
 9 FCPATH\index.php(67): CodeIgniter\CodeIgniter->run()
10 SYSTEMPATH\Commands\Server\rewrite.php(43): require_once('FCPATH\\index.php')
CRITICAL - 2022-11-23 20:55:48 --> Undefined index: customername
in APPPATH\Views\Tip_tracking\list_tip.php on line 58.
 1 APPPATH\Views\Tip_tracking\list_tip.php(58): CodeIgniter\Debug\Exceptions->errorHandler(8, 'Undefined index: customername', 'APPPATH\\Views\\Tip_tracking\\list_tip.php', 58, [...])
 2 SYSTEMPATH\View\View.php(213): include('APPPATH\\Views\\Tip_tracking\\list_tip.php')
 3 SYSTEMPATH\View\View.php(216): CodeIgniter\View\View->CodeIgniter\View\{closure}()
 4 SYSTEMPATH\Common.php(1137): CodeIgniter\View\View->render('Tip_tracking/list_tip', [], true)
 5 APPPATH\Controllers\Tip.php(27): view('Tip_tracking/list_tip', [...])
 6 SYSTEMPATH\CodeIgniter.php(904): App\Controllers\Tip->viewListTip()
 7 SYSTEMPATH\CodeIgniter.php(457): CodeIgniter\CodeIgniter->runController(Object(App\Controllers\Tip))
 8 SYSTEMPATH\CodeIgniter.php(340): CodeIgniter\CodeIgniter->handleRequest(null, Object(Config\Cache), false)
 9 FCPATH\index.php(67): CodeIgniter\CodeIgniter->run()
10 SYSTEMPATH\Commands\Server\rewrite.php(43): require_once('FCPATH\\index.php')
ERROR - 2022-11-23 20:59:51 --> mysqli_sql_exception: You have an error in your SQL syntax; check the manual that corresponds to your MariaDB server version for the right syntax to use near 'FROM tblmas_tip_tracking
       
                        JOIN tbltrn_do1 ON...' at line 2 in C:\xampp\htdocs\tracking\system\Database\MySQLi\Connection.php:292
Stack trace:
#0 C:\xampp\htdocs\tracking\system\Database\MySQLi\Connection.php(292): mysqli->query('SELECT tblmas_t...', 0)
#1 C:\xampp\htdocs\tracking\system\Database\BaseConnection.php(693): CodeIgniter\Database\MySQLi\Connection->execute('SELECT tblmas_t...')
#2 C:\xampp\htdocs\tracking\system\Database\BaseConnection.php(620): CodeIgniter\Database\BaseConnection->simpleQuery('SELECT tblmas_t...')
#3 C:\xampp\htdocs\tracking\app\Models\TipModel.php(19): CodeIgniter\Database\BaseConnection->query('SELECT tblmas_t...')
#4 C:\xampp\htdocs\tracking\app\Controllers\Tip.php(24): App\Models\TipModel->getdataView()
#5 C:\xampp\htdocs\tracking\system\CodeIgniter.php(904): App\Controllers\Tip->viewListTip()
#6 C:\xampp\htdocs\tracking\system\CodeIgniter.php(457): CodeIgniter\CodeIgniter->runController(Object(App\Controllers\Tip))
#7 C:\xampp\htdocs\tracking\system\CodeIgniter.php(340): CodeIgniter\CodeIgniter->handleRequest(NULL, Object(Config\Cache), false)
#8 C:\xampp\htdocs\tracking\public\index.php(67): CodeIgniter\CodeIgniter->run()
#9 C:\xampp\htdocs\tracking\system\Commands\Server\rewrite.php(43): require_once('C:\\xampp\\htdocs...')
#10 {main}
CRITICAL - 2022-11-23 20:59:51 --> You have an error in your SQL syntax; check the manual that corresponds to your MariaDB server version for the right syntax to use near 'FROM tblmas_tip_tracking
       
                        JOIN tbltrn_do1 ON...' at line 2
in SYSTEMPATH\Database\MySQLi\Connection.php on line 292.
 1 SYSTEMPATH\Database\MySQLi\Connection.php(292): mysqli->query('SELECT tblmas_tip_tracking.* , GROUP_CONCAT(DISTINCT tblmas_customer.customername) AS
                    FROM tblmas_tip_tracking
       
                        JOIN tbltrn_do1 ON FIND_IN_SET(tbltrn_do1.dono, tblmas_tip_tracking.dono)
                        JOIN tblmas_customer ON tbltrn_do1.idcustomer = tblmas_customer.idcustomer
                        ORDER BY tblmas_tip_tracking.driver ASC', 0)
 2 SYSTEMPATH\Database\BaseConnection.php(693): CodeIgniter\Database\MySQLi\Connection->execute('SELECT tblmas_tip_tracking.* , GROUP_CONCAT(DISTINCT tblmas_customer.customername) AS
                    FROM tblmas_tip_tracking
       
                        JOIN tbltrn_do1 ON FIND_IN_SET(tbltrn_do1.dono, tblmas_tip_tracking.dono)
                        JOIN tblmas_customer ON tbltrn_do1.idcustomer = tblmas_customer.idcustomer
                        ORDER BY tblmas_tip_tracking.driver ASC')
 3 SYSTEMPATH\Database\BaseConnection.php(620): CodeIgniter\Database\BaseConnection->simpleQuery('SELECT tblmas_tip_tracking.* , GROUP_CONCAT(DISTINCT tblmas_customer.customername) AS
                    FROM tblmas_tip_tracking
       
                        JOIN tbltrn_do1 ON FIND_IN_SET(tbltrn_do1.dono, tblmas_tip_tracking.dono)
                        JOIN tblmas_customer ON tbltrn_do1.idcustomer = tblmas_customer.idcustomer
                        ORDER BY tblmas_tip_tracking.driver ASC')
 4 APPPATH\Models\TipModel.php(19): CodeIgniter\Database\BaseConnection->query('SELECT tblmas_tip_tracking.* , GROUP_CONCAT(DISTINCT tblmas_customer.customername) AS
                    FROM tblmas_tip_tracking
       
                        JOIN tbltrn_do1 ON FIND_IN_SET(tbltrn_do1.dono, tblmas_tip_tracking.dono)
                        JOIN tblmas_customer ON tbltrn_do1.idcustomer = tblmas_customer.idcustomer
                        ORDER BY tblmas_tip_tracking.driver ASC')
 5 APPPATH\Controllers\Tip.php(24): App\Models\TipModel->getdataView()
 6 SYSTEMPATH\CodeIgniter.php(904): App\Controllers\Tip->viewListTip()
 7 SYSTEMPATH\CodeIgniter.php(457): CodeIgniter\CodeIgniter->runController(Object(App\Controllers\Tip))
 8 SYSTEMPATH\CodeIgniter.php(340): CodeIgniter\CodeIgniter->handleRequest(null, Object(Config\Cache), false)
 9 FCPATH\index.php(67): CodeIgniter\CodeIgniter->run()
10 SYSTEMPATH\Commands\Server\rewrite.php(43): require_once('FCPATH\\index.php')
ERROR - 2022-11-23 20:59:52 --> mysqli_sql_exception: You have an error in your SQL syntax; check the manual that corresponds to your MariaDB server version for the right syntax to use near 'FROM tblmas_tip_tracking
       
                        JOIN tbltrn_do1 ON...' at line 2 in C:\xampp\htdocs\tracking\system\Database\MySQLi\Connection.php:292
Stack trace:
#0 C:\xampp\htdocs\tracking\system\Database\MySQLi\Connection.php(292): mysqli->query('SELECT tblmas_t...', 0)
#1 C:\xampp\htdocs\tracking\system\Database\BaseConnection.php(693): CodeIgniter\Database\MySQLi\Connection->execute('SELECT tblmas_t...')
#2 C:\xampp\htdocs\tracking\system\Database\BaseConnection.php(620): CodeIgniter\Database\BaseConnection->simpleQuery('SELECT tblmas_t...')
#3 C:\xampp\htdocs\tracking\app\Models\TipModel.php(19): CodeIgniter\Database\BaseConnection->query('SELECT tblmas_t...')
#4 C:\xampp\htdocs\tracking\app\Controllers\Tip.php(24): App\Models\TipModel->getdataView()
#5 C:\xampp\htdocs\tracking\system\CodeIgniter.php(904): App\Controllers\Tip->viewListTip()
#6 C:\xampp\htdocs\tracking\system\CodeIgniter.php(457): CodeIgniter\CodeIgniter->runController(Object(App\Controllers\Tip))
#7 C:\xampp\htdocs\tracking\system\CodeIgniter.php(340): CodeIgniter\CodeIgniter->handleRequest(NULL, Object(Config\Cache), false)
#8 C:\xampp\htdocs\tracking\public\index.php(67): CodeIgniter\CodeIgniter->run()
#9 C:\xampp\htdocs\tracking\system\Commands\Server\rewrite.php(43): require_once('C:\\xampp\\htdocs...')
#10 {main}
CRITICAL - 2022-11-23 20:59:52 --> You have an error in your SQL syntax; check the manual that corresponds to your MariaDB server version for the right syntax to use near 'FROM tblmas_tip_tracking
       
                        JOIN tbltrn_do1 ON...' at line 2
in SYSTEMPATH\Database\MySQLi\Connection.php on line 292.
 1 SYSTEMPATH\Database\MySQLi\Connection.php(292): mysqli->query('SELECT tblmas_tip_tracking.* , GROUP_CONCAT(DISTINCT tblmas_customer.customername) AS
                    FROM tblmas_tip_tracking
       
                        JOIN tbltrn_do1 ON FIND_IN_SET(tbltrn_do1.dono, tblmas_tip_tracking.dono)
                        JOIN tblmas_customer ON tbltrn_do1.idcustomer = tblmas_customer.idcustomer
                        ORDER BY tblmas_tip_tracking.driver ASC', 0)
 2 SYSTEMPATH\Database\BaseConnection.php(693): CodeIgniter\Database\MySQLi\Connection->execute('SELECT tblmas_tip_tracking.* , GROUP_CONCAT(DISTINCT tblmas_customer.customername) AS
                    FROM tblmas_tip_tracking
       
                        JOIN tbltrn_do1 ON FIND_IN_SET(tbltrn_do1.dono, tblmas_tip_tracking.dono)
                        JOIN tblmas_customer ON tbltrn_do1.idcustomer = tblmas_customer.idcustomer
                        ORDER BY tblmas_tip_tracking.driver ASC')
 3 SYSTEMPATH\Database\BaseConnection.php(620): CodeIgniter\Database\BaseConnection->simpleQuery('SELECT tblmas_tip_tracking.* , GROUP_CONCAT(DISTINCT tblmas_customer.customername) AS
                    FROM tblmas_tip_tracking
       
                        JOIN tbltrn_do1 ON FIND_IN_SET(tbltrn_do1.dono, tblmas_tip_tracking.dono)
                        JOIN tblmas_customer ON tbltrn_do1.idcustomer = tblmas_customer.idcustomer
                        ORDER BY tblmas_tip_tracking.driver ASC')
 4 APPPATH\Models\TipModel.php(19): CodeIgniter\Database\BaseConnection->query('SELECT tblmas_tip_tracking.* , GROUP_CONCAT(DISTINCT tblmas_customer.customername) AS
                    FROM tblmas_tip_tracking
       
                        JOIN tbltrn_do1 ON FIND_IN_SET(tbltrn_do1.dono, tblmas_tip_tracking.dono)
                        JOIN tblmas_customer ON tbltrn_do1.idcustomer = tblmas_customer.idcustomer
                        ORDER BY tblmas_tip_tracking.driver ASC')
 5 APPPATH\Controllers\Tip.php(24): App\Models\TipModel->getdataView()
 6 SYSTEMPATH\CodeIgniter.php(904): App\Controllers\Tip->viewListTip()
 7 SYSTEMPATH\CodeIgniter.php(457): CodeIgniter\CodeIgniter->runController(Object(App\Controllers\Tip))
 8 SYSTEMPATH\CodeIgniter.php(340): CodeIgniter\CodeIgniter->handleRequest(null, Object(Config\Cache), false)
 9 FCPATH\index.php(67): CodeIgniter\CodeIgniter->run()
10 SYSTEMPATH\Commands\Server\rewrite.php(43): require_once('FCPATH\\index.php')
CRITICAL - 2022-11-23 21:00:04 --> Undefined index: customername
in APPPATH\Views\Tip_tracking\list_tip.php on line 58.
 1 APPPATH\Views\Tip_tracking\list_tip.php(58): CodeIgniter\Debug\Exceptions->errorHandler(8, 'Undefined index: customername', 'APPPATH\\Views\\Tip_tracking\\list_tip.php', 58, [...])
 2 SYSTEMPATH\View\View.php(213): include('APPPATH\\Views\\Tip_tracking\\list_tip.php')
 3 SYSTEMPATH\View\View.php(216): CodeIgniter\View\View->CodeIgniter\View\{closure}()
 4 SYSTEMPATH\Common.php(1137): CodeIgniter\View\View->render('Tip_tracking/list_tip', [], true)
 5 APPPATH\Controllers\Tip.php(27): view('Tip_tracking/list_tip', [...])
 6 SYSTEMPATH\CodeIgniter.php(904): App\Controllers\Tip->viewListTip()
 7 SYSTEMPATH\CodeIgniter.php(457): CodeIgniter\CodeIgniter->runController(Object(App\Controllers\Tip))
 8 SYSTEMPATH\CodeIgniter.php(340): CodeIgniter\CodeIgniter->handleRequest(null, Object(Config\Cache), false)
 9 FCPATH\index.php(67): CodeIgniter\CodeIgniter->run()
10 SYSTEMPATH\Commands\Server\rewrite.php(43): require_once('FCPATH\\index.php')
CRITICAL - 2022-11-23 21:00:04 --> Allowed memory size of 536870912 bytes exhausted (tried to allocate 27267072 bytes)
in APPPATH\Views\errors\html\error_exception.php on line 96.
 1 [internal function]: CodeIgniter\Debug\Exceptions->shutdownHandler()
CRITICAL - 2022-11-23 21:00:44 --> Undefined index: customername
in APPPATH\Views\Tip_tracking\list_tip.php on line 58.
 1 APPPATH\Views\Tip_tracking\list_tip.php(58): CodeIgniter\Debug\Exceptions->errorHandler(8, 'Undefined index: customername', 'APPPATH\\Views\\Tip_tracking\\list_tip.php', 58, [...])
 2 SYSTEMPATH\View\View.php(213): include('APPPATH\\Views\\Tip_tracking\\list_tip.php')
 3 SYSTEMPATH\View\View.php(216): CodeIgniter\View\View->CodeIgniter\View\{closure}()
 4 SYSTEMPATH\Common.php(1137): CodeIgniter\View\View->render('Tip_tracking/list_tip', [], true)
 5 APPPATH\Controllers\Tip.php(27): view('Tip_tracking/list_tip', [...])
 6 SYSTEMPATH\CodeIgniter.php(904): App\Controllers\Tip->viewListTip()
 7 SYSTEMPATH\CodeIgniter.php(457): CodeIgniter\CodeIgniter->runController(Object(App\Controllers\Tip))
 8 SYSTEMPATH\CodeIgniter.php(340): CodeIgniter\CodeIgniter->handleRequest(null, Object(Config\Cache), false)
 9 FCPATH\index.php(67): CodeIgniter\CodeIgniter->run()
10 SYSTEMPATH\Commands\Server\rewrite.php(43): require_once('FCPATH\\index.php')
CRITICAL - 2022-11-23 21:03:39 --> Invalid argument supplied for foreach()
in APPPATH\Views\Tip_tracking\list_tip.php on line 39.
 1 APPPATH\Views\Tip_tracking\list_tip.php(39): CodeIgniter\Debug\Exceptions->errorHandler(2, 'Invalid argument supplied for foreach()', 'APPPATH\\Views\\Tip_tracking\\list_tip.php', 39, [...])
 2 SYSTEMPATH\View\View.php(213): include('APPPATH\\Views\\Tip_tracking\\list_tip.php')
 3 SYSTEMPATH\View\View.php(216): CodeIgniter\View\View->CodeIgniter\View\{closure}()
 4 SYSTEMPATH\Common.php(1137): CodeIgniter\View\View->render('Tip_tracking/list_tip', [], true)
 5 APPPATH\Controllers\Tip.php(27): view('Tip_tracking/list_tip', [...])
 6 SYSTEMPATH\CodeIgniter.php(904): App\Controllers\Tip->viewListTip()
 7 SYSTEMPATH\CodeIgniter.php(457): CodeIgniter\CodeIgniter->runController(Object(App\Controllers\Tip))
 8 SYSTEMPATH\CodeIgniter.php(340): CodeIgniter\CodeIgniter->handleRequest(null, Object(Config\Cache), false)
 9 FCPATH\index.php(67): CodeIgniter\CodeIgniter->run()
10 SYSTEMPATH\Commands\Server\rewrite.php(43): require_once('FCPATH\\index.php')
CRITICAL - 2022-11-23 21:05:21 --> Undefined variable: schedule_list
in APPPATH\Views\Tip_tracking\list_tip.php on line 39.
 1 APPPATH\Views\Tip_tracking\list_tip.php(39): CodeIgniter\Debug\Exceptions->errorHandler(8, 'Undefined variable: schedule_list', 'APPPATH\\Views\\Tip_tracking\\list_tip.php', 39, [...])
 2 SYSTEMPATH\View\View.php(213): include('APPPATH\\Views\\Tip_tracking\\list_tip.php')
 3 SYSTEMPATH\View\View.php(216): CodeIgniter\View\View->CodeIgniter\View\{closure}()
 4 SYSTEMPATH\Common.php(1137): CodeIgniter\View\View->render('Tip_tracking/list_tip', [], true)
 5 APPPATH\Controllers\Tip.php(27): view('Tip_tracking/list_tip', [...])
 6 SYSTEMPATH\CodeIgniter.php(904): App\Controllers\Tip->viewListTip()
 7 SYSTEMPATH\CodeIgniter.php(457): CodeIgniter\CodeIgniter->runController(Object(App\Controllers\Tip))
 8 SYSTEMPATH\CodeIgniter.php(340): CodeIgniter\CodeIgniter->handleRequest(null, Object(Config\Cache), false)
 9 FCPATH\index.php(67): CodeIgniter\CodeIgniter->run()
10 SYSTEMPATH\Commands\Server\rewrite.php(43): require_once('FCPATH\\index.php')
CRITICAL - 2022-11-23 21:05:30 --> count(): Parameter must be an array or an object that implements Countable
in APPPATH\Views\Tip_tracking\list_tip.php on line 39.
 1 APPPATH\Views\Tip_tracking\list_tip.php(39): CodeIgniter\Debug\Exceptions->errorHandler(2, 'count(): Parameter must be an array or an object that implements Countable', 'APPPATH\\Views\\Tip_tracking\\list_tip.php', 39, [...])
 2 SYSTEMPATH\View\View.php(213): include('APPPATH\\Views\\Tip_tracking\\list_tip.php')
 3 SYSTEMPATH\View\View.php(216): CodeIgniter\View\View->CodeIgniter\View\{closure}()
 4 SYSTEMPATH\Common.php(1137): CodeIgniter\View\View->render('Tip_tracking/list_tip', [], true)
 5 APPPATH\Controllers\Tip.php(27): view('Tip_tracking/list_tip', [...])
 6 SYSTEMPATH\CodeIgniter.php(904): App\Controllers\Tip->viewListTip()
 7 SYSTEMPATH\CodeIgniter.php(457): CodeIgniter\CodeIgniter->runController(Object(App\Controllers\Tip))
 8 SYSTEMPATH\CodeIgniter.php(340): CodeIgniter\CodeIgniter->handleRequest(null, Object(Config\Cache), false)
 9 FCPATH\index.php(67): CodeIgniter\CodeIgniter->run()
10 SYSTEMPATH\Commands\Server\rewrite.php(43): require_once('FCPATH\\index.php')
CRITICAL - 2022-11-23 21:05:56 --> Invalid argument supplied for foreach()
in APPPATH\Views\Tip_tracking\list_tip.php on line 39.
 1 APPPATH\Views\Tip_tracking\list_tip.php(39): CodeIgniter\Debug\Exceptions->errorHandler(2, 'Invalid argument supplied for foreach()', 'APPPATH\\Views\\Tip_tracking\\list_tip.php', 39, [...])
 2 SYSTEMPATH\View\View.php(213): include('APPPATH\\Views\\Tip_tracking\\list_tip.php')
 3 SYSTEMPATH\View\View.php(216): CodeIgniter\View\View->CodeIgniter\View\{closure}()
 4 SYSTEMPATH\Common.php(1137): CodeIgniter\View\View->render('Tip_tracking/list_tip', [], true)
 5 APPPATH\Controllers\Tip.php(27): view('Tip_tracking/list_tip', [...])
 6 SYSTEMPATH\CodeIgniter.php(904): App\Controllers\Tip->viewListTip()
 7 SYSTEMPATH\CodeIgniter.php(457): CodeIgniter\CodeIgniter->runController(Object(App\Controllers\Tip))
 8 SYSTEMPATH\CodeIgniter.php(340): CodeIgniter\CodeIgniter->handleRequest(null, Object(Config\Cache), false)
 9 FCPATH\index.php(67): CodeIgniter\CodeIgniter->run()
10 SYSTEMPATH\Commands\Server\rewrite.php(43): require_once('FCPATH\\index.php')
CRITICAL - 2022-11-23 21:06:32 --> Invalid argument supplied for foreach()
in APPPATH\Views\Tip_tracking\list_tip.php on line 39.
 1 APPPATH\Views\Tip_tracking\list_tip.php(39): CodeIgniter\Debug\Exceptions->errorHandler(2, 'Invalid argument supplied for foreach()', 'APPPATH\\Views\\Tip_tracking\\list_tip.php', 39, [...])
 2 SYSTEMPATH\View\View.php(213): include('APPPATH\\Views\\Tip_tracking\\list_tip.php')
 3 SYSTEMPATH\View\View.php(216): CodeIgniter\View\View->CodeIgniter\View\{closure}()
 4 SYSTEMPATH\Common.php(1137): CodeIgniter\View\View->render('Tip_tracking/list_tip', [], true)
 5 APPPATH\Controllers\Tip.php(27): view('Tip_tracking/list_tip', [...])
 6 SYSTEMPATH\CodeIgniter.php(904): App\Controllers\Tip->viewListTip()
 7 SYSTEMPATH\CodeIgniter.php(457): CodeIgniter\CodeIgniter->runController(Object(App\Controllers\Tip))
 8 SYSTEMPATH\CodeIgniter.php(340): CodeIgniter\CodeIgniter->handleRequest(null, Object(Config\Cache), false)
 9 FCPATH\index.php(67): CodeIgniter\CodeIgniter->run()
10 SYSTEMPATH\Commands\Server\rewrite.php(43): require_once('FCPATH\\index.php')
CRITICAL - 2022-11-23 21:06:33 --> Invalid argument supplied for foreach()
in APPPATH\Views\Tip_tracking\list_tip.php on line 39.
 1 APPPATH\Views\Tip_tracking\list_tip.php(39): CodeIgniter\Debug\Exceptions->errorHandler(2, 'Invalid argument supplied for foreach()', 'APPPATH\\Views\\Tip_tracking\\list_tip.php', 39, [...])
 2 SYSTEMPATH\View\View.php(213): include('APPPATH\\Views\\Tip_tracking\\list_tip.php')
 3 SYSTEMPATH\View\View.php(216): CodeIgniter\View\View->CodeIgniter\View\{closure}()
 4 SYSTEMPATH\Common.php(1137): CodeIgniter\View\View->render('Tip_tracking/list_tip', [], true)
 5 APPPATH\Controllers\Tip.php(27): view('Tip_tracking/list_tip', [...])
 6 SYSTEMPATH\CodeIgniter.php(904): App\Controllers\Tip->viewListTip()
 7 SYSTEMPATH\CodeIgniter.php(457): CodeIgniter\CodeIgniter->runController(Object(App\Controllers\Tip))
 8 SYSTEMPATH\CodeIgniter.php(340): CodeIgniter\CodeIgniter->handleRequest(null, Object(Config\Cache), false)
 9 FCPATH\index.php(67): CodeIgniter\CodeIgniter->run()
10 SYSTEMPATH\Commands\Server\rewrite.php(43): require_once('FCPATH\\index.php')
CRITICAL - 2022-11-23 21:06:58 --> Invalid argument supplied for foreach()
in APPPATH\Views\Tip_tracking\list_tip.php on line 39.
 1 APPPATH\Views\Tip_tracking\list_tip.php(39): CodeIgniter\Debug\Exceptions->errorHandler(2, 'Invalid argument supplied for foreach()', 'APPPATH\\Views\\Tip_tracking\\list_tip.php', 39, [...])
 2 SYSTEMPATH\View\View.php(213): include('APPPATH\\Views\\Tip_tracking\\list_tip.php')
 3 SYSTEMPATH\View\View.php(216): CodeIgniter\View\View->CodeIgniter\View\{closure}()
 4 SYSTEMPATH\Common.php(1137): CodeIgniter\View\View->render('Tip_tracking/list_tip', [], true)
 5 APPPATH\Controllers\Tip.php(27): view('Tip_tracking/list_tip', [...])
 6 SYSTEMPATH\CodeIgniter.php(904): App\Controllers\Tip->viewListTip()
 7 SYSTEMPATH\CodeIgniter.php(457): CodeIgniter\CodeIgniter->runController(Object(App\Controllers\Tip))
 8 SYSTEMPATH\CodeIgniter.php(340): CodeIgniter\CodeIgniter->handleRequest(null, Object(Config\Cache), false)
 9 FCPATH\index.php(67): CodeIgniter\CodeIgniter->run()
10 SYSTEMPATH\Commands\Server\rewrite.php(43): require_once('FCPATH\\index.php')
CRITICAL - 2022-11-23 21:09:47 --> Invalid argument supplied for foreach()
in APPPATH\Views\Tip_tracking\list_tip.php on line 39.
 1 APPPATH\Views\Tip_tracking\list_tip.php(39): CodeIgniter\Debug\Exceptions->errorHandler(2, 'Invalid argument supplied for foreach()', 'APPPATH\\Views\\Tip_tracking\\list_tip.php', 39, [...])
 2 SYSTEMPATH\View\View.php(213): include('APPPATH\\Views\\Tip_tracking\\list_tip.php')
 3 SYSTEMPATH\View\View.php(216): CodeIgniter\View\View->CodeIgniter\View\{closure}()
 4 SYSTEMPATH\Common.php(1137): CodeIgniter\View\View->render('Tip_tracking/list_tip', [], true)
 5 APPPATH\Controllers\Tip.php(27): view('Tip_tracking/list_tip', [...])
 6 SYSTEMPATH\CodeIgniter.php(904): App\Controllers\Tip->viewListTip()
 7 SYSTEMPATH\CodeIgniter.php(457): CodeIgniter\CodeIgniter->runController(Object(App\Controllers\Tip))
 8 SYSTEMPATH\CodeIgniter.php(340): CodeIgniter\CodeIgniter->handleRequest(null, Object(Config\Cache), false)
 9 FCPATH\index.php(67): CodeIgniter\CodeIgniter->run()
10 SYSTEMPATH\Commands\Server\rewrite.php(43): require_once('FCPATH\\index.php')
CRITICAL - 2022-11-23 21:09:48 --> Invalid argument supplied for foreach()
in APPPATH\Views\Tip_tracking\list_tip.php on line 39.
 1 APPPATH\Views\Tip_tracking\list_tip.php(39): CodeIgniter\Debug\Exceptions->errorHandler(2, 'Invalid argument supplied for foreach()', 'APPPATH\\Views\\Tip_tracking\\list_tip.php', 39, [...])
 2 SYSTEMPATH\View\View.php(213): include('APPPATH\\Views\\Tip_tracking\\list_tip.php')
 3 SYSTEMPATH\View\View.php(216): CodeIgniter\View\View->CodeIgniter\View\{closure}()
 4 SYSTEMPATH\Common.php(1137): CodeIgniter\View\View->render('Tip_tracking/list_tip', [], true)
 5 APPPATH\Controllers\Tip.php(27): view('Tip_tracking/list_tip', [...])
 6 SYSTEMPATH\CodeIgniter.php(904): App\Controllers\Tip->viewListTip()
 7 SYSTEMPATH\CodeIgniter.php(457): CodeIgniter\CodeIgniter->runController(Object(App\Controllers\Tip))
 8 SYSTEMPATH\CodeIgniter.php(340): CodeIgniter\CodeIgniter->handleRequest(null, Object(Config\Cache), false)
 9 FCPATH\index.php(67): CodeIgniter\CodeIgniter->run()
10 SYSTEMPATH\Commands\Server\rewrite.php(43): require_once('FCPATH\\index.php')
CRITICAL - 2022-11-23 21:10:43 --> Undefined index: driver
in APPPATH\Views\Tip_tracking\list_tip.php on line 42.
 1 APPPATH\Views\Tip_tracking\list_tip.php(42): CodeIgniter\Debug\Exceptions->errorHandler(8, 'Undefined index: driver', 'APPPATH\\Views\\Tip_tracking\\list_tip.php', 42, [...])
 2 SYSTEMPATH\View\View.php(213): include('APPPATH\\Views\\Tip_tracking\\list_tip.php')
 3 SYSTEMPATH\View\View.php(216): CodeIgniter\View\View->CodeIgniter\View\{closure}()
 4 SYSTEMPATH\Common.php(1137): CodeIgniter\View\View->render('Tip_tracking/list_tip', [], true)
 5 APPPATH\Controllers\Tip.php(27): view('Tip_tracking/list_tip', [...])
 6 SYSTEMPATH\CodeIgniter.php(904): App\Controllers\Tip->viewListTip()
 7 SYSTEMPATH\CodeIgniter.php(457): CodeIgniter\CodeIgniter->runController(Object(App\Controllers\Tip))
 8 SYSTEMPATH\CodeIgniter.php(340): CodeIgniter\CodeIgniter->handleRequest(null, Object(Config\Cache), false)
 9 FCPATH\index.php(67): CodeIgniter\CodeIgniter->run()
10 SYSTEMPATH\Commands\Server\rewrite.php(43): require_once('FCPATH\\index.php')
ERROR - 2022-11-23 21:16:54 --> mysqli_sql_exception: You have an error in your SQL syntax; check the manual that corresponds to your MariaDB server version for the right syntax to use near 'DISTINCT tblmas_customer.customername) AS customerName
                    F...' at line 1 in C:\xampp\htdocs\tracking\system\Database\MySQLi\Connection.php:292
Stack trace:
#0 C:\xampp\htdocs\tracking\system\Database\MySQLi\Connection.php(292): mysqli->query('SELECT tblmas_t...', 0)
#1 C:\xampp\htdocs\tracking\system\Database\BaseConnection.php(693): CodeIgniter\Database\MySQLi\Connection->execute('SELECT tblmas_t...')
#2 C:\xampp\htdocs\tracking\system\Database\BaseConnection.php(620): CodeIgniter\Database\BaseConnection->simpleQuery('SELECT tblmas_t...')
#3 C:\xampp\htdocs\tracking\app\Models\TipModel.php(17): CodeIgniter\Database\BaseConnection->query('SELECT tblmas_t...')
#4 C:\xampp\htdocs\tracking\app\Controllers\Tip.php(24): App\Models\TipModel->getdataView()
#5 C:\xampp\htdocs\tracking\system\CodeIgniter.php(904): App\Controllers\Tip->viewListTip()
#6 C:\xampp\htdocs\tracking\system\CodeIgniter.php(457): CodeIgniter\CodeIgniter->runController(Object(App\Controllers\Tip))
#7 C:\xampp\htdocs\tracking\system\CodeIgniter.php(340): CodeIgniter\CodeIgniter->handleRequest(NULL, Object(Config\Cache), false)
#8 C:\xampp\htdocs\tracking\public\index.php(67): CodeIgniter\CodeIgniter->run()
#9 C:\xampp\htdocs\tracking\system\Commands\Server\rewrite.php(43): require_once('C:\\xampp\\htdocs...')
#10 {main}
CRITICAL - 2022-11-23 21:16:54 --> You have an error in your SQL syntax; check the manual that corresponds to your MariaDB server version for the right syntax to use near 'DISTINCT tblmas_customer.customername) AS customerName
                    F...' at line 1
in SYSTEMPATH\Database\MySQLi\Connection.php on line 292.
 1 SYSTEMPATH\Database\MySQLi\Connection.php(292): mysqli->query('SELECT tblmas_tip_tracking.*, (DISTINCT tblmas_customer.customername) AS customerName
                    FROM tblmas_tip_tracking
       
                        JOIN tbltrn_do1 ON FIND_IN_SET(tbltrn_do1.dono, tblmas_tip_tracking.dono)
                        JOIN tblmas_customer ON tbltrn_do1.idcustomer = tblmas_customer.idcustomer ORDER BY tblmas_tip_tracking.driver ASC', 0)
 2 SYSTEMPATH\Database\BaseConnection.php(693): CodeIgniter\Database\MySQLi\Connection->execute('SELECT tblmas_tip_tracking.*, (DISTINCT tblmas_customer.customername) AS customerName
                    FROM tblmas_tip_tracking
       
                        JOIN tbltrn_do1 ON FIND_IN_SET(tbltrn_do1.dono, tblmas_tip_tracking.dono)
                        JOIN tblmas_customer ON tbltrn_do1.idcustomer = tblmas_customer.idcustomer ORDER BY tblmas_tip_tracking.driver ASC')
 3 SYSTEMPATH\Database\BaseConnection.php(620): CodeIgniter\Database\BaseConnection->simpleQuery('SELECT tblmas_tip_tracking.*, (DISTINCT tblmas_customer.customername) AS customerName
                    FROM tblmas_tip_tracking
       
                        JOIN tbltrn_do1 ON FIND_IN_SET(tbltrn_do1.dono, tblmas_tip_tracking.dono)
                        JOIN tblmas_customer ON tbltrn_do1.idcustomer = tblmas_customer.idcustomer ORDER BY tblmas_tip_tracking.driver ASC')
 4 APPPATH\Models\TipModel.php(17): CodeIgniter\Database\BaseConnection->query('SELECT tblmas_tip_tracking.*, (DISTINCT tblmas_customer.customername) AS customerName
                    FROM tblmas_tip_tracking
       
                        JOIN tbltrn_do1 ON FIND_IN_SET(tbltrn_do1.dono, tblmas_tip_tracking.dono)
                        JOIN tblmas_customer ON tbltrn_do1.idcustomer = tblmas_customer.idcustomer ORDER BY tblmas_tip_tracking.driver ASC')
 5 APPPATH\Controllers\Tip.php(24): App\Models\TipModel->getdataView()
 6 SYSTEMPATH\CodeIgniter.php(904): App\Controllers\Tip->viewListTip()
 7 SYSTEMPATH\CodeIgniter.php(457): CodeIgniter\CodeIgniter->runController(Object(App\Controllers\Tip))
 8 SYSTEMPATH\CodeIgniter.php(340): CodeIgniter\CodeIgniter->handleRequest(null, Object(Config\Cache), false)
 9 FCPATH\index.php(67): CodeIgniter\CodeIgniter->run()
10 SYSTEMPATH\Commands\Server\rewrite.php(43): require_once('FCPATH\\index.php')
CRITICAL - 2022-11-23 21:45:08 --> Undefined index: customerName
in APPPATH\Views\Tip_tracking\list_tip.php on line 58.
 1 APPPATH\Views\Tip_tracking\list_tip.php(58): CodeIgniter\Debug\Exceptions->errorHandler(8, 'Undefined index: customerName', 'APPPATH\\Views\\Tip_tracking\\list_tip.php', 58, [...])
 2 SYSTEMPATH\View\View.php(213): include('APPPATH\\Views\\Tip_tracking\\list_tip.php')
 3 SYSTEMPATH\View\View.php(216): CodeIgniter\View\View->CodeIgniter\View\{closure}()
 4 SYSTEMPATH\Common.php(1137): CodeIgniter\View\View->render('Tip_tracking/list_tip', [], true)
 5 APPPATH\Controllers\Tip.php(27): view('Tip_tracking/list_tip', [...])
 6 SYSTEMPATH\CodeIgniter.php(904): App\Controllers\Tip->viewListTip()
 7 SYSTEMPATH\CodeIgniter.php(457): CodeIgniter\CodeIgniter->runController(Object(App\Controllers\Tip))
 8 SYSTEMPATH\CodeIgniter.php(340): CodeIgniter\CodeIgniter->handleRequest(null, Object(Config\Cache), false)
 9 FCPATH\index.php(67): CodeIgniter\CodeIgniter->run()
10 SYSTEMPATH\Commands\Server\rewrite.php(43): require_once('FCPATH\\index.php')
ERROR - 2022-11-23 22:05:05 --> mysqli_sql_exception: Unknown column 'tblmas_tip_tracking.time' in 'group statement' in C:\xampp\htdocs\tracking\system\Database\MySQLi\Connection.php:292
Stack trace:
#0 C:\xampp\htdocs\tracking\system\Database\MySQLi\Connection.php(292): mysqli->query('SELECT tblmas_t...', 0)
#1 C:\xampp\htdocs\tracking\system\Database\BaseConnection.php(693): CodeIgniter\Database\MySQLi\Connection->execute('SELECT tblmas_t...')
#2 C:\xampp\htdocs\tracking\system\Database\BaseConnection.php(620): CodeIgniter\Database\BaseConnection->simpleQuery('SELECT tblmas_t...')
#3 C:\xampp\htdocs\tracking\app\Models\TipModel.php(31): CodeIgniter\Database\BaseConnection->query('SELECT tblmas_t...')
#4 C:\xampp\htdocs\tracking\app\Controllers\Tip.php(24): App\Models\TipModel->getdataView()
#5 C:\xampp\htdocs\tracking\system\CodeIgniter.php(904): App\Controllers\Tip->viewListTip()
#6 C:\xampp\htdocs\tracking\system\CodeIgniter.php(457): CodeIgniter\CodeIgniter->runController(Object(App\Controllers\Tip))
#7 C:\xampp\htdocs\tracking\system\CodeIgniter.php(340): CodeIgniter\CodeIgniter->handleRequest(NULL, Object(Config\Cache), false)
#8 C:\xampp\htdocs\tracking\public\index.php(67): CodeIgniter\CodeIgniter->run()
#9 C:\xampp\htdocs\tracking\system\Commands\Server\rewrite.php(43): require_once('C:\\xampp\\htdocs...')
#10 {main}
CRITICAL - 2022-11-23 22:05:05 --> Unknown column 'tblmas_tip_tracking.time' in 'group statement'
in SYSTEMPATH\Database\MySQLi\Connection.php on line 292.
 1 SYSTEMPATH\Database\MySQLi\Connection.php(292): mysqli->query('SELECT tblmas_tip_tracking.*,
                    GROUP_CONCAT(Distinct tblmas_customer.customername) AS customerName
                        FROM tblmas_tip_tracking
                    
                            JOIN tbltrn_do1 ON FIND_IN_SET(tbltrn_do1.dono, tblmas_tip_tracking.dono)
                            JOIN tblmas_customer ON tbltrn_do1.idcustomer = tblmas_customer.idcustomer
                            
                            GROUP BY 
                            tblmas_tip_tracking.id, 
                            tblmas_tip_tracking.time,
                            tblmas_tip_tracking.customer_name,
                            tblmas_tip_tracking.value_tip,
                            tblmas_tip_tracking.dono,
                            tblmas_tip_tracking.driver,
                            tblmas_tip_tracking.lorry,
                            tblmas_tip_tracking.trip,
                            tblmas_tip_tracking.remarks
                            
                            ORDER BY tblmas_tip_tracking.driver ASC', 0)
 2 SYSTEMPATH\Database\BaseConnection.php(693): CodeIgniter\Database\MySQLi\Connection->execute('SELECT tblmas_tip_tracking.*,
                    GROUP_CONCAT(Distinct tblmas_customer.customername) AS customerName
                        FROM tblmas_tip_tracking
                    
                            JOIN tbltrn_do1 ON FIND_IN_SET(tbltrn_do1.dono, tblmas_tip_tracking.dono)
                            JOIN tblmas_customer ON tbltrn_do1.idcustomer = tblmas_customer.idcustomer
                            
                            GROUP BY 
                            tblmas_tip_tracking.id, 
                            tblmas_tip_tracking.time,
                            tblmas_tip_tracking.customer_name,
                            tblmas_tip_tracking.value_tip,
                            tblmas_tip_tracking.dono,
                            tblmas_tip_tracking.driver,
                            tblmas_tip_tracking.lorry,
                            tblmas_tip_tracking.trip,
                            tblmas_tip_tracking.remarks
                            
                            ORDER BY tblmas_tip_tracking.driver ASC')
 3 SYSTEMPATH\Database\BaseConnection.php(620): CodeIgniter\Database\BaseConnection->simpleQuery('SELECT tblmas_tip_tracking.*,
                    GROUP_CONCAT(Distinct tblmas_customer.customername) AS customerName
                        FROM tblmas_tip_tracking
                    
                            JOIN tbltrn_do1 ON FIND_IN_SET(tbltrn_do1.dono, tblmas_tip_tracking.dono)
                            JOIN tblmas_customer ON tbltrn_do1.idcustomer = tblmas_customer.idcustomer
                            
                            GROUP BY 
                            tblmas_tip_tracking.id, 
                            tblmas_tip_tracking.time,
                            tblmas_tip_tracking.customer_name,
                            tblmas_tip_tracking.value_tip,
                            tblmas_tip_tracking.dono,
                            tblmas_tip_tracking.driver,
                            tblmas_tip_tracking.lorry,
                            tblmas_tip_tracking.trip,
                            tblmas_tip_tracking.remarks
                            
                            ORDER BY tblmas_tip_tracking.driver ASC')
 4 APPPATH\Models\TipModel.php(31): CodeIgniter\Database\BaseConnection->query('SELECT tblmas_tip_tracking.*,
                    GROUP_CONCAT(Distinct tblmas_customer.customername) AS customerName
                        FROM tblmas_tip_tracking
                    
                            JOIN tbltrn_do1 ON FIND_IN_SET(tbltrn_do1.dono, tblmas_tip_tracking.dono)
                            JOIN tblmas_customer ON tbltrn_do1.idcustomer = tblmas_customer.idcustomer
                            
                            GROUP BY 
                            tblmas_tip_tracking.id, 
                            tblmas_tip_tracking.time,
                            tblmas_tip_tracking.customer_name,
                            tblmas_tip_tracking.value_tip,
                            tblmas_tip_tracking.dono,
                            tblmas_tip_tracking.driver,
                            tblmas_tip_tracking.lorry,
                            tblmas_tip_tracking.trip,
                            tblmas_tip_tracking.remarks
                            
                            ORDER BY tblmas_tip_tracking.driver ASC')
 5 APPPATH\Controllers\Tip.php(24): App\Models\TipModel->getdataView()
 6 SYSTEMPATH\CodeIgniter.php(904): App\Controllers\Tip->viewListTip()
 7 SYSTEMPATH\CodeIgniter.php(457): CodeIgniter\CodeIgniter->runController(Object(App\Controllers\Tip))
 8 SYSTEMPATH\CodeIgniter.php(340): CodeIgniter\CodeIgniter->handleRequest(null, Object(Config\Cache), false)
 9 FCPATH\index.php(67): CodeIgniter\CodeIgniter->run()
10 SYSTEMPATH\Commands\Server\rewrite.php(43): require_once('FCPATH\\index.php')
CRITICAL - 2022-11-23 22:09:57 --> Undefined index: time
in APPPATH\Views\Tip_tracking\list_tip.php on line 229.
 1 APPPATH\Views\Tip_tracking\list_tip.php(229): CodeIgniter\Debug\Exceptions->errorHandler(8, 'Undefined index: time', 'APPPATH\\Views\\Tip_tracking\\list_tip.php', 229, [...])
 2 SYSTEMPATH\View\View.php(213): include('APPPATH\\Views\\Tip_tracking\\list_tip.php')
 3 SYSTEMPATH\View\View.php(216): CodeIgniter\View\View->CodeIgniter\View\{closure}()
 4 SYSTEMPATH\Common.php(1137): CodeIgniter\View\View->render('Tip_tracking/list_tip', [], true)
 5 APPPATH\Controllers\Tip.php(27): view('Tip_tracking/list_tip', [...])
 6 SYSTEMPATH\CodeIgniter.php(904): App\Controllers\Tip->viewListTip()
 7 SYSTEMPATH\CodeIgniter.php(457): CodeIgniter\CodeIgniter->runController(Object(App\Controllers\Tip))
 8 SYSTEMPATH\CodeIgniter.php(340): CodeIgniter\CodeIgniter->handleRequest(null, Object(Config\Cache), false)
 9 FCPATH\index.php(67): CodeIgniter\CodeIgniter->run()
10 SYSTEMPATH\Commands\Server\rewrite.php(43): require_once('FCPATH\\index.php')
CRITICAL - 2022-11-23 22:29:03 --> Invalid file: Tip_tracking/list_edit_tip.php
in SYSTEMPATH\Exceptions\FrameworkException.php on line 33.
 1 SYSTEMPATH\View\View.php(201): CodeIgniter\Exceptions\FrameworkException::forInvalidFile('Tip_tracking/list_edit_tip.php')
 2 SYSTEMPATH\Common.php(1137): CodeIgniter\View\View->render('Tip_tracking/list_edit_tip', [], true)
 3 APPPATH\Controllers\Tip.php(41): view('Tip_tracking/list_edit_tip', [...])
 4 SYSTEMPATH\CodeIgniter.php(904): App\Controllers\Tip->viewupdate()
 5 SYSTEMPATH\CodeIgniter.php(457): CodeIgniter\CodeIgniter->runController(Object(App\Controllers\Tip))
 6 SYSTEMPATH\CodeIgniter.php(340): CodeIgniter\CodeIgniter->handleRequest(null, Object(Config\Cache), false)
 7 FCPATH\index.php(67): CodeIgniter\CodeIgniter->run()
 8 SYSTEMPATH\Commands\Server\rewrite.php(43): require_once('FCPATH\\index.php')
CRITICAL - 2022-11-23 22:29:11 --> Invalid file: Tip_tracking/list_edit_tip.php
in SYSTEMPATH\Exceptions\FrameworkException.php on line 33.
 1 SYSTEMPATH\View\View.php(201): CodeIgniter\Exceptions\FrameworkException::forInvalidFile('Tip_tracking/list_edit_tip.php')
 2 SYSTEMPATH\Common.php(1137): CodeIgniter\View\View->render('Tip_tracking/list_edit_tip', [], true)
 3 APPPATH\Controllers\Tip.php(41): view('Tip_tracking/list_edit_tip', [...])
 4 SYSTEMPATH\CodeIgniter.php(904): App\Controllers\Tip->viewupdate()
 5 SYSTEMPATH\CodeIgniter.php(457): CodeIgniter\CodeIgniter->runController(Object(App\Controllers\Tip))
 6 SYSTEMPATH\CodeIgniter.php(340): CodeIgniter\CodeIgniter->handleRequest(null, Object(Config\Cache), false)
 7 FCPATH\index.php(67): CodeIgniter\CodeIgniter->run()
 8 SYSTEMPATH\Commands\Server\rewrite.php(43): require_once('FCPATH\\index.php')
CRITICAL - 2022-11-23 22:29:35 --> Invalid file: Tip_tracking/list_edit_tip.php
in SYSTEMPATH\Exceptions\FrameworkException.php on line 33.
 1 SYSTEMPATH\View\View.php(201): CodeIgniter\Exceptions\FrameworkException::forInvalidFile('Tip_tracking/list_edit_tip.php')
 2 SYSTEMPATH\Common.php(1137): CodeIgniter\View\View->render('Tip_tracking/list_edit_tip', [], true)
 3 APPPATH\Controllers\Tip.php(41): view('Tip_tracking/list_edit_tip', [...])
 4 SYSTEMPATH\CodeIgniter.php(904): App\Controllers\Tip->viewupdate()
 5 SYSTEMPATH\CodeIgniter.php(457): CodeIgniter\CodeIgniter->runController(Object(App\Controllers\Tip))
 6 SYSTEMPATH\CodeIgniter.php(340): CodeIgniter\CodeIgniter->handleRequest(null, Object(Config\Cache), false)
 7 FCPATH\index.php(67): CodeIgniter\CodeIgniter->run()
 8 SYSTEMPATH\Commands\Server\rewrite.php(43): require_once('FCPATH\\index.php')
CRITICAL - 2022-11-23 22:31:12 --> Invalid file: Tip_tracking/list_edit_tip.php
in SYSTEMPATH\Exceptions\FrameworkException.php on line 33.
 1 SYSTEMPATH\View\View.php(201): CodeIgniter\Exceptions\FrameworkException::forInvalidFile('Tip_tracking/list_edit_tip.php')
 2 SYSTEMPATH\Common.php(1137): CodeIgniter\View\View->render('Tip_tracking/list_edit_tip', [], true)
 3 APPPATH\Controllers\Tip.php(41): view('Tip_tracking/list_edit_tip', [...])
 4 SYSTEMPATH\CodeIgniter.php(904): App\Controllers\Tip->viewupdate()
 5 SYSTEMPATH\CodeIgniter.php(457): CodeIgniter\CodeIgniter->runController(Object(App\Controllers\Tip))
 6 SYSTEMPATH\CodeIgniter.php(340): CodeIgniter\CodeIgniter->handleRequest(null, Object(Config\Cache), false)
 7 FCPATH\index.php(67): CodeIgniter\CodeIgniter->run()
 8 SYSTEMPATH\Commands\Server\rewrite.php(43): require_once('FCPATH\\index.php')
CRITICAL - 2022-11-23 22:31:14 --> Invalid file: Tip_tracking/list_edit_tip.php
in SYSTEMPATH\Exceptions\FrameworkException.php on line 33.
 1 SYSTEMPATH\View\View.php(201): CodeIgniter\Exceptions\FrameworkException::forInvalidFile('Tip_tracking/list_edit_tip.php')
 2 SYSTEMPATH\Common.php(1137): CodeIgniter\View\View->render('Tip_tracking/list_edit_tip', [], true)
 3 APPPATH\Controllers\Tip.php(41): view('Tip_tracking/list_edit_tip', [...])
 4 SYSTEMPATH\CodeIgniter.php(904): App\Controllers\Tip->viewupdate()
 5 SYSTEMPATH\CodeIgniter.php(457): CodeIgniter\CodeIgniter->runController(Object(App\Controllers\Tip))
 6 SYSTEMPATH\CodeIgniter.php(340): CodeIgniter\CodeIgniter->handleRequest(null, Object(Config\Cache), false)
 7 FCPATH\index.php(67): CodeIgniter\CodeIgniter->run()
 8 SYSTEMPATH\Commands\Server\rewrite.php(43): require_once('FCPATH\\index.php')
CRITICAL - 2022-11-23 22:34:40 --> Invalid file: Tip_tracking/list_edit_tip.php
in SYSTEMPATH\Exceptions\FrameworkException.php on line 33.
 1 SYSTEMPATH\View\View.php(201): CodeIgniter\Exceptions\FrameworkException::forInvalidFile('Tip_tracking/list_edit_tip.php')
 2 SYSTEMPATH\Common.php(1137): CodeIgniter\View\View->render('Tip_tracking/list_edit_tip', [], true)
 3 APPPATH\Controllers\Tip.php(43): view('Tip_tracking/list_edit_tip', [...])
 4 SYSTEMPATH\CodeIgniter.php(904): App\Controllers\Tip->viewupdate()
 5 SYSTEMPATH\CodeIgniter.php(457): CodeIgniter\CodeIgniter->runController(Object(App\Controllers\Tip))
 6 SYSTEMPATH\CodeIgniter.php(340): CodeIgniter\CodeIgniter->handleRequest(null, Object(Config\Cache), false)
 7 FCPATH\index.php(67): CodeIgniter\CodeIgniter->run()
 8 SYSTEMPATH\Commands\Server\rewrite.php(43): require_once('FCPATH\\index.php')
CRITICAL - 2022-11-23 22:34:44 --> Invalid file: Tip_tracking/list_edit_tip.php
in SYSTEMPATH\Exceptions\FrameworkException.php on line 33.
 1 SYSTEMPATH\View\View.php(201): CodeIgniter\Exceptions\FrameworkException::forInvalidFile('Tip_tracking/list_edit_tip.php')
 2 SYSTEMPATH\Common.php(1137): CodeIgniter\View\View->render('Tip_tracking/list_edit_tip', [], true)
 3 APPPATH\Controllers\Tip.php(43): view('Tip_tracking/list_edit_tip', [...])
 4 SYSTEMPATH\CodeIgniter.php(904): App\Controllers\Tip->viewupdate()
 5 SYSTEMPATH\CodeIgniter.php(457): CodeIgniter\CodeIgniter->runController(Object(App\Controllers\Tip))
 6 SYSTEMPATH\CodeIgniter.php(340): CodeIgniter\CodeIgniter->handleRequest(null, Object(Config\Cache), false)
 7 FCPATH\index.php(67): CodeIgniter\CodeIgniter->run()
 8 SYSTEMPATH\Commands\Server\rewrite.php(43): require_once('FCPATH\\index.php')
CRITICAL - 2022-11-23 22:35:50 --> Invalid file: Tip_tracking/list_edit_tip.php
in SYSTEMPATH\Exceptions\FrameworkException.php on line 33.
 1 SYSTEMPATH\View\View.php(201): CodeIgniter\Exceptions\FrameworkException::forInvalidFile('Tip_tracking/list_edit_tip.php')
 2 SYSTEMPATH\Common.php(1137): CodeIgniter\View\View->render('Tip_tracking/list_edit_tip', [], true)
 3 APPPATH\Controllers\Tip.php(43): view('Tip_tracking/list_edit_tip', [...])
 4 SYSTEMPATH\CodeIgniter.php(904): App\Controllers\Tip->viewupdate()
 5 SYSTEMPATH\CodeIgniter.php(457): CodeIgniter\CodeIgniter->runController(Object(App\Controllers\Tip))
 6 SYSTEMPATH\CodeIgniter.php(340): CodeIgniter\CodeIgniter->handleRequest(null, Object(Config\Cache), false)
 7 FCPATH\index.php(67): CodeIgniter\CodeIgniter->run()
 8 SYSTEMPATH\Commands\Server\rewrite.php(43): require_once('FCPATH\\index.php')
CRITICAL - 2022-11-23 22:35:52 --> Invalid file: Tip_tracking/list_edit_tip.php
in SYSTEMPATH\Exceptions\FrameworkException.php on line 33.
 1 SYSTEMPATH\View\View.php(201): CodeIgniter\Exceptions\FrameworkException::forInvalidFile('Tip_tracking/list_edit_tip.php')
 2 SYSTEMPATH\Common.php(1137): CodeIgniter\View\View->render('Tip_tracking/list_edit_tip', [], true)
 3 APPPATH\Controllers\Tip.php(43): view('Tip_tracking/list_edit_tip', [...])
 4 SYSTEMPATH\CodeIgniter.php(904): App\Controllers\Tip->viewupdate()
 5 SYSTEMPATH\CodeIgniter.php(457): CodeIgniter\CodeIgniter->runController(Object(App\Controllers\Tip))
 6 SYSTEMPATH\CodeIgniter.php(340): CodeIgniter\CodeIgniter->handleRequest(null, Object(Config\Cache), false)
 7 FCPATH\index.php(67): CodeIgniter\CodeIgniter->run()
 8 SYSTEMPATH\Commands\Server\rewrite.php(43): require_once('FCPATH\\index.php')
CRITICAL - 2022-11-23 22:39:37 --> Invalid file: Tip_tracking/list_edit_tip.php
in SYSTEMPATH\Exceptions\FrameworkException.php on line 33.
 1 SYSTEMPATH\View\View.php(201): CodeIgniter\Exceptions\FrameworkException::forInvalidFile('Tip_tracking/list_edit_tip.php')
 2 SYSTEMPATH\Common.php(1137): CodeIgniter\View\View->render('Tip_tracking/list_edit_tip', [], true)
 3 APPPATH\Controllers\Tip.php(43): view('Tip_tracking/list_edit_tip', [...])
 4 SYSTEMPATH\CodeIgniter.php(904): App\Controllers\Tip->viewupdate()
 5 SYSTEMPATH\CodeIgniter.php(457): CodeIgniter\CodeIgniter->runController(Object(App\Controllers\Tip))
 6 SYSTEMPATH\CodeIgniter.php(340): CodeIgniter\CodeIgniter->handleRequest(null, Object(Config\Cache), false)
 7 FCPATH\index.php(67): CodeIgniter\CodeIgniter->run()
 8 SYSTEMPATH\Commands\Server\rewrite.php(43): require_once('FCPATH\\index.php')
