CRITICAL - 2023-03-01 02:32:43 --> Trying to access array offset on value of type int
in APPPATH\Models\TipModel.php on line 85.
 1 APPPATH\Models\TipModel.php(85): CodeIgniter\Debug\Exceptions->errorHandler(8, 'Trying to access array offset on value of type int', 'APPPATH\\Models\\TipModel.php', 85, [...])
 2 APPPATH\Controllers\Tip.php(139): App\Models\TipModel->Addtip([...], [...], [...], [...], [...], [...], [...], [...])
 3 SYSTEMPATH\CodeIgniter.php(904): App\Controllers\Tip->addListTip()
 4 SYSTEMPATH\CodeIgniter.php(457): CodeIgniter\CodeIgniter->runController(Object(App\Controllers\Tip))
 5 SYSTEMPATH\CodeIgniter.php(340): CodeIgniter\CodeIgniter->handleRequest(null, Object(Config\Cache), false)
 6 FCPATH\index.php(67): CodeIgniter\CodeIgniter->run()
 7 SYSTEMPATH\Commands\Server\rewrite.php(43): require_once('FCPATH\\index.php')
CRITICAL - 2023-03-01 02:33:13 --> Undefined offset: 438
in APPPATH\Models\TipModel.php on line 86.
 1 APPPATH\Models\TipModel.php(86): CodeIgniter\Debug\Exceptions->errorHandler(8, 'Undefined offset: 438', 'APPPATH\\Models\\TipModel.php', 86, [...])
 2 APPPATH\Controllers\Tip.php(139): App\Models\TipModel->Addtip([...], [...], [...], [...], [...], [...], [...], [...])
 3 SYSTEMPATH\CodeIgniter.php(904): App\Controllers\Tip->addListTip()
 4 SYSTEMPATH\CodeIgniter.php(457): CodeIgniter\CodeIgniter->runController(Object(App\Controllers\Tip))
 5 SYSTEMPATH\CodeIgniter.php(340): CodeIgniter\CodeIgniter->handleRequest(null, Object(Config\Cache), false)
 6 FCPATH\index.php(67): CodeIgniter\CodeIgniter->run()
 7 SYSTEMPATH\Commands\Server\rewrite.php(43): require_once('FCPATH\\index.php')
CRITICAL - 2023-03-01 02:33:14 --> Undefined offset: 439
in APPPATH\Models\TipModel.php on line 86.
 1 APPPATH\Models\TipModel.php(86): CodeIgniter\Debug\Exceptions->errorHandler(8, 'Undefined offset: 439', 'APPPATH\\Models\\TipModel.php', 86, [...])
 2 APPPATH\Controllers\Tip.php(139): App\Models\TipModel->Addtip([...], [...], [...], [...], [...], [...], [...], [...])
 3 SYSTEMPATH\CodeIgniter.php(904): App\Controllers\Tip->addListTip()
 4 SYSTEMPATH\CodeIgniter.php(457): CodeIgniter\CodeIgniter->runController(Object(App\Controllers\Tip))
 5 SYSTEMPATH\CodeIgniter.php(340): CodeIgniter\CodeIgniter->handleRequest(null, Object(Config\Cache), false)
 6 FCPATH\index.php(67): CodeIgniter\CodeIgniter->run()
 7 SYSTEMPATH\Commands\Server\rewrite.php(43): require_once('FCPATH\\index.php')
CRITICAL - 2023-03-01 02:33:14 --> Undefined offset: 440
in APPPATH\Models\TipModel.php on line 86.
 1 APPPATH\Models\TipModel.php(86): CodeIgniter\Debug\Exceptions->errorHandler(8, 'Undefined offset: 440', 'APPPATH\\Models\\TipModel.php', 86, [...])
 2 APPPATH\Controllers\Tip.php(139): App\Models\TipModel->Addtip([...], [...], [...], [...], [...], [...], [...], [...])
 3 SYSTEMPATH\CodeIgniter.php(904): App\Controllers\Tip->addListTip()
 4 SYSTEMPATH\CodeIgniter.php(457): CodeIgniter\CodeIgniter->runController(Object(App\Controllers\Tip))
 5 SYSTEMPATH\CodeIgniter.php(340): CodeIgniter\CodeIgniter->handleRequest(null, Object(Config\Cache), false)
 6 FCPATH\index.php(67): CodeIgniter\CodeIgniter->run()
 7 SYSTEMPATH\Commands\Server\rewrite.php(43): require_once('FCPATH\\index.php')
CRITICAL - 2023-03-01 02:33:15 --> Undefined offset: 441
in APPPATH\Models\TipModel.php on line 86.
 1 APPPATH\Models\TipModel.php(86): CodeIgniter\Debug\Exceptions->errorHandler(8, 'Undefined offset: 441', 'APPPATH\\Models\\TipModel.php', 86, [...])
 2 APPPATH\Controllers\Tip.php(139): App\Models\TipModel->Addtip([...], [...], [...], [...], [...], [...], [...], [...])
 3 SYSTEMPATH\CodeIgniter.php(904): App\Controllers\Tip->addListTip()
 4 SYSTEMPATH\CodeIgniter.php(457): CodeIgniter\CodeIgniter->runController(Object(App\Controllers\Tip))
 5 SYSTEMPATH\CodeIgniter.php(340): CodeIgniter\CodeIgniter->handleRequest(null, Object(Config\Cache), false)
 6 FCPATH\index.php(67): CodeIgniter\CodeIgniter->run()
 7 SYSTEMPATH\Commands\Server\rewrite.php(43): require_once('FCPATH\\index.php')
CRITICAL - 2023-03-01 02:33:15 --> Undefined offset: 442
in APPPATH\Models\TipModel.php on line 86.
 1 APPPATH\Models\TipModel.php(86): CodeIgniter\Debug\Exceptions->errorHandler(8, 'Undefined offset: 442', 'APPPATH\\Models\\TipModel.php', 86, [...])
 2 APPPATH\Controllers\Tip.php(139): App\Models\TipModel->Addtip([...], [...], [...], [...], [...], [...], [...], [...])
 3 SYSTEMPATH\CodeIgniter.php(904): App\Controllers\Tip->addListTip()
 4 SYSTEMPATH\CodeIgniter.php(457): CodeIgniter\CodeIgniter->runController(Object(App\Controllers\Tip))
 5 SYSTEMPATH\CodeIgniter.php(340): CodeIgniter\CodeIgniter->handleRequest(null, Object(Config\Cache), false)
 6 FCPATH\index.php(67): CodeIgniter\CodeIgniter->run()
 7 SYSTEMPATH\Commands\Server\rewrite.php(43): require_once('FCPATH\\index.php')
CRITICAL - 2023-03-01 02:33:16 --> Undefined offset: 443
in APPPATH\Models\TipModel.php on line 86.
 1 APPPATH\Models\TipModel.php(86): CodeIgniter\Debug\Exceptions->errorHandler(8, 'Undefined offset: 443', 'APPPATH\\Models\\TipModel.php', 86, [...])
 2 APPPATH\Controllers\Tip.php(139): App\Models\TipModel->Addtip([...], [...], [...], [...], [...], [...], [...], [...])
 3 SYSTEMPATH\CodeIgniter.php(904): App\Controllers\Tip->addListTip()
 4 SYSTEMPATH\CodeIgniter.php(457): CodeIgniter\CodeIgniter->runController(Object(App\Controllers\Tip))
 5 SYSTEMPATH\CodeIgniter.php(340): CodeIgniter\CodeIgniter->handleRequest(null, Object(Config\Cache), false)
 6 FCPATH\index.php(67): CodeIgniter\CodeIgniter->run()
 7 SYSTEMPATH\Commands\Server\rewrite.php(43): require_once('FCPATH\\index.php')
CRITICAL - 2023-03-01 02:33:16 --> Undefined offset: 444
in APPPATH\Models\TipModel.php on line 86.
 1 APPPATH\Models\TipModel.php(86): CodeIgniter\Debug\Exceptions->errorHandler(8, 'Undefined offset: 444', 'APPPATH\\Models\\TipModel.php', 86, [...])
 2 APPPATH\Controllers\Tip.php(139): App\Models\TipModel->Addtip([...], [...], [...], [...], [...], [...], [...], [...])
 3 SYSTEMPATH\CodeIgniter.php(904): App\Controllers\Tip->addListTip()
 4 SYSTEMPATH\CodeIgniter.php(457): CodeIgniter\CodeIgniter->runController(Object(App\Controllers\Tip))
 5 SYSTEMPATH\CodeIgniter.php(340): CodeIgniter\CodeIgniter->handleRequest(null, Object(Config\Cache), false)
 6 FCPATH\index.php(67): CodeIgniter\CodeIgniter->run()
 7 SYSTEMPATH\Commands\Server\rewrite.php(43): require_once('FCPATH\\index.php')
CRITICAL - 2023-03-01 02:33:16 --> Undefined offset: 445
in APPPATH\Models\TipModel.php on line 86.
 1 APPPATH\Models\TipModel.php(86): CodeIgniter\Debug\Exceptions->errorHandler(8, 'Undefined offset: 445', 'APPPATH\\Models\\TipModel.php', 86, [...])
 2 APPPATH\Controllers\Tip.php(139): App\Models\TipModel->Addtip([...], [...], [...], [...], [...], [...], [...], [...])
 3 SYSTEMPATH\CodeIgniter.php(904): App\Controllers\Tip->addListTip()
 4 SYSTEMPATH\CodeIgniter.php(457): CodeIgniter\CodeIgniter->runController(Object(App\Controllers\Tip))
 5 SYSTEMPATH\CodeIgniter.php(340): CodeIgniter\CodeIgniter->handleRequest(null, Object(Config\Cache), false)
 6 FCPATH\index.php(67): CodeIgniter\CodeIgniter->run()
 7 SYSTEMPATH\Commands\Server\rewrite.php(43): require_once('FCPATH\\index.php')
CRITICAL - 2023-03-01 02:33:17 --> Undefined offset: 446
in APPPATH\Models\TipModel.php on line 86.
 1 APPPATH\Models\TipModel.php(86): CodeIgniter\Debug\Exceptions->errorHandler(8, 'Undefined offset: 446', 'APPPATH\\Models\\TipModel.php', 86, [...])
 2 APPPATH\Controllers\Tip.php(139): App\Models\TipModel->Addtip([...], [...], [...], [...], [...], [...], [...], [...])
 3 SYSTEMPATH\CodeIgniter.php(904): App\Controllers\Tip->addListTip()
 4 SYSTEMPATH\CodeIgniter.php(457): CodeIgniter\CodeIgniter->runController(Object(App\Controllers\Tip))
 5 SYSTEMPATH\CodeIgniter.php(340): CodeIgniter\CodeIgniter->handleRequest(null, Object(Config\Cache), false)
 6 FCPATH\index.php(67): CodeIgniter\CodeIgniter->run()
 7 SYSTEMPATH\Commands\Server\rewrite.php(43): require_once('FCPATH\\index.php')
CRITICAL - 2023-03-01 02:33:17 --> Undefined offset: 447
in APPPATH\Models\TipModel.php on line 86.
 1 APPPATH\Models\TipModel.php(86): CodeIgniter\Debug\Exceptions->errorHandler(8, 'Undefined offset: 447', 'APPPATH\\Models\\TipModel.php', 86, [...])
 2 APPPATH\Controllers\Tip.php(139): App\Models\TipModel->Addtip([...], [...], [...], [...], [...], [...], [...], [...])
 3 SYSTEMPATH\CodeIgniter.php(904): App\Controllers\Tip->addListTip()
 4 SYSTEMPATH\CodeIgniter.php(457): CodeIgniter\CodeIgniter->runController(Object(App\Controllers\Tip))
 5 SYSTEMPATH\CodeIgniter.php(340): CodeIgniter\CodeIgniter->handleRequest(null, Object(Config\Cache), false)
 6 FCPATH\index.php(67): CodeIgniter\CodeIgniter->run()
 7 SYSTEMPATH\Commands\Server\rewrite.php(43): require_once('FCPATH\\index.php')
CRITICAL - 2023-03-01 02:33:17 --> Undefined offset: 448
in APPPATH\Models\TipModel.php on line 86.
 1 APPPATH\Models\TipModel.php(86): CodeIgniter\Debug\Exceptions->errorHandler(8, 'Undefined offset: 448', 'APPPATH\\Models\\TipModel.php', 86, [...])
 2 APPPATH\Controllers\Tip.php(139): App\Models\TipModel->Addtip([...], [...], [...], [...], [...], [...], [...], [...])
 3 SYSTEMPATH\CodeIgniter.php(904): App\Controllers\Tip->addListTip()
 4 SYSTEMPATH\CodeIgniter.php(457): CodeIgniter\CodeIgniter->runController(Object(App\Controllers\Tip))
 5 SYSTEMPATH\CodeIgniter.php(340): CodeIgniter\CodeIgniter->handleRequest(null, Object(Config\Cache), false)
 6 FCPATH\index.php(67): CodeIgniter\CodeIgniter->run()
 7 SYSTEMPATH\Commands\Server\rewrite.php(43): require_once('FCPATH\\index.php')
CRITICAL - 2023-03-01 02:39:33 --> array_keys() expects parameter 1 to be array, int given
in SYSTEMPATH\Database\BaseBuilder.php on line 1820.
 1 [internal function]: CodeIgniter\Debug\Exceptions->errorHandler(2, 'array_keys() expects parameter 1 to be array, int given', 'SYSTEMPATH\\Database\\BaseBuilder.php', 1820, [...])
 2 SYSTEMPATH\Database\BaseBuilder.php(1820): array_keys(451)
 3 SYSTEMPATH\Database\BaseBuilder.php(1770): CodeIgniter\Database\BaseBuilder->setInsertBatch([...], 'ROOTPATH\\public', true)
 4 APPPATH\Models\TipModel.php(88): CodeIgniter\Database\BaseBuilder->insertBatch([...])
 5 APPPATH\Controllers\Tip.php(139): App\Models\TipModel->Addtip([...], [...], [...], [...], [...], [...], [...], [...])
 6 SYSTEMPATH\CodeIgniter.php(904): App\Controllers\Tip->addListTip()
 7 SYSTEMPATH\CodeIgniter.php(457): CodeIgniter\CodeIgniter->runController(Object(App\Controllers\Tip))
 8 SYSTEMPATH\CodeIgniter.php(340): CodeIgniter\CodeIgniter->handleRequest(null, Object(Config\Cache), false)
 9 FCPATH\index.php(67): CodeIgniter\CodeIgniter->run()
10 SYSTEMPATH\Commands\Server\rewrite.php(43): require_once('FCPATH\\index.php')
ERROR - 2023-03-01 02:39:49 --> mysqli_sql_exception: Operand should contain 1 column(s) in C:\xampp\htdocs\tracking\system\Database\MySQLi\Connection.php:292
Stack trace:
#0 C:\xampp\htdocs\tracking\system\Database\MySQLi\Connection.php(292): mysqli->query('INSERT INTO `tb...', 0)
#1 C:\xampp\htdocs\tracking\system\Database\BaseConnection.php(693): CodeIgniter\Database\MySQLi\Connection->execute('INSERT INTO `tb...')
#2 C:\xampp\htdocs\tracking\system\Database\BaseConnection.php(620): CodeIgniter\Database\BaseConnection->simpleQuery('INSERT INTO `tb...')
#3 C:\xampp\htdocs\tracking\system\Database\BaseBuilder.php(1916): CodeIgniter\Database\BaseConnection->query('INSERT INTO `tb...', Array, false)
#4 C:\xampp\htdocs\tracking\app\Models\TipModel.php(88): CodeIgniter\Database\BaseBuilder->insert(Array)
#5 C:\xampp\htdocs\tracking\app\Controllers\Tip.php(139): App\Models\TipModel->Addtip(Array, Array, Array, Array, Array, Array, Array, Array)
#6 C:\xampp\htdocs\tracking\system\CodeIgniter.php(904): App\Controllers\Tip->addListTip()
#7 C:\xampp\htdocs\tracking\system\CodeIgniter.php(457): CodeIgniter\CodeIgniter->runController(Object(App\Controllers\Tip))
#8 C:\xampp\htdocs\tracking\system\CodeIgniter.php(340): CodeIgniter\CodeIgniter->handleRequest(NULL, Object(Config\Cache), false)
#9 C:\xampp\htdocs\tracking\public\index.php(67): CodeIgniter\CodeIgniter->run()
#10 C:\xampp\htdocs\tracking\system\Commands\Server\rewrite.php(43): require_once('C:\\xampp\\htdocs...')
#11 {main}
CRITICAL - 2023-03-01 02:39:49 --> Operand should contain 1 column(s)
in SYSTEMPATH\Database\MySQLi\Connection.php on line 292.
 1 SYSTEMPATH\Database\MySQLi\Connection.php(292): mysqli->query('INSERT INTO `tblmas_detail_tip_tracking` (`tipID`, `doID`) VALUES (452, (\'210508\',\'210509\',\'210501\',\'210499\'))', 0)
 2 SYSTEMPATH\Database\BaseConnection.php(693): CodeIgniter\Database\MySQLi\Connection->execute('INSERT INTO `tblmas_detail_tip_tracking` (`tipID`, `doID`) VALUES (452, (\'210508\',\'210509\',\'210501\',\'210499\'))')
 3 SYSTEMPATH\Database\BaseConnection.php(620): CodeIgniter\Database\BaseConnection->simpleQuery('INSERT INTO `tblmas_detail_tip_tracking` (`tipID`, `doID`) VALUES (452, (\'210508\',\'210509\',\'210501\',\'210499\'))')
 4 SYSTEMPATH\Database\BaseBuilder.php(1916): CodeIgniter\Database\BaseConnection->query('INSERT INTO `tblmas_detail_tip_tracking` (`tipID`, `doID`) VALUES (:tipID:, :doID:)', [...], false)
 5 APPPATH\Models\TipModel.php(88): CodeIgniter\Database\BaseBuilder->insert([...])
 6 APPPATH\Controllers\Tip.php(139): App\Models\TipModel->Addtip([...], [...], [...], [...], [...], [...], [...], [...])
 7 SYSTEMPATH\CodeIgniter.php(904): App\Controllers\Tip->addListTip()
 8 SYSTEMPATH\CodeIgniter.php(457): CodeIgniter\CodeIgniter->runController(Object(App\Controllers\Tip))
 9 SYSTEMPATH\CodeIgniter.php(340): CodeIgniter\CodeIgniter->handleRequest(null, Object(Config\Cache), false)
10 FCPATH\index.php(67): CodeIgniter\CodeIgniter->run()
11 SYSTEMPATH\Commands\Server\rewrite.php(43): require_once('FCPATH\\index.php')
CRITICAL - 2023-03-01 02:47:45 --> Trying to access array offset on value of type int
in APPPATH\Models\TipModel.php on line 84.
 1 APPPATH\Models\TipModel.php(84): CodeIgniter\Debug\Exceptions->errorHandler(8, 'Trying to access array offset on value of type int', 'APPPATH\\Models\\TipModel.php', 84, [...])
 2 APPPATH\Controllers\Tip.php(139): App\Models\TipModel->Addtip([...], [...], [...], [...], [...], [...], [...], [...])
 3 SYSTEMPATH\CodeIgniter.php(904): App\Controllers\Tip->addListTip()
 4 SYSTEMPATH\CodeIgniter.php(457): CodeIgniter\CodeIgniter->runController(Object(App\Controllers\Tip))
 5 SYSTEMPATH\CodeIgniter.php(340): CodeIgniter\CodeIgniter->handleRequest(null, Object(Config\Cache), false)
 6 FCPATH\index.php(67): CodeIgniter\CodeIgniter->run()
 7 SYSTEMPATH\Commands\Server\rewrite.php(43): require_once('FCPATH\\index.php')
ERROR - 2023-03-01 02:52:12 --> mysqli_sql_exception: Operand should contain 1 column(s) in C:\xampp\htdocs\tracking\system\Database\MySQLi\Connection.php:292
Stack trace:
#0 C:\xampp\htdocs\tracking\system\Database\MySQLi\Connection.php(292): mysqli->query('INSERT INTO `tb...', 0)
#1 C:\xampp\htdocs\tracking\system\Database\BaseConnection.php(693): CodeIgniter\Database\MySQLi\Connection->execute('INSERT INTO `tb...')
#2 C:\xampp\htdocs\tracking\system\Database\BaseConnection.php(620): CodeIgniter\Database\BaseConnection->simpleQuery('INSERT INTO `tb...')
#3 C:\xampp\htdocs\tracking\system\Database\BaseBuilder.php(1916): CodeIgniter\Database\BaseConnection->query('INSERT INTO `tb...', Array, false)
#4 C:\xampp\htdocs\tracking\app\Models\TipModel.php(88): CodeIgniter\Database\BaseBuilder->insert(Array)
#5 C:\xampp\htdocs\tracking\app\Controllers\Tip.php(139): App\Models\TipModel->Addtip(Array, Array, Array, Array, Array, Array, Array, Array)
#6 C:\xampp\htdocs\tracking\system\CodeIgniter.php(904): App\Controllers\Tip->addListTip()
#7 C:\xampp\htdocs\tracking\system\CodeIgniter.php(457): CodeIgniter\CodeIgniter->runController(Object(App\Controllers\Tip))
#8 C:\xampp\htdocs\tracking\system\CodeIgniter.php(340): CodeIgniter\CodeIgniter->handleRequest(NULL, Object(Config\Cache), false)
#9 C:\xampp\htdocs\tracking\public\index.php(67): CodeIgniter\CodeIgniter->run()
#10 C:\xampp\htdocs\tracking\system\Commands\Server\rewrite.php(43): require_once('C:\\xampp\\htdocs...')
#11 {main}
CRITICAL - 2023-03-01 02:52:12 --> Operand should contain 1 column(s)
in SYSTEMPATH\Database\MySQLi\Connection.php on line 292.
 1 SYSTEMPATH\Database\MySQLi\Connection.php(292): mysqli->query('INSERT INTO `tblmas_detail_tip_tracking` (`tipID`, `doID`) VALUES (455, (\'210508\',\'210509\',\'210501\',\'210499\'))', 0)
 2 SYSTEMPATH\Database\BaseConnection.php(693): CodeIgniter\Database\MySQLi\Connection->execute('INSERT INTO `tblmas_detail_tip_tracking` (`tipID`, `doID`) VALUES (455, (\'210508\',\'210509\',\'210501\',\'210499\'))')
 3 SYSTEMPATH\Database\BaseConnection.php(620): CodeIgniter\Database\BaseConnection->simpleQuery('INSERT INTO `tblmas_detail_tip_tracking` (`tipID`, `doID`) VALUES (455, (\'210508\',\'210509\',\'210501\',\'210499\'))')
 4 SYSTEMPATH\Database\BaseBuilder.php(1916): CodeIgniter\Database\BaseConnection->query('INSERT INTO `tblmas_detail_tip_tracking` (`tipID`, `doID`) VALUES (:tipID:, :doID:)', [...], false)
 5 APPPATH\Models\TipModel.php(88): CodeIgniter\Database\BaseBuilder->insert([...])
 6 APPPATH\Controllers\Tip.php(139): App\Models\TipModel->Addtip([...], [...], [...], [...], [...], [...], [...], [...])
 7 SYSTEMPATH\CodeIgniter.php(904): App\Controllers\Tip->addListTip()
 8 SYSTEMPATH\CodeIgniter.php(457): CodeIgniter\CodeIgniter->runController(Object(App\Controllers\Tip))
 9 SYSTEMPATH\CodeIgniter.php(340): CodeIgniter\CodeIgniter->handleRequest(null, Object(Config\Cache), false)
10 FCPATH\index.php(67): CodeIgniter\CodeIgniter->run()
11 SYSTEMPATH\Commands\Server\rewrite.php(43): require_once('FCPATH\\index.php')
CRITICAL - 2023-03-01 03:01:44 --> array_keys() expects parameter 1 to be array, int given
in SYSTEMPATH\Database\BaseBuilder.php on line 1820.
 1 [internal function]: CodeIgniter\Debug\Exceptions->errorHandler(2, 'array_keys() expects parameter 1 to be array, int given', 'SYSTEMPATH\\Database\\BaseBuilder.php', 1820, [...])
 2 SYSTEMPATH\Database\BaseBuilder.php(1820): array_keys(464)
 3 SYSTEMPATH\Database\BaseBuilder.php(1770): CodeIgniter\Database\BaseBuilder->setInsertBatch([...], 'ROOTPATH\\public', true)
 4 APPPATH\Models\TipModel.php(91): CodeIgniter\Database\BaseBuilder->insertBatch([...])
 5 APPPATH\Controllers\Tip.php(139): App\Models\TipModel->Addtip([...], [...], [...], [...], [...], [...], [...], [...])
 6 SYSTEMPATH\CodeIgniter.php(904): App\Controllers\Tip->addListTip()
 7 SYSTEMPATH\CodeIgniter.php(457): CodeIgniter\CodeIgniter->runController(Object(App\Controllers\Tip))
 8 SYSTEMPATH\CodeIgniter.php(340): CodeIgniter\CodeIgniter->handleRequest(null, Object(Config\Cache), false)
 9 FCPATH\index.php(67): CodeIgniter\CodeIgniter->run()
10 SYSTEMPATH\Commands\Server\rewrite.php(43): require_once('FCPATH\\index.php')
CRITICAL - 2023-03-01 03:01:58 --> array_keys() expects parameter 1 to be array, int given
in SYSTEMPATH\Database\BaseBuilder.php on line 1820.
 1 [internal function]: CodeIgniter\Debug\Exceptions->errorHandler(2, 'array_keys() expects parameter 1 to be array, int given', 'SYSTEMPATH\\Database\\BaseBuilder.php', 1820, [...])
 2 SYSTEMPATH\Database\BaseBuilder.php(1820): array_keys(465)
 3 SYSTEMPATH\Database\BaseBuilder.php(1770): CodeIgniter\Database\BaseBuilder->setInsertBatch([...], 'ROOTPATH\\public', true)
 4 APPPATH\Models\TipModel.php(91): CodeIgniter\Database\BaseBuilder->insertBatch([...])
 5 APPPATH\Controllers\Tip.php(139): App\Models\TipModel->Addtip([...], [...], [...], [...], [...], [...], [...], [...])
 6 SYSTEMPATH\CodeIgniter.php(904): App\Controllers\Tip->addListTip()
 7 SYSTEMPATH\CodeIgniter.php(457): CodeIgniter\CodeIgniter->runController(Object(App\Controllers\Tip))
 8 SYSTEMPATH\CodeIgniter.php(340): CodeIgniter\CodeIgniter->handleRequest(null, Object(Config\Cache), false)
 9 FCPATH\index.php(67): CodeIgniter\CodeIgniter->run()
10 SYSTEMPATH\Commands\Server\rewrite.php(43): require_once('FCPATH\\index.php')
CRITICAL - 2023-03-01 03:01:59 --> array_keys() expects parameter 1 to be array, int given
in SYSTEMPATH\Database\BaseBuilder.php on line 1820.
 1 [internal function]: CodeIgniter\Debug\Exceptions->errorHandler(2, 'array_keys() expects parameter 1 to be array, int given', 'SYSTEMPATH\\Database\\BaseBuilder.php', 1820, [...])
 2 SYSTEMPATH\Database\BaseBuilder.php(1820): array_keys(466)
 3 SYSTEMPATH\Database\BaseBuilder.php(1770): CodeIgniter\Database\BaseBuilder->setInsertBatch([...], 'ROOTPATH\\public', true)
 4 APPPATH\Models\TipModel.php(91): CodeIgniter\Database\BaseBuilder->insertBatch([...])
 5 APPPATH\Controllers\Tip.php(139): App\Models\TipModel->Addtip([...], [...], [...], [...], [...], [...], [...], [...])
 6 SYSTEMPATH\CodeIgniter.php(904): App\Controllers\Tip->addListTip()
 7 SYSTEMPATH\CodeIgniter.php(457): CodeIgniter\CodeIgniter->runController(Object(App\Controllers\Tip))
 8 SYSTEMPATH\CodeIgniter.php(340): CodeIgniter\CodeIgniter->handleRequest(null, Object(Config\Cache), false)
 9 FCPATH\index.php(67): CodeIgniter\CodeIgniter->run()
10 SYSTEMPATH\Commands\Server\rewrite.php(43): require_once('FCPATH\\index.php')
CRITICAL - 2023-03-01 03:04:59 --> array_keys() expects parameter 1 to be array, int given
in SYSTEMPATH\Database\BaseBuilder.php on line 1820.
 1 [internal function]: CodeIgniter\Debug\Exceptions->errorHandler(2, 'array_keys() expects parameter 1 to be array, int given', 'SYSTEMPATH\\Database\\BaseBuilder.php', 1820, [...])
 2 SYSTEMPATH\Database\BaseBuilder.php(1820): array_keys(469)
 3 SYSTEMPATH\Database\BaseBuilder.php(1770): CodeIgniter\Database\BaseBuilder->setInsertBatch([...], 'ROOTPATH\\public', true)
 4 APPPATH\Models\TipModel.php(92): CodeIgniter\Database\BaseBuilder->insertBatch([...])
 5 APPPATH\Controllers\Tip.php(139): App\Models\TipModel->Addtip([...], [...], [...], [...], [...], [...], [...], [...])
 6 SYSTEMPATH\CodeIgniter.php(904): App\Controllers\Tip->addListTip()
 7 SYSTEMPATH\CodeIgniter.php(457): CodeIgniter\CodeIgniter->runController(Object(App\Controllers\Tip))
 8 SYSTEMPATH\CodeIgniter.php(340): CodeIgniter\CodeIgniter->handleRequest(null, Object(Config\Cache), false)
 9 FCPATH\index.php(67): CodeIgniter\CodeIgniter->run()
10 SYSTEMPATH\Commands\Server\rewrite.php(43): require_once('FCPATH\\index.php')
CRITICAL - 2023-03-01 21:26:48 --> Undefined variable: data_temporary
in APPPATH\Views\Tip_tracking\list_tip_temporary.php on line 35.
 1 APPPATH\Views\Tip_tracking\list_tip_temporary.php(35): CodeIgniter\Debug\Exceptions->errorHandler(8, 'Undefined variable: data_temporary', 'APPPATH\\Views\\Tip_tracking\\list_tip_temporary.php', 35, [...])
 2 SYSTEMPATH\View\View.php(213): include('APPPATH\\Views\\Tip_tracking\\list_tip_temporary.php')
 3 SYSTEMPATH\View\View.php(216): CodeIgniter\View\View->CodeIgniter\View\{closure}()
 4 SYSTEMPATH\Common.php(1137): CodeIgniter\View\View->render('Tip_tracking/list_tip_temporary', [], true)
 5 APPPATH\Controllers\Tip.php(41): view('Tip_tracking/list_tip_temporary', [...])
 6 SYSTEMPATH\CodeIgniter.php(904): App\Controllers\Tip->viewTemporary()
 7 SYSTEMPATH\CodeIgniter.php(457): CodeIgniter\CodeIgniter->runController(Object(App\Controllers\Tip))
 8 SYSTEMPATH\CodeIgniter.php(340): CodeIgniter\CodeIgniter->handleRequest(null, Object(Config\Cache), false)
 9 FCPATH\index.php(67): CodeIgniter\CodeIgniter->run()
10 SYSTEMPATH\Commands\Server\rewrite.php(43): require_once('FCPATH\\index.php')
CRITICAL - 2023-03-01 22:30:03 --> Undefined variable: data_list
in APPPATH\Views\Tip_tracking\list_tip_temporary_detail.php on line 15.
 1 APPPATH\Views\Tip_tracking\list_tip_temporary_detail.php(15): CodeIgniter\Debug\Exceptions->errorHandler(8, 'Undefined variable: data_list', 'APPPATH\\Views\\Tip_tracking\\list_tip_temporary_detail.php', 15, [...])
 2 SYSTEMPATH\View\View.php(213): include('APPPATH\\Views\\Tip_tracking\\list_tip_temporary_detail.php')
 3 SYSTEMPATH\View\View.php(216): CodeIgniter\View\View->CodeIgniter\View\{closure}()
 4 SYSTEMPATH\Common.php(1137): CodeIgniter\View\View->render('Tip_tracking/list_tip_temporary_detail', [], true)
 5 APPPATH\Controllers\Tip.php(40): view('Tip_tracking/list_tip_temporary_detail', [...])
 6 SYSTEMPATH\CodeIgniter.php(904): App\Controllers\Tip->viewTemporary()
 7 SYSTEMPATH\CodeIgniter.php(457): CodeIgniter\CodeIgniter->runController(Object(App\Controllers\Tip))
 8 SYSTEMPATH\CodeIgniter.php(340): CodeIgniter\CodeIgniter->handleRequest(null, Object(Config\Cache), false)
 9 FCPATH\index.php(67): CodeIgniter\CodeIgniter->run()
10 SYSTEMPATH\Commands\Server\rewrite.php(43): require_once('FCPATH\\index.php')
CRITICAL - 2023-03-01 22:32:45 --> Undefined variable: driver
in APPPATH\Views\Tip_tracking\list_tip_temporary_detail.php on line 16.
 1 APPPATH\Views\Tip_tracking\list_tip_temporary_detail.php(16): CodeIgniter\Debug\Exceptions->errorHandler(8, 'Undefined variable: driver', 'APPPATH\\Views\\Tip_tracking\\list_tip_temporary_detail.php', 16, [...])
 2 SYSTEMPATH\View\View.php(213): include('APPPATH\\Views\\Tip_tracking\\list_tip_temporary_detail.php')
 3 SYSTEMPATH\View\View.php(216): CodeIgniter\View\View->CodeIgniter\View\{closure}()
 4 SYSTEMPATH\Common.php(1137): CodeIgniter\View\View->render('Tip_tracking/list_tip_temporary_detail', [], true)
 5 APPPATH\Controllers\Tip.php(40): view('Tip_tracking/list_tip_temporary_detail', [...])
 6 SYSTEMPATH\CodeIgniter.php(904): App\Controllers\Tip->viewTemporary()
 7 SYSTEMPATH\CodeIgniter.php(457): CodeIgniter\CodeIgniter->runController(Object(App\Controllers\Tip))
 8 SYSTEMPATH\CodeIgniter.php(340): CodeIgniter\CodeIgniter->handleRequest(null, Object(Config\Cache), false)
 9 FCPATH\index.php(67): CodeIgniter\CodeIgniter->run()
10 SYSTEMPATH\Commands\Server\rewrite.php(43): require_once('FCPATH\\index.php')
CRITICAL - 2023-03-01 22:48:03 --> Undefined variable: data_driver
in APPPATH\Views\Tip_tracking\list_tip_temporary_detail.php on line 122.
 1 APPPATH\Views\Tip_tracking\list_tip_temporary_detail.php(122): CodeIgniter\Debug\Exceptions->errorHandler(8, 'Undefined variable: data_driver', 'APPPATH\\Views\\Tip_tracking\\list_tip_temporary_detail.php', 122, [...])
 2 SYSTEMPATH\View\View.php(213): include('APPPATH\\Views\\Tip_tracking\\list_tip_temporary_detail.php')
 3 SYSTEMPATH\View\View.php(216): CodeIgniter\View\View->CodeIgniter\View\{closure}()
 4 SYSTEMPATH\Common.php(1137): CodeIgniter\View\View->render('Tip_tracking/list_tip_temporary_detail', [], true)
 5 APPPATH\Controllers\Tip.php(40): view('Tip_tracking/list_tip_temporary_detail', [...])
 6 SYSTEMPATH\CodeIgniter.php(904): App\Controllers\Tip->viewTemporary()
 7 SYSTEMPATH\CodeIgniter.php(457): CodeIgniter\CodeIgniter->runController(Object(App\Controllers\Tip))
 8 SYSTEMPATH\CodeIgniter.php(340): CodeIgniter\CodeIgniter->handleRequest(null, Object(Config\Cache), false)
 9 FCPATH\index.php(67): CodeIgniter\CodeIgniter->run()
10 SYSTEMPATH\Commands\Server\rewrite.php(43): require_once('FCPATH\\index.php')
CRITICAL - 2023-03-01 22:48:09 --> Undefined variable: data_driver
in APPPATH\Views\Tip_tracking\list_tip_temporary_detail.php on line 122.
 1 APPPATH\Views\Tip_tracking\list_tip_temporary_detail.php(122): CodeIgniter\Debug\Exceptions->errorHandler(8, 'Undefined variable: data_driver', 'APPPATH\\Views\\Tip_tracking\\list_tip_temporary_detail.php', 122, [...])
 2 SYSTEMPATH\View\View.php(213): include('APPPATH\\Views\\Tip_tracking\\list_tip_temporary_detail.php')
 3 SYSTEMPATH\View\View.php(216): CodeIgniter\View\View->CodeIgniter\View\{closure}()
 4 SYSTEMPATH\Common.php(1137): CodeIgniter\View\View->render('Tip_tracking/list_tip_temporary_detail', [], true)
 5 APPPATH\Controllers\Tip.php(40): view('Tip_tracking/list_tip_temporary_detail', [...])
 6 SYSTEMPATH\CodeIgniter.php(904): App\Controllers\Tip->viewTemporary()
 7 SYSTEMPATH\CodeIgniter.php(457): CodeIgniter\CodeIgniter->runController(Object(App\Controllers\Tip))
 8 SYSTEMPATH\CodeIgniter.php(340): CodeIgniter\CodeIgniter->handleRequest(null, Object(Config\Cache), false)
 9 FCPATH\index.php(67): CodeIgniter\CodeIgniter->run()
10 SYSTEMPATH\Commands\Server\rewrite.php(43): require_once('FCPATH\\index.php')
