CRITICAL - 2022-10-13 20:44:33 --> Invalid file: auth/v_login.php
in SYSTEMPATH\Exceptions\FrameworkException.php on line 33.
 1 SYSTEMPATH\View\View.php(201): CodeIgniter\Exceptions\FrameworkException::forInvalidFile('auth/v_login.php')
 2 SYSTEMPATH\Common.php(1137): CodeIgniter\View\View->render('auth/v_login', [], true)
 3 APPPATH\Controllers\Auth.php(12): view('auth/v_login')
 4 SYSTEMPATH\CodeIgniter.php(904): App\Controllers\Auth->index()
 5 SYSTEMPATH\CodeIgniter.php(457): CodeIgniter\CodeIgniter->runController(Object(App\Controllers\Auth))
 6 SYSTEMPATH\CodeIgniter.php(340): CodeIgniter\CodeIgniter->handleRequest(null, Object(Config\Cache), false)
 7 FCPATH\index.php(67): CodeIgniter\CodeIgniter->run()
 8 SYSTEMPATH\Commands\Server\rewrite.php(43): require_once('FCPATH\\index.php')
CRITICAL - 2022-10-13 20:58:18 --> Invalid file: layout/dashboard.php
in SYSTEMPATH\Exceptions\FrameworkException.php on line 33.
 1 SYSTEMPATH\View\View.php(201): CodeIgniter\Exceptions\FrameworkException::forInvalidFile('layout/dashboard.php')
 2 SYSTEMPATH\Common.php(1137): CodeIgniter\View\View->render('layout/dashboard', [], true)
 3 APPPATH\Controllers\Auth.php(17): view('layout/dashboard')
 4 SYSTEMPATH\CodeIgniter.php(904): App\Controllers\Auth->dashboard()
 5 SYSTEMPATH\CodeIgniter.php(457): CodeIgniter\CodeIgniter->runController(Object(App\Controllers\Auth))
 6 SYSTEMPATH\CodeIgniter.php(340): CodeIgniter\CodeIgniter->handleRequest(null, Object(Config\Cache), false)
 7 FCPATH\index.php(67): CodeIgniter\CodeIgniter->run()
 8 SYSTEMPATH\Commands\Server\rewrite.php(43): require_once('FCPATH\\index.php')
CRITICAL - 2022-10-13 20:58:18 --> Invalid file: layout/dashboard.php
in SYSTEMPATH\Exceptions\FrameworkException.php on line 33.
 1 SYSTEMPATH\View\View.php(201): CodeIgniter\Exceptions\FrameworkException::forInvalidFile('layout/dashboard.php')
 2 SYSTEMPATH\Common.php(1137): CodeIgniter\View\View->render('layout/dashboard', [], true)
 3 APPPATH\Controllers\Auth.php(17): view('layout/dashboard')
 4 SYSTEMPATH\CodeIgniter.php(904): App\Controllers\Auth->dashboard()
 5 SYSTEMPATH\CodeIgniter.php(457): CodeIgniter\CodeIgniter->runController(Object(App\Controllers\Auth))
 6 SYSTEMPATH\CodeIgniter.php(340): CodeIgniter\CodeIgniter->handleRequest(null, Object(Config\Cache), false)
 7 FCPATH\index.php(67): CodeIgniter\CodeIgniter->run()
 8 SYSTEMPATH\Commands\Server\rewrite.php(43): require_once('FCPATH\\index.php')
CRITICAL - 2022-10-13 21:10:43 --> Invalid file: schedule_eps/schedule_eps/list_schedule.php
in SYSTEMPATH\Exceptions\FrameworkException.php on line 33.
 1 SYSTEMPATH\View\View.php(201): CodeIgniter\Exceptions\FrameworkException::forInvalidFile('schedule_eps/schedule_eps/list_schedule.php')
 2 SYSTEMPATH\Common.php(1137): CodeIgniter\View\View->render('schedule_eps/schedule_eps/list_schedule', [], true)
 3 APPPATH\Controllers\Schedule.php(28): view('schedule_eps/schedule_eps/list_schedule')
 4 SYSTEMPATH\CodeIgniter.php(904): App\Controllers\Schedule->viewform()
 5 SYSTEMPATH\CodeIgniter.php(457): CodeIgniter\CodeIgniter->runController(Object(App\Controllers\Schedule))
 6 SYSTEMPATH\CodeIgniter.php(340): CodeIgniter\CodeIgniter->handleRequest(null, Object(Config\Cache), false)
 7 FCPATH\index.php(67): CodeIgniter\CodeIgniter->run()
 8 SYSTEMPATH\Commands\Server\rewrite.php(43): require_once('FCPATH\\index.php')
CRITICAL - 2022-10-13 21:10:58 --> Undefined variable: list_form
in APPPATH\Views\schedule_eps\planner\list_schedule.php on line 64.
 1 APPPATH\Views\schedule_eps\planner\list_schedule.php(64): CodeIgniter\Debug\Exceptions->errorHandler(8, 'Undefined variable: list_form', 'APPPATH\\Views\\schedule_eps\\planner\\list_schedule.php', 64, [...])
 2 SYSTEMPATH\View\View.php(213): include('APPPATH\\Views\\schedule_eps\\planner\\list_schedule.php')
 3 SYSTEMPATH\View\View.php(216): CodeIgniter\View\View->CodeIgniter\View\{closure}()
 4 SYSTEMPATH\Common.php(1137): CodeIgniter\View\View->render('schedule_eps/planner/list_schedule', [], true)
 5 APPPATH\Controllers\Schedule.php(28): view('schedule_eps/planner/list_schedule')
 6 SYSTEMPATH\CodeIgniter.php(904): App\Controllers\Schedule->viewform()
 7 SYSTEMPATH\CodeIgniter.php(457): CodeIgniter\CodeIgniter->runController(Object(App\Controllers\Schedule))
 8 SYSTEMPATH\CodeIgniter.php(340): CodeIgniter\CodeIgniter->handleRequest(null, Object(Config\Cache), false)
 9 FCPATH\index.php(67): CodeIgniter\CodeIgniter->run()
10 SYSTEMPATH\Commands\Server\rewrite.php(43): require_once('FCPATH\\index.php')
CRITICAL - 2022-10-13 21:11:24 --> Undefined variable: list_schedule
in APPPATH\Views\schedule_eps\planner\list_schedule.php on line 64.
 1 APPPATH\Views\schedule_eps\planner\list_schedule.php(64): CodeIgniter\Debug\Exceptions->errorHandler(8, 'Undefined variable: list_schedule', 'APPPATH\\Views\\schedule_eps\\planner\\list_schedule.php', 64, [...])
 2 SYSTEMPATH\View\View.php(213): include('APPPATH\\Views\\schedule_eps\\planner\\list_schedule.php')
 3 SYSTEMPATH\View\View.php(216): CodeIgniter\View\View->CodeIgniter\View\{closure}()
 4 SYSTEMPATH\Common.php(1137): CodeIgniter\View\View->render('schedule_eps/planner/list_schedule', [], true)
 5 APPPATH\Controllers\Schedule.php(28): view('schedule_eps/planner/list_schedule')
 6 SYSTEMPATH\CodeIgniter.php(904): App\Controllers\Schedule->viewform()
 7 SYSTEMPATH\CodeIgniter.php(457): CodeIgniter\CodeIgniter->runController(Object(App\Controllers\Schedule))
 8 SYSTEMPATH\CodeIgniter.php(340): CodeIgniter\CodeIgniter->handleRequest(null, Object(Config\Cache), false)
 9 FCPATH\index.php(67): CodeIgniter\CodeIgniter->run()
10 SYSTEMPATH\Commands\Server\rewrite.php(43): require_once('FCPATH\\index.php')
CRITICAL - 2022-10-13 21:11:57 --> Undefined variable: list_schedule
in APPPATH\Views\schedule_eps\planner\list_schedule.php on line 64.
 1 APPPATH\Views\schedule_eps\planner\list_schedule.php(64): CodeIgniter\Debug\Exceptions->errorHandler(8, 'Undefined variable: list_schedule', 'APPPATH\\Views\\schedule_eps\\planner\\list_schedule.php', 64, [...])
 2 SYSTEMPATH\View\View.php(213): include('APPPATH\\Views\\schedule_eps\\planner\\list_schedule.php')
 3 SYSTEMPATH\View\View.php(216): CodeIgniter\View\View->CodeIgniter\View\{closure}()
 4 SYSTEMPATH\Common.php(1137): CodeIgniter\View\View->render('schedule_eps/planner/list_schedule', [], true)
 5 APPPATH\Controllers\Schedule.php(28): view('schedule_eps/planner/list_schedule')
 6 SYSTEMPATH\CodeIgniter.php(904): App\Controllers\Schedule->viewform()
 7 SYSTEMPATH\CodeIgniter.php(457): CodeIgniter\CodeIgniter->runController(Object(App\Controllers\Schedule))
 8 SYSTEMPATH\CodeIgniter.php(340): CodeIgniter\CodeIgniter->handleRequest(null, Object(Config\Cache), false)
 9 FCPATH\index.php(67): CodeIgniter\CodeIgniter->run()
10 SYSTEMPATH\Commands\Server\rewrite.php(43): require_once('FCPATH\\index.php')
CRITICAL - 2022-10-13 21:11:59 --> Undefined variable: list_schedule
in APPPATH\Views\schedule_eps\planner\list_schedule.php on line 64.
 1 APPPATH\Views\schedule_eps\planner\list_schedule.php(64): CodeIgniter\Debug\Exceptions->errorHandler(8, 'Undefined variable: list_schedule', 'APPPATH\\Views\\schedule_eps\\planner\\list_schedule.php', 64, [...])
 2 SYSTEMPATH\View\View.php(213): include('APPPATH\\Views\\schedule_eps\\planner\\list_schedule.php')
 3 SYSTEMPATH\View\View.php(216): CodeIgniter\View\View->CodeIgniter\View\{closure}()
 4 SYSTEMPATH\Common.php(1137): CodeIgniter\View\View->render('schedule_eps/planner/list_schedule', [], true)
 5 APPPATH\Controllers\Schedule.php(28): view('schedule_eps/planner/list_schedule')
 6 SYSTEMPATH\CodeIgniter.php(904): App\Controllers\Schedule->viewform()
 7 SYSTEMPATH\CodeIgniter.php(457): CodeIgniter\CodeIgniter->runController(Object(App\Controllers\Schedule))
 8 SYSTEMPATH\CodeIgniter.php(340): CodeIgniter\CodeIgniter->handleRequest(null, Object(Config\Cache), false)
 9 FCPATH\index.php(67): CodeIgniter\CodeIgniter->run()
10 SYSTEMPATH\Commands\Server\rewrite.php(43): require_once('FCPATH\\index.php')
CRITICAL - 2022-10-13 21:12:00 --> Undefined variable: list_schedule
in APPPATH\Views\schedule_eps\planner\list_schedule.php on line 64.
 1 APPPATH\Views\schedule_eps\planner\list_schedule.php(64): CodeIgniter\Debug\Exceptions->errorHandler(8, 'Undefined variable: list_schedule', 'APPPATH\\Views\\schedule_eps\\planner\\list_schedule.php', 64, [...])
 2 SYSTEMPATH\View\View.php(213): include('APPPATH\\Views\\schedule_eps\\planner\\list_schedule.php')
 3 SYSTEMPATH\View\View.php(216): CodeIgniter\View\View->CodeIgniter\View\{closure}()
 4 SYSTEMPATH\Common.php(1137): CodeIgniter\View\View->render('schedule_eps/planner/list_schedule', [], true)
 5 APPPATH\Controllers\Schedule.php(28): view('schedule_eps/planner/list_schedule')
 6 SYSTEMPATH\CodeIgniter.php(904): App\Controllers\Schedule->viewform()
 7 SYSTEMPATH\CodeIgniter.php(457): CodeIgniter\CodeIgniter->runController(Object(App\Controllers\Schedule))
 8 SYSTEMPATH\CodeIgniter.php(340): CodeIgniter\CodeIgniter->handleRequest(null, Object(Config\Cache), false)
 9 FCPATH\index.php(67): CodeIgniter\CodeIgniter->run()
10 SYSTEMPATH\Commands\Server\rewrite.php(43): require_once('FCPATH\\index.php')
CRITICAL - 2022-10-13 21:12:03 --> Undefined variable: list_schedule
in APPPATH\Views\schedule_eps\planner\list_schedule.php on line 64.
 1 APPPATH\Views\schedule_eps\planner\list_schedule.php(64): CodeIgniter\Debug\Exceptions->errorHandler(8, 'Undefined variable: list_schedule', 'APPPATH\\Views\\schedule_eps\\planner\\list_schedule.php', 64, [...])
 2 SYSTEMPATH\View\View.php(213): include('APPPATH\\Views\\schedule_eps\\planner\\list_schedule.php')
 3 SYSTEMPATH\View\View.php(216): CodeIgniter\View\View->CodeIgniter\View\{closure}()
 4 SYSTEMPATH\Common.php(1137): CodeIgniter\View\View->render('schedule_eps/planner/list_schedule', [], true)
 5 APPPATH\Controllers\Schedule.php(28): view('schedule_eps/planner/list_schedule')
 6 SYSTEMPATH\CodeIgniter.php(904): App\Controllers\Schedule->viewform()
 7 SYSTEMPATH\CodeIgniter.php(457): CodeIgniter\CodeIgniter->runController(Object(App\Controllers\Schedule))
 8 SYSTEMPATH\CodeIgniter.php(340): CodeIgniter\CodeIgniter->handleRequest(null, Object(Config\Cache), false)
 9 FCPATH\index.php(67): CodeIgniter\CodeIgniter->run()
10 SYSTEMPATH\Commands\Server\rewrite.php(43): require_once('FCPATH\\index.php')
CRITICAL - 2022-10-13 21:12:04 --> Undefined variable: list_schedule
in APPPATH\Views\schedule_eps\planner\list_schedule.php on line 64.
 1 APPPATH\Views\schedule_eps\planner\list_schedule.php(64): CodeIgniter\Debug\Exceptions->errorHandler(8, 'Undefined variable: list_schedule', 'APPPATH\\Views\\schedule_eps\\planner\\list_schedule.php', 64, [...])
 2 SYSTEMPATH\View\View.php(213): include('APPPATH\\Views\\schedule_eps\\planner\\list_schedule.php')
 3 SYSTEMPATH\View\View.php(216): CodeIgniter\View\View->CodeIgniter\View\{closure}()
 4 SYSTEMPATH\Common.php(1137): CodeIgniter\View\View->render('schedule_eps/planner/list_schedule', [], true)
 5 APPPATH\Controllers\Schedule.php(28): view('schedule_eps/planner/list_schedule')
 6 SYSTEMPATH\CodeIgniter.php(904): App\Controllers\Schedule->viewform()
 7 SYSTEMPATH\CodeIgniter.php(457): CodeIgniter\CodeIgniter->runController(Object(App\Controllers\Schedule))
 8 SYSTEMPATH\CodeIgniter.php(340): CodeIgniter\CodeIgniter->handleRequest(null, Object(Config\Cache), false)
 9 FCPATH\index.php(67): CodeIgniter\CodeIgniter->run()
10 SYSTEMPATH\Commands\Server\rewrite.php(43): require_once('FCPATH\\index.php')
CRITICAL - 2022-10-13 21:12:05 --> Undefined variable: list_schedule
in APPPATH\Views\schedule_eps\planner\list_schedule.php on line 64.
 1 APPPATH\Views\schedule_eps\planner\list_schedule.php(64): CodeIgniter\Debug\Exceptions->errorHandler(8, 'Undefined variable: list_schedule', 'APPPATH\\Views\\schedule_eps\\planner\\list_schedule.php', 64, [...])
 2 SYSTEMPATH\View\View.php(213): include('APPPATH\\Views\\schedule_eps\\planner\\list_schedule.php')
 3 SYSTEMPATH\View\View.php(216): CodeIgniter\View\View->CodeIgniter\View\{closure}()
 4 SYSTEMPATH\Common.php(1137): CodeIgniter\View\View->render('schedule_eps/planner/list_schedule', [], true)
 5 APPPATH\Controllers\Schedule.php(28): view('schedule_eps/planner/list_schedule')
 6 SYSTEMPATH\CodeIgniter.php(904): App\Controllers\Schedule->viewform()
 7 SYSTEMPATH\CodeIgniter.php(457): CodeIgniter\CodeIgniter->runController(Object(App\Controllers\Schedule))
 8 SYSTEMPATH\CodeIgniter.php(340): CodeIgniter\CodeIgniter->handleRequest(null, Object(Config\Cache), false)
 9 FCPATH\index.php(67): CodeIgniter\CodeIgniter->run()
10 SYSTEMPATH\Commands\Server\rewrite.php(43): require_once('FCPATH\\index.php')
CRITICAL - 2022-10-13 21:13:19 --> Undefined variable: schedule_list
in APPPATH\Views\schedule_eps\planner\list_schedule.php on line 64.
 1 APPPATH\Views\schedule_eps\planner\list_schedule.php(64): CodeIgniter\Debug\Exceptions->errorHandler(8, 'Undefined variable: schedule_list', 'APPPATH\\Views\\schedule_eps\\planner\\list_schedule.php', 64, [...])
 2 SYSTEMPATH\View\View.php(213): include('APPPATH\\Views\\schedule_eps\\planner\\list_schedule.php')
 3 SYSTEMPATH\View\View.php(216): CodeIgniter\View\View->CodeIgniter\View\{closure}()
 4 SYSTEMPATH\Common.php(1137): CodeIgniter\View\View->render('schedule_eps/planner/list_schedule', [], true)
 5 APPPATH\Controllers\Schedule.php(28): view('schedule_eps/planner/list_schedule')
 6 SYSTEMPATH\CodeIgniter.php(904): App\Controllers\Schedule->viewform()
 7 SYSTEMPATH\CodeIgniter.php(457): CodeIgniter\CodeIgniter->runController(Object(App\Controllers\Schedule))
 8 SYSTEMPATH\CodeIgniter.php(340): CodeIgniter\CodeIgniter->handleRequest(null, Object(Config\Cache), false)
 9 FCPATH\index.php(67): CodeIgniter\CodeIgniter->run()
10 SYSTEMPATH\Commands\Server\rewrite.php(43): require_once('FCPATH\\index.php')
CRITICAL - 2022-10-13 21:13:20 --> Undefined variable: schedule_list
in APPPATH\Views\schedule_eps\planner\list_schedule.php on line 64.
 1 APPPATH\Views\schedule_eps\planner\list_schedule.php(64): CodeIgniter\Debug\Exceptions->errorHandler(8, 'Undefined variable: schedule_list', 'APPPATH\\Views\\schedule_eps\\planner\\list_schedule.php', 64, [...])
 2 SYSTEMPATH\View\View.php(213): include('APPPATH\\Views\\schedule_eps\\planner\\list_schedule.php')
 3 SYSTEMPATH\View\View.php(216): CodeIgniter\View\View->CodeIgniter\View\{closure}()
 4 SYSTEMPATH\Common.php(1137): CodeIgniter\View\View->render('schedule_eps/planner/list_schedule', [], true)
 5 APPPATH\Controllers\Schedule.php(28): view('schedule_eps/planner/list_schedule')
 6 SYSTEMPATH\CodeIgniter.php(904): App\Controllers\Schedule->viewform()
 7 SYSTEMPATH\CodeIgniter.php(457): CodeIgniter\CodeIgniter->runController(Object(App\Controllers\Schedule))
 8 SYSTEMPATH\CodeIgniter.php(340): CodeIgniter\CodeIgniter->handleRequest(null, Object(Config\Cache), false)
 9 FCPATH\index.php(67): CodeIgniter\CodeIgniter->run()
10 SYSTEMPATH\Commands\Server\rewrite.php(43): require_once('FCPATH\\index.php')
CRITICAL - 2022-10-13 21:13:21 --> Undefined variable: schedule_list
in APPPATH\Views\schedule_eps\planner\list_schedule.php on line 64.
 1 APPPATH\Views\schedule_eps\planner\list_schedule.php(64): CodeIgniter\Debug\Exceptions->errorHandler(8, 'Undefined variable: schedule_list', 'APPPATH\\Views\\schedule_eps\\planner\\list_schedule.php', 64, [...])
 2 SYSTEMPATH\View\View.php(213): include('APPPATH\\Views\\schedule_eps\\planner\\list_schedule.php')
 3 SYSTEMPATH\View\View.php(216): CodeIgniter\View\View->CodeIgniter\View\{closure}()
 4 SYSTEMPATH\Common.php(1137): CodeIgniter\View\View->render('schedule_eps/planner/list_schedule', [], true)
 5 APPPATH\Controllers\Schedule.php(28): view('schedule_eps/planner/list_schedule')
 6 SYSTEMPATH\CodeIgniter.php(904): App\Controllers\Schedule->viewform()
 7 SYSTEMPATH\CodeIgniter.php(457): CodeIgniter\CodeIgniter->runController(Object(App\Controllers\Schedule))
 8 SYSTEMPATH\CodeIgniter.php(340): CodeIgniter\CodeIgniter->handleRequest(null, Object(Config\Cache), false)
 9 FCPATH\index.php(67): CodeIgniter\CodeIgniter->run()
10 SYSTEMPATH\Commands\Server\rewrite.php(43): require_once('FCPATH\\index.php')
CRITICAL - 2022-10-13 21:17:20 --> Call to undefined function cek_mold()
in APPPATH\Views\schedule_eps\planner\list_schedule.php on line 167.
 1 SYSTEMPATH\View\View.php(213): include()
 2 SYSTEMPATH\View\View.php(216): CodeIgniter\View\View->CodeIgniter\View\{closure}()
 3 SYSTEMPATH\Common.php(1137): CodeIgniter\View\View->render('schedule_eps/planner/list_schedule', [], true)
 4 APPPATH\Controllers\Schedule.php(28): view('schedule_eps/planner/list_schedule', [...])
 5 SYSTEMPATH\CodeIgniter.php(904): App\Controllers\Schedule->viewform()
 6 SYSTEMPATH\CodeIgniter.php(457): CodeIgniter\CodeIgniter->runController(Object(App\Controllers\Schedule))
 7 SYSTEMPATH\CodeIgniter.php(340): CodeIgniter\CodeIgniter->handleRequest(null, Object(Config\Cache), false)
 8 FCPATH\index.php(67): CodeIgniter\CodeIgniter->run()
 9 SYSTEMPATH\Commands\Server\rewrite.php(43): require_once('FCPATH\\index.php')
CRITICAL - 2022-10-13 21:26:08 --> Undefined index: tgl
in APPPATH\Views\schedule_eps\planner\list_schedule.php on line 70.
 1 APPPATH\Views\schedule_eps\planner\list_schedule.php(70): CodeIgniter\Debug\Exceptions->errorHandler(8, 'Undefined index: tgl', 'APPPATH\\Views\\schedule_eps\\planner\\list_schedule.php', 70, [...])
 2 SYSTEMPATH\View\View.php(213): include('APPPATH\\Views\\schedule_eps\\planner\\list_schedule.php')
 3 SYSTEMPATH\View\View.php(216): CodeIgniter\View\View->CodeIgniter\View\{closure}()
 4 SYSTEMPATH\Common.php(1137): CodeIgniter\View\View->render('schedule_eps/planner/list_schedule', [], true)
 5 APPPATH\Controllers\Schedule.php(28): view('schedule_eps/planner/list_schedule', [...])
 6 SYSTEMPATH\CodeIgniter.php(904): App\Controllers\Schedule->viewform()
 7 SYSTEMPATH\CodeIgniter.php(457): CodeIgniter\CodeIgniter->runController(Object(App\Controllers\Schedule))
 8 SYSTEMPATH\CodeIgniter.php(340): CodeIgniter\CodeIgniter->handleRequest(null, Object(Config\Cache), false)
 9 FCPATH\index.php(67): CodeIgniter\CodeIgniter->run()
10 SYSTEMPATH\Commands\Server\rewrite.php(43): require_once('FCPATH\\index.php')
CRITICAL - 2022-10-13 21:45:20 --> Call to undefined method App\Models\ScheduleModel::getCAV
in SYSTEMPATH\Model.php on line 773.
 1 APPPATH\Controllers\Schedule.php(99): CodeIgniter\Model->__call('getCAV', [...])
 2 SYSTEMPATH\CodeIgniter.php(904): App\Controllers\Schedule->cav()
 3 SYSTEMPATH\CodeIgniter.php(457): CodeIgniter\CodeIgniter->runController(Object(App\Controllers\Schedule))
 4 SYSTEMPATH\CodeIgniter.php(340): CodeIgniter\CodeIgniter->handleRequest(null, Object(Config\Cache), false)
 5 FCPATH\index.php(67): CodeIgniter\CodeIgniter->run()
 6 SYSTEMPATH\Commands\Server\rewrite.php(43): require_once('FCPATH\\index.php')
CRITICAL - 2022-10-13 22:35:16 --> Undefined variable: tglKondisi
in APPPATH\Controllers\Schedule.php on line 46.
 1 APPPATH\Controllers\Schedule.php(46): CodeIgniter\Debug\Exceptions->errorHandler(8, 'Undefined variable: tglKondisi', 'APPPATH\\Controllers\\Schedule.php', 46, [...])
 2 SYSTEMPATH\CodeIgniter.php(904): App\Controllers\Schedule->addform()
 3 SYSTEMPATH\CodeIgniter.php(457): CodeIgniter\CodeIgniter->runController(Object(App\Controllers\Schedule))
 4 SYSTEMPATH\CodeIgniter.php(340): CodeIgniter\CodeIgniter->handleRequest(null, Object(Config\Cache), false)
 5 FCPATH\index.php(67): CodeIgniter\CodeIgniter->run()
 6 SYSTEMPATH\Commands\Server\rewrite.php(43): require_once('FCPATH\\index.php')
CRITICAL - 2022-10-13 22:47:09 --> Invalid file: schedule_eps/planner/maintenance.php
in SYSTEMPATH\Exceptions\FrameworkException.php on line 33.
 1 SYSTEMPATH\View\View.php(201): CodeIgniter\Exceptions\FrameworkException::forInvalidFile('schedule_eps/planner/maintenance.php')
 2 SYSTEMPATH\Common.php(1137): CodeIgniter\View\View->render('schedule_eps/planner/maintenance', [], true)
 3 APPPATH\Controllers\Maintenance.php(23): view('schedule_eps/planner/maintenance', [...])
 4 SYSTEMPATH\CodeIgniter.php(904): App\Controllers\Maintenance->machinejob()
 5 SYSTEMPATH\CodeIgniter.php(457): CodeIgniter\CodeIgniter->runController(Object(App\Controllers\Maintenance))
 6 SYSTEMPATH\CodeIgniter.php(340): CodeIgniter\CodeIgniter->handleRequest(null, Object(Config\Cache), false)
 7 FCPATH\index.php(67): CodeIgniter\CodeIgniter->run()
 8 SYSTEMPATH\Commands\Server\rewrite.php(43): require_once('FCPATH\\index.php')
CRITICAL - 2022-10-13 22:49:23 --> Invalid file: schedule_eps/planner/edit_profile.php
in SYSTEMPATH\Exceptions\FrameworkException.php on line 33.
 1 SYSTEMPATH\View\View.php(201): CodeIgniter\Exceptions\FrameworkException::forInvalidFile('schedule_eps/planner/edit_profile.php')
 2 SYSTEMPATH\Common.php(1137): CodeIgniter\View\View->render('schedule_eps/planner/edit_profile', [], true)
 3 APPPATH\Controllers\User.php(24): view('schedule_eps/planner/edit_profile', [...])
 4 SYSTEMPATH\CodeIgniter.php(904): App\Controllers\User->edit_profile()
 5 SYSTEMPATH\CodeIgniter.php(457): CodeIgniter\CodeIgniter->runController(Object(App\Controllers\User))
 6 SYSTEMPATH\CodeIgniter.php(340): CodeIgniter\CodeIgniter->handleRequest(null, Object(Config\Cache), false)
 7 FCPATH\index.php(67): CodeIgniter\CodeIgniter->run()
 8 SYSTEMPATH\Commands\Server\rewrite.php(43): require_once('FCPATH\\index.php')
CRITICAL - 2022-10-13 22:55:17 --> Undefined variable: number_list
in APPPATH\Views\schedule_eps\planner\list_schedule.php on line 397.
 1 APPPATH\Views\schedule_eps\planner\list_schedule.php(397): CodeIgniter\Debug\Exceptions->errorHandler(8, 'Undefined variable: number_list', 'APPPATH\\Views\\schedule_eps\\planner\\list_schedule.php', 397, [...])
 2 SYSTEMPATH\View\View.php(213): include('APPPATH\\Views\\schedule_eps\\planner\\list_schedule.php')
 3 SYSTEMPATH\View\View.php(216): CodeIgniter\View\View->CodeIgniter\View\{closure}()
 4 SYSTEMPATH\Common.php(1137): CodeIgniter\View\View->render('schedule_eps/planner/list_schedule', [], true)
 5 APPPATH\Controllers\Schedule.php(28): view('schedule_eps/planner/list_schedule', [...])
 6 SYSTEMPATH\CodeIgniter.php(904): App\Controllers\Schedule->viewform()
 7 SYSTEMPATH\CodeIgniter.php(457): CodeIgniter\CodeIgniter->runController(Object(App\Controllers\Schedule))
 8 SYSTEMPATH\CodeIgniter.php(340): CodeIgniter\CodeIgniter->handleRequest(null, Object(Config\Cache), false)
 9 FCPATH\index.php(67): CodeIgniter\CodeIgniter->run()
10 SYSTEMPATH\Commands\Server\rewrite.php(43): require_once('FCPATH\\index.php')
CRITICAL - 2022-10-13 22:56:52 --> Undefined variable: number_list
in APPPATH\Views\schedule_eps\planner\list_schedule.php on line 397.
 1 APPPATH\Views\schedule_eps\planner\list_schedule.php(397): CodeIgniter\Debug\Exceptions->errorHandler(8, 'Undefined variable: number_list', 'APPPATH\\Views\\schedule_eps\\planner\\list_schedule.php', 397, [...])
 2 SYSTEMPATH\View\View.php(213): include('APPPATH\\Views\\schedule_eps\\planner\\list_schedule.php')
 3 SYSTEMPATH\View\View.php(216): CodeIgniter\View\View->CodeIgniter\View\{closure}()
 4 SYSTEMPATH\Common.php(1137): CodeIgniter\View\View->render('schedule_eps/planner/list_schedule', [], true)
 5 APPPATH\Controllers\Schedule.php(28): view('schedule_eps/planner/list_schedule', [...])
 6 SYSTEMPATH\CodeIgniter.php(904): App\Controllers\Schedule->viewform()
 7 SYSTEMPATH\CodeIgniter.php(457): CodeIgniter\CodeIgniter->runController(Object(App\Controllers\Schedule))
 8 SYSTEMPATH\CodeIgniter.php(340): CodeIgniter\CodeIgniter->handleRequest(null, Object(Config\Cache), false)
 9 FCPATH\index.php(67): CodeIgniter\CodeIgniter->run()
10 SYSTEMPATH\Commands\Server\rewrite.php(43): require_once('FCPATH\\index.php')
CRITICAL - 2022-10-13 22:56:53 --> Undefined variable: number_list
in APPPATH\Views\schedule_eps\planner\list_schedule.php on line 397.
 1 APPPATH\Views\schedule_eps\planner\list_schedule.php(397): CodeIgniter\Debug\Exceptions->errorHandler(8, 'Undefined variable: number_list', 'APPPATH\\Views\\schedule_eps\\planner\\list_schedule.php', 397, [...])
 2 SYSTEMPATH\View\View.php(213): include('APPPATH\\Views\\schedule_eps\\planner\\list_schedule.php')
 3 SYSTEMPATH\View\View.php(216): CodeIgniter\View\View->CodeIgniter\View\{closure}()
 4 SYSTEMPATH\Common.php(1137): CodeIgniter\View\View->render('schedule_eps/planner/list_schedule', [], true)
 5 APPPATH\Controllers\Schedule.php(28): view('schedule_eps/planner/list_schedule', [...])
 6 SYSTEMPATH\CodeIgniter.php(904): App\Controllers\Schedule->viewform()
 7 SYSTEMPATH\CodeIgniter.php(457): CodeIgniter\CodeIgniter->runController(Object(App\Controllers\Schedule))
 8 SYSTEMPATH\CodeIgniter.php(340): CodeIgniter\CodeIgniter->handleRequest(null, Object(Config\Cache), false)
 9 FCPATH\index.php(67): CodeIgniter\CodeIgniter->run()
10 SYSTEMPATH\Commands\Server\rewrite.php(43): require_once('FCPATH\\index.php')
CRITICAL - 2022-10-13 22:56:54 --> Undefined variable: number_list
in APPPATH\Views\schedule_eps\planner\list_schedule.php on line 397.
 1 APPPATH\Views\schedule_eps\planner\list_schedule.php(397): CodeIgniter\Debug\Exceptions->errorHandler(8, 'Undefined variable: number_list', 'APPPATH\\Views\\schedule_eps\\planner\\list_schedule.php', 397, [...])
 2 SYSTEMPATH\View\View.php(213): include('APPPATH\\Views\\schedule_eps\\planner\\list_schedule.php')
 3 SYSTEMPATH\View\View.php(216): CodeIgniter\View\View->CodeIgniter\View\{closure}()
 4 SYSTEMPATH\Common.php(1137): CodeIgniter\View\View->render('schedule_eps/planner/list_schedule', [], true)
 5 APPPATH\Controllers\Schedule.php(28): view('schedule_eps/planner/list_schedule', [...])
 6 SYSTEMPATH\CodeIgniter.php(904): App\Controllers\Schedule->viewform()
 7 SYSTEMPATH\CodeIgniter.php(457): CodeIgniter\CodeIgniter->runController(Object(App\Controllers\Schedule))
 8 SYSTEMPATH\CodeIgniter.php(340): CodeIgniter\CodeIgniter->handleRequest(null, Object(Config\Cache), false)
 9 FCPATH\index.php(67): CodeIgniter\CodeIgniter->run()
10 SYSTEMPATH\Commands\Server\rewrite.php(43): require_once('FCPATH\\index.php')
CRITICAL - 2022-10-13 22:57:12 --> Call to undefined method App\Models\ScheduleModel::getMaster
in SYSTEMPATH\Model.php on line 773.
 1 APPPATH\Controllers\Schedule.php(26): CodeIgniter\Model->__call('getMaster', [])
 2 SYSTEMPATH\CodeIgniter.php(904): App\Controllers\Schedule->viewform()
 3 SYSTEMPATH\CodeIgniter.php(457): CodeIgniter\CodeIgniter->runController(Object(App\Controllers\Schedule))
 4 SYSTEMPATH\CodeIgniter.php(340): CodeIgniter\CodeIgniter->handleRequest(null, Object(Config\Cache), false)
 5 FCPATH\index.php(67): CodeIgniter\CodeIgniter->run()
 6 SYSTEMPATH\Commands\Server\rewrite.php(43): require_once('FCPATH\\index.php')
CRITICAL - 2022-10-13 22:58:30 --> Undefined variable: list_schedule
in APPPATH\Views\schedule_eps\planner\list_schedule.php on line 462.
 1 APPPATH\Views\schedule_eps\planner\list_schedule.php(462): CodeIgniter\Debug\Exceptions->errorHandler(8, 'Undefined variable: list_schedule', 'APPPATH\\Views\\schedule_eps\\planner\\list_schedule.php', 462, [...])
 2 SYSTEMPATH\View\View.php(213): include('APPPATH\\Views\\schedule_eps\\planner\\list_schedule.php')
 3 SYSTEMPATH\View\View.php(216): CodeIgniter\View\View->CodeIgniter\View\{closure}()
 4 SYSTEMPATH\Common.php(1137): CodeIgniter\View\View->render('schedule_eps/planner/list_schedule', [], true)
 5 APPPATH\Controllers\Schedule.php(28): view('schedule_eps/planner/list_schedule', [...])
 6 SYSTEMPATH\CodeIgniter.php(904): App\Controllers\Schedule->viewform()
 7 SYSTEMPATH\CodeIgniter.php(457): CodeIgniter\CodeIgniter->runController(Object(App\Controllers\Schedule))
 8 SYSTEMPATH\CodeIgniter.php(340): CodeIgniter\CodeIgniter->handleRequest(null, Object(Config\Cache), false)
 9 FCPATH\index.php(67): CodeIgniter\CodeIgniter->run()
10 SYSTEMPATH\Commands\Server\rewrite.php(43): require_once('FCPATH\\index.php')
CRITICAL - 2022-10-13 22:58:31 --> Undefined variable: list_schedule
in APPPATH\Views\schedule_eps\planner\list_schedule.php on line 462.
 1 APPPATH\Views\schedule_eps\planner\list_schedule.php(462): CodeIgniter\Debug\Exceptions->errorHandler(8, 'Undefined variable: list_schedule', 'APPPATH\\Views\\schedule_eps\\planner\\list_schedule.php', 462, [...])
 2 SYSTEMPATH\View\View.php(213): include('APPPATH\\Views\\schedule_eps\\planner\\list_schedule.php')
 3 SYSTEMPATH\View\View.php(216): CodeIgniter\View\View->CodeIgniter\View\{closure}()
 4 SYSTEMPATH\Common.php(1137): CodeIgniter\View\View->render('schedule_eps/planner/list_schedule', [], true)
 5 APPPATH\Controllers\Schedule.php(28): view('schedule_eps/planner/list_schedule', [...])
 6 SYSTEMPATH\CodeIgniter.php(904): App\Controllers\Schedule->viewform()
 7 SYSTEMPATH\CodeIgniter.php(457): CodeIgniter\CodeIgniter->runController(Object(App\Controllers\Schedule))
 8 SYSTEMPATH\CodeIgniter.php(340): CodeIgniter\CodeIgniter->handleRequest(null, Object(Config\Cache), false)
 9 FCPATH\index.php(67): CodeIgniter\CodeIgniter->run()
10 SYSTEMPATH\Commands\Server\rewrite.php(43): require_once('FCPATH\\index.php')
CRITICAL - 2022-10-13 23:05:24 --> Call to undefined method App\Models\ScheduleModel::UpdateformscheduleModel
in SYSTEMPATH\Model.php on line 773.
 1 APPPATH\Controllers\Schedule.php(156): CodeIgniter\Model->__call('UpdateformscheduleModel', [...])
 2 SYSTEMPATH\CodeIgniter.php(904): App\Controllers\Schedule->updateform()
 3 SYSTEMPATH\CodeIgniter.php(457): CodeIgniter\CodeIgniter->runController(Object(App\Controllers\Schedule))
 4 SYSTEMPATH\CodeIgniter.php(340): CodeIgniter\CodeIgniter->handleRequest(null, Object(Config\Cache), false)
 5 FCPATH\index.php(67): CodeIgniter\CodeIgniter->run()
 6 SYSTEMPATH\Commands\Server\rewrite.php(43): require_once('FCPATH\\index.php')
