CRITICAL - 2023-03-16 10:15:59 --> in_array() expects parameter 2 to be array, null given
in APPPATH\Views\Tip_tracking\report_rentang_list_tip.php on line 59.
 1 [internal function]: CodeIgniter\Debug\Exceptions->errorHandler(2, 'in_array() expects parameter 2 to be array, null given', 'APPPATH\\Views\\Tip_tracking\\report_rentang_list_tip.php', 59, [...])
 2 APPPATH\Views\Tip_tracking\report_rentang_list_tip.php(59): in_array('2023-03-03', null)
 3 SYSTEMPATH\View\View.php(213): include('APPPATH\\Views\\Tip_tracking\\report_rentang_list_tip.php')
 4 SYSTEMPATH\View\View.php(216): CodeIgniter\View\View->CodeIgniter\View\{closure}()
 5 SYSTEMPATH\Common.php(1137): CodeIgniter\View\View->render('Tip_tracking/report_rentang_list_tip', [], true)
 6 APPPATH\Controllers\Tip.php(279): view('Tip_tracking/report_rentang_list_tip', [...])
 7 SYSTEMPATH\CodeIgniter.php(904): App\Controllers\Tip->reportrentangBulan()
 8 SYSTEMPATH\CodeIgniter.php(457): CodeIgniter\CodeIgniter->runController(Object(App\Controllers\Tip))
 9 SYSTEMPATH\CodeIgniter.php(340): CodeIgniter\CodeIgniter->handleRequest(null, Object(Config\Cache), false)
10 FCPATH\index.php(67): CodeIgniter\CodeIgniter->run()
11 SYSTEMPATH\Commands\Server\rewrite.php(43): require_once('FCPATH\\index.php')
CRITICAL - 2023-03-16 10:16:52 --> in_array() expects parameter 2 to be array, null given
in APPPATH\Views\Tip_tracking\report_rentang_list_tip.php on line 59.
 1 [internal function]: CodeIgniter\Debug\Exceptions->errorHandler(2, 'in_array() expects parameter 2 to be array, null given', 'APPPATH\\Views\\Tip_tracking\\report_rentang_list_tip.php', 59, [...])
 2 APPPATH\Views\Tip_tracking\report_rentang_list_tip.php(59): in_array('2023-03-03', null)
 3 SYSTEMPATH\View\View.php(213): include('APPPATH\\Views\\Tip_tracking\\report_rentang_list_tip.php')
 4 SYSTEMPATH\View\View.php(216): CodeIgniter\View\View->CodeIgniter\View\{closure}()
 5 SYSTEMPATH\Common.php(1137): CodeIgniter\View\View->render('Tip_tracking/report_rentang_list_tip', [], true)
 6 APPPATH\Controllers\Tip.php(279): view('Tip_tracking/report_rentang_list_tip', [...])
 7 SYSTEMPATH\CodeIgniter.php(904): App\Controllers\Tip->reportrentangBulan()
 8 SYSTEMPATH\CodeIgniter.php(457): CodeIgniter\CodeIgniter->runController(Object(App\Controllers\Tip))
 9 SYSTEMPATH\CodeIgniter.php(340): CodeIgniter\CodeIgniter->handleRequest(null, Object(Config\Cache), false)
10 FCPATH\index.php(67): CodeIgniter\CodeIgniter->run()
11 SYSTEMPATH\Commands\Server\rewrite.php(43): require_once('FCPATH\\index.php')
CRITICAL - 2023-03-16 10:20:04 --> Call to a member function format() on bool
in APPPATH\Views\Tip_tracking\report_rentang_list_tip.php on line 55.
 1 SYSTEMPATH\View\View.php(213): include()
 2 SYSTEMPATH\View\View.php(216): CodeIgniter\View\View->CodeIgniter\View\{closure}()
 3 SYSTEMPATH\Common.php(1137): CodeIgniter\View\View->render('Tip_tracking/report_rentang_list_tip', [], true)
 4 APPPATH\Controllers\Tip.php(279): view('Tip_tracking/report_rentang_list_tip', [...])
 5 SYSTEMPATH\CodeIgniter.php(904): App\Controllers\Tip->reportrentangBulan()
 6 SYSTEMPATH\CodeIgniter.php(457): CodeIgniter\CodeIgniter->runController(Object(App\Controllers\Tip))
 7 SYSTEMPATH\CodeIgniter.php(340): CodeIgniter\CodeIgniter->handleRequest(null, Object(Config\Cache), false)
 8 FCPATH\index.php(67): CodeIgniter\CodeIgniter->run()
 9 SYSTEMPATH\Commands\Server\rewrite.php(43): require_once('FCPATH\\index.php')
CRITICAL - 2023-03-16 10:20:29 --> Call to a member function modify() on bool
in APPPATH\Views\Tip_tracking\report_rentang_list_tip.php on line 55.
 1 SYSTEMPATH\View\View.php(213): include()
 2 SYSTEMPATH\View\View.php(216): CodeIgniter\View\View->CodeIgniter\View\{closure}()
 3 SYSTEMPATH\Common.php(1137): CodeIgniter\View\View->render('Tip_tracking/report_rentang_list_tip', [], true)
 4 APPPATH\Controllers\Tip.php(279): view('Tip_tracking/report_rentang_list_tip', [...])
 5 SYSTEMPATH\CodeIgniter.php(904): App\Controllers\Tip->reportrentangBulan()
 6 SYSTEMPATH\CodeIgniter.php(457): CodeIgniter\CodeIgniter->runController(Object(App\Controllers\Tip))
 7 SYSTEMPATH\CodeIgniter.php(340): CodeIgniter\CodeIgniter->handleRequest(null, Object(Config\Cache), false)
 8 FCPATH\index.php(67): CodeIgniter\CodeIgniter->run()
 9 SYSTEMPATH\Commands\Server\rewrite.php(43): require_once('FCPATH\\index.php')
CRITICAL - 2023-03-16 10:21:24 --> Call to a member function format() on bool
in APPPATH\Views\Tip_tracking\report_rentang_list_tip.php on line 55.
 1 SYSTEMPATH\View\View.php(213): include()
 2 SYSTEMPATH\View\View.php(216): CodeIgniter\View\View->CodeIgniter\View\{closure}()
 3 SYSTEMPATH\Common.php(1137): CodeIgniter\View\View->render('Tip_tracking/report_rentang_list_tip', [], true)
 4 APPPATH\Controllers\Tip.php(279): view('Tip_tracking/report_rentang_list_tip', [...])
 5 SYSTEMPATH\CodeIgniter.php(904): App\Controllers\Tip->reportrentangBulan()
 6 SYSTEMPATH\CodeIgniter.php(457): CodeIgniter\CodeIgniter->runController(Object(App\Controllers\Tip))
 7 SYSTEMPATH\CodeIgniter.php(340): CodeIgniter\CodeIgniter->handleRequest(null, Object(Config\Cache), false)
 8 FCPATH\index.php(67): CodeIgniter\CodeIgniter->run()
 9 SYSTEMPATH\Commands\Server\rewrite.php(43): require_once('FCPATH\\index.php')
CRITICAL - 2023-03-16 10:22:22 --> in_array() expects parameter 2 to be array, null given
in APPPATH\Views\Tip_tracking\report_rentang_list_tip.php on line 61.
 1 [internal function]: CodeIgniter\Debug\Exceptions->errorHandler(2, 'in_array() expects parameter 2 to be array, null given', 'APPPATH\\Views\\Tip_tracking\\report_rentang_list_tip.php', 61, [...])
 2 APPPATH\Views\Tip_tracking\report_rentang_list_tip.php(61): in_array(Object(DateTime), null)
 3 SYSTEMPATH\View\View.php(213): include('APPPATH\\Views\\Tip_tracking\\report_rentang_list_tip.php')
 4 SYSTEMPATH\View\View.php(216): CodeIgniter\View\View->CodeIgniter\View\{closure}()
 5 SYSTEMPATH\Common.php(1137): CodeIgniter\View\View->render('Tip_tracking/report_rentang_list_tip', [], true)
 6 APPPATH\Controllers\Tip.php(279): view('Tip_tracking/report_rentang_list_tip', [...])
 7 SYSTEMPATH\CodeIgniter.php(904): App\Controllers\Tip->reportrentangBulan()
 8 SYSTEMPATH\CodeIgniter.php(457): CodeIgniter\CodeIgniter->runController(Object(App\Controllers\Tip))
 9 SYSTEMPATH\CodeIgniter.php(340): CodeIgniter\CodeIgniter->handleRequest(null, Object(Config\Cache), false)
10 FCPATH\index.php(67): CodeIgniter\CodeIgniter->run()
11 SYSTEMPATH\Commands\Server\rewrite.php(43): require_once('FCPATH\\index.php')
CRITICAL - 2023-03-16 10:27:10 --> Maximum execution time of 60 seconds exceeded
in APPPATH\Views\Tip_tracking\report_rentang_list_tip.php on line 64.
 1 [internal function]: CodeIgniter\Debug\Exceptions->shutdownHandler()
CRITICAL - 2023-03-16 10:33:48 --> Maximum execution time of 60 seconds exceeded
in APPPATH\Views\Tip_tracking\report_rentang_list_tip.php on line 64.
 1 [internal function]: CodeIgniter\Debug\Exceptions->shutdownHandler()
CRITICAL - 2023-03-16 10:34:29 --> in_array() expects parameter 2 to be array, null given
in APPPATH\Views\Tip_tracking\report_rentang_list_tip.php on line 64.
 1 [internal function]: CodeIgniter\Debug\Exceptions->errorHandler(2, 'in_array() expects parameter 2 to be array, null given', 'APPPATH\\Views\\Tip_tracking\\report_rentang_list_tip.php', 64, [...])
 2 APPPATH\Views\Tip_tracking\report_rentang_list_tip.php(64): in_array(Object(DateTime), null)
 3 SYSTEMPATH\View\View.php(213): include('APPPATH\\Views\\Tip_tracking\\report_rentang_list_tip.php')
 4 SYSTEMPATH\View\View.php(216): CodeIgniter\View\View->CodeIgniter\View\{closure}()
 5 SYSTEMPATH\Common.php(1137): CodeIgniter\View\View->render('Tip_tracking/report_rentang_list_tip', [], true)
 6 APPPATH\Controllers\Tip.php(279): view('Tip_tracking/report_rentang_list_tip', [...])
 7 SYSTEMPATH\CodeIgniter.php(904): App\Controllers\Tip->reportrentangBulan()
 8 SYSTEMPATH\CodeIgniter.php(457): CodeIgniter\CodeIgniter->runController(Object(App\Controllers\Tip))
 9 SYSTEMPATH\CodeIgniter.php(340): CodeIgniter\CodeIgniter->handleRequest(null, Object(Config\Cache), false)
10 FCPATH\index.php(67): CodeIgniter\CodeIgniter->run()
11 SYSTEMPATH\Commands\Server\rewrite.php(43): require_once('FCPATH\\index.php')
CRITICAL - 2023-03-16 10:34:31 --> in_array() expects parameter 2 to be array, null given
in APPPATH\Views\Tip_tracking\report_rentang_list_tip.php on line 64.
 1 [internal function]: CodeIgniter\Debug\Exceptions->errorHandler(2, 'in_array() expects parameter 2 to be array, null given', 'APPPATH\\Views\\Tip_tracking\\report_rentang_list_tip.php', 64, [...])
 2 APPPATH\Views\Tip_tracking\report_rentang_list_tip.php(64): in_array(Object(DateTime), null)
 3 SYSTEMPATH\View\View.php(213): include('APPPATH\\Views\\Tip_tracking\\report_rentang_list_tip.php')
 4 SYSTEMPATH\View\View.php(216): CodeIgniter\View\View->CodeIgniter\View\{closure}()
 5 SYSTEMPATH\Common.php(1137): CodeIgniter\View\View->render('Tip_tracking/report_rentang_list_tip', [], true)
 6 APPPATH\Controllers\Tip.php(279): view('Tip_tracking/report_rentang_list_tip', [...])
 7 SYSTEMPATH\CodeIgniter.php(904): App\Controllers\Tip->reportrentangBulan()
 8 SYSTEMPATH\CodeIgniter.php(457): CodeIgniter\CodeIgniter->runController(Object(App\Controllers\Tip))
 9 SYSTEMPATH\CodeIgniter.php(340): CodeIgniter\CodeIgniter->handleRequest(null, Object(Config\Cache), false)
10 FCPATH\index.php(67): CodeIgniter\CodeIgniter->run()
11 SYSTEMPATH\Commands\Server\rewrite.php(43): require_once('FCPATH\\index.php')
CRITICAL - 2023-03-16 10:35:16 --> in_array() expects parameter 2 to be array, null given
in APPPATH\Views\Tip_tracking\report_rentang_list_tip.php on line 64.
 1 [internal function]: CodeIgniter\Debug\Exceptions->errorHandler(2, 'in_array() expects parameter 2 to be array, null given', 'APPPATH\\Views\\Tip_tracking\\report_rentang_list_tip.php', 64, [...])
 2 APPPATH\Views\Tip_tracking\report_rentang_list_tip.php(64): in_array(Object(DateTime), null)
 3 SYSTEMPATH\View\View.php(213): include('APPPATH\\Views\\Tip_tracking\\report_rentang_list_tip.php')
 4 SYSTEMPATH\View\View.php(216): CodeIgniter\View\View->CodeIgniter\View\{closure}()
 5 SYSTEMPATH\Common.php(1137): CodeIgniter\View\View->render('Tip_tracking/report_rentang_list_tip', [], true)
 6 APPPATH\Controllers\Tip.php(279): view('Tip_tracking/report_rentang_list_tip', [...])
 7 SYSTEMPATH\CodeIgniter.php(904): App\Controllers\Tip->reportrentangBulan()
 8 SYSTEMPATH\CodeIgniter.php(457): CodeIgniter\CodeIgniter->runController(Object(App\Controllers\Tip))
 9 SYSTEMPATH\CodeIgniter.php(340): CodeIgniter\CodeIgniter->handleRequest(null, Object(Config\Cache), false)
10 FCPATH\index.php(67): CodeIgniter\CodeIgniter->run()
11 SYSTEMPATH\Commands\Server\rewrite.php(43): require_once('FCPATH\\index.php')
CRITICAL - 2023-03-16 10:36:47 --> Allowed memory size of 536870912 bytes exhausted (tried to allocate 253771776 bytes)
in APPPATH\Views\Tip_tracking\report_rentang_list_tip.php on line 77.
 1 [internal function]: CodeIgniter\Debug\Exceptions->shutdownHandler()
CRITICAL - 2023-03-16 10:39:15 --> Undefined variable: convert_dari
in APPPATH\Views\Tip_tracking\report_rentang_list_tip.php on line 56.
 1 APPPATH\Views\Tip_tracking\report_rentang_list_tip.php(56): CodeIgniter\Debug\Exceptions->errorHandler(8, 'Undefined variable: convert_dari', 'APPPATH\\Views\\Tip_tracking\\report_rentang_list_tip.php', 56, [...])
 2 SYSTEMPATH\View\View.php(213): include('APPPATH\\Views\\Tip_tracking\\report_rentang_list_tip.php')
 3 SYSTEMPATH\View\View.php(216): CodeIgniter\View\View->CodeIgniter\View\{closure}()
 4 SYSTEMPATH\Common.php(1137): CodeIgniter\View\View->render('Tip_tracking/report_rentang_list_tip', [], true)
 5 APPPATH\Controllers\Tip.php(279): view('Tip_tracking/report_rentang_list_tip', [...])
 6 SYSTEMPATH\CodeIgniter.php(904): App\Controllers\Tip->reportrentangBulan()
 7 SYSTEMPATH\CodeIgniter.php(457): CodeIgniter\CodeIgniter->runController(Object(App\Controllers\Tip))
 8 SYSTEMPATH\CodeIgniter.php(340): CodeIgniter\CodeIgniter->handleRequest(null, Object(Config\Cache), false)
 9 FCPATH\index.php(67): CodeIgniter\CodeIgniter->run()
10 SYSTEMPATH\Commands\Server\rewrite.php(43): require_once('FCPATH\\index.php')
CRITICAL - 2023-03-16 10:39:29 --> Allowed memory size of 536870912 bytes exhausted (tried to allocate 251674624 bytes)
in APPPATH\Views\Tip_tracking\report_rentang_list_tip.php on line 56.
 1 [internal function]: CodeIgniter\Debug\Exceptions->shutdownHandler()
CRITICAL - 2023-03-16 10:40:22 --> Allowed memory size of 536870912 bytes exhausted (tried to allocate 251674624 bytes)
in APPPATH\Views\Tip_tracking\report_rentang_list_tip.php on line 60.
 1 [internal function]: CodeIgniter\Debug\Exceptions->shutdownHandler()
CRITICAL - 2023-03-16 10:40:56 --> Allowed memory size of 536870912 bytes exhausted (tried to allocate 253771776 bytes)
in APPPATH\Views\Tip_tracking\report_rentang_list_tip.php on line 54.
 1 [internal function]: CodeIgniter\Debug\Exceptions->shutdownHandler()
CRITICAL - 2023-03-16 10:42:37 --> Allowed memory size of 536870912 bytes exhausted (tried to allocate 253771776 bytes)
in APPPATH\Views\Tip_tracking\report_rentang_list_tip.php on line 53.
 1 [internal function]: CodeIgniter\Debug\Exceptions->shutdownHandler()
CRITICAL - 2023-03-16 10:47:21 --> A non well formed numeric value encountered
in APPPATH\Views\Tip_tracking\report_rentang_list_tip.php on line 55.
 1 [internal function]: CodeIgniter\Debug\Exceptions->errorHandler(8, 'A non well formed numeric value encountered', 'APPPATH\\Views\\Tip_tracking\\report_rentang_list_tip.php', 55, [...])
 2 APPPATH\Views\Tip_tracking\report_rentang_list_tip.php(55): strtotime('+1 day', '02 March 2023')
 3 SYSTEMPATH\View\View.php(213): include('APPPATH\\Views\\Tip_tracking\\report_rentang_list_tip.php')
 4 SYSTEMPATH\View\View.php(216): CodeIgniter\View\View->CodeIgniter\View\{closure}()
 5 SYSTEMPATH\Common.php(1137): CodeIgniter\View\View->render('Tip_tracking/report_rentang_list_tip', [], true)
 6 APPPATH\Controllers\Tip.php(279): view('Tip_tracking/report_rentang_list_tip', [...])
 7 SYSTEMPATH\CodeIgniter.php(904): App\Controllers\Tip->reportrentangBulan()
 8 SYSTEMPATH\CodeIgniter.php(457): CodeIgniter\CodeIgniter->runController(Object(App\Controllers\Tip))
 9 SYSTEMPATH\CodeIgniter.php(340): CodeIgniter\CodeIgniter->handleRequest(null, Object(Config\Cache), false)
10 FCPATH\index.php(67): CodeIgniter\CodeIgniter->run()
11 SYSTEMPATH\Commands\Server\rewrite.php(43): require_once('FCPATH\\index.php')
CRITICAL - 2023-03-16 10:55:24 --> Call to a member function format() on bool
in APPPATH\Views\Tip_tracking\report_rentang_list_tip.php on line 57.
 1 SYSTEMPATH\View\View.php(213): include()
 2 SYSTEMPATH\View\View.php(216): CodeIgniter\View\View->CodeIgniter\View\{closure}()
 3 SYSTEMPATH\Common.php(1137): CodeIgniter\View\View->render('Tip_tracking/report_rentang_list_tip', [], true)
 4 APPPATH\Controllers\Tip.php(279): view('Tip_tracking/report_rentang_list_tip', [...])
 5 SYSTEMPATH\CodeIgniter.php(904): App\Controllers\Tip->reportrentangBulan()
 6 SYSTEMPATH\CodeIgniter.php(457): CodeIgniter\CodeIgniter->runController(Object(App\Controllers\Tip))
 7 SYSTEMPATH\CodeIgniter.php(340): CodeIgniter\CodeIgniter->handleRequest(null, Object(Config\Cache), false)
 8 FCPATH\index.php(67): CodeIgniter\CodeIgniter->run()
 9 SYSTEMPATH\Commands\Server\rewrite.php(43): require_once('FCPATH\\index.php')
CRITICAL - 2023-03-16 10:57:32 --> Call to a member function format() on bool
in APPPATH\Views\Tip_tracking\report_rentang_list_tip.php on line 57.
 1 SYSTEMPATH\View\View.php(213): include()
 2 SYSTEMPATH\View\View.php(216): CodeIgniter\View\View->CodeIgniter\View\{closure}()
 3 SYSTEMPATH\Common.php(1137): CodeIgniter\View\View->render('Tip_tracking/report_rentang_list_tip', [], true)
 4 APPPATH\Controllers\Tip.php(279): view('Tip_tracking/report_rentang_list_tip', [...])
 5 SYSTEMPATH\CodeIgniter.php(904): App\Controllers\Tip->reportrentangBulan()
 6 SYSTEMPATH\CodeIgniter.php(457): CodeIgniter\CodeIgniter->runController(Object(App\Controllers\Tip))
 7 SYSTEMPATH\CodeIgniter.php(340): CodeIgniter\CodeIgniter->handleRequest(null, Object(Config\Cache), false)
 8 FCPATH\index.php(67): CodeIgniter\CodeIgniter->run()
 9 SYSTEMPATH\Commands\Server\rewrite.php(43): require_once('FCPATH\\index.php')
CRITICAL - 2023-03-16 10:57:48 --> Call to a member function modify() on bool
in APPPATH\Views\Tip_tracking\report_rentang_list_tip.php on line 57.
 1 SYSTEMPATH\View\View.php(213): include()
 2 SYSTEMPATH\View\View.php(216): CodeIgniter\View\View->CodeIgniter\View\{closure}()
 3 SYSTEMPATH\Common.php(1137): CodeIgniter\View\View->render('Tip_tracking/report_rentang_list_tip', [], true)
 4 APPPATH\Controllers\Tip.php(279): view('Tip_tracking/report_rentang_list_tip', [...])
 5 SYSTEMPATH\CodeIgniter.php(904): App\Controllers\Tip->reportrentangBulan()
 6 SYSTEMPATH\CodeIgniter.php(457): CodeIgniter\CodeIgniter->runController(Object(App\Controllers\Tip))
 7 SYSTEMPATH\CodeIgniter.php(340): CodeIgniter\CodeIgniter->handleRequest(null, Object(Config\Cache), false)
 8 FCPATH\index.php(67): CodeIgniter\CodeIgniter->run()
 9 SYSTEMPATH\Commands\Server\rewrite.php(43): require_once('FCPATH\\index.php')
CRITICAL - 2023-03-16 11:02:02 --> in_array() expects parameter 2 to be array, null given
in APPPATH\Views\Tip_tracking\report_rentang_list_tip.php on line 60.
 1 [internal function]: CodeIgniter\Debug\Exceptions->errorHandler(2, 'in_array() expects parameter 2 to be array, null given', 'APPPATH\\Views\\Tip_tracking\\report_rentang_list_tip.php', 60, [...])
 2 APPPATH\Views\Tip_tracking\report_rentang_list_tip.php(60): in_array('2023-03-03', null)
 3 SYSTEMPATH\View\View.php(213): include('APPPATH\\Views\\Tip_tracking\\report_rentang_list_tip.php')
 4 SYSTEMPATH\View\View.php(216): CodeIgniter\View\View->CodeIgniter\View\{closure}()
 5 SYSTEMPATH\Common.php(1137): CodeIgniter\View\View->render('Tip_tracking/report_rentang_list_tip', [], true)
 6 APPPATH\Controllers\Tip.php(279): view('Tip_tracking/report_rentang_list_tip', [...])
 7 SYSTEMPATH\CodeIgniter.php(904): App\Controllers\Tip->reportrentangBulan()
 8 SYSTEMPATH\CodeIgniter.php(457): CodeIgniter\CodeIgniter->runController(Object(App\Controllers\Tip))
 9 SYSTEMPATH\CodeIgniter.php(340): CodeIgniter\CodeIgniter->handleRequest(null, Object(Config\Cache), false)
10 FCPATH\index.php(67): CodeIgniter\CodeIgniter->run()
11 SYSTEMPATH\Commands\Server\rewrite.php(43): require_once('FCPATH\\index.php')
CRITICAL - 2023-03-16 11:03:45 --> in_array() expects parameter 2 to be array, null given
in APPPATH\Views\Tip_tracking\report_rentang_list_tip.php on line 60.
 1 [internal function]: CodeIgniter\Debug\Exceptions->errorHandler(2, 'in_array() expects parameter 2 to be array, null given', 'APPPATH\\Views\\Tip_tracking\\report_rentang_list_tip.php', 60, [...])
 2 APPPATH\Views\Tip_tracking\report_rentang_list_tip.php(60): in_array('2023-03-03', null)
 3 SYSTEMPATH\View\View.php(213): include('APPPATH\\Views\\Tip_tracking\\report_rentang_list_tip.php')
 4 SYSTEMPATH\View\View.php(216): CodeIgniter\View\View->CodeIgniter\View\{closure}()
 5 SYSTEMPATH\Common.php(1137): CodeIgniter\View\View->render('Tip_tracking/report_rentang_list_tip', [], true)
 6 APPPATH\Controllers\Tip.php(279): view('Tip_tracking/report_rentang_list_tip', [...])
 7 SYSTEMPATH\CodeIgniter.php(904): App\Controllers\Tip->reportrentangBulan()
 8 SYSTEMPATH\CodeIgniter.php(457): CodeIgniter\CodeIgniter->runController(Object(App\Controllers\Tip))
 9 SYSTEMPATH\CodeIgniter.php(340): CodeIgniter\CodeIgniter->handleRequest(null, Object(Config\Cache), false)
10 FCPATH\index.php(67): CodeIgniter\CodeIgniter->run()
11 SYSTEMPATH\Commands\Server\rewrite.php(43): require_once('FCPATH\\index.php')
CRITICAL - 2023-03-16 11:09:31 --> in_array() expects parameter 2 to be array, null given
in APPPATH\Views\Tip_tracking\report_rentang_list_tip.php on line 58.
 1 [internal function]: CodeIgniter\Debug\Exceptions->errorHandler(2, 'in_array() expects parameter 2 to be array, null given', 'APPPATH\\Views\\Tip_tracking\\report_rentang_list_tip.php', 58, [...])
 2 APPPATH\Views\Tip_tracking\report_rentang_list_tip.php(58): in_array('2023-03-03', null)
 3 SYSTEMPATH\View\View.php(213): include('APPPATH\\Views\\Tip_tracking\\report_rentang_list_tip.php')
 4 SYSTEMPATH\View\View.php(216): CodeIgniter\View\View->CodeIgniter\View\{closure}()
 5 SYSTEMPATH\Common.php(1137): CodeIgniter\View\View->render('Tip_tracking/report_rentang_list_tip', [], true)
 6 APPPATH\Controllers\Tip.php(279): view('Tip_tracking/report_rentang_list_tip', [...])
 7 SYSTEMPATH\CodeIgniter.php(904): App\Controllers\Tip->reportrentangBulan()
 8 SYSTEMPATH\CodeIgniter.php(457): CodeIgniter\CodeIgniter->runController(Object(App\Controllers\Tip))
 9 SYSTEMPATH\CodeIgniter.php(340): CodeIgniter\CodeIgniter->handleRequest(null, Object(Config\Cache), false)
10 FCPATH\index.php(67): CodeIgniter\CodeIgniter->run()
11 SYSTEMPATH\Commands\Server\rewrite.php(43): require_once('FCPATH\\index.php')
CRITICAL - 2023-03-16 11:09:49 --> in_array() expects parameter 2 to be array, null given
in APPPATH\Views\Tip_tracking\report_rentang_list_tip.php on line 58.
 1 [internal function]: CodeIgniter\Debug\Exceptions->errorHandler(2, 'in_array() expects parameter 2 to be array, null given', 'APPPATH\\Views\\Tip_tracking\\report_rentang_list_tip.php', 58, [...])
 2 APPPATH\Views\Tip_tracking\report_rentang_list_tip.php(58): in_array('2023-03-03', null)
 3 SYSTEMPATH\View\View.php(213): include('APPPATH\\Views\\Tip_tracking\\report_rentang_list_tip.php')
 4 SYSTEMPATH\View\View.php(216): CodeIgniter\View\View->CodeIgniter\View\{closure}()
 5 SYSTEMPATH\Common.php(1137): CodeIgniter\View\View->render('Tip_tracking/report_rentang_list_tip', [], true)
 6 APPPATH\Controllers\Tip.php(279): view('Tip_tracking/report_rentang_list_tip', [...])
 7 SYSTEMPATH\CodeIgniter.php(904): App\Controllers\Tip->reportrentangBulan()
 8 SYSTEMPATH\CodeIgniter.php(457): CodeIgniter\CodeIgniter->runController(Object(App\Controllers\Tip))
 9 SYSTEMPATH\CodeIgniter.php(340): CodeIgniter\CodeIgniter->handleRequest(null, Object(Config\Cache), false)
10 FCPATH\index.php(67): CodeIgniter\CodeIgniter->run()
11 SYSTEMPATH\Commands\Server\rewrite.php(43): require_once('FCPATH\\index.php')
CRITICAL - 2023-03-16 11:12:07 --> Allowed memory size of 536870912 bytes exhausted (tried to allocate 245383168 bytes)
in APPPATH\Views\Tip_tracking\report_rentang_list_tip.php on line 58.
 1 [internal function]: CodeIgniter\Debug\Exceptions->shutdownHandler()
CRITICAL - 2023-03-16 11:13:57 --> Allowed memory size of 536870912 bytes exhausted (tried to allocate 251674624 bytes)
in APPPATH\Views\Tip_tracking\report_rentang_list_tip.php on line 58.
 1 [internal function]: CodeIgniter\Debug\Exceptions->shutdownHandler()
CRITICAL - 2023-03-16 11:19:44 --> Trying to access array offset on value of type null
in APPPATH\Views\Tip_tracking\report_rentang_list_tip.php on line 56.
 1 APPPATH\Views\Tip_tracking\report_rentang_list_tip.php(56): CodeIgniter\Debug\Exceptions->errorHandler(8, 'Trying to access array offset on value of type null', 'APPPATH\\Views\\Tip_tracking\\report_rentang_list_tip.php', 56, [...])
 2 SYSTEMPATH\View\View.php(213): include('APPPATH\\Views\\Tip_tracking\\report_rentang_list_tip.php')
 3 SYSTEMPATH\View\View.php(216): CodeIgniter\View\View->CodeIgniter\View\{closure}()
 4 SYSTEMPATH\Common.php(1137): CodeIgniter\View\View->render('Tip_tracking/report_rentang_list_tip', [], true)
 5 APPPATH\Controllers\Tip.php(279): view('Tip_tracking/report_rentang_list_tip', [...])
 6 SYSTEMPATH\CodeIgniter.php(904): App\Controllers\Tip->reportrentangBulan()
 7 SYSTEMPATH\CodeIgniter.php(457): CodeIgniter\CodeIgniter->runController(Object(App\Controllers\Tip))
 8 SYSTEMPATH\CodeIgniter.php(340): CodeIgniter\CodeIgniter->handleRequest(null, Object(Config\Cache), false)
 9 FCPATH\index.php(67): CodeIgniter\CodeIgniter->run()
10 SYSTEMPATH\Commands\Server\rewrite.php(43): require_once('FCPATH\\index.php')
CRITICAL - 2023-03-16 11:20:52 --> Allowed memory size of 536870912 bytes exhausted (tried to allocate 245383168 bytes)
in APPPATH\Views\Tip_tracking\report_rentang_list_tip.php on line 58.
 1 [internal function]: CodeIgniter\Debug\Exceptions->shutdownHandler()
CRITICAL - 2023-03-16 11:22:24 --> A non well formed numeric value encountered
in APPPATH\Views\Tip_tracking\report_rentang_list_tip.php on line 60.
 1 APPPATH\Views\Tip_tracking\report_rentang_list_tip.php(60): CodeIgniter\Debug\Exceptions->errorHandler(8, 'A non well formed numeric value encountered', 'APPPATH\\Views\\Tip_tracking\\report_rentang_list_tip.php', 60, [...])
 2 SYSTEMPATH\View\View.php(213): include('APPPATH\\Views\\Tip_tracking\\report_rentang_list_tip.php')
 3 SYSTEMPATH\View\View.php(216): CodeIgniter\View\View->CodeIgniter\View\{closure}()
 4 SYSTEMPATH\Common.php(1137): CodeIgniter\View\View->render('Tip_tracking/report_rentang_list_tip', [], true)
 5 APPPATH\Controllers\Tip.php(279): view('Tip_tracking/report_rentang_list_tip', [...])
 6 SYSTEMPATH\CodeIgniter.php(904): App\Controllers\Tip->reportrentangBulan()
 7 SYSTEMPATH\CodeIgniter.php(457): CodeIgniter\CodeIgniter->runController(Object(App\Controllers\Tip))
 8 SYSTEMPATH\CodeIgniter.php(340): CodeIgniter\CodeIgniter->handleRequest(null, Object(Config\Cache), false)
 9 FCPATH\index.php(67): CodeIgniter\CodeIgniter->run()
10 SYSTEMPATH\Commands\Server\rewrite.php(43): require_once('FCPATH\\index.php')
CRITICAL - 2023-03-16 11:23:20 --> A non well formed numeric value encountered
in APPPATH\Views\Tip_tracking\report_rentang_list_tip.php on line 60.
 1 APPPATH\Views\Tip_tracking\report_rentang_list_tip.php(60): CodeIgniter\Debug\Exceptions->errorHandler(8, 'A non well formed numeric value encountered', 'APPPATH\\Views\\Tip_tracking\\report_rentang_list_tip.php', 60, [...])
 2 SYSTEMPATH\View\View.php(213): include('APPPATH\\Views\\Tip_tracking\\report_rentang_list_tip.php')
 3 SYSTEMPATH\View\View.php(216): CodeIgniter\View\View->CodeIgniter\View\{closure}()
 4 SYSTEMPATH\Common.php(1137): CodeIgniter\View\View->render('Tip_tracking/report_rentang_list_tip', [], true)
 5 APPPATH\Controllers\Tip.php(279): view('Tip_tracking/report_rentang_list_tip', [...])
 6 SYSTEMPATH\CodeIgniter.php(904): App\Controllers\Tip->reportrentangBulan()
 7 SYSTEMPATH\CodeIgniter.php(457): CodeIgniter\CodeIgniter->runController(Object(App\Controllers\Tip))
 8 SYSTEMPATH\CodeIgniter.php(340): CodeIgniter\CodeIgniter->handleRequest(null, Object(Config\Cache), false)
 9 FCPATH\index.php(67): CodeIgniter\CodeIgniter->run()
10 SYSTEMPATH\Commands\Server\rewrite.php(43): require_once('FCPATH\\index.php')
CRITICAL - 2023-03-16 11:29:36 --> Allowed memory size of 536870912 bytes exhausted (tried to allocate 245383168 bytes)
in APPPATH\Views\Tip_tracking\report_rentang_list_tip.php on line 65.
 1 [internal function]: CodeIgniter\Debug\Exceptions->shutdownHandler()
CRITICAL - 2023-03-16 11:30:20 --> Allowed memory size of 536870912 bytes exhausted (tried to allocate 251674624 bytes)
in APPPATH\Views\Tip_tracking\report_rentang_list_tip.php on line 55.
 1 [internal function]: CodeIgniter\Debug\Exceptions->shutdownHandler()
ERROR - 2023-03-16 11:42:15 --> mysqli_sql_exception: You have an error in your SQL syntax; check the manual that corresponds to your MariaDB server version for the right syntax to use near 'OR '01-04-2023'' at line 12 in C:\xampp\htdocs\tracking\system\Database\MySQLi\Connection.php:292
Stack trace:
#0 C:\xampp\htdocs\tracking\system\Database\MySQLi\Connection.php(292): mysqli->query('SELECT tgl,\r\n  ...', 0)
#1 C:\xampp\htdocs\tracking\system\Database\BaseConnection.php(693): CodeIgniter\Database\MySQLi\Connection->execute('SELECT tgl,\r\n  ...')
#2 C:\xampp\htdocs\tracking\system\Database\BaseConnection.php(620): CodeIgniter\Database\BaseConnection->simpleQuery('SELECT tgl,\r\n  ...')
#3 C:\xampp\htdocs\tracking\app\Models\TipModel.php(172): CodeIgniter\Database\BaseConnection->query('SELECT tgl,\r\n  ...')
#4 C:\xampp\htdocs\tracking\app\Controllers\Tip.php(276): App\Models\TipModel->getreportbyRentangMonth('01-03-2023', '01-04-2023')
#5 C:\xampp\htdocs\tracking\system\CodeIgniter.php(904): App\Controllers\Tip->reportrentangBulan()
#6 C:\xampp\htdocs\tracking\system\CodeIgniter.php(457): CodeIgniter\CodeIgniter->runController(Object(App\Controllers\Tip))
#7 C:\xampp\htdocs\tracking\system\CodeIgniter.php(340): CodeIgniter\CodeIgniter->handleRequest(NULL, Object(Config\Cache), false)
#8 C:\xampp\htdocs\tracking\public\index.php(67): CodeIgniter\CodeIgniter->run()
#9 C:\xampp\htdocs\tracking\system\Commands\Server\rewrite.php(43): require_once('C:\\xampp\\htdocs...')
#10 {main}
CRITICAL - 2023-03-16 11:42:15 --> You have an error in your SQL syntax; check the manual that corresponds to your MariaDB server version for the right syntax to use near 'OR '01-04-2023'' at line 12
in SYSTEMPATH\Database\MySQLi\Connection.php on line 292.
 1 SYSTEMPATH\Database\MySQLi\Connection.php(292): mysqli->query('SELECT tgl,
                    COUNT(IF(driver=\'Chandra sinaga\', trip, NULL)) trip_chandra,
                    COUNT(IF(driver=\'Doni\', trip, NULL)) trip_doni,
                    COUNT(IF(driver=\'Dafrizal\', trip, NULL)) trip_dafrizal,
                    COUNT(IF(driver=\'Herian\', trip, NULL)) trip_herian,

                    SUM(IF(driver=\'Chandra sinaga\', value_tip, 0)) value_chandra,
                    SUM(IF(driver=\'Doni\', value_tip, 0)) value_doni,
                    SUM(IF(driver=\'Dafrizal\', value_tip, 0)) value_dafrizal,
                    SUM(IF(driver=\'Herian\', value_tip, 0)) value_herian
                        FROM tblmas_tip_tracking
			                WHERE tgl BETWEEN \'01-03-2023\' OR \'01-04-2023\'', 0)
 2 SYSTEMPATH\Database\BaseConnection.php(693): CodeIgniter\Database\MySQLi\Connection->execute('SELECT tgl,
                    COUNT(IF(driver=\'Chandra sinaga\', trip, NULL)) trip_chandra,
                    COUNT(IF(driver=\'Doni\', trip, NULL)) trip_doni,
                    COUNT(IF(driver=\'Dafrizal\', trip, NULL)) trip_dafrizal,
                    COUNT(IF(driver=\'Herian\', trip, NULL)) trip_herian,

                    SUM(IF(driver=\'Chandra sinaga\', value_tip, 0)) value_chandra,
                    SUM(IF(driver=\'Doni\', value_tip, 0)) value_doni,
                    SUM(IF(driver=\'Dafrizal\', value_tip, 0)) value_dafrizal,
                    SUM(IF(driver=\'Herian\', value_tip, 0)) value_herian
                        FROM tblmas_tip_tracking
			                WHERE tgl BETWEEN \'01-03-2023\' OR \'01-04-2023\'')
 3 SYSTEMPATH\Database\BaseConnection.php(620): CodeIgniter\Database\BaseConnection->simpleQuery('SELECT tgl,
                    COUNT(IF(driver=\'Chandra sinaga\', trip, NULL)) trip_chandra,
                    COUNT(IF(driver=\'Doni\', trip, NULL)) trip_doni,
                    COUNT(IF(driver=\'Dafrizal\', trip, NULL)) trip_dafrizal,
                    COUNT(IF(driver=\'Herian\', trip, NULL)) trip_herian,

                    SUM(IF(driver=\'Chandra sinaga\', value_tip, 0)) value_chandra,
                    SUM(IF(driver=\'Doni\', value_tip, 0)) value_doni,
                    SUM(IF(driver=\'Dafrizal\', value_tip, 0)) value_dafrizal,
                    SUM(IF(driver=\'Herian\', value_tip, 0)) value_herian
                        FROM tblmas_tip_tracking
			                WHERE tgl BETWEEN \'01-03-2023\' OR \'01-04-2023\'')
 4 APPPATH\Models\TipModel.php(172): CodeIgniter\Database\BaseConnection->query('SELECT tgl,
                    COUNT(IF(driver=\'Chandra sinaga\', trip, NULL)) trip_chandra,
                    COUNT(IF(driver=\'Doni\', trip, NULL)) trip_doni,
                    COUNT(IF(driver=\'Dafrizal\', trip, NULL)) trip_dafrizal,
                    COUNT(IF(driver=\'Herian\', trip, NULL)) trip_herian,

                    SUM(IF(driver=\'Chandra sinaga\', value_tip, 0)) value_chandra,
                    SUM(IF(driver=\'Doni\', value_tip, 0)) value_doni,
                    SUM(IF(driver=\'Dafrizal\', value_tip, 0)) value_dafrizal,
                    SUM(IF(driver=\'Herian\', value_tip, 0)) value_herian
                        FROM tblmas_tip_tracking
			                WHERE tgl BETWEEN \'01-03-2023\' OR \'01-04-2023\'')
 5 APPPATH\Controllers\Tip.php(276): App\Models\TipModel->getreportbyRentangMonth('01-03-2023', '01-04-2023')
 6 SYSTEMPATH\CodeIgniter.php(904): App\Controllers\Tip->reportrentangBulan()
 7 SYSTEMPATH\CodeIgniter.php(457): CodeIgniter\CodeIgniter->runController(Object(App\Controllers\Tip))
 8 SYSTEMPATH\CodeIgniter.php(340): CodeIgniter\CodeIgniter->handleRequest(null, Object(Config\Cache), false)
 9 FCPATH\index.php(67): CodeIgniter\CodeIgniter->run()
10 SYSTEMPATH\Commands\Server\rewrite.php(43): require_once('FCPATH\\index.php')
CRITICAL - 2023-03-16 11:42:31 --> Allowed memory size of 536870912 bytes exhausted (tried to allocate 251674624 bytes)
in APPPATH\Views\Tip_tracking\report_rentang_list_tip.php on line 55.
 1 [internal function]: CodeIgniter\Debug\Exceptions->shutdownHandler()
CRITICAL - 2023-03-16 11:43:41 --> Allowed memory size of 536870912 bytes exhausted (tried to allocate 251674624 bytes)
in APPPATH\Views\Tip_tracking\report_rentang_list_tip.php on line 56.
 1 [internal function]: CodeIgniter\Debug\Exceptions->shutdownHandler()
CRITICAL - 2023-03-16 11:44:09 --> Undefined variable: convert_dari
in APPPATH\Views\Tip_tracking\report_rentang_list_tip.php on line 57.
 1 APPPATH\Views\Tip_tracking\report_rentang_list_tip.php(57): CodeIgniter\Debug\Exceptions->errorHandler(8, 'Undefined variable: convert_dari', 'APPPATH\\Views\\Tip_tracking\\report_rentang_list_tip.php', 57, [...])
 2 SYSTEMPATH\View\View.php(213): include('APPPATH\\Views\\Tip_tracking\\report_rentang_list_tip.php')
 3 SYSTEMPATH\View\View.php(216): CodeIgniter\View\View->CodeIgniter\View\{closure}()
 4 SYSTEMPATH\Common.php(1137): CodeIgniter\View\View->render('Tip_tracking/report_rentang_list_tip', [], true)
 5 APPPATH\Controllers\Tip.php(279): view('Tip_tracking/report_rentang_list_tip', [...])
 6 SYSTEMPATH\CodeIgniter.php(904): App\Controllers\Tip->reportrentangBulan()
 7 SYSTEMPATH\CodeIgniter.php(457): CodeIgniter\CodeIgniter->runController(Object(App\Controllers\Tip))
 8 SYSTEMPATH\CodeIgniter.php(340): CodeIgniter\CodeIgniter->handleRequest(null, Object(Config\Cache), false)
 9 FCPATH\index.php(67): CodeIgniter\CodeIgniter->run()
10 SYSTEMPATH\Commands\Server\rewrite.php(43): require_once('FCPATH\\index.php')
CRITICAL - 2023-03-16 11:44:25 --> Allowed memory size of 536870912 bytes exhausted (tried to allocate 253771776 bytes)
in APPPATH\Views\Tip_tracking\report_rentang_list_tip.php on line 68.
 1 [internal function]: CodeIgniter\Debug\Exceptions->shutdownHandler()
CRITICAL - 2023-03-16 11:44:52 --> Allowed memory size of 536870912 bytes exhausted (tried to allocate 253771776 bytes)
in APPPATH\Views\Tip_tracking\report_rentang_list_tip.php on line 67.
 1 [internal function]: CodeIgniter\Debug\Exceptions->shutdownHandler()
CRITICAL - 2023-03-16 11:46:22 --> Allowed memory size of 536870912 bytes exhausted (tried to allocate 253771776 bytes)
in APPPATH\Views\Tip_tracking\report_rentang_list_tip.php on line 67.
 1 [internal function]: CodeIgniter\Debug\Exceptions->shutdownHandler()
CRITICAL - 2023-03-16 11:47:46 --> Undefined variable: date
in APPPATH\Views\Tip_tracking\report_rentang_list_tip.php on line 53.
 1 APPPATH\Views\Tip_tracking\report_rentang_list_tip.php(53): CodeIgniter\Debug\Exceptions->errorHandler(8, 'Undefined variable: date', 'APPPATH\\Views\\Tip_tracking\\report_rentang_list_tip.php', 53, [...])
 2 SYSTEMPATH\View\View.php(213): include('APPPATH\\Views\\Tip_tracking\\report_rentang_list_tip.php')
 3 SYSTEMPATH\View\View.php(216): CodeIgniter\View\View->CodeIgniter\View\{closure}()
 4 SYSTEMPATH\Common.php(1137): CodeIgniter\View\View->render('Tip_tracking/report_rentang_list_tip', [], true)
 5 APPPATH\Controllers\Tip.php(279): view('Tip_tracking/report_rentang_list_tip', [...])
 6 SYSTEMPATH\CodeIgniter.php(904): App\Controllers\Tip->reportrentangBulan()
 7 SYSTEMPATH\CodeIgniter.php(457): CodeIgniter\CodeIgniter->runController(Object(App\Controllers\Tip))
 8 SYSTEMPATH\CodeIgniter.php(340): CodeIgniter\CodeIgniter->handleRequest(null, Object(Config\Cache), false)
 9 FCPATH\index.php(67): CodeIgniter\CodeIgniter->run()
10 SYSTEMPATH\Commands\Server\rewrite.php(43): require_once('FCPATH\\index.php')
CRITICAL - 2023-03-16 11:48:04 --> Call to a member function format() on bool
in APPPATH\Views\Tip_tracking\report_rentang_list_tip.php on line 57.
 1 SYSTEMPATH\View\View.php(213): include()
 2 SYSTEMPATH\View\View.php(216): CodeIgniter\View\View->CodeIgniter\View\{closure}()
 3 SYSTEMPATH\Common.php(1137): CodeIgniter\View\View->render('Tip_tracking/report_rentang_list_tip', [], true)
 4 APPPATH\Controllers\Tip.php(279): view('Tip_tracking/report_rentang_list_tip', [...])
 5 SYSTEMPATH\CodeIgniter.php(904): App\Controllers\Tip->reportrentangBulan()
 6 SYSTEMPATH\CodeIgniter.php(457): CodeIgniter\CodeIgniter->runController(Object(App\Controllers\Tip))
 7 SYSTEMPATH\CodeIgniter.php(340): CodeIgniter\CodeIgniter->handleRequest(null, Object(Config\Cache), false)
 8 FCPATH\index.php(67): CodeIgniter\CodeIgniter->run()
 9 SYSTEMPATH\Commands\Server\rewrite.php(43): require_once('FCPATH\\index.php')
CRITICAL - 2023-03-16 11:48:15 --> Undefined variable: convert_dari
in APPPATH\Views\Tip_tracking\report_rentang_list_tip.php on line 59.
 1 APPPATH\Views\Tip_tracking\report_rentang_list_tip.php(59): CodeIgniter\Debug\Exceptions->errorHandler(8, 'Undefined variable: convert_dari', 'APPPATH\\Views\\Tip_tracking\\report_rentang_list_tip.php', 59, [...])
 2 SYSTEMPATH\View\View.php(213): include('APPPATH\\Views\\Tip_tracking\\report_rentang_list_tip.php')
 3 SYSTEMPATH\View\View.php(216): CodeIgniter\View\View->CodeIgniter\View\{closure}()
 4 SYSTEMPATH\Common.php(1137): CodeIgniter\View\View->render('Tip_tracking/report_rentang_list_tip', [], true)
 5 APPPATH\Controllers\Tip.php(279): view('Tip_tracking/report_rentang_list_tip', [...])
 6 SYSTEMPATH\CodeIgniter.php(904): App\Controllers\Tip->reportrentangBulan()
 7 SYSTEMPATH\CodeIgniter.php(457): CodeIgniter\CodeIgniter->runController(Object(App\Controllers\Tip))
 8 SYSTEMPATH\CodeIgniter.php(340): CodeIgniter\CodeIgniter->handleRequest(null, Object(Config\Cache), false)
 9 FCPATH\index.php(67): CodeIgniter\CodeIgniter->run()
10 SYSTEMPATH\Commands\Server\rewrite.php(43): require_once('FCPATH\\index.php')
CRITICAL - 2023-03-16 11:48:33 --> Allowed memory size of 536870912 bytes exhausted (tried to allocate 253771776 bytes)
in APPPATH\Views\Tip_tracking\report_rentang_list_tip.php on line 50.
 1 [internal function]: CodeIgniter\Debug\Exceptions->shutdownHandler()
CRITICAL - 2023-03-16 11:54:21 --> Allowed memory size of 536870912 bytes exhausted (tried to allocate 245383168 bytes)
in APPPATH\Views\Tip_tracking\report_rentang_list_tip.php on line 59.
 1 [internal function]: CodeIgniter\Debug\Exceptions->shutdownHandler()
CRITICAL - 2023-03-16 11:54:40 --> Allowed memory size of 536870912 bytes exhausted (tried to allocate 251674624 bytes)
in APPPATH\Views\Tip_tracking\report_rentang_list_tip.php on line 65.
 1 [internal function]: CodeIgniter\Debug\Exceptions->shutdownHandler()
CRITICAL - 2023-03-16 11:57:49 --> in_array() expects parameter 2 to be array, null given
in APPPATH\Views\Tip_tracking\report_rentang_list_tip.php on line 58.
 1 [internal function]: CodeIgniter\Debug\Exceptions->errorHandler(2, 'in_array() expects parameter 2 to be array, null given', 'APPPATH\\Views\\Tip_tracking\\report_rentang_list_tip.php', 58, [...])
 2 APPPATH\Views\Tip_tracking\report_rentang_list_tip.php(58): in_array('02 March 2023', null)
 3 SYSTEMPATH\View\View.php(213): include('APPPATH\\Views\\Tip_tracking\\report_rentang_list_tip.php')
 4 SYSTEMPATH\View\View.php(216): CodeIgniter\View\View->CodeIgniter\View\{closure}()
 5 SYSTEMPATH\Common.php(1137): CodeIgniter\View\View->render('Tip_tracking/report_rentang_list_tip', [], true)
 6 APPPATH\Controllers\Tip.php(279): view('Tip_tracking/report_rentang_list_tip', [...])
 7 SYSTEMPATH\CodeIgniter.php(904): App\Controllers\Tip->reportrentangBulan()
 8 SYSTEMPATH\CodeIgniter.php(457): CodeIgniter\CodeIgniter->runController(Object(App\Controllers\Tip))
 9 SYSTEMPATH\CodeIgniter.php(340): CodeIgniter\CodeIgniter->handleRequest(null, Object(Config\Cache), false)
10 FCPATH\index.php(67): CodeIgniter\CodeIgniter->run()
11 SYSTEMPATH\Commands\Server\rewrite.php(43): require_once('FCPATH\\index.php')
CRITICAL - 2023-03-16 12:00:46 --> in_array() expects parameter 2 to be array, null given
in APPPATH\Views\Tip_tracking\report_rentang_list_tip.php on line 59.
 1 [internal function]: CodeIgniter\Debug\Exceptions->errorHandler(2, 'in_array() expects parameter 2 to be array, null given', 'APPPATH\\Views\\Tip_tracking\\report_rentang_list_tip.php', 59, [...])
 2 APPPATH\Views\Tip_tracking\report_rentang_list_tip.php(59): in_array([...], null)
 3 SYSTEMPATH\View\View.php(213): include('APPPATH\\Views\\Tip_tracking\\report_rentang_list_tip.php')
 4 SYSTEMPATH\View\View.php(216): CodeIgniter\View\View->CodeIgniter\View\{closure}()
 5 SYSTEMPATH\Common.php(1137): CodeIgniter\View\View->render('Tip_tracking/report_rentang_list_tip', [], true)
 6 APPPATH\Controllers\Tip.php(279): view('Tip_tracking/report_rentang_list_tip', [...])
 7 SYSTEMPATH\CodeIgniter.php(904): App\Controllers\Tip->reportrentangBulan()
 8 SYSTEMPATH\CodeIgniter.php(457): CodeIgniter\CodeIgniter->runController(Object(App\Controllers\Tip))
 9 SYSTEMPATH\CodeIgniter.php(340): CodeIgniter\CodeIgniter->handleRequest(null, Object(Config\Cache), false)
10 FCPATH\index.php(67): CodeIgniter\CodeIgniter->run()
11 SYSTEMPATH\Commands\Server\rewrite.php(43): require_once('FCPATH\\index.php')
CRITICAL - 2023-03-16 12:01:06 --> in_array() expects parameter 2 to be array, null given
in APPPATH\Views\Tip_tracking\report_rentang_list_tip.php on line 58.
 1 [internal function]: CodeIgniter\Debug\Exceptions->errorHandler(2, 'in_array() expects parameter 2 to be array, null given', 'APPPATH\\Views\\Tip_tracking\\report_rentang_list_tip.php', 58, [...])
 2 APPPATH\Views\Tip_tracking\report_rentang_list_tip.php(58): in_array('02 March 2023', null)
 3 SYSTEMPATH\View\View.php(213): include('APPPATH\\Views\\Tip_tracking\\report_rentang_list_tip.php')
 4 SYSTEMPATH\View\View.php(216): CodeIgniter\View\View->CodeIgniter\View\{closure}()
 5 SYSTEMPATH\Common.php(1137): CodeIgniter\View\View->render('Tip_tracking/report_rentang_list_tip', [], true)
 6 APPPATH\Controllers\Tip.php(279): view('Tip_tracking/report_rentang_list_tip', [...])
 7 SYSTEMPATH\CodeIgniter.php(904): App\Controllers\Tip->reportrentangBulan()
 8 SYSTEMPATH\CodeIgniter.php(457): CodeIgniter\CodeIgniter->runController(Object(App\Controllers\Tip))
 9 SYSTEMPATH\CodeIgniter.php(340): CodeIgniter\CodeIgniter->handleRequest(null, Object(Config\Cache), false)
10 FCPATH\index.php(67): CodeIgniter\CodeIgniter->run()
11 SYSTEMPATH\Commands\Server\rewrite.php(43): require_once('FCPATH\\index.php')
CRITICAL - 2023-03-16 12:53:28 --> in_array() expects parameter 2 to be array, null given
in APPPATH\Views\Tip_tracking\report_rentang_list_tip.php on line 51.
 1 [internal function]: CodeIgniter\Debug\Exceptions->errorHandler(2, 'in_array() expects parameter 2 to be array, null given', 'APPPATH\\Views\\Tip_tracking\\report_rentang_list_tip.php', 51, [...])
 2 APPPATH\Views\Tip_tracking\report_rentang_list_tip.php(51): in_array('01 March 2023', null)
 3 SYSTEMPATH\View\View.php(213): include('APPPATH\\Views\\Tip_tracking\\report_rentang_list_tip.php')
 4 SYSTEMPATH\View\View.php(216): CodeIgniter\View\View->CodeIgniter\View\{closure}()
 5 SYSTEMPATH\Common.php(1137): CodeIgniter\View\View->render('Tip_tracking/report_rentang_list_tip', [], true)
 6 APPPATH\Controllers\Tip.php(279): view('Tip_tracking/report_rentang_list_tip', [...])
 7 SYSTEMPATH\CodeIgniter.php(904): App\Controllers\Tip->reportrentangBulan()
 8 SYSTEMPATH\CodeIgniter.php(457): CodeIgniter\CodeIgniter->runController(Object(App\Controllers\Tip))
 9 SYSTEMPATH\CodeIgniter.php(340): CodeIgniter\CodeIgniter->handleRequest(null, Object(Config\Cache), false)
10 FCPATH\index.php(67): CodeIgniter\CodeIgniter->run()
11 SYSTEMPATH\Commands\Server\rewrite.php(43): require_once('FCPATH\\index.php')
CRITICAL - 2023-03-16 12:56:56 --> in_array() expects parameter 2 to be array, null given
in APPPATH\Views\Tip_tracking\report_rentang_list_tip.php on line 59.
 1 [internal function]: CodeIgniter\Debug\Exceptions->errorHandler(2, 'in_array() expects parameter 2 to be array, null given', 'APPPATH\\Views\\Tip_tracking\\report_rentang_list_tip.php', 59, [...])
 2 APPPATH\Views\Tip_tracking\report_rentang_list_tip.php(59): in_array('02 March 2023', null)
 3 SYSTEMPATH\View\View.php(213): include('APPPATH\\Views\\Tip_tracking\\report_rentang_list_tip.php')
 4 SYSTEMPATH\View\View.php(216): CodeIgniter\View\View->CodeIgniter\View\{closure}()
 5 SYSTEMPATH\Common.php(1137): CodeIgniter\View\View->render('Tip_tracking/report_rentang_list_tip', [], true)
 6 APPPATH\Controllers\Tip.php(279): view('Tip_tracking/report_rentang_list_tip', [...])
 7 SYSTEMPATH\CodeIgniter.php(904): App\Controllers\Tip->reportrentangBulan()
 8 SYSTEMPATH\CodeIgniter.php(457): CodeIgniter\CodeIgniter->runController(Object(App\Controllers\Tip))
 9 SYSTEMPATH\CodeIgniter.php(340): CodeIgniter\CodeIgniter->handleRequest(null, Object(Config\Cache), false)
10 FCPATH\index.php(67): CodeIgniter\CodeIgniter->run()
11 SYSTEMPATH\Commands\Server\rewrite.php(43): require_once('FCPATH\\index.php')
CRITICAL - 2023-03-16 13:02:13 --> in_array() expects parameter 2 to be array, null given
in APPPATH\Views\Tip_tracking\report_rentang_list_tip.php on line 59.
 1 [internal function]: CodeIgniter\Debug\Exceptions->errorHandler(2, 'in_array() expects parameter 2 to be array, null given', 'APPPATH\\Views\\Tip_tracking\\report_rentang_list_tip.php', 59, [...])
 2 APPPATH\Views\Tip_tracking\report_rentang_list_tip.php(59): in_array('02 March 2023', null)
 3 SYSTEMPATH\View\View.php(213): include('APPPATH\\Views\\Tip_tracking\\report_rentang_list_tip.php')
 4 SYSTEMPATH\View\View.php(216): CodeIgniter\View\View->CodeIgniter\View\{closure}()
 5 SYSTEMPATH\Common.php(1137): CodeIgniter\View\View->render('Tip_tracking/report_rentang_list_tip', [], true)
 6 APPPATH\Controllers\Tip.php(279): view('Tip_tracking/report_rentang_list_tip', [...])
 7 SYSTEMPATH\CodeIgniter.php(904): App\Controllers\Tip->reportrentangBulan()
 8 SYSTEMPATH\CodeIgniter.php(457): CodeIgniter\CodeIgniter->runController(Object(App\Controllers\Tip))
 9 SYSTEMPATH\CodeIgniter.php(340): CodeIgniter\CodeIgniter->handleRequest(null, Object(Config\Cache), false)
10 FCPATH\index.php(67): CodeIgniter\CodeIgniter->run()
11 SYSTEMPATH\Commands\Server\rewrite.php(43): require_once('FCPATH\\index.php')
CRITICAL - 2023-03-16 13:04:05 --> in_array() expects parameter 2 to be array, null given
in APPPATH\Views\Tip_tracking\report_rentang_list_tip.php on line 60.
 1 [internal function]: CodeIgniter\Debug\Exceptions->errorHandler(2, 'in_array() expects parameter 2 to be array, null given', 'APPPATH\\Views\\Tip_tracking\\report_rentang_list_tip.php', 60, [...])
 2 APPPATH\Views\Tip_tracking\report_rentang_list_tip.php(60): in_array([...], null)
 3 SYSTEMPATH\View\View.php(213): include('APPPATH\\Views\\Tip_tracking\\report_rentang_list_tip.php')
 4 SYSTEMPATH\View\View.php(216): CodeIgniter\View\View->CodeIgniter\View\{closure}()
 5 SYSTEMPATH\Common.php(1137): CodeIgniter\View\View->render('Tip_tracking/report_rentang_list_tip', [], true)
 6 APPPATH\Controllers\Tip.php(279): view('Tip_tracking/report_rentang_list_tip', [...])
 7 SYSTEMPATH\CodeIgniter.php(904): App\Controllers\Tip->reportrentangBulan()
 8 SYSTEMPATH\CodeIgniter.php(457): CodeIgniter\CodeIgniter->runController(Object(App\Controllers\Tip))
 9 SYSTEMPATH\CodeIgniter.php(340): CodeIgniter\CodeIgniter->handleRequest(null, Object(Config\Cache), false)
10 FCPATH\index.php(67): CodeIgniter\CodeIgniter->run()
11 SYSTEMPATH\Commands\Server\rewrite.php(43): require_once('FCPATH\\index.php')
CRITICAL - 2023-03-16 13:12:39 --> in_array() expects parameter 2 to be array, null given
in APPPATH\Views\Tip_tracking\report_rentang_list_tip.php on line 60.
 1 [internal function]: CodeIgniter\Debug\Exceptions->errorHandler(2, 'in_array() expects parameter 2 to be array, null given', 'APPPATH\\Views\\Tip_tracking\\report_rentang_list_tip.php', 60, [...])
 2 APPPATH\Views\Tip_tracking\report_rentang_list_tip.php(60): in_array([...], null)
 3 SYSTEMPATH\View\View.php(213): include('APPPATH\\Views\\Tip_tracking\\report_rentang_list_tip.php')
 4 SYSTEMPATH\View\View.php(216): CodeIgniter\View\View->CodeIgniter\View\{closure}()
 5 SYSTEMPATH\Common.php(1137): CodeIgniter\View\View->render('Tip_tracking/report_rentang_list_tip', [], true)
 6 APPPATH\Controllers\Tip.php(279): view('Tip_tracking/report_rentang_list_tip', [...])
 7 SYSTEMPATH\CodeIgniter.php(904): App\Controllers\Tip->reportrentangBulan()
 8 SYSTEMPATH\CodeIgniter.php(457): CodeIgniter\CodeIgniter->runController(Object(App\Controllers\Tip))
 9 SYSTEMPATH\CodeIgniter.php(340): CodeIgniter\CodeIgniter->handleRequest(null, Object(Config\Cache), false)
10 FCPATH\index.php(67): CodeIgniter\CodeIgniter->run()
11 SYSTEMPATH\Commands\Server\rewrite.php(43): require_once('FCPATH\\index.php')
CRITICAL - 2023-03-16 13:14:02 --> Undefined variable: date
in APPPATH\Views\Tip_tracking\report_rentang_list_tip.php on line 53.
 1 APPPATH\Views\Tip_tracking\report_rentang_list_tip.php(53): CodeIgniter\Debug\Exceptions->errorHandler(8, 'Undefined variable: date', 'APPPATH\\Views\\Tip_tracking\\report_rentang_list_tip.php', 53, [...])
 2 SYSTEMPATH\View\View.php(213): include('APPPATH\\Views\\Tip_tracking\\report_rentang_list_tip.php')
 3 SYSTEMPATH\View\View.php(216): CodeIgniter\View\View->CodeIgniter\View\{closure}()
 4 SYSTEMPATH\Common.php(1137): CodeIgniter\View\View->render('Tip_tracking/report_rentang_list_tip', [], true)
 5 APPPATH\Controllers\Tip.php(279): view('Tip_tracking/report_rentang_list_tip', [...])
 6 SYSTEMPATH\CodeIgniter.php(904): App\Controllers\Tip->reportrentangBulan()
 7 SYSTEMPATH\CodeIgniter.php(457): CodeIgniter\CodeIgniter->runController(Object(App\Controllers\Tip))
 8 SYSTEMPATH\CodeIgniter.php(340): CodeIgniter\CodeIgniter->handleRequest(null, Object(Config\Cache), false)
 9 FCPATH\index.php(67): CodeIgniter\CodeIgniter->run()
10 SYSTEMPATH\Commands\Server\rewrite.php(43): require_once('FCPATH\\index.php')
CRITICAL - 2023-03-16 13:14:20 --> Allowed memory size of 536870912 bytes exhausted (tried to allocate 251674624 bytes)
in APPPATH\Views\Tip_tracking\report_rentang_list_tip.php on line 63.
 1 [internal function]: CodeIgniter\Debug\Exceptions->shutdownHandler()
CRITICAL - 2023-03-16 13:14:32 --> Allowed memory size of 536870912 bytes exhausted (tried to allocate 251674624 bytes)
in APPPATH\Views\Tip_tracking\report_rentang_list_tip.php on line 63.
 1 [internal function]: CodeIgniter\Debug\Exceptions->shutdownHandler()
CRITICAL - 2023-03-16 13:15:44 --> Allowed memory size of 536870912 bytes exhausted (tried to allocate 253771776 bytes)
in APPPATH\Views\Tip_tracking\report_rentang_list_tip.php on line 63.
 1 [internal function]: CodeIgniter\Debug\Exceptions->shutdownHandler()
CRITICAL - 2023-03-16 13:16:15 --> Undefined variable: dari
in APPPATH\Views\Tip_tracking\report_rentang_list_tip.php on line 13.
 1 APPPATH\Views\Tip_tracking\report_rentang_list_tip.php(13): CodeIgniter\Debug\Exceptions->errorHandler(8, 'Undefined variable: dari', 'APPPATH\\Views\\Tip_tracking\\report_rentang_list_tip.php', 13, [...])
 2 SYSTEMPATH\View\View.php(213): include('APPPATH\\Views\\Tip_tracking\\report_rentang_list_tip.php')
 3 SYSTEMPATH\View\View.php(216): CodeIgniter\View\View->CodeIgniter\View\{closure}()
 4 SYSTEMPATH\Common.php(1137): CodeIgniter\View\View->render('Tip_tracking/report_rentang_list_tip', [], true)
 5 APPPATH\Controllers\Tip.php(279): view('Tip_tracking/report_rentang_list_tip', [...])
 6 SYSTEMPATH\CodeIgniter.php(904): App\Controllers\Tip->reportrentangBulan()
 7 SYSTEMPATH\CodeIgniter.php(457): CodeIgniter\CodeIgniter->runController(Object(App\Controllers\Tip))
 8 SYSTEMPATH\CodeIgniter.php(340): CodeIgniter\CodeIgniter->handleRequest(null, Object(Config\Cache), false)
 9 FCPATH\index.php(67): CodeIgniter\CodeIgniter->run()
10 SYSTEMPATH\Commands\Server\rewrite.php(43): require_once('FCPATH\\index.php')
CRITICAL - 2023-03-16 13:19:05 --> Undefined variable: dari
in APPPATH\Views\Tip_tracking\report_rentang_list_tip.php on line 13.
 1 APPPATH\Views\Tip_tracking\report_rentang_list_tip.php(13): CodeIgniter\Debug\Exceptions->errorHandler(8, 'Undefined variable: dari', 'APPPATH\\Views\\Tip_tracking\\report_rentang_list_tip.php', 13, [...])
 2 SYSTEMPATH\View\View.php(213): include('APPPATH\\Views\\Tip_tracking\\report_rentang_list_tip.php')
 3 SYSTEMPATH\View\View.php(216): CodeIgniter\View\View->CodeIgniter\View\{closure}()
 4 SYSTEMPATH\Common.php(1137): CodeIgniter\View\View->render('Tip_tracking/report_rentang_list_tip', [], true)
 5 APPPATH\Controllers\Tip.php(279): view('Tip_tracking/report_rentang_list_tip', [...])
 6 SYSTEMPATH\CodeIgniter.php(904): App\Controllers\Tip->reportrentangBulan()
 7 SYSTEMPATH\CodeIgniter.php(457): CodeIgniter\CodeIgniter->runController(Object(App\Controllers\Tip))
 8 SYSTEMPATH\CodeIgniter.php(340): CodeIgniter\CodeIgniter->handleRequest(null, Object(Config\Cache), false)
 9 FCPATH\index.php(67): CodeIgniter\CodeIgniter->run()
10 SYSTEMPATH\Commands\Server\rewrite.php(43): require_once('FCPATH\\index.php')
CRITICAL - 2023-03-16 13:19:20 --> Undefined variable: no
in APPPATH\Views\Tip_tracking\report_rentang_list_tip.php on line 43.
 1 APPPATH\Views\Tip_tracking\report_rentang_list_tip.php(43): CodeIgniter\Debug\Exceptions->errorHandler(8, 'Undefined variable: no', 'APPPATH\\Views\\Tip_tracking\\report_rentang_list_tip.php', 43, [...])
 2 SYSTEMPATH\View\View.php(213): include('APPPATH\\Views\\Tip_tracking\\report_rentang_list_tip.php')
 3 SYSTEMPATH\View\View.php(216): CodeIgniter\View\View->CodeIgniter\View\{closure}()
 4 SYSTEMPATH\Common.php(1137): CodeIgniter\View\View->render('Tip_tracking/report_rentang_list_tip', [], true)
 5 APPPATH\Controllers\Tip.php(279): view('Tip_tracking/report_rentang_list_tip', [...])
 6 SYSTEMPATH\CodeIgniter.php(904): App\Controllers\Tip->reportrentangBulan()
 7 SYSTEMPATH\CodeIgniter.php(457): CodeIgniter\CodeIgniter->runController(Object(App\Controllers\Tip))
 8 SYSTEMPATH\CodeIgniter.php(340): CodeIgniter\CodeIgniter->handleRequest(null, Object(Config\Cache), false)
 9 FCPATH\index.php(67): CodeIgniter\CodeIgniter->run()
10 SYSTEMPATH\Commands\Server\rewrite.php(43): require_once('FCPATH\\index.php')
CRITICAL - 2023-03-16 13:24:16 --> A non well formed numeric value encountered
in APPPATH\Controllers\Tip.php on line 266.
 1 [internal function]: CodeIgniter\Debug\Exceptions->errorHandler(8, 'A non well formed numeric value encountered', 'APPPATH\\Controllers\\Tip.php', 266, [])
 2 APPPATH\Controllers\Tip.php(266): date('Y-m-d', '01-02-2023')
 3 SYSTEMPATH\CodeIgniter.php(904): App\Controllers\Tip->reportrentangBulan()
 4 SYSTEMPATH\CodeIgniter.php(457): CodeIgniter\CodeIgniter->runController(Object(App\Controllers\Tip))
 5 SYSTEMPATH\CodeIgniter.php(340): CodeIgniter\CodeIgniter->handleRequest(null, Object(Config\Cache), false)
 6 FCPATH\index.php(67): CodeIgniter\CodeIgniter->run()
 7 SYSTEMPATH\Commands\Server\rewrite.php(43): require_once('FCPATH\\index.php')
CRITICAL - 2023-03-16 13:24:58 --> Undefined index: dari_tanggal
in APPPATH\Views\Tip_tracking\report_rentang_list_tip.php on line 14.
 1 APPPATH\Views\Tip_tracking\report_rentang_list_tip.php(14): CodeIgniter\Debug\Exceptions->errorHandler(8, 'Undefined index: dari_tanggal', 'APPPATH\\Views\\Tip_tracking\\report_rentang_list_tip.php', 14, [...])
 2 SYSTEMPATH\View\View.php(213): include('APPPATH\\Views\\Tip_tracking\\report_rentang_list_tip.php')
 3 SYSTEMPATH\View\View.php(216): CodeIgniter\View\View->CodeIgniter\View\{closure}()
 4 SYSTEMPATH\Common.php(1137): CodeIgniter\View\View->render('Tip_tracking/report_rentang_list_tip', [], true)
 5 APPPATH\Controllers\Tip.php(279): view('Tip_tracking/report_rentang_list_tip', [...])
 6 SYSTEMPATH\CodeIgniter.php(904): App\Controllers\Tip->reportrentangBulan()
 7 SYSTEMPATH\CodeIgniter.php(457): CodeIgniter\CodeIgniter->runController(Object(App\Controllers\Tip))
 8 SYSTEMPATH\CodeIgniter.php(340): CodeIgniter\CodeIgniter->handleRequest(null, Object(Config\Cache), false)
 9 FCPATH\index.php(67): CodeIgniter\CodeIgniter->run()
10 SYSTEMPATH\Commands\Server\rewrite.php(43): require_once('FCPATH\\index.php')
CRITICAL - 2023-03-16 13:25:16 --> Undefined variable: date
in APPPATH\Views\Tip_tracking\report_rentang_list_tip.php on line 53.
 1 APPPATH\Views\Tip_tracking\report_rentang_list_tip.php(53): CodeIgniter\Debug\Exceptions->errorHandler(8, 'Undefined variable: date', 'APPPATH\\Views\\Tip_tracking\\report_rentang_list_tip.php', 53, [...])
 2 SYSTEMPATH\View\View.php(213): include('APPPATH\\Views\\Tip_tracking\\report_rentang_list_tip.php')
 3 SYSTEMPATH\View\View.php(216): CodeIgniter\View\View->CodeIgniter\View\{closure}()
 4 SYSTEMPATH\Common.php(1137): CodeIgniter\View\View->render('Tip_tracking/report_rentang_list_tip', [], true)
 5 APPPATH\Controllers\Tip.php(279): view('Tip_tracking/report_rentang_list_tip', [...])
 6 SYSTEMPATH\CodeIgniter.php(904): App\Controllers\Tip->reportrentangBulan()
 7 SYSTEMPATH\CodeIgniter.php(457): CodeIgniter\CodeIgniter->runController(Object(App\Controllers\Tip))
 8 SYSTEMPATH\CodeIgniter.php(340): CodeIgniter\CodeIgniter->handleRequest(null, Object(Config\Cache), false)
 9 FCPATH\index.php(67): CodeIgniter\CodeIgniter->run()
10 SYSTEMPATH\Commands\Server\rewrite.php(43): require_once('FCPATH\\index.php')
CRITICAL - 2023-03-16 13:39:08 --> Allowed memory size of 536870912 bytes exhausted (tried to allocate 245383168 bytes)
in APPPATH\Views\Tip_tracking\report_rentang_list_tip.php on line 73.
 1 [internal function]: CodeIgniter\Debug\Exceptions->shutdownHandler()
CRITICAL - 2023-03-16 13:39:19 --> Allowed memory size of 536870912 bytes exhausted (tried to allocate 257966080 bytes)
in APPPATH\Views\Tip_tracking\report_rentang_list_tip.php on line 73.
 1 [internal function]: CodeIgniter\Debug\Exceptions->shutdownHandler()
CRITICAL - 2023-03-16 13:39:31 --> Allowed memory size of 536870912 bytes exhausted (tried to allocate 253771776 bytes)
in APPPATH\Views\Tip_tracking\report_rentang_list_tip.php on line 51.
 1 [internal function]: CodeIgniter\Debug\Exceptions->shutdownHandler()
CRITICAL - 2023-03-16 13:42:24 --> Allowed memory size of 536870912 bytes exhausted (tried to allocate 253771776 bytes)
in APPPATH\Views\Tip_tracking\report_rentang_list_tip.php on line 51.
 1 [internal function]: CodeIgniter\Debug\Exceptions->shutdownHandler()
CRITICAL - 2023-03-16 13:48:39 --> Undefined variable: data_report_bulanan
in APPPATH\Views\Tip_tracking\report_rentang_list_tip.php on line 60.
 1 APPPATH\Views\Tip_tracking\report_rentang_list_tip.php(60): CodeIgniter\Debug\Exceptions->errorHandler(8, 'Undefined variable: data_report_bulanan', 'APPPATH\\Views\\Tip_tracking\\report_rentang_list_tip.php', 60, [...])
 2 SYSTEMPATH\View\View.php(213): include('APPPATH\\Views\\Tip_tracking\\report_rentang_list_tip.php')
 3 SYSTEMPATH\View\View.php(216): CodeIgniter\View\View->CodeIgniter\View\{closure}()
 4 SYSTEMPATH\Common.php(1137): CodeIgniter\View\View->render('Tip_tracking/report_rentang_list_tip', [], true)
 5 APPPATH\Controllers\Tip.php(279): view('Tip_tracking/report_rentang_list_tip', [...])
 6 SYSTEMPATH\CodeIgniter.php(904): App\Controllers\Tip->reportrentangBulan()
 7 SYSTEMPATH\CodeIgniter.php(457): CodeIgniter\CodeIgniter->runController(Object(App\Controllers\Tip))
 8 SYSTEMPATH\CodeIgniter.php(340): CodeIgniter\CodeIgniter->handleRequest(null, Object(Config\Cache), false)
 9 FCPATH\index.php(67): CodeIgniter\CodeIgniter->run()
10 SYSTEMPATH\Commands\Server\rewrite.php(43): require_once('FCPATH\\index.php')
CRITICAL - 2023-03-16 13:54:40 --> Undefined variable: convert_dari
in APPPATH\Views\Tip_tracking\report_rentang_list_tip.php on line 57.
 1 APPPATH\Views\Tip_tracking\report_rentang_list_tip.php(57): CodeIgniter\Debug\Exceptions->errorHandler(8, 'Undefined variable: convert_dari', 'APPPATH\\Views\\Tip_tracking\\report_rentang_list_tip.php', 57, [...])
 2 SYSTEMPATH\View\View.php(213): include('APPPATH\\Views\\Tip_tracking\\report_rentang_list_tip.php')
 3 SYSTEMPATH\View\View.php(216): CodeIgniter\View\View->CodeIgniter\View\{closure}()
 4 SYSTEMPATH\Common.php(1137): CodeIgniter\View\View->render('Tip_tracking/report_rentang_list_tip', [], true)
 5 APPPATH\Controllers\Tip.php(279): view('Tip_tracking/report_rentang_list_tip', [...])
 6 SYSTEMPATH\CodeIgniter.php(904): App\Controllers\Tip->reportrentangBulan()
 7 SYSTEMPATH\CodeIgniter.php(457): CodeIgniter\CodeIgniter->runController(Object(App\Controllers\Tip))
 8 SYSTEMPATH\CodeIgniter.php(340): CodeIgniter\CodeIgniter->handleRequest(null, Object(Config\Cache), false)
 9 FCPATH\index.php(67): CodeIgniter\CodeIgniter->run()
10 SYSTEMPATH\Commands\Server\rewrite.php(43): require_once('FCPATH\\index.php')
CRITICAL - 2023-03-16 13:57:54 --> Allowed memory size of 536870912 bytes exhausted (tried to allocate 245383168 bytes)
in APPPATH\Views\Tip_tracking\report_rentang_list_tip.php on line 57.
 1 [internal function]: CodeIgniter\Debug\Exceptions->shutdownHandler()
CRITICAL - 2023-03-16 13:59:32 --> Undefined variable: date
in APPPATH\Views\Tip_tracking\report_rentang_list_tip.php on line 55.
 1 APPPATH\Views\Tip_tracking\report_rentang_list_tip.php(55): CodeIgniter\Debug\Exceptions->errorHandler(8, 'Undefined variable: date', 'APPPATH\\Views\\Tip_tracking\\report_rentang_list_tip.php', 55, [...])
 2 SYSTEMPATH\View\View.php(213): include('APPPATH\\Views\\Tip_tracking\\report_rentang_list_tip.php')
 3 SYSTEMPATH\View\View.php(216): CodeIgniter\View\View->CodeIgniter\View\{closure}()
 4 SYSTEMPATH\Common.php(1137): CodeIgniter\View\View->render('Tip_tracking/report_rentang_list_tip', [], true)
 5 APPPATH\Controllers\Tip.php(279): view('Tip_tracking/report_rentang_list_tip', [...])
 6 SYSTEMPATH\CodeIgniter.php(904): App\Controllers\Tip->reportrentangBulan()
 7 SYSTEMPATH\CodeIgniter.php(457): CodeIgniter\CodeIgniter->runController(Object(App\Controllers\Tip))
 8 SYSTEMPATH\CodeIgniter.php(340): CodeIgniter\CodeIgniter->handleRequest(null, Object(Config\Cache), false)
 9 FCPATH\index.php(67): CodeIgniter\CodeIgniter->run()
10 SYSTEMPATH\Commands\Server\rewrite.php(43): require_once('FCPATH\\index.php')
CRITICAL - 2023-03-16 14:00:44 --> Allowed memory size of 536870912 bytes exhausted (tried to allocate 251674624 bytes)
in APPPATH\Views\Tip_tracking\report_rentang_list_tip.php on line 53.
 1 [internal function]: CodeIgniter\Debug\Exceptions->shutdownHandler()
CRITICAL - 2023-03-16 14:01:28 --> Allowed memory size of 536870912 bytes exhausted (tried to allocate 253771776 bytes)
in APPPATH\Views\Tip_tracking\report_rentang_list_tip.php on line 52.
 1 [internal function]: CodeIgniter\Debug\Exceptions->shutdownHandler()
CRITICAL - 2023-03-16 14:03:06 --> Allowed memory size of 536870912 bytes exhausted (tried to allocate 253771776 bytes)
in APPPATH\Views\Tip_tracking\report_rentang_list_tip.php on line 53.
 1 [internal function]: CodeIgniter\Debug\Exceptions->shutdownHandler()
CRITICAL - 2023-03-16 14:03:30 --> Allowed memory size of 536870912 bytes exhausted (tried to allocate 253771776 bytes)
in APPPATH\Views\Tip_tracking\report_rentang_list_tip.php on line 53.
 1 [internal function]: CodeIgniter\Debug\Exceptions->shutdownHandler()
CRITICAL - 2023-03-16 14:04:28 --> Array to string conversion
in APPPATH\Views\Tip_tracking\report_rentang_list_tip.php on line 56.
 1 APPPATH\Views\Tip_tracking\report_rentang_list_tip.php(56): CodeIgniter\Debug\Exceptions->errorHandler(8, 'Array to string conversion', 'APPPATH\\Views\\Tip_tracking\\report_rentang_list_tip.php', 56, [...])
 2 SYSTEMPATH\View\View.php(213): include('APPPATH\\Views\\Tip_tracking\\report_rentang_list_tip.php')
 3 SYSTEMPATH\View\View.php(216): CodeIgniter\View\View->CodeIgniter\View\{closure}()
 4 SYSTEMPATH\Common.php(1137): CodeIgniter\View\View->render('Tip_tracking/report_rentang_list_tip', [], true)
 5 APPPATH\Controllers\Tip.php(279): view('Tip_tracking/report_rentang_list_tip', [...])
 6 SYSTEMPATH\CodeIgniter.php(904): App\Controllers\Tip->reportrentangBulan()
 7 SYSTEMPATH\CodeIgniter.php(457): CodeIgniter\CodeIgniter->runController(Object(App\Controllers\Tip))
 8 SYSTEMPATH\CodeIgniter.php(340): CodeIgniter\CodeIgniter->handleRequest(null, Object(Config\Cache), false)
 9 FCPATH\index.php(67): CodeIgniter\CodeIgniter->run()
10 SYSTEMPATH\Commands\Server\rewrite.php(43): require_once('FCPATH\\index.php')
CRITICAL - 2023-03-16 14:04:46 --> in_array() expects parameter 2 to be array, string given
in APPPATH\Views\Tip_tracking\report_rentang_list_tip.php on line 58.
 1 [internal function]: CodeIgniter\Debug\Exceptions->errorHandler(2, 'in_array() expects parameter 2 to be array, string given', 'APPPATH\\Views\\Tip_tracking\\report_rentang_list_tip.php', 58, [...])
 2 APPPATH\Views\Tip_tracking\report_rentang_list_tip.php(58): in_array([...], '2023-03-01')
 3 SYSTEMPATH\View\View.php(213): include('APPPATH\\Views\\Tip_tracking\\report_rentang_list_tip.php')
 4 SYSTEMPATH\View\View.php(216): CodeIgniter\View\View->CodeIgniter\View\{closure}()
 5 SYSTEMPATH\Common.php(1137): CodeIgniter\View\View->render('Tip_tracking/report_rentang_list_tip', [], true)
 6 APPPATH\Controllers\Tip.php(279): view('Tip_tracking/report_rentang_list_tip', [...])
 7 SYSTEMPATH\CodeIgniter.php(904): App\Controllers\Tip->reportrentangBulan()
 8 SYSTEMPATH\CodeIgniter.php(457): CodeIgniter\CodeIgniter->runController(Object(App\Controllers\Tip))
 9 SYSTEMPATH\CodeIgniter.php(340): CodeIgniter\CodeIgniter->handleRequest(null, Object(Config\Cache), false)
10 FCPATH\index.php(67): CodeIgniter\CodeIgniter->run()
11 SYSTEMPATH\Commands\Server\rewrite.php(43): require_once('FCPATH\\index.php')
CRITICAL - 2023-03-16 14:05:48 --> Allowed memory size of 536870912 bytes exhausted (tried to allocate 253771776 bytes)
in APPPATH\Views\Tip_tracking\report_rentang_list_tip.php on line 58.
 1 [internal function]: CodeIgniter\Debug\Exceptions->shutdownHandler()
CRITICAL - 2023-03-16 14:07:04 --> Allowed memory size of 536870912 bytes exhausted (tried to allocate 253771776 bytes)
in APPPATH\Views\Tip_tracking\report_rentang_list_tip.php on line 58.
 1 [internal function]: CodeIgniter\Debug\Exceptions->shutdownHandler()
CRITICAL - 2023-03-16 20:28:49 --> Call to undefined method App\Models\AuthModel::cek_login
in SYSTEMPATH\Model.php on line 773.
 1 APPPATH\Controllers\Auth.php(34): CodeIgniter\Model->__call('cek_login', [...])
 2 SYSTEMPATH\CodeIgniter.php(904): App\Controllers\Auth->login()
 3 SYSTEMPATH\CodeIgniter.php(457): CodeIgniter\CodeIgniter->runController(Object(App\Controllers\Auth))
 4 SYSTEMPATH\CodeIgniter.php(340): CodeIgniter\CodeIgniter->handleRequest(null, Object(Config\Cache), false)
 5 FCPATH\index.php(67): CodeIgniter\CodeIgniter->run()
 6 SYSTEMPATH\Commands\Server\rewrite.php(43): require_once('FCPATH\\index.php')
CRITICAL - 2023-03-16 21:11:20 --> Undefined variable: data_user
in APPPATH\Views\auth\edit_profile.php on line 30.
 1 APPPATH\Views\auth\edit_profile.php(30): CodeIgniter\Debug\Exceptions->errorHandler(8, 'Undefined variable: data_user', 'APPPATH\\Views\\auth\\edit_profile.php', 30, [...])
 2 SYSTEMPATH\View\View.php(213): include('APPPATH\\Views\\auth\\edit_profile.php')
 3 SYSTEMPATH\View\View.php(216): CodeIgniter\View\View->CodeIgniter\View\{closure}()
 4 SYSTEMPATH\Common.php(1137): CodeIgniter\View\View->render('auth/edit_profile', [], true)
 5 APPPATH\Controllers\User.php(23): view('auth/edit_profile', [...])
 6 SYSTEMPATH\CodeIgniter.php(904): App\Controllers\User->edit_profile()
 7 SYSTEMPATH\CodeIgniter.php(457): CodeIgniter\CodeIgniter->runController(Object(App\Controllers\User))
 8 SYSTEMPATH\CodeIgniter.php(340): CodeIgniter\CodeIgniter->handleRequest(null, Object(Config\Cache), false)
 9 FCPATH\index.php(67): CodeIgniter\CodeIgniter->run()
10 SYSTEMPATH\Commands\Server\rewrite.php(43): require_once('FCPATH\\index.php')
CRITICAL - 2023-03-16 21:12:11 --> Undefined variable: data_user
in APPPATH\Views\auth\edit_profile.php on line 30.
 1 APPPATH\Views\auth\edit_profile.php(30): CodeIgniter\Debug\Exceptions->errorHandler(8, 'Undefined variable: data_user', 'APPPATH\\Views\\auth\\edit_profile.php', 30, [...])
 2 SYSTEMPATH\View\View.php(213): include('APPPATH\\Views\\auth\\edit_profile.php')
 3 SYSTEMPATH\View\View.php(216): CodeIgniter\View\View->CodeIgniter\View\{closure}()
 4 SYSTEMPATH\Common.php(1137): CodeIgniter\View\View->render('auth/edit_profile', [], true)
 5 APPPATH\Controllers\User.php(23): view('auth/edit_profile', [...])
 6 SYSTEMPATH\CodeIgniter.php(904): App\Controllers\User->edit_profile()
 7 SYSTEMPATH\CodeIgniter.php(457): CodeIgniter\CodeIgniter->runController(Object(App\Controllers\User))
 8 SYSTEMPATH\CodeIgniter.php(340): CodeIgniter\CodeIgniter->handleRequest(null, Object(Config\Cache), false)
 9 FCPATH\index.php(67): CodeIgniter\CodeIgniter->run()
10 SYSTEMPATH\Commands\Server\rewrite.php(43): require_once('FCPATH\\index.php')
CRITICAL - 2023-03-16 21:12:13 --> Undefined variable: data_user
in APPPATH\Views\auth\edit_profile.php on line 30.
 1 APPPATH\Views\auth\edit_profile.php(30): CodeIgniter\Debug\Exceptions->errorHandler(8, 'Undefined variable: data_user', 'APPPATH\\Views\\auth\\edit_profile.php', 30, [...])
 2 SYSTEMPATH\View\View.php(213): include('APPPATH\\Views\\auth\\edit_profile.php')
 3 SYSTEMPATH\View\View.php(216): CodeIgniter\View\View->CodeIgniter\View\{closure}()
 4 SYSTEMPATH\Common.php(1137): CodeIgniter\View\View->render('auth/edit_profile', [], true)
 5 APPPATH\Controllers\User.php(23): view('auth/edit_profile', [...])
 6 SYSTEMPATH\CodeIgniter.php(904): App\Controllers\User->edit_profile()
 7 SYSTEMPATH\CodeIgniter.php(457): CodeIgniter\CodeIgniter->runController(Object(App\Controllers\User))
 8 SYSTEMPATH\CodeIgniter.php(340): CodeIgniter\CodeIgniter->handleRequest(null, Object(Config\Cache), false)
 9 FCPATH\index.php(67): CodeIgniter\CodeIgniter->run()
10 SYSTEMPATH\Commands\Server\rewrite.php(43): require_once('FCPATH\\index.php')
CRITICAL - 2023-03-16 21:12:13 --> Undefined variable: data_user
in APPPATH\Views\auth\edit_profile.php on line 30.
 1 APPPATH\Views\auth\edit_profile.php(30): CodeIgniter\Debug\Exceptions->errorHandler(8, 'Undefined variable: data_user', 'APPPATH\\Views\\auth\\edit_profile.php', 30, [...])
 2 SYSTEMPATH\View\View.php(213): include('APPPATH\\Views\\auth\\edit_profile.php')
 3 SYSTEMPATH\View\View.php(216): CodeIgniter\View\View->CodeIgniter\View\{closure}()
 4 SYSTEMPATH\Common.php(1137): CodeIgniter\View\View->render('auth/edit_profile', [], true)
 5 APPPATH\Controllers\User.php(23): view('auth/edit_profile', [...])
 6 SYSTEMPATH\CodeIgniter.php(904): App\Controllers\User->edit_profile()
 7 SYSTEMPATH\CodeIgniter.php(457): CodeIgniter\CodeIgniter->runController(Object(App\Controllers\User))
 8 SYSTEMPATH\CodeIgniter.php(340): CodeIgniter\CodeIgniter->handleRequest(null, Object(Config\Cache), false)
 9 FCPATH\index.php(67): CodeIgniter\CodeIgniter->run()
10 SYSTEMPATH\Commands\Server\rewrite.php(43): require_once('FCPATH\\index.php')
CRITICAL - 2023-03-16 21:12:51 --> Cannot declare class App\Controllers\User, because the name is already in use
in APPPATH\Models\UserModel.php on line 7.
 1 [internal function]: CodeIgniter\Debug\Exceptions->shutdownHandler()
CRITICAL - 2023-03-16 21:14:46 --> You must set the database table to be used with your query.
in SYSTEMPATH\Database\BaseConnection.php on line 872.
 1 SYSTEMPATH\Model.php(586): CodeIgniter\Database\BaseConnection->table(null)
 2 SYSTEMPATH\Model.php(763): CodeIgniter\Model->builder()
 3 APPPATH\Controllers\User.php(20): CodeIgniter\Model->__call('getdataUser', [...])
 4 SYSTEMPATH\CodeIgniter.php(904): App\Controllers\User->dataUser()
 5 SYSTEMPATH\CodeIgniter.php(457): CodeIgniter\CodeIgniter->runController(Object(App\Controllers\User))
 6 SYSTEMPATH\CodeIgniter.php(340): CodeIgniter\CodeIgniter->handleRequest(null, Object(Config\Cache), false)
 7 FCPATH\index.php(67): CodeIgniter\CodeIgniter->run()
 8 SYSTEMPATH\Commands\Server\rewrite.php(43): require_once('FCPATH\\index.php')
